PRT1
212
568
4 0 19 (2048 2432 60 ) (2048 2432 128 ) (2048 2688 128 ) (2048 2688 60 ) 
4 0 9 (2128 2432 60 ) (2128 2432 128 ) (2048 2432 128 ) (2048 2432 60 ) 
4 0 7 (2112 2472 60 ) (2112 2432 60 ) (2110 2432 60 ) (2110 2472 60 ) 
4 0 5 (2112 2600 60 ) (2112 2548 60 ) (2110 2548 60 ) (2110 2600 60 ) 
4 0 6 (2112 2536 60 ) (2112 2484 60 ) (2110 2484 60 ) (2110 2536 60 ) 
4 0 4 (2110 2688 60 ) (2112 2688 60 ) (2112 2612 60 ) (2110 2612 60 ) 
4 0 3 (2106.800049 2688 60 ) (2110 2688 60 ) (2110 2432 60 ) (2106.800049 2432 60 ) 
4 0 2 (2048 2688 60 ) (2106.800049 2688 60 ) (2106.800049 2432 60 ) (2048 2432 60 ) 
4 0 1 (2112 2688 60 ) (2128 2688 60 ) (2128 2432 60 ) (2112 2432 60 ) 
4 1 9 (2128 2432 44 ) (2128 2432 60 ) (2112 2432 60 ) (2112 2432 44 ) 
4 1 8 (2112 2688 44 ) (2128 2688 44 ) (2128 2432 44 ) (2112 2432 44 ) 
4 1 7 (2112 2472 44 ) (2112 2432 44 ) (2112 2432 60 ) (2112 2472 60 ) 
4 1 5 (2112 2600 44 ) (2112 2548 44 ) (2112 2548 60 ) (2112 2600 60 ) 
4 1 6 (2112 2536 44 ) (2112 2484 44 ) (2112 2484 60 ) (2112 2536 60 ) 
4 1 4 (2112 2688 44 ) (2112 2612 44 ) (2112 2612 60 ) (2112 2688 60 ) 
4 2 21 (2048 2432 44 ) (2048 2432 60 ) (2048 2688 60 ) (2048 2688 44 ) 
4 2 9 (2106.800049 2432 60 ) (2048 2432 60 ) (2048 2432 44 ) (2110 2432 44 ) 
4 2 8 (2048 2688 44 ) (2110 2688 44 ) (2110 2432 44 ) (2048 2432 44 ) 
4 2 7 (2110 2432 44 ) (2110 2472 44 ) (2108 2472 53.998371 ) (2108 2432 53.998371 ) 
4 2 5 (2110 2548 44 ) (2110 2600 44 ) (2108 2600 53.998371 ) (2108 2548 53.998371 ) 
4 2 6 (2110 2484 44 ) (2110 2536 44 ) (2108 2536 53.998371 ) (2108 2484 53.998371 ) 
4 2 4 (2110 2612 44 ) (2110 2688 44 ) (2108 2688 53.998371 ) (2108 2612 53.998371 ) 
4 2 3 (2108 2688 53.998371 ) (2106.799072 2688 60 ) (2106.799072 2432 60 ) (2108 2432 53.998371 ) 
3 3 9 (2110 2432 60 ) (2106.800049 2432 60 ) (2108 2432 54 ) 
4 3 7 (2108 2432 54 ) (2108 2472 54 ) (2110 2472 60 ) (2110 2432 60 ) 
4 3 5 (2108 2548 54 ) (2108 2600 54 ) (2110 2600 60 ) (2110 2548 60 ) 
4 3 6 (2108 2484 54 ) (2108 2536 54 ) (2110 2536 60 ) (2110 2484 60 ) 
4 3 4 (2108 2612 54 ) (2108 2688 54 ) (2110 2688 60 ) (2110 2612 60 ) 
4 4 8 (2110 2688 44 ) (2112 2688 44 ) (2112 2612 44 ) (2110 2612 44 ) 
4 5 8 (2112 2600 44 ) (2112 2548 44 ) (2110 2548 44 ) (2110 2600 44 ) 
4 6 8 (2112 2536 44 ) (2112 2484 44 ) (2110 2484 44 ) (2110 2536 44 ) 
5 7 9 (2112 2432 60 ) (2110 2432 60 ) (2108 2432 54 ) (2110 2432 44 ) (2112 2432 44 ) 
4 7 8 (2112 2472 44 ) (2112 2432 44 ) (2110 2432 44 ) (2110 2472 44 ) 
4 8 41 (2048 2432 0 ) (2048 2432 44 ) (2048 2688 44 ) (2048 2688 0 ) 
4 8 9 (2128 2432 0 ) (2128 2432 44 ) (2048 2432 44 ) (2048 2432 0 ) 
4 9 46 (2048 2304 44 ) (2048 2304 60 ) (2048 2432 60 ) (2048 2432 44 ) 
4 9 45 (2048 2304 60 ) (2048 2304 128 ) (2048 2432 128 ) (2048 2432 60 ) 
4 9 52 (2048 2304 0 ) (2048 2304 44 ) (2048 2432 44 ) (2048 2432 0 ) 
4 9 18 (2048 2304 44 ) (2048 2304 0 ) (2128 2304 0 ) (2128 2304 44 ) 
5 9 14 (2110 2304 44 ) (2112 2304 44 ) (2112 2304 60 ) (2110 2304 60 ) (2108 2304 54 ) 
3 9 13 (2110 2304 60 ) (2106.800049 2304 60 ) (2108 2304 54 ) 
4 9 12 (2048 2304 60 ) (2048 2304 44 ) (2110 2304 44 ) (2106.800049 2304 60 ) 
4 9 11 (2112 2304 44 ) (2128 2304 44 ) (2128 2304 60 ) (2112 2304 60 ) 
4 9 10 (2048 2304 128 ) (2048 2304 60 ) (2128 2304 60 ) (2128 2304 128 ) 
4 10 45 (2048 2048 60 ) (2048 2048 128 ) (2048 2304 128 ) (2048 2304 60 ) 
4 10 17 (2112 2088 60 ) (2112 2048 60 ) (2110 2048 60 ) (2110 2088 60 ) 
4 10 15 (2112 2216 60 ) (2112 2164 60 ) (2110 2164 60 ) (2110 2216 60 ) 
4 10 16 (2112 2152 60 ) (2112 2100 60 ) (2110 2100 60 ) (2110 2152 60 ) 
4 10 14 (2110 2304 60 ) (2112 2304 60 ) (2112 2228 60 ) (2110 2228 60 ) 
4 10 13 (2106.800049 2304 60 ) (2110 2304 60 ) (2110 2048 60 ) (2106.800049 2048 60 ) 
4 10 12 (2048 2304 60 ) (2106.800049 2304 60 ) (2106.800049 2048 60 ) (2048 2048 60 ) 
4 10 11 (2112 2304 60 ) (2128 2304 60 ) (2128 2048 60 ) (2112 2048 60 ) 
4 11 18 (2112 2304 44 ) (2128 2304 44 ) (2128 2048 44 ) (2112 2048 44 ) 
4 11 17 (2112 2088 44 ) (2112 2048 44 ) (2112 2048 60 ) (2112 2088 60 ) 
4 11 15 (2112 2216 44 ) (2112 2164 44 ) (2112 2164 60 ) (2112 2216 60 ) 
4 11 16 (2112 2152 44 ) (2112 2100 44 ) (2112 2100 60 ) (2112 2152 60 ) 
4 11 14 (2112 2304 44 ) (2112 2228 44 ) (2112 2228 60 ) (2112 2304 60 ) 
4 12 46 (2048 2048 44 ) (2048 2048 60 ) (2048 2304 60 ) (2048 2304 44 ) 
4 12 18 (2048 2048 44 ) (2048 2304 44 ) (2110 2304 44 ) (2110 2048 44 ) 
4 12 17 (2110 2048 44 ) (2110 2088 44 ) (2108 2088 53.998371 ) (2108 2048 53.998371 ) 
4 12 15 (2110 2164 44 ) (2110 2216 44 ) (2108 2216 53.998371 ) (2108 2164 53.998371 ) 
4 12 16 (2110 2100 44 ) (2110 2152 44 ) (2108 2152 53.998371 ) (2108 2100 53.998371 ) 
4 12 14 (2110 2228 44 ) (2110 2304 44 ) (2108 2304 53.998371 ) (2108 2228 53.998371 ) 
4 12 13 (2108 2304 53.998371 ) (2106.799072 2304 60 ) (2106.799072 2048 60 ) (2108 2048 53.998371 ) 
4 13 17 (2108 2048 54 ) (2108 2088 54 ) (2110 2088 60 ) (2110 2048 60 ) 
4 13 15 (2108 2164 54 ) (2108 2216 54 ) (2110 2216 60 ) (2110 2164 60 ) 
4 13 16 (2108 2100 54 ) (2108 2152 54 ) (2110 2152 60 ) (2110 2100 60 ) 
4 13 14 (2108 2228 54 ) (2108 2304 54 ) (2110 2304 60 ) (2110 2228 60 ) 
4 14 18 (2110 2304 44 ) (2112 2304 44 ) (2112 2228 44 ) (2110 2228 44 ) 
4 15 18 (2112 2216 44 ) (2112 2164 44 ) (2110 2164 44 ) (2110 2216 44 ) 
4 16 18 (2112 2152 44 ) (2112 2100 44 ) (2110 2100 44 ) (2110 2152 44 ) 
4 17 18 (2112 2088 44 ) (2112 2048 44 ) (2110 2048 44 ) (2110 2088 44 ) 
4 18 52 (2048 2048 0 ) (2048 2048 44 ) (2048 2304 44 ) (2048 2304 0 ) 
4 19 53 (1968 2432 60 ) (1984 2432 60 ) (1984 2432 128 ) (1968 2432 128 ) 
4 19 45 (1984 2432 60 ) (2048 2432 60 ) (2048 2432 128 ) (1984 2432 128 ) 
4 19 27 (1984 2432 60 ) (1968 2432 60 ) (1968 2688 60 ) (1984 2688 60 ) 
4 19 26 (1986 2432 60 ) (1984 2432 60 ) (1984 2508 60 ) (1986 2508 60 ) 
4 19 24 (1984 2584 60 ) (1984 2636 60 ) (1986 2636 60 ) (1986 2584 60 ) 
4 19 25 (1984 2520 60 ) (1984 2572 60 ) (1986 2572 60 ) (1986 2520 60 ) 
4 19 23 (1984 2648 60 ) (1984 2688 60 ) (1986 2688 60 ) (1986 2648 60 ) 
4 19 22 (1989.199951 2432 60 ) (1986 2432 60 ) (1986 2688 60 ) (1989.199951 2688 60 ) 
4 19 21 (2048 2432 60 ) (1989.199951 2432 60 ) (1989.199951 2688 60 ) (2048 2688 60 ) 
4 20 69 (1712 2432 60 ) (1728 2432 60 ) (1728 2432 128 ) (1712 2432 128 ) 
4 20 56 (1728 2432 60 ) (1856 2432 60 ) (1856 2432 128 ) (1728 2432 128 ) 
4 20 55 (1856 2432 60 ) (1872 2432 60 ) (1872 2432 128 ) (1856 2432 128 ) 
4 20 40 (1728 2432 60 ) (1712 2432 60 ) (1712 2688 60 ) (1728 2688 60 ) 
4 20 39 (1730 2432 60 ) (1728 2432 60 ) (1728 2508 60 ) (1730 2508 60 ) 
4 20 37 (1728 2584 60 ) (1728 2636 60 ) (1730 2636 60 ) (1730 2584 60 ) 
4 20 38 (1728 2520 60 ) (1728 2572 60 ) (1730 2572 60 ) (1730 2520 60 ) 
4 20 36 (1728 2648 60 ) (1728 2688 60 ) (1730 2688 60 ) (1730 2648 60 ) 
4 20 35 (1733.199951 2432 60 ) (1730 2432 60 ) (1730 2688 60 ) (1733.199951 2688 60 ) 
4 20 34 (1856 2432 60 ) (1854 2432 60 ) (1854 2472 60 ) (1856 2472 60 ) 
4 20 32 (1854 2548 60 ) (1854 2600 60 ) (1856 2600 60 ) (1856 2548 60 ) 
4 20 33 (1854 2484 60 ) (1854 2536 60 ) (1856 2536 60 ) (1856 2484 60 ) 
4 20 31 (1854 2612 60 ) (1854 2688 60 ) (1856 2688 60 ) (1856 2612 60 ) 
4 20 30 (1854 2432 60 ) (1850.800049 2432 60 ) (1850.800049 2688 60 ) (1854 2688 60 ) 
4 20 29 (1850.800049 2432 60 ) (1733.199951 2432 60 ) (1733.199951 2688 60 ) (1850.800049 2688 60 ) 
4 20 28 (1872 2432 60 ) (1856 2432 60 ) (1856 2688 60 ) (1872 2688 60 ) 
4 21 46 (1986 2432 44 ) (2048 2432 44 ) (2048 2432 60 ) (1989.199951 2432 60 ) 
4 21 41 (2048 2432 44 ) (1986 2432 44 ) (1986 2688 44 ) (2048 2688 44 ) 
4 21 26 (1986 2508 44 ) (1986 2432 44 ) (1988 2432 54.001419 ) (1988 2508 54.001419 ) 
4 21 24 (1986 2636 44 ) (1986 2584 44 ) (1988 2584 54.001419 ) (1988 2636 54.001419 ) 
4 21 25 (1986 2572 44 ) (1986 2520 44 ) (1988 2520 54.001419 ) (1988 2572 54.001419 ) 
4 21 23 (1986 2688 44 ) (1986 2648 44 ) (1988 2648 54.001419 ) (1988 2688 54.001419 ) 
4 21 22 (1988 2432 54.001419 ) (1989.199219 2432 60 ) (1989.199219 2688 60 ) (1988 2688 54.001419 ) 
3 22 47 (1988 2432 54 ) (1989.199951 2432 60 ) (1986 2432 60 ) 
4 22 26 (1988 2508 54.002029 ) (1988 2432 54.002026 ) (1986 2432 60 ) (1986 2508 60 ) 
4 22 24 (1988 2636 54.002033 ) (1988 2584 54.002029 ) (1986 2584 60 ) (1986 2636 60 ) 
4 22 25 (1988 2572 54.002029 ) (1988 2520 54.002029 ) (1986 2520 60 ) (1986 2572 60 ) 
4 22 23 (1988 2688 54.002033 ) (1988 2648 54.002033 ) (1986 2648 60 ) (1986 2688 60 ) 
4 23 41 (1984 2648 44 ) (1984 2688 44 ) (1986 2688 44 ) (1986 2648 44 ) 
4 23 27 (1984 2688 44 ) (1984 2648 44 ) (1984 2648 60 ) (1984 2688 60 ) 
4 24 41 (1984 2584 44 ) (1984 2636 44 ) (1986 2636 44 ) (1986 2584 44 ) 
4 24 27 (1984 2636 44 ) (1984 2584 44 ) (1984 2584 60 ) (1984 2636 60 ) 
4 25 41 (1984 2520 44 ) (1984 2572 44 ) (1986 2572 44 ) (1986 2520 44 ) 
4 25 27 (1984 2572 44 ) (1984 2520 44 ) (1984 2520 60 ) (1984 2572 60 ) 
5 26 48 (1984 2432 44 ) (1986 2432 44 ) (1988 2432 54 ) (1986 2432 60 ) (1984 2432 60 ) 
4 26 41 (1986 2432 44 ) (1984 2432 44 ) (1984 2508 44 ) (1986 2508 44 ) 
4 26 27 (1984 2508 44 ) (1984 2432 44 ) (1984 2432 60 ) (1984 2508 60 ) 
4 27 53 (1968 2432 44 ) (1984 2432 44 ) (1984 2432 60 ) (1968 2432 60 ) 
4 27 41 (1984 2432 44 ) (1968 2432 44 ) (1968 2688 44 ) (1984 2688 44 ) 
4 28 55 (1856 2432 44 ) (1872 2432 44 ) (1872 2432 60 ) (1856 2432 60 ) 
4 28 42 (1872 2432 44 ) (1856 2432 44 ) (1856 2688 44 ) (1872 2688 44 ) 
4 28 34 (1856 2472 44 ) (1856 2432 44 ) (1856 2432 60 ) (1856 2472 60 ) 
4 28 32 (1856 2600 44 ) (1856 2548 44 ) (1856 2548 60 ) (1856 2600 60 ) 
4 28 33 (1856 2536 44 ) (1856 2484 44 ) (1856 2484 60 ) (1856 2536 60 ) 
4 28 31 (1856 2688 44 ) (1856 2612 44 ) (1856 2612 60 ) (1856 2688 60 ) 
4 29 57 (1730 2432 44 ) (1854 2432 44 ) (1850.800049 2432 60 ) (1733.199951 2432 60 ) 
4 29 42 (1854 2432 44 ) (1730 2432 44 ) (1730 2688 44 ) (1854 2688 44 ) 
4 29 39 (1730 2508 44 ) (1730 2432 44 ) (1732 2432 54 ) (1732 2508 54 ) 
4 29 37 (1730 2636 44 ) (1730 2584 44 ) (1732 2584 54 ) (1732 2636 54 ) 
4 29 38 (1730 2572 44 ) (1730 2520 44 ) (1732 2520 54 ) (1732 2572 54 ) 
4 29 36 (1730 2688 44 ) (1730 2648 44 ) (1732 2648 54 ) (1732 2688 54 ) 
4 29 35 (1732 2432 54 ) (1733.199951 2432 60 ) (1733.199951 2688 60 ) (1732 2688 54 ) 
4 29 34 (1854 2432 44 ) (1854 2472 44 ) (1852 2472 53.998432 ) (1852 2432 53.998432 ) 
4 29 32 (1854 2548 44 ) (1854 2600 44 ) (1852 2600 53.998432 ) (1852 2548 53.998432 ) 
4 29 33 (1854 2484 44 ) (1854 2536 44 ) (1852 2536 53.998432 ) (1852 2484 53.998432 ) 
4 29 31 (1854 2612 44 ) (1854 2688 44 ) (1852 2688 53.998432 ) (1852 2612 53.998432 ) 
4 29 30 (1852 2688 53.998432 ) (1850.799194 2688 60 ) (1850.799194 2432 60 ) (1852 2432 53.998432 ) 
3 30 58 (1854 2432 60 ) (1850.800049 2432 60 ) (1852 2432 54 ) 
4 30 34 (1852 2432 53.998119 ) (1852 2472 53.998119 ) (1854 2472 60 ) (1854 2432 60 ) 
4 30 32 (1852 2548 53.998119 ) (1852 2600 53.998123 ) (1854 2600 60 ) (1854 2548 60 ) 
4 30 33 (1852 2484 53.998119 ) (1852 2536 53.998119 ) (1854 2536 60 ) (1854 2484 60 ) 
4 30 31 (1852 2612 53.998123 ) (1852 2688 53.998127 ) (1854 2688 60 ) (1854 2612 60 ) 
4 31 42 (1854 2612 44 ) (1854 2688 44 ) (1856 2688 44 ) (1856 2612 44 ) 
4 32 42 (1854 2548 44 ) (1854 2600 44 ) (1856 2600 44 ) (1856 2548 44 ) 
4 33 42 (1854 2484 44 ) (1854 2536 44 ) (1856 2536 44 ) (1856 2484 44 ) 
5 34 59 (1854 2432 44 ) (1856 2432 44 ) (1856 2432 60 ) (1854 2432 60 ) (1852 2432 54 ) 
4 34 42 (1856 2432 44 ) (1854 2432 44 ) (1854 2472 44 ) (1856 2472 44 ) 
3 35 63 (1732 2432 54 ) (1733.199951 2432 60 ) (1730 2432 60 ) 
4 35 39 (1732.001953 2508 53.992188 ) (1732.001953 2432 53.992188 ) (1730 2432 60 ) (1730 2508 60 ) 
4 35 37 (1732.001953 2636 53.992188 ) (1732.001953 2584 53.992188 ) (1730 2584 60 ) (1730 2636 60 ) 
4 35 38 (1732.001953 2572 53.992188 ) (1732.001953 2520 53.992188 ) (1730 2520 60 ) (1730 2572 60 ) 
4 35 36 (1732.001953 2688 53.992188 ) (1732.001953 2648 53.992188 ) (1730 2648 60 ) (1730 2688 60 ) 
4 36 42 (1728 2648 44 ) (1728 2688 44 ) (1730 2688 44 ) (1730 2648 44 ) 
4 36 40 (1728 2688 44 ) (1728 2648 44 ) (1728 2648 60 ) (1728 2688 60 ) 
4 37 42 (1728 2584 44 ) (1728 2636 44 ) (1730 2636 44 ) (1730 2584 44 ) 
4 37 40 (1728 2636 44 ) (1728 2584 44 ) (1728 2584 60 ) (1728 2636 60 ) 
4 38 42 (1728 2520 44 ) (1728 2572 44 ) (1730 2572 44 ) (1730 2520 44 ) 
4 38 40 (1728 2572 44 ) (1728 2520 44 ) (1728 2520 60 ) (1728 2572 60 ) 
5 39 64 (1728 2432 44 ) (1730 2432 44 ) (1732 2432 54 ) (1730 2432 60 ) (1728 2432 60 ) 
4 39 42 (1730 2432 44 ) (1728 2432 44 ) (1728 2508 44 ) (1730 2508 44 ) 
4 39 40 (1728 2508 44 ) (1728 2432 44 ) (1728 2432 60 ) (1728 2508 60 ) 
4 40 69 (1712 2432 44 ) (1728 2432 44 ) (1728 2432 60 ) (1712 2432 60 ) 
4 40 42 (1728 2432 44 ) (1712 2432 44 ) (1712 2688 44 ) (1728 2688 44 ) 
4 41 53 (1968 2432 0 ) (1984 2432 0 ) (1984 2432 44 ) (1968 2432 44 ) 
4 41 52 (1984 2432 0 ) (2048 2432 0 ) (2048 2432 44 ) (1984 2432 44 ) 
4 42 69 (1712 2432 0 ) (1728 2432 0 ) (1728 2432 44 ) (1712 2432 44 ) 
4 42 68 (1728 2432 0 ) (1856 2432 0 ) (1856 2432 44 ) (1728 2432 44 ) 
4 42 55 (1856 2432 0 ) (1872 2432 0 ) (1872 2432 44 ) (1856 2432 44 ) 
4 43 72 (1536 2048 128 ) (1664 2048 128 ) (1664 2048 176 ) (1536 2048 176 ) 
4 43 71 (1536 2432 128 ) (1664 2432 128 ) (1664 2048 128 ) (1536 2048 128 ) 
4 43 44 (1536 2432 128 ) (1536 2048 128 ) (1536 2048 176 ) (1536 2432 176 ) 
4 44 133 (1024 2048 128 ) (1024 2048 256 ) (1024 2368 256 ) (1024 2368 128 ) 
4 44 73 (1024 2048 256 ) (1024 2048 128 ) (1536 2048 128 ) (1536 2048 256 ) 
4 44 71 (1024 2432 128 ) (1536 2432 128 ) (1536 2048 128 ) (1024 2048 128 ) 
4 45 53 (1984 2048 60 ) (1984 2048 128 ) (1984 2432 128 ) (1984 2432 60 ) 
4 45 51 (1984 2048 60 ) (1984 2124 60 ) (1986 2124 60 ) (1986 2048 60 ) 
4 45 49 (1984 2200 60 ) (1984 2252 60 ) (1986 2252 60 ) (1986 2200 60 ) 
4 45 50 (1984 2136 60 ) (1984 2188 60 ) (1986 2188 60 ) (1986 2136 60 ) 
4 45 48 (1984 2264 60 ) (1984 2432 60 ) (1986 2432 60 ) (1986 2264 60 ) 
4 45 47 (1986 2432 60 ) (1989.199951 2432 60 ) (1989.199951 2048 60 ) (1986 2048 60 ) 
4 45 46 (1989.199951 2432 60 ) (2048 2432 60 ) (2048 2048 60 ) (1989.199951 2048 60 ) 
4 46 51 (1986 2124 44 ) (1986 2048 44 ) (1988 2048 54.001507 ) (1988 2124 54.001507 ) 
4 46 49 (1986 2252 44 ) (1986 2200 44 ) (1988 2200 54.001507 ) (1988 2252 54.001507 ) 
4 46 50 (1986 2188 44 ) (1986 2136 44 ) (1988 2136 54.001507 ) (1988 2188 54.001507 ) 
4 46 48 (1986 2432 44 ) (1986 2264 44 ) (1988 2264 54.001507 ) (1988 2432 54.001507 ) 
4 46 47 (1988 2048 54.001507 ) (1989.199219 2048 60 ) (1989.199219 2432 60 ) (1988 2432 54.001507 ) 
4 46 52 (2048 2048 44 ) (1986 2048 44 ) (1986 2432 44 ) (2048 2432 44 ) 
4 47 51 (1988 2124 54.002018 ) (1988 2048 54.002014 ) (1986 2048 60 ) (1986 2124 60 ) 
4 47 49 (1988 2252 54.002022 ) (1988 2200 54.002018 ) (1986 2200 60 ) (1986 2252 60 ) 
4 47 50 (1988 2188 54.002018 ) (1988 2136 54.002018 ) (1986 2136 60 ) (1986 2188 60 ) 
4 47 48 (1988 2432 54.002026 ) (1988 2264 54.002022 ) (1986 2264 60 ) (1986 2432 60 ) 
4 48 53 (1984 2264 60 ) (1984 2432 60 ) (1984 2432 44 ) (1984 2264 44 ) 
4 48 52 (1984 2264 44 ) (1984 2432 44 ) (1986 2432 44 ) (1986 2264 44 ) 
4 49 53 (1984 2200 60 ) (1984 2252 60 ) (1984 2252 44 ) (1984 2200 44 ) 
4 49 52 (1984 2200 44 ) (1984 2252 44 ) (1986 2252 44 ) (1986 2200 44 ) 
4 50 53 (1984 2136 60 ) (1984 2188 60 ) (1984 2188 44 ) (1984 2136 44 ) 
4 50 52 (1984 2136 44 ) (1984 2188 44 ) (1986 2188 44 ) (1986 2136 44 ) 
4 51 53 (1984 2048 44 ) (1984 2048 60 ) (1984 2124 60 ) (1984 2124 44 ) 
4 51 52 (1986 2048 44 ) (1984 2048 44 ) (1984 2124 44 ) (1986 2124 44 ) 
4 52 53 (1984 2432 0 ) (1984 2048 0 ) (1984 2048 44 ) (1984 2432 44 ) 
4 53 54 (1968 2432 0 ) (1968 2304 0 ) (1968 2304 128 ) (1968 2432 128 ) 
4 54 55 (1872 2432 0 ) (1872 2304 0 ) (1872 2304 128 ) (1872 2432 128 ) 
4 55 62 (1856 2048 44 ) (1856 2048 60 ) (1856 2088 60 ) (1856 2088 44 ) 
4 55 60 (1856 2164 60 ) (1856 2216 60 ) (1856 2216 44 ) (1856 2164 44 ) 
4 55 61 (1856 2100 60 ) (1856 2152 60 ) (1856 2152 44 ) (1856 2100 44 ) 
4 55 59 (1856 2228 60 ) (1856 2432 60 ) (1856 2432 44 ) (1856 2228 44 ) 
4 55 56 (1856 2048 60 ) (1856 2048 128 ) (1856 2432 128 ) (1856 2432 60 ) 
4 55 68 (1856 2432 0 ) (1856 2048 0 ) (1856 2048 44 ) (1856 2432 44 ) 
4 56 69 (1728 2048 60 ) (1728 2048 128 ) (1728 2432 128 ) (1728 2432 60 ) 
4 56 67 (1728 2048 60 ) (1728 2124 60 ) (1730 2124 60 ) (1730 2048 60 ) 
4 56 65 (1728 2200 60 ) (1728 2252 60 ) (1730 2252 60 ) (1730 2200 60 ) 
4 56 66 (1728 2136 60 ) (1728 2188 60 ) (1730 2188 60 ) (1730 2136 60 ) 
4 56 64 (1728 2264 60 ) (1728 2432 60 ) (1730 2432 60 ) (1730 2264 60 ) 
4 56 63 (1730 2432 60 ) (1733.199951 2432 60 ) (1733.199951 2048 60 ) (1730 2048 60 ) 
4 56 62 (1856 2088 60 ) (1856 2048 60 ) (1854 2048 60 ) (1854 2088 60 ) 
4 56 60 (1856 2216 60 ) (1856 2164 60 ) (1854 2164 60 ) (1854 2216 60 ) 
4 56 61 (1856 2152 60 ) (1856 2100 60 ) (1854 2100 60 ) (1854 2152 60 ) 
4 56 59 (1854 2432 60 ) (1856 2432 60 ) (1856 2228 60 ) (1854 2228 60 ) 
4 56 58 (1850.800049 2432 60 ) (1854 2432 60 ) (1854 2048 60 ) (1850.800049 2048 60 ) 
4 56 57 (1733.199951 2432 60 ) (1850.800049 2432 60 ) (1850.800049 2048 60 ) (1733.199951 2048 60 ) 
4 57 67 (1730 2124 44 ) (1730 2048 44 ) (1732 2048 54 ) (1732 2124 54 ) 
4 57 65 (1730 2252 44 ) (1730 2200 44 ) (1732 2200 54 ) (1732 2252 54 ) 
4 57 66 (1730 2188 44 ) (1730 2136 44 ) (1732 2136 54 ) (1732 2188 54 ) 
4 57 64 (1730 2432 44 ) (1730 2264 44 ) (1732 2264 54 ) (1732 2432 54 ) 
4 57 63 (1732 2048 54 ) (1733.200195 2048 60 ) (1733.200195 2432 60 ) (1732 2432 54 ) 
4 57 62 (1854 2048 44 ) (1854 2088 44 ) (1852 2088 53.998856 ) (1852 2048 53.998856 ) 
4 57 60 (1854 2164 44 ) (1854 2216 44 ) (1852 2216 53.998856 ) (1852 2164 53.998856 ) 
4 57 61 (1854 2100 44 ) (1854 2152 44 ) (1852 2152 53.998856 ) (1852 2100 53.998856 ) 
4 57 59 (1854 2228 44 ) (1854 2432 44 ) (1852 2432 53.998856 ) (1852 2228 53.998856 ) 
4 57 58 (1852 2432 53.998856 ) (1850.799438 2432 60 ) (1850.799438 2048 60 ) (1852 2048 53.998856 ) 
4 57 68 (1730 2432 44 ) (1854 2432 44 ) (1854 2048 44 ) (1730 2048 44 ) 
4 58 62 (1852 2048 53.998108 ) (1852 2088 53.998108 ) (1854 2088 60 ) (1854 2048 60 ) 
4 58 60 (1852 2164 53.998108 ) (1852 2216 53.998112 ) (1854 2216 60 ) (1854 2164 60 ) 
4 58 61 (1852 2100 53.998108 ) (1852 2152 53.998108 ) (1854 2152 60 ) (1854 2100 60 ) 
4 58 59 (1852 2228 53.998112 ) (1852 2432 53.998119 ) (1854 2432 60 ) (1854 2228 60 ) 
4 59 68 (1854 2432 44 ) (1856 2432 44 ) (1856 2228 44 ) (1854 2228 44 ) 
4 60 68 (1856 2216 44 ) (1856 2164 44 ) (1854 2164 44 ) (1854 2216 44 ) 
4 61 68 (1856 2152 44 ) (1856 2100 44 ) (1854 2100 44 ) (1854 2152 44 ) 
4 62 68 (1856 2088 44 ) (1856 2048 44 ) (1854 2048 44 ) (1854 2088 44 ) 
4 63 67 (1732.001953 2124 53.992188 ) (1732.001953 2048 53.992188 ) (1730 2048 60 ) (1730 2124 60 ) 
4 63 65 (1732.001953 2252 53.992188 ) (1732.001953 2200 53.992188 ) (1730 2200 60 ) (1730 2252 60 ) 
4 63 66 (1732.001953 2188 53.992188 ) (1732.001953 2136 53.992188 ) (1730 2136 60 ) (1730 2188 60 ) 
4 63 64 (1732.001953 2432 53.992188 ) (1732.001953 2264 53.992188 ) (1730 2264 60 ) (1730 2432 60 ) 
4 64 69 (1728 2264 60 ) (1728 2432 60 ) (1728 2432 44 ) (1728 2264 44 ) 
4 64 68 (1728 2264 44 ) (1728 2432 44 ) (1730 2432 44 ) (1730 2264 44 ) 
4 65 69 (1728 2200 60 ) (1728 2252 60 ) (1728 2252 44 ) (1728 2200 44 ) 
4 65 68 (1728 2200 44 ) (1728 2252 44 ) (1730 2252 44 ) (1730 2200 44 ) 
4 66 69 (1728 2136 60 ) (1728 2188 60 ) (1728 2188 44 ) (1728 2136 44 ) 
4 66 68 (1728 2136 44 ) (1728 2188 44 ) (1730 2188 44 ) (1730 2136 44 ) 
4 67 69 (1728 2048 44 ) (1728 2048 60 ) (1728 2124 60 ) (1728 2124 44 ) 
4 67 68 (1728 2048 44 ) (1728 2124 44 ) (1730 2124 44 ) (1730 2048 44 ) 
4 68 69 (1728 2432 0 ) (1728 2048 0 ) (1728 2048 44 ) (1728 2432 44 ) 
4 69 70 (1712 2432 0 ) (1712 2304 0 ) (1712 2304 128 ) (1712 2432 128 ) 
4 70 71 (1664 2432 0 ) (1664 2304 0 ) (1664 2304 128 ) (1664 2432 128 ) 
4 71 133 (1024 2048 0 ) (1024 2048 128 ) (1024 2368 128 ) (1024 2368 0 ) 
4 71 73 (1024 2048 128 ) (1024 2048 0 ) (1536 2048 0 ) (1536 2048 128 ) 
4 71 72 (1536 2048 0 ) (1664 2048 0 ) (1664 2048 128 ) (1536 2048 128 ) 
4 72 73 (1536 2048 176 ) (1536 2048 0 ) (1536 1920 0 ) (1536 1920 176 ) 
4 73 138 (1024 1920 0 ) (1024 1920 176 ) (1024 2048 176 ) (1024 2048 0 ) 
4 73 136 (1024 1920 176 ) (1024 1920 256 ) (1024 2048 256 ) (1024 2048 176 ) 
3 74 84 (2364 -732 0 ) (2392.008301 -708.300598 0 ) (2426 -698 0 ) 
3 74 85 (2392.008301 -708.300598 0 ) (2420.346191 -684.322449 0 ) (2492 -678 0 ) 
3 74 86 (2420.346191 -684.322449 0 ) (2434.909180 -672 0 ) (2560 -672 0 ) 
6 74 87 (2321.454590 -768 0 ) (2234.129150 -768 0 ) (2266 -730 0 ) (2328 -678 0 ) (2339.368164 -672 0 ) (2434.909180 -672 0 ) 
6 74 83 (3072 -608 0 ) (3072 -672 0 ) (2339.368408 -672 0 ) (2400 -640 0 ) (2478 -616 0 ) (2560 -608 0 ) 
4 74 82 (2118.727295 -768 0 ) (2376.666748 -768 0 ) (2376.666748 -768 160 ) (2118.727295 -768 160 ) 
4 74 80 (2522 -768 0 ) (2560 -768 0 ) (2560 -768 160 ) (2522 -768 160 ) 
4 74 81 (2376.666748 -768 0 ) (2522 -768 0 ) (2522 -768 160 ) (2376.666748 -768 160 ) 
4 75 82 (2331.200928 -904.398926 0 ) (2324.001465 -925.997070 0 ) (2323.998291 -926.002991 160 ) (2331.198975 -904.401489 160 ) 
4 75 78 (2348.009277 -881.982910 0 ) (2331.202881 -904.391418 0 ) (2331.202881 -904.391418 160 ) (2348.009277 -881.982910 160 ) 
4 76 77 (2440.400879 -795.199646 160 ) (2440.400879 -795.199646 0 ) (2418.001221 -812 0 ) (2418.001221 -812 160 ) 
4 76 81 (2461.997803 -788.001160 0 ) (2440.398926 -795.200867 0 ) (2440.398926 -795.200867 160 ) (2461.997803 -788.001160 160 ) 
4 77 78 (2403.995605 -807.334717 160 ) (2403.995605 -807.334717 0 ) (2377.991943 -842.006042 0 ) (2377.991943 -842.006042 160 ) 
4 77 81 (2440.398926 -795.200867 0 ) (2404 -807.334045 0 ) (2404 -807.334045 160 ) (2440.398926 -795.200867 160 ) 
4 78 82 (2358.500488 -822.499756 0 ) (2331.200928 -904.398926 0 ) (2331.198975 -904.401489 160 ) (2358.500000 -822.499878 160 ) 
4 78 81 (2404 -807.334045 0 ) (2358.496094 -822.501953 0 ) (2358.496094 -822.501953 160 ) (2404 -807.334045 160 ) 
4 79 130 (2304 -1024 160 ) (2291.333496 -1024 160 ) (2291.333496 -1024 0 ) (2304 -1024 0 ) 
4 79 82 (2308 -974.002197 0 ) (2291.333740 -1024 0 ) (2291.332031 -1024 160 ) (2308 -973.996704 160 ) 
4 80 81 (2522 -768 160 ) (2522 -768 0 ) (2510.001465 -772 0 ) (2510.001465 -772 160 ) 
4 81 82 (2376.666992 -768 160 ) (2376.666992 -768 0 ) (2358.500488 -822.499756 0 ) (2358.500000 -822.499878 160 ) 
4 82 130 (2291.333496 -1024 160 ) (2048 -1024 160 ) (2048 -1024 0 ) (2291.333496 -1024 0 ) 
7 82 92 (2234.128906 -768 0 ) (2270.969727 -768 0 ) (2193.394043 -1024 0 ) (2144 -1024 0 ) (2152 -942 0 ) (2176 -864 0 ) (2214 -792 0 ) 
3 82 88 (2208 -1024 0 ) (2193.394043 -1024 0 ) (2214 -956 0 ) 
3 82 89 (2318.768799 -768 0 ) (2321.454590 -768 0 ) (2311.998535 -776.001343 0 ) 
3 82 90 (2234 -890 0 ) (2244.300537 -856.008057 0 ) (2268 -827.998962 0 ) 
3 82 91 (2270.969727 -768 0 ) (2318.768799 -768 0 ) (2244.300537 -856.008057 0 ) 
4 83 95 (2478 -616 -2 ) (2490.645020 -672 -2 ) (2414.344727 -672 -2 ) (2400 -640 -2 ) 
3 83 94 (2414.344727 -672 -2 ) (2339.368408 -672 -2 ) (2400 -640 -2 ) 
4 83 96 (2478 -616 -2 ) (2560 -608 -2 ) (2560 -672 -2 ) (2490.645020 -672 -2 ) 
4 83 93 (2560 -608 -2 ) (3072 -608 -2 ) (3072 -672 -2 ) (2560 -672 -2 ) 
4 83 86 (2434.909180 -672 -2 ) (2560 -672 -2 ) (2560 -672 0 ) (2434.909180 -672 0 ) 
4 83 87 (2339.368408 -672 -2 ) (2434.909180 -672 -2 ) (2434.909180 -672 0 ) (2339.368408 -672 0 ) 
3 84 98 (2364 -732 -2 ) (2392.008789 -708.300537 -2 ) (2426 -698 -2 ) 
4 84 85 (2426 -698 -2 ) (2392.008301 -708.300598 -2 ) (2392.008301 -708.300598 0 ) (2426 -698 0 ) 
4 84 87 (2392.005371 -708.301514 -2 ) (2363.994141 -732.003296 -2 ) (2363.994141 -732.003296 0 ) (2392.005371 -708.301514 0 ) 
4 85 99 (2420 -684.615479 -2 ) (2420.346436 -684.322449 -2 ) (2456.808350 -681.105225 -2 ) (2426 -698 -2 ) 
3 85 98 (2392.008789 -708.300537 -2 ) (2420 -684.615479 -2 ) (2426 -698 -2 ) 
3 85 97 (2456.808350 -681.105225 -2 ) (2492 -678 -2 ) (2426 -698 -2 ) 
4 85 86 (2492 -678 -2 ) (2420.339844 -684.322754 -2 ) (2420.339844 -684.322754 0 ) (2492 -678 0 ) 
4 85 87 (2420.344238 -684.322571 -2 ) (2392.005371 -708.301514 -2 ) (2392.005371 -708.301514 0 ) (2420.344238 -684.322571 0 ) 
3 86 101 (2490.645264 -672 -2 ) (2560 -672 -2 ) (2492 -678 -2 ) 
4 86 100 (2434.909180 -672 -2 ) (2490.645264 -672 -2 ) (2492 -678 -2 ) (2420.346436 -684.322449 -2 ) 
4 86 87 (2434.907227 -672 0 ) (2434.907227 -672 -2 ) (2420.344238 -684.322571 -2 ) (2420.344238 -684.322571 0 ) 
5 87 105 (2364 -732 -2 ) (2321.454834 -768 -2 ) (2304 -768 -2 ) (2266 -730 -2 ) (2328 -678 -2 ) 
3 87 104 (2304 -768 -2 ) (2234.128906 -768 -2 ) (2266 -730 -2 ) 
3 87 103 (2414.344727 -672 -2 ) (2434.909180 -672 -2 ) (2420 -684.615540 -2 ) 
5 87 102 (2339.368164 -672 -2 ) (2414.344727 -672 -2 ) (2420 -684.615540 -2 ) (2364 -732 -2 ) (2328 -678 -2 ) 
4 87 92 (2234.128906 -768 -2 ) (2270.969727 -768 -2 ) (2270.969727 -768 0 ) (2234.128906 -768 0 ) 
4 87 89 (2318.769043 -768 -2 ) (2321.454834 -768 -2 ) (2321.454834 -768 0 ) (2318.769043 -768 0 ) 
4 87 91 (2270.969727 -768 -2 ) (2318.769043 -768 -2 ) (2318.769043 -768 0 ) (2270.969727 -768 0 ) 
4 88 131 (2208 -1024 0 ) (2193.394043 -1024 0 ) (2193.393799 -1024 -2 ) (2208 -1024 -2 ) 
3 88 106 (2208 -1024 -2 ) (2193.394043 -1024 -2 ) (2214 -956 -2 ) 
4 88 92 (2214 -956 -2 ) (2193.394043 -1024 -2 ) (2193.394531 -1024 0 ) (2214 -956.002441 0 ) 
3 89 112 (2311.998535 -776.001404 -2 ) (2318.769043 -768 -2 ) (2321.454834 -768 -2 ) 
4 89 91 (2318.769287 -768 0 ) (2318.769287 -768 -2 ) (2312 -776 -2 ) (2312 -776 0 ) 
3 90 109 (2234 -890 -2 ) (2244.300537 -856.008057 -2 ) (2268 -828 -2 ) 
4 90 92 (2244.300537 -856.008057 -2 ) (2234 -890 -2 ) (2234 -889.998291 0 ) (2244.301025 -856.007629 0 ) 
4 90 91 (2268 -827.998474 -2 ) (2244.298828 -856.009766 -2 ) (2244.298828 -856.009766 0 ) (2268 -827.998474 0 ) 
3 91 111 (2253.561035 -825.448547 -2 ) (2255.344482 -819.563110 -2 ) (2258.237305 -821.491638 -2 ) 
6 91 110 (2255.344482 -819.563110 -2 ) (2270.969727 -768 -2 ) (2304 -768 -2 ) (2312 -776 -2 ) (2311.998535 -776.001465 -2 ) (2258.237305 -821.491638 -2 ) 
3 91 112 (2304 -768 -2 ) (2318.769043 -768 -2 ) (2312 -776 -2 ) 
4 91 109 (2244.300537 -856.008057 -2 ) (2253.561035 -825.448547 -2 ) (2258.237305 -821.491638 -2 ) (2268 -828 -2 ) 
3 91 108 (2258.237305 -821.491638 -2 ) (2283.110840 -800.444763 -2 ) (2268 -828 -2 ) 
3 91 107 (2283.110840 -800.444763 -2 ) (2311.998535 -776.001465 -2 ) (2268 -828 -2 ) 
4 91 92 (2270.969727 -768 0 ) (2270.969727 -768 -2 ) (2244.300537 -856.008057 -2 ) (2244.301025 -856.007629 0 ) 
4 92 131 (2193.394043 -1024 0 ) (2144 -1024 0 ) (2144 -1024 -2 ) (2193.393799 -1024 -2 ) 
4 92 116 (2176 -864 -2 ) (2214 -792 -2 ) (2255.344482 -819.563110 -2 ) (2234 -890 -2 ) 
4 92 115 (2214 -792 -2 ) (2234.128906 -768 -2 ) (2270.969727 -768 -2 ) (2255.344482 -819.563110 -2 ) 
4 92 114 (2152 -942 -2 ) (2176 -864 -2 ) (2234 -890 -2 ) (2214 -956 -2 ) 
4 92 113 (2193.394043 -1024 -2 ) (2144 -1024 -2 ) (2152 -942 -2 ) (2214 -956 -2 ) 
4 93 96 (2560 -608.001953 -2 ) (2560 -608.001953 -8 ) (2560 -672 -8 ) (2560 -672 -2 ) 
4 94 102 (2339.368408 -672 -8 ) (2414.344727 -672 -8 ) (2414.344727 -672 -2 ) (2339.368408 -672 -2 ) 
4 94 95 (2414.343994 -672 -2 ) (2414.343994 -672 -8 ) (2400 -640 -8 ) (2400 -640 -2 ) 
4 95 103 (2414.344727 -672 -8 ) (2434.909180 -672 -8 ) (2434.909180 -672 -2 ) (2414.344727 -672 -2 ) 
4 95 100 (2434.909180 -672 -8 ) (2490.645020 -672 -8 ) (2490.645020 -672 -2 ) (2434.909180 -672 -2 ) 
4 95 96 (2490.645020 -672 -2 ) (2490.645020 -672 -8 ) (2478 -616 -8 ) (2478 -616 -2 ) 
4 96 101 (2490.645020 -672 -8 ) (2560 -672 -8 ) (2560 -672 -2 ) (2490.645020 -672 -2 ) 
4 97 100 (2492.001221 -678 -8 ) (2456.808838 -681.104919 -8 ) (2456.808838 -681.104919 -2 ) (2492.001221 -678 -2 ) 
4 97 99 (2456.804688 -681.104492 -2 ) (2456.804688 -681.104492 -8 ) (2425.989014 -698.003418 -8 ) (2425.989014 -698.003418 -2 ) 
4 98 102 (2420 -684.614258 -8 ) (2363.994629 -732.002991 -8 ) (2363.994629 -732.002991 -2 ) (2420 -684.614258 -2 ) 
4 98 99 (2426 -698 -2 ) (2426 -698 -8 ) (2420 -684.614929 -8 ) (2420 -684.614929 -2 ) 
4 99 103 (2420.344238 -684.322571 -8 ) (2420 -684.614258 -8 ) (2420 -684.614258 -2 ) (2420.344238 -684.322571 -2 ) 
4 99 100 (2456.808838 -681.104919 -8 ) (2420.339844 -684.322754 -8 ) (2420.339844 -684.322754 -2 ) (2456.808838 -681.104919 -2 ) 
4 100 103 (2434.907227 -672 -2 ) (2434.907227 -672 -8 ) (2420.344238 -684.322571 -8 ) (2420.344238 -684.322571 -2 ) 
4 100 101 (2492 -677.998047 -2 ) (2492 -677.998047 -8 ) (2490.645508 -672 -8 ) (2490.645508 -672 -2 ) 
4 102 105 (2328 -678 -2 ) (2328 -678 -8 ) (2363.998047 -731.998047 -8 ) (2363.998047 -731.998047 -2 ) 
4 102 103 (2420 -684.616211 -2 ) (2420 -684.616211 -8 ) (2414.344727 -672 -8 ) (2414.344727 -672 -2 ) 
4 104 115 (2234.128906 -768 -8 ) (2270.969727 -768 -8 ) (2270.969727 -768 -2 ) (2234.128906 -768 -2 ) 
4 104 110 (2270.969727 -768 -8 ) (2304 -768 -8 ) (2304 -768 -2 ) (2270.969727 -768 -2 ) 
4 104 105 (2304 -768 -2 ) (2304 -768 -8 ) (2266 -730 -8 ) (2266 -730 -2 ) 
4 105 112 (2304 -768 -8 ) (2321.454834 -768 -8 ) (2321.454834 -768 -2 ) (2304 -768 -2 ) 
4 106 132 (2208 -1024 -2 ) (2193.394043 -1024 -2 ) (2193.393799 -1024 -8 ) (2208 -1024 -8 ) 
4 106 113 (2214 -956 -8 ) (2193.394043 -1024 -8 ) (2193.394531 -1024 -2 ) (2214 -956.002075 -2 ) 
4 107 110 (2311.997559 -776.002441 -8 ) (2283.110840 -800.445190 -8 ) (2283.110840 -800.445190 -2 ) (2311.997559 -776.002441 -2 ) 
4 107 108 (2283.106445 -800.451172 -2 ) (2283.106445 -800.451172 -8 ) (2267.997803 -828.002380 -8 ) (2267.997803 -828.002380 -2 ) 
4 108 110 (2283.110840 -800.445190 -8 ) (2258.237549 -821.491821 -8 ) (2258.237549 -821.491821 -2 ) (2283.110840 -800.445190 -2 ) 
4 108 109 (2258.237793 -821.491882 -2 ) (2258.237793 -821.491882 -8 ) (2268 -828 -8 ) (2268 -828 -2 ) 
4 109 116 (2253.561035 -825.448364 -8 ) (2234 -890 -8 ) (2234 -889.998718 -2 ) (2253.561279 -825.448181 -2 ) 
4 109 111 (2258.237549 -821.491821 -8 ) (2253.560547 -825.449219 -8 ) (2253.560547 -825.449219 -2 ) (2258.237549 -821.491821 -2 ) 
4 110 115 (2270.969727 -768 -2 ) (2270.969727 -768 -8 ) (2255.344482 -819.563110 -8 ) (2255.344727 -819.563171 -2 ) 
4 110 112 (2311.998047 -775.998047 -2 ) (2311.998047 -775.998047 -8 ) (2304 -768 -8 ) (2304 -768 -2 ) 
4 110 111 (2255.344238 -819.562195 -2 ) (2255.344238 -819.562195 -8 ) (2258.238281 -821.491516 -8 ) (2258.238281 -821.491516 -2 ) 
4 111 116 (2255.344482 -819.563110 -8 ) (2253.561035 -825.448364 -8 ) (2253.561279 -825.448181 -2 ) (2255.344727 -819.563171 -2 ) 
4 113 132 (2193.394043 -1024 -2 ) (2144 -1024 -2 ) (2144 -1024 -8 ) (2193.393799 -1024 -8 ) 
4 113 114 (2214 -956 -2 ) (2214 -956 -8 ) (2152 -942 -8 ) (2152 -942 -2 ) 
4 114 116 (2234 -889.998291 -2 ) (2234 -889.998291 -8 ) (2176 -863.998291 -8 ) (2176 -863.998291 -2 ) 
4 115 116 (2214 -792 -2 ) (2214 -792 -8 ) (2255.344971 -819.561768 -8 ) (2255.344971 -819.561768 -2 ) 
4 117 122 (1792 -768 128 ) (1792 -768 160 ) (1536 -768 160 ) (1536 -768 128 ) 
4 117 119 (1536 -464.013947 128 ) (1536 -256 128 ) (1552 -256 128 ) (1552 -464.013947 128 ) 
4 117 120 (1536 -768 128 ) (1536 -472 128 ) (1552 -472 128 ) (1552 -768 128 ) 
4 117 118 (1552 -256 128 ) (1792 -256 128 ) (1792 -768 128 ) (1552 -768 128 ) 
4 118 122 (1792 -768 0 ) (1792 -768 128 ) (1552 -768 128 ) (1552 -768 0 ) 
4 118 121 (1632 -256 0 ) (1696 -256 0 ) (1696 -768 0 ) (1632 -768 0 ) 
5 118 119 (1552 -256 0 ) (1552 -472 0 ) (1552 -472 124.006973 ) (1552 -464.013947 128 ) (1552 -256 128 ) 
4 118 120 (1552 -472 0 ) (1552 -768 0 ) (1552 -768 128 ) (1552 -472 128 ) 
4 119 120 (1536 -472 0 ) (1552 -472 0 ) (1552 -472 124.006973 ) (1536 -472 124.006973 ) 
4 120 122 (1552 -768 128 ) (1536 -768 128 ) (1536 -768 0 ) (1552 -768 0 ) 
4 121 125 (1696 -768 -2 ) (1632 -768 -2 ) (1632 -256 -2 ) (1696 -256 -2 ) 
4 121 123 (1632 -768 -2 ) (1696 -768 -2 ) (1696 -768 0 ) (1632 -768 0 ) 
4 122 123 (1632 -768 0 ) (1696 -768 0 ) (1696 -864 0 ) (1632 -864 0 ) 
4 122 124 (1696 -864 0 ) (1696 -928 0 ) (1024 -928 0 ) (1024 -864 0 ) 
4 123 126 (1632 -768 -2 ) (1696 -768 -2 ) (1696 -864 -2 ) (1632 -864 -2 ) 
4 123 124 (1632 -864 -2 ) (1696 -864 -2 ) (1696 -864 0 ) (1632 -864 0 ) 
4 124 128 (1696 -928 -2 ) (1536 -928 -2 ) (1536 -864 -2 ) (1632 -864 -2 ) 
3 124 127 (1696 -928 -2 ) (1632 -864 -2 ) (1696 -864 -2 ) 
4 124 129 (1536 -928 -2 ) (1024 -928 -2 ) (1024 -864 -2 ) (1536 -864 -2 ) 
4 125 126 (1632 -768 -8 ) (1696 -768 -8 ) (1696 -768 -2 ) (1632 -768 -2 ) 
4 126 127 (1632 -864 -8 ) (1696 -864 -8 ) (1696 -864 -2 ) (1632 -864 -2 ) 
4 127 128 (1632 -864 -2 ) (1632 -864 -8 ) (1696 -928 -8 ) (1696 -928 -2 ) 
4 128 129 (1536 -864 -2 ) (1536 -864 -8 ) (1536 -928 -8 ) (1536 -928 -2 ) 
4 130 131 (2208 -1536 0 ) (2144 -1536 0 ) (2144 -1024 0 ) (2208 -1024 0 ) 
4 131 132 (2144 -1024 -2 ) (2208 -1024 -2 ) (2208 -1536 -2 ) (2144 -1536 -2 ) 
4 133 139 (896 2048 176 ) (640 2048 176 ) (640 2048 0 ) (896 2048 0 ) 
4 133 138 (1024 2048 0 ) (1024 2048 176 ) (896 2048 176 ) (896 2048 0 ) 
4 133 137 (896 2048 256 ) (640 2048 256 ) (640 2048 176 ) (896 2048 176 ) 
4 133 136 (1024 2048 176 ) (1024 2048 256 ) (896 2048 256 ) (896 2048 176 ) 
4 133 134 (640 2368 0 ) (640 2048 0 ) (640 2048 256 ) (640 2368 256 ) 
4 134 139 (512 2048 176 ) (512 2048 0 ) (640 2048 0 ) (640 2048 176 ) 
4 134 137 (640 2048 256 ) (512 2048 256 ) (512 2048 176 ) (640 2048 176 ) 
4 134 135 (512 2400 0 ) (512 2048 0 ) (512 2048 256 ) (512 2400 256 ) 
4 135 139 (384 2048 176 ) (384 2048 0 ) (512 2048 0 ) (512 2048 176 ) 
4 135 137 (512 2048 256 ) (384 2048 256 ) (384 2048 176 ) (512 2048 176 ) 
4 136 138 (896 2048 176 ) (1024 2048 176 ) (1024 1920 176 ) (896 1920 176 ) 
4 136 137 (896 2048 176 ) (896 1920 176 ) (896 1920 256 ) (896 2048 256 ) 
4 137 139 (384 2048 176 ) (896 2048 176 ) (896 1792 176 ) (384 1792 176 ) 
4 138 139 (896 2048 0 ) (896 1920 0 ) (896 1920 176 ) (896 2048 176 ) 
4 140 144 (256 1680.001953 0 ) (240 1728.001953 0 ) (240 1728.001953 160 ) (256 1680.001953 128 ) 
5 140 141 (240 1728.005859 160 ) (240 1728.005859 0 ) (240 1424 0 ) (240 1424 128 ) (240 1472 160 ) 
4 141 152 (0 1967.990845 0 ) (0 1232 0 ) (0 1232 128 ) (0 1967.990845 128 ) 
4 141 150 (0 1232 128 ) (0 1232 176 ) (0 1967.990845 176 ) (0 1967.990845 128 ) 
4 141 148 (179.995697 1292 0 ) (0 1232 0 ) (0 1472 0 ) (239.996017 1472 0 ) 
4 141 147 (64 1536 0 ) (64 1664 0 ) (128 1664 0 ) (128 1536 0 ) 
4 141 146 (240 1728 0 ) (240 1472 0 ) (128 1472 0 ) (128 1728 0 ) 
5 141 145 (0 1232.001953 0 ) (197.998047 1298 0 ) (197.998047 1298 128.004593 ) (179.998840 1292.001221 160.003189 ) (0 1232.001465 160.003021 ) 
4 141 144 (240 1728.001953 0 ) (180.004166 1907.989502 0 ) (180.004166 1907.989502 159.998505 ) (240 1728.001953 160 ) 
4 141 143 (180.004349 1907.989502 160.018433 ) (180.004349 1907.989502 0 ) (0 1967.990967 0 ) (0 1967.990356 160.019699 ) 
4 141 142 (170.996094 1289.005859 176 ) (179.998291 1292.006714 159.996811 ) (240 1472.011841 159.998505 ) (240 1496.013916 176 ) 
4 143 152 (0 1984 0 ) (0 1967.990845 0 ) (0 1967.990845 128 ) (0 1984 128 ) 
3 143 149 (0 1967.990845 128 ) (0 1967.990845 160.018433 ) (0 1984 128 ) 
4 143 144 (180.004166 1907.989502 0 ) (174 1926 0 ) (174 1926 128 ) (180.004166 1907.989502 160.018433 ) 
4 145 152 (0 1232 0 ) (0 1216 0 ) (0 1216 128 ) (0 1232 128 ) 
3 145 151 (0 1216 128 ) (0 1232 160 ) (0 1232 128 ) 
4 146 148 (240 1472 0 ) (128 1472 0 ) (128 1472 -8 ) (240 1472 -8 ) 
4 146 147 (128 1664 -8 ) (128 1536 -8 ) (128 1536 0 ) (128 1664 0 ) 
4 148 158 (0 1232 0 ) (0 1344 0 ) (0 1344 -8 ) (0 1232 -8 ) 
3 149 161 (-256 1984 128 ) (-256 1968 128 ) (-256 1968 160 ) 
4 149 154 (-256 1968 128 ) (-256 1984 128 ) (-32 1984 128 ) (-32 1968 128 ) 
4 149 152 (-32 1984 128 ) (0 1984 128 ) (0 1968 128 ) (-32 1968 128 ) 
4 149 150 (-256 1968 128 ) (0 1968 128 ) (0 1968 160 ) (-256 1968 160 ) 
3 150 167 (-256 1232 176 ) (-256 1240 176 ) (-256 1232 160 ) 
5 150 166 (-256 1240 176 ) (-256 1472 176 ) (-256 1472 128 ) (-256 1232 128 ) (-256 1232 160 ) 
4 150 162 (-256 1472 176 ) (-256 1728 176 ) (-256 1728 128 ) (-256 1472 128 ) 
4 150 159 (-256 1728 176 ) (-256 1968 176 ) (-256 1968 128 ) (-256 1728 128 ) 
4 150 154 (-256 1232 128 ) (-256 1968 128 ) (-32 1968 128 ) (-32 1232 128 ) 
4 150 152 (-32 1968 128 ) (0 1968 128 ) (0 1232 128 ) (-32 1232 128 ) 
4 150 151 (-256 1232 128 ) (0 1232 128 ) (0 1232 160 ) (-256 1232 160 ) 
3 151 166 (-256 1232 160 ) (-256 1232 128 ) (-256 1216 128 ) 
4 151 154 (-256 1216 128 ) (-256 1232 128 ) (-32 1232 128 ) (-32 1216 128 ) 
4 151 152 (-32 1232 128 ) (0 1232 128 ) (0 1216 128 ) (-32 1216 128 ) 
4 152 158 (-32 1184 0 ) (-32 1344 0 ) (0 1344 0 ) (0 1184 0 ) 
4 152 157 (-32 1472 0 ) (-32 1728 0 ) (0 1728 0 ) (0 1472 0 ) 
4 152 155 (-32 1856 0 ) (-32 1968 0 ) (0 1968 0 ) (0 1856 0 ) 
4 152 154 (-32 1984 128 ) (-32 1984 0 ) (-32 1056 0 ) (-32 1056 128 ) 
4 153 185 (-208 1024 128 ) (-224 1024 128 ) (-224 1024 0 ) (-208 1024 0 ) 
4 153 154 (-208 1024 0 ) (-224 1056.001953 0 ) (-224 1056.001953 128 ) (-208 1024 128 ) 
4 154 185 (-32 1024 128 ) (-208 1024 128 ) (-208 1024 0 ) (-32 1024 0 ) 
4 154 166 (-256 1216 128 ) (-256 1472 128 ) (-256 1472 0 ) (-256 1216 0 ) 
4 154 162 (-256 1472 128 ) (-256 1728 128 ) (-256 1728 0 ) (-256 1472 0 ) 
4 154 161 (-256 1968 128 ) (-256 1984 128 ) (-256 1984 0 ) (-256 1968 0 ) 
4 154 159 (-256 1728 128 ) (-256 1968 128 ) (-256 1968 0 ) (-256 1728 0 ) 
4 154 158 (-256 1184 0 ) (-256 1344 0 ) (-32 1344 0 ) (-32 1184 0 ) 
4 154 157 (-256 1472 0 ) (-256 1728 0 ) (-32 1728 0 ) (-32 1472 0 ) 
4 154 156 (-192 1856 0 ) (-64 1856 0 ) (-64 1792 0 ) (-192 1792 0 ) 
4 154 155 (-256 1856 0 ) (-256 1968 0 ) (-32 1968 0 ) (-32 1856 0 ) 
4 155 156 (-64 1856 0 ) (-192 1856 0 ) (-192 1856 -8 ) (-64 1856 -8 ) 
4 158 169 (-256 1232 0 ) (-256 1344 0 ) (-256 1344 -8 ) (-256 1232 -8 ) 
4 159 163 (-512 1728 0 ) (-496 1728 0 ) (-496 1728 160 ) (-512 1728 128 ) 
5 159 162 (-496 1728 0 ) (-256 1728 0 ) (-256 1728 176 ) (-488 1728 176 ) (-496 1728 160 ) 
5 159 161 (-256 1968.001953 0 ) (-454 1902.002075 0 ) (-454 1902 128 ) (-436 1908 160 ) (-256 1968 160 ) 
4 159 160 (-426.996094 1911 176 ) (-436 1908 159.992905 ) (-496 1728 159.992401 ) (-487.996094 1728 176 ) 
3 160 162 (-496 1728 160 ) (-488 1728 176 ) (-496 1728 176 ) 
4 162 166 (-256 1472 0 ) (-256 1472 176 ) (-496 1472 176 ) (-496 1472 0 ) 
4 162 165 (-384 1472 0 ) (-496 1472 0 ) (-496 1728 0 ) (-384 1728 0 ) 
4 162 164 (-384 1536 0 ) (-384 1664 0 ) (-320 1664 0 ) (-320 1536 0 ) 
4 162 163 (-496 1728 160 ) (-496 1728 0 ) (-496 1472 0 ) (-496 1472 160 ) 
4 163 168 (-512 1472 128 ) (-512 1472 0 ) (-496 1472 0 ) (-496 1472 160 ) 
4 164 165 (-384 1536 0 ) (-384 1664 0 ) (-384 1664 -8 ) (-384 1536 -8 ) 
4 165 169 (-384 1472 -8 ) (-384 1472 0 ) (-496 1472 0 ) (-496 1472 -8 ) 
4 166 169 (-496 1472 0 ) (-256 1472 0 ) (-256 1232 0 ) (-436 1292 0 ) 
5 166 168 (-496.001953 1472 0 ) (-430.002197 1274 0 ) (-430.002045 1274 128 ) (-436.001404 1291.998779 159.996353 ) (-496.001953 1472 159.996094 ) 
4 166 167 (-439 1301 176 ) (-436 1292 160 ) (-256 1232 160 ) (-256 1240 176 ) 
4 170 184 (0 512 0 ) (0 512 128 ) (0 768 128 ) (0 768 0 ) 
5 170 182 (0 512 128 ) (0 512 176 ) (0 744 176 ) (0 752 160 ) (0 752 128 ) 
3 170 181 (0 752 160 ) (0 768 128 ) (0 752 128 ) 
4 170 175 (240.003906 512 176 ) (0 512 176 ) (0 512 0 ) (240.003937 512 0 ) 
4 170 173 (240.003906 512 0 ) (0 512 0 ) (0 752 0 ) (180.005875 691.998047 0 ) 
5 170 172 (240.005859 512 0 ) (174.008179 709.997314 0 ) (174.006622 709.997803 128 ) (180.003998 692.004211 159.989120 ) (240.004089 512 159.991791 ) 
4 170 171 (183.006836 683 176 ) (180.007751 691.997437 160.004532 ) (0 752 160.004639 ) (0 744.002319 176 ) 
3 171 182 (0 744 176 ) (0 752 176 ) (0 752 160 ) 
4 172 174 (240.003906 512 159.992142 ) (240.003937 512 0 ) (256 512 0 ) (256 512 128 ) 
4 173 187 (0 640 0 ) (0 752 0 ) (0 752 -8 ) (0 640 -8 ) 
4 173 176 (240.003906 512 0 ) (128 512 0 ) (128 512 -8 ) (240.003937 512 -8 ) 
4 174 178 (240 256 0 ) (256 256 0 ) (256 256 128 ) (240 256 160 ) 
4 174 175 (240 512 0 ) (240 256 0 ) (240 256 160 ) (240 512 160 ) 
4 175 184 (0 256 0 ) (0 256 128 ) (0 512 128 ) (0 512 0 ) 
4 175 182 (0 256 128 ) (0 256 176 ) (0 512 176 ) (0 512 128 ) 
3 175 180 (240 256 160 ) (240 256 176 ) (232 256 176 ) 
5 175 178 (0 256 176 ) (0 256 0 ) (240 256 0 ) (240 256 160 ) (232 256 176 ) 
4 175 177 (64 320 0 ) (64 448 0 ) (128 448 0 ) (128 320 0 ) 
4 175 176 (240 256 0 ) (128 256 0 ) (128 512 0 ) (240 512 0 ) 
4 176 177 (128 320 0 ) (128 448 0 ) (128 448 -8 ) (128 320 -8 ) 
4 178 184 (0 256 128 ) (0 256 0 ) (0 16 0 ) (0 16 128 ) 
4 178 182 (0 16 176 ) (0 256 176 ) (0 256 128 ) (0 16 128 ) 
4 178 180 (240 256 159.998047 ) (231.998047 256 176 ) (171 73 176 ) (180 76 160 ) 
5 178 179 (0 16.001953 0 ) (198 82.001953 0 ) (198 82.001953 127.992188 ) (179.993408 76 160.003922 ) (0 16.001957 160.003922 ) 
4 179 184 (0 0 0 ) (0 0 128 ) (0 16 128 ) (0 16 0 ) 
3 179 183 (0 0 128 ) (0 16 160 ) (0 16 128 ) 
3 181 197 (-256 768 128 ) (-256 752 128 ) (-256 752 160 ) 
4 181 186 (-256 752 128 ) (-256 768 128 ) (-224 768 128 ) (-224 752 128 ) 
4 181 185 (-224 768 128 ) (-32 768 128 ) (-32 752 128 ) (-224 752 128 ) 
4 181 184 (-32 768 128 ) (0 768 128 ) (0 752 128 ) (-32 752 128 ) 
4 181 182 (-256 752 128 ) (0 752 128 ) (0 752 160 ) (-256 752 160 ) 
4 182 205 (-256 256 128 ) (-256 16 128 ) (-256 16 176 ) (-256 256 176 ) 
4 182 201 (-256 512 128 ) (-256 256 128 ) (-256 256 176 ) (-256 512 176 ) 
3 182 198 (-256 744 176 ) (-256 752 176 ) (-256 752 160 ) 
5 182 197 (-256 752 128 ) (-256 512 128 ) (-256 512 176 ) (-256 744 176 ) (-256 752 160 ) 
4 182 186 (-256 16 128 ) (-256 752 128 ) (-224 752 128 ) (-224 16 128 ) 
4 182 185 (-224 752 128 ) (-32 752 128 ) (-32 16 128 ) (-224 16 128 ) 
4 182 184 (-32 752 128 ) (0 752 128 ) (0 16 128 ) (-32 16 128 ) 
4 182 183 (-256 16 128 ) (0 16 128 ) (0 16 160 ) (-256 16 160 ) 
3 183 206 (-256 16 128 ) (-256 0 128 ) (-256 16 160 ) 
4 183 186 (-224 0 128 ) (-256 0 128 ) (-256 16 128 ) (-224 16 128 ) 
4 183 185 (-32 0 128 ) (-224 0 128 ) (-224 16 128 ) (-32 16 128 ) 
4 183 184 (0 0 128 ) (-32 0 128 ) (-32 16 128 ) (0 16 128 ) 
4 184 195 (0 96 0 ) (0 16 0 ) (-32 16 0 ) (-32 96 0 ) 
4 184 189 (0 104 0 ) (0 96 0 ) (-32 96 0 ) (-32 136 0 ) 
4 184 188 (0 512 0 ) (0 256 0 ) (-32 256 0 ) (-32 512 0 ) 
4 184 187 (0 800 0 ) (0 640 0 ) (-32 640 0 ) (-32 800 0 ) 
4 184 185 (-32 928 0 ) (-32 0 0 ) (-32 0 128 ) (-32 928 128 ) 
4 185 195 (-32 96 0 ) (-32 16 0 ) (-224 16 0 ) (-224 96 0 ) 
4 185 194 (-192 96 0 ) (-224 96 0 ) (-224 136 0 ) (-192 168 0 ) 
4 185 193 (-160 96 0 ) (-192 96 0 ) (-192 192 0 ) (-160 192 0 ) 
4 185 191 (-96 96 0 ) (-160 96 0 ) (-160 192 0 ) (-96 192 0 ) 
4 185 190 (-64 96 0 ) (-96 96 0 ) (-96 192 0 ) (-64 192 0 ) 
4 185 189 (-32 136 0 ) (-32 96 0 ) (-64 96 0 ) (-64 168 0 ) 
4 185 188 (-32 512 0 ) (-32 256 0 ) (-224 256 0 ) (-224 512 0 ) 
4 185 187 (-32 800 0 ) (-32 640 0 ) (-224 640 0 ) (-224 800 0 ) 
4 185 186 (-224 928 0 ) (-224 0 0 ) (-224 0 128 ) (-224 928 128 ) 
4 186 206 (-256 16.001953 0 ) (-256 0 0 ) (-256 0 128 ) (-256 16.001944 128 ) 
4 186 205 (-256 256 0 ) (-256 16.001953 0 ) (-256 16.001944 128 ) (-256 256 128 ) 
4 186 201 (-256 512 0 ) (-256 256 0 ) (-256 256 128 ) (-256 512 128 ) 
4 186 197 (-256 768 0 ) (-256 512 0 ) (-256 512 128 ) (-256 768 128 ) 
4 186 195 (-256 16 0 ) (-256 96 0 ) (-224 96 0 ) (-224 16 0 ) 
4 186 194 (-256 96 0 ) (-256 104 0 ) (-224 136 0 ) (-224 96 0 ) 
4 186 188 (-256 256 0 ) (-256 512 0 ) (-224 512 0 ) (-224 256 0 ) 
4 186 187 (-256 640 0 ) (-256 800 0 ) (-224 800 0 ) (-224 640 0 ) 
4 187 200 (-256 640 -8 ) (-256 640 0 ) (-256 752 0 ) (-256 752 -8 ) 
4 189 195 (0 96 -8 ) (0 96 0 ) (-64 96 0 ) (-64 96 -8 ) 
4 189 190 (-64 96 -8 ) (-64 96 0 ) (-64 168 0 ) (-64 168 -8 ) 
4 190 195 (-64 96 -8 ) (-64 96 0 ) (-96 96 0 ) (-96 96 -8 ) 
4 190 191 (-96 192 0 ) (-96 192 -8 ) (-96 96 -8 ) (-96 96 0 ) 
4 191 195 (-96 96 -8 ) (-96 96 0 ) (-160 96 0 ) (-160 96 -8 ) 
4 191 193 (-160 192 0 ) (-160 192 -8 ) (-160 96 -8 ) (-160 96 0 ) 
4 191 192 (-160 96 -8 ) (-160 160 -8 ) (-96 160 -8 ) (-96 96 -8 ) 
4 192 196 (-96 160 -16 ) (-96 96 -16 ) (-160 96 -16 ) (-160 160 -16 ) 
4 193 195 (-160 96 -8 ) (-160 96 0 ) (-192 96 0 ) (-192 96 -8 ) 
4 193 194 (-192 168 -8 ) (-192 96 -8 ) (-192 96 0 ) (-192 168 0 ) 
4 194 195 (-192 96 -8 ) (-192 96 0 ) (-256 96 0 ) (-256 96 -8 ) 
4 196 211 (0 0 -144 ) (0 0 -16 ) (-256 0 -16 ) (-256 0 -144 ) 
4 197 201 (-496.002991 512 0 ) (-256 512 0 ) (-256 512 176 ) (-496.002960 512 176 ) 
4 197 200 (-256 512 0 ) (-496.002960 512 0 ) (-436.002960 692 0 ) (-256 752 0 ) 
5 197 199 (-430.002380 710 0 ) (-496.001953 512 0 ) (-496.001953 512 159.995941 ) (-436.001495 692.001526 159.995895 ) (-430.002258 710 128 ) 
4 197 198 (-436.002563 692 159.992859 ) (-439.003906 682.996094 176 ) (-256 743.997375 176 ) (-256 752 159.992920 ) 
4 199 202 (-512 512 0 ) (-496.002991 512 0 ) (-496.002960 512 159.993942 ) (-512 512 128 ) 
4 200 204 (-496.002930 512 -8 ) (-384 512 -8 ) (-384 512 0 ) (-496.002930 512 0 ) 
4 201 205 (-256 256 0 ) (-256 256 176 ) (-496 256 176 ) (-496 256 0 ) 
4 201 204 (-384 256 0 ) (-496 256 0 ) (-496 512 0 ) (-384 512 0 ) 
4 201 203 (-384 320 0 ) (-384 448 0 ) (-320 448 0 ) (-320 320 0 ) 
4 201 202 (-496 512 160 ) (-496 512 0 ) (-496 256 0 ) (-496 256 160 ) 
4 202 207 (-512 256 128 ) (-512 256 0 ) (-496 256 0 ) (-496 256 160 ) 
4 203 204 (-384 320 0 ) (-384 448 0 ) (-384 448 -8 ) (-384 320 -8 ) 
4 205 207 (-496 256 0 ) (-436 76.002167 0 ) (-436 76.002075 160 ) (-496 256 160 ) 
4 205 206 (-435.998047 76 160.003265 ) (-435.998047 76 0 ) (-256 16.001629 0 ) (-256 16.001925 160.003845 ) 
4 206 207 (-436 76.002167 0 ) (-430 58 0 ) (-430 58 128 ) (-436 76.002075 160.003906 ) 
4 208 209 (0 -928 0 ) (0 -864 0 ) (512 -864 0 ) (512 -928 0 ) 
4 209 210 (0 -928 -2 ) (0 -864 -2 ) (512 -864 -2 ) (512 -928 -2 ) 
