PRT1
300
896
4 0 4 (3728 3072 1744 ) (3072 3072 1744 ) (3072 3072 -976 ) (3728 3072 -976 ) 
4 0 1 (3072 3072 -976 ) (3072 3072 1744 ) (3072 3192 1744 ) (3072 3192 -976 ) 
4 1 7 (3072 3072 -976 ) (3072 3072 1744 ) (2048 3072 1744 ) (2048 3072 -976 ) 
4 1 2 (2048 3072 -976 ) (2048 3072 1744 ) (2048 3192 1744 ) (2048 3192 -976 ) 
4 2 8 (2048 3072 -976 ) (2048 3072 1744 ) (1024 3072 1744 ) (1024 3072 -976 ) 
4 2 3 (1024 3072 -976 ) (1024 3072 1744 ) (1024 3192 1744 ) (1024 3192 -976 ) 
4 3 43 (0 3072 -976 ) (0 3072 1744 ) (0 3192 1744 ) (0 3192 -976 ) 
4 3 9 (1024 3072 -976 ) (1024 3072 1744 ) (0 3072 1744 ) (0 3072 -976 ) 
4 4 7 (3072 3072 1744 ) (3072 3072 -976 ) (3072 2048 -976 ) (3072 2048 1744 ) 
4 4 5 (3728 2048 1744 ) (3072 2048 1744 ) (3072 2048 -976 ) (3728 2048 -976 ) 
4 5 10 (3072 1024 -976 ) (3072 1024 1744 ) (3072 2048 1744 ) (3072 2048 -976 ) 
4 5 6 (3072 1024 1744 ) (3072 1024 -976 ) (3728 1024 -976 ) (3728 1024 1744 ) 
4 6 88 (3728 0 1744 ) (3072 0 1744 ) (3072 0 -976 ) (3728 0 -976 ) 
4 6 11 (3072 0 -976 ) (3072 0 1744 ) (3072 1024 1744 ) (3072 1024 -976 ) 
4 7 10 (3072 2048 -976 ) (3072 2048 1744 ) (2048 2048 1744 ) (2048 2048 -976 ) 
4 7 8 (2048 3072 1744 ) (2048 3072 -976 ) (2048 2048 -976 ) (2048 2048 1744 ) 
4 8 15 (1408 2048 -416 ) (1024 2048 -416 ) (1024 2048 -976 ) (1408 2048 -976 ) 
4 8 14 (2048 2048 -976 ) (2048 2048 -416 ) (1408 2048 -416 ) (1408 2048 -976 ) 
4 8 13 (2048 2048 -416 ) (2048 2048 -96 ) (1024 2048 -96 ) (1024 2048 -416 ) 
4 8 12 (2048 2048 -96 ) (2048 2048 1744 ) (1024 2048 1744 ) (1024 2048 -96 ) 
4 8 9 (1024 2048 -976 ) (1024 2048 1744 ) (1024 3072 1744 ) (1024 3072 -976 ) 
4 9 47 (0 2048 -976 ) (0 2048 1744 ) (0 3072 1744 ) (0 3072 -976 ) 
4 9 20 (1024 2048 -976 ) (1024 2048 -416 ) (0 2048 -416 ) (0 2048 -976 ) 
4 9 18 (1024 2048 -416 ) (1024 2048 -96 ) (0 2048 -96 ) (0 2048 -416 ) 
4 9 17 (1024 2048 -96 ) (1024 2048 1744 ) (0 2048 1744 ) (0 2048 -96 ) 
4 10 14 (2048 2048 -416 ) (2048 2048 -976 ) (2048 1024 -976 ) (2048 1024 -416 ) 
4 10 13 (2048 2048 -96 ) (2048 2048 -416 ) (2048 1024 -416 ) (2048 1024 -96 ) 
4 10 12 (2048 2048 1744 ) (2048 2048 -96 ) (2048 1024 -96 ) (2048 1024 1744 ) 
4 10 11 (3072 1024 -976 ) (3072 1024 1744 ) (2048 1024 1744 ) (2048 1024 -976 ) 
4 11 90 (3072 0 -976 ) (3072 0 1744 ) (2048 0 1744 ) (2048 0 -976 ) 
4 11 34 (2048 0 -976 ) (2048 0 -496 ) (2048 1024 -496 ) (2048 1024 -976 ) 
4 11 33 (2048 0 -496 ) (2048 0 -416 ) (2048 1024 -416 ) (2048 1024 -496 ) 
4 11 30 (2048 0 -416 ) (2048 0 -96 ) (2048 152 -96 ) (2048 152 -416 ) 
4 11 27 (2048 152 -96 ) (2048 1024 -96 ) (2048 1024 -416 ) (2048 152 -416 ) 
4 11 23 (2048 0 -96 ) (2048 0 1184 ) (2048 1024 1184 ) (2048 1024 -96 ) 
4 11 22 (2048 0 1184 ) (2048 0 1744 ) (2048 1024 1744 ) (2048 1024 1184 ) 
4 12 24 (1408 1024 1184 ) (1088 1024 1184 ) (1088 1024 304 ) (1408 1024 304 ) 
4 12 25 (1088 1024 304 ) (1088 1024 -96 ) (1408 1024 -96 ) (1408 1024 304 ) 
4 12 23 (2048 1024 -96 ) (2048 1024 1184 ) (1408 1024 1184 ) (1408 1024 -96 ) 
4 12 26 (1088 1024 1184 ) (1024 1024 1184 ) (1024 1024 -96 ) (1088 1024 -96 ) 
4 12 22 (2048 1024 1184 ) (2048 1024 1744 ) (1024 1024 1744 ) (1024 1024 1184 ) 
4 12 17 (1024 2048 1744 ) (1024 2048 -96 ) (1024 1024 -96 ) (1024 1024 1744 ) 
5 12 13 (2048 1024 -96 ) (1096 1024 -96 ) (1024 1096 -96 ) (1024 2048 -96 ) (2048 2048 -96 ) 
4 13 28 (1408 1024 -96 ) (1096 1024 -96 ) (1096 1024 -416 ) (1408 1024 -416 ) 
4 13 27 (2048 1024 -416 ) (2048 1024 -96 ) (1408 1024 -96 ) (1408 1024 -416 ) 
4 13 19 (1024 1992 -416 ) (1024 1096 -416 ) (1024 1096 -96 ) (1024 1992 -96 ) 
4 13 18 (1024 2048 -96 ) (1024 2048 -416 ) (1024 1992 -416 ) (1024 1992 -96 ) 
4 13 15 (1024 1352 -416 ) (1024 2048 -416 ) (1408 2048 -416 ) (1408 1352 -416 ) 
4 13 14 (2048 1024 -416 ) (1408 1024 -416 ) (1408 2048 -416 ) (2048 2048 -416 ) 
4 14 34 (2048 1024 -976 ) (2048 1024 -496 ) (1408 1024 -496 ) (1408 1024 -976 ) 
4 14 33 (2048 1024 -496 ) (2048 1024 -416 ) (1408 1024 -416 ) (1408 1024 -496 ) 
4 14 16 (1408 1352 -976 ) (1408 1024 -976 ) (1408 1024 -496 ) (1408 1352 -496 ) 
4 14 15 (1408 2048 -976 ) (1408 1352 -976 ) (1408 1352 -416 ) (1408 2048 -416 ) 
4 15 20 (1024 2048 -416 ) (1024 2048 -976 ) (1024 1352 -976 ) (1024 1352 -416 ) 
4 15 16 (1024 1352 -976 ) (1408 1352 -976 ) (1408 1352 -496 ) (1024 1352 -496 ) 
4 16 34 (1024 1024 -496 ) (1024 1024 -976 ) (1408 1024 -976 ) (1408 1024 -496 ) 
4 16 21 (1024 1352 -976 ) (1024 1024 -976 ) (1024 1024 -496 ) (1024 1352 -496 ) 
4 17 49 (0 1024 -96 ) (0 1024 1744 ) (0 2048 1744 ) (0 2048 -96 ) 
4 17 35 (1024 1024 -96 ) (1024 1024 1744 ) (0 1024 1744 ) (0 1024 -96 ) 
4 17 19 (448 1992 -96 ) (1024 1992 -96 ) (1024 1096 -96 ) (768 1352 -96 ) 
4 17 18 (0 1992 -96 ) (0 2048 -96 ) (1024 2048 -96 ) (1024 1992 -96 ) 
4 18 50 (0 1992 -96 ) (0 2048 -96 ) (0 2048 -416 ) (0 1992 -416 ) 
4 18 20 (1024 2048 -416 ) (1024 1992 -416 ) (0 1992 -416 ) (0 2048 -416 ) 
4 18 19 (448 1992 -416 ) (1024 1992 -416 ) (1024 1992 -96 ) (448 1992 -96 ) 
4 19 20 (1024 1992 -416 ) (1024 1352 -416 ) (768 1352 -416 ) (448 1992 -416 ) 
4 20 52 (0 1352 -416 ) (0 2048 -416 ) (0 2048 -976 ) (0 1352 -976 ) 
4 20 21 (0 1352 -976 ) (1024 1352 -976 ) (1024 1352 -496 ) (0 1352 -496 ) 
4 21 53 (0 1024 -976 ) (0 1024 -496 ) (0 1352 -496 ) (0 1352 -976 ) 
4 21 42 (1024 1024 -976 ) (1024 1024 -496 ) (0 1024 -496 ) (0 1024 -976 ) 
4 22 105 (1088 0 1744 ) (1024 0 1744 ) (1024 0 1184 ) (1088 0 1184 ) 
4 22 98 (1408 0 1744 ) (1088 0 1744 ) (1088 0 1184 ) (1408 0 1184 ) 
4 22 97 (2048 0 1184 ) (2048 0 1744 ) (1408 0 1744 ) (1408 0 1184 ) 
4 22 36 (1024 712 1184 ) (1024 0 1184 ) (1024 0 1744 ) (1024 712 1744 ) 
4 22 35 (1024 1024 1744 ) (1024 1024 1184 ) (1024 712 1184 ) (1024 712 1744 ) 
4 22 24 (1088 392 1184 ) (1088 1024 1184 ) (1408 1024 1184 ) (1408 712 1184 ) 
4 22 23 (2048 0 1184 ) (1408 0 1184 ) (1408 1024 1184 ) (2048 1024 1184 ) 
4 22 26 (1088 0 1184 ) (1024 0 1184 ) (1024 1024 1184 ) (1088 1024 1184 ) 
4 23 97 (2048 0 -96 ) (2048 0 1184 ) (1408 0 1184 ) (1408 0 -96 ) 
4 23 30 (2048 152 -96 ) (2048 0 -96 ) (1488 0 -96 ) (1488 152 -96 ) 
4 23 27 (1408 1024 -96 ) (2048 1024 -96 ) (2048 152 -96 ) (1408 152 -96 ) 
4 23 24 (1408 712 1184 ) (1408 1024 1184 ) (1408 1024 304 ) (1408 712 304 ) 
4 23 25 (1408 1024 -96 ) (1408 0 -96 ) (1408 0 304 ) (1408 1024 304 ) 
4 24 25 (1088 392 304 ) (1088 1024 304 ) (1408 1024 304 ) (1408 712 304 ) 
4 24 26 (1088 392 1184 ) (1088 1024 1184 ) (1088 1024 304 ) (1088 392 304 ) 
4 25 99 (1088 0 304 ) (1088 0 -96 ) (1408 0 -96 ) (1408 0 304 ) 
3 25 28 (1096 1024 -96 ) (1408 1024 -96 ) (1408 712 -96 ) 
4 25 26 (1088 1024 -96 ) (1088 0 -96 ) (1088 0 304 ) (1088 1024 304 ) 
4 26 105 (1088 0 1184 ) (1024 0 1184 ) (1024 0 -96 ) (1088 0 -96 ) 
4 26 36 (1024 712 -96 ) (1024 0 -96 ) (1024 0 1184 ) (1024 712 1184 ) 
4 26 35 (1024 1024 1184 ) (1024 1024 -96 ) (1024 712 -96 ) (1024 712 1184 ) 
4 26 32 (1088 152 -96 ) (1088 0 -96 ) (1024 0 -96 ) (1024 152 -96 ) 
4 26 29 (1088 392 -96 ) (1088 152 -96 ) (1024 152 -96 ) (1024 456 -96 ) 
4 27 33 (1408 1024 -416 ) (2048 1024 -416 ) (2048 152 -416 ) (1408 152 -416 ) 
4 27 30 (1488 152 -416 ) (2048 152 -416 ) (2048 152 -96 ) (1488 152 -96 ) 
4 27 28 (1408 1024 -416 ) (1408 712 -416 ) (1408 712 -96 ) (1408 1024 -96 ) 
4 29 37 (1024 456 -416 ) (1024 152 -416 ) (1024 152 -96 ) (1024 456 -96 ) 
4 29 32 (1024 152 -416 ) (1088 152 -416 ) (1088 152 -96 ) (1024 152 -96 ) 
4 30 100 (2048 0 -416 ) (2048 0 -96 ) (1488 0 -96 ) (1488 0 -416 ) 
4 30 33 (2048 0 -416 ) (1488 0 -416 ) (1488 152 -416 ) (2048 152 -416 ) 
4 31 102 (1088 0 -176 ) (1088 0 -416 ) (1168 0 -416 ) (1168 0 -176 ) 
4 31 101 (1168 0 -416 ) (1408 0 -416 ) (1408 0 -176 ) (1168 0 -176 ) 
4 31 32 (1088 152 -176 ) (1088 152 -416 ) (1088 0 -416 ) (1088 0 -176 ) 
4 32 106 (1088 0 -96 ) (1024 0 -96 ) (1024 0 -176 ) (1088 0 -176 ) 
4 32 107 (1024 0 -176 ) (1024 0 -416 ) (1088 0 -416 ) (1088 0 -176 ) 
4 32 37 (1024 152 -416 ) (1024 0 -416 ) (1024 0 -96 ) (1024 152 -96 ) 
4 33 108 (2048 0 -496 ) (2048 0 -416 ) (1408 0 -416 ) (1408 0 -496 ) 
4 33 34 (1408 1024 -496 ) (2048 1024 -496 ) (2048 0 -496 ) (1408 0 -496 ) 
4 34 109 (1408 0 -496 ) (1024 0 -496 ) (1024 0 -976 ) (1408 0 -976 ) 
4 34 108 (2048 0 -976 ) (2048 0 -496 ) (1408 0 -496 ) (1408 0 -976 ) 
4 34 42 (1024 1024 -496 ) (1024 1024 -976 ) (1024 0 -976 ) (1024 0 -496 ) 
4 35 59 (0 1024 1744 ) (0 1024 -96 ) (0 712 -96 ) (0 712 1744 ) 
4 35 36 (0 712 1744 ) (0 712 -96 ) (1024 712 -96 ) (1024 712 1744 ) 
4 36 122 (208 0 1744 ) (0 0 1744 ) (0 0 -96 ) (208 0 -96 ) 
4 36 118 (225.600037 0 1744 ) (208 0 1744 ) (208 0 -96 ) (225.600006 0 -96 ) 
4 36 117 (528 0 1744 ) (225.600037 0 1744 ) (225.600006 0 -96 ) (528 0 -96 ) 
4 36 115 (688 0 1744 ) (528 0 1744 ) (528 0 -96 ) (688 0 -96 ) 
4 36 114 (768 0 1744 ) (688 0 1744 ) (688 0 -96 ) (768 0 -96 ) 
4 36 110 (1024 0 -96 ) (1024 0 1744 ) (768 0 1744 ) (768 0 -96 ) 
4 36 60 (0 0 -96 ) (0 0 1744 ) (0 712 1744 ) (0 712 -96 ) 
4 36 41 (0 712 -96 ) (368 712 -96 ) (225.600006 0 -96 ) (0 0 -96 ) 
4 36 40 (368 712 -96 ) (528 712 -96 ) (528 0 -96 ) (225.600006 0 -96 ) 
4 36 39 (688 552 -96 ) (688 0 -96 ) (528 0 -96 ) (528 552 -96 ) 
5 36 37 (688 712 -96 ) (768 712 -96 ) (1024 456 -96 ) (1024 0 -96 ) (688 0 -96 ) 
4 37 114 (768 0 -96 ) (688 0 -96 ) (688 0 -416 ) (768 0 -416 ) 
4 37 111 (1024 0 -176 ) (1024 0 -96 ) (768 0 -96 ) (768 0 -176 ) 
4 37 113 (1024 0 -416 ) (1024 0 -176 ) (768 0 -176 ) (768 0 -416 ) 
4 37 38 (688 712 -176 ) (688 712 -416 ) (688 552 -416 ) (688 552 -176 ) 
4 37 39 (688 0 -96 ) (688 552 -96 ) (688 552 -416 ) (688 0 -416 ) 
4 38 40 (528 712 -176 ) (528 712 -416 ) (528 552 -416 ) (528 552 -176 ) 
4 38 39 (528 552 -176 ) (528 552 -416 ) (688 552 -416 ) (688 552 -176 ) 
4 39 115 (688 0 -96 ) (528 0 -96 ) (528 0 -416 ) (688 0 -416 ) 
4 39 40 (528 0 -96 ) (528 552 -96 ) (528 552 -416 ) (528 0 -416 ) 
4 40 117 (528 0 -96 ) (225.600006 0 -96 ) (225.600021 0 -416 ) (528 0 -416 ) 
3 40 41 (225.600586 0 -96 ) (368 712 -96 ) (225.600052 0 -380.799988 ) 
4 41 128 (0 0 -176 ) (0 0 -380.799988 ) (208 0 -380.799988 ) (208 0 -176 ) 
4 41 123 (208 0 -96 ) (0 0 -96 ) (0 0 -176 ) (208 0 -176 ) 
4 41 118 (225.600006 0 -96 ) (208 0 -96 ) (208 0 -380.799988 ) (225.600021 0 -380.799988 ) 
3 41 62 (0 0 -380.799988 ) (0 0 -96 ) (0 712 -96 ) 
4 42 129 (1024 0 -976 ) (1024 0 -496 ) (0 0 -496 ) (0 0 -976 ) 
4 42 66 (0 0 -976 ) (0 0 -496 ) (0 1024 -496 ) (0 1024 -976 ) 
4 43 47 (0 3072 -976 ) (0 3072 1744 ) (-1024 3072 1744 ) (-1024 3072 -976 ) 
4 43 44 (-1024 3072 -976 ) (-1024 3072 1744 ) (-1024 3192 1744 ) (-1024 3192 -976 ) 
4 44 48 (-1024 3072 -976 ) (-1024 3072 1744 ) (-2048 3072 1744 ) (-2048 3072 -976 ) 
4 44 45 (-2048 3072 -976 ) (-2048 3072 1744 ) (-2048 3192 1744 ) (-2048 3192 -976 ) 
4 45 82 (-2048 3072 -976 ) (-2048 3072 1744 ) (-3072 3072 1744 ) (-3072 3072 -976 ) 
4 45 46 (-3072 3072 -976 ) (-3072 3072 1744 ) (-3072 3192 1744 ) (-3072 3192 -976 ) 
4 46 83 (-3072 3072 -976 ) (-3072 3072 1744 ) (-3472 3072 1744 ) (-3472 3072 -976 ) 
4 47 52 (0 2048 -976 ) (0 2048 -416 ) (-1024 2048 -416 ) (-1024 2048 -976 ) 
4 47 50 (0 2048 -416 ) (0 2048 -96 ) (-1024 2048 -96 ) (-1024 2048 -416 ) 
4 47 49 (0 2048 -96 ) (0 2048 1744 ) (-1024 2048 1744 ) (-1024 2048 -96 ) 
4 47 48 (-1024 3072 1744 ) (-1024 3072 -976 ) (-1024 2048 -976 ) (-1024 2048 1744 ) 
4 48 82 (-2048 3072 1744 ) (-2048 3072 -976 ) (-2048 2048 -976 ) (-2048 2048 1744 ) 
4 48 56 (-1024 2048 -976 ) (-1024 2048 -416 ) (-1472 2048 -416 ) (-1472 2048 -976 ) 
4 48 58 (-1472 2048 -416 ) (-2048 2048 -416 ) (-2048 2048 -976 ) (-1472 2048 -976 ) 
4 48 55 (-1024 2048 -416 ) (-1024 2048 -96 ) (-2048 2048 -96 ) (-2048 2048 -416 ) 
4 48 54 (-1024 2048 -96 ) (-1024 2048 1744 ) (-2048 2048 1744 ) (-2048 2048 -96 ) 
4 49 59 (0 1024 -96 ) (0 1024 1744 ) (-1024 1024 1744 ) (-1024 1024 -96 ) 
4 49 54 (-1024 1024 -96 ) (-1024 1024 1744 ) (-1024 2048 1744 ) (-1024 2048 -96 ) 
4 49 51 (-1024 1160 -96 ) (-1024 1992 -96 ) (-512 1992 -96 ) (-832 1352 -96 ) 
4 49 50 (-1024 1992 -96 ) (-1024 2048 -96 ) (0 2048 -96 ) (0 1992 -96 ) 
4 50 55 (-1024 1992 -96 ) (-1024 2048 -96 ) (-1024 2048 -416 ) (-1024 1992 -416 ) 
4 50 52 (-1024 1992 -416 ) (-1024 2048 -416 ) (0 2048 -416 ) (0 1992 -416 ) 
4 50 51 (-1024 1992 -416 ) (-512 1992 -416 ) (-512 1992 -96 ) (-1024 1992 -96 ) 
4 51 55 (-1024 1160 -96 ) (-1024 1992 -96 ) (-1024 1992 -416 ) (-1024 1160 -416 ) 
4 51 52 (-1024 1352 -416 ) (-1024 1992 -416 ) (-512 1992 -416 ) (-832 1352 -416 ) 
4 52 56 (-1024 1352 -416 ) (-1024 2048 -416 ) (-1024 2048 -976 ) (-1024 1352 -976 ) 
4 52 53 (-1024 1352 -976 ) (0 1352 -976 ) (0 1352 -496 ) (-1024 1352 -496 ) 
4 53 66 (0 1024 -976 ) (0 1024 -496 ) (-1024 1024 -496 ) (-1024 1024 -976 ) 
4 53 57 (-1024 1024 -976 ) (-1024 1024 -496 ) (-1024 1352 -496 ) (-1024 1352 -976 ) 
4 54 84 (-2048 1024 -96 ) (-2048 1024 1744 ) (-2048 2048 1744 ) (-2048 2048 -96 ) 
4 54 77 (-2048 1024 1744 ) (-2048 1024 -96 ) (-1472 1024 -96 ) (-1472 1024 1744 ) 
4 54 72 (-1472 1024 -96 ) (-1152 1024 -96 ) (-1152 1024 -16 ) (-1472 1024 -16 ) 
4 54 70 (-1152 1024 304 ) (-1152 1024 1184 ) (-1472 1024 1184 ) (-1472 1024 304 ) 
4 54 69 (-1152 1024 1184 ) (-1152 1024 1744 ) (-1472 1024 1744 ) (-1472 1024 1184 ) 
4 54 71 (-1152 1024 -16 ) (-1152 1024 304 ) (-1472 1024 304 ) (-1472 1024 -16 ) 
4 54 67 (-1152 1024 -96 ) (-1024 1024 -96 ) (-1024 1024 1744 ) (-1152 1024 1744 ) 
5 54 55 (-2048 2048 -96 ) (-1024 2048 -96 ) (-1024 1160 -96 ) (-1160 1024 -96 ) (-2048 1024 -96 ) 
4 55 84 (-2048 1024 -416 ) (-2048 1024 -96 ) (-2048 2048 -96 ) (-2048 2048 -416 ) 
4 55 78 (-1552 1024 -416 ) (-1472 1024 -416 ) (-1472 1024 -96 ) (-1552 1024 -96 ) 
4 55 79 (-2048 1024 -96 ) (-2048 1024 -416 ) (-1552 1024 -416 ) (-1552 1024 -96 ) 
4 55 73 (-1472 1024 -416 ) (-1160 1024 -416 ) (-1160 1024 -96 ) (-1472 1024 -96 ) 
4 55 56 (-1472 2048 -416 ) (-1024 2048 -416 ) (-1024 1352 -416 ) (-1472 1352 -416 ) 
4 55 58 (-2048 2048 -416 ) (-1472 2048 -416 ) (-1472 1024 -416 ) (-2048 1024 -416 ) 
4 56 57 (-1472 1352 -496 ) (-1472 1352 -976 ) (-1024 1352 -976 ) (-1024 1352 -496 ) 
4 56 58 (-1472 2048 -976 ) (-1472 1352 -976 ) (-1472 1352 -416 ) (-1472 2048 -416 ) 
4 57 80 (-1472 1024 -976 ) (-1024 1024 -976 ) (-1024 1024 -496 ) (-1472 1024 -496 ) 
4 57 58 (-1472 1352 -976 ) (-1472 1024 -976 ) (-1472 1024 -496 ) (-1472 1352 -496 ) 
4 58 84 (-2048 1024 -976 ) (-2048 1024 -416 ) (-2048 2048 -416 ) (-2048 2048 -976 ) 
4 58 81 (-2048 1024 -416 ) (-2048 1024 -976 ) (-1472 1024 -976 ) (-1472 1024 -416 ) 
4 59 67 (-1024 1024 1744 ) (-1024 1024 -96 ) (-1024 712 -96 ) (-1024 712 1744 ) 
4 59 60 (-1024 712 1744 ) (-1024 712 -96 ) (0 712 -96 ) (0 712 1744 ) 
4 60 218 (-1024 0 -16 ) (-1024 0 -96 ) (-832 0 -96 ) (-832 0 -16 ) 
4 60 216 (-832 0 1744 ) (-1024 0 1744 ) (-1024 0 -16 ) (-832 0 -16 ) 
4 60 205 (-592 0 1744 ) (-752 0 1744 ) (-752 0 -96 ) (-592 0 -96 ) 
4 60 208 (-752 0 1744 ) (-832 0 1744 ) (-832 0 -96 ) (-752 0 -96 ) 
4 60 201 (0 0 -96 ) (0 0 1744 ) (-289.600037 0 1744 ) (-289.600006 0 -96 ) 
4 60 200 (-289.600037 0 1744 ) (-592 0 1744 ) (-592 0 -96 ) (-289.600006 0 -96 ) 
4 60 67 (-1024 0 -96 ) (-1024 0 1744 ) (-1024 712 1744 ) (-1024 712 -96 ) 
5 60 65 (-752 0 -96 ) (-1024 0 -96 ) (-1024 520 -96 ) (-832 712 -96 ) (-752 712 -96 ) 
4 60 64 (-592 0 -96 ) (-752 0 -96 ) (-752 552 -96 ) (-592 552 -96 ) 
4 60 62 (0 0 -96 ) (-289.600037 0 -96 ) (-432 712 -96 ) (0 712 -96 ) 
4 60 61 (-289.600037 0 -96 ) (-592 0 -96 ) (-592 712 -96 ) (-432 712 -96 ) 
4 61 200 (-289.600037 0 -96 ) (-592 0 -96 ) (-592 0 -416 ) (-289.600006 0 -416 ) 
4 61 63 (-592 712 -176 ) (-592 712 -416 ) (-592 552 -416 ) (-592 552 -176 ) 
4 61 64 (-592 0 -96 ) (-592 552 -96 ) (-592 552 -416 ) (-592 0 -416 ) 
3 61 62 (-432 712 -96 ) (-289.600342 0 -96 ) (-289.600250 0 -380.799988 ) 
4 62 201 (0 0 -380.799988 ) (0 0 -96 ) (-289.600037 0 -96 ) (-289.600006 0 -380.799988 ) 
4 63 65 (-752 712 -176 ) (-752 712 -416 ) (-752 552 -416 ) (-752 552 -176 ) 
4 63 64 (-752 552 -176 ) (-752 552 -416 ) (-592 552 -416 ) (-592 552 -176 ) 
4 64 205 (-592 0 -96 ) (-752 0 -96 ) (-752 0 -416 ) (-592 0 -416 ) 
4 64 65 (-752 0 -96 ) (-752 552 -96 ) (-752 552 -416 ) (-752 0 -416 ) 
4 65 219 (-832 0 -96 ) (-1024 0 -96 ) (-1024 0 -416 ) (-832 0 -416 ) 
4 65 208 (-752 0 -96 ) (-832 0 -96 ) (-832 0 -416 ) (-752 0 -416 ) 
4 65 68 (-1024 520 -416 ) (-1024 0 -416 ) (-1024 0 -96 ) (-1024 520 -96 ) 
4 66 220 (0 0 -976 ) (0 0 -496 ) (-1024 0 -496 ) (-1024 0 -976 ) 
4 66 80 (-1024 1024 -496 ) (-1024 1024 -976 ) (-1024 0 -976 ) (-1024 0 -496 ) 
4 67 225 (-1024 0 -96 ) (-1024 0 -16 ) (-1152 0 -16 ) (-1152 0 -96 ) 
4 67 222 (-1024 0 -16 ) (-1024 0 1184 ) (-1152 0 1184 ) (-1152 0 -16 ) 
4 67 221 (-1024 0 1184 ) (-1024 0 1744 ) (-1152 0 1744 ) (-1152 0 1184 ) 
4 67 74 (-1152 0 1184 ) (-1152 0 1744 ) (-1152 152 1744 ) (-1152 152 1184 ) 
4 67 75 (-1152 0 -16 ) (-1152 0 304 ) (-1152 152 304 ) (-1152 152 -16 ) 
4 67 72 (-1152 1024 -16 ) (-1152 1024 -96 ) (-1152 392 -96 ) (-1152 392 -16 ) 
4 67 70 (-1152 1024 1184 ) (-1152 1024 304 ) (-1152 392 304 ) (-1152 392 1184 ) 
4 67 69 (-1152 152 1744 ) (-1152 1024 1744 ) (-1152 1024 1184 ) (-1152 152 1184 ) 
4 67 71 (-1152 1024 304 ) (-1152 1024 -16 ) (-1152 152 -16 ) (-1152 152 304 ) 
4 67 68 (-1024 0 -96 ) (-1152 0 -96 ) (-1152 392 -96 ) (-1024 520 -96 ) 
4 68 227 (-1024 0 -416 ) (-1024 0 -96 ) (-1152 0 -96 ) (-1152 0 -416 ) 
4 68 76 (-1152 152 -416 ) (-1152 0 -416 ) (-1152 0 -96 ) (-1152 152 -96 ) 
4 69 77 (-1472 1024 1744 ) (-1472 1024 1184 ) (-1472 152 1184 ) (-1472 152 1744 ) 
4 69 74 (-1472 152 1744 ) (-1472 152 1184 ) (-1152 152 1184 ) (-1152 152 1744 ) 
4 69 70 (-1472 712 1184 ) (-1472 1024 1184 ) (-1152 1024 1184 ) (-1152 392 1184 ) 
4 70 77 (-1472 1024 1184 ) (-1472 1024 304 ) (-1472 712 304 ) (-1472 712 1184 ) 
4 70 71 (-1472 712 304 ) (-1472 1024 304 ) (-1152 1024 304 ) (-1152 392 304 ) 
4 71 77 (-1472 1024 304 ) (-1472 1024 -16 ) (-1472 152 -16 ) (-1472 152 304 ) 
4 71 75 (-1472 152 304 ) (-1472 152 -16 ) (-1152 152 -16 ) (-1152 152 304 ) 
4 71 72 (-1472 712 -16 ) (-1472 1024 -16 ) (-1152 1024 -16 ) (-1152 392 -16 ) 
4 72 77 (-1472 1024 -16 ) (-1472 1024 -96 ) (-1472 712 -96 ) (-1472 712 -16 ) 
3 72 73 (-1472 712 -96 ) (-1472 1024 -96 ) (-1160 1024 -96 ) 
4 73 78 (-1472 1024 -96 ) (-1472 1024 -416 ) (-1472 712 -416 ) (-1472 712 -96 ) 
4 74 221 (-1472 0 1744 ) (-1472 0 1184 ) (-1152 0 1184 ) (-1152 0 1744 ) 
4 74 77 (-1472 0 1184 ) (-1472 0 1744 ) (-1472 152 1744 ) (-1472 152 1184 ) 
4 75 223 (-1472 0 304 ) (-1472 0 -16 ) (-1152 0 -16 ) (-1152 0 304 ) 
4 75 77 (-1472 0 -16 ) (-1472 0 304 ) (-1472 152 304 ) (-1472 152 -16 ) 
4 76 231 (-1472 0 -96 ) (-1472 0 -416 ) (-1232 0 -416 ) (-1232 0 -96 ) 
4 76 228 (-1232 0 -416 ) (-1152 0 -416 ) (-1152 0 -96 ) (-1232 0 -96 ) 
4 77 226 (-2048 0 -16 ) (-2048 0 -96 ) (-1472 0 -96 ) (-1472 0 -16 ) 
4 77 224 (-2048 0 1184 ) (-2048 0 -16 ) (-1472 0 -16 ) (-1472 0 1184 ) 
4 77 221 (-2048 0 1744 ) (-2048 0 1184 ) (-1472 0 1184 ) (-1472 0 1744 ) 
4 77 85 (-2048 0 -96 ) (-2048 0 1744 ) (-2048 1024 1744 ) (-2048 1024 -96 ) 
4 77 78 (-1552 1024 -96 ) (-1472 1024 -96 ) (-1472 152 -96 ) (-1552 152 -96 ) 
4 77 79 (-2048 0 -96 ) (-2048 1024 -96 ) (-1552 1024 -96 ) (-1552 0 -96 ) 
4 78 81 (-1552 1024 -416 ) (-1472 1024 -416 ) (-1472 152 -416 ) (-1552 152 -416 ) 
4 78 79 (-1552 1024 -416 ) (-1552 152 -416 ) (-1552 152 -96 ) (-1552 1024 -96 ) 
4 79 232 (-2048 0 -96 ) (-2048 0 -416 ) (-1552 0 -416 ) (-1552 0 -96 ) 
4 79 85 (-2048 0 -416 ) (-2048 0 -96 ) (-2048 1024 -96 ) (-2048 1024 -416 ) 
4 79 81 (-2048 0 -416 ) (-2048 1024 -416 ) (-1552 1024 -416 ) (-1552 0 -416 ) 
4 80 234 (-1024 0 -976 ) (-1024 0 -496 ) (-1472 0 -496 ) (-1472 0 -976 ) 
4 80 81 (-1472 1024 -976 ) (-1472 0 -976 ) (-1472 0 -496 ) (-1472 1024 -496 ) 
4 81 234 (-2048 0 -496 ) (-2048 0 -976 ) (-1472 0 -976 ) (-1472 0 -496 ) 
4 81 233 (-1472 0 -416 ) (-2048 0 -416 ) (-2048 0 -496 ) (-1472 0 -496 ) 
4 81 85 (-2048 0 -976 ) (-2048 0 -416 ) (-2048 1024 -416 ) (-2048 1024 -976 ) 
4 82 84 (-2048 2048 -976 ) (-2048 2048 1744 ) (-3072 2048 1744 ) (-3072 2048 -976 ) 
4 82 83 (-3072 3072 1744 ) (-3072 3072 -976 ) (-3072 2048 -976 ) (-3072 2048 1744 ) 
4 83 86 (-3072 2048 -976 ) (-3072 2048 1744 ) (-3472 2048 1744 ) (-3472 2048 -976 ) 
4 84 86 (-3072 2048 1744 ) (-3072 2048 -976 ) (-3072 1024 -976 ) (-3072 1024 1744 ) 
4 84 85 (-2048 1024 -976 ) (-2048 1024 1744 ) (-3072 1024 1744 ) (-3072 1024 -976 ) 
4 85 269 (-2048 0 -976 ) (-2048 0 1744 ) (-3072 0 1744 ) (-3072 0 -976 ) 
4 85 87 (-3072 0 -976 ) (-3072 0 1744 ) (-3072 1024 1744 ) (-3072 1024 -976 ) 
4 86 87 (-3072 1024 -976 ) (-3072 1024 1744 ) (-3472 1024 1744 ) (-3472 1024 -976 ) 
4 87 271 (-3072 0 -976 ) (-3072 0 1744 ) (-3472 0 1744 ) (-3472 0 -976 ) 
4 88 90 (3072 0 1744 ) (3072 0 -976 ) (3072 -1024 -976 ) (3072 -1024 1744 ) 
4 88 89 (3728 -1024 1744 ) (3072 -1024 1744 ) (3072 -1024 -976 ) (3728 -1024 -976 ) 
4 89 173 (3728 -2048 1744 ) (3072 -2048 1744 ) (3072 -2048 -976 ) (3728 -2048 -976 ) 
4 89 96 (3072 -2048 -976 ) (3072 -2048 -414.750000 ) (3072 -1024 -414.750000 ) (3072 -1024 -976 ) 
4 89 92 (3072 -2048 -414.750000 ) (3072 -2048 -234.467010 ) (3072 -1024 -234.467010 ) (3072 -1024 -414.750000 ) 
4 89 91 (3072 -2048 -234.467010 ) (3072 -2048 1744 ) (3072 -1024 1744 ) (3072 -1024 -234.467010 ) 
4 90 108 (2048 -1024 -976 ) (2048 -1024 -416 ) (2048 0 -416 ) (2048 0 -976 ) 
4 90 100 (2048 -1024 -416 ) (2048 -1024 -96 ) (2048 0 -96 ) (2048 0 -416 ) 
4 90 97 (2048 -1024 -96 ) (2048 -1024 1744 ) (2048 0 1744 ) (2048 0 -96 ) 
4 90 96 (3072 -1024 -976 ) (3072 -1024 -414.750000 ) (2048 -1024 -414.750000 ) (2048 -1024 -976 ) 
4 90 92 (3072 -1024 -414.750000 ) (3072 -1024 -234.467010 ) (2048 -1024 -234.467010 ) (2048 -1024 -414.750000 ) 
4 90 91 (3072 -1024 -234.467010 ) (3072 -1024 1744 ) (2048 -1024 1744 ) (2048 -1024 -234.467010 ) 
4 91 175 (3072 -2048 -234.467010 ) (3072 -2048 1744 ) (2048 -2048 1744 ) (2048 -2048 -234.467010 ) 
4 91 136 (2048 -2048 -234.467010 ) (2048 -2048 -96 ) (2048 -1024 -96 ) (2048 -1024 -234.467010 ) 
4 91 134 (2048 -1608 304 ) (2048 -1448 304 ) (2048 -1448 -96 ) (2048 -1608 -96 ) 
4 91 133 (2048 -1448 304 ) (2048 -1024 304 ) (2048 -1024 -96 ) (2048 -1448 -96 ) 
4 91 135 (2048 -2048 -96 ) (2048 -2048 304 ) (2048 -1608 304 ) (2048 -1608 -96 ) 
4 91 130 (2048 -2048 304 ) (2048 -2048 1744 ) (2048 -1024 1744 ) (2048 -1024 304 ) 
3 91 95 (2048 -1922.285522 -234.467010 ) (2048 -1831.529419 -234.467010 ) (2093 -1813 -234.467010 ) 
3 91 94 (2048 -1624.470581 -234.467010 ) (2048 -1533.714355 -234.467010 ) (2093 -1643 -234.467010 ) 
4 91 93 (2259.764648 -2048 -234.467010 ) (2048 -2048 -234.467010 ) (2048 -1922.285522 -234.467010 ) (2128 -1728 -234.467010 ) 
5 91 92 (3072 -2048 -234.467010 ) (2259.764648 -2048 -234.467010 ) (2048 -1533.714355 -234.467010 ) (2048 -1024 -234.467010 ) (3072 -1024 -234.467010 ) 
4 92 175 (3072 -2048 -414.750000 ) (3072 -2048 -234.467010 ) (2259.764648 -2048 -234.467010 ) (2259.764648 -2048 -414.750000 ) 
4 92 143 (2048 -1533.714355 -234.467010 ) (2048 -1339.428467 -234.467010 ) (2048 -1339.428467 -414.750000 ) (2048 -1533.714355 -414.750000 ) 
4 92 142 (2048 -1339.428467 -234.467010 ) (2048 -1024 -234.467010 ) (2048 -1024 -414.750000 ) (2048 -1339.428467 -414.750000 ) 
5 92 96 (2048 -1533.714355 -414.750000 ) (2048 -1024 -414.750000 ) (3072 -1024 -414.750000 ) (3072 -2048 -414.750000 ) (2259.764648 -2048 -414.750000 ) 
4 92 94 (2048 -1533.715332 -414.750000 ) (2093 -1643 -414.750000 ) (2092.997803 -1643 -234.467010 ) (2048 -1533.718750 -234.467010 ) 
4 92 93 (2128 -1728 -414.750000 ) (2259.764160 -2048 -414.750000 ) (2259.762939 -2048 -234.467010 ) (2128 -1728.002075 -234.467010 ) 
4 93 175 (2259.764648 -2048 -234.467010 ) (2048 -2048 -234.467010 ) (2048 -2048 -414.750000 ) (2259.764648 -2048 -414.750000 ) 
4 93 145 (2048 -2048 -414.750000 ) (2048 -2048 -234.467010 ) (2048 -1922.285522 -234.467010 ) (2048 -1922.285522 -414.750000 ) 
4 93 96 (2048 -2048 -414.750000 ) (2048 -1922.285522 -414.750000 ) (2128 -1728 -414.750000 ) (2259.764648 -2048 -414.750000 ) 
4 93 95 (2092.998047 -1813 -414.750000 ) (2048 -1922.281738 -414.750000 ) (2048 -1922.279907 -234.467010 ) (2092.997559 -1813 -234.467010 ) 
4 94 144 (2048 -1624.470581 -234.467010 ) (2048 -1591.529175 -234.467010 ) (2048 -1591.529175 -414.750000 ) (2048 -1624.470581 -414.750000 ) 
4 94 143 (2048 -1591.529175 -234.467010 ) (2048 -1533.714355 -234.467010 ) (2048 -1533.714355 -414.750000 ) (2048 -1591.529175 -414.750000 ) 
3 94 96 (2048 -1624.470581 -414.750000 ) (2048 -1533.714355 -414.750000 ) (2093 -1643 -414.750000 ) 
4 95 146 (2048 -1864.470703 -234.467010 ) (2048 -1831.529419 -234.467010 ) (2048 -1831.529419 -414.750000 ) (2048 -1864.470703 -414.750000 ) 
4 95 145 (2048 -1922.285522 -234.467010 ) (2048 -1864.470703 -234.467010 ) (2048 -1864.470703 -414.750000 ) (2048 -1922.285522 -414.750000 ) 
3 95 96 (2048 -1922.285522 -414.750000 ) (2048 -1831.529419 -414.750000 ) (2093 -1813 -414.750000 ) 
4 96 175 (3072 -2048 -976 ) (3072 -2048 -414.750000 ) (2048 -2048 -414.750000 ) (2048 -2048 -976 ) 
4 96 156 (2048 -2048 -976 ) (2048 -2048 -496 ) (2048 -1024 -496 ) (2048 -1024 -976 ) 
4 96 155 (2048 -2048 -496 ) (2048 -2048 -416 ) (2048 -1024 -416 ) (2048 -1024 -496 ) 
4 96 148 (2048 -2048 -416 ) (2048 -2048 -414.750000 ) (2048 -1024 -414.750000 ) (2048 -1024 -416 ) 
4 97 133 (2048 -1024 -96 ) (2048 -1024 304 ) (1408 -1024 304 ) (1408 -1024 -96 ) 
4 97 130 (2048 -1024 304 ) (2048 -1024 1744 ) (1408 -1024 1744 ) (1408 -1024 304 ) 
4 97 100 (2048 -1024 -96 ) (1488 -1024 -96 ) (1488 0 -96 ) (2048 0 -96 ) 
4 97 98 (1408 -1024 1184 ) (1408 -1024 1744 ) (1408 0 1744 ) (1408 0 1184 ) 
4 97 99 (1408 0 -96 ) (1408 -1024 -96 ) (1408 -1024 304 ) (1408 0 304 ) 
4 98 131 (1408 -1024 1744 ) (1088 -1024 1744 ) (1088 -1024 1184 ) (1408 -1024 1184 ) 
4 98 105 (1088 -1024 1184 ) (1088 -1024 1744 ) (1088 0 1744 ) (1088 0 1184 ) 
4 99 133 (1088 -1024 304 ) (1088 -1024 -96 ) (1408 -1024 -96 ) (1408 -1024 304 ) 
4 99 105 (1088 -1024 -96 ) (1088 -1024 304 ) (1088 0 304 ) (1088 0 -96 ) 
4 100 148 (2048 -1024 -416 ) (2048 -1024 -414.750000 ) (1488 -1024 -414.750000 ) (1488 -1024 -416 ) 
4 100 142 (2048 -1024 -414.750000 ) (2048 -1024 -234.467010 ) (1488 -1024 -234.467010 ) (1488 -1024 -414.750000 ) 
4 100 136 (2048 -1024 -234.467010 ) (2048 -1024 -96 ) (1488 -1024 -96 ) (1488 -1024 -234.467010 ) 
4 100 108 (2048 -1024 -416 ) (1488 -1024 -416 ) (1488 0 -416 ) (2048 0 -416 ) 
4 101 150 (1168 -1024 -416 ) (1408 -1024 -416 ) (1408 -1024 -176 ) (1168 -1024 -176 ) 
4 101 103 (1168 -248 -416 ) (1168 -568 -416 ) (1168 -568 -176 ) (1168 -248 -176 ) 
4 101 104 (1168 -728 -416 ) (1168 -1024 -416 ) (1168 -1024 -176 ) (1168 -728 -176 ) 
4 101 102 (1168 0 -416 ) (1168 -88 -416 ) (1168 -88 -176 ) (1168 0 -176 ) 
4 102 107 (1088 0 -416 ) (1088 -88 -416 ) (1088 -88 -176 ) (1088 0 -176 ) 
4 103 107 (1088 -248 -416 ) (1088 -568 -416 ) (1088 -568 -176 ) (1088 -248 -176 ) 
4 104 151 (1088 -1024 -176 ) (1088 -1024 -416 ) (1168 -1024 -416 ) (1168 -1024 -176 ) 
4 104 107 (1088 -728 -416 ) (1088 -1024 -416 ) (1088 -1024 -176 ) (1088 -728 -176 ) 
4 105 133 (1024 -1024 304 ) (1024 -1024 -96 ) (1088 -1024 -96 ) (1088 -1024 304 ) 
4 105 132 (1024 -1024 1744 ) (1024 -1024 304 ) (1088 -1024 304 ) (1088 -1024 1744 ) 
4 105 110 (1024 -1024 -96 ) (1024 -1024 1744 ) (1024 0 1744 ) (1024 0 -96 ) 
4 105 106 (1024 0 -96 ) (1088 0 -96 ) (1088 -88 -96 ) (1024 -152 -96 ) 
4 106 111 (1024 -152 -96 ) (1024 0 -96 ) (1024 0 -176 ) (1024 -152 -176 ) 
4 106 107 (1024 -152 -176 ) (1024 0 -176 ) (1088 0 -176 ) (1088 -88 -176 ) 
4 107 153 (1024 -1024 -176 ) (1024 -1024 -416 ) (1088 -1024 -416 ) (1088 -1024 -176 ) 
4 107 113 (1024 -1024 -416 ) (1024 -1024 -176 ) (1024 0 -176 ) (1024 0 -416 ) 
4 108 156 (2048 -1024 -976 ) (2048 -1024 -496 ) (1408 -1024 -496 ) (1408 -1024 -976 ) 
4 108 155 (2048 -1024 -496 ) (2048 -1024 -416 ) (1408 -1024 -416 ) (1408 -1024 -496 ) 
4 108 109 (1408 0 -976 ) (1408 -1024 -976 ) (1408 -1024 -496 ) (1408 0 -496 ) 
4 109 156 (1024 -1024 -496 ) (1024 -1024 -976 ) (1408 -1024 -976 ) (1408 -1024 -496 ) 
4 109 129 (1024 -1024 -976 ) (1024 -1024 -496 ) (1024 0 -496 ) (1024 0 -976 ) 
4 110 157 (1024 -1024 -96 ) (1024 -1024 1744 ) (768 -1024 1744 ) (768 -1024 -96 ) 
4 110 120 (768 -568 -96 ) (768 -728 -96 ) (768 -728 1744 ) (768 -568 1744 ) 
4 110 119 (768 -248 -96 ) (768 -568 -96 ) (768 -568 1744 ) (768 -248 1744 ) 
4 110 121 (768 -728 -96 ) (768 -1024 -96 ) (768 -1024 1744 ) (768 -728 1744 ) 
4 110 114 (768 0 1744 ) (768 0 -96 ) (768 -248 -96 ) (768 -248 1744 ) 
3 110 112 (904 -1024 -96 ) (768 -1024 -96 ) (768 -888 -96 ) 
4 110 111 (768 -408 -96 ) (768 0 -96 ) (1024 0 -96 ) (1024 -152 -96 ) 
4 111 119 (768 -248 -176 ) (768 -408 -176 ) (768 -408 -96 ) (768 -248 -96 ) 
4 111 114 (768 0 -96 ) (768 0 -176 ) (768 -248 -176 ) (768 -248 -96 ) 
4 111 113 (768 -408 -176 ) (768 0 -176 ) (1024 0 -176 ) (1024 -152 -176 ) 
4 112 158 (904 -1024 -96 ) (768 -1024 -96 ) (768 -1024 -176 ) (904 -1024 -176 ) 
4 112 121 (768 -888 -176 ) (768 -1024 -176 ) (768 -1024 -96 ) (768 -888 -96 ) 
3 112 113 (768 -1024 -176 ) (768 -888 -176 ) (904 -1024 -176 ) 
4 113 159 (768 -1024 -416 ) (1024 -1024 -416 ) (1024 -1024 -176 ) (768 -1024 -176 ) 
4 113 119 (768 -248 -416 ) (768 -568 -416 ) (768 -568 -176 ) (768 -248 -176 ) 
4 113 121 (768 -728 -416 ) (768 -1024 -416 ) (768 -1024 -176 ) (768 -728 -176 ) 
4 113 114 (768 0 -176 ) (768 0 -416 ) (768 -248 -416 ) (768 -248 -176 ) 
4 114 119 (768 -248 -416 ) (768 -248 1744 ) (688 -248 1744 ) (688 -248 -416 ) 
4 114 116 (688 -248 544 ) (688 -248 1744 ) (688 -88 1744 ) (688 -88 544 ) 
4 114 115 (688 0 -416 ) (688 -88 -416 ) (688 -88 1744 ) (688 0 1744 ) 
4 115 117 (528 0 -416 ) (528 -88 -416 ) (528 -88 1744 ) (528 0 1744 ) 
4 115 116 (528 -88 1744 ) (528 -88 544 ) (688 -88 544 ) (688 -88 1744 ) 
4 116 119 (688 -248 1744 ) (528 -248 1744 ) (528 -248 544 ) (688 -248 544 ) 
4 116 117 (528 -248 544 ) (528 -248 1744 ) (528 -88 1744 ) (528 -88 544 ) 
4 117 127 (208 -88 -416 ) (208 -248 -416 ) (208 -248 -176 ) (208 -88 -176 ) 
4 117 123 (208 -248 -176 ) (208 -248 -96 ) (208 -88 -96 ) (208 -88 -176 ) 
4 117 122 (208 -248 -96 ) (208 -248 1744 ) (208 -88 1744 ) (208 -88 -96 ) 
4 117 119 (528 -248 1744 ) (208 -248 1744 ) (208 -248 -416 ) (528 -248 -416 ) 
4 117 118 (208 -87.998024 -416 ) (208 -87.998093 1744 ) (225.599625 0 1744 ) (225.599609 0 -380.800049 ) 
4 118 128 (208 -88 -416 ) (208 -88 -176 ) (208 0 -176 ) (208 0 -380.800049 ) 
4 118 123 (208 -88 -176 ) (208 -88 -96 ) (208 0 -96 ) (208 0 -176 ) 
4 118 122 (208 -88 -96 ) (208 -88 1744 ) (208 0 1744 ) (208 0 -96 ) 
4 119 127 (208 -248 -416 ) (208 -568 -416 ) (208 -568 -176 ) (208 -248 -176 ) 
4 119 124 (208 -568 -176 ) (208 -568 -96 ) (208 -408 -96 ) (208 -408 -176 ) 
4 119 123 (208 -408 -96 ) (208 -248 -96 ) (208 -248 -176 ) (208 -408 -176 ) 
4 119 122 (208 -568 -96 ) (208 -568 1744 ) (208 -248 1744 ) (208 -248 -96 ) 
4 119 120 (768 -568 -96 ) (768 -568 1744 ) (208 -568 1744 ) (208 -568 -96 ) 
4 120 122 (208 -728 -96 ) (208 -728 1744 ) (208 -568 1744 ) (208 -568 -96 ) 
4 120 121 (768 -728 -96 ) (768 -728 1744 ) (208 -728 1744 ) (208 -728 -96 ) 
4 121 160 (528 -1024 -416 ) (688 -1024 -416 ) (688 -1024 1744 ) (528 -1024 1744 ) 
4 121 163 (208 -1024 -416 ) (528 -1024 -416 ) (528 -1024 1744 ) (208 -1024 1744 ) 
4 121 158 (768 -1024 -176 ) (768 -1024 -96 ) (688 -1024 -96 ) (688 -1024 -176 ) 
4 121 157 (768 -1024 -96 ) (768 -1024 1744 ) (688 -1024 1744 ) (688 -1024 -96 ) 
4 121 159 (688 -1024 -416 ) (768 -1024 -416 ) (768 -1024 -176 ) (688 -1024 -176 ) 
4 121 127 (208 -728 -416 ) (208 -1024 -416 ) (208 -1024 -176 ) (208 -728 -176 ) 
4 121 125 (208 -888 -96 ) (208 -728 -96 ) (208 -728 -176 ) (208 -888 -176 ) 
4 121 126 (208 -1024 -176 ) (208 -1024 -96 ) (208 -888 -96 ) (208 -888 -176 ) 
4 121 122 (208 -1024 -96 ) (208 -1024 1744 ) (208 -728 1744 ) (208 -728 -96 ) 
4 122 212 (0 -728 -96 ) (0 -1024 -96 ) (0 -1024 1744 ) (0 -728 1744 ) 
4 122 209 (0 -568 -96 ) (0 -728 -96 ) (0 -728 1744 ) (0 -568 1744 ) 
4 122 202 (0 -408 -96 ) (0 -568 -96 ) (0 -568 1744 ) (0 -408 1744 ) 
4 122 201 (0 0 1744 ) (0 0 -96 ) (0 -408 -96 ) (0 -408 1744 ) 
4 122 163 (0 -1024 1744 ) (0 -1024 -96 ) (208 -1024 -96 ) (208 -1024 1744 ) 
3 122 125 (208 -728 -96 ) (208 -888 -96 ) (48 -888 -96 ) 
3 122 124 (48 -408 -96 ) (208 -408 -96 ) (208 -568 -96 ) 
4 122 126 (0 -1024 -96 ) (0 -888 -96 ) (208 -888 -96 ) (208 -1024 -96 ) 
4 122 123 (0 -408 -96 ) (0 0 -96 ) (208 0 -96 ) (208 -408 -96 ) 
4 123 201 (0 0 -96 ) (0 0 -176 ) (0 -408 -176 ) (0 -408 -96 ) 
5 123 128 (208 0 -176 ) (208 -88 -176 ) (144 -408 -176 ) (0 -408 -176 ) (0 0 -176 ) 
3 123 127 (208 -88 -176 ) (208 -408 -176 ) (144 -408 -176 ) 
4 123 124 (48 -408 -176 ) (208 -408 -176 ) (208 -408 -96 ) (48 -408 -96 ) 
3 124 128 (128 -488 -176 ) (48 -408 -176 ) (144 -408 -176 ) 
4 124 127 (208 -408 -176 ) (208 -568 -176 ) (128 -488 -176 ) (144 -408 -176 ) 
3 125 127 (208 -728 -176 ) (208 -888 -176 ) (48 -888 -176 ) 
4 125 126 (48 -888 -176 ) (208 -888 -176 ) (208 -888 -96 ) (48 -888 -96 ) 
4 126 215 (0 -888 -176 ) (0 -1024 -176 ) (0 -1024 -96 ) (0 -888 -96 ) 
4 126 163 (0 -1024 -96 ) (0 -1024 -176 ) (208 -1024 -176 ) (208 -1024 -96 ) 
4 126 128 (20.800003 -1024 -176 ) (0 -1024 -176 ) (0 -888 -176 ) (48 -888 -176 ) 
4 126 127 (208 -888 -176 ) (208 -1024 -176 ) (20.800003 -1024 -176 ) (48 -888 -176 ) 
4 127 163 (20.800011 -1024 -416 ) (208 -1024 -416 ) (208 -1024 -176 ) (20.800003 -1024 -176 ) 
4 127 128 (20.799219 -1024 -176 ) (208 -87.996094 -176 ) (208 -87.996109 -416 ) (20.799225 -1024 -416 ) 
4 128 214 (0 -728 -416 ) (0 -888 -416 ) (0 -888 -176 ) (0 -728 -176 ) 
4 128 215 (0 -888 -416 ) (0 -1024 -416 ) (0 -1024 -176 ) (0 -888 -176 ) 
4 128 210 (0 -568 -416 ) (0 -728 -416 ) (0 -728 -176 ) (0 -568 -176 ) 
4 128 204 (0 -408 -416 ) (0 -568 -416 ) (0 -568 -176 ) (0 -408 -176 ) 
5 128 201 (0 0 -176 ) (0 0 -380.799988 ) (0 -88 -416 ) (0 -408 -416 ) (0 -408 -176 ) 
4 128 163 (0 -1024 -176 ) (0 -1024 -416 ) (20.800011 -1024 -416 ) (20.800003 -1024 -176 ) 
4 129 220 (0 0 -496 ) (0 0 -976 ) (0 -1024 -976 ) (0 -1024 -496 ) 
4 129 172 (0 -1024 -496 ) (0 -1024 -976 ) (1024 -1024 -976 ) (1024 -1024 -496 ) 
4 130 176 (2048 -2048 304 ) (2048 -2048 1744 ) (1408 -2048 1744 ) (1408 -2048 304 ) 
4 130 134 (2048 -1448 304 ) (2048 -1608 304 ) (1408 -1608 304 ) (1408 -1448 304 ) 
4 130 133 (1408 -1024 304 ) (2048 -1024 304 ) (2048 -1448 304 ) (1408 -1448 304 ) 
4 130 135 (2048 -1608 304 ) (2048 -2048 304 ) (1408 -2048 304 ) (1408 -1608 304 ) 
4 130 131 (1408 -2048 1184 ) (1408 -2048 1744 ) (1408 -1024 1744 ) (1408 -1024 1184 ) 
4 131 177 (1408 -2048 1744 ) (1088 -2048 1744 ) (1088 -2048 1184 ) (1408 -2048 1184 ) 
4 131 132 (1088 -2048 1184 ) (1088 -2048 1744 ) (1088 -1024 1744 ) (1088 -1024 1184 ) 
4 132 179 (1088 -2048 1744 ) (1024 -2048 1744 ) (1024 -2048 304 ) (1088 -2048 304 ) 
4 132 167 (1024 -1608 304 ) (1024 -2048 304 ) (1024 -2048 1744 ) (1024 -1608 1744 ) 
4 132 164 (1024 -1448 304 ) (1024 -1608 304 ) (1024 -1608 1744 ) (1024 -1448 1744 ) 
4 132 157 (1024 -1024 1744 ) (1024 -1024 304 ) (1024 -1448 304 ) (1024 -1448 1744 ) 
4 132 134 (1088 -1448 304 ) (1088 -1608 304 ) (1024 -1608 304 ) (1024 -1448 304 ) 
4 132 133 (1024 -1024 304 ) (1088 -1024 304 ) (1088 -1448 304 ) (1024 -1448 304 ) 
4 132 135 (1088 -1608 304 ) (1088 -2048 304 ) (1024 -2048 304 ) (1024 -1608 304 ) 
4 133 157 (1024 -1024 304 ) (1024 -1024 -96 ) (1024 -1448 -96 ) (1024 -1448 304 ) 
4 133 152 (1088 -1208 -96 ) (1088 -1448 -96 ) (1024 -1448 -96 ) (1024 -1144 -96 ) 
4 133 137 (1488 -1208 -96 ) (1488 -1448 -96 ) (1408 -1448 -96 ) (1408 -1208 -96 ) 
4 133 136 (1488 -1024 -96 ) (2048 -1024 -96 ) (2048 -1448 -96 ) (1488 -1448 -96 ) 
5 133 134 (1088 -1448 -96 ) (2048 -1448 -96 ) (2048 -1448 304 ) (1024 -1448 304 ) (1024 -1448 -80 ) 
4 134 165 (1024 -1608 -80 ) (1024 -1608 -56 ) (1024 -1448 -56 ) (1024 -1448 -80 ) 
4 134 164 (1024 -1608 -56 ) (1024 -1608 304 ) (1024 -1448 304 ) (1024 -1448 -56 ) 
4 134 137 (1488 -1608 -96 ) (1408 -1608 -96 ) (1408 -1448 -96 ) (1488 -1448 -96 ) 
4 134 136 (2048 -1448 -96 ) (2048 -1608 -96 ) (1488 -1608 -96 ) (1488 -1448 -96 ) 
5 134 135 (1088 -1608 -96 ) (2048 -1608 -96 ) (2048 -1608 304 ) (1024 -1608 304 ) (1024 -1608 -80 ) 
4 135 178 (1408 -2048 304 ) (1088 -2048 304 ) (1088 -2048 -96 ) (1408 -2048 -96 ) 
4 135 176 (2048 -2048 -96 ) (2048 -2048 304 ) (1408 -2048 304 ) (1408 -2048 -96 ) 
4 135 179 (1088 -2048 304 ) (1024 -2048 304 ) (1024 -2048 -96 ) (1088 -2048 -96 ) 
4 135 167 (1024 -1608 -96 ) (1024 -2048 -96 ) (1024 -2048 304 ) (1024 -1608 304 ) 
4 135 154 (1024 -1912 -96 ) (1024 -1608 -96 ) (1088 -1608 -96 ) (1088 -1848 -96 ) 
4 135 137 (1488 -2048 -96 ) (1408 -2048 -96 ) (1408 -1608 -96 ) (1488 -1608 -96 ) 
4 135 136 (2048 -1608 -96 ) (2048 -2048 -96 ) (1488 -2048 -96 ) (1488 -1608 -96 ) 
4 136 180 (2048 -2048 -234.467010 ) (2048 -2048 -96 ) (1488 -2048 -96 ) (1488 -2048 -234.467010 ) 
3 136 146 (2048 -1831.529541 -234.467010 ) (2048 -1864.470703 -234.467010 ) (2008 -1848 -234.467010 ) 
4 136 145 (2048 -2048 -234.467010 ) (1922.782471 -2048 -234.467010 ) (2002.008789 -1845.533081 -234.467010 ) (2048 -1864.470703 -234.467010 ) 
3 136 144 (2048 -1591.529175 -234.467010 ) (2048 -1624.470581 -234.467010 ) (2008 -1608 -234.467010 ) 
3 136 143 (2048 -1339.428711 -234.467010 ) (2048 -1591.529175 -234.467010 ) (1923 -1643 -234.467010 ) 
5 136 142 (1488 -1484.521729 -234.467010 ) (1488 -1024 -234.467010 ) (2048 -1024 -234.467010 ) (2048 -1339.428711 -234.467010 ) (1918.837036 -1653.110229 -234.467010 ) 
3 136 141 (2002.008667 -1845.533081 -234.467010 ) (1970.038086 -1927.235596 -234.467010 ) (1923 -1813 -234.467010 ) 
4 136 140 (1922.782471 -2048 -234.467010 ) (1756.235352 -2048 -234.467010 ) (1888 -1728 -234.467010 ) (1970.038086 -1927.235596 -234.467010 ) 
4 136 139 (1756.235352 -2048 -234.467010 ) (1488 -2048 -234.467010 ) (1488 -1484.521729 -234.467010 ) (1918.836914 -1653.110107 -234.467010 ) 
8 136 138 (2008 -1688 -234.467010 ) (2036.750000 -1699.250122 -234.467010 ) (2048 -1728 -234.467010 ) (2036.749878 -1756.750122 -234.467010 ) (2008 -1768 -234.467010 ) (1979.245361 -1756.748169 -234.467010 ) (1967.997925 -1728.004761 -234.467010 ) (1979.249878 -1699.250000 -234.467010 ) 
4 136 137 (1488 -1208 -234.467010 ) (1488 -2048 -234.467010 ) (1488 -2048 -96 ) (1488 -1208 -96 ) 
4 137 180 (1488 -2048 -96 ) (1408 -2048 -96 ) (1408 -2048 -234.467010 ) (1488 -2048 -234.467010 ) 
4 137 147 (1488 -2048 -234.467010 ) (1408 -2048 -234.467010 ) (1408 -1208 -234.467010 ) (1488 -1208 -234.467010 ) 
8 138 148 (2048 -1728 -414.750000 ) (2036.749878 -1756.750122 -414.750000 ) (2008 -1768 -414.750000 ) (1979.245361 -1756.748169 -414.750000 ) (1967.997925 -1728.004761 -414.750000 ) (1979.249878 -1699.250000 -414.750000 ) (2008 -1688 -414.750000 ) (2036.750000 -1699.250122 -414.750000 ) 
4 139 180 (1756.235352 -2048 -234.467010 ) (1488 -2048 -234.467010 ) (1488 -2048 -414.750000 ) (1756.235352 -2048 -414.750000 ) 
4 139 148 (1756.235352 -2048 -414.750000 ) (1488 -2048 -414.750000 ) (1488 -1484.521729 -414.750000 ) (1918.836914 -1653.110107 -414.750000 ) 
4 139 147 (1488 -1484.521729 -414.750000 ) (1488 -2048 -414.750000 ) (1488 -2048 -234.467010 ) (1488 -1484.521729 -234.467010 ) 
4 139 142 (1918.836670 -1653.110840 -414.750000 ) (1488 -1484.522461 -414.750000 ) (1488 -1484.522461 -234.467010 ) (1918.836670 -1653.110718 -234.467010 ) 
4 139 140 (1756.233643 -2048 -414.750000 ) (1888 -1727.998291 -414.750000 ) (1888 -1727.998291 -234.467010 ) (1756.233643 -2048 -234.467010 ) 
4 140 180 (1922.782471 -2048 -234.467010 ) (1756.235352 -2048 -234.467010 ) (1756.235352 -2048 -414.750000 ) (1922.782471 -2048 -414.750000 ) 
4 140 148 (1970.038086 -1927.235596 -414.750000 ) (1922.782471 -2048 -414.750000 ) (1756.235352 -2048 -414.750000 ) (1888 -1728 -414.750000 ) 
4 140 145 (1922.781860 -2048 -414.750000 ) (1970.037842 -1927.234619 -414.750000 ) (1970.037476 -1927.234131 -234.467010 ) (1922.781372 -2048 -234.467010 ) 
4 140 141 (1970.037231 -1927.237915 -234.467010 ) (1970.037231 -1927.237915 -414.750000 ) (1922.997803 -1813 -414.750000 ) (1922.997803 -1813 -234.467010 ) 
3 141 148 (2002.008667 -1845.533081 -414.750000 ) (1970.038086 -1927.235596 -414.750000 ) (1923 -1813 -414.750000 ) 
4 141 145 (1970.037842 -1927.234619 -414.750000 ) (2002.008057 -1845.532837 -414.750000 ) (2002.007568 -1845.532593 -234.467010 ) (1970.037476 -1927.234131 -234.467010 ) 
5 142 148 (1488 -1024 -414.750000 ) (2048 -1024 -414.750000 ) (2048 -1339.428711 -414.750000 ) (1918.837036 -1653.110229 -414.750000 ) (1488 -1484.521729 -414.750000 ) 
4 142 147 (1488 -1208 -414.750000 ) (1488 -1484.521729 -414.750000 ) (1488 -1484.521729 -234.467010 ) (1488 -1208 -234.467010 ) 
4 142 143 (1923 -1643 -414.750000 ) (2048 -1339.429565 -414.750000 ) (2048 -1339.429688 -234.467010 ) (1923 -1643 -234.467010 ) 
3 143 148 (2048 -1339.428711 -414.750000 ) (2048 -1591.529175 -414.750000 ) (1923 -1643 -414.750000 ) 
4 143 144 (2007.997681 -1608 -414.750000 ) (2048 -1591.527588 -414.750000 ) (2048 -1591.527588 -234.467010 ) (2007.997681 -1608 -234.467010 ) 
3 144 148 (2048 -1591.529175 -414.750000 ) (2048 -1624.470581 -414.750000 ) (2008 -1608 -414.750000 ) 
4 145 180 (2048 -2048 -414.750000 ) (2048 -2048 -234.467010 ) (1922.782471 -2048 -234.467010 ) (1922.782471 -2048 -414.750000 ) 
4 145 148 (2048 -1864.470703 -414.750000 ) (2048 -2048 -414.750000 ) (1922.782471 -2048 -414.750000 ) (2002.008789 -1845.533081 -414.750000 ) 
4 145 146 (2048 -1864.471558 -414.750000 ) (2007.998657 -1848 -414.750000 ) (2007.998657 -1848 -234.467010 ) (2048 -1864.471680 -234.467010 ) 
3 146 148 (2048 -1831.529541 -414.750000 ) (2048 -1864.470703 -414.750000 ) (2008 -1848 -414.750000 ) 
4 147 180 (1488 -2048 -234.467010 ) (1408 -2048 -234.467010 ) (1408 -2048 -414.750000 ) (1488 -2048 -414.750000 ) 
4 147 149 (1408 -2048 -414.750000 ) (1408 -1208 -414.750000 ) (1488 -1208 -414.750000 ) (1488 -2048 -414.750000 ) 
4 148 180 (2048 -2048 -416 ) (2048 -2048 -414.750000 ) (1488 -2048 -414.750000 ) (1488 -2048 -416 ) 
4 148 155 (2048 -2048 -416 ) (1488 -2048 -416 ) (1488 -1024 -416 ) (2048 -1024 -416 ) 
4 148 149 (1488 -1208 -416 ) (1488 -2048 -416 ) (1488 -2048 -414.750000 ) (1488 -1208 -414.750000 ) 
4 149 180 (1488 -2048 -414.750000 ) (1408 -2048 -414.750000 ) (1408 -2048 -416 ) (1488 -2048 -416 ) 
4 149 155 (1488 -2048 -416 ) (1408 -2048 -416 ) (1408 -1208 -416 ) (1488 -1208 -416 ) 
4 150 151 (1168 -1024 -416 ) (1168 -1048 -416 ) (1168 -1048 -176 ) (1168 -1024 -176 ) 
4 151 153 (1088 -1024 -416 ) (1088 -1048 -416 ) (1088 -1048 -176 ) (1088 -1024 -176 ) 
4 152 158 (1024 -1144 -176 ) (1024 -1448 -176 ) (1024 -1448 -96 ) (1024 -1144 -96 ) 
4 152 153 (1088 -1448 -176 ) (1024 -1448 -176 ) (1024 -1144 -176 ) (1088 -1208 -176 ) 
4 153 159 (1024 -1024 -176 ) (1024 -1024 -416 ) (1024 -1448 -416 ) (1024 -1448 -176 ) 
4 154 168 (1024 -1608 -416 ) (1024 -1912 -416 ) (1024 -1912 -96 ) (1024 -1608 -96 ) 
4 155 187 (2048 -2048 -496 ) (2048 -2048 -416 ) (1408 -2048 -416 ) (1408 -2048 -496 ) 
4 155 156 (1408 -1024 -496 ) (2048 -1024 -496 ) (2048 -2048 -496 ) (1408 -2048 -496 ) 
4 156 188 (1408 -2048 -496 ) (1024 -2048 -496 ) (1024 -2048 -976 ) (1408 -2048 -976 ) 
4 156 187 (2048 -2048 -976 ) (2048 -2048 -496 ) (1408 -2048 -496 ) (1408 -2048 -976 ) 
4 156 172 (1024 -1024 -496 ) (1024 -1024 -976 ) (1024 -2048 -976 ) (1024 -2048 -496 ) 
3 157 165 (1024 -1448 -80 ) (1024 -1448 -56 ) (928 -1448 -56 ) 
4 157 164 (1024 -1448 -56 ) (1024 -1448 1744 ) (688 -1448 1744 ) (688 -1448 -56 ) 
4 157 161 (688 -1208 1744 ) (688 -1048 1744 ) (688 -1048 544 ) (688 -1208 544 ) 
4 157 160 (688 -1048 1744 ) (688 -1024 1744 ) (688 -1024 -96 ) (688 -1048 -96 ) 
4 157 162 (688 -1448 -96 ) (688 -1448 1744 ) (688 -1208 1744 ) (688 -1208 -96 ) 
5 157 158 (1024 -1448 -96 ) (688 -1448 -96 ) (688 -1024 -96 ) (904 -1024 -96 ) (1024 -1144 -96 ) 
4 158 166 (768 -1448 -96 ) (688 -1448 -96 ) (688 -1448 -176 ) (768 -1448 -176 ) 
4 158 160 (688 -1048 -96 ) (688 -1024 -96 ) (688 -1024 -176 ) (688 -1048 -176 ) 
4 158 162 (688 -1448 -176 ) (688 -1448 -96 ) (688 -1208 -96 ) (688 -1208 -176 ) 
5 158 159 (1024 -1448 -176 ) (688 -1448 -176 ) (688 -1024 -176 ) (904 -1024 -176 ) (1024 -1144 -176 ) 
4 159 166 (688 -1448 -416 ) (768 -1448 -416 ) (768 -1448 -176 ) (688 -1448 -176 ) 
4 159 160 (688 -1024 -416 ) (688 -1048 -416 ) (688 -1048 -176 ) (688 -1024 -176 ) 
4 159 162 (688 -1208 -416 ) (688 -1448 -416 ) (688 -1448 -176 ) (688 -1208 -176 ) 
4 160 161 (528 -1048 1744 ) (528 -1048 544 ) (688 -1048 544 ) (688 -1048 1744 ) 
4 160 163 (528 -1024 -416 ) (528 -1048 -416 ) (528 -1048 1744 ) (528 -1024 1744 ) 
4 161 163 (528 -1208 544 ) (528 -1208 1744 ) (528 -1048 1744 ) (528 -1048 544 ) 
4 161 162 (528 -1208 1744 ) (528 -1208 544 ) (688 -1208 544 ) (688 -1208 1744 ) 
4 162 166 (528 -1448 -416 ) (688 -1448 -416 ) (688 -1448 -96 ) (528 -1448 -96 ) 
4 162 164 (688 -1448 -56 ) (688 -1448 1744 ) (528 -1448 1744 ) (528 -1448 -56 ) 
4 162 163 (528 -1208 -416 ) (528 -1448 -416 ) (528 -1448 1744 ) (528 -1208 1744 ) 
4 163 243 (0 -1024 -96 ) (0 -1024 -416 ) (0 -1448 -416 ) (0 -1448 -96 ) 
4 163 236 (0 -1024 544 ) (0 -1024 -96 ) (0 -1448 -96 ) (0 -1448 544 ) 
4 163 235 (0 -1024 1744 ) (0 -1024 544 ) (0 -1448 544 ) (0 -1448 1744 ) 
4 163 166 (368 -1448 -416 ) (528 -1448 -416 ) (528 -1448 -96 ) (368 -1448 -96 ) 
4 163 164 (0 -1448 1744 ) (0 -1448 -56 ) (528 -1448 -56 ) (528 -1448 1744 ) 
4 164 241 (0 -1448 544 ) (0 -1448 -56 ) (0 -1608 -56 ) (0 -1608 544 ) 
4 164 235 (0 -1448 1744 ) (0 -1448 544 ) (0 -1608 544 ) (0 -1608 1744 ) 
4 164 167 (1024 -1608 -56 ) (1024 -1608 1744 ) (0 -1608 1744 ) (0 -1608 -56 ) 
4 164 165 (1024 -1608 -56 ) (928 -1608 -56 ) (928 -1448 -56 ) (1024 -1448 -56 ) 
3 165 167 (1024 -1608 -80 ) (1024 -1608 -56 ) (928 -1608 -56 ) 
4 166 169 (448 -1608 -416 ) (768 -1608 -416 ) (768 -1608 -96 ) (448 -1608 -96 ) 
4 166 171 (368 -1608 -416 ) (448 -1608 -416 ) (448 -1608 -96 ) (368 -1608 -96 ) 
4 167 242 (0 -2048 -96 ) (0 -2048 544 ) (0 -1608 544 ) (0 -1608 -96 ) 
4 167 235 (0 -2048 544 ) (0 -2048 1744 ) (0 -1608 1744 ) (0 -1608 544 ) 
4 167 190 (1024 -2048 -96 ) (1024 -2048 1744 ) (0 -2048 1744 ) (0 -2048 -96 ) 
4 167 169 (448 -1608 -96 ) (768 -1608 -96 ) (768 -1848 -96 ) (448 -1848 -96 ) 
4 167 171 (0 -2048 -96 ) (0 -1608 -96 ) (448 -1608 -96 ) (448 -2048 -96 ) 
5 167 168 (768 -1608 -96 ) (1024 -1608 -96 ) (1024 -1912 -96 ) (888 -2048 -96 ) (768 -2048 -96 ) 
4 168 192 (768 -2048 -176 ) (768 -2048 -416 ) (888 -2048 -416 ) (888 -2048 -176 ) 
4 168 191 (888 -2048 -96 ) (768 -2048 -96 ) (768 -2048 -176 ) (888 -2048 -176 ) 
4 168 170 (768 -1848 -176 ) (768 -1848 -416 ) (768 -2048 -416 ) (768 -2048 -176 ) 
4 168 169 (768 -1848 -96 ) (768 -1608 -96 ) (768 -1608 -416 ) (768 -1848 -416 ) 
4 169 170 (448 -1848 -176 ) (448 -1848 -416 ) (768 -1848 -416 ) (768 -1848 -176 ) 
4 169 171 (448 -1848 -96 ) (448 -1608 -96 ) (448 -1608 -416 ) (448 -1848 -416 ) 
4 170 192 (448 -2048 -176 ) (448 -2048 -416 ) (768 -2048 -416 ) (768 -2048 -176 ) 
4 170 171 (448 -1848 -176 ) (448 -1848 -416 ) (448 -2048 -416 ) (448 -2048 -176 ) 
4 171 248 (0 -2048 -416 ) (0 -2048 -96 ) (0 -1608 -96 ) (0 -1608 -416 ) 
4 171 193 (448 -2048 -96 ) (0 -2048 -96 ) (0 -2048 -416 ) (448 -2048 -416 ) 
4 172 252 (0 -2048 -976 ) (0 -2048 -496 ) (0 -1024 -496 ) (0 -1024 -976 ) 
4 172 195 (1024 -2048 -976 ) (1024 -2048 -496 ) (0 -2048 -496 ) (0 -2048 -976 ) 
4 173 175 (3072 -2048 1744 ) (3072 -2048 -976 ) (3072 -3072 -976 ) (3072 -3072 1744 ) 
4 173 174 (3728 -3072 1744 ) (3072 -3072 1744 ) (3072 -3072 -976 ) (3728 -3072 -976 ) 
4 174 197 (3072 -3768 1744 ) (3072 -3072 1744 ) (3072 -3072 -976 ) (3072 -3768 -976 ) 
4 175 197 (3072 -3072 -976 ) (3072 -3072 1744 ) (2048 -3072 1744 ) (2048 -3072 -976 ) 
4 175 187 (2048 -2048 -416 ) (2048 -2048 -976 ) (2048 -3072 -976 ) (2048 -3072 -416 ) 
4 175 185 (2048 -2168 -416 ) (2048 -2488 -416 ) (2048 -2488 -96 ) (2048 -2168 -96 ) 
4 175 186 (2048 -2488 -416 ) (2048 -3072 -416 ) (2048 -3072 -96 ) (2048 -2488 -96 ) 
4 175 182 (2048 -3072 304 ) (2048 -3072 1184 ) (2048 -2168 1184 ) (2048 -2168 304 ) 
4 175 181 (2048 -3072 1184 ) (2048 -3072 1744 ) (2048 -2168 1744 ) (2048 -2168 1184 ) 
4 175 183 (2048 -3072 -96 ) (2048 -3072 304 ) (2048 -2168 304 ) (2048 -2168 -96 ) 
4 175 180 (2048 -2048 -96 ) (2048 -2048 -416 ) (2048 -2168 -416 ) (2048 -2168 -96 ) 
4 175 176 (2048 -2048 1744 ) (2048 -2048 -96 ) (2048 -2168 -96 ) (2048 -2168 1744 ) 
4 176 182 (2048 -2168 304 ) (2048 -2168 1184 ) (1408 -2168 1184 ) (1408 -2168 304 ) 
4 176 181 (2048 -2168 1184 ) (2048 -2168 1744 ) (1408 -2168 1744 ) (1408 -2168 1184 ) 
4 176 183 (1408 -2168 -96 ) (2048 -2168 -96 ) (2048 -2168 304 ) (1408 -2168 304 ) 
4 176 180 (2048 -2168 -96 ) (1408 -2168 -96 ) (1408 -2048 -96 ) (2048 -2048 -96 ) 
4 176 177 (1408 -2168 1184 ) (1408 -2168 1744 ) (1408 -2048 1744 ) (1408 -2048 1184 ) 
4 176 178 (1408 -2048 -96 ) (1408 -2168 -96 ) (1408 -2168 304 ) (1408 -2048 304 ) 
4 177 181 (1408 -2168 1184 ) (1408 -2168 1744 ) (1088 -2168 1744 ) (1088 -2168 1184 ) 
4 177 179 (1088 -2168 1184 ) (1088 -2168 1744 ) (1088 -2048 1744 ) (1088 -2048 1184 ) 
4 178 183 (1088 -2168 -96 ) (1408 -2168 -96 ) (1408 -2168 304 ) (1088 -2168 304 ) 
4 178 179 (1088 -2048 -96 ) (1088 -2168 -96 ) (1088 -2168 304 ) (1088 -2048 304 ) 
4 179 190 (1024 -2048 1744 ) (1024 -2048 -96 ) (1024 -2168 -96 ) (1024 -2168 1744 ) 
4 179 184 (1024 -2168 1744 ) (1024 -2168 -96 ) (1088 -2168 -96 ) (1088 -2168 1744 ) 
4 180 187 (1408 -2048 -416 ) (2048 -2048 -416 ) (2048 -2168 -416 ) (1408 -2168 -416 ) 
4 180 185 (1408 -2168 -416 ) (2048 -2168 -416 ) (2048 -2168 -96 ) (1408 -2168 -96 ) 
4 181 198 (2048 -3072 1184 ) (2048 -3072 1744 ) (1088 -3072 1744 ) (1088 -3072 1184 ) 
5 181 182 (2048 -3072 1184 ) (1088 -3072 1184 ) (1088 -2488 1184 ) (1408 -2168 1184 ) (2048 -2168 1184 ) 
4 181 184 (1088 -3072 1184 ) (1088 -3072 1744 ) (1088 -2168 1744 ) (1088 -2168 1184 ) 
4 182 198 (2048 -3072 304 ) (2048 -3072 1184 ) (1088 -3072 1184 ) (1088 -3072 304 ) 
4 182 184 (1088 -3072 304 ) (1088 -3072 1184 ) (1088 -2488 1184 ) (1088 -2488 304 ) 
5 182 183 (1088 -3072 304 ) (1088 -2488 304 ) (1408 -2168 304 ) (2048 -2168 304 ) (2048 -3072 304 ) 
4 183 198 (2048 -3072 -96 ) (2048 -3072 304 ) (1088 -3072 304 ) (1088 -3072 -96 ) 
4 183 185 (1088 -2488 -96 ) (1408 -2168 -96 ) (2048 -2168 -96 ) (2048 -2488 -96 ) 
4 183 186 (2048 -3072 -96 ) (1088 -3072 -96 ) (1088 -2488 -96 ) (2048 -2488 -96 ) 
4 183 184 (1088 -2168 -96 ) (1088 -3072 -96 ) (1088 -3072 304 ) (1088 -2168 304 ) 
4 184 198 (1088 -3072 1744 ) (1024 -3072 1744 ) (1024 -3072 -96 ) (1088 -3072 -96 ) 
4 184 190 (1024 -3072 -96 ) (1024 -3072 1744 ) (1024 -2168 1744 ) (1024 -2168 -96 ) 
4 184 186 (1088 -3072 -96 ) (1024 -3072 -96 ) (1024 -2488 -96 ) (1088 -2488 -96 ) 
4 185 187 (1408 -2168 -416 ) (2048 -2168 -416 ) (2048 -2488 -416 ) (1408 -2488 -416 ) 
4 185 186 (1088 -2488 -416 ) (2048 -2488 -416 ) (2048 -2488 -96 ) (1088 -2488 -96 ) 
4 186 198 (2048 -3072 -416 ) (2048 -3072 -96 ) (1024 -3072 -96 ) (1024 -3072 -416 ) 
4 186 194 (1024 -3072 -416 ) (1024 -3072 -96 ) (1024 -2488 -96 ) (1024 -2488 -416 ) 
4 186 189 (1408 -3072 -416 ) (1024 -3072 -416 ) (1024 -2488 -416 ) (1408 -2488 -416 ) 
4 186 187 (2048 -3072 -416 ) (1408 -3072 -416 ) (1408 -2488 -416 ) (2048 -2488 -416 ) 
4 187 198 (2048 -3072 -976 ) (2048 -3072 -416 ) (1408 -3072 -416 ) (1408 -3072 -976 ) 
4 187 188 (1408 -2048 -976 ) (1408 -2488 -976 ) (1408 -2488 -496 ) (1408 -2048 -496 ) 
4 187 189 (1408 -2488 -976 ) (1408 -3072 -976 ) (1408 -3072 -416 ) (1408 -2488 -416 ) 
4 188 195 (1024 -2048 -496 ) (1024 -2048 -976 ) (1024 -2488 -976 ) (1024 -2488 -496 ) 
4 188 189 (1024 -2488 -976 ) (1408 -2488 -976 ) (1408 -2488 -496 ) (1024 -2488 -496 ) 
4 189 198 (1408 -3072 -416 ) (1024 -3072 -416 ) (1024 -3072 -976 ) (1408 -3072 -976 ) 
4 189 196 (1024 -3072 -976 ) (1024 -3072 -416 ) (1024 -2488 -416 ) (1024 -2488 -976 ) 
4 190 273 (0 -3072 -96 ) (0 -3072 1744 ) (0 -2048 1744 ) (0 -2048 -96 ) 
4 190 199 (1024 -3072 -96 ) (1024 -3072 1744 ) (0 -3072 1744 ) (0 -3072 -96 ) 
4 190 194 (1024 -3072 -96 ) (0 -3072 -96 ) (0 -2488 -96 ) (1024 -2488 -96 ) 
3 190 191 (768 -2048 -96 ) (888 -2048 -96 ) (768 -2168 -96 ) 
4 190 193 (0 -2168 -96 ) (0 -2048 -96 ) (448 -2048 -96 ) (448 -2168 -96 ) 
3 191 192 (768 -2168 -176 ) (768 -2048 -176 ) (888 -2048 -176 ) 
4 192 193 (448 -2048 -416 ) (448 -2168 -416 ) (448 -2168 -176 ) (448 -2048 -176 ) 
4 193 274 (0 -2168 -96 ) (0 -2048 -96 ) (0 -2048 -416 ) (0 -2168 -416 ) 
4 194 277 (0 -3072 -416 ) (0 -3072 -96 ) (0 -2488 -96 ) (0 -2488 -416 ) 
4 194 199 (1024 -3072 -416 ) (1024 -3072 -96 ) (0 -3072 -96 ) (0 -3072 -416 ) 
4 194 196 (0 -3072 -416 ) (0 -2488 -416 ) (1024 -2488 -416 ) (1024 -3072 -416 ) 
4 195 278 (0 -2048 -496 ) (0 -2048 -976 ) (0 -2488 -976 ) (0 -2488 -496 ) 
4 195 196 (0 -2488 -976 ) (1024 -2488 -976 ) (1024 -2488 -496 ) (0 -2488 -496 ) 
4 196 279 (0 -3072 -976 ) (0 -3072 -416 ) (0 -2488 -416 ) (0 -2488 -976 ) 
4 196 199 (1024 -3072 -976 ) (1024 -3072 -416 ) (0 -3072 -416 ) (0 -3072 -976 ) 
4 197 198 (2048 -3072 1744 ) (2048 -3072 -976 ) (2048 -3768 -976 ) (2048 -3768 1744 ) 
4 198 199 (1024 -3072 1744 ) (1024 -3072 -976 ) (1024 -3768 -976 ) (1024 -3768 1744 ) 
4 199 294 (0 -3768 1744 ) (0 -3072 1744 ) (0 -3072 -976 ) (0 -3768 -976 ) 
4 200 206 (-592 -248 544 ) (-592 -248 1744 ) (-592 -88 1744 ) (-592 -88 544 ) 
4 200 205 (-592 0 -416 ) (-592 -88 -416 ) (-592 -88 1744 ) (-592 0 1744 ) 
4 200 207 (-592 -248 -416 ) (-592 -408 -416 ) (-592 -408 1744 ) (-592 -248 1744 ) 
4 200 203 (-592 -408 -96 ) (-592 -408 -176 ) (-208 -408 -176 ) (-208 -408 -96 ) 
4 200 202 (-592 -408 1744 ) (-592 -408 -96 ) (-208 -408 -96 ) (-208 -408 1744 ) 
4 200 204 (-592 -408 -176 ) (-592 -408 -416 ) (-208 -408 -416 ) (-208 -408 -176 ) 
5 200 201 (-208 -408 1744 ) (-208 -408 -416 ) (-272 -88 -416 ) (-289.600006 0 -380.800018 ) (-289.599976 0 1744 ) 
4 201 203 (-112 -408 -96 ) (-208 -408 -96 ) (-208 -408 -176 ) (-112 -408 -176 ) 
4 201 202 (0 -408 -96 ) (0 -408 1744 ) (-208 -408 1744 ) (-208 -408 -96 ) 
4 201 204 (-208 -408 -416 ) (0 -408 -416 ) (0 -408 -176 ) (-208 -408 -176 ) 
4 202 211 (-272 -568 1744 ) (-592 -568 1744 ) (-592 -568 -50.285645 ) (-272 -568 -96 ) 
4 202 209 (0 -568 -96 ) (0 -568 1744 ) (-272 -568 1744 ) (-272 -568 -96 ) 
4 202 207 (-592 -568 -96 ) (-592 -568 1744 ) (-592 -408 1744 ) (-592 -408 -96 ) 
4 202 203 (-272 -568 -96 ) (-592 -568 -96 ) (-592 -408 -96 ) (-112 -408 -96 ) 
4 203 207 (-592 -568 -176 ) (-592 -568 -96 ) (-592 -408 -96 ) (-592 -408 -176 ) 
4 203 204 (-272 -568 -176 ) (-592 -568 -176 ) (-592 -408 -176 ) (-112 -408 -176 ) 
4 204 210 (-272 -568 -416 ) (0 -568 -416 ) (0 -568 -176 ) (-272 -568 -176 ) 
4 204 207 (-592 -408 -416 ) (-592 -568 -416 ) (-592 -568 -176 ) (-592 -408 -176 ) 
4 205 206 (-752 -88 1744 ) (-752 -88 544 ) (-592 -88 544 ) (-592 -88 1744 ) 
4 205 208 (-752 0 -416 ) (-752 -88 -416 ) (-752 -88 1744 ) (-752 0 1744 ) 
4 206 208 (-752 -248 544 ) (-752 -248 1744 ) (-752 -88 1744 ) (-752 -88 544 ) 
4 206 207 (-752 -248 1744 ) (-752 -248 544 ) (-592 -248 544 ) (-592 -248 1744 ) 
4 207 211 (-592 -568 -50.285736 ) (-592 -568 1744 ) (-752 -568 1744 ) (-752 -568 -27.428589 ) 
4 207 208 (-752 -248 -416 ) (-752 -568 -416 ) (-752 -568 1744 ) (-752 -248 1744 ) 
4 208 218 (-832 0 -16 ) (-832 0 -96 ) (-832 -408 -96 ) (-832 -408 -16 ) 
4 208 219 (-832 0 -96 ) (-832 0 -416 ) (-832 -568 -416 ) (-832 -568 -96 ) 
4 208 216 (-832 0 1744 ) (-832 0 -16 ) (-832 -568 -16 ) (-832 -568 1744 ) 
4 208 211 (-832 -568 1744 ) (-832 -568 -16 ) (-752 -568 -27.428558 ) (-752 -568 1744 ) 
4 209 212 (0 -728 -96 ) (0 -728 1744 ) (-272 -728 1744 ) (-272 -728 -96 ) 
4 209 211 (-272 -568 1744 ) (-272 -568 -96 ) (-272 -728 -96 ) (-272 -728 1744 ) 
4 210 214 (-272 -728 -416 ) (0 -728 -416 ) (0 -728 -176 ) (-272 -728 -176 ) 
4 211 216 (-832 -728 -16 ) (-832 -728 1744 ) (-832 -568 1744 ) (-832 -568 -16 ) 
4 211 212 (-832 -728 1744 ) (-832 -728 -16 ) (-272 -728 -96 ) (-272 -728 1744 ) 
4 212 240 (-832 -1024 -16 ) (-832 -1024 -96 ) (-752 -1024 -96 ) (-752 -1024 -16 ) 
4 212 239 (-752 -1024 544 ) (-832 -1024 544 ) (-832 -1024 -16 ) (-752 -1024 -16 ) 
4 212 237 (-592 -1024 544 ) (-752 -1024 544 ) (-752 -1024 -96 ) (-592 -1024 -96 ) 
4 212 236 (0 -1024 -96 ) (0 -1024 544 ) (-592 -1024 544 ) (-592 -1024 -96 ) 
4 212 235 (0 -1024 544 ) (0 -1024 1744 ) (-832 -1024 1744 ) (-832 -1024 544 ) 
4 212 217 (-832 -1024 -96 ) (-832 -1024 -16 ) (-832 -888 -16 ) (-832 -888 -96 ) 
4 212 216 (-832 -1024 -16 ) (-832 -1024 1744 ) (-832 -728 1744 ) (-832 -728 -16 ) 
4 212 213 (-832 -888 -96 ) (-832 -728 -96 ) (-272 -728 -96 ) (-112 -888 -96 ) 
4 212 215 (0 -1024 -96 ) (-832 -1024 -96 ) (-832 -888 -96 ) (0 -888 -96 ) 
4 213 219 (-832 -888 -176 ) (-832 -888 -96 ) (-832 -728 -96 ) (-832 -728 -176 ) 
4 213 214 (-112 -888 -176 ) (-832 -888 -176 ) (-832 -728 -176 ) (-272 -728 -176 ) 
4 213 215 (-112 -888 -96 ) (-832 -888 -96 ) (-832 -888 -176 ) (-112 -888 -176 ) 
4 214 219 (-832 -728 -416 ) (-832 -888 -416 ) (-832 -888 -176 ) (-832 -728 -176 ) 
4 214 215 (-832 -888 -176 ) (-832 -888 -416 ) (0 -888 -416 ) (0 -888 -176 ) 
4 215 244 (-592 -1024 -96 ) (-752 -1024 -96 ) (-752 -1024 -416 ) (-592 -1024 -416 ) 
4 215 243 (0 -1024 -416 ) (0 -1024 -96 ) (-592 -1024 -96 ) (-592 -1024 -416 ) 
4 215 246 (-752 -1024 -96 ) (-832 -1024 -96 ) (-832 -1024 -416 ) (-752 -1024 -416 ) 
4 215 219 (-832 -888 -416 ) (-832 -1024 -416 ) (-832 -1024 -96 ) (-832 -888 -96 ) 
4 216 239 (-1024 -1024 544 ) (-1024 -1024 -16 ) (-832 -1024 -16 ) (-832 -1024 544 ) 
4 216 235 (-1024 -1024 1744 ) (-1024 -1024 544 ) (-832 -1024 544 ) (-832 -1024 1744 ) 
4 216 222 (-1024 0 1184 ) (-1024 0 -16 ) (-1024 -1024 -16 ) (-1024 -1024 1184 ) 
4 216 221 (-1024 0 1744 ) (-1024 0 1184 ) (-1024 -1024 1184 ) (-1024 -1024 1744 ) 
4 216 218 (-1024 0 -16 ) (-832 0 -16 ) (-832 -408 -16 ) (-1024 -216 -16 ) 
3 216 217 (-832 -888 -16 ) (-832 -1024 -16 ) (-968 -1024 -16 ) 
4 217 240 (-968 -1024 -96 ) (-832 -1024 -96 ) (-832 -1024 -16 ) (-968 -1024 -16 ) 
3 217 219 (-832 -888 -96 ) (-832 -1024 -96 ) (-968 -1024 -96 ) 
4 218 225 (-1024 0 -16 ) (-1024 0 -96 ) (-1024 -216 -96 ) (-1024 -216 -16 ) 
4 218 219 (-1024 -216 -96 ) (-1024 0 -96 ) (-832 0 -96 ) (-832 -408 -96 ) 
4 219 246 (-1024 -1024 -96 ) (-1024 -1024 -416 ) (-832 -1024 -416 ) (-832 -1024 -96 ) 
4 219 227 (-1024 0 -96 ) (-1024 0 -416 ) (-1024 -1024 -416 ) (-1024 -1024 -96 ) 
4 220 252 (0 -1024 -976 ) (0 -1024 -496 ) (-1024 -1024 -496 ) (-1024 -1024 -976 ) 
4 220 234 (-1024 0 -496 ) (-1024 0 -976 ) (-1024 -1024 -976 ) (-1024 -1024 -496 ) 
4 221 269 (-2048 0 1744 ) (-2048 0 1184 ) (-2048 -1024 1184 ) (-2048 -1024 1744 ) 
4 221 264 (-1472 -1024 1744 ) (-1552 -1024 1744 ) (-1552 -1024 1184 ) (-1472 -1024 1184 ) 
4 221 266 (-1552 -1024 1744 ) (-2048 -1024 1744 ) (-2048 -1024 1184 ) (-1552 -1024 1184 ) 
4 221 259 (-1152 -1024 1744 ) (-1472 -1024 1744 ) (-1472 -1024 1184 ) (-1152 -1024 1184 ) 
4 221 253 (-1024 -1024 1184 ) (-1024 -1024 1744 ) (-1152 -1024 1744 ) (-1152 -1024 1184 ) 
4 221 222 (-1152 0 1184 ) (-1024 0 1184 ) (-1024 -1024 1184 ) (-1152 -1024 1184 ) 
4 221 224 (-2048 0 1184 ) (-1472 0 1184 ) (-1472 -1024 1184 ) (-2048 -1024 1184 ) 
4 222 253 (-1024 -1024 -16 ) (-1024 -1024 1184 ) (-1152 -1024 1184 ) (-1152 -1024 -16 ) 
4 222 225 (-1152 -88 -16 ) (-1152 0 -16 ) (-1024 0 -16 ) (-1024 -216 -16 ) 
4 222 223 (-1152 0 -16 ) (-1152 -1024 -16 ) (-1152 -1024 304 ) (-1152 0 304 ) 
4 223 260 (-1472 -1024 304 ) (-1472 -1024 -16 ) (-1152 -1024 -16 ) (-1152 -1024 304 ) 
4 223 224 (-1472 0 -16 ) (-1472 -1024 -16 ) (-1472 -1024 304 ) (-1472 0 304 ) 
4 224 269 (-2048 0 1184 ) (-2048 0 -16 ) (-2048 -1024 -16 ) (-2048 -1024 1184 ) 
4 224 264 (-1472 -1024 1184 ) (-1552 -1024 1184 ) (-1552 -1024 -16 ) (-1472 -1024 -16 ) 
4 224 266 (-1552 -1024 1184 ) (-2048 -1024 1184 ) (-2048 -1024 -16 ) (-1552 -1024 -16 ) 
4 224 226 (-1472 -1024 -16 ) (-2048 -1024 -16 ) (-2048 0 -16 ) (-1472 0 -16 ) 
4 225 227 (-1152 0 -96 ) (-1024 0 -96 ) (-1024 -216 -96 ) (-1152 -88 -96 ) 
4 226 269 (-2048 0 -16 ) (-2048 0 -96 ) (-2048 -1024 -96 ) (-2048 -1024 -16 ) 
4 226 264 (-1472 -1024 -16 ) (-1552 -1024 -16 ) (-1552 -1024 -96 ) (-1472 -1024 -96 ) 
4 226 266 (-1552 -1024 -16 ) (-2048 -1024 -16 ) (-2048 -1024 -96 ) (-1552 -1024 -96 ) 
4 226 232 (-2048 0 -96 ) (-1552 0 -96 ) (-1552 -1024 -96 ) (-2048 -1024 -96 ) 
4 227 257 (-1024 -1024 -416 ) (-1024 -1024 -96 ) (-1152 -1024 -96 ) (-1152 -1024 -416 ) 
4 227 229 (-1152 -248 -416 ) (-1152 -568 -416 ) (-1152 -568 -96 ) (-1152 -248 -96 ) 
4 227 230 (-1152 -728 -416 ) (-1152 -1024 -416 ) (-1152 -1024 -96 ) (-1152 -728 -96 ) 
4 227 228 (-1152 0 -416 ) (-1152 -88 -416 ) (-1152 -88 -96 ) (-1152 0 -96 ) 
4 228 231 (-1232 0 -416 ) (-1232 -88 -416 ) (-1232 -88 -96 ) (-1232 0 -96 ) 
4 229 231 (-1232 -248 -416 ) (-1232 -568 -416 ) (-1232 -568 -96 ) (-1232 -248 -96 ) 
4 230 262 (-1152 -1024 -96 ) (-1232 -1024 -96 ) (-1232 -1024 -416 ) (-1152 -1024 -416 ) 
4 230 231 (-1232 -728 -416 ) (-1232 -1024 -416 ) (-1232 -1024 -96 ) (-1232 -728 -96 ) 
4 231 263 (-1232 -1024 -96 ) (-1472 -1024 -96 ) (-1472 -1024 -416 ) (-1232 -1024 -416 ) 
4 232 269 (-2048 0 -96 ) (-2048 0 -416 ) (-2048 -1024 -416 ) (-2048 -1024 -96 ) 
4 232 266 (-1552 -1024 -96 ) (-2048 -1024 -96 ) (-2048 -1024 -416 ) (-1552 -1024 -416 ) 
4 232 233 (-1552 -1024 -416 ) (-2048 -1024 -416 ) (-2048 0 -416 ) (-1552 0 -416 ) 
4 233 269 (-2048 0 -416 ) (-2048 0 -496 ) (-2048 -1024 -496 ) (-2048 -1024 -416 ) 
4 233 268 (-1472 -1024 -416 ) (-2048 -1024 -416 ) (-2048 -1024 -496 ) (-1472 -1024 -496 ) 
4 233 234 (-2048 0 -496 ) (-1472 0 -496 ) (-1472 -1024 -496 ) (-2048 -1024 -496 ) 
4 234 269 (-2048 0 -496 ) (-2048 0 -976 ) (-2048 -1024 -976 ) (-2048 -1024 -496 ) 
4 234 267 (-1024 -1024 -976 ) (-1024 -1024 -496 ) (-1472 -1024 -496 ) (-1472 -1024 -976 ) 
4 234 268 (-1472 -1024 -496 ) (-2048 -1024 -496 ) (-2048 -1024 -976 ) (-1472 -1024 -976 ) 
4 235 273 (0 -2048 544 ) (0 -2048 1744 ) (-1024 -2048 1744 ) (-1024 -2048 544 ) 
4 235 255 (-1024 -1448 544 ) (-1024 -1608 544 ) (-1024 -1608 1744 ) (-1024 -1448 1744 ) 
4 235 256 (-1024 -1608 544 ) (-1024 -2048 544 ) (-1024 -2048 1744 ) (-1024 -1608 1744 ) 
4 235 253 (-1024 -1024 1744 ) (-1024 -1024 544 ) (-1024 -1448 544 ) (-1024 -1448 1744 ) 
4 235 241 (-1024 -1608 544 ) (-1024 -1448 544 ) (0 -1448 544 ) (0 -1608 544 ) 
4 235 242 (0 -2048 544 ) (-1024 -2048 544 ) (-1024 -1608 544 ) (0 -1608 544 ) 
4 235 239 (-1024 -1448 544 ) (-1024 -1024 544 ) (-752 -1024 544 ) (-752 -1448 544 ) 
4 235 237 (-752 -1024 544 ) (-592 -1024 544 ) (-592 -1048 544 ) (-752 -1048 544 ) 
4 235 238 (-592 -1208 544 ) (-592 -1448 544 ) (-752 -1448 544 ) (-752 -1208 544 ) 
4 235 236 (-592 -1024 544 ) (0 -1024 544 ) (0 -1448 544 ) (-592 -1448 544 ) 
4 236 243 (-592 -1024 -96 ) (0 -1024 -96 ) (0 -1448 -96 ) (-592 -1448 -96 ) 
4 236 241 (0 -1448 -56 ) (0 -1448 544 ) (-592 -1448 544 ) (-592 -1448 -56 ) 
4 236 237 (-592 -1024 -96 ) (-592 -1048 -96 ) (-592 -1048 544 ) (-592 -1024 544 ) 
4 236 238 (-592 -1208 -96 ) (-592 -1448 -96 ) (-592 -1448 544 ) (-592 -1208 544 ) 
4 237 244 (-752 -1024 -96 ) (-592 -1024 -96 ) (-592 -1048 -96 ) (-752 -1048 -96 ) 
4 237 240 (-752 -1024 -96 ) (-752 -1048 -96 ) (-752 -1048 -16 ) (-752 -1024 -16 ) 
4 237 239 (-752 -1048 -16 ) (-752 -1048 544 ) (-752 -1024 544 ) (-752 -1024 -16 ) 
4 238 245 (-592 -1208 -96 ) (-592 -1448 -96 ) (-752 -1448 -96 ) (-752 -1208 -96 ) 
4 238 241 (-592 -1448 -56 ) (-592 -1448 544 ) (-752 -1448 544 ) (-752 -1448 -56 ) 
4 238 240 (-752 -1208 -96 ) (-752 -1448 -96 ) (-752 -1448 -16 ) (-752 -1208 -16 ) 
4 238 239 (-752 -1448 -16 ) (-752 -1448 544 ) (-752 -1208 544 ) (-752 -1208 -16 ) 
4 239 253 (-1024 -1024 544 ) (-1024 -1024 -16 ) (-1024 -1448 -16 ) (-1024 -1448 544 ) 
4 239 241 (-752 -1448 -16 ) (-752 -1448 544 ) (-1024 -1448 544 ) (-1024 -1448 -16 ) 
5 239 240 (-752 -1024 -16 ) (-752 -1448 -16 ) (-1024 -1448 -16 ) (-1024 -1080 -16 ) (-968 -1024 -16 ) 
4 240 254 (-1024 -1080 -96 ) (-1024 -1448 -96 ) (-1024 -1448 -16 ) (-1024 -1080 -16 ) 
5 240 246 (-1024 -1448 -96 ) (-1024 -1080 -96 ) (-968 -1024 -96 ) (-752 -1024 -96 ) (-752 -1448 -96 ) 
4 240 241 (-752 -1448 -56 ) (-752 -1448 -16 ) (-1024 -1448 -16 ) (-1024 -1448 -56 ) 
4 241 255 (-1024 -1608 -56 ) (-1024 -1608 544 ) (-1024 -1448 544 ) (-1024 -1448 -56 ) 
4 241 242 (0 -1608 -56 ) (0 -1608 544 ) (-1024 -1608 544 ) (-1024 -1608 -56 ) 
4 242 273 (0 -2048 -96 ) (0 -2048 544 ) (-1024 -2048 544 ) (-1024 -2048 -96 ) 
4 242 256 (-1024 -1608 -96 ) (-1024 -2048 -96 ) (-1024 -2048 544 ) (-1024 -1608 544 ) 
5 242 251 (-1024 -1976 -96 ) (-1024 -1608 -96 ) (-832 -1608 -96 ) (-832 -2048 -96 ) (-952 -2048 -96 ) 
4 242 249 (-832 -1608 -96 ) (-512 -1608 -96 ) (-512 -1848 -96 ) (-832 -1848 -96 ) 
4 242 248 (-512 -1608 -96 ) (0 -1608 -96 ) (0 -2048 -96 ) (-512 -2048 -96 ) 
4 243 247 (-592 -1448 -416 ) (-432 -1448 -416 ) (-432 -1448 -96 ) (-592 -1448 -96 ) 
4 243 244 (-592 -1024 -416 ) (-592 -1048 -416 ) (-592 -1048 -96 ) (-592 -1024 -96 ) 
4 243 245 (-592 -1208 -416 ) (-592 -1448 -416 ) (-592 -1448 -96 ) (-592 -1208 -96 ) 
4 244 246 (-752 -1024 -416 ) (-752 -1048 -416 ) (-752 -1048 -96 ) (-752 -1024 -96 ) 
4 245 247 (-752 -1448 -416 ) (-592 -1448 -416 ) (-592 -1448 -96 ) (-752 -1448 -96 ) 
4 245 246 (-752 -1208 -416 ) (-752 -1448 -416 ) (-752 -1448 -96 ) (-752 -1208 -96 ) 
4 246 257 (-1024 -1024 -96 ) (-1024 -1024 -416 ) (-1024 -1448 -416 ) (-1024 -1448 -96 ) 
4 246 247 (-832 -1448 -416 ) (-752 -1448 -416 ) (-752 -1448 -96 ) (-832 -1448 -96 ) 
4 247 249 (-832 -1608 -416 ) (-512 -1608 -416 ) (-512 -1608 -96 ) (-832 -1608 -96 ) 
4 247 248 (-512 -1608 -416 ) (-432 -1608 -416 ) (-432 -1608 -96 ) (-512 -1608 -96 ) 
4 248 274 (0 -2048 -416 ) (0 -2048 -96 ) (-512 -2048 -96 ) (-512 -2048 -416 ) 
4 248 250 (-512 -1848 -416 ) (-512 -2048 -416 ) (-512 -2048 -176 ) (-512 -1848 -176 ) 
4 248 249 (-512 -1608 -96 ) (-512 -1608 -416 ) (-512 -1848 -416 ) (-512 -1848 -96 ) 
4 249 251 (-832 -1608 -96 ) (-832 -1608 -416 ) (-832 -1848 -416 ) (-832 -1848 -96 ) 
4 249 250 (-832 -1848 -176 ) (-832 -1848 -416 ) (-512 -1848 -416 ) (-512 -1848 -176 ) 
4 250 275 (-832 -2048 -176 ) (-832 -2048 -416 ) (-512 -2048 -416 ) (-512 -2048 -176 ) 
4 250 251 (-832 -1848 -416 ) (-832 -2048 -416 ) (-832 -2048 -176 ) (-832 -1848 -176 ) 
4 251 276 (-832 -2048 -96 ) (-952 -2048 -96 ) (-952 -2048 -416 ) (-832 -2048 -416 ) 
4 251 258 (-1024 -1608 -416 ) (-1024 -1976 -416 ) (-1024 -1976 -96 ) (-1024 -1608 -96 ) 
4 252 278 (0 -2048 -976 ) (0 -2048 -496 ) (-1024 -2048 -496 ) (-1024 -2048 -976 ) 
4 252 267 (-1024 -1024 -496 ) (-1024 -1024 -976 ) (-1024 -2048 -976 ) (-1024 -2048 -496 ) 
4 253 261 (-1152 -1208 -16 ) (-1152 -1448 -16 ) (-1152 -1448 304 ) (-1152 -1208 304 ) 
4 253 260 (-1152 -1024 304 ) (-1152 -1024 -16 ) (-1152 -1208 -16 ) (-1152 -1208 304 ) 
4 253 259 (-1152 -1024 1744 ) (-1152 -1024 1184 ) (-1152 -1448 1184 ) (-1152 -1448 1744 ) 
4 253 255 (-1024 -1448 -16 ) (-1024 -1448 1744 ) (-1152 -1448 1744 ) (-1152 -1448 -16 ) 
4 253 254 (-1024 -1448 -16 ) (-1152 -1448 -16 ) (-1152 -1208 -16 ) (-1024 -1080 -16 ) 
3 254 261 (-1152 -1448 -46 ) (-1152 -1448 -16 ) (-1152 -1208 -16 ) 
4 254 257 (-1152 -1448 -96 ) (-1152 -1208 -96 ) (-1024 -1080 -96 ) (-1024 -1448 -96 ) 
4 254 255 (-1024 -1448 -56 ) (-1024 -1448 -16 ) (-1152 -1448 -16 ) (-1152 -1448 -56 ) 
5 255 261 (-1152 -1608 -56 ) (-1152 -1608 304 ) (-1152 -1448 304 ) (-1152 -1448 -46 ) (-1152 -1528 -56 ) 
4 255 259 (-1152 -1608 1184 ) (-1152 -1608 1744 ) (-1152 -1448 1744 ) (-1152 -1448 1184 ) 
4 255 256 (-1024 -1608 -56 ) (-1024 -1608 1744 ) (-1152 -1608 1744 ) (-1152 -1608 -56 ) 
4 256 280 (-1024 -2048 -96 ) (-1024 -2048 1744 ) (-1152 -2048 1744 ) (-1152 -2048 -96 ) 
5 256 261 (-1152 -1848 -96 ) (-1152 -2048 -96 ) (-1152 -2048 304 ) (-1152 -1608 304 ) (-1152 -1608 -66 ) 
4 256 259 (-1152 -2048 1184 ) (-1152 -2048 1744 ) (-1152 -1608 1744 ) (-1152 -1608 1184 ) 
4 256 258 (-1152 -1848 -96 ) (-1152 -1608 -96 ) (-1024 -1608 -96 ) (-1024 -1976 -96 ) 
4 257 262 (-1152 -1024 -96 ) (-1152 -1024 -416 ) (-1152 -1048 -416 ) (-1152 -1048 -96 ) 
4 259 281 (-1472 -2048 1744 ) (-1472 -2048 1184 ) (-1152 -2048 1184 ) (-1152 -2048 1744 ) 
4 259 264 (-1472 -1208 1744 ) (-1472 -1024 1744 ) (-1472 -1024 1184 ) (-1472 -1208 1184 ) 
4 259 265 (-1472 -2048 1184 ) (-1472 -2048 1744 ) (-1472 -1208 1744 ) (-1472 -1208 1184 ) 
4 260 264 (-1472 -1208 304 ) (-1472 -1024 304 ) (-1472 -1024 -16 ) (-1472 -1208 -16 ) 
4 260 261 (-1152 -1208 -16 ) (-1152 -1208 304 ) (-1472 -1208 304 ) (-1472 -1208 -16 ) 
4 261 282 (-1472 -2048 304 ) (-1472 -2048 -96 ) (-1152 -2048 -96 ) (-1152 -2048 304 ) 
5 261 265 (-1472 -2048 -96 ) (-1472 -2048 304 ) (-1472 -1208 304 ) (-1472 -1208 -16 ) (-1472 -1848 -96 ) 
4 262 263 (-1232 -1024 -416 ) (-1232 -1048 -416 ) (-1232 -1048 -96 ) (-1232 -1024 -96 ) 
4 264 265 (-1552 -1208 1744 ) (-1552 -1208 -96 ) (-1472 -1208 -96 ) (-1472 -1208 1744 ) 
4 264 266 (-1552 -1208 -96 ) (-1552 -1208 1744 ) (-1552 -1024 1744 ) (-1552 -1024 -96 ) 
4 265 284 (-1552 -2048 -416 ) (-1472 -2048 -416 ) (-1472 -2048 -96 ) (-1552 -2048 -96 ) 
4 265 283 (-1472 -2048 -96 ) (-1472 -2048 1744 ) (-1552 -2048 1744 ) (-1552 -2048 -96 ) 
4 265 268 (-1472 -2048 -416 ) (-1552 -2048 -416 ) (-1552 -1208 -416 ) (-1472 -1208 -416 ) 
4 265 266 (-1552 -1208 -416 ) (-1552 -2048 -416 ) (-1552 -2048 1744 ) (-1552 -1208 1744 ) 
4 266 284 (-2048 -2048 -96 ) (-2048 -2048 -416 ) (-1552 -2048 -416 ) (-1552 -2048 -96 ) 
4 266 283 (-2048 -2048 1744 ) (-2048 -2048 -96 ) (-1552 -2048 -96 ) (-1552 -2048 1744 ) 
4 266 270 (-2048 -2048 -416 ) (-2048 -2048 1744 ) (-2048 -1024 1744 ) (-2048 -1024 -416 ) 
4 266 268 (-1552 -2048 -416 ) (-2048 -2048 -416 ) (-2048 -1024 -416 ) (-1552 -1024 -416 ) 
4 267 291 (-1024 -2048 -976 ) (-1024 -2048 -496 ) (-1472 -2048 -496 ) (-1472 -2048 -976 ) 
4 267 268 (-1472 -1024 -976 ) (-1472 -2048 -976 ) (-1472 -2048 -496 ) (-1472 -1024 -496 ) 
4 268 293 (-1472 -2048 -416 ) (-2048 -2048 -416 ) (-2048 -2048 -976 ) (-1472 -2048 -976 ) 
4 268 270 (-2048 -2048 -976 ) (-2048 -2048 -416 ) (-2048 -1024 -416 ) (-2048 -1024 -976 ) 
4 269 271 (-3072 -1024 -976 ) (-3072 -1024 1744 ) (-3072 0 1744 ) (-3072 0 -976 ) 
4 269 270 (-2048 -1024 -976 ) (-2048 -1024 1744 ) (-3072 -1024 1744 ) (-3072 -1024 -976 ) 
4 270 296 (-2048 -2048 -976 ) (-2048 -2048 1744 ) (-3072 -2048 1744 ) (-3072 -2048 -976 ) 
4 270 272 (-3072 -2048 -976 ) (-3072 -2048 1744 ) (-3072 -1024 1744 ) (-3072 -1024 -976 ) 
4 271 272 (-3072 -1024 -976 ) (-3072 -1024 1744 ) (-3472 -1024 1744 ) (-3472 -1024 -976 ) 
4 272 297 (-3072 -2048 -976 ) (-3072 -2048 1744 ) (-3472 -2048 1744 ) (-3472 -2048 -976 ) 
4 273 294 (0 -3072 -96 ) (0 -3072 1744 ) (-1024 -3072 1744 ) (-1024 -3072 -96 ) 
4 273 285 (-1024 -2168 -96 ) (-1024 -3072 -96 ) (-1024 -3072 1744 ) (-1024 -2168 1744 ) 
4 273 280 (-1024 -2048 1744 ) (-1024 -2048 -96 ) (-1024 -2168 -96 ) (-1024 -2168 1744 ) 
4 273 277 (-1024 -3072 -96 ) (-1024 -2488 -96 ) (0 -2488 -96 ) (0 -3072 -96 ) 
3 273 276 (-952 -2048 -96 ) (-832 -2048 -96 ) (-832 -2168 -96 ) 
4 273 274 (-512 -2048 -96 ) (0 -2048 -96 ) (0 -2168 -96 ) (-512 -2168 -96 ) 
4 274 275 (-512 -2048 -416 ) (-512 -2168 -416 ) (-512 -2168 -176 ) (-512 -2048 -176 ) 
4 275 276 (-832 -2048 -416 ) (-832 -2168 -416 ) (-832 -2168 -176 ) (-832 -2048 -176 ) 
4 277 294 (0 -3072 -416 ) (0 -3072 -96 ) (-1024 -3072 -96 ) (-1024 -3072 -416 ) 
4 277 290 (-1024 -2488 -416 ) (-1024 -3072 -416 ) (-1024 -3072 -96 ) (-1024 -2488 -96 ) 
4 277 279 (0 -3072 -416 ) (-1024 -3072 -416 ) (-1024 -2488 -416 ) (0 -2488 -416 ) 
4 278 291 (-1024 -2048 -496 ) (-1024 -2048 -976 ) (-1024 -2488 -976 ) (-1024 -2488 -496 ) 
4 278 279 (-1024 -2488 -976 ) (0 -2488 -976 ) (0 -2488 -496 ) (-1024 -2488 -496 ) 
4 279 294 (0 -3072 -976 ) (0 -3072 -416 ) (-1024 -3072 -416 ) (-1024 -3072 -976 ) 
4 279 292 (-1024 -2488 -976 ) (-1024 -3072 -976 ) (-1024 -3072 -416 ) (-1024 -2488 -416 ) 
4 280 285 (-1152 -2168 -96 ) (-1024 -2168 -96 ) (-1024 -2168 1744 ) (-1152 -2168 1744 ) 
4 280 281 (-1152 -2168 1184 ) (-1152 -2168 1744 ) (-1152 -2048 1744 ) (-1152 -2048 1184 ) 
4 280 282 (-1152 -2048 -96 ) (-1152 -2168 -96 ) (-1152 -2168 304 ) (-1152 -2048 304 ) 
4 281 286 (-1152 -2168 1184 ) (-1152 -2168 1744 ) (-1472 -2168 1744 ) (-1472 -2168 1184 ) 
4 281 283 (-1472 -2168 1184 ) (-1472 -2168 1744 ) (-1472 -2048 1744 ) (-1472 -2048 1184 ) 
4 282 288 (-1472 -2168 -96 ) (-1152 -2168 -96 ) (-1152 -2168 304 ) (-1472 -2168 304 ) 
4 282 283 (-1472 -2048 -96 ) (-1472 -2168 -96 ) (-1472 -2168 304 ) (-1472 -2048 304 ) 
4 283 296 (-2048 -2048 1744 ) (-2048 -2048 -96 ) (-2048 -2168 -96 ) (-2048 -2168 1744 ) 
4 283 287 (-2048 -2168 1184 ) (-2048 -2168 304 ) (-1472 -2168 304 ) (-1472 -2168 1184 ) 
4 283 286 (-2048 -2168 1744 ) (-2048 -2168 1184 ) (-1472 -2168 1184 ) (-1472 -2168 1744 ) 
4 283 288 (-2048 -2168 304 ) (-2048 -2168 -96 ) (-1472 -2168 -96 ) (-1472 -2168 304 ) 
4 283 284 (-1472 -2168 -96 ) (-2048 -2168 -96 ) (-2048 -2048 -96 ) (-1472 -2048 -96 ) 
4 284 296 (-2048 -2048 -96 ) (-2048 -2048 -416 ) (-2048 -2168 -416 ) (-2048 -2168 -96 ) 
4 284 293 (-2048 -2048 -416 ) (-1472 -2048 -416 ) (-1472 -2168 -416 ) (-2048 -2168 -416 ) 
4 284 289 (-2048 -2168 -96 ) (-2048 -2168 -416 ) (-1472 -2168 -416 ) (-1472 -2168 -96 ) 
4 285 295 (-1024 -3072 -96 ) (-1024 -3072 1744 ) (-1152 -3072 1744 ) (-1152 -3072 -96 ) 
4 285 290 (-1024 -2488 -96 ) (-1024 -3072 -96 ) (-1152 -3072 -96 ) (-1152 -2488 -96 ) 
4 285 287 (-1152 -3072 304 ) (-1152 -3072 1184 ) (-1152 -2488 1184 ) (-1152 -2488 304 ) 
4 285 286 (-1152 -3072 1184 ) (-1152 -3072 1744 ) (-1152 -2168 1744 ) (-1152 -2168 1184 ) 
4 285 288 (-1152 -2168 -96 ) (-1152 -3072 -96 ) (-1152 -3072 304 ) (-1152 -2168 304 ) 
4 286 296 (-2048 -3072 1184 ) (-2048 -3072 1744 ) (-2048 -2168 1744 ) (-2048 -2168 1184 ) 
4 286 295 (-1152 -3072 1744 ) (-2048 -3072 1744 ) (-2048 -3072 1184 ) (-1152 -3072 1184 ) 
5 286 287 (-2048 -2168 1184 ) (-1472 -2168 1184 ) (-1152 -2488 1184 ) (-1152 -3072 1184 ) (-2048 -3072 1184 ) 
4 287 296 (-2048 -3072 304 ) (-2048 -3072 1184 ) (-2048 -2168 1184 ) (-2048 -2168 304 ) 
4 287 295 (-2048 -3072 1184 ) (-2048 -3072 304 ) (-1152 -3072 304 ) (-1152 -3072 1184 ) 
5 287 288 (-2048 -3072 304 ) (-2048 -2168 304 ) (-1472 -2168 304 ) (-1152 -2488 304 ) (-1152 -3072 304 ) 
4 288 296 (-2048 -3072 -96 ) (-2048 -3072 304 ) (-2048 -2168 304 ) (-2048 -2168 -96 ) 
4 288 295 (-2048 -3072 304 ) (-2048 -3072 -96 ) (-1152 -3072 -96 ) (-1152 -3072 304 ) 
4 288 289 (-2048 -2168 -96 ) (-1472 -2168 -96 ) (-1152 -2488 -96 ) (-2048 -2488 -96 ) 
4 288 290 (-1152 -2488 -96 ) (-1152 -3072 -96 ) (-2048 -3072 -96 ) (-2048 -2488 -96 ) 
4 289 296 (-2048 -2168 -416 ) (-2048 -2488 -416 ) (-2048 -2488 -96 ) (-2048 -2168 -96 ) 
4 289 293 (-1472 -2488 -416 ) (-2048 -2488 -416 ) (-2048 -2168 -416 ) (-1472 -2168 -416 ) 
4 289 290 (-2048 -2488 -416 ) (-1152 -2488 -416 ) (-1152 -2488 -96 ) (-2048 -2488 -96 ) 
4 290 296 (-2048 -2488 -416 ) (-2048 -3072 -416 ) (-2048 -3072 -96 ) (-2048 -2488 -96 ) 
4 290 295 (-1024 -3072 -416 ) (-1024 -3072 -96 ) (-2048 -3072 -96 ) (-2048 -3072 -416 ) 
4 290 292 (-1024 -2488 -416 ) (-1024 -3072 -416 ) (-1472 -3072 -416 ) (-1472 -2488 -416 ) 
4 290 293 (-1472 -3072 -416 ) (-2048 -3072 -416 ) (-2048 -2488 -416 ) (-1472 -2488 -416 ) 
4 291 292 (-1472 -2488 -496 ) (-1472 -2488 -976 ) (-1024 -2488 -976 ) (-1024 -2488 -496 ) 
4 291 293 (-1472 -2048 -976 ) (-1472 -2488 -976 ) (-1472 -2488 -496 ) (-1472 -2048 -496 ) 
4 292 295 (-1024 -3072 -976 ) (-1024 -3072 -416 ) (-1472 -3072 -416 ) (-1472 -3072 -976 ) 
4 292 293 (-1472 -2488 -976 ) (-1472 -3072 -976 ) (-1472 -3072 -416 ) (-1472 -2488 -416 ) 
4 293 296 (-2048 -2048 -416 ) (-2048 -2048 -976 ) (-2048 -3072 -976 ) (-2048 -3072 -416 ) 
4 293 295 (-1472 -3072 -416 ) (-2048 -3072 -416 ) (-2048 -3072 -976 ) (-1472 -3072 -976 ) 
4 294 295 (-1024 -3768 1744 ) (-1024 -3072 1744 ) (-1024 -3072 -976 ) (-1024 -3768 -976 ) 
4 295 298 (-2048 -3768 1744 ) (-2048 -3072 1744 ) (-2048 -3072 -976 ) (-2048 -3768 -976 ) 
4 296 298 (-2048 -3072 -976 ) (-2048 -3072 1744 ) (-3072 -3072 1744 ) (-3072 -3072 -976 ) 
4 296 297 (-3072 -2048 1744 ) (-3072 -2048 -976 ) (-3072 -3072 -976 ) (-3072 -3072 1744 ) 
4 297 299 (-3072 -3072 -976 ) (-3072 -3072 1744 ) (-3472 -3072 1744 ) (-3472 -3072 -976 ) 
4 298 299 (-3072 -3072 1744 ) (-3072 -3072 -976 ) (-3072 -3768 -976 ) (-3072 -3768 1744 ) 
