PRT1
89
242
4 2 68 (0 2752 248 ) (0 2752 704 ) (0 3072 704 ) (0 3072 248 ) 
4 2 3 (672 2752 248 ) (672 2752 704 ) (0 2752 704 ) (0 2752 248 ) 
4 3 68 (0 2752 704 ) (0 2752 248 ) (0 2560 248 ) (0 2560 704 ) 
4 3 4 (0 2560 704 ) (0 2560 256 ) (672 2560 256 ) (672 2560 704 ) 
4 4 69 (0 2488 256 ) (0 2488 704 ) (0 2560 704 ) (0 2560 256 ) 
4 4 27 (0 2488 704 ) (0 2488 256 ) (672 2488 256 ) (672 2488 704 ) 
4 5 28 (400 2488 -64 ) (712 2488 -64 ) (712 2488 224 ) (400 2488 224 ) 
4 5 26 (712 2488 -64 ) (400 2488 -64 ) (400 2496 -64 ) (704 2496 -64 ) 
4 5 6 (400 2488 208 ) (400 2488 224 ) (400 2496 224 ) (400 2496 208 ) 
4 6 28 (400 2488 208 ) (400 2488 224 ) (112 2488 224 ) (112 2488 208 ) 
4 6 25 (112 2488 208 ) (112 2488 224 ) (112 2496 224 ) (112 2496 208 ) 
18 7 28 (361.998718 2488 -7.001727 ) (373.998444 2488 14.997223 ) (382 2488 39 ) (384 2488 64 ) (382 2488 89 ) (374 2488 113.001816 ) (361.998993 2488 135.001846 ) (347.002319 2488 154.996857 ) (326.998840 2488 170 ) (305 2488 182 ) (281 2488 190 ) (256 2488 192 ) (231 2488 190 ) (224 2488 187.666687 ) (224 2488 -46 ) (319.666931 2488 -46 ) (326.995972 2488 -42.002216 ) (347 2488 -27 ) 
5 7 21 (224 2488 -46 ) (224 2488 187.666687 ) (224 2752 187.666687 ) (224 2752 -56 ) (224 2564 -56 ) 
4 7 15 (224 2564 -56 ) (224 2730 -56 ) (250 2676 -56 ) (236 2564 -56 ) 
3 7 14 (254 2676 -56 ) (275.473816 2631.400391 -56 ) (240 2564 -56 ) 
5 7 12 (228 2752 -56 ) (299 2752 -56 ) (299 2676.100098 -56 ) (275.473816 2631.400391 -56 ) (228 2730 -56 ) 
3 7 11 (299 2676.100098 -56 ) (299 2564 -56 ) (240 2564 -56 ) 
3 7 10 (224 2563.996094 -56 ) (235.997925 2563.996094 -56 ) (224 2541.200195 -53 ) 
6 7 9 (239.997925 2563.996094 -56 ) (299 2563.996094 -56 ) (305.003906 2548.789063 -54 ) (319.667450 2488 -46 ) (224 2488 -46 ) (224 2533.600098 -52 ) 
5 8 28 (224 2488 -49.998100 ) (224 2488 -56 ) (299 2488 -56 ) (305.001862 2488 -54 ) (312.337341 2488 -49.998093 ) 
3 8 22 (224 2488 -56 ) (224 2488 -49.998089 ) (224 2533.614746 -56 ) 
4 8 11 (224 2488 -56 ) (224 2533.614746 -56 ) (299 2533.614746 -56 ) (299 2488 -56 ) 
5 8 9 (312.339539 2488 -49.996754 ) (305.005859 2518.402344 -53.997070 ) (298.997070 2533.624512 -56 ) (224 2533.624512 -56 ) (224 2488 -49.996750 ) 
4 9 28 (224 2488 -46 ) (224 2488 -49.998100 ) (312.337341 2488 -49.998093 ) (319.666931 2488 -46 ) 
4 9 23 (224 2488 -49.998089 ) (224 2488 -46 ) (224 2533.600098 -52 ) (224 2533.600098 -55.998070 ) 
4 9 11 (240 2564 -56 ) (299 2564 -56 ) (299 2533.614746 -56 ) (224.007721 2533.614746 -56 ) 
3 10 24 (224 2541.200195 -53 ) (224 2564 -56 ) (224 2541.199951 -56 ) 
3 10 15 (224 2541.199951 -56 ) (224 2564 -56 ) (236 2564 -56 ) 
6 11 28 (256 2488 -64 ) (281 2488 -62 ) (299 2488 -56 ) (224 2488 -56 ) (224 2488 -59.666622 ) (231 2488 -62 ) 
4 11 22 (224 2488 -59.666622 ) (224 2488 -56 ) (224 2533.600098 -56 ) (224 2533.600098 -59.666626 ) 
4 11 19 (240 2563.997803 -59.997784 ) (240 2563.997803 -60 ) (234.753799 2554.030518 -60 ) (234.753784 2554.030273 -58.686306 ) 
6 11 18 (225 2535.498291 -60 ) (224 2533.598145 -59.666622 ) (224 2533.597900 -56 ) (224.008743 2533.614502 -56 ) (234.753784 2554.030273 -58.686306 ) (234.753799 2554.030518 -60 ) 
4 11 20 (240 2563.998047 -62.719894 ) (231 2546.897461 -62 ) (225 2535.498291 -60 ) (240 2563.997803 -60 ) 
5 11 14 (275.474213 2631.399658 -62.441975 ) (256 2594.397461 -64 ) (240 2563.998047 -62.719894 ) (240 2563.997314 -56 ) (275.474396 2631.399170 -56 ) 
4 11 12 (299.001953 2676.101563 -56 ) (281.001953 2641.902344 -62 ) (275.474213 2631.399658 -62.441975 ) (275.474396 2631.399170 -56 ) 
4 12 17 (250.824554 2682.596680 -60 ) (250.824554 2682.596680 -63.585941 ) (254 2676.001221 -63.840004 ) (254 2676.001221 -60 ) 
5 12 16 (228 2730.001465 -60 ) (228 2730.001465 -61 ) (231 2723.771729 -62 ) (250.824554 2682.596680 -63.585941 ) (250.824554 2682.596680 -60 ) 
5 12 14 (255.996078 2671.855713 -64 ) (275.474609 2631.400391 -62.441406 ) (275.474609 2631.400391 -56 ) (254 2676.001221 -56 ) (254 2676.001221 -63.840004 ) 
4 12 13 (228 2752 -61 ) (228 2730 -61 ) (228 2730 -60 ) (228 2752 -60 ) 
3 13 16 (225 2736.231934 -60 ) (228 2730.001465 -61 ) (228 2730.001465 -60 ) 
4 14 20 (241.245605 2573.966797 -62.819569 ) (240 2563.998047 -62.719875 ) (240 2563.998047 -60 ) (241.245605 2573.966797 -60 ) 
4 14 17 (254 2676.003906 -60 ) (254 2676.003906 -63.840012 ) (241.245605 2573.966797 -62.819569 ) (241.245605 2573.966797 -60 ) 
5 15 24 (224 2541.200195 -56.998093 ) (224 2541.200195 -56 ) (224 2564 -56 ) (224 2591.866455 -59.666622 ) (224 2561.480957 -59.666622 ) 
3 15 22 (224 2541.200195 -59.666622 ) (224 2541.200195 -56.998093 ) (224 2561.480957 -59.666622 ) 
4 15 21 (224 2564 -56 ) (224 2730 -56 ) (224 2730 -59.666622 ) (224 2591.866455 -59.666622 ) 
5 15 18 (224 2541.197266 -56.997723 ) (224 2541.197266 -59.666622 ) (225 2543.097412 -60 ) (236 2563.996338 -60 ) (236 2563.996338 -59.997601 ) 
4 15 20 (225 2543.097412 -60 ) (231 2554.496338 -62 ) (236 2563.996338 -62.399857 ) (236 2563.996338 -60 ) 
4 15 17 (236 2564.005859 -60 ) (236 2564.005859 -62.399952 ) (250 2676 -63.519962 ) (250 2676 -60 ) 
4 15 16 (250 2675.998047 -60 ) (250 2675.998047 -63.520042 ) (231 2715.462646 -62 ) (225 2727.922852 -60 ) 
4 16 17 (250 2676 -63.519962 ) (250.824356 2682.594971 -63.585918 ) (250.824356 2682.594971 -60 ) (250 2676 -60 ) 
4 17 20 (241.247070 2573.966797 -62.819687 ) (241.247070 2573.966797 -60 ) (236 2563.996338 -60 ) (236 2563.996338 -62.399857 ) 
5 18 22 (224 2533.600098 -59.666622 ) (224 2533.600098 -56 ) (224 2533.614502 -56 ) (224 2541.200195 -56.998093 ) (224 2541.200195 -59.666626 ) 
4 18 19 (234.754791 2554.034424 -58.686829 ) (234.754791 2554.034424 -60 ) (236 2564.001221 -60 ) (236 2564.001221 -59.998276 ) 
4 18 20 (225 2535.500244 -60 ) (225 2543.101563 -60 ) (236 2564.001953 -60 ) (234.754120 2554.032959 -60 ) 
5 19 20 (236 2564.001953 -60 ) (236.006866 2564.014648 -60 ) (240.001877 2564.014648 -60 ) (240 2564 -60 ) (234.754120 2554.032959 -60 ) 
15 21 28 (164.973236 2488 154.972641 ) (150.011795 2488 135.023132 ) (138 2488 113 ) (130 2488 89 ) (128 2488 64 ) (130 2488 39 ) (137.998856 2488 15.003502 ) (150.001022 2488 -7.001890 ) (165.001205 2488 -27.001604 ) (185.004181 2488 -42.003113 ) (192.332321 2488 -46 ) (224 2488 -46 ) (224 2488 187.666656 ) (207.003754 2488 182.001251 ) (185.039520 2488 170.021545 ) 
5 21 24 (224 2591.865723 -59.666622 ) (224 2541.200195 -53 ) (196 2488 -46 ) (192.332428 2488 -46 ) (207 2548.796387 -54 ) 
3 21 23 (224 2533.599854 -52 ) (224 2488 -46 ) (200 2488 -46 ) 
4 22 28 (224 2488 -59.666622 ) (224 2488 -49.998116 ) (199.662674 2488 -49.998104 ) (207 2488 -54 ) 
4 22 24 (224 2541.200195 -56.997997 ) (224 2561.481689 -59.666626 ) (207 2518.413330 -54 ) (202.761215 2500.846191 -51.688099 ) 
3 22 23 (200 2488 -49.997772 ) (224 2488 -49.997971 ) (224 2533.600098 -55.997993 ) 
4 23 28 (200 2488 -49.998104 ) (224 2488 -49.998116 ) (224 2488 -46 ) (200 2488 -46 ) 
3 24 28 (196 2488 -48 ) (196 2488 -46 ) (192.332321 2488 -46 ) 
4 25 71 (0 2488 -64 ) (0 2488 224 ) (0 2496 224 ) (0 2496 -64 ) 
4 25 28 (0 2488 224 ) (0 2488 -64 ) (112 2488 -64 ) (112 2488 224 ) 
4 25 26 (112 2488 -64 ) (0 2488 -64 ) (0 2496 -64 ) (112 2496 -64 ) 
4 26 71 (0 2488 -448 ) (0 2488 -64 ) (0 2496 -64 ) (0 2496 -448 ) 
4 26 28 (0 2488 -64 ) (0 2488 -448 ) (712 2488 -448 ) (712 2488 -64 ) 
4 27 69 (0 2480 256 ) (0 2480 704 ) (0 2488 704 ) (0 2488 256 ) 
4 27 30 (0 2480 576 ) (0 2480 256 ) (672 2480 256 ) (672 2480 576 ) 
4 27 29 (0 2480 704 ) (0 2480 576 ) (672 2480 576 ) (672 2480 704 ) 
4 28 71 (0 2480 -448 ) (0 2480 224 ) (0 2488 224 ) (0 2488 -448 ) 
4 28 30 (720 2480 224 ) (0 2480 224 ) (0 2480 -448 ) (720 2480 -448 ) 
4 29 70 (0 2048 576 ) (0 2048 768 ) (0 2480 768 ) (0 2480 576 ) 
4 29 50 (1016 2048 768 ) (0 2048 768 ) (0 2048 576 ) (1016 2048 576 ) 
4 29 42 (345.837250 2088 576 ) (1016 2088 576 ) (1016 2080 576 ) (345.837219 2080 576 ) 
4 29 41 (0 2080 576 ) (0 2088 576 ) (345.837250 2088 576 ) (345.837219 2080 576 ) 
4 29 48 (1016 2048 576 ) (0 2048 576 ) (0 2080 576 ) (1016 2080 576 ) 
4 29 34 (905.738281 2120 576 ) (1016 2120 576 ) (1016 2112 576 ) (905.738281 2112 576 ) 
4 29 33 (249.849625 2120 576 ) (905.738281 2120 576 ) (905.738281 2112 576 ) (249.849548 2112 576 ) 
4 29 32 (0 2112 576 ) (0 2120 576 ) (249.849625 2120 576 ) (249.849548 2112 576 ) 
5 29 30 (0 2120 576 ) (0 2480 576 ) (712 2480 576 ) (1016 2176 576 ) (1016 2120 576 ) 
4 29 39 (0 2088 576 ) (0 2112 576 ) (1016 2112 576 ) (1016 2088 576 ) 
4 30 71 (0 2480 224 ) (0 2480 -448 ) (0 2120 -448 ) (0 2120 224 ) 
4 30 70 (0 2120 576 ) (0 2480 576 ) (0 2480 224 ) (0 2120 224 ) 
3 30 38 (119.938934 2120 -16.499146 ) (158.668427 2120 -111.753113 ) (256.440979 2120 -72 ) 
3 30 37 (158.668427 2120 -111.753113 ) (256.438904 2120 -352.216492 ) (392.938232 2120 -16.501892 ) 
3 30 36 (354.211975 2120 351.753052 ) (256.440979 2120 312 ) (392.941162 2120 256.499542 ) 
3 30 35 (579.994202 2120 443.554626 ) (354.211975 2120 351.753052 ) (448.439819 2120 120.001953 ) 
6 30 34 (295.383698 2120 -448 ) (1024 2120 -448 ) (1024 2120 576 ) (905.738220 2120 576 ) (579.994202 2120 443.554626 ) (256.438904 2120 -352.216492 ) 
3 30 33 (905.738220 2120 576 ) (249.849548 2120 576 ) (119.942871 2120 256.500763 ) 
4 30 32 (249.849548 2120 576 ) (0 2120 576 ) (0 2120 278.486847 ) (64.440933 2120 119.996414 ) 
3 30 31 (0 2120 -448 ) (295.383698 2120 -448 ) (0 2120 278.486847 ) 
4 31 71 (0 2120 224 ) (0 2120 -448 ) (0 2112 -448 ) (0 2112 224 ) 
4 31 70 (0 2120 278.486847 ) (0 2120 224 ) (0 2112 224 ) (0 2112 278.486877 ) 
4 31 38 (119.938141 2112 -16.498840 ) (158.667816 2112 -111.753372 ) (158.668976 2120 -111.752914 ) (119.939682 2120 -16.499458 ) 
4 31 37 (158.667816 2112 -111.753372 ) (256.438477 2112 -352.217499 ) (256.439209 2120 -352.215698 ) (158.668976 2120 -111.752914 ) 
4 31 34 (256.438477 2112 -352.217499 ) (295.382813 2112 -448 ) (295.384338 2120 -448 ) (256.439209 2120 -352.215698 ) 
4 31 32 (0 2112 278.485596 ) (64.440643 2112 119.995667 ) (64.441238 2120 119.997192 ) (0 2120 278.488342 ) 
3 31 39 (0 2112 -448 ) (295.383698 2112 -448 ) (0 2112 278.486847 ) 
4 32 70 (0 2112 576 ) (0 2120 576 ) (0 2120 278.486847 ) (0 2112 278.486877 ) 
4 32 33 (249.849915 2112 576 ) (119.943359 2112 256.500977 ) (119.943413 2120 256.500977 ) (249.850052 2120 576 ) 
4 32 39 (249.849548 2112 576 ) (0 2112 576 ) (0 2112 278.486847 ) (64.440933 2112 119.996414 ) 
4 33 36 (354.212769 2112 351.751190 ) (256.443573 2112 311.998962 ) (256.443390 2120 312 ) (354.212708 2120 351.751404 ) 
4 33 35 (579.992981 2112 443.551697 ) (354.212769 2112 351.751190 ) (354.212708 2120 351.751404 ) (579.993164 2120 443.552246 ) 
4 33 34 (905.744995 2112 576 ) (579.992981 2112 443.551697 ) (579.993164 2120 443.552246 ) (905.743103 2120 576 ) 
3 33 39 (905.738220 2112 576 ) (249.849548 2112 576 ) (119.942871 2112 256.500763 ) 
4 34 37 (256.438751 2120 -352.214600 ) (256.438751 2112 -352.214600 ) (392.937164 2112 -16.502319 ) (392.937164 2120 -16.502335 ) 
4 34 35 (448.439362 2112 120.003052 ) (579.994141 2112 443.556702 ) (579.994141 2120 443.556702 ) (448.439362 2120 120.003082 ) 
6 34 39 (295.383698 2112 -448 ) (1024 2112 -448 ) (1024 2112 576 ) (905.738220 2112 576 ) (579.994202 2112 443.554626 ) (256.438904 2112 -352.216492 ) 
4 35 36 (392.942078 2112 256.499176 ) (354.211792 2112 351.755646 ) (354.211792 2120 351.755646 ) (392.942078 2120 256.499176 ) 
3 35 39 (579.994202 2112 443.554626 ) (354.211975 2112 351.753052 ) (448.439819 2112 120.001953 ) 
3 36 39 (354.211975 2112 351.753052 ) (256.440979 2112 312 ) (392.941162 2112 256.499542 ) 
4 37 38 (158.668167 2120 -111.752403 ) (158.668167 2112 -111.752403 ) (256.439941 2112 -72 ) (256.439941 2120 -72 ) 
3 37 39 (158.668427 2112 -111.753113 ) (256.438904 2112 -352.216492 ) (392.938232 2112 -16.501892 ) 
3 38 39 (119.938934 2112 -16.499146 ) (158.668427 2112 -111.753113 ) (256.440979 2112 -72 ) 
4 39 71 (0 2112 224 ) (0 2112 -448 ) (0 2088 -448 ) (0 2088 224 ) 
4 39 70 (0 2088 576 ) (0 2112 576 ) (0 2112 224 ) (0 2088 224 ) 
3 39 47 (188.193069 2088 51.747147 ) (207.556183 2088 4.122124 ) (256.439484 2088 24 ) 
3 39 46 (207.556183 2088 4.122124 ) (256.443359 2088 -116.119537 ) (324.692139 2088 51.752747 ) 
3 39 45 (305.325287 2088 235.874863 ) (256.442413 2088 216 ) (324.690552 2088 188.248962 ) 
3 39 44 (418.206299 2088 281.770569 ) (305.325287 2088 235.874863 ) (352.439789 2088 120.003967 ) 
5 39 43 (391.377472 2088 -448 ) (1024 2088 -448 ) (1024 2088 528.077148 ) (418.206299 2088 281.770569 ) (256.443359 2088 -116.119537 ) 
4 39 42 (1024 2088 528.077148 ) (1024 2088 576 ) (345.837219 2088 576 ) (188.190948 2088 188.249817 ) 
4 39 41 (345.837219 2088 576 ) (0 2088 576 ) (0 2088 514.622070 ) (160.443039 2088 120 ) 
3 39 40 (0 2088 -448 ) (391.377472 2088 -448 ) (0 2088 514.622070 ) 
4 40 71 (0 2088 224 ) (0 2088 -448 ) (0 2080 -448 ) (0 2080 224 ) 
4 40 70 (0 2088 514.622070 ) (0 2088 224 ) (0 2080 224 ) (0 2080 514.622070 ) 
4 40 47 (188.192535 2080 51.747368 ) (207.555801 2080 4.121971 ) (207.554291 2088 4.121361 ) (188.190430 2088 51.748222 ) 
4 40 46 (207.555801 2080 4.121971 ) (256.443542 2080 -116.121078 ) (256.442261 2088 -116.122284 ) (207.554291 2088 4.121361 ) 
4 40 43 (256.443542 2080 -116.121078 ) (391.376953 2080 -448 ) (391.375244 2088 -448 ) (256.442261 2088 -116.122284 ) 
4 40 41 (0 2080 514.621094 ) (160.442795 2080 120 ) (160.441925 2088 119.997742 ) (0 2088 514.616699 ) 
3 40 48 (0 2080 -448 ) (391.377472 2080 -448 ) (0 2080 514.622070 ) 
4 41 70 (0 2080 576 ) (0 2088 576 ) (0 2088 514.622070 ) (0 2080 514.622070 ) 
4 41 42 (345.837524 2080 576 ) (188.191513 2080 188.250031 ) (188.191559 2088 188.250046 ) (345.837830 2088 576 ) 
4 41 48 (345.837219 2080 576 ) (0 2080 576 ) (0 2080 514.622070 ) (160.443039 2080 120 ) 
4 42 45 (305.325500 2080 235.873322 ) (256.444275 2080 216 ) (256.444031 2088 216 ) (305.325745 2088 235.873734 ) 
4 42 44 (418.206299 2080 281.768646 ) (305.325500 2080 235.873322 ) (305.325745 2088 235.873734 ) (418.205627 2088 281.768982 ) 
4 42 43 (1024 2080 528.073608 ) (418.206299 2080 281.768646 ) (418.205627 2088 281.768982 ) (1024 2088 528.075867 ) 
4 42 48 (1024 2080 528.077148 ) (1024 2080 576 ) (345.837219 2080 576 ) (188.190948 2080 188.249817 ) 
4 43 46 (256.442535 2088 -116.120850 ) (256.442932 2080 -116.121841 ) (324.692780 2080 51.752991 ) (324.691833 2088 51.752609 ) 
4 43 44 (352.439850 2080 120.002747 ) (418.209503 2080 281.777008 ) (418.208527 2088 281.776611 ) (352.439667 2088 120.004272 ) 
5 43 48 (391.377472 2080 -448 ) (1024 2080 -448 ) (1024 2080 528.077148 ) (418.207214 2080 281.770966 ) (256.443787 2080 -116.120514 ) 
4 44 45 (324.690704 2080 188.248901 ) (305.326355 2080 235.873032 ) (305.326691 2088 235.873169 ) (324.691162 2088 188.248718 ) 
3 44 48 (418.207214 2080 281.770966 ) (305.324951 2080 235.874725 ) (352.439972 2080 120.002472 ) 
3 45 48 (305.324951 2080 235.874725 ) (256.442413 2080 216 ) (324.690063 2080 188.249146 ) 
4 46 47 (207.556976 2088 4.120170 ) (207.556976 2080 4.120170 ) (256.442322 2080 23.998238 ) (256.442322 2088 23.998240 ) 
3 46 48 (207.556198 2080 4.122131 ) (256.443787 2080 -116.120514 ) (324.693085 2080 51.753113 ) 
3 47 48 (188.193085 2080 51.747154 ) (207.556198 2080 4.122131 ) (256.439514 2080 24 ) 
4 48 71 (0 2048 -448 ) (0 2048 224 ) (0 2080 224 ) (0 2080 -448 ) 
4 48 70 (0 2048 224 ) (0 2048 576 ) (0 2080 576 ) (0 2080 224 ) 
4 48 51 (1024 2048 -448 ) (1024 2048 576 ) (0 2048 576 ) (0 2048 -448 ) 
4 49 75 (0 1024 768 ) (0 1024 1664 ) (0 1196.307617 1664 ) (0 1196.307617 768 ) 
4 49 60 (0 1024 1152 ) (0 1024 768 ) (176 1024 768 ) (176 1024 1152 ) 
4 49 59 (176 1024 768 ) (336 1024 768 ) (336 1024 1152 ) (176 1024 1152 ) 
4 49 58 (336 1024 768 ) (595.582153 1024 768 ) (595.582153 1024 1152 ) (336 1024 1152 ) 
4 49 57 (176 1024 1664 ) (0 1024 1664 ) (0 1024 1152 ) (176 1024 1152 ) 
4 49 55 (176 1024 1280 ) (176 1024 1152 ) (336 1024 1152 ) (336 1024 1280 ) 
4 49 54 (336 1024 1664 ) (176 1024 1664 ) (176 1024 1280 ) (336 1024 1280 ) 
4 49 53 (336 1024 1280 ) (336 1024 1152 ) (595.582153 1024 1152 ) (595.582153 1024 1280 ) 
4 49 52 (595.582153 1024 1664 ) (336 1024 1664 ) (336 1024 1280 ) (595.582153 1024 1280 ) 
9 49 50 (595.582153 1024 768 ) (0 1024 768 ) (0 1196.307617 768 ) (8 1208 768 ) (122 1286 768 ) (256 1312 768 ) (390 1286 768 ) (504 1208 768 ) (582 1094 768 ) 
4 50 76 (0 1024 576 ) (0 1024 768 ) (0 2048 768 ) (0 2048 576 ) 
4 50 62 (1016 1024 768 ) (0 1024 768 ) (0 1024 576 ) (1016 1024 576 ) 
4 50 51 (0 1024 576 ) (0 2048 576 ) (1016 2048 576 ) (1016 1024 576 ) 
4 51 76 (0 1024 -448 ) (0 1024 576 ) (0 2048 576 ) (0 2048 -448 ) 
4 51 61 (1024 1024 -448 ) (1024 1024 576 ) (1016 1024 576 ) (1016 1024 -448 ) 
4 51 62 (1016 1024 576 ) (0 1024 576 ) (0 1024 -448 ) (1016 1024 -448 ) 
4 52 54 (336 623.522400 1664 ) (336 1024 1664 ) (336 1024 1280 ) (336 623.522400 1280 ) 
7 52 53 (595.583069 1024 1280 ) (608 960 1280 ) (582.001343 826.001953 1280 ) (504 712 1280 ) (390 634 1280 ) (336 623.522400 1280 ) (336 1024 1280 ) 
7 53 58 (336 1024 1152 ) (595.582092 1024 1152 ) (608 960 1152 ) (582 826 1152 ) (504 712 1152 ) (390 634 1152 ) (336 623.523010 1152 ) 
4 53 55 (336 1024 1152 ) (336 623.523071 1152 ) (336 623.523010 1280 ) (336 1024 1280 ) 
4 54 57 (176 623.522339 1664 ) (176 1024 1664 ) (176 1024 1280 ) (176 623.522339 1280 ) 
5 54 55 (176 623.522339 1280 ) (176 1024 1280 ) (336 1024 1280 ) (336 623.522461 1280 ) (256 608 1280 ) 
5 55 59 (176 1024 1152 ) (336 1024 1152 ) (336 623.522461 1152 ) (256 608 1152 ) (176 623.522400 1152 ) 
4 55 57 (176 1024 1152 ) (176 623.522400 1152 ) (176 623.522400 1280 ) (176 1024 1280 ) 
4 55 56 (336 264 1152 ) (336 264 1280 ) (176 264 1280 ) (176 264 1152 ) 
4 57 78 (0 723.692322 1664 ) (0 1024 1664 ) (0 1024 1152 ) (0 723.692322 1152 ) 
6 57 60 (0 723.692322 1152 ) (0 1024 1152 ) (176 1024 1152 ) (176 623.522461 1152 ) (122 634 1152 ) (8 712 1152 ) 
7 58 62 (336 623.523010 768 ) (336 1024 768 ) (595.582092 1024 768 ) (608 960 768 ) (582 826 768 ) (504 712 768 ) (390 634 768 ) 
4 58 59 (336 1024 768 ) (336 623.523071 768 ) (336 623.523010 1152 ) (336 1024 1152 ) 
5 59 62 (176 623.522400 768 ) (176 1024 768 ) (336 1024 768 ) (336 623.522461 768 ) (256 608 768 ) 
4 59 60 (176 1024 768 ) (176 623.522461 768 ) (176 623.522400 1152 ) (176 1024 1152 ) 
4 60 78 (0 723.692261 1152 ) (0 1024 1152 ) (0 1024 768 ) (0 723.692261 768 ) 
6 60 62 (0 723.692261 768 ) (0 1024 768 ) (176 1024 768 ) (176 623.522339 768 ) (122 634 768 ) (8 712 768 ) 
4 61 64 (1024 0 -448 ) (1024 0 576 ) (1016 0 576 ) (1016 0 -448 ) 
4 61 62 (1016 1024 -448 ) (1016 0 -448 ) (1016 0 576 ) (1016 1024 576 ) 
4 62 82 (0 0 -448 ) (0 0 576 ) (0 512 576 ) (0 512 -448 ) 
4 62 81 (0 512 576 ) (0 1024 576 ) (0 1024 -448 ) (0 512 -448 ) 
4 62 80 (0 0 576 ) (0 0 768 ) (0 504 768 ) (0 504 576 ) 
4 62 79 (0 504 768 ) (0 1024 768 ) (0 1024 576 ) (0 504 576 ) 
4 62 66 (0 0 576 ) (0 0 -448 ) (64 0 -448 ) (64 0 576 ) 
4 62 65 (64 0 768 ) (0 0 768 ) (0 0 576 ) (64 0 576 ) 
4 62 64 (64 0 576 ) (64 0 -448 ) (1016 0 -448 ) (1016 0 576 ) 
4 62 63 (1016 0 768 ) (64 0 768 ) (64 0 576 ) (1016 0 576 ) 
4 63 65 (64 -504 768 ) (64 0 768 ) (64 0 576 ) (64 -504 576 ) 
4 63 64 (64 -504 576 ) (64 0 576 ) (1016 0 576 ) (1016 -504 576 ) 
4 64 66 (64 -512 -448 ) (64 -512 576 ) (64 0 576 ) (64 0 -448 ) 
4 65 86 (0 -504 768 ) (0 0 768 ) (0 0 576 ) (0 -504 576 ) 
4 65 66 (0 -504 576 ) (0 0 576 ) (64 0 576 ) (64 -504 576 ) 
4 66 87 (0 -512 -448 ) (0 -512 576 ) (0 0 576 ) (0 0 -448 ) 
4 66 67 (0 -512 -320 ) (0 -512 -448 ) (64 -512 -448 ) (64 -512 -320 ) 
4 67 88 (0 -1024 -448 ) (0 -1024 -320 ) (0 -512 -320 ) (0 -512 -448 ) 
4 68 69 (0 2560 256 ) (0 2560 704 ) (-160 2560 704 ) (-160 2560 256 ) 
4 69 70 (0 2480 256 ) (0 2480 704 ) (-160 2480 704 ) (-160 2480 256 ) 
4 70 76 (0 2048 224 ) (0 2048 768 ) (-160 2048 768 ) (-160 2048 224 ) 
4 70 73 (-160 2480 224 ) (-160 2048 224 ) (-160 2048 576 ) (-160 2480 576 ) 
4 70 72 (-160 2048 576 ) (-160 2048 768 ) (-160 2480 768 ) (-160 2480 576 ) 
4 70 71 (0 2048 224 ) (-160 2048 224 ) (-160 2480 224 ) (0 2480 224 ) 
4 71 76 (0 2048 -448 ) (0 2048 224 ) (-160 2048 224 ) (-160 2048 -448 ) 
4 71 74 (-160 2048 -448 ) (-160 2048 224 ) (-160 2496 224 ) (-160 2496 -448 ) 
4 72 76 (-160 2048 576 ) (-160 2048 768 ) (-504 2048 768 ) (-504 2048 576 ) 
5 72 73 (-160 2480 576 ) (-160 2048 576 ) (-504 2048 576 ) (-504 2176 576 ) (-200 2480 576 ) 
4 73 77 (-504 2048 576 ) (-512 2048 576 ) (-512 2048 224 ) (-504 2048 224 ) 
4 73 76 (-160 2048 224 ) (-160 2048 576 ) (-504 2048 576 ) (-504 2048 224 ) 
5 73 74 (-512 2048 224 ) (-512 2176 224 ) (-208 2480 224 ) (-160 2480 224 ) (-160 2048 224 ) 
4 74 77 (-504 2048 224 ) (-512 2048 224 ) (-512 2048 -448 ) (-504 2048 -448 ) 
4 74 76 (-160 2048 -448 ) (-160 2048 224 ) (-504 2048 224 ) (-504 2048 -448 ) 
4 75 78 (0 1024 768 ) (0 1024 1664 ) (-83.582092 1024 1664 ) (-83.582092 1024 768 ) 
4 75 76 (0 1196.307739 768 ) (0 1024 768 ) (-83.582092 1024 768 ) (-70 1094 768 ) 
4 76 81 (0 1024 -448 ) (0 1024 576 ) (-504 1024 576 ) (-504 1024 -448 ) 
4 76 79 (0 1024 576 ) (0 1024 768 ) (-504 1024 768 ) (-504 1024 576 ) 
4 76 77 (-504 2048 -448 ) (-504 1024 -448 ) (-504 1024 576 ) (-504 2048 576 ) 
4 77 81 (-512 1024 576 ) (-512 1024 -448 ) (-504 1024 -448 ) (-504 1024 576 ) 
5 78 79 (-83.582100 1024 768 ) (0 1024 768 ) (0 723.692261 768 ) (-70 826 768 ) (-96 960 768 ) 
4 79 82 (0 512 576 ) (0 504 576 ) (-504 504 576 ) (-504 512 576 ) 
4 79 81 (-504 1024 576 ) (0 1024 576 ) (0 512 576 ) (-504 512 576 ) 
4 79 80 (-504 504 576 ) (0 504 576 ) (0 504 768 ) (-504 504 768 ) 
4 80 86 (0 0 576 ) (0 0 768 ) (-888 0 768 ) (-888 0 576 ) 
4 80 83 (-888 504 576 ) (-512 504 576 ) (-512 320 576 ) (-888 320 576 ) 
4 80 85 (-512 320 576 ) (-512 0 576 ) (-888 0 576 ) (-888 320 576 ) 
4 80 82 (-512 504 576 ) (0 504 576 ) (0 0 576 ) (-512 0 576 ) 
4 81 82 (0 512 -448 ) (0 512 576 ) (-512 512 576 ) (-512 512 -448 ) 
4 82 87 (0 0 -448 ) (0 0 576 ) (-512 0 576 ) (-512 0 -448 ) 
4 82 83 (-512 512 576 ) (-512 512 52 ) (-512 320 52 ) (-512 320 576 ) 
4 82 84 (-512 512 -128 ) (-512 512 -448 ) (-512 320 -448 ) (-512 320 -128 ) 
4 82 85 (-512 320 -448 ) (-512 0 -448 ) (-512 0 576 ) (-512 320 576 ) 
4 83 85 (-896 320 576 ) (-896 320 52 ) (-512 320 52 ) (-512 320 576 ) 
4 84 85 (-896 320 -128 ) (-896 320 -448 ) (-512 320 -448 ) (-512 320 -128 ) 
4 85 87 (-512 0 576 ) (-896 0 576 ) (-896 0 -448 ) (-512 0 -448 ) 
4 86 87 (-888 0 576 ) (0 0 576 ) (0 -504 576 ) (-888 -504 576 ) 
4 87 88 (0 -512 -448 ) (0 -512 -320 ) (-64 -512 -320 ) (-64 -512 -448 ) 
