PRT1
255
752
4 1 126 (0 2752 256 ) (0 2752 608 ) (0 3072 608 ) (0 3072 256 ) 
4 1 2 (0 2752 608 ) (0 2752 256 ) (672 2752 256 ) (672 2752 608 ) 
4 2 126 (0 2752 608 ) (0 2752 256 ) (0 2560 256 ) (0 2560 608 ) 
4 2 9 (96 2560 608 ) (0 2560 608 ) (0 2560 256 ) (96 2560 256 ) 
4 2 6 (416 2560 608 ) (128 2560 608 ) (128 2560 256 ) (416 2560 256 ) 
4 2 3 (672 2560 256 ) (672 2560 608 ) (448 2560 608 ) (448 2560 256 ) 
4 3 4 (448 2528 256 ) (672 2528 256 ) (672 2528 608 ) (448 2528 608 ) 
4 4 5 (448 2496 256 ) (672 2496 256 ) (672 2496 608 ) (448 2496 608 ) 
4 5 12 (672 2480 256 ) (672 2480 608 ) (448 2480 608 ) (448 2480 256 ) 
4 6 7 (128 2528 256 ) (416 2528 256 ) (416 2528 608 ) (128 2528 608 ) 
4 7 8 (128 2496 256 ) (416 2496 256 ) (416 2496 608 ) (128 2496 608 ) 
4 8 12 (416 2480 256 ) (416 2480 608 ) (128 2480 608 ) (128 2480 256 ) 
4 9 126 (0 2560 608 ) (0 2560 256 ) (0 2528 256 ) (0 2528 608 ) 
4 9 10 (0 2528 256 ) (96 2528 256 ) (96 2528 608 ) (0 2528 608 ) 
4 10 127 (0 2528 256 ) (0 2496 256 ) (0 2496 608 ) (0 2528 608 ) 
4 10 11 (0 2496 256 ) (96 2496 256 ) (96 2496 608 ) (0 2496 608 ) 
4 11 128 (0 2496 256 ) (0 2480 256 ) (0 2480 608 ) (0 2496 608 ) 
4 11 12 (96 2480 256 ) (96 2480 608 ) (0 2480 608 ) (0 2480 256 ) 
4 12 129 (0 2048 224 ) (0 2048 256 ) (0 2480 256 ) (0 2480 224 ) 
4 12 128 (0 2048 256 ) (0 2048 608 ) (0 2480 608 ) (0 2480 256 ) 
4 12 125 (0 2048 608 ) (0 2048 768 ) (0 2480 768 ) (0 2480 608 ) 
4 12 93 (896 2048 320 ) (768 2048 320 ) (768 2048 224 ) (896 2048 224 ) 
4 12 96 (768 2048 320 ) (0 2048 320 ) (0 2048 224 ) (768 2048 224 ) 
4 12 90 (1024 2048 224 ) (1024 2048 320 ) (896 2048 320 ) (896 2048 224 ) 
4 12 89 (1024 2048 320 ) (1024 2048 768 ) (0 2048 768 ) (0 2048 320 ) 
5 12 17 (0 2048 224 ) (0 2480 224 ) (720 2480 224 ) (1024 2176 224 ) (1024 2048 224 ) 
4 13 17 (400 2488 -64 ) (712 2488 -64 ) (712 2488 224 ) (400 2488 224 ) 
4 13 14 (400 2488 208 ) (400 2488 224 ) (400 2496 224 ) (400 2496 208 ) 
4 14 17 (400 2488 208 ) (400 2488 224 ) (112 2488 224 ) (112 2488 208 ) 
4 14 16 (112 2488 208 ) (112 2488 224 ) (112 2496 224 ) (112 2496 208 ) 
32 15 17 (256 2488 -64 ) (281 2488 -62 ) (304.997650 2488 -54 ) (327.003479 2488 -41.998093 ) (347.001617 2488 -26.998791 ) (362 2488 -7 ) (373.998932 2488 14.998039 ) (382 2488 39 ) (384 2488 64 ) (382 2488 89 ) (374 2488 113 ) (362 2488 135 ) (347.001160 2488 154.998398 ) (326.998688 2488 170 ) (305 2488 182 ) (281 2488 190 ) (256 2488 192 ) (231 2488 190 ) (207.002411 2488 182 ) (185.039551 2488 170.021561 ) (164.987488 2488 154.983337 ) (149.998138 2488 134.997528 ) (138 2488 113 ) (130 2488 89 ) (128 2488 64 ) (130 2488 39 ) (138 2488 15 ) (150.002090 2488 -7.003822 ) (165 2488 -27 ) (185.001740 2488 -42.001305 ) (207 2488 -54 ) (231 2488 -62 ) 
4 16 131 (0 2488 224 ) (0 2496 224 ) (0 2496 -64 ) (0 2488 -64 ) 
4 16 17 (0 2488 -64 ) (112 2488 -64 ) (112 2488 224 ) (0 2488 224 ) 
4 17 131 (0 2048 -64 ) (0 2048 224 ) (0 2488 224 ) (0 2488 -64 ) 
4 17 93 (896 2048 224 ) (768 2048 224 ) (768 2048 -64 ) (896 2048 -64 ) 
4 17 96 (768 2048 224 ) (0 2048 224 ) (0 2048 -64 ) (768 2048 -64 ) 
4 17 90 (1024 2048 -64 ) (1024 2048 224 ) (896 2048 224 ) (896 2048 -64 ) 
4 17 18 (704 2304 -64 ) (800 2400 -64 ) (928 2272 -64 ) (832 2176 -64 ) 
4 18 23 (704 2304 -128 ) (800 2400 -128 ) (928 2272 -128 ) (832 2176 -128 ) 
4 19 133 (0 2048 -130 ) (0 2048 -128 ) (0 2496 -128 ) (0 2496 -130 ) 
4 19 113 (64 2048 -128 ) (0 2048 -128 ) (0 2048 -130 ) (70 2048 -130 ) 
4 19 111 (258.109924 2048 -128 ) (64 2048 -128 ) (70 2048 -130 ) (258.109924 2048 -130 ) 
4 19 86 (0 2048 -130 ) (0 2496 -130 ) (64 2496 -130 ) (64 2048 -130 ) 
4 19 79 (64 2496 -130 ) (75.956047 2496 -130 ) (104.290970 2426.311523 -130 ) (64 2409.927979 -130 ) 
4 19 67 (104.290970 2426.311523 -130 ) (132 2358.162109 -130 ) (64 2190.916016 -130 ) (64 2409.927979 -130 ) 
4 19 60 (161.100525 2286.590576 -130 ) (165 2277 -130 ) (108.363487 2300.028076 -130 ) (111.157516 2306.899902 -130 ) 
5 19 59 (165 2277 -130 ) (258.109924 2048 -130 ) (64 2048 -130 ) (64 2190.916016 -130 ) (108.363487 2300.028076 -130 ) 
3 19 57 (132 2358.162109 -130 ) (161.100525 2286.590576 -130 ) (111.157516 2306.899902 -130 ) 
4 19 22 (258.107422 2048 -130 ) (164.996796 2277.001221 -130 ) (165 2277 -128 ) (258.109314 2048 -128 ) 
4 19 20 (127.998627 2367.996582 -130 ) (75.953125 2496 -130 ) (75.955475 2496 -128 ) (128 2368 -128 ) 
4 20 79 (75.956047 2496 -130 ) (180.044022 2496 -130 ) (161.101624 2449.411865 -130 ) (104.291008 2426.311279 -130 ) 
4 20 68 (132 2377.838867 -130 ) (128 2368 -130 ) (104.291008 2426.311279 -130 ) (111.156563 2429.103027 -130 ) 
3 20 65 (161.101624 2449.411865 -130 ) (132 2377.838867 -130 ) (111.156563 2429.103027 -130 ) 
4 20 21 (164.997940 2459 -130 ) (180.042145 2496 -130 ) (180.042145 2496 -128 ) (164.997940 2459 -128 ) 
3 21 80 (236.323792 2496 -130 ) (256 2496 -130 ) (246.162506 2492 -130 ) 
4 21 74 (180.044022 2496 -130 ) (236.323792 2496 -130 ) (246.162506 2492 -130 ) (165 2459 -130 ) 
4 22 111 (728.216187 2048 -128 ) (258.109924 2048 -128 ) (258.109924 2048 -130 ) (728.216187 2048 -130 ) 
4 22 59 (266.112823 2048 -130 ) (258.109924 2048 -130 ) (165 2277 -130 ) (174.586380 2273.102295 -130 ) 
4 22 43 (260 2063.033447 -130 ) (256.003998 2072.861816 -130 ) (314.317749 2216.288330 -130 ) (321.179932 2213.498291 -130 ) 
5 22 42 (448 2048 -130 ) (266.112823 2048 -130 ) (260 2063.033447 -130 ) (321.179932 2213.498291 -130 ) (448 2161.934082 -130 ) 
4 22 40 (197.685425 2216.291748 -130 ) (194.898224 2223.146729 -130 ) (246.172867 2243.995605 -130 ) (256 2240 -130 ) 
4 22 39 (256.003998 2072.861816 -130 ) (197.685425 2216.291748 -130 ) (256 2240 -130 ) (314.317749 2216.288330 -130 ) 
3 22 37 (194.898224 2223.146729 -130 ) (174.586380 2273.102295 -130 ) (246.172867 2243.995605 -130 ) 
4 22 28 (640 2048 -130 ) (448 2048 -130 ) (448 2161.934082 -130 ) (640 2083.868164 -130 ) 
3 22 27 (728.216187 2048 -130 ) (640 2048 -130 ) (640 2083.868164 -130 ) 
4 22 23 (728.212952 2048 -130 ) (255.998413 2240 -130 ) (255.998428 2240 -128 ) (728.213013 2048 -128 ) 
4 23 111 (832 2048 -128 ) (728.216187 2048 -128 ) (728.216187 2048 -130 ) (832 2048 -130 ) 
4 23 109 (1024 2048 -130 ) (1024 2048 -128 ) (832 2048 -128 ) (832 2048 -130 ) 
4 23 43 (321.179932 2213.498291 -130 ) (314.317749 2216.288330 -130 ) (337.417572 2273.103760 -130 ) (347 2277 -130 ) 
4 23 42 (448 2161.934082 -130 ) (321.179932 2213.498291 -130 ) (347 2277 -130 ) (448 2318.065918 -130 ) 
3 23 39 (314.317749 2216.288330 -130 ) (256 2240 -130 ) (337.417572 2273.103760 -130 ) 
4 23 28 (640 2083.868164 -130 ) (448 2161.934082 -130 ) (448 2318.065918 -130 ) (640 2396.131836 -130 ) 
6 23 27 (756.500000 2443.500000 -130 ) (1024 2176 -130 ) (1024 2048 -130 ) (728.216187 2048 -130 ) (640 2083.868164 -130 ) (640 2396.131836 -130 ) 
4 23 26 (410.501984 2302.819336 -130 ) (347 2277 -130 ) (347 2277 -128 ) (410.502014 2302.819336 -128 ) 
4 23 25 (570.811462 2368 -130 ) (410.501984 2302.819336 -130 ) (410.502014 2302.819336 -128 ) (570.811401 2368 -128 ) 
4 23 24 (756.501953 2443.500000 -128 ) (756.501953 2443.500000 -130 ) (570.811462 2368 -130 ) (570.811401 2368 -128 ) 
3 24 81 (256 2496 -130 ) (448 2496 -130 ) (448 2417.934082 -130 ) 
5 24 28 (448 2496 -130 ) (640 2496 -130 ) (640 2396.131836 -130 ) (570.810852 2368 -130 ) (448 2417.934082 -130 ) 
4 24 27 (640 2496 -130 ) (704 2496 -130 ) (756.500000 2443.500000 -130 ) (640 2396.131836 -130 ) 
4 24 25 (347 2459.001465 -130 ) (570.812500 2368 -130 ) (570.812500 2368 -128 ) (347 2459.001465 -128 ) 
4 25 82 (347 2459 -130 ) (448 2417.934082 -130 ) (448 2409.943848 -130 ) (350.894409 2449.421875 -130 ) 
4 25 42 (448 2326.061035 -130 ) (448 2318.065918 -130 ) (410.501953 2302.819580 -130 ) (407.712646 2309.679688 -130 ) 
5 25 34 (448 2409.943848 -130 ) (448 2326.061035 -130 ) (407.712646 2309.679688 -130 ) (380 2377.837891 -130 ) (400.847382 2429.113525 -130 ) 
3 25 30 (380 2377.837891 -130 ) (350.894409 2449.421875 -130 ) (400.847382 2429.113525 -130 ) 
3 25 28 (448 2417.934082 -130 ) (570.810852 2368 -130 ) (448 2318.065918 -130 ) 
4 25 26 (384 2368 -130 ) (410.502808 2302.815918 -130 ) (410.502808 2302.815918 -128 ) (384 2368 -128 ) 
4 26 42 (407.712646 2309.679688 -130 ) (410.501953 2302.819580 -130 ) (347 2277 -130 ) (350.893768 2286.576416 -130 ) 
4 26 35 (384 2368 -130 ) (407.712646 2309.679688 -130 ) (400.846100 2306.887695 -130 ) (380 2358.160889 -130 ) 
3 26 32 (400.846100 2306.887695 -130 ) (350.893768 2286.576416 -130 ) (380 2358.160889 -130 ) 
4 27 119 (1024 2048 -436 ) (1024 2048 -384 ) (832 2048 -384 ) (832 2048 -436 ) 
4 27 121 (832 2048 -384 ) (640 2048 -384 ) (640 2048 -436 ) (832 2048 -436 ) 
3 27 112 (640 2048 -320 ) (640 2048 -384 ) (832 2048 -384 ) 
4 27 111 (832 2048 -130 ) (640 2048 -130 ) (640 2048 -320 ) (832 2048 -384 ) 
4 27 109 (1024 2048 -384 ) (1024 2048 -130 ) (832 2048 -130 ) (832 2048 -384 ) 
5 27 87 (1024 2048 -436 ) (640 2048 -436 ) (640 2496 -436 ) (704 2496 -436 ) (1024 2176 -436 ) 
4 27 28 (640 2048 -384 ) (640 2048 -130 ) (640 2496 -130 ) (640 2496 -384 ) 
4 28 112 (448 2048 -256 ) (448 2048 -384 ) (640 2048 -384 ) (640 2048 -320 ) 
4 28 111 (640 2048 -130 ) (448 2048 -130 ) (448 2048 -256 ) (640 2048 -320 ) 
4 28 82 (448 2409.943848 -130 ) (448 2417.933838 -130 ) (448 2417.933838 -320 ) (448 2409.943848 -320 ) 
4 28 81 (448 2417.933838 -130 ) (448 2496 -130 ) (448 2496 -320 ) (448 2417.933838 -320 ) 
4 28 42 (448 2048 -320 ) (448 2048 -130 ) (448 2326.061035 -130 ) (448 2326.061035 -320 ) 
4 28 34 (448 2326.061035 -130 ) (448 2409.943848 -130 ) (448 2409.943848 -320 ) (448 2326.061035 -320 ) 
4 29 83 (341.311096 2453.317139 -320 ) (256 2488 -320 ) (256 2488 -130 ) (341.311127 2453.317139 -130 ) 
4 29 75 (256.001953 2488 -130 ) (256.001953 2488 -320 ) (170.684509 2453.306641 -320 ) (170.684509 2453.306641 -130 ) 
4 29 66 (170.684570 2453.306641 -130 ) (170.684570 2453.306641 -320 ) (136 2368 -320 ) (136 2368 -130 ) 
4 29 58 (136 2368.003906 -130 ) (136 2368.003906 -320 ) (170.687714 2282.692139 -320 ) (170.687714 2282.692139 -130 ) 
8 29 45 (170.689407 2282.691406 -320 ) (136 2368.007813 -320 ) (170.681747 2453.307617 -320 ) (256 2488 -320 ) (341.310791 2453.317871 -320 ) (376 2368 -320 ) (341.310913 2282.679932 -320 ) (256.010315 2247.995605 -320 ) 
4 29 41 (256.010590 2247.995850 -320 ) (341.310974 2282.679932 -320 ) (341.310974 2282.679932 -130 ) (256.010559 2247.995850 -130 ) 
4 29 38 (170.683609 2282.691406 -130 ) (170.683594 2282.691406 -320 ) (256.011719 2247.995117 -320 ) (256.011719 2247.995117 -130 ) 
4 29 33 (341.310181 2282.679688 -130 ) (341.310181 2282.679688 -320 ) (376 2368 -320 ) (376 2368 -130 ) 
4 29 31 (376 2367.996094 -130 ) (376 2367.996094 -320 ) (341.309814 2453.318359 -320 ) (341.309814 2453.318359 -130 ) 
4 30 82 (400.847168 2429.113037 -320 ) (350.898132 2449.419678 -320 ) (350.898163 2449.419678 -130 ) (400.847168 2429.113037 -130 ) 
4 30 34 (380 2377.839111 -320 ) (400.846802 2429.113770 -320 ) (400.846802 2429.113770 -130 ) (380 2377.839111 -130 ) 
4 30 31 (350.898651 2449.420166 -130 ) (350.898651 2449.420166 -320 ) (380 2377.839844 -320 ) (380 2377.839844 -130 ) 
4 31 83 (350.898132 2449.419678 -320 ) (341.311096 2453.317139 -320 ) (341.311127 2453.317139 -130 ) (350.898163 2449.419678 -130 ) 
4 31 46 (341.310791 2453.317871 -320 ) (350.897858 2449.420410 -320 ) (380 2377.838379 -320 ) (376 2368 -320 ) 
4 31 36 (376 2368 -320 ) (380 2377.839111 -320 ) (380 2377.839111 -130 ) (376 2368 -130 ) 
4 32 42 (350.893799 2286.576416 -320 ) (400.846283 2306.887695 -320 ) (400.846283 2306.887695 -130 ) (350.893799 2286.576416 -130 ) 
4 32 35 (400.845612 2306.887695 -130 ) (400.845612 2306.887695 -320 ) (380 2358.158936 -320 ) (380 2358.158936 -130 ) 
4 32 33 (380 2358.164063 -130 ) (380 2358.164063 -320 ) (350.892548 2286.575928 -320 ) (350.892548 2286.575928 -130 ) 
4 33 48 (350.893829 2286.576416 -320 ) (341.310913 2282.679932 -320 ) (376 2368 -320 ) (380 2358.159912 -320 ) 
4 33 44 (341.310974 2282.679932 -320 ) (350.893799 2286.576416 -320 ) (350.893799 2286.576416 -130 ) (341.310974 2282.679932 -130 ) 
4 33 36 (380 2358.158936 -320 ) (376 2367.996094 -320 ) (376 2367.996094 -130 ) (380 2358.158936 -130 ) 
4 34 82 (448 2409.943359 -130 ) (448 2409.943359 -320 ) (400.847168 2429.113037 -320 ) (400.847168 2429.113037 -130 ) 
4 34 42 (407.710938 2309.678955 -320 ) (448 2326.060791 -320 ) (448 2326.060791 -130 ) (407.710938 2309.678955 -130 ) 
4 34 36 (380 2377.839844 -130 ) (380 2377.839844 -320 ) (384 2368 -320 ) (384 2368 -130 ) 
4 34 35 (384 2368 -320 ) (407.711456 2309.679199 -320 ) (407.711456 2309.679199 -130 ) (384 2368 -130 ) 
4 35 42 (400.846283 2306.887695 -320 ) (407.710938 2309.678955 -320 ) (407.710938 2309.678955 -130 ) (400.846283 2306.887695 -130 ) 
4 35 36 (384 2367.998047 -130 ) (384 2367.998047 -320 ) (380 2358.158936 -320 ) (380 2358.158936 -130 ) 
4 36 50 (380 2358.159424 -320 ) (376 2368 -320 ) (380 2377.838379 -320 ) (384 2368 -320 ) 
4 37 59 (174.587097 2273.101807 -320 ) (194.898743 2223.146973 -320 ) (194.898743 2223.146973 -130 ) (174.587097 2273.101807 -130 ) 
4 37 40 (194.902328 2223.148438 -130 ) (194.902344 2223.148438 -320 ) (246.172653 2243.995605 -320 ) (246.172623 2243.995605 -130 ) 
4 37 38 (246.173813 2243.994141 -130 ) (246.173813 2243.994141 -320 ) (174.587006 2273.100830 -320 ) (174.587021 2273.100830 -130 ) 
4 38 61 (170.687714 2282.692139 -320 ) (174.587097 2273.101807 -320 ) (174.587097 2273.101807 -130 ) (170.687714 2282.692139 -130 ) 
4 38 54 (174.588760 2273.101318 -320 ) (170.689407 2282.691406 -320 ) (256.010315 2247.995605 -320 ) (246.172974 2243.995605 -320 ) 
4 38 41 (246.172653 2243.995605 -320 ) (256.010590 2247.995850 -320 ) (256.010559 2247.995850 -130 ) (246.172623 2243.995605 -130 ) 
4 39 59 (197.685959 2216.291992 -320 ) (256.004303 2072.862549 -320 ) (256.004303 2072.862549 -130 ) (197.685959 2216.291992 -130 ) 
4 39 43 (256.003906 2072.859375 -130 ) (256.003906 2072.859375 -320 ) (337.415863 2273.099854 -320 ) (337.415863 2273.099854 -130 ) 
4 39 41 (337.416016 2273.099609 -130 ) (337.416016 2273.099609 -320 ) (256 2240 -320 ) (256 2240 -130 ) 
4 39 40 (256 2240 -320 ) (197.685593 2216.291504 -320 ) (197.685593 2216.291504 -130 ) (256 2240 -130 ) 
4 40 59 (194.898743 2223.146973 -320 ) (197.685959 2216.291992 -320 ) (197.685959 2216.291992 -130 ) (194.898743 2223.146973 -130 ) 
4 40 41 (256.001953 2239.997070 -130 ) (256.001953 2239.997070 -320 ) (246.168640 2243.994385 -320 ) (246.168640 2243.994385 -130 ) 
4 41 55 (246.172333 2243.995361 -320 ) (256.010834 2247.995850 -320 ) (265.837524 2244 -320 ) (256 2240 -320 ) 
4 41 52 (256.010834 2247.995850 -320 ) (341.310974 2282.679932 -320 ) (337.416016 2273.100098 -320 ) (265.837524 2244 -320 ) 
4 41 44 (337.415863 2273.099854 -320 ) (341.311523 2282.681641 -320 ) (341.311523 2282.681641 -130 ) (337.415863 2273.099854 -130 ) 
4 42 117 (266.112793 2048 -195.370956 ) (266.112823 2048 -320 ) (448 2048 -320 ) (448 2048 -256 ) 
4 42 111 (448 2048 -130 ) (266.112793 2048 -130 ) (266.112793 2048 -195.370956 ) (448 2048 -256 ) 
4 42 59 (260 2063.034180 -320 ) (266.113434 2048 -320 ) (266.113434 2048 -130 ) (260 2063.034180 -130 ) 
4 42 44 (350.891602 2286.572266 -130 ) (350.891602 2286.572266 -320 ) (347 2277 -320 ) (347 2277 -130 ) 
4 42 43 (347 2277 -320 ) (260 2063.034180 -320 ) (260 2063.034180 -130 ) (347 2277 -130 ) 
4 43 59 (256.004303 2072.862549 -320 ) (260 2063.034180 -320 ) (260 2063.034180 -130 ) (256.004303 2072.862549 -130 ) 
4 43 44 (347.001953 2277 -130 ) (347.001953 2277 -320 ) (337.415070 2273.099854 -320 ) (337.415070 2273.099854 -130 ) 
4 44 53 (337.416016 2273.100098 -320 ) (341.310974 2282.679932 -320 ) (350.893799 2286.576416 -320 ) (347 2277 -320 ) 
4 45 85 (341.311096 2453.317139 -436 ) (256 2488 -436 ) (256 2488 -384 ) (341.311096 2453.317139 -384 ) 
4 45 84 (256 2488 -384 ) (256 2488 -320 ) (341.311096 2453.317139 -320 ) (341.311096 2453.317139 -384 ) 
4 45 77 (256.001953 2488 -320 ) (256.001953 2488 -436 ) (170.684509 2453.306641 -436 ) (170.684509 2453.306641 -320 ) 
4 45 71 (170.684570 2453.306641 -384 ) (170.684570 2453.306641 -436 ) (136 2368 -436 ) (136 2368 -384 ) 
4 45 70 (170.684570 2453.306641 -320 ) (170.684570 2453.306641 -384 ) (136 2368 -384 ) (136 2368 -320 ) 
4 45 63 (136 2368.003906 -384 ) (136 2368.003906 -436 ) (170.687744 2282.692139 -436 ) (170.687744 2282.692139 -384 ) 
4 45 62 (136 2368.003906 -320 ) (136 2368.003906 -384 ) (170.687744 2282.692139 -384 ) (170.687744 2282.692139 -320 ) 
4 45 54 (256.012512 2247.996582 -320 ) (170.683594 2282.695313 -320 ) (170.683594 2282.695313 -436 ) (256.012482 2247.996582 -436 ) 
4 45 52 (256.007813 2247.994141 -320 ) (256.007813 2247.994141 -436 ) (341.310852 2282.679688 -436 ) (341.310852 2282.679688 -320 ) 
4 45 49 (341.311523 2282.681641 -384 ) (341.311523 2282.681641 -436 ) (376 2367.998291 -436 ) (376 2367.998291 -384 ) 
4 45 48 (341.311523 2282.681641 -320 ) (341.311523 2282.681641 -384 ) (376 2367.998291 -384 ) (376 2367.998291 -320 ) 
4 45 47 (376 2367.996094 -384 ) (376 2367.996094 -436 ) (341.309509 2453.318604 -436 ) (341.309509 2453.318604 -384 ) 
4 45 46 (376 2367.996094 -320 ) (376 2367.996094 -384 ) (341.309509 2453.318604 -384 ) (341.309509 2453.318604 -320 ) 
4 46 84 (341.311096 2453.317139 -384 ) (341.311096 2453.317139 -320 ) (350.894775 2449.420898 -320 ) (350.894775 2449.420898 -384 ) 
4 46 50 (380 2377.837158 -320 ) (376 2367.998291 -320 ) (376 2367.998291 -384 ) (380 2377.837158 -384 ) 
4 46 47 (376.001953 2368 -384 ) (341.314056 2453.316650 -384 ) (350.894440 2449.421875 -384 ) (380 2377.835449 -384 ) 
4 47 85 (350.894775 2449.420898 -436 ) (341.311096 2453.317139 -436 ) (341.311096 2453.317139 -384 ) (350.894775 2449.420898 -384 ) 
4 47 51 (376 2367.998291 -436 ) (380 2377.837158 -436 ) (380 2377.837158 -384 ) (376 2367.998291 -384 ) 
4 48 53 (350.927155 2286.589844 -320 ) (341.310852 2282.679688 -320 ) (341.310852 2282.679688 -384 ) (350.927155 2286.589844 -384 ) 
4 48 50 (380 2358.156006 -384 ) (376 2367.996094 -384 ) (376 2367.996094 -320 ) (380 2358.156006 -320 ) 
4 48 49 (341.310547 2282.679688 -384 ) (376 2368.003906 -384 ) (380.002411 2358.159668 -384 ) (350.927185 2286.590088 -384 ) 
4 49 53 (341.310852 2282.679688 -436 ) (350.927155 2286.589844 -436 ) (350.927155 2286.589844 -384 ) (341.310852 2282.679688 -384 ) 
4 49 51 (380 2358.156006 -436 ) (376 2367.996094 -436 ) (376 2367.996094 -384 ) (380 2358.156006 -384 ) 
4 50 51 (380.002594 2358.160156 -384 ) (376.001953 2368 -384 ) (380 2377.835449 -384 ) (384 2368 -384 ) 
4 52 56 (256.012482 2247.996582 -384 ) (256.012482 2247.996582 -436 ) (265.839325 2244 -436 ) (265.839325 2244 -384 ) 
4 52 55 (265.839355 2244 -320 ) (256.012512 2247.996582 -320 ) (256.012482 2247.996582 -384 ) (265.839325 2244 -384 ) 
4 52 53 (337.418152 2273.104004 -436 ) (341.311035 2282.678711 -436 ) (341.311035 2282.678711 -320 ) (337.418152 2273.104004 -320 ) 
4 54 64 (170.687744 2282.692139 -436 ) (174.600662 2273.068604 -436 ) (174.600662 2273.068604 -320 ) (170.687744 2282.692139 -320 ) 
4 54 56 (256.007813 2247.994141 -436 ) (256.007813 2247.994141 -384 ) (246.169464 2243.993652 -384 ) (246.169464 2243.993652 -436 ) 
4 54 55 (256.007813 2247.994141 -384 ) (256.007813 2247.994141 -320 ) (246.169464 2243.993652 -320 ) (246.169464 2243.993652 -384 ) 
4 55 56 (246.169418 2243.993652 -384 ) (256.007813 2247.994141 -384 ) (265.833710 2243.998535 -384 ) (256 2240 -384 ) 
4 57 67 (111.157761 2306.899902 -130 ) (132 2358.161621 -130 ) (132 2358.161621 -320 ) (111.157761 2306.899902 -320 ) 
4 57 60 (111.160149 2306.898438 -130 ) (111.160156 2306.898438 -320 ) (161.098511 2286.591064 -320 ) (161.098511 2286.591064 -130 ) 
4 57 58 (161.098633 2286.589844 -130 ) (161.098633 2286.589844 -320 ) (132 2358.161377 -320 ) (132 2358.161377 -130 ) 
4 58 69 (132 2358.161621 -130 ) (136 2368 -130 ) (136 2368 -320 ) (132 2358.161621 -320 ) 
4 58 62 (132 2358.163574 -320 ) (136 2368.003906 -320 ) (170.687744 2282.692139 -320 ) (161.098312 2286.591553 -320 ) 
4 58 61 (161.098511 2286.591064 -320 ) (170.683594 2282.693359 -320 ) (170.683594 2282.693359 -130 ) (161.098511 2286.591064 -130 ) 
5 59 117 (64 2048 -256 ) (64 2048 -320 ) (266.112823 2048 -320 ) (266.112793 2048 -195.370956 ) (256 2048 -192 ) 
4 59 113 (70 2048 -130 ) (64 2048 -130 ) (64 2048 -256 ) (256 2048 -192 ) 
3 59 111 (266.112793 2048 -130 ) (70 2048 -130 ) (266.112793 2048 -195.370956 ) 
4 59 86 (64 2048 -320 ) (64 2048 -130 ) (64 2190.916016 -130 ) (64 2190.916016 -320 ) 
4 59 67 (64 2190.915283 -320 ) (64 2190.915283 -130 ) (108.363640 2300.027832 -130 ) (108.363640 2300.027832 -320 ) 
4 59 61 (174.589828 2273.099609 -130 ) (174.589844 2273.099609 -320 ) (165 2276.998535 -320 ) (165 2276.998535 -130 ) 
4 59 60 (165 2276.998535 -320 ) (108.363113 2300.026855 -320 ) (108.363113 2300.026855 -130 ) (165 2276.998535 -130 ) 
4 60 67 (108.363640 2300.027832 -130 ) (111.157761 2306.899902 -130 ) (111.157761 2306.899902 -320 ) (108.363640 2300.027832 -320 ) 
4 60 61 (165.001953 2277 -130 ) (165.001953 2277 -320 ) (161.101105 2286.590332 -320 ) (161.101105 2286.590332 -130 ) 
4 61 64 (161.098282 2286.591553 -320 ) (170.687744 2282.692139 -320 ) (174.587143 2273.101807 -320 ) (165 2277 -320 ) 
4 62 72 (132 2358.161865 -320 ) (136 2368 -320 ) (136 2368 -384 ) (132 2358.161865 -384 ) 
4 62 64 (170.687500 2282.693359 -384 ) (170.687500 2282.693359 -320 ) (161.099945 2286.592041 -320 ) (161.099945 2286.592041 -384 ) 
4 62 63 (170.687500 2282.696289 -384 ) (161.098495 2286.595703 -384 ) (132 2358.161865 -384 ) (136.001953 2368.003906 -384 ) 
4 63 73 (136 2368 -436 ) (132 2358.161865 -436 ) (132 2358.161865 -384 ) (136 2368 -384 ) 
4 63 64 (170.687500 2282.693359 -436 ) (170.687500 2282.693359 -384 ) (161.099945 2286.592041 -384 ) (161.099945 2286.592041 -436 ) 
4 65 79 (111.157188 2429.101318 -130 ) (161.100433 2449.409424 -130 ) (161.100433 2449.409424 -320 ) (111.157188 2429.101318 -320 ) 
4 65 68 (111.156250 2429.105469 -130 ) (111.156250 2429.105469 -320 ) (132 2377.840820 -320 ) (132 2377.840820 -130 ) 
4 65 66 (131.998047 2377.835938 -130 ) (131.998047 2377.835938 -320 ) (161.101105 2449.411865 -320 ) (161.101105 2449.411865 -130 ) 
4 66 76 (161.100433 2449.409424 -130 ) (170.684509 2453.306641 -130 ) (170.684509 2453.306641 -320 ) (161.100433 2449.409424 -320 ) 
4 66 70 (161.103989 2449.418213 -320 ) (170.691406 2453.316406 -320 ) (136.001953 2367.997559 -320 ) (132 2377.840088 -320 ) 
4 66 69 (132 2377.840820 -320 ) (136 2368.003906 -320 ) (136 2368.003906 -130 ) (132 2377.840820 -130 ) 
4 67 86 (64 2190.916016 -320 ) (64 2190.916016 -130 ) (64 2409.927979 -130 ) (64 2409.927979 -320 ) 
4 67 79 (64 2409.926025 -320 ) (64 2409.926025 -130 ) (104.292816 2426.310059 -130 ) (104.292824 2426.310059 -320 ) 
4 67 69 (132 2358.164063 -130 ) (132 2358.164063 -320 ) (128 2368.001221 -320 ) (128 2368.001221 -130 ) 
4 67 68 (128 2368.001221 -320 ) (104.292961 2426.312012 -320 ) (104.292961 2426.312012 -130 ) (128 2368.001221 -130 ) 
4 68 79 (104.292816 2426.310059 -130 ) (111.157188 2429.101318 -130 ) (111.157188 2429.101318 -320 ) (104.292824 2426.310059 -320 ) 
4 68 69 (128 2368 -130 ) (128 2368 -320 ) (132 2377.840088 -320 ) (132 2377.840088 -130 ) 
4 69 72 (132 2377.840088 -320 ) (136.001953 2367.997559 -320 ) (132.001389 2358.158203 -320 ) (128 2368 -320 ) 
4 70 78 (161.067062 2449.395996 -320 ) (170.684509 2453.306641 -320 ) (170.684509 2453.306641 -384 ) (161.067062 2449.395996 -384 ) 
4 70 72 (136 2368.003906 -384 ) (136 2368.003906 -320 ) (132 2377.843994 -320 ) (132 2377.843994 -384 ) 
4 70 71 (136 2368.007813 -384 ) (132 2377.845947 -384 ) (161.066864 2449.395508 -384 ) (170.681641 2453.304688 -384 ) 
4 71 78 (170.684509 2453.306641 -436 ) (161.067062 2449.395996 -436 ) (161.067062 2449.395996 -384 ) (170.684509 2453.306641 -384 ) 
4 71 73 (136 2368.003906 -436 ) (136 2368.003906 -384 ) (132 2377.843994 -384 ) (132 2377.843994 -436 ) 
4 72 73 (128.002106 2367.994873 -384 ) (132 2377.835938 -384 ) (136 2368 -384 ) (132 2358.162109 -384 ) 
4 74 80 (236.322632 2496 -320 ) (236.322632 2496 -130 ) (246.163101 2492 -130 ) (246.163086 2492 -320 ) 
4 74 79 (164.964905 2458.989502 -130 ) (180 2496 -130 ) (180 2496 -320 ) (164.964905 2458.989502 -320 ) 
4 74 76 (164.964859 2458.990234 -130 ) (164.964844 2458.990234 -320 ) (174.585602 2462.901367 -320 ) (174.585617 2462.901367 -130 ) 
4 74 75 (174.585602 2462.901367 -320 ) (246.163101 2492 -320 ) (246.163086 2492 -130 ) (174.585617 2462.901367 -130 ) 
4 75 83 (246.163101 2492 -130 ) (256 2488 -130 ) (256 2488 -320 ) (246.163086 2492 -320 ) 
4 75 77 (256 2488 -320 ) (170.684769 2453.307373 -320 ) (174.585159 2462.900391 -320 ) (246.162949 2492 -320 ) 
4 75 76 (174.585922 2462.902344 -130 ) (174.585922 2462.902344 -320 ) (170.685425 2453.309082 -320 ) (170.685425 2453.309082 -130 ) 
4 76 79 (161.069336 2449.400391 -320 ) (161.069336 2449.400391 -130 ) (164.964905 2458.989502 -130 ) (164.964905 2458.989502 -320 ) 
4 76 78 (170.684769 2453.307373 -320 ) (161.072266 2449.398438 -320 ) (164.969376 2458.991211 -320 ) (174.585159 2462.900391 -320 ) 
4 77 85 (256 2488 -436 ) (246.161636 2492 -436 ) (246.161636 2492 -384 ) (256 2488 -384 ) 
4 77 84 (246.161636 2492 -384 ) (246.161636 2492 -320 ) (256 2488 -320 ) (256 2488 -384 ) 
4 77 78 (170.685547 2453.310547 -436 ) (170.685547 2453.310547 -320 ) (174.583099 2462.896484 -320 ) (174.583099 2462.896484 -436 ) 
4 79 86 (64 2409.927979 -320 ) (64 2409.927979 -130 ) (64 2496 -130 ) (64 2496 -320 ) 
4 80 83 (246.160156 2491.998047 -130 ) (246.160156 2491.998047 -320 ) (256 2496 -320 ) (256 2496 -130 ) 
4 81 83 (256.003906 2496 -130 ) (256.003906 2496 -320 ) (347 2459.001953 -320 ) (347 2459.001953 -130 ) 
4 81 82 (347 2459.001953 -320 ) (448 2417.935547 -320 ) (448 2417.935547 -130 ) (347 2459.001953 -130 ) 
4 82 83 (347 2459 -130 ) (347 2459 -320 ) (350.896576 2449.420898 -320 ) (350.896576 2449.420898 -130 ) 
4 83 84 (350.893921 2449.427490 -320 ) (246.170319 2492.002441 -320 ) (256 2496 -320 ) (347 2459 -320 ) 
4 84 85 (350.894470 2449.421631 -384 ) (246.164063 2492 -384 ) (256.001892 2496 -384 ) (346.984436 2459.038086 -384 ) 
4 86 133 (0 2048 -384 ) (0 2048 -130 ) (0 2496 -130 ) (0 2496 -384 ) 
4 86 118 (0 2048 -277.333313 ) (0 2048 -384 ) (64 2048 -384 ) (64 2048 -256 ) 
4 86 113 (64 2048 -130 ) (0 2048 -130 ) (0 2048 -277.333313 ) (64 2048 -256 ) 
4 87 119 (1024 2048 -448 ) (1024 2048 -436 ) (832 2048 -436 ) (832 2048 -448 ) 
4 87 121 (832 2048 -436 ) (640 2048 -436 ) (640 2048 -448 ) (832 2048 -448 ) 
4 88 157 (595.582153 1024 1664 ) (0 1024 1664 ) (0 1024 768 ) (595.582153 1024 768 ) 
4 88 135 (0 1024 768 ) (0 1024 1664 ) (0 1196.307617 1664 ) (0 1196.307617 768 ) 
9 88 89 (595.582153 1024 768 ) (0 1024 768 ) (0 1196.307617 768 ) (8 1208 768 ) (122 1286 768 ) (256 1312 768 ) (390 1286 768 ) (504 1208 768 ) (582 1094 768 ) 
4 89 158 (1024 1024 320 ) (1024 1024 768 ) (0 1024 768 ) (0 1024 320 ) 
4 89 136 (0 1024 320 ) (0 1024 768 ) (0 2048 768 ) (0 2048 320 ) 
4 89 94 (896 1280 320 ) (896 1088 320 ) (768 1088 320 ) (768 1344 320 ) 
4 89 93 (768 2048 320 ) (896 2048 320 ) (896 1536 320 ) (768 1472 320 ) 
4 89 96 (0 1088 320 ) (0 2048 320 ) (768 2048 320 ) (768 1088 320 ) 
4 89 90 (896 1536 320 ) (896 2048 320 ) (1024 2048 320 ) (1024 1536 320 ) 
4 90 98 (896 1536 -64 ) (896 1856 -64 ) (1024 1856 -64 ) (1024 1536 -64 ) 
4 90 93 (896 2048 -64 ) (896 1536 -64 ) (896 1536 320 ) (896 2048 320 ) 
4 90 91 (896 1536 256 ) (896 1536 -64 ) (1024 1536 -64 ) (1024 1536 256 ) 
4 91 98 (896 1280 -64 ) (896 1536 -64 ) (1024 1536 -64 ) (1024 1280 -64 ) 
4 91 95 (896 1536 -64 ) (896 1280 -64 ) (896 1280 256 ) (896 1536 256 ) 
4 91 92 (896 1280 256 ) (896 1280 -64 ) (1024 1280 -64 ) (1024 1280 256 ) 
4 92 159 (1024 1024 -64 ) (1024 1024 288 ) (896 1024 288 ) (896 1024 -64 ) 
4 92 98 (896 1088 -64 ) (896 1280 -64 ) (1024 1280 -64 ) (1024 1088 -64 ) 
4 92 97 (896 1088 -64 ) (896 1024 -64 ) (896 1024 288 ) (896 1088 288 ) 
4 92 94 (896 1280 -64 ) (896 1088 -64 ) (896 1088 288 ) (896 1280 288 ) 
4 93 98 (896 1856 -64 ) (896 1536 -64 ) (832 1504 -64 ) (832 1856 -64 ) 
4 93 99 (832 1504 -64 ) (768 1472 -64 ) (768 1856 -64 ) (832 1856 -64 ) 
4 93 95 (768 1472 288 ) (768 1472 -64 ) (896 1536 -64 ) (896 1536 256 ) 
4 93 96 (768 2048 -64 ) (768 1472 -64 ) (768 1472 320 ) (768 2048 320 ) 
4 94 98 (896 1280 -64 ) (896 1088 -64 ) (832 1088 -64 ) (832 1312 -64 ) 
4 94 99 (832 1088 -64 ) (768 1088 -64 ) (768 1344 -64 ) (832 1312 -64 ) 
4 94 97 (768 1088 -64 ) (896 1088 -64 ) (896 1088 288 ) (768 1088 288 ) 
4 94 95 (896 1280 256 ) (896 1280 -64 ) (768 1344 -64 ) (768 1344 288 ) 
4 94 96 (768 1344 -64 ) (768 1088 -64 ) (768 1088 320 ) (768 1344 320 ) 
4 95 98 (896 1536 -64 ) (896 1280 -64 ) (832 1312 -64 ) (832 1504 -64 ) 
4 95 99 (832 1312 -64 ) (768 1344 -64 ) (768 1472 -64 ) (832 1504 -64 ) 
4 95 96 (768 1472 -64 ) (768 1344 -64 ) (768 1344 288 ) (768 1472 288 ) 
4 96 137 (0 1088 320 ) (0 2048 320 ) (0 2048 -64 ) (0 1088 -64 ) 
4 96 108 (0 1088 -64 ) (0 1408 -64 ) (64 1344 -64 ) (64 1088 -64 ) 
4 96 107 (192 1088 -64 ) (64 1088 -64 ) (64 1344 -64 ) (192 1216 -64 ) 
4 96 106 (448 1344 -64 ) (448 1088 -64 ) (320 1088 -64 ) (320 1216 -64 ) 
4 96 104 (448 1600 -64 ) (448 1472 -64 ) (64 1472 -64 ) (64 1600 -64 ) 
4 96 102 (448 1856 -64 ) (448 1728 -64 ) (64 1728 -64 ) (64 1856 -64 ) 
4 96 101 (576 1344 -64 ) (576 1088 -64 ) (448 1088 -64 ) (448 1344 -64 ) 
4 96 99 (768 1856 -64 ) (768 1088 -64 ) (576 1088 -64 ) (576 1856 -64 ) 
4 96 97 (0 1088 -64 ) (768 1088 -64 ) (768 1088 288 ) (0 1088 288 ) 
4 97 162 (0 1024 288 ) (0 1024 -64 ) (896 1024 -64 ) (896 1024 288 ) 
4 97 144 (0 1024 -64 ) (0 1024 288 ) (0 1088 288 ) (0 1088 -64 ) 
4 97 108 (64 1024 -64 ) (0 1024 -64 ) (0 1088 -64 ) (64 1088 -64 ) 
4 97 107 (192 1024 -64 ) (64 1024 -64 ) (64 1088 -64 ) (192 1088 -64 ) 
4 97 106 (448 1024 -64 ) (320 1024 -64 ) (320 1088 -64 ) (448 1088 -64 ) 
4 97 101 (576 1024 -64 ) (448 1024 -64 ) (448 1088 -64 ) (576 1088 -64 ) 
4 97 100 (768 1024 -64 ) (576 1024 -64 ) (576 1088 -64 ) (896 1088 -64 ) 
4 98 110 (1024 1738.666870 -128 ) (1024 1088 -128 ) (832 1088 -128 ) (832 1738.666870 -128 ) 
4 98 100 (832 1088 -128 ) (896 1088 -128 ) (896 1088 -64 ) (832 1088 -64 ) 
4 98 99 (832 1856 -64 ) (832 1738.666870 -128 ) (832 1088 -128 ) (832 1088 -64 ) 
4 99 111 (832 1088 -128 ) (576 1088 -128 ) (576 1856 -128 ) (832 1856 -128 ) 
4 99 101 (576 1344 -128 ) (576 1088 -128 ) (576 1088 -64 ) (576 1344 -64 ) 
4 99 100 (576 1088 -64 ) (576 1088 -128 ) (832 1088 -128 ) (832 1088 -64 ) 
5 100 111 (768 1024 -128 ) (576 1024 -128 ) (576 1088 -128 ) (832 1088 -128 ) (832 1056 -128 ) 
3 100 110 (832 1088 -128 ) (896 1088 -128 ) (832 1056 -128 ) 
4 100 101 (576 1088 -128 ) (576 1024 -128 ) (576 1024 -64 ) (576 1088 -64 ) 
4 101 111 (576 1024 -128 ) (448 1024 -128 ) (448 1344 -128 ) (576 1344 -128 ) 
4 101 106 (448 1344 -128 ) (448 1024 -128 ) (448 1024 -64 ) (448 1344 -64 ) 
4 102 103 (448 1728 -80 ) (64 1728 -80 ) (64 1856 -80 ) (448 1856 -80 ) 
4 103 111 (64 1728 -128 ) (64 1856 -128 ) (448 1856 -128 ) (448 1728 -128 ) 
4 104 105 (448 1472 -80 ) (64 1472 -80 ) (64 1600 -80 ) (448 1600 -80 ) 
4 105 111 (64 1472 -128 ) (64 1600 -128 ) (448 1600 -128 ) (448 1472 -128 ) 
4 106 111 (448 1024 -128 ) (320 1024 -128 ) (320 1216 -128 ) (448 1344 -128 ) 
4 107 111 (192 1024 -128 ) (64 1024 -128 ) (64 1344 -128 ) (192 1216 -128 ) 
4 107 108 (64 1344 -128 ) (64 1024 -128 ) (64 1024 -64 ) (64 1344 -64 ) 
4 108 148 (0 1024 -128 ) (0 1024 -64 ) (0 1408 -64 ) (0 1408 -128 ) 
4 108 111 (64 1024 -128 ) (0 1024 -128 ) (0 1408 -128 ) (64 1344 -128 ) 
4 109 119 (1024 2048 -384 ) (1024 1856 -384 ) (832 1856 -384 ) (832 2048 -384 ) 
4 109 111 (832 2048 -384 ) (832 1856 -384 ) (832 1856 -128 ) (832 2048 -128 ) 
4 110 176 (1024 1024 -384 ) (1024 1024 -320 ) (832 1024 -320 ) (832 1024 -384 ) 
4 110 171 (1024 1024 -320 ) (1024 1024 -128 ) (896 1024 -128 ) (896 1024 -320 ) 
4 110 172 (896 1024 -128 ) (832 1024 -128 ) (832 1024 -320 ) (896 1024 -320 ) 
4 110 120 (1024 1269.333374 -384 ) (1024 1024 -384 ) (832 1024 -384 ) (832 1269.333374 -384 ) 
4 110 111 (832 1269.333374 -384 ) (832 1024 -384 ) (832 1024 -128 ) (832 1738.666748 -128 ) 
4 111 178 (512 1024 -384 ) (640 1024 -384 ) (640 1024 -320 ) (512 1024 -320 ) 
4 111 177 (640 1024 -384 ) (768 1024 -384 ) (768 1024 -320 ) (640 1024 -320 ) 
4 111 176 (768 1024 -384 ) (832 1024 -384 ) (832 1024 -320 ) (768 1024 -320 ) 
4 111 180 (0 1024 -320 ) (0 1024 -384 ) (512 1024 -384 ) (512 1024 -320 ) 
4 111 173 (320 1024 -128 ) (192 1024 -128 ) (192 1024 -192 ) (320 1024 -192 ) 
4 111 174 (192 1024 -192 ) (192 1024 -320 ) (320 1024 -320 ) (320 1024 -192 ) 
4 111 175 (192 1024 -128 ) (0 1024 -128 ) (0 1024 -320 ) (192 1024 -320 ) 
4 111 172 (832 1024 -128 ) (320 1024 -128 ) (320 1024 -320 ) (832 1024 -320 ) 
5 111 154 (0 1024 -384 ) (0 1024 -128 ) (0 1792 -128 ) (0 1792 -192 ) (0 1216 -384 ) 
3 111 153 (0 1792 -128 ) (0 1984 -128 ) (0 1792 -192 ) 
4 111 124 (128 1024 -384 ) (0 1024 -384 ) (0 1216 -384 ) (128 1344 -384 ) 
5 111 123 (384 1024 -384 ) (128 1024 -384 ) (128 1344 -384 ) (192 1408 -384 ) (384 1408 -384 ) 
4 111 122 (640 1024 -384 ) (384 1024 -384 ) (384 1408 -384 ) (640 1664 -384 ) 
4 111 121 (832 1024 -384 ) (640 1024 -384 ) (640 1856 -384 ) (832 2048 -384 ) 
5 111 117 (256 2048 -192 ) (448 2048 -256 ) (448 1856 -320 ) (320 1728 -320 ) (256 1792 -277.333313 ) 
4 111 116 (416 1632 -384 ) (256 1472 -384 ) (256 1728 -298.666656 ) (320 1728 -320 ) 
3 111 115 (256 1728 -298.666656 ) (256 1792 -277.333313 ) (320 1728 -320 ) 
5 111 113 (0 1984 -128 ) (64 2048 -128 ) (256 2048 -192 ) (256 1472 -384 ) (0 1216 -384 ) 
4 111 112 (448 2048 -256 ) (832 2048 -384 ) (544 1760 -384 ) (448 1856 -320 ) 
3 112 121 (640 2048 -384 ) (832 2048 -384 ) (640 1856 -384 ) 
3 112 117 (448 1856 -320 ) (448 2048 -256 ) (448 2048 -320 ) 
4 113 154 (0 1792 -362.666687 ) (0 1728 -384 ) (0 1216 -384 ) (0 1792 -192 ) 
5 113 153 (0 1984 -128 ) (0 2048 -128 ) (0 2048 -277.333313 ) (0 1792 -362.666687 ) (0 1792 -192 ) 
4 113 124 (0 1216 -384 ) (0 1536 -384 ) (128 1408 -384 ) (128 1344 -384 ) 
3 113 123 (192 1408 -384 ) (128 1344 -384 ) (128 1408 -384 ) 
4 113 118 (0 1792 -362.665588 ) (0 2048 -277.332153 ) (64 2048 -255.998840 ) (64 1856 -319.998993 ) 
4 113 117 (256 2048 -191.998703 ) (256 1792 -277.332214 ) (64 1984 -277.332214 ) (64 2048 -255.998840 ) 
4 113 116 (256 1728 -298.665375 ) (256 1471.996094 -384 ) (95.998230 1631.998413 -384 ) (192 1728 -319.998932 ) 
6 113 115 (256 1792 -277.332214 ) (256 1728 -298.665375 ) (191.996674 1728 -320 ) (64 1855.996582 -320 ) (64 1856 -319.998993 ) (128 1920 -277.332214 ) 
3 113 114 (64 1856 -319.998993 ) (64 1984 -277.332214 ) (128 1920 -277.332214 ) 
3 114 118 (64 1856 -320 ) (64 1984 -277.333344 ) (64 1984 -320 ) 
4 114 117 (64 1984.001953 -320 ) (64 1984.001953 -277.332031 ) (128.001282 1920 -277.332031 ) (128.001282 1920 -320 ) 
3 114 115 (64 1856 -320 ) (128 1920 -320 ) (128 1920 -277.332031 ) 
4 115 117 (128.001282 1920 -277.332031 ) (255.998932 1792.003052 -277.332031 ) (320.001953 1728 -320 ) (128.001282 1920 -320 ) 
3 115 116 (319.994141 1728 -320 ) (256 1728 -298.666595 ) (191.997040 1728 -320 ) 
4 117 118 (64 1984 -320 ) (64 1984 -277.333344 ) (64 2048 -256 ) (64 2048 -320 ) 
4 118 153 (0 2048 -277.333313 ) (0 2048 -384 ) (0 1792 -384 ) (0 1792 -362.666687 ) 
4 119 121 (832 2048 -448 ) (832 1856 -448 ) (832 1856 -384 ) (832 2048 -384 ) 
4 120 176 (1024 1024 -448 ) (1024 1024 -384 ) (832 1024 -384 ) (832 1024 -448 ) 
4 120 121 (832 1152 -448 ) (832 1024 -448 ) (832 1024 -384 ) (832 1269.333374 -384 ) 
4 121 177 (768 1024 -384 ) (640 1024 -384 ) (640 1024 -448 ) (768 1024 -448 ) 
4 121 176 (832 1024 -384 ) (768 1024 -384 ) (768 1024 -448 ) (832 1024 -448 ) 
4 121 122 (640 1664 -448 ) (640 1024 -448 ) (640 1024 -384 ) (640 1664 -384 ) 
4 122 178 (640 1024 -384 ) (512 1024 -384 ) (512 1024 -448 ) (640 1024 -448 ) 
4 122 180 (512 1024 -384 ) (384 1024 -384 ) (384 1024 -448 ) (512 1024 -448 ) 
4 122 123 (384 1216 -448 ) (384 1024 -448 ) (384 1024 -384 ) (384 1408 -384 ) 
4 123 180 (384 1024 -384 ) (128 1024 -384 ) (128 1024 -448 ) (384 1024 -448 ) 
4 123 124 (128 1216 -448 ) (128 1024 -448 ) (128 1024 -384 ) (128 1408 -384 ) 
4 124 180 (128 1024 -384 ) (0 1024 -384 ) (0 1024 -448 ) (128 1024 -448 ) 
4 124 155 (0 1024 -448 ) (0 1024 -384 ) (0 1536 -384 ) (0 1536 -448 ) 
4 125 136 (0 2048 608 ) (0 2048 768 ) (-160 2048 768 ) (-160 2048 608 ) 
4 125 130 (-160 2048 608 ) (-160 2048 768 ) (-160 2480 768 ) (-160 2480 608 ) 
4 125 128 (0 2048 608 ) (-160 2048 608 ) (-160 2480 608 ) (0 2480 608 ) 
4 126 127 (-160 2528 256 ) (0 2528 256 ) (0 2528 608 ) (-160 2528 608 ) 
4 127 128 (-160 2496 256 ) (0 2496 256 ) (0 2496 608 ) (-160 2496 608 ) 
4 128 137 (0 2048 256 ) (0 2048 320 ) (-160 2048 320 ) (-160 2048 256 ) 
4 128 136 (0 2048 320 ) (0 2048 608 ) (-160 2048 608 ) (-160 2048 320 ) 
4 128 130 (-160 2048 256 ) (-160 2048 608 ) (-160 2480 608 ) (-160 2480 256 ) 
4 128 129 (-160 2048 256 ) (-160 2480 256 ) (0 2480 256 ) (0 2048 256 ) 
4 129 137 (0 2048 224 ) (0 2048 256 ) (-160 2048 256 ) (-160 2048 224 ) 
4 129 131 (0 2048 224 ) (-160 2048 224 ) (-160 2480 224 ) (0 2480 224 ) 
4 129 130 (-160 2480 224 ) (-160 2048 224 ) (-160 2048 256 ) (-160 2480 256 ) 
4 130 145 (-512 2048 224 ) (-384 2048 224 ) (-384 2048 320 ) (-512 2048 320 ) 
4 130 138 (-384 2048 224 ) (-256 2048 224 ) (-256 2048 320 ) (-384 2048 320 ) 
4 130 137 (-256 2048 224 ) (-160 2048 224 ) (-160 2048 320 ) (-256 2048 320 ) 
4 130 136 (-160 2048 320 ) (-160 2048 768 ) (-512 2048 768 ) (-512 2048 320 ) 
5 130 131 (-160 2048 224 ) (-512 2048 224 ) (-512 2176 224 ) (-208 2480 224 ) (-160 2480 224 ) 
4 131 145 (-384 2048 224 ) (-512 2048 224 ) (-512 2048 -64 ) (-384 2048 -64 ) 
4 131 138 (-256 2048 224 ) (-384 2048 224 ) (-384 2048 -64 ) (-256 2048 -64 ) 
4 131 137 (0 2048 -64 ) (0 2048 224 ) (-256 2048 224 ) (-256 2048 -64 ) 
4 131 132 (-320 2176 -64 ) (-416 2272 -64 ) (-288 2400 -64 ) (-192 2304 -64 ) 
4 132 134 (-320 2176 -128 ) (-416 2272 -128 ) (-288 2400 -128 ) (-192 2304 -128 ) 
4 133 153 (0 2048 -384 ) (0 2048 -128 ) (-128 2048 -128 ) (-128 2048 -384 ) 
4 133 134 (-128 2048 -384 ) (-128 2048 -128 ) (-128 2496 -128 ) (-128 2496 -384 ) 
4 134 156 (-512 2048 -384 ) (-512 2048 -448 ) (-128 2048 -448 ) (-128 2048 -384 ) 
4 134 153 (-128 2048 -128 ) (-512 2048 -128 ) (-512 2048 -384 ) (-128 2048 -384 ) 
4 135 203 (0 1024 768 ) (0 1024 1664 ) (-83.582092 1024 1664 ) (-83.582092 1024 768 ) 
4 135 136 (0 1024 768 ) (-83.582092 1024 768 ) (-70 1094 768 ) (0 1196.307739 768 ) 
4 136 204 (0 1024 320 ) (0 1024 768 ) (-512 1024 768 ) (-512 1024 320 ) 
4 136 145 (-512 1536 320 ) (-512 2048 320 ) (-384 2048 320 ) (-384 1536 320 ) 
3 136 140 (-384 1280 320 ) (-256 1344 320 ) (-256 1280 320 ) 
3 136 139 (-384 1536 320 ) (-256 1536 320 ) (-256 1472 320 ) 
4 136 138 (-384 1536 320 ) (-384 2048 320 ) (-256 2048 320 ) (-256 1536 320 ) 
4 136 143 (-384 1088 320 ) (-384 1280 320 ) (-256 1280 320 ) (-256 1088 320 ) 
4 136 137 (-256 2048 320 ) (0 2048 320 ) (0 1088 320 ) (-256 1088 320 ) 
4 137 152 (-128 1088 -64 ) (-256 1088 -64 ) (-256 1792 -64 ) (-128 1792 -64 ) 
3 137 150 (-128 1856 -64 ) (-128 1792 -64 ) (-192 1792 -64 ) 
4 137 149 (-64 1472 -64 ) (-128 1536 -64 ) (-128 1920 -64 ) (-64 1920 -64 ) 
4 137 148 (0 1408 -64 ) (0 1088 -64 ) (-128 1088 -64 ) (-128 1536 -64 ) 
4 137 144 (-256 1088 -64 ) (0 1088 -64 ) (0 1088 288 ) (-256 1088 288 ) 
4 137 141 (-256 1472 288 ) (-256 1472 256 ) (-256 1344 256 ) (-256 1344 288 ) 
4 137 140 (-256 1280 256 ) (-256 1280 320 ) (-256 1344 320 ) (-256 1344 256 ) 
4 137 139 (-256 1472 320 ) (-256 1536 320 ) (-256 1536 256 ) (-256 1472 256 ) 
4 137 142 (-256 1536 -64 ) (-256 1280 -64 ) (-256 1280 256 ) (-256 1536 256 ) 
4 137 138 (-256 2048 -64 ) (-256 1536 -64 ) (-256 1536 320 ) (-256 2048 320 ) 
4 137 143 (-256 1280 -64 ) (-256 1088 -64 ) (-256 1088 320 ) (-256 1280 320 ) 
4 138 152 (-256 1792 -64 ) (-256 1536 -64 ) (-384 1536 -64 ) (-384 1792 -64 ) 
3 138 151 (-320 1792 -64 ) (-384 1792 -64 ) (-384 1856 -64 ) 
4 138 145 (-384 2048 -64 ) (-384 1536 -64 ) (-384 1536 320 ) (-384 2048 320 ) 
4 138 139 (-384 1536 320 ) (-384 1536 256 ) (-256 1536 256 ) (-256 1536 320 ) 
4 138 142 (-384 1536 256 ) (-384 1536 -64 ) (-256 1536 -64 ) (-256 1536 256 ) 
3 139 141 (-384 1536 256 ) (-256 1472 256 ) (-256 1472 288 ) 
3 139 142 (-384 1536 256 ) (-256 1536 256 ) (-256 1472 256 ) 
3 140 141 (-256 1344 288 ) (-256 1344 256 ) (-384 1280 256 ) 
4 140 143 (-384 1280 320 ) (-384 1280 256 ) (-256 1280 256 ) (-256 1280 320 ) 
3 140 142 (-256 1280 256 ) (-384 1280 256 ) (-256 1344 256 ) 
4 141 142 (-384 1280 256 ) (-384 1536 256 ) (-256 1472 256 ) (-256 1344 256 ) 
4 142 152 (-256 1536 -64 ) (-256 1280 -64 ) (-384 1280 -64 ) (-384 1536 -64 ) 
4 142 146 (-384 1536 -64 ) (-384 1280 -64 ) (-384 1280 256 ) (-384 1536 256 ) 
4 142 143 (-384 1280 256 ) (-384 1280 -64 ) (-256 1280 -64 ) (-256 1280 256 ) 
4 143 152 (-256 1280 -64 ) (-256 1088 -64 ) (-384 1088 -64 ) (-384 1280 -64 ) 
4 143 147 (-384 1280 -64 ) (-384 1088 -64 ) (-384 1088 288 ) (-384 1280 288 ) 
4 143 144 (-384 1088 288 ) (-384 1088 -64 ) (-256 1088 -64 ) (-256 1088 288 ) 
4 144 205 (0 1024 -64 ) (0 1024 288 ) (-384 1024 288 ) (-384 1024 -64 ) 
4 144 152 (-128 1024 -64 ) (-256 1024 -64 ) (-384 1088 -64 ) (-128 1088 -64 ) 
4 144 148 (0 1088 -64 ) (0 1024 -64 ) (-128 1024 -64 ) (-128 1088 -64 ) 
4 144 147 (-384 1088 -64 ) (-384 1024 -64 ) (-384 1024 288 ) (-384 1088 288 ) 
4 145 146 (-384 1536 -64 ) (-384 1536 256 ) (-512 1536 256 ) (-512 1536 -64 ) 
4 146 147 (-384 1280 -64 ) (-384 1280 256 ) (-512 1280 256 ) (-512 1280 -64 ) 
4 147 212 (-512 1024 288 ) (-512 1024 -64 ) (-384 1024 -64 ) (-384 1024 288 ) 
4 148 154 (0 1024 -128 ) (-128 1024 -128 ) (-128 1536 -128 ) (0 1408 -128 ) 
4 148 152 (-128 1536 -128 ) (-128 1024 -128 ) (-128 1024 -64 ) (-128 1536 -64 ) 
4 148 149 (-64 1472 -128 ) (-128 1536 -128 ) (-128 1536 -64 ) (-64 1472 -64 ) 
4 149 154 (-128 1536 -128 ) (-128 1664 -128 ) (-64 1728 -128 ) (-64 1472 -128 ) 
4 149 153 (-128 1664 -128 ) (-128 1920 -128 ) (-64 1920 -128 ) (-64 1728 -128 ) 
4 149 152 (-128 1792 -128 ) (-128 1536 -128 ) (-128 1536 -64 ) (-128 1792 -64 ) 
4 149 150 (-128 1856 -128 ) (-128 1792 -128 ) (-128 1792 -64 ) (-128 1856 -64 ) 
3 150 153 (-128 1856 -128 ) (-128 1792 -128 ) (-192 1792 -128 ) 
4 150 152 (-192 1792 -128 ) (-128 1792 -128 ) (-128 1792 -64 ) (-192 1792 -64 ) 
3 151 153 (-384 1792 -128 ) (-384 1856 -128 ) (-320 1792 -128 ) 
4 151 152 (-384 1792 -64 ) (-384 1792 -128 ) (-320 1792 -128 ) (-320 1792 -64 ) 
5 152 154 (-128 1024 -128 ) (-256 1024 -128 ) (-384 1088 -128 ) (-384 1408.001465 -128 ) (-128 1664 -128 ) 
4 152 153 (-384 1408.001465 -128 ) (-384 1792 -128 ) (-128 1792 -128 ) (-128 1664 -128 ) 
4 153 156 (-512 1280.001953 -384 ) (-512 2048 -384 ) (-128 2048 -384 ) (-128 1664 -384 ) 
5 153 154 (-512 1280 -128 ) (-512 1280 -384 ) (-31.998993 1760 -384 ) (0 1791.997925 -362.667389 ) (0 1791.997437 -128 ) 
4 154 215 (0 1024 -384 ) (0 1024 -128 ) (-512 1024 -128 ) (-512 1024 -384 ) 
4 154 155 (-128 1664 -384 ) (0 1536 -384 ) (0 1024 -384 ) (-128 1024 -384 ) 
4 154 156 (-512 1024 -384 ) (-512 1280.001953 -384 ) (-128 1664 -384 ) (-128 1024 -384 ) 
4 155 215 (0 1024 -448 ) (0 1024 -384 ) (-128 1024 -384 ) (-128 1024 -448 ) 
4 155 156 (-128 1664 -448 ) (-128 1024 -448 ) (-128 1024 -384 ) (-128 1664 -384 ) 
4 156 215 (-128 1024 -384 ) (-512 1024 -384 ) (-512 1024 -448 ) (-128 1024 -448 ) 
4 157 203 (0 1024 1664 ) (0 1024 768 ) (0 723.692322 768 ) (0 723.692322 1664 ) 
10 157 158 (0 723.692322 768 ) (0 1024 768 ) (595.582092 1024 768 ) (608 960 768 ) (582 826 768 ) (504 712 768 ) (390 634 768 ) (256 608 768 ) (122 634 768 ) (8 712 768 ) 
4 158 216 (0 512 320 ) (0 0 320 ) (0 0 768 ) (0 512 768 ) 
4 158 204 (0 1024 768 ) (0 1024 320 ) (0 512 320 ) (0 512 768 ) 
4 158 181 (1024 0 320 ) (1024 0 768 ) (0 0 768 ) (0 0 320 ) 
4 158 164 (896 512 320 ) (896 0 320 ) (768 0 320 ) (768 576 320 ) 
4 158 163 (768 960 320 ) (896 960 320 ) (896 768 320 ) (768 704 320 ) 
4 158 166 (0 0 320 ) (0 960 320 ) (768 960 320 ) (768 0 320 ) 
4 158 161 (1024 512 320 ) (1024 0 320 ) (896 0 320 ) (896 512 320 ) 
4 159 168 (896 768 -64 ) (896 832 -64 ) (1024 832 -64 ) (1024 768 -64 ) 
4 159 163 (896 960 -64 ) (896 768 -64 ) (896 768 288 ) (896 960 288 ) 
4 159 162 (896 1024 -64 ) (896 960 -64 ) (896 960 288 ) (896 1024 288 ) 
4 159 160 (896 768 256 ) (896 768 -64 ) (1024 768 -64 ) (1024 768 256 ) 
4 160 168 (896 512 -64 ) (896 768 -64 ) (1024 768 -64 ) (1024 512 -64 ) 
4 160 165 (896 768 -64 ) (896 512 -64 ) (896 512 256 ) (896 768 256 ) 
4 160 161 (896 512 256 ) (896 512 -64 ) (1024 512 -64 ) (1024 512 256 ) 
4 161 181 (1024 0 -64 ) (1024 0 320 ) (896 0 320 ) (896 0 -64 ) 
4 161 168 (1024 0 -64 ) (896 0 -64 ) (896 512 -64 ) (1024 512 -64 ) 
4 161 164 (896 512 -64 ) (896 0 -64 ) (896 0 320 ) (896 512 320 ) 
4 162 205 (0 1024 288 ) (0 1024 -64 ) (0 960 -64 ) (0 960 288 ) 
4 162 163 (768 960 -64 ) (896 960 -64 ) (896 960 288 ) (768 960 288 ) 
4 162 166 (0 960 -64 ) (768 960 -64 ) (768 960 288 ) (0 960 288 ) 
3 163 167 (768 832 -64 ) (768 896 -64 ) (896 832 -64 ) 
4 163 168 (768 704 -64 ) (768 832 -64 ) (896 832 -64 ) (896 768 -64 ) 
4 163 165 (768 704 288 ) (768 704 -64 ) (896 768 -64 ) (896 768 256 ) 
4 163 166 (768 960 320 ) (768 960 -64 ) (768 704 -64 ) (768 704 320 ) 
4 164 181 (896 0 320 ) (768 0 320 ) (768 0 -64 ) (896 0 -64 ) 
4 164 168 (896 0 -64 ) (768 0 -64 ) (768 576 -64 ) (896 512 -64 ) 
4 164 165 (896 512 256 ) (896 512 -64 ) (768 576 -64 ) (768 576 288 ) 
4 164 166 (768 576 -64 ) (768 0 -64 ) (768 0 320 ) (768 576 320 ) 
4 165 168 (768 576 -64 ) (768 704 -64 ) (896 768 -64 ) (896 512 -64 ) 
4 165 166 (768 704 -64 ) (768 576 -64 ) (768 576 288 ) (768 704 288 ) 
4 166 221 (0 128 -64 ) (0 0 -64 ) (0 0 320 ) (0 128 320 ) 
4 166 217 (0 384 320 ) (0 512 320 ) (0 512 288 ) (0 384 288 ) 
4 166 219 (0 128 288 ) (0 128 320 ) (0 384 320 ) (0 384 288 ) 
4 166 220 (0 512 -64 ) (0 128 -64 ) (0 128 288 ) (0 512 288 ) 
4 166 207 (0 768 -64 ) (0 512 -64 ) (0 512 320 ) (0 768 320 ) 
4 166 206 (0 960 -64 ) (0 768 -64 ) (0 768 320 ) (0 960 320 ) 
4 166 181 (768 0 320 ) (0 0 320 ) (0 0 -64 ) (768 0 -64 ) 
4 166 169 (320 0 -64 ) (192 0 -64 ) (192 896 -64 ) (320 896 -64 ) 
4 166 170 (192 0 -64 ) (0 0 -64 ) (0 896 -64 ) (192 896 -64 ) 
4 166 167 (320 832 -64 ) (320 896 -64 ) (768 896 -64 ) (768 832 -64 ) 
4 166 168 (768 0 -64 ) (320 0 -64 ) (320 832 -64 ) (768 832 -64 ) 
4 167 172 (320 896 -128 ) (768 896 -128 ) (896 832 -128 ) (320 832 -128 ) 
3 167 169 (320 896 -64 ) (320 832 -85.333328 ) (320 832 -64 ) 
4 167 168 (320 832 -64 ) (320 832 -128 ) (896 832 -128 ) (896 832 -64 ) 
4 168 184 (640 0 -64 ) (384 0 -64 ) (384 0 -128 ) (640 0 -128 ) 
4 168 183 (896 0 -64 ) (640 0 -64 ) (640 0 -128 ) (896 0 -128 ) 
4 168 187 (384 0 -64 ) (320 0 -64 ) (320 0 -128 ) (384 0 -128 ) 
4 168 182 (1024 0 -128 ) (1024 0 -64 ) (896 0 -64 ) (896 0 -128 ) 
4 168 171 (1024 832 -128 ) (1024 0 -128 ) (896 0 -128 ) (896 832 -128 ) 
4 168 172 (896 0 -128 ) (320 0 -128 ) (320 832 -128 ) (896 832 -128 ) 
5 168 169 (320 704 -128 ) (320 0 -128 ) (320 0 -64 ) (320 832 -64 ) (320 832 -85.333336 ) 
4 169 188 (320 0 -64 ) (192 0 -64 ) (192 0 -128 ) (320 0 -128 ) 
4 169 170 (192 896 -64 ) (192 704 -128 ) (192 0 -128 ) (192 0 -64 ) 
4 170 227 (0 192 -128 ) (0 0 -128 ) (0 0 -64 ) (0 192 -64 ) 
4 170 226 (0 320 -128 ) (0 192 -128 ) (0 192 -64 ) (0 320 -64 ) 
4 170 224 (0 512 -128 ) (0 320 -128 ) (0 320 -64 ) (0 512 -64 ) 
4 170 214 (0 896 -128 ) (0 512 -128 ) (0 512 -64 ) (0 896 -64 ) 
4 170 190 (128 0 -64 ) (0 0 -64 ) (0 0 -128 ) (128 0 -128 ) 
4 170 189 (192 0 -64 ) (128 0 -64 ) (128 0 -128 ) (192 0 -128 ) 
4 170 175 (0 0 -128 ) (0 896 -128 ) (192 896 -128 ) (192 0 -128 ) 
4 171 192 (1024 0 -190.030762 ) (1024 0 -128 ) (896 0 -128 ) (896 0 -190.030762 ) 
4 171 176 (896 512 -320 ) (896 1024 -320 ) (1024 1024 -320 ) (1024 512 -320 ) 
5 171 172 (896 1024 -320 ) (896 264 -320 ) (896 0 -190.030762 ) (896 0 -128 ) (896 1024 -128 ) 
4 172 194 (896 0 -128 ) (320 0 -128 ) (320 0 -320 ) (896 0 -320 ) 
4 172 179 (512 192 -320 ) (512 256 -320 ) (576 256 -320 ) (576 192 -320 ) 
4 172 178 (512 512 -320 ) (512 1024 -320 ) (640 1024 -320 ) (640 512 -320 ) 
4 172 177 (640 1024 -320 ) (768 1024 -320 ) (768 320 -320 ) (640 320 -320 ) 
4 172 176 (768 1024 -320 ) (896 1024 -320 ) (896 512 -320 ) (768 512 -320 ) 
4 172 180 (512 0 -320 ) (320 0 -320 ) (320 1024 -320 ) (512 1024 -320 ) 
4 172 173 (320 960 -128 ) (320 1024 -128 ) (320 1024 -192 ) (320 874.666077 -192 ) 
4 172 174 (320 1024 -320 ) (320 0 -320 ) (320 0 -192 ) (320 1024 -192 ) 
4 173 174 (192 874.666077 -192 ) (192 1024 -192 ) (320 1024 -192 ) (320 874.666077 -192 ) 
4 173 175 (192 960 -128 ) (192 1024 -128 ) (192 1024 -192 ) (192 874.666077 -192 ) 
4 174 196 (192 0 -192 ) (192 0 -320 ) (320 0 -320 ) (320 0 -192 ) 
4 174 180 (320 0 -320 ) (192 0 -320 ) (192 1024 -320 ) (320 1024 -320 ) 
4 174 175 (192 1024 -320 ) (192 0 -320 ) (192 0 -192 ) (192 1024 -192 ) 
4 175 233 (0 192 -320 ) (0 0 -320 ) (0 0 -128 ) (0 192 -128 ) 
4 175 231 (0 320 -320 ) (0 192 -320 ) (0 192 -128 ) (0 320 -128 ) 
4 175 230 (0 512 -320 ) (0 320 -320 ) (0 320 -128 ) (0 512 -128 ) 
4 175 215 (0 1024 -128 ) (0 1024 -320 ) (0 512 -320 ) (0 512 -128 ) 
4 175 197 (192 0 -128 ) (0 0 -128 ) (0 0 -320 ) (192 0 -320 ) 
4 175 180 (192 0 -320 ) (0 0 -320 ) (0 1024 -320 ) (192 1024 -320 ) 
5 176 177 (768 1024 -448 ) (768 576 -448 ) (768 512 -416 ) (768 512 -320 ) (768 1024 -320 ) 
5 177 178 (640 1024 -448 ) (640 576 -448 ) (640 512 -416 ) (640 512 -320 ) (640 1024 -320 ) 
4 178 180 (512 1024 -448 ) (512 512 -448 ) (512 512 -320 ) (512 1024 -320 ) 
4 179 180 (512 192 -328 ) (512 192 -320 ) (512 256 -320 ) (512 256 -328 ) 
4 180 233 (0 192 -448 ) (0 0 -448 ) (0 0 -320 ) (0 192 -320 ) 
4 180 232 (0 320 -448 ) (0 192 -448 ) (0 192 -320 ) (0 320 -320 ) 
4 180 230 (0 512 -448 ) (0 320 -448 ) (0 320 -320 ) (0 512 -320 ) 
4 180 215 (0 1024 -320 ) (0 1024 -448 ) (0 512 -448 ) (0 512 -320 ) 
4 180 198 (512 0 -320 ) (0 0 -320 ) (0 0 -448 ) (512 0 -448 ) 
4 181 239 (0 -512 -64 ) (0 -512 768 ) (0 -128 768 ) (0 -128 -64 ) 
4 181 235 (0 -128 768 ) (0 0 768 ) (0 0 -64 ) (0 -128 -64 ) 
3 181 191 (64 -256 -64 ) (128 -256 -64 ) (128 -320 -64 ) 
4 181 190 (0 -256 -64 ) (0 0 -64 ) (128 0 -64 ) (128 -256 -64 ) 
4 181 188 (192 0 -64 ) (320 0 -64 ) (320 -384 -64 ) (192 -384 -64 ) 
4 181 189 (128 0 -64 ) (192 0 -64 ) (192 -384 -64 ) (128 -384 -64 ) 
3 181 186 (384 -320 -64 ) (384 -256 -64 ) (448 -256 -64 ) 
3 181 185 (640 -256 -64 ) (640 -320 -64 ) (576 -256 -64 ) 
4 181 184 (384 0 -64 ) (640 0 -64 ) (640 -256 -64 ) (384 -256 -64 ) 
4 181 183 (640 0 -64 ) (896 0 -64 ) (896 -384 -64 ) (640 -384 -64 ) 
4 181 187 (320 0 -64 ) (384 0 -64 ) (384 -384 -64 ) (320 -384 -64 ) 
4 181 182 (896 -256 -64 ) (896 0 -64 ) (1024 0 -64 ) (1024 -256 -64 ) 
4 182 192 (896 -126 -128 ) (896 0 -128 ) (1024 0 -128 ) (1024 -126 -128 ) 
4 182 183 (896 0 -128 ) (896 -126 -128 ) (896 -256 -64 ) (896 0 -64 ) 
4 183 194 (640 0 -128 ) (896 0 -128 ) (896 -384 -128 ) (640 -384 -128 ) 
4 183 185 (640 -256 -128 ) (640 -320 -128 ) (640 -320 -64 ) (640 -256 -64 ) 
4 183 184 (640 0 -128 ) (640 -256 -128 ) (640 -256 -64 ) (640 0 -64 ) 
4 184 194 (384 0 -128 ) (640 0 -128 ) (640 -256 -128 ) (384 -256 -128 ) 
4 184 186 (384 -256 -64 ) (384 -256 -128 ) (448 -256 -128 ) (448 -256 -64 ) 
4 184 185 (576 -256 -128 ) (640 -256 -128 ) (640 -256 -64 ) (576 -256 -64 ) 
4 184 187 (384 0 -128 ) (384 -256 -128 ) (384 -256 -64 ) (384 0 -64 ) 
3 185 194 (640 -256 -128 ) (640 -320 -128 ) (576 -256 -128 ) 
3 186 194 (384 -320 -128 ) (384 -256 -128 ) (448 -256 -128 ) 
4 186 187 (384 -256 -128 ) (384 -320 -128 ) (384 -320 -64 ) (384 -256 -64 ) 
4 187 194 (320 0 -128 ) (384 0 -128 ) (384 -384 -128 ) (320 -384 -128 ) 
4 187 188 (320 0 -128 ) (320 -192 -128 ) (320 -384 -64 ) (320 0 -64 ) 
4 188 189 (192 0 -128 ) (192 -192 -128 ) (192 -384 -64 ) (192 0 -64 ) 
4 189 197 (128 0 -128 ) (192 0 -128 ) (192 -384 -128 ) (128 -384 -128 ) 
4 189 191 (128 -256 -128 ) (128 -320 -128 ) (128 -320 -64 ) (128 -256 -64 ) 
4 189 190 (128 0 -128 ) (128 -256 -128 ) (128 -256 -64 ) (128 0 -64 ) 
4 190 242 (0 -256 -64 ) (0 0 -64 ) (0 0 -128 ) (0 -256 -128 ) 
4 190 197 (0 -256 -128 ) (0 0 -128 ) (128 0 -128 ) (128 -256 -128 ) 
4 190 191 (64 -256 -128 ) (128 -256 -128 ) (128 -256 -64 ) (64 -256 -64 ) 
3 191 197 (64 -256 -128 ) (128 -256 -128 ) (128 -320 -128 ) 
3 192 194 (896 -126 -128 ) (896 0 -128 ) (896 0 -190.030762 ) 
4 193 194 (896 -256 -320 ) (896 -512 -320 ) (896 -512 -128 ) (896 -256 -128 ) 
4 194 199 (512 -512 -320 ) (320 -512 -320 ) (320 -128 -320 ) (512 -128 -320 ) 
4 194 198 (320 -128 -320 ) (320 0 -320 ) (704 0 -320 ) (704 -128 -320 ) 
4 194 195 (320 -512 -192 ) (320 -512 -128 ) (320 -448 -128 ) (320 -362.670013 -192 ) 
4 194 196 (320 0 -320 ) (320 -512 -320 ) (320 -512 -192 ) (320 0 -192 ) 
4 195 196 (192 -512 -192 ) (192 -362.669983 -192 ) (320 -362.670013 -192 ) (320 -512 -192 ) 
4 195 197 (192 -512 -192 ) (192 -512 -128 ) (192 -448 -128 ) (192 -362.670013 -192 ) 
4 196 199 (320 -512 -320 ) (192 -512 -320 ) (192 -128 -320 ) (320 -128 -320 ) 
4 196 198 (192 -128 -320 ) (192 0 -320 ) (320 0 -320 ) (320 -128 -320 ) 
4 196 197 (192 0 -320 ) (192 -512 -320 ) (192 -512 -192 ) (192 0 -192 ) 
4 197 249 (0 -384 -128 ) (0 -192 -128 ) (0 -192 -320 ) (0 -384 -320 ) 
4 197 251 (0 -512 -320 ) (0 -512 -128 ) (0 -384 -128 ) (0 -384 -320 ) 
4 197 247 (0 -192 -128 ) (0 0 -128 ) (0 0 -320 ) (0 -192 -320 ) 
4 197 199 (192 -512 -320 ) (0 -512 -320 ) (0 -128 -320 ) (192 -128 -320 ) 
4 197 198 (0 -128 -320 ) (0 0 -320 ) (192 0 -320 ) (192 -128 -320 ) 
4 198 247 (0 -128 -320 ) (0 0 -320 ) (0 0 -448 ) (0 -128 -448 ) 
4 198 199 (0 -128 -448 ) (512 -128 -448 ) (512 -128 -320 ) (0 -128 -320 ) 
4 199 250 (0 -384 -320 ) (0 -192 -320 ) (0 -192 -448 ) (0 -384 -448 ) 
4 199 251 (0 -512 -448 ) (0 -512 -320 ) (0 -384 -320 ) (0 -384 -448 ) 
4 199 247 (0 -192 -320 ) (0 -128 -320 ) (0 -128 -448 ) (0 -192 -448 ) 
4 199 202 (0 -512 -336 ) (0 -512 -448 ) (56 -512 -448 ) (56 -512 -336 ) 
4 200 252 (0 -1024 -336 ) (0 -1024 -320 ) (0 -576 -320 ) (0 -576 -336 ) 
4 200 201 (56 -576 -336 ) (64 -576 -336 ) (64 -1024 -336 ) (56 -1024 -336 ) 
4 200 202 (0 -1024 -336 ) (0 -576 -336 ) (56 -576 -336 ) (56 -1024 -336 ) 
4 201 202 (56 -576 -448 ) (56 -1024 -448 ) (56 -1024 -336 ) (56 -576 -336 ) 
4 202 253 (0 -1024 -448 ) (0 -1024 -336 ) (0 -512 -336 ) (0 -512 -448 ) 
5 203 204 (-96 960 768 ) (-83.582092 1024 768 ) (0 1024 768 ) (0 723.692322 768 ) (-70 826 768 ) 
4 204 216 (0 512 320 ) (0 512 768 ) (-512 512 768 ) (-512 512 320 ) 
3 204 209 (-256 512 320 ) (-384 512 320 ) (-256 576 320 ) 
3 204 208 (-384 768 320 ) (-256 768 320 ) (-256 704 320 ) 
4 204 207 (0 512 320 ) (-256 512 320 ) (-256 768 320 ) (0 768 320 ) 
4 204 206 (-384 768 320 ) (-384 960 320 ) (0 960 320 ) (0 768 320 ) 
4 205 212 (-384 1024 -64 ) (-384 960 -64 ) (-384 960 288 ) (-384 1024 288 ) 
4 205 206 (-384 960 288 ) (-384 960 -64 ) (0 960 -64 ) (0 960 288 ) 
5 206 214 (-384 768 -64 ) (-384 832 -64 ) (-256 896 -64 ) (0 896 -64 ) (0 768 -64 ) 
4 206 212 (-384 960 -64 ) (-384 768 -64 ) (-384 768 288 ) (-384 960 288 ) 
4 206 208 (-384 768 320 ) (-384 768 256 ) (-256 768 256 ) (-256 768 320 ) 
4 206 211 (-384 768 256 ) (-384 768 -64 ) (-256 768 -64 ) (-256 768 256 ) 
4 206 207 (-256 768 -64 ) (0 768 -64 ) (0 768 320 ) (-256 768 320 ) 
4 207 217 (0 512 288 ) (0 512 320 ) (-256 512 320 ) (-256 512 288 ) 
4 207 220 (0 512 -64 ) (0 512 288 ) (-256 512 288 ) (-256 512 -64 ) 
4 207 214 (0 512 -64 ) (-256 512 -64 ) (-256 768 -64 ) (0 768 -64 ) 
4 207 210 (-256 704 256 ) (-256 576 256 ) (-256 576 288 ) (-256 704 288 ) 
4 207 209 (-256 576 256 ) (-256 512 256 ) (-256 512 320 ) (-256 576 320 ) 
4 207 208 (-256 768 320 ) (-256 768 256 ) (-256 704 256 ) (-256 704 320 ) 
4 207 211 (-256 768 256 ) (-256 768 -64 ) (-256 512 -64 ) (-256 512 256 ) 
3 208 210 (-384 768 256 ) (-256 704 256 ) (-256 704 288 ) 
3 208 211 (-384 768 256 ) (-256 768 256 ) (-256 704 256 ) 
4 209 217 (-256 512 320 ) (-376 512 320 ) (-376 512 288 ) (-256 512 288 ) 
4 209 220 (-384 512 288 ) (-384 512 256 ) (-256 512 256 ) (-256 512 288 ) 
3 209 210 (-256 576 288 ) (-256 576 256 ) (-384 512 256 ) 
3 209 211 (-384 512 256 ) (-256 576 256 ) (-256 512 256 ) 
4 210 211 (-384 512 256 ) (-384 768 256 ) (-256 704 256 ) (-256 576 256 ) 
4 211 220 (-384 512 256 ) (-384 512 -64 ) (-256 512 -64 ) (-256 512 256 ) 
4 211 214 (-256 512 -64 ) (-384 512 -64 ) (-384 768 -64 ) (-256 768 -64 ) 
4 211 213 (-384 768 -64 ) (-384 512 -64 ) (-384 512 256 ) (-384 768 256 ) 
4 212 213 (-512 768 -64 ) (-384 768 -64 ) (-384 768 256 ) (-512 768 256 ) 
4 213 220 (-512 512 256 ) (-512 512 -64 ) (-384 512 -64 ) (-384 512 256 ) 
4 214 224 (0 512 -128 ) (0 512 -64 ) (-384 512 -64 ) (-384 512 -128 ) 
5 214 215 (0 512 -128 ) (-384 512 -128 ) (-384 832 -128 ) (-256 896 -128 ) (0 896 -128 ) 
4 215 230 (0 512 -448 ) (0 512 -128 ) (-512 512 -128 ) (-512 512 -448 ) 
4 216 236 (-640 0 768 ) (-896 0 768 ) (-896 0 320 ) (-640 0 320 ) 
4 216 235 (0 0 320 ) (0 0 768 ) (-640 0 768 ) (-640 0 320 ) 
3 216 222 (-768 128 320 ) (-640 128 320 ) (-640 64 320 ) 
4 216 221 (-640 128 320 ) (0 128 320 ) (0 0 320 ) (-640 0 320 ) 
3 216 218 (-376 424 320 ) (-376 384 320 ) (-416 384 320 ) 
4 216 217 (-376 512 320 ) (0 512 320 ) (0 384 320 ) (-376 384 320 ) 
4 216 219 (0 384 320 ) (0 128 320 ) (-768 128 320 ) (-768 384 320 ) 
4 217 218 (-376 424 288 ) (-376 384 288 ) (-376 384 320 ) (-376 424 320 ) 
4 217 219 (-376 384 288 ) (0 384 288 ) (0 384 320 ) (-376 384 320 ) 
4 217 220 (-376 512 288 ) (0 512 288 ) (0 384 288 ) (-376 384 288 ) 
3 218 220 (-376 424 288 ) (-376 384 288 ) (-416 384 288 ) 
4 218 219 (-416 384 288 ) (-376 384 288 ) (-376 384 320 ) (-416 384 320 ) 
4 219 222 (-640 128 320 ) (-768 128 320 ) (-768 128 288 ) (-640 128 288 ) 
4 219 221 (0 128 288 ) (0 128 320 ) (-640 128 320 ) (-640 128 288 ) 
4 219 220 (0 128 288 ) (-768 128 288 ) (-768 384 288 ) (0 384 288 ) 
4 220 228 (-640 128 -64 ) (-768 128 -64 ) (-768 192 -64 ) (-640 192 -64 ) 
4 220 227 (0 192 -64 ) (0 128 -64 ) (-640 128 -64 ) (-640 192 -64 ) 
4 220 226 (-384 320 -64 ) (0 320 -64 ) (0 192 -64 ) (-384 192 -64 ) 
4 220 224 (-384 512 -64 ) (0 512 -64 ) (0 320 -64 ) (-384 320 -64 ) 
4 220 225 (-896 320 -64 ) (-896 512 -64 ) (-512 512 -64 ) (-512 320 -64 ) 
4 220 222 (-640 128 256 ) (-640 128 288 ) (-768 128 288 ) (-768 128 256 ) 
4 220 223 (-896 128 -64 ) (-640 128 -64 ) (-640 128 256 ) (-896 128 256 ) 
4 220 221 (-640 128 -64 ) (0 128 -64 ) (0 128 288 ) (-640 128 288 ) 
4 221 235 (0 0 -64 ) (0 0 320 ) (-640 0 320 ) (-640 0 -64 ) 
4 221 227 (0 0 -64 ) (-640 0 -64 ) (-640 128 -64 ) (0 128 -64 ) 
4 221 222 (-640 128 320 ) (-640 128 256 ) (-640 64 256 ) (-640 64 320 ) 
4 221 223 (-640 128 256 ) (-640 128 -64 ) (-640 0 -64 ) (-640 0 256 ) 
3 222 223 (-768 128 256 ) (-640 128 256 ) (-640 64 256 ) 
4 223 238 (-896 0 256 ) (-896 0 -64 ) (-640 0 -64 ) (-640 0 256 ) 
3 223 228 (-768 128 -64 ) (-640 128 -64 ) (-640 64 -64 ) 
4 224 230 (-384 512 -128 ) (0 512 -128 ) (0 320 -128 ) (-384 320 -128 ) 
4 224 226 (-384 320 -128 ) (0 320 -128 ) (0 320 -64 ) (-384 320 -64 ) 
4 225 230 (-896 320 -128 ) (-896 512 -128 ) (-512 512 -128 ) (-512 320 -128 ) 
4 226 231 (-384 320 -128 ) (0 320 -128 ) (0 192 -128 ) (-384 192 -128 ) 
4 226 227 (-384 192 -128 ) (0 192 -128 ) (0 192 -64 ) (-384 192 -64 ) 
4 227 242 (0 0 -128 ) (0 0 -64 ) (-128 0 -64 ) (-128 0 -128 ) 
4 227 244 (-128 0 -64 ) (-640 0 -64 ) (-640 0 -128 ) (-128 0 -128 ) 
4 227 234 (-512 0 -128 ) (-640 0 -128 ) (-640 192 -128 ) (-512 192 -128 ) 
4 227 233 (0 192 -128 ) (0 0 -128 ) (-512 0 -128 ) (-512 192 -128 ) 
4 227 229 (-640 64 -128 ) (-640 0 -128 ) (-640 0 -96 ) (-640 64 -96 ) 
4 227 228 (-640 192 -64 ) (-640 192 -128 ) (-640 64 -128 ) (-640 64 -64 ) 
4 228 234 (-768 128 -128 ) (-768 192 -128 ) (-640 192 -128 ) (-640 64 -128 ) 
3 228 229 (-768 128 -128 ) (-640 64 -128 ) (-640 64 -96 ) 
3 229 246 (-768 0 -128 ) (-640 0 -128 ) (-640 0 -96 ) 
4 229 234 (-640 0 -128 ) (-768 0 -128 ) (-768 128 -128 ) (-640 64 -128 ) 
4 230 232 (-512 320 -448 ) (0 320 -448 ) (0 320 -320 ) (-768 320 -320 ) 
4 230 231 (0 320 -320 ) (0 320 -128 ) (-896 320 -128 ) (-896 320 -320 ) 
4 231 234 (-512 192 -128 ) (-896 192 -128 ) (-896 192 -320 ) (-512 192 -320 ) 
4 231 233 (0 192 -320 ) (0 192 -128 ) (-512 192 -128 ) (-512 192 -320 ) 
4 231 232 (0 192 -320 ) (-768 192 -320 ) (-768 320 -320 ) (0 320 -320 ) 
4 232 233 (-512 192 -448 ) (0 192 -448 ) (0 192 -320 ) (-512 192 -320 ) 
4 233 247 (0 0 -448 ) (0 0 -128 ) (-512 0 -128 ) (-512 0 -448 ) 
4 233 234 (-512 192 -128 ) (-512 192 -320 ) (-512 0 -320 ) (-512 0 -128 ) 
4 234 248 (-512 0 -128 ) (-896 0 -128 ) (-896 0 -320 ) (-512 0 -320 ) 
4 235 242 (-128 0 -64 ) (0 0 -64 ) (0 -128 -64 ) (-128 -128 -64 ) 
4 235 244 (-640 0 -64 ) (-128 0 -64 ) (-128 -128 -64 ) (-640 -128 -64 ) 
4 235 239 (-640 -128 -64 ) (0 -128 -64 ) (0 -128 768 ) (-640 -128 768 ) 
4 235 237 (-640 -128 256 ) (-640 -128 320 ) (-640 -64 320 ) (-640 -64 256 ) 
4 235 236 (-640 -128 320 ) (-640 -128 768 ) (-640 0 768 ) (-640 0 320 ) 
4 235 238 (-640 0 -64 ) (-640 -128 -64 ) (-640 -128 256 ) (-640 0 256 ) 
4 236 240 (-768 -128 768 ) (-896 -128 768 ) (-896 -128 320 ) (-768 -128 320 ) 
4 236 239 (-640 -128 320 ) (-640 -128 768 ) (-768 -128 768 ) (-768 -128 320 ) 
3 236 237 (-640 -64 320 ) (-640 -128 320 ) (-768 -128 320 ) 
4 237 239 (-640 -128 256 ) (-640 -128 320 ) (-768 -128 320 ) (-768 -128 256 ) 
3 237 238 (-640 -64 256 ) (-640 -128 256 ) (-768 -128 256 ) 
3 238 245 (-640 -64 -64 ) (-640 -128 -64 ) (-768 -128 -64 ) 
4 238 241 (-896 -128 -64 ) (-768 -128 -64 ) (-768 -128 256 ) (-896 -128 256 ) 
4 238 239 (-768 -128 -64 ) (-640 -128 -64 ) (-640 -128 256 ) (-768 -128 256 ) 
4 239 245 (-768 -384 -64 ) (-768 -128 -64 ) (-640 -128 -64 ) (-640 -384 -64 ) 
3 239 243 (-128 -320 -64 ) (-128 -256 -64 ) (-64 -256 -64 ) 
4 239 242 (-128 -128 -64 ) (0 -128 -64 ) (0 -256 -64 ) (-128 -256 -64 ) 
4 239 244 (-640 -128 -64 ) (-128 -128 -64 ) (-128 -384 -64 ) (-640 -384 -64 ) 
4 239 240 (-768 -128 768 ) (-768 -128 320 ) (-768 -512 320 ) (-768 -512 768 ) 
4 239 241 (-768 -128 288 ) (-768 -128 -64 ) (-768 -512 -64 ) (-768 -512 288 ) 
4 242 249 (0 -192 -128 ) (0 -256 -128 ) (-128 -256 -128 ) (-128 -192 -128 ) 
4 242 247 (-128 0 -128 ) (0 0 -128 ) (0 -192 -128 ) (-128 -192 -128 ) 
4 242 243 (-128 -256 -64 ) (-128 -256 -128 ) (-64 -256 -128 ) (-64 -256 -64 ) 
4 242 244 (-128 0 -128 ) (-128 -256 -128 ) (-128 -256 -64 ) (-128 0 -64 ) 
3 243 249 (-128 -320 -128 ) (-128 -256 -128 ) (-64 -256 -128 ) 
4 243 244 (-128 -256 -128 ) (-128 -320 -128 ) (-128 -320 -64 ) (-128 -256 -64 ) 
4 244 249 (-128 -192 -128 ) (-128 -384 -128 ) (-640 -384 -128 ) (-640 -192 -128 ) 
4 244 248 (-640 0 -128 ) (-512 0 -128 ) (-512 -192 -128 ) (-640 -192 -128 ) 
4 244 247 (-512 0 -128 ) (-128 0 -128 ) (-128 -192 -128 ) (-512 -192 -128 ) 
4 244 246 (-640 0 -128 ) (-640 -64 -128 ) (-640 -64 -96 ) (-640 0 -96 ) 
4 244 245 (-640 -64 -128 ) (-640 -384 -128 ) (-640 -384 -64 ) (-640 -64 -64 ) 
4 245 249 (-640 -192 -128 ) (-640 -384 -128 ) (-768 -384 -128 ) (-768 -192 -128 ) 
4 245 248 (-640 -64 -128 ) (-640 -192 -128 ) (-768 -192 -128 ) (-768 -128 -128 ) 
3 245 246 (-640 -64 -96 ) (-640 -64 -128 ) (-768 -128 -128 ) 
4 246 248 (-768 0 -128 ) (-640 0 -128 ) (-640 -64 -128 ) (-768 -128 -128 ) 
4 247 250 (-512 -192 -448 ) (0 -192 -448 ) (0 -192 -320 ) (-512 -192 -320 ) 
4 247 249 (0 -192 -320 ) (0 -192 -128 ) (-512 -192 -128 ) (-512 -192 -320 ) 
4 247 248 (-512 -192 -320 ) (-512 -192 -128 ) (-512 0 -128 ) (-512 0 -320 ) 
4 248 249 (-512 -192 -320 ) (-512 -192 -128 ) (-896 -192 -128 ) (-896 -192 -320 ) 
4 249 250 (0 -384 -320 ) (-768 -384 -320 ) (-768 -192 -320 ) (0 -192 -320 ) 
4 249 251 (0 -384 -320 ) (0 -384 -128 ) (-896 -384 -128 ) (-896 -384 -320 ) 
4 250 251 (-512 -384 -448 ) (0 -384 -448 ) (0 -384 -320 ) (-768 -384 -320 ) 
4 251 253 (0 -512 -448 ) (0 -512 -336 ) (-56 -512 -336 ) (-56 -512 -448 ) 
4 252 254 (-64 -1024 -336 ) (-64 -576 -336 ) (-56 -576 -336 ) (-56 -1024 -336 ) 
4 252 253 (-56 -576 -336 ) (0 -576 -336 ) (0 -1024 -336 ) (-56 -1024 -336 ) 
4 253 254 (-56 -576 -448 ) (-56 -1024 -448 ) (-56 -1024 -336 ) (-56 -576 -336 ) 
