PRT1
144
427
4 0 56 (595.582153 1024 1664 ) (0 1024 1664 ) (0 1024 768 ) (595.582153 1024 768 ) 
4 0 37 (0 1024 768 ) (0 1024 1664 ) (0 1196.307617 1664 ) (0 1196.307617 768 ) 
9 0 1 (595.582153 1024 768 ) (0 1024 768 ) (0 1196.307617 768 ) (8 1208 768 ) (122 1286 768 ) (256 1312 768 ) (390 1286 768 ) (504 1208 768 ) (582 1094 768 ) 
4 1 57 (1024 1024 320 ) (1024 1024 768 ) (0 1024 768 ) (0 1024 320 ) 
4 1 38 (0 1024 320 ) (0 1024 768 ) (0 2048 768 ) (0 2048 320 ) 
4 1 6 (896 1280 320 ) (896 1088 320 ) (768 1088 320 ) (768 1344 320 ) 
4 1 5 (768 2048 320 ) (896 2048 320 ) (896 1536 320 ) (768 1472 320 ) 
4 1 8 (0 1088 320 ) (0 2048 320 ) (768 2048 320 ) (768 1088 320 ) 
4 1 2 (896 2048 320 ) (1024 2048 320 ) (1024 1536 320 ) (896 1536 320 ) 
4 2 10 (1024 1856 -64 ) (1024 1536 -64 ) (896 1536 -64 ) (896 1856 -64 ) 
4 2 5 (896 2048 -64 ) (896 1536 -64 ) (896 1536 320 ) (896 2048 320 ) 
4 2 3 (896 1536 256 ) (896 1536 -64 ) (1024 1536 -64 ) (1024 1536 256 ) 
4 3 10 (1024 1536 -64 ) (1024 1280 -64 ) (896 1280 -64 ) (896 1536 -64 ) 
4 3 7 (896 1536 -64 ) (896 1280 -64 ) (896 1280 256 ) (896 1536 256 ) 
4 3 4 (896 1280 256 ) (896 1280 -64 ) (1024 1280 -64 ) (1024 1280 256 ) 
4 4 58 (1024 1024 -64 ) (1024 1024 288 ) (896 1024 288 ) (896 1024 -64 ) 
4 4 10 (1024 1280 -64 ) (1024 1088 -64 ) (896 1088 -64 ) (896 1280 -64 ) 
4 4 9 (896 1088 -64 ) (896 1024 -64 ) (896 1024 288 ) (896 1088 288 ) 
4 4 6 (896 1280 -64 ) (896 1088 -64 ) (896 1088 288 ) (896 1280 288 ) 
4 5 10 (896 1856 -64 ) (896 1536 -64 ) (832 1504 -64 ) (832 1856 -64 ) 
4 5 11 (832 1504 -64 ) (768 1472 -64 ) (768 1856 -64 ) (832 1856 -64 ) 
4 5 7 (768 1472 288 ) (768 1472 -64 ) (896 1536 -64 ) (896 1536 256 ) 
4 5 8 (768 2048 -64 ) (768 1472 -64 ) (768 1472 320 ) (768 2048 320 ) 
4 6 10 (896 1280 -64 ) (896 1088 -64 ) (832 1088 -64 ) (832 1312 -64 ) 
4 6 11 (832 1088 -64 ) (768 1088 -64 ) (768 1344 -64 ) (832 1312 -64 ) 
4 6 9 (768 1088 -64 ) (896 1088 -64 ) (896 1088 288 ) (768 1088 288 ) 
4 6 7 (896 1280 256 ) (896 1280 -64 ) (768 1344 -64 ) (768 1344 288 ) 
4 6 8 (768 1344 -64 ) (768 1088 -64 ) (768 1088 320 ) (768 1344 320 ) 
4 7 10 (896 1536 -64 ) (896 1280 -64 ) (832 1312 -64 ) (832 1504 -64 ) 
4 7 11 (832 1312 -64 ) (768 1344 -64 ) (768 1472 -64 ) (832 1504 -64 ) 
4 7 8 (768 1472 -64 ) (768 1344 -64 ) (768 1344 288 ) (768 1472 288 ) 
4 8 39 (0 1088 320 ) (0 2048 320 ) (0 2048 -64 ) (0 1088 -64 ) 
4 8 20 (0 1088 -64 ) (0 1408 -64 ) (64 1344 -64 ) (64 1088 -64 ) 
4 8 19 (192 1088 -64 ) (64 1088 -64 ) (64 1344 -64 ) (192 1216 -64 ) 
4 8 18 (448 1344 -64 ) (448 1088 -64 ) (320 1088 -64 ) (320 1216 -64 ) 
4 8 16 (448 1600 -64 ) (448 1472 -64 ) (64 1472 -64 ) (64 1600 -64 ) 
4 8 14 (448 1856 -64 ) (448 1728 -64 ) (64 1728 -64 ) (64 1856 -64 ) 
4 8 13 (576 1472 -64 ) (576 1088 -64 ) (448 1088 -64 ) (448 1344 -64 ) 
4 8 11 (768 1856 -64 ) (768 1088 -64 ) (576 1088 -64 ) (576 1856 -64 ) 
4 8 9 (0 1088 -64 ) (768 1088 -64 ) (768 1088 288 ) (0 1088 288 ) 
4 9 61 (0 1024 288 ) (0 1024 -64 ) (896 1024 -64 ) (896 1024 288 ) 
4 9 46 (0 1024 -64 ) (0 1024 288 ) (0 1088 288 ) (0 1088 -64 ) 
4 9 20 (0 1024 -64 ) (0 1088 -64 ) (64 1088 -64 ) (64 1024 -64 ) 
4 9 19 (64 1088 -64 ) (192 1088 -64 ) (192 1024 -64 ) (64 1024 -64 ) 
4 9 18 (320 1088 -64 ) (448 1088 -64 ) (448 1024 -64 ) (320 1024 -64 ) 
4 9 13 (448 1088 -64 ) (576 1088 -64 ) (576 1024 -64 ) (448 1024 -64 ) 
4 9 12 (576 1088 -64 ) (896 1088 -64 ) (768 1024 -64 ) (576 1024 -64 ) 
4 10 22 (1024 1738.666870 -128 ) (1024 1088 -128 ) (832 1088 -128 ) (832 1738.666870 -128 ) 
4 10 12 (832 1088 -128 ) (896 1088 -128 ) (896 1088 -64 ) (832 1088 -64 ) 
4 10 11 (832 1856 -64 ) (832 1738.666870 -128 ) (832 1088 -128 ) (832 1088 -64 ) 
4 11 23 (576 1088 -128 ) (576 1856 -128 ) (832 1856 -128 ) (832 1088 -128 ) 
4 11 13 (576 1472 -128 ) (576 1088 -128 ) (576 1088 -64 ) (576 1472 -64 ) 
4 11 12 (576 1088 -64 ) (576 1088 -128 ) (832 1088 -128 ) (832 1088 -64 ) 
5 12 23 (768 1024 -128 ) (576 1024 -128 ) (576 1088 -128 ) (832 1088 -128 ) (832 1056 -128 ) 
3 12 22 (832 1088 -128 ) (896 1088 -128 ) (832 1056 -128 ) 
4 12 13 (576 1088 -128 ) (576 1024 -128 ) (576 1024 -64 ) (576 1088 -64 ) 
4 13 23 (576 1024 -128 ) (448 1024 -128 ) (448 1344 -128 ) (576 1472 -128 ) 
4 13 18 (448 1344 -128 ) (448 1024 -128 ) (448 1024 -64 ) (448 1344 -64 ) 
4 14 15 (448 1728 -80 ) (64 1728 -80 ) (64 1856 -80 ) (448 1856 -80 ) 
4 15 23 (64 1728 -128 ) (64 1856 -128 ) (448 1856 -128 ) (448 1728 -128 ) 
4 16 17 (448 1472 -80 ) (64 1472 -80 ) (64 1600 -80 ) (448 1600 -80 ) 
4 17 23 (64 1472 -128 ) (64 1600 -128 ) (448 1600 -128 ) (448 1472 -128 ) 
4 18 23 (448 1024 -128 ) (320 1024 -128 ) (320 1216 -128 ) (448 1344 -128 ) 
4 19 23 (192 1024 -128 ) (64 1024 -128 ) (64 1344 -128 ) (192 1216 -128 ) 
4 19 20 (64 1344 -128 ) (64 1024 -128 ) (64 1024 -64 ) (64 1344 -64 ) 
4 20 50 (0 1024 -128 ) (0 1024 -64 ) (0 1408 -64 ) (0 1408 -128 ) 
4 20 23 (64 1024 -128 ) (0 1024 -128 ) (0 1408 -128 ) (64 1344 -128 ) 
4 21 31 (832 1856 -384 ) (832 2048 -384 ) (1024 2048 -384 ) (1024 1856 -384 ) 
4 21 23 (832 2048 -384 ) (832 1856 -384 ) (832 1856 -128 ) (832 2048 -128 ) 
4 22 75 (1024 1024 -384 ) (1024 1024 -320 ) (832 1024 -320 ) (832 1024 -384 ) 
4 22 70 (1024 1024 -320 ) (1024 1024 -128 ) (896 1024 -128 ) (896 1024 -320 ) 
4 22 71 (896 1024 -128 ) (832 1024 -128 ) (832 1024 -320 ) (896 1024 -320 ) 
4 22 32 (1024 1024 -384 ) (832 1024 -384 ) (832 1269.333374 -384 ) (1024 1269.333374 -384 ) 
4 22 23 (832 1269.333374 -384 ) (832 1024 -384 ) (832 1024 -128 ) (832 1738.666748 -128 ) 
4 23 77 (512 1024 -384 ) (640 1024 -384 ) (640 1024 -320 ) (512 1024 -320 ) 
4 23 76 (640 1024 -384 ) (768 1024 -384 ) (768 1024 -320 ) (640 1024 -320 ) 
4 23 75 (768 1024 -384 ) (832 1024 -384 ) (832 1024 -320 ) (768 1024 -320 ) 
4 23 79 (0 1024 -320 ) (0 1024 -384 ) (512 1024 -384 ) (512 1024 -320 ) 
4 23 72 (320 1024 -128 ) (192 1024 -128 ) (192 1024 -192 ) (320 1024 -192 ) 
4 23 73 (192 1024 -192 ) (192 1024 -320 ) (320 1024 -320 ) (320 1024 -192 ) 
4 23 74 (192 1024 -128 ) (0 1024 -128 ) (0 1024 -320 ) (192 1024 -320 ) 
4 23 71 (832 1024 -128 ) (320 1024 -128 ) (320 1024 -320 ) (832 1024 -320 ) 
5 23 53 (0 1024 -384 ) (0 1024 -128 ) (0 1792 -128 ) (0 1792 -192 ) (0 1216 -384 ) 
3 23 52 (0 1792 -128 ) (0 1984 -128 ) (0 1792 -192 ) 
4 23 36 (128 1024 -384 ) (0 1024 -384 ) (0 1216 -384 ) (128 1344 -384 ) 
5 23 35 (384 1024 -384 ) (128 1024 -384 ) (128 1344 -384 ) (192 1408 -384 ) (384 1408 -384 ) 
4 23 34 (640 1024 -384 ) (384 1024 -384 ) (384 1408 -384 ) (640 1664 -384 ) 
4 23 33 (832 1024 -384 ) (640 1024 -384 ) (640 1856 -384 ) (832 2048 -384 ) 
5 23 29 (256 2048 -192 ) (448 2048 -256 ) (448 1856 -320 ) (320 1728 -320 ) (256 1792 -277.333313 ) 
4 23 28 (416 1632 -384 ) (256 1472 -384 ) (256 1728 -298.666656 ) (320 1728 -320 ) 
3 23 27 (256 1728 -298.666656 ) (256 1792 -277.333313 ) (320 1728 -320 ) 
5 23 25 (0 1984 -128 ) (64 2048 -128 ) (256 2048 -192 ) (256 1472 -384 ) (0 1216 -384 ) 
4 23 24 (448 2048 -256 ) (832 2048 -384 ) (544 1760 -384 ) (448 1856 -320 ) 
3 24 33 (640 2048 -384 ) (832 2048 -384 ) (640 1856 -384 ) 
3 24 29 (448 1856 -320 ) (448 2048 -256 ) (448 2048 -320 ) 
4 25 53 (0 1792 -362.666687 ) (0 1728 -384 ) (0 1216 -384 ) (0 1792 -192 ) 
5 25 52 (0 1984 -128 ) (0 2048 -128 ) (0 2048 -277.333313 ) (0 1792 -362.666687 ) (0 1792 -192 ) 
4 25 36 (0 1216 -384 ) (0 1536 -384 ) (128 1408 -384 ) (128 1344 -384 ) 
3 25 35 (192 1408 -384 ) (128 1344 -384 ) (128 1408 -384 ) 
4 25 30 (0 1792 -362.665588 ) (0 2048 -277.332214 ) (64 2048 -255.998886 ) (64 1856 -320 ) 
4 25 29 (256 2048 -191.998703 ) (256 1792 -277.332214 ) (64 1984 -277.332245 ) (64 2048 -255.998886 ) 
4 25 28 (256 1728 -298.665375 ) (256 1471.996094 -384 ) (95.998230 1631.998413 -384 ) (192 1728 -319.998932 ) 
5 25 27 (256 1792 -277.332214 ) (256 1728 -298.665375 ) (191.996674 1728 -320 ) (64 1856 -320 ) (128 1920 -277.332245 ) 
3 25 26 (64 1856 -320 ) (64 1984 -277.332245 ) (128 1920 -277.332245 ) 
3 26 30 (64 1856 -320 ) (64 1984 -277.333344 ) (64 1984 -320 ) 
4 26 29 (64 1984.001953 -320 ) (64 1984.001953 -277.332031 ) (128.001282 1920 -277.332031 ) (128.001282 1920 -320 ) 
3 26 27 (64 1856 -320 ) (128 1920 -320 ) (128 1920 -277.332031 ) 
4 27 29 (128.001282 1920 -277.332031 ) (255.998932 1792.003052 -277.332031 ) (320.001953 1728 -320 ) (128.001282 1920 -320 ) 
3 27 28 (319.994141 1728 -320 ) (256 1728 -298.666595 ) (191.997040 1728 -320 ) 
4 29 30 (64 1984 -320 ) (64 1984 -277.333344 ) (64 2048 -256 ) (64 2048 -320 ) 
4 30 52 (0 2048 -277.333313 ) (0 2048 -384 ) (0 1792 -384 ) (0 1792 -362.666687 ) 
4 31 33 (832 2048 -448 ) (832 1856 -448 ) (832 1856 -384 ) (832 2048 -384 ) 
4 32 75 (1024 1024 -448 ) (1024 1024 -384 ) (832 1024 -384 ) (832 1024 -448 ) 
4 32 33 (832 1152 -448 ) (832 1024 -448 ) (832 1024 -384 ) (832 1269.333374 -384 ) 
4 33 76 (768 1024 -384 ) (640 1024 -384 ) (640 1024 -448 ) (768 1024 -448 ) 
4 33 75 (832 1024 -384 ) (768 1024 -384 ) (768 1024 -448 ) (832 1024 -448 ) 
4 33 34 (640 1664 -448 ) (640 1024 -448 ) (640 1024 -384 ) (640 1664 -384 ) 
4 34 77 (640 1024 -384 ) (512 1024 -384 ) (512 1024 -448 ) (640 1024 -448 ) 
4 34 79 (512 1024 -384 ) (384 1024 -384 ) (384 1024 -448 ) (512 1024 -448 ) 
4 34 35 (384 1216 -448 ) (384 1024 -448 ) (384 1024 -384 ) (384 1408 -384 ) 
4 35 79 (384 1024 -384 ) (128 1024 -384 ) (128 1024 -448 ) (384 1024 -448 ) 
4 35 36 (128 1216 -448 ) (128 1024 -448 ) (128 1024 -384 ) (128 1408 -384 ) 
4 36 79 (128 1024 -384 ) (0 1024 -384 ) (0 1024 -448 ) (128 1024 -448 ) 
4 36 54 (0 1024 -448 ) (0 1024 -384 ) (0 1536 -384 ) (0 1536 -448 ) 
4 37 95 (0 1024 768 ) (0 1024 1664 ) (-83.582092 1024 1664 ) (-83.582092 1024 768 ) 
4 37 38 (0 1196.307739 768 ) (0 1024 768 ) (-83.582092 1024 768 ) (-70 1094 768 ) 
4 38 96 (0 1024 320 ) (0 1024 768 ) (-512 1024 768 ) (-512 1024 320 ) 
4 38 47 (-512 1536 320 ) (-512 2048 320 ) (-384 2048 320 ) (-384 1536 320 ) 
3 38 42 (-256 1344 320 ) (-256 1280 320 ) (-384 1280 320 ) 
3 38 41 (-256 1536 320 ) (-256 1472 320 ) (-384 1536 320 ) 
4 38 40 (-384 2048 320 ) (-256 2048 320 ) (-256 1536 320 ) (-384 1536 320 ) 
4 38 45 (-256 1280 320 ) (-256 1088 320 ) (-384 1088 320 ) (-384 1280 320 ) 
4 38 39 (-256 2048 320 ) (0 2048 320 ) (0 1088 320 ) (-256 1088 320 ) 
4 39 51 (-64 1472 -64 ) (-256 1664 -64 ) (-256 1920 -64 ) (-64 1920 -64 ) 
4 39 50 (0 1408 -64 ) (0 1088 -64 ) (-256 1088 -64 ) (-256 1664 -64 ) 
4 39 46 (-256 1088 -64 ) (0 1088 -64 ) (0 1088 288 ) (-256 1088 288 ) 
4 39 43 (-256 1472 288 ) (-256 1472 256 ) (-256 1344 256 ) (-256 1344 288 ) 
4 39 42 (-256 1280 256 ) (-256 1280 320 ) (-256 1344 320 ) (-256 1344 256 ) 
4 39 41 (-256 1472 320 ) (-256 1536 320 ) (-256 1536 256 ) (-256 1472 256 ) 
4 39 44 (-256 1536 -64 ) (-256 1280 -64 ) (-256 1280 256 ) (-256 1536 256 ) 
4 39 40 (-256 2048 -64 ) (-256 1536 -64 ) (-256 1536 320 ) (-256 2048 320 ) 
4 39 45 (-256 1280 -64 ) (-256 1088 -64 ) (-256 1088 320 ) (-256 1280 320 ) 
4 40 51 (-384 1792 -64 ) (-384 1920 -64 ) (-256 1920 -64 ) (-256 1664 -64 ) 
4 40 50 (-384 1536 -64 ) (-384 1792 -64 ) (-256 1664 -64 ) (-256 1536 -64 ) 
4 40 47 (-384 2048 -64 ) (-384 1536 -64 ) (-384 1536 320 ) (-384 2048 320 ) 
4 40 41 (-384 1536 320 ) (-384 1536 256 ) (-256 1536 256 ) (-256 1536 320 ) 
4 40 44 (-384 1536 256 ) (-384 1536 -64 ) (-256 1536 -64 ) (-256 1536 256 ) 
3 41 43 (-384 1536 256 ) (-256 1472 256 ) (-256 1472 288 ) 
3 41 44 (-384 1536 256 ) (-256 1536 256 ) (-256 1472 256 ) 
3 42 43 (-256 1344 288 ) (-256 1344 256 ) (-384 1280 256 ) 
4 42 45 (-384 1280 320 ) (-384 1280 256 ) (-256 1280 256 ) (-256 1280 320 ) 
3 42 44 (-256 1280 256 ) (-384 1280 256 ) (-256 1344 256 ) 
4 43 44 (-384 1280 256 ) (-384 1536 256 ) (-256 1472 256 ) (-256 1344 256 ) 
4 44 50 (-384 1280 -64 ) (-384 1536 -64 ) (-256 1536 -64 ) (-256 1280 -64 ) 
4 44 48 (-384 1536 -64 ) (-384 1280 -64 ) (-384 1280 256 ) (-384 1536 256 ) 
4 44 45 (-384 1280 256 ) (-384 1280 -64 ) (-256 1280 -64 ) (-256 1280 256 ) 
4 45 50 (-384 1088 -64 ) (-384 1280 -64 ) (-256 1280 -64 ) (-256 1088 -64 ) 
4 45 49 (-384 1280 -64 ) (-384 1088 -64 ) (-384 1088 288 ) (-384 1280 288 ) 
4 45 46 (-384 1088 288 ) (-384 1088 -64 ) (-256 1088 -64 ) (-256 1088 288 ) 
4 46 97 (0 1024 -64 ) (0 1024 288 ) (-384 1024 288 ) (-384 1024 -64 ) 
4 46 50 (0 1024 -64 ) (-256 1024 -64 ) (-384 1088 -64 ) (0 1088 -64 ) 
4 46 49 (-384 1088 -64 ) (-384 1024 -64 ) (-384 1024 288 ) (-384 1088 288 ) 
4 47 48 (-512 1536 -64 ) (-384 1536 -64 ) (-384 1536 256 ) (-512 1536 256 ) 
4 48 49 (-512 1280 -64 ) (-384 1280 -64 ) (-384 1280 256 ) (-512 1280 256 ) 
4 49 104 (-512 1024 288 ) (-512 1024 -64 ) (-384 1024 -64 ) (-384 1024 288 ) 
6 50 53 (0 1408 -128 ) (0 1024 -128 ) (-256 1024 -128 ) (-384 1088 -128 ) (-384 1408.001465 -128 ) (-192 1600 -128 ) 
3 50 52 (-384 1408.001465 -128 ) (-384 1792 -128 ) (-192 1600 -128 ) 
4 50 51 (-64 1471.996460 -128 ) (-384 1791.998047 -128 ) (-384 1791.998047 -64 ) (-64 1471.998047 -64 ) 
3 51 53 (-64 1472 -128 ) (-192 1600 -128 ) (-64 1728 -128 ) 
5 51 52 (-192 1600 -128 ) (-384 1792 -128 ) (-384 1920 -128 ) (-64 1920 -128 ) (-64 1728 -128 ) 
4 52 55 (-512 1280.001953 -384 ) (-512 2048 -384 ) (-128 2048 -384 ) (-128 1664 -384 ) 
5 52 53 (-512 1280 -384 ) (-31.998993 1760 -384 ) (0 1791.998169 -362.667297 ) (0 1792.001343 -128 ) (-512 1280.003906 -128 ) 
4 53 107 (0 1024 -384 ) (0 1024 -128 ) (-512 1024 -128 ) (-512 1024 -384 ) 
4 53 54 (0 1024 -384 ) (-128 1024 -384 ) (-128 1664 -384 ) (0 1536 -384 ) 
4 53 55 (-128 1024 -384 ) (-512 1024 -384 ) (-512 1280.001953 -384 ) (-128 1664 -384 ) 
4 54 107 (0 1024 -448 ) (0 1024 -384 ) (-128 1024 -384 ) (-128 1024 -448 ) 
4 54 55 (-128 1664 -448 ) (-128 1024 -448 ) (-128 1024 -384 ) (-128 1664 -384 ) 
4 55 107 (-128 1024 -384 ) (-512 1024 -384 ) (-512 1024 -448 ) (-128 1024 -448 ) 
4 56 95 (0 1024 1664 ) (0 1024 768 ) (0 723.692322 768 ) (0 723.692322 1664 ) 
10 56 57 (0 723.692322 768 ) (0 1024 768 ) (595.582092 1024 768 ) (608 960 768 ) (582 826 768 ) (504 712 768 ) (390 634 768 ) (256 608 768 ) (122 634 768 ) (8 712 768 ) 
4 57 108 (0 512 320 ) (0 0 320 ) (0 0 768 ) (0 512 768 ) 
4 57 96 (0 1024 768 ) (0 1024 320 ) (0 512 320 ) (0 512 768 ) 
4 57 80 (1024 0 320 ) (1024 0 768 ) (0 0 768 ) (0 0 320 ) 
4 57 63 (896 512 320 ) (896 0 320 ) (768 0 320 ) (768 576 320 ) 
4 57 62 (768 960 320 ) (896 960 320 ) (896 768 320 ) (768 704 320 ) 
4 57 65 (0 0 320 ) (0 960 320 ) (768 960 320 ) (768 0 320 ) 
4 57 60 (1024 512 320 ) (1024 0 320 ) (896 0 320 ) (896 512 320 ) 
4 58 67 (896 768 -64 ) (896 832 -64 ) (1024 832 -64 ) (1024 768 -64 ) 
4 58 62 (896 960 -64 ) (896 768 -64 ) (896 768 288 ) (896 960 288 ) 
4 58 61 (896 1024 -64 ) (896 960 -64 ) (896 960 288 ) (896 1024 288 ) 
4 58 59 (896 768 256 ) (896 768 -64 ) (1024 768 -64 ) (1024 768 256 ) 
4 59 67 (896 512 -64 ) (896 768 -64 ) (1024 768 -64 ) (1024 512 -64 ) 
4 59 64 (896 768 -64 ) (896 512 -64 ) (896 512 256 ) (896 768 256 ) 
4 59 60 (896 512 256 ) (896 512 -64 ) (1024 512 -64 ) (1024 512 256 ) 
4 60 80 (1024 0 -64 ) (1024 0 320 ) (896 0 320 ) (896 0 -64 ) 
4 60 67 (1024 0 -64 ) (896 0 -64 ) (896 512 -64 ) (1024 512 -64 ) 
4 60 63 (896 512 -64 ) (896 0 -64 ) (896 0 320 ) (896 512 320 ) 
4 61 97 (0 1024 288 ) (0 1024 -64 ) (0 960 -64 ) (0 960 288 ) 
4 61 62 (768 960 -64 ) (896 960 -64 ) (896 960 288 ) (768 960 288 ) 
4 61 65 (0 960 -64 ) (768 960 -64 ) (768 960 288 ) (0 960 288 ) 
3 62 66 (768 832 -64 ) (768 896 -64 ) (896 832 -64 ) 
4 62 67 (768 704 -64 ) (768 832 -64 ) (896 832 -64 ) (896 768 -64 ) 
4 62 64 (768 704 288 ) (768 704 -64 ) (896 768 -64 ) (896 768 256 ) 
4 62 65 (768 960 320 ) (768 960 -64 ) (768 704 -64 ) (768 704 320 ) 
4 63 80 (896 0 320 ) (768 0 320 ) (768 0 -64 ) (896 0 -64 ) 
4 63 67 (896 0 -64 ) (768 0 -64 ) (768 576 -64 ) (896 512 -64 ) 
4 63 64 (896 512 256 ) (896 512 -64 ) (768 576 -64 ) (768 576 288 ) 
4 63 65 (768 576 -64 ) (768 0 -64 ) (768 0 320 ) (768 576 320 ) 
4 64 67 (768 576 -64 ) (768 704 -64 ) (896 768 -64 ) (896 512 -64 ) 
4 64 65 (768 704 -64 ) (768 576 -64 ) (768 576 288 ) (768 704 288 ) 
4 65 113 (0 128 -64 ) (0 0 -64 ) (0 0 320 ) (0 128 320 ) 
4 65 109 (0 384 320 ) (0 512 320 ) (0 512 288 ) (0 384 288 ) 
4 65 111 (0 128 288 ) (0 128 320 ) (0 384 320 ) (0 384 288 ) 
4 65 112 (0 512 -64 ) (0 128 -64 ) (0 128 288 ) (0 512 288 ) 
4 65 99 (0 768 -64 ) (0 512 -64 ) (0 512 320 ) (0 768 320 ) 
4 65 98 (0 960 -64 ) (0 768 -64 ) (0 768 320 ) (0 960 320 ) 
4 65 80 (768 0 320 ) (0 0 320 ) (0 0 -64 ) (768 0 -64 ) 
4 65 68 (320 0 -64 ) (192 0 -64 ) (192 896 -64 ) (320 896 -64 ) 
4 65 69 (192 0 -64 ) (0 0 -64 ) (0 896 -64 ) (192 896 -64 ) 
4 65 66 (320 832 -64 ) (320 896 -64 ) (768 896 -64 ) (768 832 -64 ) 
4 65 67 (768 0 -64 ) (320 0 -64 ) (320 832 -64 ) (768 832 -64 ) 
4 66 71 (320 896 -128 ) (768 896 -128 ) (896 832 -128 ) (320 832 -128 ) 
3 66 68 (320 896 -64 ) (320 832 -85.333328 ) (320 832 -64 ) 
4 66 67 (320 832 -64 ) (320 832 -128 ) (896 832 -128 ) (896 832 -64 ) 
4 67 83 (896 0 -64 ) (320 0 -64 ) (320 0 -128 ) (896 0 -128 ) 
4 67 81 (1024 0 -128 ) (1024 0 -64 ) (896 0 -64 ) (896 0 -128 ) 
4 67 70 (1024 832 -128 ) (1024 0 -128 ) (896 0 -128 ) (896 832 -128 ) 
4 67 71 (896 0 -128 ) (320 0 -128 ) (320 832 -128 ) (896 832 -128 ) 
5 67 68 (320 704 -128 ) (320 0 -128 ) (320 0 -64 ) (320 832 -64 ) (320 832 -85.333336 ) 
4 68 84 (320 0 -64 ) (192 0 -64 ) (192 0 -128 ) (320 0 -128 ) 
4 68 69 (192 896 -64 ) (192 704 -128 ) (192 0 -128 ) (192 0 -64 ) 
4 69 119 (0 192 -128 ) (0 0 -128 ) (0 0 -64 ) (0 192 -64 ) 
4 69 118 (0 320 -128 ) (0 192 -128 ) (0 192 -64 ) (0 320 -64 ) 
4 69 116 (0 512 -128 ) (0 320 -128 ) (0 320 -64 ) (0 512 -64 ) 
4 69 106 (0 896 -128 ) (0 512 -128 ) (0 512 -64 ) (0 896 -64 ) 
4 69 85 (192 0 -64 ) (0 0 -64 ) (0 0 -128 ) (192 0 -128 ) 
4 69 74 (0 0 -128 ) (0 896 -128 ) (192 896 -128 ) (192 0 -128 ) 
4 70 81 (1024 0 -190.030762 ) (1024 0 -128 ) (896 0 -128 ) (896 0 -190.030762 ) 
4 70 75 (896 512 -320 ) (896 1024 -320 ) (1024 1024 -320 ) (1024 512 -320 ) 
5 70 71 (896 1024 -320 ) (896 264 -320 ) (896 0 -190.030762 ) (896 0 -128 ) (896 1024 -128 ) 
4 71 86 (896 0 -128 ) (320 0 -128 ) (320 0 -320 ) (896 0 -320 ) 
4 71 78 (512 192 -320 ) (512 256 -320 ) (576 256 -320 ) (576 192 -320 ) 
4 71 77 (512 512 -320 ) (512 1024 -320 ) (640 1024 -320 ) (640 512 -320 ) 
4 71 76 (640 1024 -320 ) (768 1024 -320 ) (768 320 -320 ) (640 320 -320 ) 
4 71 75 (768 1024 -320 ) (896 1024 -320 ) (896 512 -320 ) (768 512 -320 ) 
4 71 79 (512 0 -320 ) (320 0 -320 ) (320 1024 -320 ) (512 1024 -320 ) 
4 71 72 (320 960 -128 ) (320 1024 -128 ) (320 1024 -192 ) (320 874.666077 -192 ) 
4 71 73 (320 1024 -320 ) (320 0 -320 ) (320 0 -192 ) (320 1024 -192 ) 
4 72 73 (192 874.666077 -192 ) (192 1024 -192 ) (320 1024 -192 ) (320 874.666077 -192 ) 
4 72 74 (192 960 -128 ) (192 1024 -128 ) (192 1024 -192 ) (192 874.666077 -192 ) 
4 73 88 (192 0 -192 ) (192 0 -320 ) (320 0 -320 ) (320 0 -192 ) 
4 73 79 (320 0 -320 ) (192 0 -320 ) (192 1024 -320 ) (320 1024 -320 ) 
4 73 74 (192 1024 -320 ) (192 0 -320 ) (192 0 -192 ) (192 1024 -192 ) 
4 74 125 (0 192 -320 ) (0 0 -320 ) (0 0 -128 ) (0 192 -128 ) 
4 74 123 (0 320 -320 ) (0 192 -320 ) (0 192 -128 ) (0 320 -128 ) 
4 74 122 (0 512 -320 ) (0 320 -320 ) (0 320 -128 ) (0 512 -128 ) 
4 74 107 (0 1024 -128 ) (0 1024 -320 ) (0 512 -320 ) (0 512 -128 ) 
4 74 89 (192 0 -128 ) (0 0 -128 ) (0 0 -320 ) (192 0 -320 ) 
4 74 79 (192 0 -320 ) (0 0 -320 ) (0 1024 -320 ) (192 1024 -320 ) 
5 75 76 (768 1024 -448 ) (768 576 -448 ) (768 512 -416 ) (768 512 -320 ) (768 1024 -320 ) 
5 76 77 (640 1024 -448 ) (640 576 -448 ) (640 512 -416 ) (640 512 -320 ) (640 1024 -320 ) 
4 77 79 (512 1024 -448 ) (512 512 -448 ) (512 512 -320 ) (512 1024 -320 ) 
4 78 79 (512 192 -328 ) (512 192 -320 ) (512 256 -320 ) (512 256 -328 ) 
4 79 125 (0 192 -448 ) (0 0 -448 ) (0 0 -320 ) (0 192 -320 ) 
4 79 124 (0 320 -448 ) (0 192 -448 ) (0 192 -320 ) (0 320 -320 ) 
4 79 122 (0 512 -448 ) (0 320 -448 ) (0 320 -320 ) (0 512 -320 ) 
4 79 107 (0 1024 -320 ) (0 1024 -448 ) (0 512 -448 ) (0 512 -320 ) 
4 79 90 (512 0 -320 ) (0 0 -320 ) (0 0 -448 ) (512 0 -448 ) 
4 80 131 (0 -512 -64 ) (0 -512 768 ) (0 -128 768 ) (0 -128 -64 ) 
4 80 127 (0 -128 768 ) (0 0 768 ) (0 0 -64 ) (0 -128 -64 ) 
4 80 84 (192 0 -64 ) (320 0 -64 ) (320 -384 -64 ) (192 -384 -64 ) 
4 80 83 (320 0 -64 ) (896 0 -64 ) (896 -384 -64 ) (320 -384 -64 ) 
4 80 85 (0 -384 -64 ) (0 0 -64 ) (192 0 -64 ) (192 -384 -64 ) 
4 80 81 (896 -256 -64 ) (896 0 -64 ) (1024 0 -64 ) (1024 -256 -64 ) 
3 81 86 (896 0 -128 ) (896 0 -190.030762 ) (896 -126 -128 ) 
4 81 83 (896 -256 -64 ) (896 0 -64 ) (896 0 -128 ) (896 -126 -128 ) 
4 82 86 (896 -256 -320 ) (896 -512 -320 ) (896 -512 -128 ) (896 -256 -128 ) 
4 83 86 (320 0 -128 ) (896 0 -128 ) (896 -384 -128 ) (320 -384 -128 ) 
4 83 84 (320 0 -128 ) (320 -192 -128 ) (320 -384 -64 ) (320 0 -64 ) 
4 84 85 (192 0 -128 ) (192 -192 -128 ) (192 -384 -64 ) (192 0 -64 ) 
4 85 134 (0 -384 -64 ) (0 0 -64 ) (0 0 -128 ) (0 -384 -128 ) 
4 85 89 (0 0 -128 ) (192 0 -128 ) (192 -384 -128 ) (0 -384 -128 ) 
4 86 91 (512 -512 -320 ) (320 -512 -320 ) (320 -128 -320 ) (512 -128 -320 ) 
4 86 90 (320 -128 -320 ) (320 0 -320 ) (704 0 -320 ) (704 -128 -320 ) 
4 86 87 (320 -512 -192 ) (320 -512 -128 ) (320 -448 -128 ) (320 -362.670013 -192 ) 
4 86 88 (320 0 -320 ) (320 -512 -320 ) (320 -512 -192 ) (320 0 -192 ) 
4 87 88 (192 -512 -192 ) (192 -362.669983 -192 ) (320 -362.670013 -192 ) (320 -512 -192 ) 
4 87 89 (192 -512 -192 ) (192 -512 -128 ) (192 -448 -128 ) (192 -362.670013 -192 ) 
4 88 91 (320 -512 -320 ) (192 -512 -320 ) (192 -128 -320 ) (320 -128 -320 ) 
4 88 90 (192 -128 -320 ) (192 0 -320 ) (320 0 -320 ) (320 -128 -320 ) 
4 88 89 (192 0 -320 ) (192 -512 -320 ) (192 -512 -192 ) (192 0 -192 ) 
4 89 140 (0 -512 -320 ) (0 -512 -128 ) (0 -384 -128 ) (0 -384 -320 ) 
4 89 137 (0 -384 -128 ) (0 0 -128 ) (0 0 -320 ) (0 -384 -320 ) 
4 89 91 (192 -512 -320 ) (0 -512 -320 ) (0 -128 -320 ) (192 -128 -320 ) 
4 89 90 (0 -128 -320 ) (0 0 -320 ) (192 0 -320 ) (192 -128 -320 ) 
4 90 138 (0 -128 -320 ) (0 0 -320 ) (0 0 -448 ) (0 -128 -448 ) 
4 90 91 (0 -128 -448 ) (512 -128 -448 ) (512 -128 -320 ) (0 -128 -320 ) 
4 91 140 (0 -512 -448 ) (0 -512 -320 ) (0 -384 -320 ) (0 -384 -448 ) 
4 91 139 (0 -384 -320 ) (0 -192 -320 ) (0 -192 -448 ) (0 -384 -448 ) 
4 91 138 (0 -192 -320 ) (0 -128 -320 ) (0 -128 -448 ) (0 -192 -448 ) 
4 91 94 (0 -512 -336 ) (0 -512 -448 ) (56 -512 -448 ) (56 -512 -336 ) 
4 92 141 (0 -1024 -336 ) (0 -1024 -320 ) (0 -576 -320 ) (0 -576 -336 ) 
4 92 93 (56 -576 -336 ) (64 -576 -336 ) (64 -1024 -336 ) (56 -1024 -336 ) 
4 92 94 (0 -1024 -336 ) (0 -576 -336 ) (56 -576 -336 ) (56 -1024 -336 ) 
4 93 94 (56 -576 -448 ) (56 -1024 -448 ) (56 -1024 -336 ) (56 -576 -336 ) 
4 94 142 (0 -1024 -448 ) (0 -1024 -336 ) (0 -512 -336 ) (0 -512 -448 ) 
5 95 96 (-96 960 768 ) (-83.582092 1024 768 ) (0 1024 768 ) (0 723.692322 768 ) (-70 826 768 ) 
4 96 108 (0 512 320 ) (0 512 768 ) (-512 512 768 ) (-512 512 320 ) 
3 96 101 (-256 512 320 ) (-384 512 320 ) (-256 576 320 ) 
3 96 100 (-384 768 320 ) (-256 768 320 ) (-256 704 320 ) 
4 96 99 (0 512 320 ) (-256 512 320 ) (-256 768 320 ) (0 768 320 ) 
4 96 98 (-384 768 320 ) (-384 960 320 ) (0 960 320 ) (0 768 320 ) 
4 97 104 (-384 1024 -64 ) (-384 960 -64 ) (-384 960 288 ) (-384 1024 288 ) 
4 97 98 (-384 960 288 ) (-384 960 -64 ) (0 960 -64 ) (0 960 288 ) 
5 98 106 (-384 768 -64 ) (-384 832 -64 ) (-256 896 -64 ) (0 896 -64 ) (0 768 -64 ) 
4 98 104 (-384 960 -64 ) (-384 768 -64 ) (-384 768 288 ) (-384 960 288 ) 
4 98 100 (-384 768 320 ) (-384 768 256 ) (-256 768 256 ) (-256 768 320 ) 
4 98 103 (-384 768 256 ) (-384 768 -64 ) (-256 768 -64 ) (-256 768 256 ) 
4 98 99 (-256 768 -64 ) (0 768 -64 ) (0 768 320 ) (-256 768 320 ) 
4 99 109 (0 512 288 ) (0 512 320 ) (-256 512 320 ) (-256 512 288 ) 
4 99 112 (0 512 -64 ) (0 512 288 ) (-256 512 288 ) (-256 512 -64 ) 
4 99 106 (0 512 -64 ) (-256 512 -64 ) (-256 768 -64 ) (0 768 -64 ) 
4 99 102 (-256 704 256 ) (-256 576 256 ) (-256 576 288 ) (-256 704 288 ) 
4 99 101 (-256 576 256 ) (-256 512 256 ) (-256 512 320 ) (-256 576 320 ) 
4 99 100 (-256 768 320 ) (-256 768 256 ) (-256 704 256 ) (-256 704 320 ) 
4 99 103 (-256 768 256 ) (-256 768 -64 ) (-256 512 -64 ) (-256 512 256 ) 
3 100 102 (-384 768 256 ) (-256 704 256 ) (-256 704 288 ) 
3 100 103 (-384 768 256 ) (-256 768 256 ) (-256 704 256 ) 
4 101 109 (-256 512 320 ) (-376 512 320 ) (-376 512 288 ) (-256 512 288 ) 
4 101 112 (-384 512 288 ) (-384 512 256 ) (-256 512 256 ) (-256 512 288 ) 
3 101 102 (-256 576 288 ) (-256 576 256 ) (-384 512 256 ) 
3 101 103 (-384 512 256 ) (-256 576 256 ) (-256 512 256 ) 
4 102 103 (-384 512 256 ) (-384 768 256 ) (-256 704 256 ) (-256 576 256 ) 
4 103 112 (-384 512 256 ) (-384 512 -64 ) (-256 512 -64 ) (-256 512 256 ) 
4 103 106 (-256 512 -64 ) (-384 512 -64 ) (-384 768 -64 ) (-256 768 -64 ) 
4 103 105 (-384 768 -64 ) (-384 512 -64 ) (-384 512 256 ) (-384 768 256 ) 
4 104 105 (-512 768 -64 ) (-384 768 -64 ) (-384 768 256 ) (-512 768 256 ) 
4 105 112 (-512 512 256 ) (-512 512 -64 ) (-384 512 -64 ) (-384 512 256 ) 
4 106 116 (0 512 -128 ) (0 512 -64 ) (-384 512 -64 ) (-384 512 -128 ) 
5 106 107 (0 512 -128 ) (-384 512 -128 ) (-384 832 -128 ) (-256 896 -128 ) (0 896 -128 ) 
4 107 122 (0 512 -448 ) (0 512 -128 ) (-512 512 -128 ) (-512 512 -448 ) 
4 108 128 (-640 0 768 ) (-896 0 768 ) (-896 0 320 ) (-640 0 320 ) 
4 108 127 (0 0 320 ) (0 0 768 ) (-640 0 768 ) (-640 0 320 ) 
3 108 114 (-768 128 320 ) (-640 128 320 ) (-640 64 320 ) 
4 108 113 (-640 128 320 ) (0 128 320 ) (0 0 320 ) (-640 0 320 ) 
3 108 110 (-376 424 320 ) (-376 384 320 ) (-416 384 320 ) 
4 108 109 (-376 512 320 ) (0 512 320 ) (0 384 320 ) (-376 384 320 ) 
4 108 111 (0 384 320 ) (0 128 320 ) (-768 128 320 ) (-768 384 320 ) 
4 109 110 (-376 424 288 ) (-376 384 288 ) (-376 384 320 ) (-376 424 320 ) 
4 109 111 (-376 384 288 ) (0 384 288 ) (0 384 320 ) (-376 384 320 ) 
4 109 112 (-376 512 288 ) (0 512 288 ) (0 384 288 ) (-376 384 288 ) 
3 110 112 (-376 424 288 ) (-376 384 288 ) (-416 384 288 ) 
4 110 111 (-416 384 288 ) (-376 384 288 ) (-376 384 320 ) (-416 384 320 ) 
4 111 114 (-640 128 320 ) (-768 128 320 ) (-768 128 288 ) (-640 128 288 ) 
4 111 113 (0 128 288 ) (0 128 320 ) (-640 128 320 ) (-640 128 288 ) 
4 111 112 (0 128 288 ) (-768 128 288 ) (-768 384 288 ) (0 384 288 ) 
4 112 120 (-640 128 -64 ) (-768 128 -64 ) (-768 192 -64 ) (-640 192 -64 ) 
4 112 119 (0 192 -64 ) (0 128 -64 ) (-640 128 -64 ) (-640 192 -64 ) 
4 112 118 (-384 320 -64 ) (0 320 -64 ) (0 192 -64 ) (-384 192 -64 ) 
4 112 116 (-384 512 -64 ) (0 512 -64 ) (0 320 -64 ) (-384 320 -64 ) 
4 112 117 (-896 320 -64 ) (-896 512 -64 ) (-512 512 -64 ) (-512 320 -64 ) 
4 112 114 (-640 128 256 ) (-640 128 288 ) (-768 128 288 ) (-768 128 256 ) 
4 112 115 (-896 128 -64 ) (-640 128 -64 ) (-640 128 256 ) (-896 128 256 ) 
4 112 113 (-640 128 -64 ) (0 128 -64 ) (0 128 288 ) (-640 128 288 ) 
4 113 127 (0 0 -64 ) (0 0 320 ) (-640 0 320 ) (-640 0 -64 ) 
4 113 119 (0 0 -64 ) (-640 0 -64 ) (-640 128 -64 ) (0 128 -64 ) 
4 113 114 (-640 128 320 ) (-640 128 256 ) (-640 64 256 ) (-640 64 320 ) 
4 113 115 (-640 128 256 ) (-640 128 -64 ) (-640 0 -64 ) (-640 0 256 ) 
3 114 115 (-768 128 256 ) (-640 128 256 ) (-640 64 256 ) 
4 115 130 (-896 0 256 ) (-896 0 -64 ) (-640 0 -64 ) (-640 0 256 ) 
3 115 120 (-768 128 -64 ) (-640 128 -64 ) (-640 64 -64 ) 
4 116 122 (-384 512 -128 ) (0 512 -128 ) (0 320 -128 ) (-384 320 -128 ) 
4 116 118 (-384 320 -128 ) (0 320 -128 ) (0 320 -64 ) (-384 320 -64 ) 
4 117 122 (-896 320 -128 ) (-896 512 -128 ) (-512 512 -128 ) (-512 320 -128 ) 
4 118 123 (-384 320 -128 ) (0 320 -128 ) (0 192 -128 ) (-384 192 -128 ) 
4 118 119 (-384 192 -128 ) (0 192 -128 ) (0 192 -64 ) (-384 192 -64 ) 
4 119 134 (0 0 -128 ) (0 0 -64 ) (-640 0 -64 ) (-640 0 -128 ) 
4 119 126 (-512 0 -128 ) (-640 0 -128 ) (-640 192 -128 ) (-512 192 -128 ) 
4 119 125 (0 192 -128 ) (0 0 -128 ) (-512 0 -128 ) (-512 192 -128 ) 
4 119 121 (-640 64 -128 ) (-640 0 -128 ) (-640 0 -96 ) (-640 64 -96 ) 
4 119 120 (-640 192 -64 ) (-640 192 -128 ) (-640 64 -128 ) (-640 64 -64 ) 
4 120 126 (-768 128 -128 ) (-768 192 -128 ) (-640 192 -128 ) (-640 64 -128 ) 
3 120 121 (-768 128 -128 ) (-640 64 -128 ) (-640 64 -96 ) 
3 121 136 (-768 0 -128 ) (-640 0 -128 ) (-640 0 -96 ) 
4 121 126 (-640 0 -128 ) (-768 0 -128 ) (-768 128 -128 ) (-640 64 -128 ) 
4 122 124 (-512 320 -448 ) (0 320 -448 ) (0 320 -320 ) (-768 320 -320 ) 
4 122 123 (0 320 -320 ) (0 320 -128 ) (-896 320 -128 ) (-896 320 -320 ) 
4 123 126 (-512 192 -128 ) (-896 192 -128 ) (-896 192 -320 ) (-512 192 -320 ) 
4 123 125 (0 192 -320 ) (0 192 -128 ) (-512 192 -128 ) (-512 192 -320 ) 
4 123 124 (0 192 -320 ) (-768 192 -320 ) (-768 320 -320 ) (0 320 -320 ) 
4 124 125 (-512 192 -448 ) (0 192 -448 ) (0 192 -320 ) (-512 192 -320 ) 
4 125 138 (0 0 -448 ) (0 0 -320 ) (-512 0 -320 ) (-512 0 -448 ) 
4 125 137 (0 0 -320 ) (0 0 -128 ) (-512 0 -128 ) (-512 0 -320 ) 
4 125 126 (-512 192 -128 ) (-512 192 -320 ) (-512 0 -320 ) (-512 0 -128 ) 
4 126 137 (-512 0 -128 ) (-896 0 -128 ) (-896 0 -320 ) (-512 0 -320 ) 
4 127 134 (-640 0 -64 ) (0 0 -64 ) (0 -128 -64 ) (-640 -128 -64 ) 
4 127 131 (-640 -128 -64 ) (0 -128 -64 ) (0 -128 768 ) (-640 -128 768 ) 
4 127 129 (-640 -128 256 ) (-640 -128 320 ) (-640 -64 320 ) (-640 -64 256 ) 
4 127 128 (-640 -128 320 ) (-640 -128 768 ) (-640 0 768 ) (-640 0 320 ) 
4 127 130 (-640 0 -64 ) (-640 -128 -64 ) (-640 -128 256 ) (-640 0 256 ) 
4 128 132 (-768 -128 768 ) (-896 -128 768 ) (-896 -128 320 ) (-768 -128 320 ) 
4 128 131 (-640 -128 320 ) (-640 -128 768 ) (-768 -128 768 ) (-768 -128 320 ) 
3 128 129 (-640 -64 320 ) (-640 -128 320 ) (-768 -128 320 ) 
4 129 131 (-640 -128 256 ) (-640 -128 320 ) (-768 -128 320 ) (-768 -128 256 ) 
3 129 130 (-640 -64 256 ) (-640 -128 256 ) (-768 -128 256 ) 
3 130 135 (-640 -64 -64 ) (-640 -128 -64 ) (-768 -128 -64 ) 
4 130 133 (-896 -128 -64 ) (-768 -128 -64 ) (-768 -128 256 ) (-896 -128 256 ) 
4 130 131 (-768 -128 -64 ) (-640 -128 -64 ) (-640 -128 256 ) (-768 -128 256 ) 
4 131 135 (-768 -384 -64 ) (-768 -128 -64 ) (-640 -128 -64 ) (-640 -384 -64 ) 
4 131 134 (-640 -128 -64 ) (0 -128 -64 ) (0 -384 -64 ) (-640 -384 -64 ) 
4 131 132 (-768 -128 768 ) (-768 -128 320 ) (-768 -512 320 ) (-768 -512 768 ) 
4 131 133 (-768 -128 288 ) (-768 -128 -64 ) (-768 -512 -64 ) (-768 -512 288 ) 
4 134 136 (-640 0 -128 ) (-640 -64 -128 ) (-640 -64 -96 ) (-640 0 -96 ) 
4 134 135 (-640 -64 -128 ) (-640 -384 -128 ) (-640 -384 -64 ) (-640 -64 -64 ) 
4 134 137 (0 -384 -128 ) (-640 -384 -128 ) (-640 0 -128 ) (0 0 -128 ) 
3 135 136 (-640 -64 -96 ) (-640 -64 -128 ) (-768 -128 -128 ) 
4 135 137 (-640 -384 -128 ) (-768 -384 -128 ) (-768 -128 -128 ) (-640 -64 -128 ) 
4 136 137 (-768 -128 -128 ) (-768 0 -128 ) (-640 0 -128 ) (-640 -64 -128 ) 
4 137 140 (0 -384 -320 ) (0 -384 -128 ) (-896 -384 -128 ) (-896 -384 -320 ) 
4 137 139 (0 -384 -320 ) (-768 -384 -320 ) (-768 -192 -320 ) (0 -192 -320 ) 
4 137 138 (-512 0 -320 ) (0 0 -320 ) (0 -192 -320 ) (-512 -192 -320 ) 
4 138 139 (-512 -192 -448 ) (0 -192 -448 ) (0 -192 -320 ) (-512 -192 -320 ) 
4 139 140 (-512 -384 -448 ) (0 -384 -448 ) (0 -384 -320 ) (-768 -384 -320 ) 
4 140 142 (0 -512 -448 ) (0 -512 -336 ) (-56 -512 -336 ) (-56 -512 -448 ) 
4 141 143 (-64 -1024 -336 ) (-64 -576 -336 ) (-56 -576 -336 ) (-56 -1024 -336 ) 
4 141 142 (-56 -576 -336 ) (0 -576 -336 ) (0 -1024 -336 ) (-56 -1024 -336 ) 
4 142 143 (-56 -576 -448 ) (-56 -1024 -448 ) (-56 -1024 -336 ) (-56 -576 -336 ) 
