PRT1
82
217
4 1 52 (0 2752 248 ) (0 2752 704 ) (0 3072 704 ) (0 3072 248 ) 
4 1 2 (0 2752 704 ) (0 2752 248 ) (672 2752 248 ) (672 2752 704 ) 
4 2 52 (0 2752 704 ) (0 2752 248 ) (0 2560 248 ) (0 2560 704 ) 
4 2 9 (0 2560 704 ) (0 2560 256 ) (96 2560 256 ) (96 2560 704 ) 
4 2 6 (416 2560 256 ) (416 2560 704 ) (128 2560 704 ) (128 2560 256 ) 
4 2 3 (672 2560 256 ) (672 2560 704 ) (448 2560 704 ) (448 2560 256 ) 
4 3 4 (448 2528 256 ) (672 2528 256 ) (672 2528 704 ) (448 2528 704 ) 
4 4 5 (448 2496 256 ) (672 2496 256 ) (672 2496 704 ) (448 2496 704 ) 
4 5 12 (672 2480 256 ) (672 2480 704 ) (448 2480 704 ) (448 2480 256 ) 
4 6 7 (128 2528 256 ) (416 2528 256 ) (416 2528 704 ) (128 2528 704 ) 
4 7 8 (128 2496 256 ) (416 2496 256 ) (416 2496 704 ) (128 2496 704 ) 
4 8 12 (416 2480 256 ) (416 2480 704 ) (128 2480 704 ) (128 2480 256 ) 
4 9 54 (0 2560 704 ) (0 2560 256 ) (0 2528 256 ) (0 2528 704 ) 
4 9 10 (0 2528 256 ) (96 2528 256 ) (96 2528 704 ) (0 2528 704 ) 
4 10 55 (0 2528 256 ) (0 2496 256 ) (0 2496 704 ) (0 2528 704 ) 
4 10 11 (0 2496 256 ) (96 2496 256 ) (96 2496 704 ) (0 2496 704 ) 
4 11 56 (0 2496 256 ) (0 2480 256 ) (0 2480 704 ) (0 2496 704 ) 
4 11 12 (96 2480 256 ) (96 2480 704 ) (0 2480 704 ) (0 2480 256 ) 
4 12 62 (1024 2048 224 ) (1024 2048 768 ) (0 2048 768 ) (0 2048 224 ) 
4 12 57 (0 2048 224 ) (0 2048 256 ) (0 2480 256 ) (0 2480 224 ) 
4 12 56 (0 2048 256 ) (0 2048 704 ) (0 2480 704 ) (0 2480 256 ) 
4 12 53 (0 2048 704 ) (0 2048 768 ) (0 2480 768 ) (0 2480 704 ) 
4 12 43 (257.051422 2088 224 ) (384 2088 224 ) (384 2080 224 ) (257.051422 2080 224 ) 
4 12 42 (128 2080 224 ) (128 2088 224 ) (257.051422 2088 224 ) (257.051422 2080 224 ) 
4 12 49 (384 2048 224 ) (128 2048 224 ) (128 2080 224 ) (384 2080 224 ) 
4 12 36 (334.702698 2120 224 ) (384 2120 224 ) (384 2112 224 ) (334.702728 2112 224 ) 
4 12 34 (193.054947 2120 224 ) (334.702698 2120 224 ) (334.702728 2112 224 ) (193.054962 2112 224 ) 
4 12 33 (128 2112 224 ) (128 2120 224 ) (193.054947 2120 224 ) (193.054962 2112 224 ) 
4 12 31 (128 2120 224 ) (128 2480 224 ) (384 2480 224 ) (384 2120 224 ) 
4 12 40 (128 2088 224 ) (128 2112 224 ) (384 2112 224 ) (384 2088 224 ) 
4 12 51 (128 2048 224 ) (0 2048 224 ) (0 2480 224 ) (128 2480 224 ) 
5 12 30 (1024 2176 224 ) (1024 2048 224 ) (384 2048 224 ) (384 2480 224 ) (720 2480 224 ) 
4 13 30 (712 2488 224 ) (400 2488 224 ) (400 2488 -64 ) (712 2488 -64 ) 
4 13 29 (712 2488 -64 ) (400 2488 -64 ) (400 2496 -64 ) (704 2496 -64 ) 
4 13 14 (400 2488 208 ) (400 2488 224 ) (400 2496 224 ) (400 2496 208 ) 
4 14 31 (384 2488 224 ) (128 2488 224 ) (128 2488 208 ) (384 2488 208 ) 
4 14 51 (128 2488 224 ) (112 2488 224 ) (112 2488 208 ) (128 2488 208 ) 
4 14 30 (400 2488 224 ) (384 2488 224 ) (384 2488 208 ) (400 2488 208 ) 
4 14 28 (112 2488 208 ) (112 2488 224 ) (112 2496 224 ) (112 2496 208 ) 
29 15 31 (319.666382 2488 -46 ) (327.003510 2488 -41.998096 ) (347.001587 2488 -26.998810 ) (362 2488 -7 ) (373.998932 2488 14.998039 ) (382 2488 39 ) (384 2488 64 ) (382 2488 89 ) (374 2488 113 ) (362 2488 135 ) (347.001160 2488 154.998398 ) (326.998688 2488 170 ) (305 2488 182 ) (281 2488 190 ) (256 2488 192 ) (231 2488 190 ) (207.002411 2488 182 ) (185.039551 2488 170.021561 ) (164.987488 2488 154.983337 ) (149.998154 2488 134.997559 ) (138 2488 113 ) (130 2488 89 ) (128 2488 64 ) (130 2488 39 ) (138 2488 15 ) (150.002090 2488 -7.003819 ) (165 2488 -27 ) (185.001785 2488 -42.001335 ) (192.332916 2488 -46 ) 
4 15 26 (213 2752 -56 ) (224 2752 -56 ) (224 2564 -56 ) (213 2564 -56 ) 
4 15 23 (236 2564 -56 ) (224 2564 -56 ) (224 2730 -56 ) (250 2676 -56 ) 
3 15 21 (275.473816 2631.400391 -56 ) (240 2564 -56 ) (254 2676 -56 ) 
5 15 20 (228 2752 -56 ) (298.994080 2752 -56 ) (298.994080 2676.088867 -56 ) (275.473816 2631.400391 -56 ) (228 2730 -56 ) 
3 15 19 (298.994080 2676.088867 -56 ) (298.994080 2564 -56 ) (240 2564 -56 ) 
5 15 18 (206.996841 2548.790527 -53.998268 ) (213.001953 2564.003906 -56 ) (236.001602 2564.003174 -56 ) (196 2488 -46 ) (192.332062 2488 -46 ) 
5 15 17 (240.001587 2564.002930 -56 ) (299 2564 -56 ) (304.995483 2548.812500 -54.001514 ) (319.665680 2488 -46 ) (200 2488 -46 ) 
6 16 31 (299 2488 -56 ) (304.997681 2488 -54 ) (312.336243 2488 -49.998104 ) (199.662994 2488 -49.998116 ) (207 2488 -54 ) (213 2488 -56 ) 
3 16 25 (213 2512.700684 -56 ) (213 2533.614746 -56 ) (224.007706 2533.614746 -56 ) 
5 16 19 (298.994080 2533.614746 -56 ) (298.994080 2488 -56 ) (213 2488 -56 ) (213 2512.700684 -56 ) (224.007706 2533.614746 -56 ) 
4 16 18 (220.010345 2533.619629 -56 ) (213 2533.619629 -56 ) (207 2518.416504 -54 ) (202.760284 2500.844727 -51.687500 ) 
5 16 17 (312.337463 2488 -49.997421 ) (304.997620 2518.425781 -54 ) (299 2533.619629 -56 ) (224.010345 2533.619629 -56 ) (200 2488 -49.997417 ) 
4 17 31 (312.336243 2488 -49.998104 ) (319.666382 2488 -46 ) (200 2488 -46 ) (200 2488 -49.998116 ) 
4 17 19 (298.994080 2564 -56 ) (298.994080 2533.614746 -56 ) (224.007721 2533.614746 -56 ) (240 2564 -56 ) 
3 18 31 (196 2488 -46 ) (192.332916 2488 -46 ) (196 2488 -48 ) 
5 18 26 (220.007721 2533.614746 -56 ) (213 2533.614746 -56 ) (213 2564 -56 ) (224 2564 -56 ) (224 2541.199951 -56 ) 
3 18 23 (224 2564 -56 ) (236 2564 -56 ) (224 2541.199951 -56 ) 
4 19 31 (225 2488 -60 ) (287 2488 -60 ) (299 2488 -56 ) (213 2488 -56 ) 
4 19 27 (287 2653.300049 -60 ) (287 2488 -60 ) (225 2488 -60 ) (225 2535.500244 -60 ) 
3 19 25 (213 2512.696533 -56 ) (224 2533.596191 -56 ) (224 2533.596191 -59.666618 ) 
4 19 24 (240 2563.995605 -59.997536 ) (240 2563.995605 -60 ) (234.753525 2554.028320 -60 ) (234.753510 2554.028320 -58.686016 ) 
6 19 22 (224 2533.596191 -56 ) (224.009720 2533.614746 -56 ) (234.753510 2554.028320 -58.686016 ) (234.753525 2554.028320 -60 ) (225 2535.496582 -60 ) (224 2533.596191 -59.666618 ) 
4 19 21 (240 2563.995361 -56 ) (275.474548 2631.398926 -56 ) (275.474457 2631.398926 -60 ) (240 2563.995605 -60 ) 
4 19 20 (275.474548 2631.398926 -56 ) (299.001953 2676.101563 -56 ) (287.001953 2653.301514 -60 ) (275.474457 2631.398926 -60 ) 
5 20 27 (228 2752 -60 ) (287 2752 -60 ) (287 2653.300049 -60 ) (275.473816 2631.400146 -60 ) (228 2730 -60 ) 
4 20 21 (254 2676.001953 -60 ) (275.474365 2631.401611 -60 ) (275.474365 2631.401611 -56 ) (254 2676.001953 -56 ) 
3 21 27 (275.473816 2631.400146 -60 ) (240 2564 -60 ) (254 2676 -60 ) 
4 22 27 (234.754089 2554.032715 -60 ) (225 2535.500244 -60 ) (225 2564.014404 -60 ) (236.001831 2564.014648 -60 ) 
4 22 25 (224 2533.601563 -59.666626 ) (224 2533.601563 -56 ) (224 2533.614746 -56 ) (224 2561.480957 -59.666626 ) 
3 22 24 (234.754745 2554.034180 -58.686775 ) (234.754745 2554.034180 -60 ) (236.002304 2564.014648 -60 ) 
5 22 23 (236.004486 2564.008545 -59.997669 ) (236.006699 2564.026367 -60 ) (225.002258 2564.026123 -60 ) (224 2561.487061 -59.665905 ) (224 2541.199951 -56.996529 ) 
4 23 27 (225 2564.014404 -60 ) (225 2727.922852 -60 ) (250 2676 -60 ) (236.001831 2564.014648 -60 ) 
5 23 26 (224 2541.199951 -56 ) (224 2730 -56 ) (224 2730 -59.666626 ) (224 2561.480957 -59.666626 ) (224 2541.199951 -56.998070 ) 
4 24 27 (240 2564 -60 ) (234.754089 2554.032715 -60 ) (236.001831 2564.014648 -60 ) (240.001801 2564.014404 -60 ) 
4 25 26 (224 2561.484375 -59.666992 ) (213 2533.615234 -56 ) (220.009750 2533.618408 -56 ) (224 2541.199951 -56.997494 ) 
5 27 31 (231 2488 -62 ) (256 2488 -64 ) (281 2488 -62 ) (287 2488 -60 ) (225 2488 -60 ) 
4 28 58 (0 2488 -64 ) (0 2488 224 ) (0 2496 224 ) (0 2496 -64 ) 
4 28 51 (112 2488 224 ) (0 2488 224 ) (0 2488 -64 ) (112 2488 -64 ) 
4 28 29 (112 2488 -64 ) (0 2488 -64 ) (0 2496 -64 ) (112 2496 -64 ) 
4 29 58 (0 2488 -448 ) (0 2488 -64 ) (0 2496 -64 ) (0 2496 -448 ) 
4 29 50 (128 2488 -448 ) (384 2488 -448 ) (384 2488 -384 ) (128 2488 -384 ) 
4 29 31 (384 2488 -384 ) (384 2488 -64 ) (128 2488 -64 ) (128 2488 -384 ) 
4 29 51 (0 2488 -64 ) (0 2488 -448 ) (128 2488 -448 ) (128 2488 -64 ) 
4 29 30 (384 2488 -448 ) (712 2488 -448 ) (712 2488 -64 ) (384 2488 -64 ) 
4 30 62 (1024 2048 -448 ) (1024 2048 224 ) (384 2048 224 ) (384 2048 -448 ) 
4 30 50 (384 2488 -384 ) (384 2488 -448 ) (384 2240 -448 ) (384 2240 -384 ) 
4 30 44 (384 2088 -384 ) (384 2080 -384 ) (384 2080 180.043945 ) (384 2088 180.043945 ) 
4 30 43 (384 2080 180.043945 ) (384 2080 224 ) (384 2088 224 ) (384 2088 180.043945 ) 
4 30 49 (384 2080 -384 ) (384 2048 -384 ) (384 2048 224 ) (384 2080 224 ) 
4 30 36 (384 2112 64 ) (384 2112 224 ) (384 2120 224 ) (384 2120 64 ) 
4 30 35 (384 2120 -384 ) (384 2112 -384 ) (384 2112 64 ) (384 2120 64 ) 
4 30 31 (384 2488 224 ) (384 2488 -384 ) (384 2120 -384 ) (384 2120 224 ) 
4 30 40 (384 2112 -384 ) (384 2088 -384 ) (384 2088 224 ) (384 2112 224 ) 
4 31 50 (128 2240 -384 ) (128 2488 -384 ) (384 2488 -384 ) (384 2240 -384 ) 
3 31 39 (165 2120 -27 ) (190.819473 2120 -90.501968 ) (256 2120 -64 ) 
3 31 38 (190.819473 2120 -90.501968 ) (256 2120 -250.810822 ) (347 2120 -27 ) 
3 31 37 (347 2120 155 ) (321.180542 2120 218.501968 ) (256 2120 192 ) 
4 31 36 (384 2120 64 ) (384 2120 224 ) (334.702728 2120 224 ) (321.180542 2120 218.501968 ) 
4 31 35 (256 2120 -250.810822 ) (310.153870 2120 -384 ) (384 2120 -384 ) (384 2120 64 ) 
3 31 34 (334.702728 2120 224 ) (193.054962 2120 224 ) (165 2120 155 ) 
3 31 33 (128 2120 224 ) (128 2120 64 ) (193.054962 2120 224 ) 
3 31 32 (128 2120 64 ) (128 2120 -384 ) (310.153870 2120 -384 ) 
4 31 51 (128 2488 224 ) (128 2488 -384 ) (128 2120 -384 ) (128 2120 224 ) 
4 32 39 (165.001617 2112 -27 ) (190.820496 2112 -90.501541 ) (190.819885 2120 -90.501816 ) (165 2120 -27 ) 
4 32 38 (190.820496 2112 -90.501541 ) (256 2112 -250.809875 ) (256 2120 -250.810272 ) (190.819885 2120 -90.501816 ) 
4 32 35 (256 2112 -250.809875 ) (310.154297 2112 -384 ) (310.154297 2120 -384 ) (256 2120 -250.810272 ) 
4 32 51 (128 2120 -384 ) (128 2112 -384 ) (128 2112 64 ) (128 2120 64 ) 
3 32 40 (128 2112 64 ) (128 2112 -384 ) (310.153870 2112 -384 ) 
4 33 34 (193.056854 2112 224 ) (165.002304 2112 155 ) (165.002335 2120 155 ) (193.056885 2120 224 ) 
3 33 40 (128 2112 224 ) (128 2112 64 ) (193.054962 2112 224 ) 
4 33 51 (128 2112 64 ) (128 2112 224 ) (128 2120 224 ) (128 2120 64 ) 
4 34 37 (321.180969 2112 218.500931 ) (256.001831 2112 192 ) (256.002228 2120 192 ) (321.181152 2120 218.500427 ) 
4 34 36 (334.705566 2112 224 ) (321.180969 2112 218.500931 ) (321.181152 2120 218.500427 ) (334.707092 2120 224 ) 
3 34 40 (334.702728 2112 224 ) (193.054962 2112 224 ) (165 2112 155 ) 
4 35 38 (256 2120 -250.811615 ) (256 2112 -250.811615 ) (347 2112 -27 ) (347 2120 -27 ) 
4 35 40 (256 2112 -250.810822 ) (310.153870 2112 -384 ) (384 2112 -384 ) (384 2112 64 ) 
4 36 37 (347 2112 155 ) (321.180084 2112 218.500961 ) (321.180084 2120 218.500961 ) (347 2120 155 ) 
4 36 40 (384 2112 64 ) (384 2112 224 ) (334.702728 2112 224 ) (321.180542 2112 218.501968 ) 
3 37 40 (347 2112 155 ) (321.180542 2112 218.501968 ) (256 2112 192 ) 
4 38 39 (190.819611 2120 -90.502274 ) (190.819611 2112 -90.502274 ) (256 2112 -64 ) (256 2120 -64 ) 
3 38 40 (190.819473 2112 -90.501968 ) (256 2112 -250.810822 ) (347 2112 -27 ) 
3 39 40 (165 2112 -27 ) (190.819473 2112 -90.501968 ) (256 2112 -64 ) 
3 40 48 (210.498886 2088 18.500435 ) (223.408630 2088 -13.252144 ) (256 2088 0 ) 
3 40 47 (223.408630 2088 -13.252144 ) (256 2088 -93.415649 ) (301.502228 2088 18.501892 ) 
3 40 46 (301.501953 2088 109.494774 ) (288.589996 2088 141.250870 ) (255.996796 2088 127.998688 ) 
3 40 45 (320 2088 64 ) (363.847534 2088 171.850098 ) (288.589996 2088 141.250870 ) 
5 40 44 (256 2088 -93.415649 ) (374.144714 2088 -384 ) (384 2088 -384 ) (384 2088 180.043945 ) (363.847534 2088 171.850098 ) 
4 40 43 (384 2088 180.043945 ) (384 2088 224 ) (257.051422 2088 224 ) (210.498795 2088 109.499504 ) 
4 40 42 (128 2088 224 ) (128 2088 221.413330 ) (192 2088 64 ) (257.051422 2088 224 ) 
3 40 41 (128 2088 221.413330 ) (128 2088 -384 ) (374.144714 2088 -384 ) 
4 40 51 (128 2112 -384 ) (128 2088 -384 ) (128 2088 224 ) (128 2112 224 ) 
4 41 48 (210.497818 2080 18.500870 ) (223.407913 2080 -13.252434 ) (223.408493 2088 -13.252205 ) (210.498688 2088 18.500523 ) 
4 41 47 (223.407913 2080 -13.252434 ) (256 2080 -93.416534 ) (256 2088 -93.415833 ) (223.408493 2088 -13.252205 ) 
4 41 44 (256 2080 -93.416534 ) (374.144531 2080 -384 ) (374.144531 2088 -384 ) (256 2088 -93.415833 ) 
4 41 42 (128 2080 221.410156 ) (192 2080 63.998779 ) (192 2088 64 ) (128 2088 221.412903 ) 
3 41 49 (128 2080 221.413330 ) (128 2080 -384 ) (374.144714 2080 -384 ) 
4 41 51 (128 2088 -384 ) (128 2080 -384 ) (128 2080 221.413330 ) (128 2088 221.413330 ) 
4 42 43 (257.052826 2080 224 ) (210.500473 2080 109.500191 ) (210.500458 2088 109.500183 ) (257.052795 2088 224 ) 
4 42 51 (128 2080 221.413330 ) (128 2080 224 ) (128 2088 224 ) (128 2088 221.413330 ) 
4 42 49 (128 2080 224 ) (128 2080 221.413330 ) (192 2080 64 ) (257.051422 2080 224 ) 
4 43 46 (288.590149 2080 141.250504 ) (255.997101 2080 127.998566 ) (255.996780 2088 127.998688 ) (288.589996 2088 141.250870 ) 
4 43 45 (363.847168 2080 171.849075 ) (288.590149 2080 141.250504 ) (288.589996 2088 141.250870 ) (363.847534 2088 171.850098 ) 
4 43 44 (384 2080 180.042969 ) (363.847168 2080 171.849075 ) (363.847534 2088 171.850098 ) (384 2088 180.043945 ) 
4 43 49 (384 2080 180.043945 ) (384 2080 224 ) (257.051422 2080 224 ) (210.498795 2080 109.499504 ) 
4 44 47 (256.001099 2088 -93.414085 ) (256.001129 2080 -93.414131 ) (301.501465 2080 18.501595 ) (301.501434 2088 18.501575 ) 
4 44 45 (320 2080 64 ) (363.846802 2080 171.850266 ) (363.846741 2088 171.850250 ) (320 2088 64 ) 
5 44 49 (256 2080 -93.415695 ) (374.144714 2080 -384 ) (384 2080 -384 ) (384 2080 180.043945 ) (363.847595 2080 171.850113 ) 
4 45 46 (301.502502 2080 109.494553 ) (288.590057 2080 141.252502 ) (288.590057 2088 141.252502 ) (301.502502 2088 109.494545 ) 
3 45 49 (320 2080 64 ) (363.847595 2080 171.850113 ) (288.589996 2080 141.250870 ) 
3 46 49 (301.501953 2080 109.494766 ) (288.589996 2080 141.250870 ) (255.996796 2080 127.998688 ) 
4 47 48 (223.408142 2088 -13.250937 ) (223.408142 2080 -13.250937 ) (255.998260 2080 0 ) (255.998260 2088 0 ) 
3 47 49 (223.408630 2080 -13.252136 ) (256 2080 -93.415695 ) (301.502258 2080 18.501907 ) 
3 48 49 (210.498901 2080 18.500431 ) (223.408630 2080 -13.252136 ) (256 2080 0 ) 
4 49 62 (384 2048 224 ) (128 2048 224 ) (128 2048 -384 ) (384 2048 -384 ) 
4 49 51 (128 2080 -384 ) (128 2048 -384 ) (128 2048 224 ) (128 2080 224 ) 
4 50 51 (128 2488 -384 ) (128 2488 -448 ) (128 2240 -448 ) (128 2240 -384 ) 
4 51 62 (128 2048 224 ) (0 2048 224 ) (0 2048 -448 ) (128 2048 -448 ) 
4 51 58 (0 2048 -448 ) (0 2048 224 ) (0 2488 224 ) (0 2488 -448 ) 
4 52 54 (0 2560 256 ) (0 2560 704 ) (-160 2560 704 ) (-160 2560 256 ) 
4 53 74 (0 2048 704 ) (0 2048 768 ) (-160 2048 768 ) (-160 2048 704 ) 
4 53 60 (-160 2048 704 ) (-160 2048 768 ) (-160 2480 768 ) (-160 2480 704 ) 
4 53 56 (-160 2048 704 ) (-160 2480 704 ) (0 2480 704 ) (0 2048 704 ) 
4 54 55 (-160 2528 256 ) (0 2528 256 ) (0 2528 704 ) (-160 2528 704 ) 
4 55 56 (-160 2496 256 ) (0 2496 256 ) (0 2496 704 ) (-160 2496 704 ) 
4 56 74 (0 2048 256 ) (0 2048 704 ) (-160 2048 704 ) (-160 2048 256 ) 
4 56 60 (-160 2048 256 ) (-160 2048 704 ) (-160 2480 704 ) (-160 2480 256 ) 
4 56 57 (0 2048 256 ) (-160 2048 256 ) (-160 2480 256 ) (0 2480 256 ) 
4 57 74 (0 2048 224 ) (0 2048 256 ) (-160 2048 256 ) (-160 2048 224 ) 
4 57 60 (-160 2048 224 ) (-160 2048 256 ) (-160 2480 256 ) (-160 2480 224 ) 
4 57 58 (0 2048 224 ) (-160 2048 224 ) (-160 2480 224 ) (0 2480 224 ) 
4 58 74 (0 2048 -448 ) (0 2048 224 ) (-160 2048 224 ) (-160 2048 -448 ) 
4 58 60 (-160 2048 -448 ) (-160 2048 224 ) (-160 2480 224 ) (-160 2480 -448 ) 
4 58 59 (-160 2480 224 ) (-160 2496 224 ) (-160 2496 -448 ) (-160 2480 -448 ) 
4 59 60 (-208 2480 -448 ) (-160 2480 -448 ) (-160 2480 224 ) (-208 2480 224 ) 
4 60 74 (-160 2048 -448 ) (-160 2048 768 ) (-512 2048 768 ) (-512 2048 -448 ) 
4 61 73 (0 1196.307617 768 ) (0 1024 768 ) (0 1024 1664 ) (0 1196.307617 1664 ) 
4 61 71 (0 1024 1152 ) (0 1024 768 ) (176 1024 768 ) (176 1024 1152 ) 
4 61 70 (176 1024 768 ) (336 1024 768 ) (336 1024 1152 ) (176 1024 1152 ) 
4 61 69 (336 1024 768 ) (595.582153 1024 768 ) (595.582153 1024 1152 ) (336 1024 1152 ) 
4 61 68 (176 1024 1664 ) (0 1024 1664 ) (0 1024 1152 ) (176 1024 1152 ) 
4 61 66 (176 1024 1280 ) (176 1024 1152 ) (336 1024 1152 ) (336 1024 1280 ) 
4 61 65 (336 1024 1664 ) (176 1024 1664 ) (176 1024 1280 ) (336 1024 1280 ) 
4 61 64 (336 1024 1280 ) (336 1024 1152 ) (595.582153 1024 1152 ) (595.582153 1024 1280 ) 
4 61 63 (595.582153 1024 1664 ) (336 1024 1664 ) (336 1024 1280 ) (595.582153 1024 1280 ) 
9 61 62 (0 1024 768 ) (0 1196.307617 768 ) (8 1208 768 ) (122 1286 768 ) (256 1312 768 ) (390 1286 768 ) (504 1208 768 ) (582 1094 768 ) (595.582153 1024 768 ) 
4 62 74 (0 2048 768 ) (0 2048 -448 ) (0 1024 -448 ) (0 1024 768 ) 
4 62 72 (1024 1024 -448 ) (1024 1024 768 ) (0 1024 768 ) (0 1024 -448 ) 
4 63 65 (336 623.522400 1664 ) (336 1024 1664 ) (336 1024 1280 ) (336 623.522400 1280 ) 
7 63 64 (595.583069 1024 1280 ) (608 960 1280 ) (582.001343 826.001953 1280 ) (504 712 1280 ) (390 634 1280 ) (336 623.522400 1280 ) (336 1024 1280 ) 
7 64 69 (336 1024 1152 ) (595.582092 1024 1152 ) (608 960 1152 ) (582 826 1152 ) (504 712 1152 ) (390 634 1152 ) (336 623.523010 1152 ) 
4 64 66 (336 1024 1152 ) (336 623.523071 1152 ) (336 623.523010 1280 ) (336 1024 1280 ) 
4 65 68 (176 623.522339 1664 ) (176 1024 1664 ) (176 1024 1280 ) (176 623.522339 1280 ) 
5 65 66 (176 623.522339 1280 ) (176 1024 1280 ) (336 1024 1280 ) (336 623.522461 1280 ) (256 608 1280 ) 
5 66 70 (176 1024 1152 ) (336 1024 1152 ) (336 623.522461 1152 ) (256 608 1152 ) (176 623.522400 1152 ) 
4 66 68 (176 1024 1152 ) (176 623.522400 1152 ) (176 623.522400 1280 ) (176 1024 1280 ) 
4 66 67 (336 264 1152 ) (336 264 1280 ) (176 264 1280 ) (176 264 1152 ) 
4 68 75 (0 723.692322 1664 ) (0 1024 1664 ) (0 1024 1152 ) (0 723.692322 1152 ) 
6 68 71 (0 723.692322 1152 ) (0 1024 1152 ) (176 1024 1152 ) (176 623.522461 1152 ) (122 634 1152 ) (8 712 1152 ) 
7 69 72 (336 1024 768 ) (595.582092 1024 768 ) (608 960 768 ) (582 826 768 ) (504 712 768 ) (390 634 768 ) (336 623.523010 768 ) 
4 69 70 (336 1024 768 ) (336 623.523071 768 ) (336 623.523010 1152 ) (336 1024 1152 ) 
5 70 72 (176 1024 768 ) (336 1024 768 ) (336 623.522461 768 ) (256 608 768 ) (176 623.522400 768 ) 
4 70 71 (176 1024 768 ) (176 623.522461 768 ) (176 623.522400 1152 ) (176 1024 1152 ) 
4 71 75 (0 723.692261 1152 ) (0 1024 1152 ) (0 1024 768 ) (0 723.692261 768 ) 
6 71 72 (0 723.692261 768 ) (0 1024 768 ) (176 1024 768 ) (176 623.522339 768 ) (122 634 768 ) (8 712 768 ) 
4 72 78 (1024 0 -448 ) (1024 0 768 ) (0 0 768 ) (0 0 -448 ) 
4 72 77 (0 0 -448 ) (0 0 768 ) (0 512 768 ) (0 512 -448 ) 
4 72 76 (0 512 768 ) (0 1024 768 ) (0 1024 -448 ) (0 512 -448 ) 
4 73 75 (0 1024 768 ) (0 1024 1664 ) (-83.582092 1024 1664 ) (-83.582092 1024 768 ) 
4 73 74 (0 1024 768 ) (-83.582092 1024 768 ) (-70 1094 768 ) (0 1196.307739 768 ) 
4 74 76 (0 1024 -448 ) (0 1024 768 ) (-512 1024 768 ) (-512 1024 -448 ) 
5 75 76 (-83.582100 1024 768 ) (0 1024 768 ) (0 723.692261 768 ) (-70 826 768 ) (-96 960 768 ) 
4 76 77 (0 512 768 ) (-512 512 768 ) (-512 512 -448 ) (0 512 -448 ) 
4 77 80 (0 0 -448 ) (0 0 768 ) (-896 0 768 ) (-896 0 -448 ) 
4 78 80 (0 -512 -448 ) (0 -512 768 ) (0 0 768 ) (0 0 -448 ) 
4 78 79 (0 -512 -320 ) (0 -512 -448 ) (64 -512 -448 ) (64 -512 -320 ) 
4 79 81 (0 -1024 -448 ) (0 -1024 -320 ) (0 -512 -320 ) (0 -512 -448 ) 
4 80 81 (0 -512 -448 ) (0 -512 -320 ) (-64 -512 -320 ) (-64 -512 -448 ) 
