PRT1
16
24
4 0 2 (1792 0 1088 ) (1024 0 1088 ) (1024 0 -640 ) (1792 0 -640 ) 
4 0 1 (1024 0 -640 ) (1024 0 1088 ) (1024 704 1088 ) (1024 704 -640 ) 
4 1 4 (0 0 -640 ) (0 0 1088 ) (0 704 1088 ) (0 704 -640 ) 
4 1 3 (1024 0 -640 ) (1024 0 1088 ) (0 0 1088 ) (0 0 -640 ) 
4 2 8 (1792 -1024 1088 ) (1024 -1024 1088 ) (1024 -1024 -640 ) (1792 -1024 -640 ) 
4 2 3 (1024 0 1088 ) (1024 0 -640 ) (1024 -1024 -640 ) (1024 -1024 1088 ) 
4 3 9 (1024 -1024 -640 ) (1024 -1024 1088 ) (0 -1024 1088 ) (0 -1024 -640 ) 
4 3 5 (0 -1024 -640 ) (0 -1024 1088 ) (0 0 1088 ) (0 0 -640 ) 
4 4 6 (-1024 0 -640 ) (-1024 0 1088 ) (-1024 704 1088 ) (-1024 704 -640 ) 
4 4 5 (0 0 -640 ) (0 0 1088 ) (-1024 0 1088 ) (-1024 0 -640 ) 
4 5 12 (0 -1024 -640 ) (0 -1024 1088 ) (-1024 -1024 1088 ) (-1024 -1024 -640 ) 
4 5 7 (-1024 -1024 -640 ) (-1024 -1024 1088 ) (-1024 0 1088 ) (-1024 0 -640 ) 
4 6 7 (-1024 0 -640 ) (-1024 0 1088 ) (-1792 0 1088 ) (-1792 0 -640 ) 
4 7 13 (-1024 -1024 -640 ) (-1024 -1024 1088 ) (-1792 -1024 1088 ) (-1792 -1024 -640 ) 
4 8 10 (1792 -2048 1088 ) (1024 -2048 1088 ) (1024 -2048 -640 ) (1792 -2048 -640 ) 
4 8 9 (1024 -2048 -640 ) (1024 -2048 1088 ) (1024 -1024 1088 ) (1024 -1024 -640 ) 
4 9 12 (0 -1024 1088 ) (0 -1024 -640 ) (0 -2048 -640 ) (0 -2048 1088 ) 
4 9 11 (1024 -2048 -640 ) (1024 -2048 1088 ) (0 -2048 1088 ) (0 -2048 -640 ) 
4 10 11 (1024 -2048 1088 ) (1024 -2048 -640 ) (1024 -2624 -640 ) (1024 -2624 1088 ) 
4 11 14 (0 -2624 1088 ) (0 -2048 1088 ) (0 -2048 -640 ) (0 -2624 -640 ) 
4 12 14 (0 -2048 -640 ) (0 -2048 1088 ) (-1024 -2048 1088 ) (-1024 -2048 -640 ) 
4 12 13 (-1024 -1024 1088 ) (-1024 -1024 -640 ) (-1024 -2048 -640 ) (-1024 -2048 1088 ) 
4 13 15 (-1024 -2048 -640 ) (-1024 -2048 1088 ) (-1792 -2048 1088 ) (-1792 -2048 -640 ) 
4 14 15 (-1024 -2048 1088 ) (-1024 -2048 -640 ) (-1024 -2624 -640 ) (-1024 -2624 1088 ) 
