PRT1
22
68
4 0 3 (320 0 1088 ) (0 0 1088 ) (0 0 256 ) (320 0 256 ) 
4 0 1 (0 0 256 ) (0 0 1088 ) (0 192 1088 ) (0 192 256 ) 
4 1 17 (-768 0 512 ) (-1024 0 512 ) (-1024 0 256 ) (-768 0 256 ) 
4 1 14 (-256 0 512 ) (-512 0 512 ) (-512 0 256 ) (-256 0 256 ) 
4 1 13 (0 0 256 ) (0 0 512 ) (-256 0 512 ) (-256 0 256 ) 
4 1 16 (-512 0 512 ) (-768 0 512 ) (-768 0 256 ) (-512 0 256 ) 
4 1 10 (-768 0 1024 ) (-1024 0 1024 ) (-1024 0 768 ) (-768 0 768 ) 
4 1 9 (-512 0 1024 ) (-768 0 1024 ) (-768 0 768 ) (-512 0 768 ) 
4 1 7 (-256 0 1024 ) (-512 0 1024 ) (-512 0 768 ) (-256 0 768 ) 
4 1 6 (0 0 768 ) (0 0 1024 ) (-256 0 1024 ) (-256 0 768 ) 
4 1 12 (0 0 512 ) (0 0 768 ) (-1024 0 768 ) (-1024 0 512 ) 
4 1 5 (0 0 1024 ) (0 0 1088 ) (-1024 0 1088 ) (-1024 0 1024 ) 
4 1 2 (-1024 0 256 ) (-1024 0 1088 ) (-1024 192 1088 ) (-1024 192 256 ) 
4 2 19 (-1024 0 256 ) (-1024 0 1088 ) (-1856 0 1088 ) (-1856 0 256 ) 
4 3 13 (0 0 512 ) (0 0 256 ) (0 -1024 256 ) (0 -1024 512 ) 
4 3 6 (0 0 1024 ) (0 0 768 ) (0 -1024 768 ) (0 -1024 1024 ) 
4 3 12 (0 0 768 ) (0 0 512 ) (0 -1024 512 ) (0 -1024 768 ) 
4 3 5 (0 0 1088 ) (0 0 1024 ) (0 -1024 1024 ) (0 -1024 1088 ) 
4 3 4 (320 -1024 1088 ) (0 -1024 1088 ) (0 -1024 256 ) (320 -1024 256 ) 
4 4 20 (0 -1984 1088 ) (0 -1024 1088 ) (0 -1024 256 ) (0 -1984 256 ) 
4 5 20 (0 -1024 1024 ) (0 -1024 1088 ) (-1024 -1024 1088 ) (-1024 -1024 1024 ) 
4 5 19 (-1024 0 1088 ) (-1024 0 1024 ) (-1024 -1024 1024 ) (-1024 -1024 1088 ) 
4 5 10 (-1024 -256 1024 ) (-1024 0 1024 ) (-768 0 1024 ) (-768 -256 1024 ) 
4 5 11 (-1024 -1024 1024 ) (-1024 -768 1024 ) (-768 -768 1024 ) (-768 -1024 1024 ) 
4 5 9 (-768 0 1024 ) (-512 0 1024 ) (-512 -1024 1024 ) (-768 -1024 1024 ) 
4 5 7 (-512 0 1024 ) (-256 0 1024 ) (-256 -256 1024 ) (-512 -256 1024 ) 
4 5 8 (-256 -768 1024 ) (-256 -1024 1024 ) (-512 -1024 1024 ) (-512 -768 1024 ) 
4 5 6 (-256 0 1024 ) (0 0 1024 ) (0 -1024 1024 ) (-256 -1024 1024 ) 
4 6 20 (0 -1024 768 ) (0 -1024 1024 ) (-256 -1024 1024 ) (-256 -1024 768 ) 
4 6 7 (-256 0 768 ) (-256 -256 768 ) (-256 -256 1024 ) (-256 0 1024 ) 
4 6 8 (-256 -768 768 ) (-256 -1024 768 ) (-256 -1024 1024 ) (-256 -768 1024 ) 
4 6 12 (0 -1024 768 ) (-256 -1024 768 ) (-256 0 768 ) (0 0 768 ) 
4 7 9 (-512 0 768 ) (-512 -256 768 ) (-512 -256 1024 ) (-512 0 1024 ) 
4 7 12 (-512 -256 768 ) (-512 0 768 ) (-256 0 768 ) (-256 -256 768 ) 
4 8 20 (-256 -1024 1024 ) (-512 -1024 1024 ) (-512 -1024 768 ) (-256 -1024 768 ) 
4 8 9 (-512 -768 768 ) (-512 -1024 768 ) (-512 -1024 1024 ) (-512 -768 1024 ) 
4 8 12 (-256 -1024 768 ) (-512 -1024 768 ) (-512 -768 768 ) (-256 -768 768 ) 
4 9 20 (-512 -1024 1024 ) (-768 -1024 1024 ) (-768 -1024 768 ) (-512 -1024 768 ) 
4 9 10 (-768 0 768 ) (-768 -256 768 ) (-768 -256 1024 ) (-768 0 1024 ) 
4 9 11 (-768 -768 768 ) (-768 -1024 768 ) (-768 -1024 1024 ) (-768 -768 1024 ) 
4 9 12 (-512 -1024 768 ) (-768 -1024 768 ) (-768 0 768 ) (-512 0 768 ) 
4 10 19 (-1024 0 1024 ) (-1024 0 768 ) (-1024 -256 768 ) (-1024 -256 1024 ) 
4 10 12 (-1024 -256 768 ) (-1024 0 768 ) (-768 0 768 ) (-768 -256 768 ) 
4 11 20 (-768 -1024 1024 ) (-1024 -1024 1024 ) (-1024 -1024 768 ) (-768 -1024 768 ) 
4 11 19 (-1024 -768 768 ) (-1024 -1024 768 ) (-1024 -1024 1024 ) (-1024 -768 1024 ) 
4 11 12 (-768 -1024 768 ) (-1024 -1024 768 ) (-1024 -768 768 ) (-768 -768 768 ) 
4 12 20 (0 -1024 512 ) (0 -1024 768 ) (-1024 -1024 768 ) (-1024 -1024 512 ) 
4 12 19 (-1024 0 768 ) (-1024 0 512 ) (-1024 -1024 512 ) (-1024 -1024 768 ) 
4 12 17 (-1024 -256 512 ) (-1024 0 512 ) (-768 0 512 ) (-768 -256 512 ) 
4 12 18 (-768 -1024 512 ) (-1024 -1024 512 ) (-1024 -768 512 ) (-768 -768 512 ) 
4 12 14 (-512 -256 512 ) (-512 0 512 ) (-256 0 512 ) (-256 -256 512 ) 
4 12 15 (-256 -1024 512 ) (-512 -1024 512 ) (-512 -768 512 ) (-256 -768 512 ) 
4 12 13 (0 -1024 512 ) (-256 -1024 512 ) (-256 0 512 ) (0 0 512 ) 
4 12 16 (-512 -1024 512 ) (-768 -1024 512 ) (-768 0 512 ) (-512 0 512 ) 
4 13 20 (0 -1024 256 ) (0 -1024 512 ) (-256 -1024 512 ) (-256 -1024 256 ) 
4 13 14 (-256 0 256 ) (-256 -256 256 ) (-256 -256 512 ) (-256 0 512 ) 
4 13 15 (-256 -768 256 ) (-256 -1024 256 ) (-256 -1024 512 ) (-256 -768 512 ) 
4 14 16 (-512 0 256 ) (-512 -256 256 ) (-512 -256 512 ) (-512 0 512 ) 
4 15 20 (-256 -1024 512 ) (-512 -1024 512 ) (-512 -1024 256 ) (-256 -1024 256 ) 
4 15 16 (-512 -768 256 ) (-512 -1024 256 ) (-512 -1024 512 ) (-512 -768 512 ) 
4 16 20 (-512 -1024 512 ) (-768 -1024 512 ) (-768 -1024 256 ) (-512 -1024 256 ) 
4 16 17 (-768 0 256 ) (-768 -256 256 ) (-768 -256 512 ) (-768 0 512 ) 
4 16 18 (-768 -768 256 ) (-768 -1024 256 ) (-768 -1024 512 ) (-768 -768 512 ) 
4 17 19 (-1024 0 512 ) (-1024 0 256 ) (-1024 -256 256 ) (-1024 -256 512 ) 
4 18 20 (-768 -1024 512 ) (-1024 -1024 512 ) (-1024 -1024 256 ) (-768 -1024 256 ) 
4 18 19 (-1024 -768 256 ) (-1024 -1024 256 ) (-1024 -1024 512 ) (-1024 -768 512 ) 
4 19 21 (-1024 -1024 256 ) (-1024 -1024 1088 ) (-1856 -1024 1088 ) (-1856 -1024 256 ) 
4 20 21 (-1024 -1024 1088 ) (-1024 -1024 256 ) (-1024 -1984 256 ) (-1024 -1984 1088 ) 
