PRT1
38
104
4 1 14 (0 -2928 3304 ) (0 -2928 3552 ) (0 -2912 3552 ) (0 -2912 3304 ) 
4 1 3 (0 -2928 3552 ) (0 -2928 3304 ) (48 -2928 3304 ) (48 -2928 3552 ) 
4 1 2 (48 -2928 3304 ) (1024 -2928 3304 ) (1024 -2928 3552 ) (48 -2928 3552 ) 
4 2 13 (48 -3072 2112 ) (1024 -3072 2112 ) (1024 -3072 3552 ) (48 -3072 3552 ) 
4 2 11 (288 -2960 2112 ) (288 -3072 2112 ) (48 -3072 2112 ) (48 -2960 2112 ) 
4 2 10 (288 -2928 2112 ) (1024 -2928 2112 ) (1024 -3072 2112 ) (288 -3072 2112 ) 
4 2 7 (48 -2952 2442 ) (48 -2952 2448.615234 ) (48 -2944 2448.613281 ) (48 -2944 2442 ) 
4 2 6 (48 -2952 2448.615234 ) (48 -2952 2464.654541 ) (48 -2944 2464.654785 ) (48 -2944 2448.613281 ) 
4 2 5 (48 -2952 2328 ) (48 -2952 2388.439697 ) (48 -2944 2388.439697 ) (48 -2944 2328 ) 
4 2 4 (48 -2952 2464.654541 ) (48 -2952 3552 ) (48 -2944 3552 ) (48 -2944 2464.654785 ) 
4 2 8 (48 -2944 2112 ) (48 -2952 2112 ) (48 -2952 2328 ) (48 -2944 2328 ) 
4 2 3 (48 -2928 2112 ) (48 -2944 2112 ) (48 -2944 3552 ) (48 -2928 3552 ) 
4 2 9 (48 -2952 2112 ) (48 -3072 2112 ) (48 -3072 3552 ) (48 -2952 3552 ) 
4 3 15 (0 -2928 3304 ) (0 -2928 2112 ) (0 -2944 2112 ) (0 -2944 3304 ) 
4 3 14 (0 -2944 3552 ) (0 -2928 3552 ) (0 -2928 3304 ) (0 -2944 3304 ) 
3 3 7 (48 -2944 2442 ) (48 -2944 2448.613281 ) (33.668945 -2944 2456.329346 ) 
3 3 6 (48 -2944 2448.613281 ) (48 -2944 2464.654785 ) (10.447849 -2944 2468.831787 ) 
3 3 5 (48 -2944 2328 ) (48 -2944 2388.439697 ) (16 -2944 2328 ) 
4 3 4 (48 -2944 2464.654785 ) (48 -2944 3552 ) (0 -2944 3552 ) (0 -2944 2469.993896 ) 
4 3 8 (0 -2944 2112 ) (48 -2944 2112 ) (48 -2944 2328 ) (0 -2944 2328 ) 
4 4 17 (0 -2944 3304 ) (0 -2944 2469.993896 ) (0 -2952 2469.993652 ) (0 -2952 3304 ) 
4 4 14 (0 -2952 3552 ) (0 -2944 3552 ) (0 -2944 3304 ) (0 -2952 3304 ) 
4 4 6 (10.449147 -2944 2468.831055 ) (48 -2944 2464.654297 ) (48 -2952 2464.654541 ) (10.453041 -2952 2468.831055 ) 
4 4 9 (48 -2952 2464.654541 ) (48 -2952 3552 ) (0 -2952 3552 ) (0 -2952 2469.993652 ) 
3 5 9 (48 -2952 2328 ) (48 -2952 2388.439697 ) (16 -2952 2328 ) 
4 5 8 (48 -2952 2328 ) (16 -2952 2328 ) (16 -2944 2328 ) (48 -2944 2328 ) 
4 6 7 (33.667774 -2944 2456.330322 ) (48 -2944 2448.613525 ) (48 -2952 2448.615479 ) (33.663651 -2952 2456.334473 ) 
3 6 9 (48 -2952 2448.615234 ) (48 -2952 2464.654541 ) (10.453041 -2952 2468.831055 ) 
3 7 9 (48 -2952 2442 ) (48 -2952 2448.615234 ) (33.664440 -2952 2456.333740 ) 
4 8 24 (0 -2944 2328 ) (0 -2944 2112 ) (0 -2952 2112 ) (0 -2952 2328 ) 
4 8 9 (0 -2952 2112 ) (48 -2952 2112 ) (48 -2952 2328 ) (0 -2952 2328 ) 
4 9 25 (0 -3072 2112 ) (0 -3072 3304 ) (0 -2952 3304 ) (0 -2952 2112 ) 
4 9 14 (0 -3072 3304 ) (0 -3072 3552 ) (0 -2952 3552 ) (0 -2952 3304 ) 
4 9 13 (0 -3072 3552 ) (0 -3072 2112 ) (48 -3072 2112 ) (48 -3072 3552 ) 
4 9 11 (0 -3072 2112 ) (0 -2960 2112 ) (48 -2960 2112 ) (48 -3072 2112 ) 
4 10 13 (288 -3072 2080 ) (1024 -3072 2080 ) (1024 -3072 2112 ) (288 -3072 2112 ) 
4 10 12 (1024 -3072 2080 ) (288 -3072 2080 ) (288 -2928 2080 ) (1024 -2928 2080 ) 
4 10 11 (288 -2960 2080 ) (288 -3072 2080 ) (288 -3072 2112 ) (288 -2960 2112 ) 
4 11 27 (0 -3072 2080 ) (0 -3072 2112 ) (0 -2960 2112 ) (0 -2960 2080 ) 
4 11 13 (0 -3072 2112 ) (0 -3072 2080 ) (288 -3072 2080 ) (288 -3072 2112 ) 
4 11 12 (288 -3072 2080 ) (0 -3072 2080 ) (0 -2960 2080 ) (288 -2960 2080 ) 
4 12 26 (0 -2960 2080 ) (0 -2928 2080 ) (0 -2928 1288 ) (0 -2960 1288 ) 
4 12 27 (0 -3072 1288 ) (0 -3072 2080 ) (0 -2960 2080 ) (0 -2960 1288 ) 
4 12 13 (0 -3072 2080 ) (0 -3072 1288 ) (1024 -3072 1288 ) (1024 -3072 2080 ) 
4 13 30 (1024 -4096 1288 ) (1024 -4096 3552 ) (0 -4096 3552 ) (0 -4096 1288 ) 
4 13 29 (0 -4096 1288 ) (0 -4096 3552 ) (0 -3072 3552 ) (0 -3072 1288 ) 
4 14 29 (0 -3072 3304 ) (0 -3072 3552 ) (-1024 -3072 3552 ) (-1024 -3072 3304 ) 
4 14 17 (-642.858032 -2944 3304 ) (0 -2944 3304 ) (0 -2952 3304 ) (-642.858337 -2952 3304 ) 
4 14 16 (-1024 -2952 3304 ) (-1024 -2944 3304 ) (-642.858032 -2944 3304 ) (-642.858337 -2952 3304 ) 
4 14 15 (-1024 -2944 3304 ) (-1024 -2928 3304 ) (0 -2928 3304 ) (0 -2944 3304 ) 
4 14 25 (-1024 -3072 3304 ) (-1024 -2952 3304 ) (0 -2952 3304 ) (0 -3072 3304 ) 
4 15 28 (-1024 -2944 2112 ) (-1024 -2928 2112 ) (-288 -2928 2112 ) (-288 -2944 2112 ) 
3 15 23 (-1.448760 -2944 2470.155029 ) (-6.540849 -2944 2470.721436 ) (-15.989603 -2944 2466 ) 
3 15 22 (-6.540849 -2944 2470.721436 ) (-11.998779 -2944 2471.328613 ) (-32 -2944 2458 ) 
3 15 21 (-38.002647 -2944 2454 ) (-39.526253 -2944 2452.984375 ) (-39.998856 -2944 2450.007324 ) 
3 15 20 (-39.526253 -2944 2452.984375 ) (-44.850655 -2944 2449.436279 ) (-42.857647 -2944 2431.998535 ) 
3 15 19 (-11.998779 -2944 2471.328613 ) (-47.807987 -2944 2475.311523 ) (-44.850655 -2944 2449.436279 ) 
3 15 18 (-47.807987 -2944 2475.311523 ) (-111.285461 -2944 2482.372314 ) (-35.168404 -2944 2364.721680 ) 
4 15 17 (0 -2944 2469.993896 ) (0 -2944 3304 ) (-642.858032 -2944 3304 ) (-111.285461 -2944 2482.372314 ) 
4 15 16 (-642.858032 -2944 3304 ) (-1024 -2944 3304 ) (-1024 -2944 2328 ) (-11.410400 -2944 2328 ) 
4 15 24 (-1024 -2944 2112 ) (0 -2944 2112 ) (0 -2944 2328 ) (-1024 -2944 2328 ) 
4 16 18 (-111.284058 -2952 2482.371826 ) (-35.168709 -2952 2364.723389 ) (-35.168655 -2944 2364.723877 ) (-111.284348 -2944 2482.372314 ) 
4 16 17 (-642.855469 -2952 3304 ) (-111.284058 -2952 2482.371826 ) (-111.284348 -2944 2482.372314 ) (-642.856750 -2944 3304 ) 
4 16 24 (-11.410695 -2952 2328 ) (-1024 -2952 2328 ) (-1024 -2944 2328 ) (-11.410400 -2944 2328 ) 
4 16 25 (-642.858337 -2952 3304 ) (-1024 -2952 3304 ) (-1024 -2952 2328 ) (-11.410706 -2952 2328 ) 
4 17 23 (-6.540436 -2944 2470.721924 ) (-1.447390 -2944 2470.155273 ) (-1.455713 -2952 2470.155762 ) (-6.553267 -2952 2470.722900 ) 
4 17 22 (-11.997948 -2944 2471.328857 ) (-6.540436 -2944 2470.721924 ) (-6.553267 -2952 2470.722900 ) (-11.996824 -2952 2471.328369 ) 
4 17 19 (-47.808052 -2944 2475.312256 ) (-11.997948 -2944 2471.328857 ) (-11.996824 -2952 2471.328369 ) (-47.808086 -2952 2475.311768 ) 
4 17 18 (-111.284729 -2952 2482.372314 ) (-111.284683 -2944 2482.372803 ) (-47.808052 -2944 2475.312256 ) (-47.808086 -2952 2475.311768 ) 
4 17 25 (0 -2952 2469.993652 ) (0 -2952 3304 ) (-642.858337 -2952 3304 ) (-111.285645 -2952 2482.372070 ) 
4 18 20 (-42.857758 -2944 2431.997803 ) (-44.850838 -2944 2449.436279 ) (-44.850761 -2952 2449.434570 ) (-42.857822 -2952 2431.997314 ) 
4 18 19 (-44.850838 -2944 2449.436279 ) (-47.808067 -2944 2475.310547 ) (-47.808121 -2952 2475.310059 ) (-44.850761 -2952 2449.434570 ) 
3 18 25 (-47.808052 -2952 2475.311279 ) (-111.285645 -2952 2482.372070 ) (-35.168465 -2952 2364.721191 ) 
4 19 22 (-32.007160 -2944 2457.996094 ) (-12.002568 -2944 2471.327393 ) (-12 -2952 2471.326904 ) (-31.952454 -2952 2458.031006 ) 
4 19 21 (-39.526035 -2944 2452.985596 ) (-38.001991 -2944 2454.001221 ) (-38 -2952 2454.001221 ) (-39.526360 -2952 2452.983643 ) 
4 19 20 (-44.847767 -2952 2449.437500 ) (-44.847851 -2944 2449.439209 ) (-39.526035 -2944 2452.985596 ) (-39.526360 -2952 2452.983643 ) 
3 19 25 (-11.996909 -2952 2471.328125 ) (-47.808052 -2952 2475.311279 ) (-44.850567 -2952 2449.434814 ) 
4 20 21 (-39.998966 -2944 2450.007080 ) (-39.527229 -2944 2452.979004 ) (-39.527523 -2952 2452.977051 ) (-40 -2952 2450 ) 
3 20 25 (-39.526493 -2952 2452.982666 ) (-44.850567 -2952 2449.434814 ) (-42.857685 -2952 2431.998047 ) 
3 21 25 (-38 -2952 2454 ) (-39.526493 -2952 2452.982666 ) (-40 -2952 2450 ) 
4 22 23 (-15.991644 -2944 2466 ) (-6.541634 -2944 2470.721436 ) (-6.554498 -2952 2470.722412 ) (-16.013273 -2952 2465.996094 ) 
3 22 25 (-6.553760 -2952 2470.722656 ) (-11.996909 -2952 2471.328125 ) (-31.946648 -2952 2458.033936 ) 
3 23 25 (-1.456462 -2952 2470.155762 ) (-6.553760 -2952 2470.722656 ) (-16.011852 -2952 2465.996582 ) 
4 24 28 (-1024 -2952 2112 ) (-1024 -2944 2112 ) (-288 -2944 2112 ) (-288 -2952 2112 ) 
4 24 25 (-1024 -2952 2112 ) (0 -2952 2112 ) (0 -2952 2328 ) (-1024 -2952 2328 ) 
4 25 29 (0 -3072 2112 ) (0 -3072 3304 ) (-1024 -3072 3304 ) (-1024 -3072 2112 ) 
4 25 27 (0 -2960 2112 ) (0 -3072 2112 ) (-288 -3072 2112 ) (-288 -2960 2112 ) 
4 25 28 (-1024 -3072 2112 ) (-1024 -2952 2112 ) (-288 -2952 2112 ) (-288 -3072 2112 ) 
4 26 27 (-288 -2960 2080 ) (-288 -2960 1288 ) (0 -2960 1288 ) (0 -2960 2080 ) 
4 26 28 (-288 -2928 1288 ) (-288 -2960 1288 ) (-288 -2960 2080 ) (-288 -2928 2080 ) 
4 27 29 (0 -3072 1288 ) (0 -3072 2112 ) (-288 -3072 2112 ) (-288 -3072 1288 ) 
4 27 28 (-288 -2960 1288 ) (-288 -3072 1288 ) (-288 -3072 2112 ) (-288 -2960 2112 ) 
4 28 29 (-288 -3072 2112 ) (-1024 -3072 2112 ) (-1024 -3072 1288 ) (-288 -3072 1288 ) 
4 29 33 (0 -4096 1288 ) (0 -4096 3552 ) (-1024 -4096 3552 ) (-1024 -4096 1288 ) 
4 30 33 (0 -4096 3552 ) (0 -4096 1288 ) (0 -5120 1288 ) (0 -5120 3552 ) 
4 30 31 (1024 -5120 1288 ) (1024 -5120 3552 ) (0 -5120 3552 ) (0 -5120 1288 ) 
4 31 34 (0 -6144 1288 ) (0 -6144 3552 ) (0 -5120 3552 ) (0 -5120 1288 ) 
4 31 32 (0 -6144 3552 ) (0 -6144 1288 ) (1024 -6144 1288 ) (1024 -6144 3552 ) 
4 32 36 (1024 -7168 1288 ) (1024 -7168 3552 ) (0 -7168 3552 ) (0 -7168 1288 ) 
4 32 35 (0 -7168 1288 ) (0 -7168 3552 ) (0 -6144 3552 ) (0 -6144 1288 ) 
4 33 34 (0 -5120 1288 ) (0 -5120 3552 ) (-1024 -5120 3552 ) (-1024 -5120 1288 ) 
4 34 35 (0 -6144 1288 ) (0 -6144 3552 ) (-1024 -6144 3552 ) (-1024 -6144 1288 ) 
4 35 37 (0 -7168 1288 ) (0 -7168 3552 ) (-1024 -7168 3552 ) (-1024 -7168 1288 ) 
4 36 37 (0 -7168 3552 ) (0 -7168 1288 ) (0 -8192 1288 ) (0 -8192 3552 ) 
