PRT1
16
20
4 0 3 (128 192 224 ) (128 128 224 ) (128 128 320 ) (128 192 320 ) 
4 1 4 (0 512 64 ) (0 512 160 ) (0 608 160 ) (0 608 64 ) 
4 1 2 (0 512 160 ) (0 512 64 ) (32 512 64 ) (32 512 160 ) 
4 2 9 (0 416 64 ) (0 416 224 ) (0 512 224 ) (0 512 64 ) 
4 2 3 (128 416 64 ) (128 416 224 ) (0 416 224 ) (0 416 64 ) 
4 3 12 (128 0 64 ) (128 0 416 ) (0 0 496 ) (0 0 64 ) 
4 3 10 (0 0 64 ) (0 0 496 ) (0 416 496 ) (0 416 64 ) 
4 4 9 (0 512 64 ) (0 512 160 ) (-32 512 160 ) (-32 512 64 ) 
4 5 9 (-320 512 160 ) (-320 512 64 ) (-256 512 64 ) (-256 512 160 ) 
4 6 9 (-512 512 160 ) (-512 512 64 ) (-448 512 64 ) (-448 512 160 ) 
4 7 10 (-160 416 320 ) (-160 416 224 ) (-96 416 224 ) (-96 416 320 ) 
4 7 9 (-96 416 224 ) (-160 416 224 ) (-160 512 224 ) (-96 512 224 ) 
4 8 10 (-416 416 320 ) (-416 416 224 ) (-352 416 224 ) (-352 416 320 ) 
4 8 9 (-352 416 224 ) (-416 416 224 ) (-416 512 224 ) (-352 512 224 ) 
4 9 10 (0 416 64 ) (0 416 224 ) (-512 416 224 ) (-512 416 64 ) 
6 10 13 (0 0 64 ) (0 0 496 ) (-128 0 576 ) (-256 0 576 ) (-512 0 416 ) (-512 0 64 ) 
4 11 12 (128 -96 320 ) (128 -96 224 ) (128 -160 224 ) (128 -160 320 ) 
4 12 13 (0 0 496 ) (0 0 64 ) (0 -384 64 ) (0 -384 496 ) 
4 13 15 (-512 -384 160 ) (-512 -384 64 ) (-448 -384 64 ) (-448 -384 160 ) 
4 13 14 (-320 -384 160 ) (-320 -384 64 ) (-256 -384 64 ) (-256 -384 160 ) 
