PRT1
201
605
4 0 12 (1024 1024 204 ) (1024 1024 -20 ) (1756 1024 -20 ) (1756 1024 204 ) 
4 0 11 (1756 1024 1372 ) (1024 1024 1372 ) (1024 1024 204 ) (1756 1024 204 ) 
4 0 9 (1024 1024 -20 ) (1024 1024 1136 ) (1024 1792 1136 ) (1024 1792 -20 ) 
4 0 8 (1024 1792 1136 ) (1024 1856 1136 ) (1024 1856 -20 ) (1024 1792 -20 ) 
4 0 2 (1024 1024 1136 ) (1024 1024 1372 ) (1024 1792 1372 ) (1024 1792 1136 ) 
4 0 1 (1024 1792 1372 ) (1024 1856 1372 ) (1024 1856 1136 ) (1024 1792 1136 ) 
4 1 48 (0 1856 1136 ) (0 1792 1136 ) (0 1792 1372 ) (0 1856 1372 ) 
4 1 8 (1024 1856 1136 ) (1024 1792 1136 ) (0 1792 1136 ) (0 1856 1136 ) 
5 1 6 (0 1792 1328 ) (0 1792 1136 ) (64 1792 1136 ) (64 1792 1264 ) (45 1792 1309 ) 
4 1 5 (0 1792 1372 ) (0 1792 1360 ) (64 1792 1333.647095 ) (64 1792 1372 ) 
3 1 4 (96 1792 1264 ) (96 1792 1320.470581 ) (68 1792 1332 ) 
4 1 3 (96 1792 1320.470581 ) (96 1792 1372 ) (64 1792 1372 ) (64 1792 1333.647095 ) 
4 1 2 (96 1792 1136 ) (1024 1792 1136 ) (1024 1792 1372 ) (96 1792 1372 ) 
4 2 15 (1024 1024 1136 ) (1024 1024 1372 ) (96 1024 1372 ) (96 1024 1136 ) 
4 2 9 (1024 1792 1136 ) (1024 1024 1136 ) (96 1024 1136 ) (96 1792 1136 ) 
4 2 4 (96 1792 1320.470581 ) (96 1792 1264 ) (96 1024 1264 ) (96 1024 1320.470581 ) 
4 2 3 (96 1024 1372 ) (96 1792 1372 ) (96 1792 1320.470581 ) (96 1024 1320.470581 ) 
4 3 16 (96 1024 1372 ) (64 1024 1372 ) (64 1024 1333.647095 ) (96 1024 1320.470581 ) 
4 3 5 (64 1024 1372 ) (64 1792 1372 ) (64 1792 1333.647095 ) (64 1024 1333.647095 ) 
4 3 4 (68 1792 1332 ) (96 1792 1320.470703 ) (96 1024 1320.470703 ) (68 1024 1332 ) 
3 4 17 (96 1024 1264 ) (96 1024 1320.470581 ) (68 1024 1332 ) 
4 5 49 (0 1024 1360 ) (0 1024 1372 ) (0 1792 1372 ) (0 1792 1360 ) 
4 5 18 (64 1024 1372 ) (0 1024 1372 ) (0 1024 1360 ) (64 1024 1333.647095 ) 
4 6 50 (0 1792 1328 ) (0 1792 1136 ) (0 1760 1136 ) (0 1760 1328 ) 
4 7 51 (0 1024 1136 ) (0 1024 1328 ) (0 1744 1328 ) (0 1744 1136 ) 
5 7 19 (0 1024 1328 ) (0 1024 1136 ) (64 1024 1136 ) (64 1024 1264 ) (45 1024 1309 ) 
4 8 55 (0 1792 1136 ) (0 1856 1136 ) (0 1856 -20 ) (0 1792 -20 ) 
4 8 10 (0 1792 -20 ) (64 1792 -20 ) (64 1792 1104 ) (0 1792 1104 ) 
4 8 9 (64 1792 -20 ) (1024 1792 -20 ) (1024 1792 1136 ) (64 1792 1136 ) 
4 9 22 (1024 1024 -20 ) (1024 1024 1104 ) (64 1024 1104 ) (64 1024 -20 ) 
4 9 20 (1024 1024 1104 ) (1024 1024 1136 ) (64 1024 1136 ) (64 1024 1104 ) 
4 9 10 (64 1792 1104 ) (64 1792 -20 ) (64 1024 -20 ) (64 1024 1104 ) 
4 10 56 (0 1024 -20 ) (0 1024 1104 ) (0 1792 1104 ) (0 1792 -20 ) 
4 10 43 (0 1024 1104 ) (0 1024 -20 ) (20 1024 -20 ) (20 1024 1104 ) 
4 10 22 (20 1024 -20 ) (64 1024 -20 ) (64 1024 1104 ) (20 1024 1104 ) 
4 11 98 (1756 0 1372 ) (1024 0 1372 ) (1024 0 204 ) (1756 0 204 ) 
4 11 41 (1024 507.571259 204 ) (1024 500 204 ) (1024 500 584 ) (1024 507.571259 584 ) 
4 11 33 (1024 710.549438 204 ) (1024 507.571259 204 ) (1024 507.571259 584 ) (1024 710.549438 584 ) 
4 11 29 (1024 872 204 ) (1024 710.549438 204 ) (1024 710.549438 584 ) (1024 872 584 ) 
4 11 27 (1024 904 204 ) (1024 872 204 ) (1024 872 584 ) (1024 904 584 ) 
4 11 25 (1024 440 204 ) (1024 0 204 ) (1024 0 584 ) (1024 440 584 ) 
4 11 24 (1024 500 204 ) (1024 440 204 ) (1024 440 584 ) (1024 500 584 ) 
4 11 23 (1024 0 584 ) (1024 0 1104 ) (1024 904 1104 ) (1024 904 584 ) 
4 11 22 (1024 1024 1104 ) (1024 1024 204 ) (1024 904 204 ) (1024 904 1104 ) 
4 11 20 (1024 1024 1136 ) (1024 1024 1104 ) (1024 0 1104 ) (1024 0 1136 ) 
4 11 15 (1024 1024 1372 ) (1024 1024 1136 ) (1024 0 1136 ) (1024 0 1372 ) 
4 11 14 (1028 440 204 ) (1756 440 204 ) (1756 0 204 ) (1028 0 204 ) 
4 11 13 (1024 440 204 ) (1024 500 204 ) (1028 504 204 ) (1099.679932 440 204 ) 
5 11 12 (1024 507.571381 204 ) (1024 1024 204 ) (1756 1024 204 ) (1756 440 204 ) (1099.679932 440 204 ) 
4 12 33 (1024 710.549438 -20 ) (1024 507.571350 -20 ) (1024 507.571381 204 ) (1024 710.549438 204 ) 
4 12 29 (1024 872 -20 ) (1024 710.549438 -20 ) (1024 710.549438 204 ) (1024 872 204 ) 
4 12 28 (1024 904 -20 ) (1024 872 -20 ) (1024 872 204 ) (1024 904 204 ) 
4 12 22 (1024 1024 204 ) (1024 1024 -20 ) (1024 904 -20 ) (1024 904 204 ) 
4 12 14 (1099.679932 440 -20 ) (1756 440 -20 ) (1756 440 204 ) (1099.679932 440 204 ) 
4 12 13 (1027.997437 503.997375 -20 ) (1099.675781 440 -20 ) (1099.675781 440 204 ) (1027.998047 503.997986 204 ) 
4 13 24 (1024 500 -20 ) (1024 440 -20 ) (1024 440 204 ) (1024 500 204 ) 
4 13 14 (1028 440 -20 ) (1099.679932 440 -20 ) (1099.679932 440 204 ) (1028 440 204 ) 
4 14 99 (1028 0 -20 ) (1756 0 -20 ) (1756 0 204 ) (1028 0 204 ) 
4 15 103 (1024 0 1136 ) (1024 0 1372 ) (96 0 1372 ) (96 0 1136 ) 
4 15 20 (1024 0 1136 ) (96 0 1136 ) (96 1024 1136 ) (1024 1024 1136 ) 
4 15 17 (96 0 1264 ) (96 0 1320.470581 ) (96 1024 1320.470581 ) (96 1024 1264 ) 
4 15 16 (96 0 1320.470581 ) (96 0 1372 ) (96 1024 1372 ) (96 1024 1320.470581 ) 
4 16 104 (96 0 1372 ) (64 0 1372 ) (64 0 1333.647095 ) (96 0 1320.470581 ) 
4 16 18 (64 0 1333.647095 ) (64 0 1372 ) (64 1024 1372 ) (64 1024 1333.647095 ) 
4 16 17 (68 1024 1332 ) (96 1024 1320.471313 ) (96 0 1320.471313 ) (68 0 1332 ) 
3 17 105 (96 0 1264 ) (96 0 1320.470581 ) (68 0 1332 ) 
4 18 106 (64 0 1372 ) (0 0 1372 ) (0 0 1360 ) (64 0 1333.647095 ) 
4 18 58 (0 0 1360 ) (0 0 1372 ) (0 1024 1372 ) (0 1024 1360 ) 
5 19 107 (0 0 1328 ) (0 0 1136 ) (64 0 1136 ) (64 0 1264 ) (45 0 1309 ) 
4 19 59 (0 0 1136 ) (0 0 1328 ) (0 1024 1328 ) (0 1024 1136 ) 
4 19 47 (20 0 1136 ) (0 0 1136 ) (0 176 1136 ) (20 176 1136 ) 
4 19 21 (64 0 1136 ) (20 0 1136 ) (20 176 1136 ) (64 176 1136 ) 
4 20 108 (1024 0 1104 ) (1024 0 1136 ) (64 0 1136 ) (64 0 1104 ) 
4 20 23 (1024 0 1104 ) (64 0 1104 ) (64 904 1104 ) (1024 904 1104 ) 
4 20 22 (64 904 1104 ) (64 1024 1104 ) (1024 1024 1104 ) (1024 904 1104 ) 
4 20 21 (64 176 1104 ) (64 0 1104 ) (64 0 1136 ) (64 176 1136 ) 
4 21 109 (64 0 1136 ) (20 0 1136 ) (20 0 1104 ) (64 0 1104 ) 
4 21 47 (20 0 1104 ) (20 0 1136 ) (20 176 1136 ) (20 176 1104 ) 
4 21 23 (64 0 1104 ) (20 0 1104 ) (20 176 1104 ) (64 176 1104 ) 
4 22 43 (20 1024 -20 ) (20 904 -20 ) (20 904 1104 ) (20 1024 1104 ) 
4 22 28 (580 904 -20 ) (1024 904 -20 ) (1024 904 204 ) (580 904 204 ) 
4 22 27 (20 904 584 ) (20 904 204 ) (1024 904 204 ) (1024 904 584 ) 
4 22 23 (1024 904 1104 ) (20 904 1104 ) (20 904 584 ) (1024 904 584 ) 
4 23 109 (64 0 1104 ) (20 0 1104 ) (20 0 584 ) (64 0 584 ) 
4 23 108 (1024 0 584 ) (1024 0 1104 ) (64 0 1104 ) (64 0 584 ) 
4 23 46 (20 176 1104 ) (20 872 1104 ) (20 872 584 ) (20 176 584 ) 
4 23 47 (20 0 584 ) (20 0 1104 ) (20 176 1104 ) (20 176 584 ) 
4 23 44 (20 872 1104 ) (20 904 1104 ) (20 904 584 ) (20 872 584 ) 
3 23 42 (895 581 584 ) (877.319519 537.515564 584 ) (853.621582 564.175781 584 ) 
6 23 41 (907.453979 611.630249 584 ) (1024 507.571259 584 ) (1024 500 584 ) (991.687561 467.687561 584 ) (909.789612 500.986725 584 ) (877.319519 537.515564 584 ) 
3 23 40 (719.637146 779.323853 584 ) (730.122559 769.961914 584 ) (713 763 584 ) 
5 23 39 (594.681213 872 584 ) (615.839905 872 584 ) (719.637146 779.323853 584 ) (701.666382 735.125366 584 ) (607.057983 841.559814 584 ) 
3 23 38 (909.789612 500.986725 584 ) (804 544 584 ) (853.621582 564.175781 584 ) 
3 23 37 (676 672 584 ) (607.057983 841.559814 584 ) (701.666382 735.125366 584 ) 
4 23 35 (20 862.769226 584 ) (20 872 584 ) (594.681213 872 584 ) (713 581 584 ) 
3 23 34 (895 763 584 ) (958.501953 737.180542 584 ) (932 672 584 ) 
4 23 33 (958.501953 737.180542 584 ) (1024 710.549438 584 ) (1024 507.571259 584 ) (907.453979 611.630249 584 ) 
4 23 32 (615.839905 872 584 ) (626.918762 872 584 ) (804 800 584 ) (730.122559 769.961914 584 ) 
4 23 30 (524 0 584 ) (20 0 584 ) (20 862.769226 584 ) (991.687561 467.687561 584 ) 
3 23 29 (626.918762 872 584 ) (1024 872 584 ) (1024 710.549438 584 ) 
4 23 27 (20 872 584 ) (20 904 584 ) (1024 904 584 ) (1024 872 584 ) 
4 23 25 (1024 0 584 ) (964 0 584 ) (964 440 584 ) (1024 440 584 ) 
3 23 24 (964 440 584 ) (1024 500 584 ) (1024 440 584 ) 
3 23 26 (964 0 584 ) (524 0 584 ) (964 440 584 ) 
4 24 41 (991.690308 467.686401 584 ) (1024 499.996094 584 ) (1024 499.996063 204 ) (991.690308 467.686401 204 ) 
4 24 30 (964 439.996094 584 ) (991.690308 467.686401 584 ) (991.690308 467.686401 204 ) (964 439.996063 204 ) 
4 24 25 (964 440 584 ) (964 440 204 ) (1024 440 204 ) (1024 440 584 ) 
4 25 111 (1024 0 204 ) (1024 0 584 ) (964 0 584 ) (964 0 204 ) 
4 25 26 (964 440.001923 584 ) (964 440.001953 204 ) (964 0 204 ) (964 0 584 ) 
4 26 113 (964 0 584 ) (524 0 584 ) (524 0 -20 ) (964 0 -20 ) 
4 26 31 (964 439.996063 204 ) (964 439.996063 -20 ) (524.003906 0 -20 ) (524.003906 0 204 ) 
4 26 30 (524.003906 0 584 ) (964 439.996094 584 ) (964 439.996063 204 ) (524.003906 0 204 ) 
4 27 44 (20 872 204 ) (20 872 584 ) (20 904 584 ) (20 904 204 ) 
4 27 39 (615.839966 872 584 ) (594.681274 872 584 ) (594.681213 872 204 ) (615.839905 872 204 ) 
4 27 35 (594.681274 872 584 ) (20 872 584 ) (20 872 204 ) (594.681213 872 204 ) 
4 27 32 (626.918762 872 584 ) (615.839966 872 584 ) (615.839905 872 204 ) (626.918762 872 204 ) 
4 27 29 (1024 872 584 ) (626.918762 872 584 ) (626.918762 872 204 ) (1024 872 204 ) 
4 27 28 (1024 872 204 ) (615.839844 872 204 ) (580 904 204 ) (1024 904 204 ) 
4 28 32 (615.839905 872 -20 ) (626.918762 872 -20 ) (626.918701 872 204 ) (615.839844 872 204 ) 
4 28 29 (626.918762 872 -20 ) (1024 872 -20 ) (1024 872 204 ) (626.918701 872 204 ) 
4 29 34 (895 763 -20 ) (958.501831 737.180298 -20 ) (958.501831 737.180298 584 ) (895 763 584 ) 
4 29 33 (958.501831 737.180298 -20 ) (1024 710.549194 -20 ) (1024 710.549194 584 ) (958.501831 737.180298 584 ) 
4 29 32 (626.917969 872 584 ) (626.917969 872 -20 ) (804 800 -20 ) (804 800 584 ) 
4 30 113 (524 0 584 ) (20 0 584 ) (20 0 204 ) (524 0 204 ) 
4 30 46 (20 176 584 ) (20 862.769226 584 ) (20 862.769226 204 ) (20 176 204 ) 
4 30 47 (20 0 204 ) (20 0 584 ) (20 176 584 ) (20 176 204 ) 
4 30 41 (991.686890 467.685883 584 ) (991.686890 467.685883 204 ) (909.792358 500.983643 204 ) (909.792358 500.983643 584 ) 
4 30 38 (909.792358 500.983643 204 ) (803.997742 544 204 ) (803.997742 544 584 ) (909.792358 500.983643 584 ) 
4 30 35 (713 580.997803 204 ) (20 862.767456 204 ) (20 862.767456 584 ) (713 580.997803 584 ) 
5 30 31 (20 862.770630 204 ) (909.787720 500.988861 204 ) (964 440 204 ) (524 0 204 ) (20 0 204 ) 
4 31 113 (20 0 204 ) (20 0 -20 ) (524 0 -20 ) (524 0 204 ) 
4 31 46 (20 862.769226 -20 ) (20 176 -20 ) (20 176 204 ) (20 862.769226 204 ) 
4 31 47 (20 176 -20 ) (20 0 -20 ) (20 0 204 ) (20 176 204 ) 
4 31 38 (909.792419 500.983643 -20 ) (803.997742 544 -20 ) (803.997742 544 204 ) (909.792419 500.983643 204 ) 
4 31 36 (713 580.997803 -20 ) (20 862.767456 -20 ) (20 862.767456 204 ) (713 580.997803 204 ) 
4 32 40 (730.121216 769.961365 204 ) (730.121216 769.961304 584 ) (719.636658 779.322510 584 ) (719.636658 779.322571 204 ) 
4 32 39 (615.837891 872 584 ) (615.837891 872 204 ) (719.636658 779.322571 204 ) (719.636658 779.322510 584 ) 
4 33 41 (1024 507.569580 204 ) (1024 507.569580 584 ) (907.453491 611.628906 584 ) (907.453491 611.628967 204 ) 
4 33 34 (958.501282 737.180786 584 ) (958.501282 737.180786 -20 ) (932 672.001221 -20 ) (932 672.001282 584 ) 
4 35 46 (20 862.769226 204 ) (20 862.769226 584 ) (20 872 584 ) (20 872 204 ) 
4 35 39 (607.059265 841.558411 204 ) (594.681885 872 204 ) (594.681885 872 584 ) (607.059265 841.558411 584 ) 
4 35 37 (676 672 204 ) (607.059265 841.558411 204 ) (607.059265 841.558411 584 ) (676 672 584 ) 
5 35 36 (607.052856 841.565552 204 ) (712.996460 581.001526 204 ) (20 862.769409 204 ) (20 872 204 ) (580 872 204 ) 
4 36 46 (20 872 -20 ) (20 862.769226 -20 ) (20 862.769226 204 ) (20 872 204 ) 
4 36 37 (676 672 -20 ) (607.059265 841.558411 -20 ) (607.059265 841.558411 204 ) (676 672 204 ) 
4 37 39 (607.060547 841.556641 204 ) (607.060547 841.556641 584 ) (701.666321 735.125366 584 ) (701.666321 735.125366 204 ) 
4 38 42 (853.621765 564.175842 204 ) (853.621765 564.175903 584 ) (877.319580 537.515869 584 ) (877.319580 537.515869 204 ) 
4 38 41 (909.789368 500.987457 584 ) (909.789368 500.987457 204 ) (877.319580 537.515869 204 ) (877.319580 537.515869 584 ) 
4 39 40 (713 763 204 ) (719.637024 779.323975 204 ) (719.637024 779.323975 584 ) (713 763 584 ) 
4 41 42 (895 581 204 ) (877.319824 537.517761 204 ) (877.319824 537.517761 584 ) (895 581 584 ) 
4 43 63 (0 1024 1104 ) (0 1024 -20 ) (0 904 -20 ) (0 904 1104 ) 
4 43 45 (0 904 -20 ) (20 904 -20 ) (20 904 108 ) (0 904 147.650436 ) 
4 43 44 (20 904 204 ) (20 904 1104 ) (0 904 1104 ) (0 904 204 ) 
4 44 66 (0 904 1104 ) (0 904 204 ) (0 872 204 ) (0 872 1104 ) 
4 44 46 (20 872 204 ) (20 872 1104 ) (0 872 1104 ) (0 872 204 ) 
4 45 67 (0 904 147.650436 ) (0 904 -20 ) (0 872 -20 ) (0 872 147.650452 ) 
4 45 46 (0 872 -20 ) (20 872 -20 ) (20 872 108 ) (0 872 147.650436 ) 
4 46 68 (0 872 1104 ) (0 872 -20 ) (0 176 -20 ) (0 176 1104 ) 
4 46 47 (0 176 -20 ) (20 176 -20 ) (20 176 1104 ) (0 176 1104 ) 
4 47 113 (0 0 584 ) (0 0 -20 ) (20 0 -20 ) (20 0 584 ) 
4 47 109 (20 0 1136 ) (0 0 1136 ) (0 0 584 ) (20 0 584 ) 
4 47 69 (0 0 -20 ) (0 0 1136 ) (0 176 1136 ) (0 176 -20 ) 
4 48 89 (-1024 1856 1136 ) (-1024 1792 1136 ) (-1024 1792 1372 ) (-1024 1856 1372 ) 
4 48 55 (-1024 1792 1136 ) (-1024 1856 1136 ) (0 1856 1136 ) (0 1792 1136 ) 
3 48 53 (-68 1792 1332 ) (-96 1792 1320.470581 ) (-96 1792 1264 ) 
4 48 52 (-64 1792 1333.647095 ) (-64 1792 1372 ) (-96 1792 1372 ) (-96 1792 1320.470581 ) 
4 48 54 (-1024 1792 1136 ) (-96 1792 1136 ) (-96 1792 1372 ) (-1024 1792 1372 ) 
5 48 50 (-64 1792 1136 ) (0 1792 1136 ) (0 1792 1328 ) (-45 1792 1309 ) (-64 1792 1264 ) 
4 48 49 (0 1792 1360 ) (0 1792 1372 ) (-64 1792 1372 ) (-64 1792 1333.647095 ) 
4 49 58 (0 1024 1360 ) (0 1024 1372 ) (-64 1024 1372 ) (-64 1024 1333.647095 ) 
4 49 52 (-64 1024 1372 ) (-64 1792 1372 ) (-64 1792 1333.647095 ) (-64 1024 1333.647095 ) 
5 51 59 (0 1024 1136 ) (0 1024 1328 ) (-45 1024 1309 ) (-64 1024 1264 ) (-64 1024 1136 ) 
4 52 60 (-64 1024 1372 ) (-96 1024 1372 ) (-96 1024 1320.470581 ) (-64 1024 1333.647095 ) 
4 52 53 (-96 1024 1320.467529 ) (-96 1792 1320.467529 ) (-68.001297 1792 1331.996704 ) (-68.001305 1024 1331.996704 ) 
4 52 54 (-96 1024 1372 ) (-96 1792 1372 ) (-96 1792 1320.470581 ) (-96 1024 1320.470703 ) 
3 53 61 (-96 1024 1320.470581 ) (-96 1024 1264 ) (-68 1024 1332 ) 
4 53 54 (-96 1792 1320.470581 ) (-96 1792 1264 ) (-96 1024 1264 ) (-96 1024 1320.470703 ) 
4 54 89 (-1024 1024 1136 ) (-1024 1024 1372 ) (-1024 1792 1372 ) (-1024 1792 1136 ) 
4 54 71 (-140 1024 1372 ) (-1024 1024 1372 ) (-1024 1024 1136 ) (-140 1024 1136 ) 
4 54 62 (-96 1024 1372 ) (-140 1024 1372 ) (-140 1024 1136 ) (-96 1024 1136 ) 
4 54 57 (-1024 1024 1136 ) (-1024 1792 1136 ) (-96 1792 1136 ) (-96 1024 1136 ) 
4 55 89 (-1024 1792 1136 ) (-1024 1856 1136 ) (-1024 1856 -20 ) (-1024 1792 -20 ) 
4 55 56 (-64 1792 -20 ) (0 1792 -20 ) (0 1792 1104 ) (-64 1792 1104 ) 
4 55 57 (-1024 1792 -20 ) (-64 1792 -20 ) (-64 1792 1136 ) (-1024 1792 1136 ) 
4 56 63 (0 1024 -20 ) (0 1024 1104 ) (-64 1024 1104 ) (-64 1024 -20 ) 
4 56 57 (-64 1792 1104 ) (-64 1792 -20 ) (-64 1024 -20 ) (-64 1024 1104 ) 
4 57 89 (-1024 1024 -20 ) (-1024 1024 1136 ) (-1024 1792 1136 ) (-1024 1792 -20 ) 
4 57 72 (-1024 1024 584 ) (-1024 1024 -20 ) (-140 1024 -20 ) (-140 1024 584 ) 
4 57 71 (-140 1024 1136 ) (-1024 1024 1136 ) (-1024 1024 584 ) (-140 1024 584 ) 
4 57 64 (-64 1024 1136 ) (-140 1024 1136 ) (-140 1024 -20 ) (-64 1024 -20 ) 
4 58 150 (0 0 1360 ) (0 0 1372 ) (-64 0 1372 ) (-64 0 1333.647095 ) 
4 58 60 (-64 0 1333.647095 ) (-64 0 1372 ) (-64 1024 1372 ) (-64 1024 1333.647095 ) 
5 59 151 (0 0 1136 ) (0 0 1328 ) (-45 0 1309 ) (-64 0 1264 ) (-64 0 1136 ) 
4 59 69 (0 0 1136 ) (-64 0 1136 ) (-64 176 1136 ) (0 176 1136 ) 
3 60 153 (-68 0 1332 ) (-64 0 1333.647095 ) (-64 0 1341.714111 ) 
5 60 152 (-64 0 1372 ) (-96 0 1372 ) (-96 0 1320.470581 ) (-68 0 1332 ) (-64 0 1341.714111 ) 
4 60 61 (-96 0 1320.471313 ) (-96 1024 1320.471313 ) (-68 1024 1332 ) (-68 0 1332 ) 
4 60 62 (-96 0 1320.470581 ) (-96 0 1372 ) (-96 1024 1372 ) (-96 1024 1320.470581 ) 
3 61 152 (-96 0 1320.470581 ) (-96 0 1264 ) (-68 0 1332 ) 
4 61 62 (-96 0 1264 ) (-96 0 1320.470581 ) (-96 1024 1320.470581 ) (-96 1024 1264 ) 
4 62 154 (-96 0 1372 ) (-140 0 1372 ) (-140 0 1136 ) (-96 0 1136 ) 
4 62 71 (-140 0 1136 ) (-140 0 1372 ) (-140 1024 1372 ) (-140 1024 1136 ) 
4 62 70 (-96 0 1136 ) (-140 0 1136 ) (-140 872 1136 ) (-96 872 1136 ) 
4 62 65 (-140 872 1136 ) (-140 904 1136 ) (-96 904 1136 ) (-96 872 1136 ) 
4 62 64 (-140 904 1136 ) (-140 1024 1136 ) (-96 1024 1136 ) (-96 904 1136 ) 
6 63 67 (-64 904 170.708771 ) (-64 904 -20 ) (0 904 -20 ) (0 904 147.650452 ) (-3.001442 904 153.600876 ) (-60 904 172 ) 
4 63 66 (-64 904 1104 ) (-64 904 204 ) (0 904 204 ) (0 904 1104 ) 
4 63 64 (-64 1024 -20 ) (-64 904 -20 ) (-64 904 1104 ) (-64 1024 1104 ) 
4 64 72 (-140 1024 -20 ) (-140 904 -20 ) (-140 904 584 ) (-140 1024 584 ) 
4 64 71 (-140 904 584 ) (-140 904 1136 ) (-140 1024 1136 ) (-140 1024 584 ) 
5 64 67 (-140 904 108 ) (-140 904 -20 ) (-64 904 -20 ) (-64 904 170.708771 ) (-117 904 153.599792 ) 
4 64 66 (-140 904 1104 ) (-140 904 204 ) (-64 904 204 ) (-64 904 1104 ) 
4 64 65 (-64 904 1136 ) (-140 904 1136 ) (-140 904 1104 ) (-64 904 1104 ) 
4 65 71 (-140 872 1104 ) (-140 872 1136 ) (-140 904 1136 ) (-140 904 1104 ) 
4 65 70 (-64 872 1136 ) (-140 872 1136 ) (-140 872 1104 ) (-64 872 1104 ) 
4 65 66 (-64 872 1104 ) (-140 872 1104 ) (-140 904 1104 ) (-64 904 1104 ) 
4 66 73 (-140 872 204 ) (-140 872 584 ) (-140 904 584 ) (-140 904 204 ) 
4 66 71 (-140 872 584 ) (-140 872 1104 ) (-140 904 1104 ) (-140 904 584 ) 
4 66 68 (-64 872 204 ) (0 872 204 ) (0 872 1104 ) (-64 872 1104 ) 
4 66 70 (-140 872 1104 ) (-140 872 204 ) (-64 872 204 ) (-64 872 1104 ) 
6 67 68 (-64 872 -20 ) (0 872 -20 ) (0 872 147.650452 ) (-3.001443 872 153.600876 ) (-60 872 172 ) (-64 872 170.708771 ) 
5 67 70 (-140 872 108 ) (-140 872 -20 ) (-64 872 -20 ) (-64 872 170.708771 ) (-117 872 153.599792 ) 
4 68 69 (-64 176 1104 ) (-64 176 -20 ) (0 176 -20 ) (0 176 1104 ) 
4 68 70 (-64 872 1104 ) (-64 872 -20 ) (-64 176 -20 ) (-64 176 1104 ) 
4 69 158 (0 0 -20 ) (0 0 584 ) (-64 0 584 ) (-64 0 -20 ) 
4 69 155 (0 0 584 ) (0 0 1136 ) (-64 0 1136 ) (-64 0 584 ) 
4 69 70 (-64 176 -20 ) (-64 0 -20 ) (-64 0 1136 ) (-64 176 1136 ) 
4 70 158 (-140 0 584 ) (-140 0 -20 ) (-64 0 -20 ) (-64 0 584 ) 
4 70 157 (-64 0 1136 ) (-140 0 1136 ) (-140 0 584 ) (-64 0 584 ) 
4 70 74 (-140 872 -20 ) (-140 0 -20 ) (-140 0 584 ) (-140 872 584 ) 
4 70 71 (-140 0 584 ) (-140 0 1136 ) (-140 872 1136 ) (-140 872 584 ) 
4 71 157 (-1024 0 1136 ) (-1024 0 584 ) (-140 0 584 ) (-140 0 1136 ) 
4 71 154 (-1024 0 1372 ) (-1024 0 1136 ) (-140 0 1136 ) (-140 0 1372 ) 
4 71 96 (-1024 603.135132 1372 ) (-1024 1024 1372 ) (-1024 1024 584 ) (-1024 603.135132 584 ) 
4 71 90 (-1024 0 584 ) (-1024 0 1372 ) (-1024 603.135132 1372 ) (-1024 603.135132 584 ) 
3 71 88 (-833 763 584 ) (-806.475403 752.215271 584 ) (-821.666382 735.125427 584 ) 
4 71 87 (-850.122620 769.961914 584 ) (-735.839966 872 584 ) (-700 872 584 ) (-806.475403 752.215271 584 ) 
3 71 86 (-1024 584.659302 584 ) (-1024 603.135071 584 ) (-1015 581 584 ) 
3 71 85 (-1024 507.500183 584 ) (-1024 584.659302 584 ) (-973.621643 564.175781 584 ) 
3 71 84 (-821.666382 735.125427 584 ) (-727.058228 841.559570 584 ) (-796 672 584 ) 
5 71 83 (-727.058228 841.559570 584 ) (-700 872 584 ) (-572 872 584 ) (-572 687.120850 584 ) (-833 581 584 ) 
4 71 82 (-1024 503.340668 584 ) (-1024 507.500183 584 ) (-973.621643 564.175842 584 ) (-924 544 584 ) 
4 71 81 (-924 800 584 ) (-746.918762 872 584 ) (-735.839966 872 584 ) (-850.122620 769.961914 584 ) 
3 71 80 (-1015 763 584 ) (-970.681213 872 584 ) (-746.918762 872 584 ) 
4 71 78 (-970.681213 872 584 ) (-957.670227 904 584 ) (-572 904 584 ) (-572 872 584 ) 
4 71 77 (-1024 0 584 ) (-1024 503.340668 584 ) (-572 687.120850 584 ) (-572 0 584 ) 
3 71 76 (-1024 740.864685 584 ) (-1024 904 584 ) (-957.670227 904 584 ) 
4 71 73 (-252 904 584 ) (-140 904 584 ) (-140 872 584 ) (-252 872 584 ) 
4 71 74 (-140 872 584 ) (-140 0 584 ) (-252 0 584 ) (-252 872 584 ) 
4 71 75 (-572 904 584 ) (-252 904 584 ) (-252 0 584 ) (-572 0 584 ) 
4 71 72 (-1024 904 584 ) (-1024 1024 584 ) (-140 1024 584 ) (-140 904 584 ) 
4 72 97 (-1024 904 584 ) (-1024 1024 584 ) (-1024 1024 -20 ) (-1024 904 -20 ) 
4 72 79 (-957.670227 904 -20 ) (-700 904 -20 ) (-700 904 204 ) (-957.670227 904 204 ) 
4 72 78 (-572 904 204 ) (-572 904 584 ) (-957.670227 904 584 ) (-957.670227 904 204 ) 
4 72 76 (-1024 904 -20 ) (-957.670227 904 -20 ) (-957.670227 904 584 ) (-1024 904 584 ) 
4 72 73 (-140 904 204 ) (-140 904 584 ) (-252 904 584 ) (-252 904 204 ) 
4 72 75 (-572 904 -20 ) (-252 904 -20 ) (-252 904 584 ) (-572 904 584 ) 
4 73 74 (-252 872 584 ) (-252 872 204 ) (-140 872 204 ) (-140 872 584 ) 
4 73 75 (-252 904 584 ) (-252 904 204 ) (-252 872 204 ) (-252 872 584 ) 
4 74 158 (-252 0 -20 ) (-140 0 -20 ) (-140 0 584 ) (-252 0 584 ) 
4 74 75 (-252 872 -20 ) (-252 0 -20 ) (-252 0 584 ) (-252 872 584 ) 
4 75 158 (-572 0 -20 ) (-252 0 -20 ) (-252 0 584 ) (-572 0 584 ) 
4 75 83 (-572 872 -20 ) (-572 687.120850 -20 ) (-572 687.120850 584 ) (-572 872 584 ) 
4 75 78 (-572 904 584 ) (-572 904 204 ) (-572 872 204 ) (-572 872 584 ) 
4 75 77 (-572 687.120850 -20 ) (-572 0 -20 ) (-572 0 584 ) (-572 687.120850 584 ) 
4 76 97 (-1024 740.864685 584 ) (-1024 904 584 ) (-1024 904 -20 ) (-1024 740.864624 -20 ) 
4 76 80 (-1015 763 -20 ) (-970.681641 872 -20 ) (-970.681641 872 584 ) (-1015 763 584 ) 
4 76 79 (-970.681641 872 -20 ) (-957.670654 904 -20 ) (-957.670654 904 204 ) (-970.681641 872 204 ) 
4 76 78 (-957.670654 904 204 ) (-957.670654 904 584 ) (-970.681641 872 584 ) (-970.681641 872 204 ) 
4 77 158 (-1024 0 584 ) (-1024 0 -20 ) (-572 0 -20 ) (-572 0 584 ) 
4 77 94 (-1024 0 -20 ) (-1024 0 204 ) (-1024 440 204 ) (-1024 440 -20 ) 
4 77 91 (-1024 440 204 ) (-1024 503.340698 204 ) (-1024 503.340698 -20 ) (-1024 440 -20 ) 
4 77 90 (-1024 0 204 ) (-1024 0 584 ) (-1024 503.340668 584 ) (-1024 503.340698 204 ) 
4 77 83 (-572 687.121948 584 ) (-572 687.121948 -20 ) (-833 581.001099 -20 ) (-833 581.001099 584 ) 
4 77 82 (-924.001099 544 -20 ) (-1024 503.341492 -20 ) (-1024 503.341492 584 ) (-924.001099 544 584 ) 
4 78 87 (-735.839966 872 204 ) (-700 872 204 ) (-700 872 584 ) (-735.839966 872 584 ) 
4 78 83 (-700 872 204 ) (-572 872 204 ) (-572 872 584 ) (-700 872 584 ) 
4 78 81 (-746.918762 872 204 ) (-735.839966 872 204 ) (-735.839966 872 584 ) (-746.918762 872 584 ) 
4 78 80 (-970.682434 872 584 ) (-970.682434 872 204 ) (-746.918762 872 204 ) (-746.918762 872 584 ) 
4 78 79 (-735.839844 872 204 ) (-970.681274 872 204 ) (-957.670288 904 204 ) (-700 904 204 ) 
4 79 81 (-746.918640 872 -20 ) (-735.839783 872 -20 ) (-735.839783 872 204 ) (-746.918640 872 204 ) 
4 79 80 (-970.682434 872 204 ) (-970.682434 872 -20 ) (-746.918640 872 -20 ) (-746.918640 872 204 ) 
4 80 81 (-924 800 -20 ) (-746.919922 872 -20 ) (-746.919922 872 584 ) (-924 800 584 ) 
4 81 87 (-735.840149 872 204 ) (-735.840149 872 584 ) (-850.122742 769.961975 584 ) (-850.122742 769.961975 204 ) 
4 82 91 (-1024 507.500092 204 ) (-1024 507.500031 -20 ) (-1024 503.340698 -20 ) (-1024 503.340698 204 ) 
4 82 90 (-1024 503.340668 584 ) (-1024 507.500183 584 ) (-1024 507.500092 204 ) (-1024 503.340698 204 ) 
4 82 85 (-1024 507.499939 204 ) (-1024 507.499939 584 ) (-973.621460 564.175781 584 ) (-973.621460 564.175781 204 ) 
4 83 87 (-700 872 584 ) (-700 872 204 ) (-727.058472 841.558777 204 ) (-727.058472 841.558777 584 ) 
4 83 84 (-727.061829 841.553467 584 ) (-727.061829 841.553467 -20 ) (-796 672.001709 -20 ) (-796 672.001709 584 ) 
4 84 88 (-821.666260 735.125122 204 ) (-821.666260 735.125122 584 ) (-806.475098 752.215149 584 ) (-806.475098 752.215149 204 ) 
4 84 87 (-806.475098 752.215149 204 ) (-806.475098 752.215149 584 ) (-727.058472 841.558777 584 ) (-727.058472 841.558777 204 ) 
4 85 90 (-1024 507.500183 584 ) (-1024 584.659302 584 ) (-1024 584.659363 204 ) (-1024 507.500092 204 ) 
4 85 86 (-1015 580.997803 204 ) (-1024 584.657410 204 ) (-1024 584.657410 584 ) (-1015 580.997803 584 ) 
4 86 90 (-1024 584.659302 584 ) (-1024 603.135071 584 ) (-1024 603.135071 204 ) (-1024 584.659363 204 ) 
4 87 88 (-833 763 204 ) (-806.476074 752.215942 204 ) (-806.476074 752.215942 584 ) (-833 763 584 ) 
4 89 97 (-1024 1024 -20 ) (-1024 1024 584 ) (-1195.120850 1024 584 ) (-1195.120850 1024 -20 ) 
4 89 96 (-1024 1024 584 ) (-1024 1024 1372 ) (-1195.120850 1024 1372 ) (-1195.120850 1024 584 ) 
4 89 93 (-1668 1024 -20 ) (-1195.120850 1024 -20 ) (-1195.120850 1024 204 ) (-1668 1024 204 ) 
4 89 92 (-1756 1024 204 ) (-1756 1024 -20 ) (-1668 1024 -20 ) (-1668 1024 204 ) 
4 89 90 (-1195.120850 1024 1372 ) (-1756 1024 1372 ) (-1756 1024 204 ) (-1195.120850 1024 204 ) 
4 90 188 (-1148 0 1372 ) (-1756 0 1372 ) (-1756 0 204 ) (-1148 0 204 ) 
4 90 183 (-1024 0 204 ) (-1024 0 584 ) (-1148 0 584 ) (-1148 0 204 ) 
4 90 182 (-1024 0 584 ) (-1024 0 1372 ) (-1148 0 1372 ) (-1148 0 584 ) 
4 90 97 (-1195.121704 1024 204 ) (-1195.121460 1024 584 ) (-1052 671.998779 584 ) (-1052 671.998779 204 ) 
4 90 96 (-1195.121460 1024 584 ) (-1195.121094 1024 1372 ) (-1024 603.132813 1372 ) (-1024 603.132813 584 ) 
4 90 94 (-1084 440 204 ) (-1024 440 204 ) (-1024 0 204 ) (-1084 0 204 ) 
4 90 95 (-1756 0 204 ) (-1756 440 204 ) (-1148 440 204 ) (-1148 0 204 ) 
4 90 93 (-1668 1024 204 ) (-1195.123413 1024 204 ) (-1027.455933 611.628540 204 ) (-1148 504 204 ) 
4 90 92 (-1756 440 204 ) (-1756 1024 204 ) (-1668 1024 204 ) (-1084 440 204 ) 
3 90 91 (-1024 507.500061 204 ) (-1024 440 204 ) (-1084 440 204 ) 
4 91 94 (-1024 440 204 ) (-1084 440 204 ) (-1084 440 -20 ) (-1024 440 -20 ) 
4 92 95 (-1148 440 204 ) (-1756 440 204 ) (-1756 440 -20 ) (-1148 440 -20 ) 
4 92 93 (-1148 504 -20 ) (-1668 1024 -20 ) (-1668 1024 204 ) (-1148 504 204 ) 
4 93 97 (-1052 671.998657 -20 ) (-1195.121826 1024 -20 ) (-1195.121704 1024 204 ) (-1052 671.998657 204 ) 
4 94 184 (-1024 0 -20 ) (-1024 0 204 ) (-1084 0 204 ) (-1084 0 -20 ) 
4 95 188 (-1148 0 204 ) (-1756 0 204 ) (-1756 0 -20 ) (-1148 0 -20 ) 
4 96 97 (-1052 671.998901 584 ) (-1195.121094 1024 584 ) (-1024 1024 584 ) (-1024 740.864624 584 ) 
4 98 122 (1756 -1024 1372 ) (1024 -1024 1372 ) (1024 -1024 204 ) (1756 -1024 204 ) 
4 98 114 (1024 -264 204 ) (1024 -1024 204 ) (1024 -1024 584 ) (1024 -264 584 ) 
4 98 111 (1024 0 584 ) (1024 0 204 ) (1024 -72 204 ) (1024 -72 584 ) 
4 98 112 (1024 -72 204 ) (1024 -264 204 ) (1024 -264 584 ) (1024 -72 584 ) 
4 98 108 (1024 0 1136 ) (1024 0 584 ) (1024 -1024 584 ) (1024 -1024 1136 ) 
4 98 103 (1024 0 1372 ) (1024 0 1136 ) (1024 -1024 1136 ) (1024 -1024 1372 ) 
3 98 102 (1028 -264 204 ) (1369.333252 -264 204 ) (1028 -776 204 ) 
5 98 101 (1024 -1024 204 ) (1024 -782 204 ) (1369.333252 -264 204 ) (1756 -264 204 ) (1756 -1024 204 ) 
4 98 100 (1024 -264 204 ) (1024 -72 204 ) (1028 -72 204 ) (1028 -264 204 ) 
4 98 99 (1028 0 204 ) (1756 0 204 ) (1756 -264 204 ) (1028 -264 204 ) 
4 99 102 (1028 -264 -20 ) (1369.333252 -264 -20 ) (1369.333252 -264 204 ) (1028 -264 204 ) 
4 99 101 (1369.333252 -264 -20 ) (1756 -264 -20 ) (1756 -264 204 ) (1369.333252 -264 204 ) 
4 99 100 (1028 -72 -20 ) (1028 -264 -20 ) (1028 -264 204 ) (1028 -72 204 ) 
4 100 112 (1024 -72 -20 ) (1024 -264 -20 ) (1024 -264 204 ) (1024 -72 204 ) 
4 101 122 (1756 -1024 204 ) (1024 -1024 204 ) (1024 -1024 -20 ) (1756 -1024 -20 ) 
4 101 115 (1024 -782 -20 ) (1024 -1024 -20 ) (1024 -1024 204 ) (1024 -782 204 ) 
4 101 102 (1369.332031 -264 204 ) (1369.332031 -264 -20 ) (1028 -775.998108 -20 ) (1028 -776 204 ) 
4 103 123 (1024 -1024 1136 ) (1024 -1024 1372 ) (96 -1024 1372 ) (96 -1024 1136 ) 
4 103 108 (1024 -1024 1136 ) (96 -1024 1136 ) (96 0 1136 ) (1024 0 1136 ) 
4 103 105 (96 -1024 1264 ) (96 -1024 1320.470581 ) (96 0 1320.470581 ) (96 0 1264 ) 
4 103 104 (96 -1024 1320.470581 ) (96 -1024 1372 ) (96 0 1372 ) (96 0 1320.470581 ) 
4 104 124 (96 -1024 1372 ) (64 -1024 1372 ) (64 -1024 1333.647095 ) (96 -1024 1320.470581 ) 
4 104 106 (64 -1024 1333.647095 ) (64 -1024 1372 ) (64 0 1372 ) (64 0 1333.647095 ) 
4 104 105 (68 0 1332 ) (96 0 1320.471313 ) (96 -1024 1320.471313 ) (68 -1024 1332 ) 
3 105 125 (96 -1024 1264 ) (96 -1024 1320.470581 ) (68 -1024 1332 ) 
4 106 150 (0 0 1372 ) (0 0 1360 ) (0 -1024 1360 ) (0 -1024 1372 ) 
4 106 126 (64 -1024 1372 ) (0 -1024 1372 ) (0 -1024 1360 ) (64 -1024 1333.647095 ) 
4 107 151 (0 0 1328 ) (0 0 1136 ) (0 -1024 1136 ) (0 -1024 1328 ) 
5 107 127 (0 -1024 1328 ) (0 -1024 1136 ) (64 -1024 1136 ) (64 -1024 1264 ) (45 -1024 1309 ) 
4 107 109 (0 -128 1136 ) (0 0 1136 ) (64 0 1136 ) (64 -128 1136 ) 
4 108 128 (1024 -1024 584 ) (1024 -1024 1136 ) (64 -1024 1136 ) (64 -1024 584 ) 
4 108 120 (964 -1024 584 ) (915.736267 -1024 584 ) (895 -973 584 ) (964 -1001.054993 584 ) 
3 108 119 (834.652588 -948.463196 584 ) (964 -776 584 ) (964 -1001.054993 584 ) 
3 108 118 (804 -936 584 ) (861.549438 -912.600708 584 ) (834.652588 -948.463196 584 ) 
4 108 117 (713 -973 584 ) (964 -355.675690 584 ) (964 -776 584 ) (861.549438 -912.600708 584 ) 
5 108 116 (692.263672 -1024 584 ) (64 -1024 584 ) (64 -264 584 ) (964 -264 584 ) (964 -355.675690 584 ) 
4 108 114 (1024 -264 584 ) (1024 -1024 584 ) (964 -1024 584 ) (964 -264 584 ) 
4 108 111 (964 0 584 ) (1024 0 584 ) (1024 -72 584 ) (964 -72 584 ) 
4 108 112 (1024 -72 584 ) (1024 -264 584 ) (964 -264 584 ) (964 -72 584 ) 
4 108 113 (64 0 584 ) (964 0 584 ) (964 -264 584 ) (64 -264 584 ) 
4 108 110 (64 -128 584 ) (64 -1024 584 ) (64 -1024 1104 ) (64 -128 1104 ) 
4 108 109 (64 0 584 ) (64 -128 584 ) (64 -128 1136 ) (64 0 1136 ) 
4 109 155 (0 0 1136 ) (0 0 584 ) (0 -128 584 ) (0 -128 1136 ) 
4 109 113 (0 0 584 ) (64 0 584 ) (64 -128 584 ) (0 -128 584 ) 
4 109 110 (0 -128 584 ) (64 -128 584 ) (64 -128 1104 ) (0 -128 1104 ) 
4 110 156 (0 -128 584 ) (0 -1024 584 ) (0 -1024 1104 ) (0 -128 1104 ) 
4 110 129 (0 -1024 1104 ) (0 -1024 584 ) (64 -1024 584 ) (64 -1024 1104 ) 
4 110 116 (64 -264 584 ) (64 -1024 584 ) (0 -1024 584 ) (0 -264 584 ) 
4 110 113 (64 -128 584 ) (64 -264 584 ) (0 -264 584 ) (0 -128 584 ) 
4 111 112 (964 -72 584 ) (964 -72 204 ) (1024 -72 204 ) (1024 -72 584 ) 
4 111 113 (964 -72 204 ) (964 -72 584 ) (964 0 584 ) (964 0 204 ) 
4 112 114 (1024 -264 204 ) (1024 -264 584 ) (964 -264 584 ) (964 -264 204 ) 
4 112 113 (964 -72 -20 ) (964 -264 -20 ) (964 -264 584 ) (964 -72 584 ) 
4 113 158 (0 0 584 ) (0 0 -20 ) (0 -264 -20 ) (0 -264 584 ) 
4 113 116 (0 -264 -20 ) (964 -264 -20 ) (964 -264 584 ) (0 -264 584 ) 
4 114 130 (1024 -1024 204 ) (1024 -1024 584 ) (964 -1024 584 ) (964 -1024 204 ) 
4 114 120 (964 -1001.054993 204 ) (964 -1024 204 ) (964 -1024 584 ) (964 -1001.054993 584 ) 
4 114 119 (964 -776 204 ) (964 -1001.054993 204 ) (964 -1001.054993 584 ) (964 -776 584 ) 
4 114 117 (964 -355.675690 204 ) (964 -776 204 ) (964 -776 584 ) (964 -355.675720 584 ) 
4 114 116 (964 -264 584 ) (964 -264 204 ) (964 -355.675690 204 ) (964 -355.675720 584 ) 
4 114 115 (1024 -1024 204 ) (964 -1024 204 ) (964 -872 204 ) (1024 -782 204 ) 
4 115 130 (1024 -1024 -20 ) (1024 -1024 204 ) (964 -1024 204 ) (964 -1024 -20 ) 
4 115 121 (964 -872 -20 ) (964 -1024 -20 ) (964 -1024 204 ) (964 -872 204 ) 
4 116 158 (0 -264 -20 ) (0 -1024 -20 ) (0 -1024 584 ) (0 -264 584 ) 
4 116 133 (692.263672 -1024 584 ) (659.736206 -1024 584 ) (659.736206 -1024 -20 ) (692.263611 -1024 -20 ) 
4 116 132 (659.736206 -1024 584 ) (0 -1024 584 ) (0 -1024 -20 ) (659.736206 -1024 -20 ) 
4 116 117 (713 -973 -20 ) (964 -355.677734 -20 ) (964 -355.677765 584 ) (713 -973 584 ) 
4 117 119 (964 -776.002563 204 ) (964 -776.002563 584 ) (861.552490 -912.599487 584 ) (861.552490 -912.599487 204 ) 
4 117 118 (804 -936 -20 ) (861.550781 -912.599609 -20 ) (861.550720 -912.599609 584 ) (804 -936 584 ) 
4 118 119 (861.552490 -912.599487 204 ) (861.552490 -912.599487 584 ) (834.654236 -948.463867 584 ) (834.654236 -948.463867 204 ) 
3 119 121 (964 -872 204 ) (964 -1001.054993 204 ) (896.311157 -973.533142 204 ) 
4 119 120 (895.001099 -973.002625 204 ) (964 -1001.057129 204 ) (964 -1001.057129 584 ) (895.001099 -973.002625 584 ) 
4 120 131 (948.263733 -1024 584 ) (915.736267 -1024 584 ) (915.736267 -1024 204 ) (948.263733 -1024 204 ) 
4 120 130 (964 -1024 584 ) (948.263733 -1024 584 ) (948.263733 -1024 204 ) (964 -1024 204 ) 
5 120 121 (896.311096 -973.533142 204 ) (964 -1001.054993 204 ) (964 -1024 204 ) (915.736267 -1024 204 ) (895.631348 -974.552795 204 ) 
4 121 131 (915.736267 -1024 -20 ) (948.263733 -1024 -20 ) (948.263733 -1024 204 ) (915.736267 -1024 204 ) 
4 121 130 (948.263733 -1024 -20 ) (964 -1024 -20 ) (964 -1024 204 ) (948.263733 -1024 204 ) 
4 122 141 (1756 -2048 1372 ) (1024 -2048 1372 ) (1024 -2048 -20 ) (1756 -2048 -20 ) 
4 122 130 (1024 -1024 584 ) (1024 -1024 -20 ) (1024 -2048 -20 ) (1024 -2048 584 ) 
4 122 128 (1024 -1024 1136 ) (1024 -1024 584 ) (1024 -2048 584 ) (1024 -2048 1136 ) 
4 122 123 (1024 -1024 1372 ) (1024 -1024 1136 ) (1024 -2048 1136 ) (1024 -2048 1372 ) 
4 123 142 (1024 -2048 1136 ) (1024 -2048 1372 ) (96 -2048 1372 ) (96 -2048 1136 ) 
4 123 128 (1024 -2048 1136 ) (96 -2048 1136 ) (96 -1024 1136 ) (1024 -1024 1136 ) 
4 123 125 (96 -2048 1264 ) (96 -2048 1320.470581 ) (96 -1024 1320.470581 ) (96 -1024 1264 ) 
4 123 124 (96 -2048 1320.470581 ) (96 -2048 1372 ) (96 -1024 1372 ) (96 -1024 1320.470581 ) 
4 124 143 (96 -2048 1372 ) (64 -2048 1372 ) (64 -2048 1333.647095 ) (96 -2048 1320.470581 ) 
4 124 126 (64 -2048 1333.647095 ) (64 -2048 1372 ) (64 -1024 1372 ) (64 -1024 1333.647095 ) 
4 124 125 (68 -1024 1332 ) (96 -1024 1320.471313 ) (96 -2048 1320.471313 ) (68 -2048 1332 ) 
3 125 144 (96 -2048 1264 ) (96 -2048 1320.470581 ) (68 -2048 1332 ) 
4 126 164 (0 -2048 1360 ) (0 -2048 1372 ) (0 -1024 1372 ) (0 -1024 1360 ) 
4 126 145 (64 -2048 1372 ) (0 -2048 1372 ) (0 -2048 1360 ) (64 -2048 1333.647095 ) 
4 127 165 (0 -2048 1136 ) (0 -2048 1328 ) (0 -1024 1328 ) (0 -1024 1136 ) 
5 127 146 (0 -2048 1328 ) (0 -2048 1136 ) (64 -2048 1136 ) (64 -2048 1264 ) (45 -2048 1309 ) 
4 128 148 (1024 -2048 584 ) (1024 -2048 1104 ) (64 -2048 1104 ) (64 -2048 584 ) 
4 128 147 (1024 -2048 1104 ) (1024 -2048 1136 ) (64 -2048 1136 ) (64 -2048 1104 ) 
4 128 138 (531.912109 -2048 584 ) (64 -2048 584 ) (64 -1288 584 ) (840.923096 -1288 584 ) 
3 128 137 (713 -1155 584 ) (687.520020 -1144.640015 584 ) (701.311157 -1126.251831 584 ) 
4 128 136 (762.040344 -1174.939453 584 ) (686.666687 -1288 584 ) (580 -1288 584 ) (687.520020 -1144.640015 584 ) 
3 128 135 (895 -1155 584 ) (869.180542 -1218.501953 584 ) (804 -1192 584 ) 
4 128 134 (869.180542 -1218.501953 584 ) (840.923096 -1288 584 ) (686.666687 -1288 584 ) (762.040344 -1174.939453 584 ) 
3 128 133 (659.736267 -1024 584 ) (692.263672 -1024 584 ) (676 -1064 584 ) 
5 128 132 (64 -1288 584 ) (64 -1024 584 ) (659.736267 -1024 584 ) (701.311157 -1126.251831 584 ) (580 -1288 584 ) 
3 128 131 (915.736267 -1024 584 ) (948.263733 -1024 584 ) (932 -1064 584 ) 
4 128 130 (1024 -1024 584 ) (1024 -2048 584 ) (531.912109 -2048 584 ) (948.263733 -1024 584 ) 
4 128 129 (64 -1024 584 ) (64 -2048 584 ) (64 -2048 1104 ) (64 -1024 1104 ) 
4 129 169 (0 -2048 584 ) (0 -2048 1104 ) (0 -1024 1104 ) (0 -1024 584 ) 
4 129 148 (0 -2048 1104 ) (0 -2048 584 ) (64 -2048 584 ) (64 -2048 1104 ) 
4 129 138 (64 -2048 584 ) (0 -2048 584 ) (0 -1288 584 ) (64 -1288 584 ) 
4 129 132 (0 -1288 584 ) (0 -1024 584 ) (64 -1024 584 ) (64 -1288 584 ) 
4 130 148 (1024 -2048 -20 ) (1024 -2048 584 ) (531.912109 -2048 584 ) (531.912109 -2048 -20 ) 
4 130 139 (840.921082 -1288 -20 ) (531.910034 -2048 -20 ) (531.910706 -2048 204 ) (840.921753 -1288 204 ) 
4 130 138 (531.910706 -2048 204 ) (531.911804 -2048 584 ) (840.922974 -1288 584 ) (840.921753 -1288 204 ) 
4 130 135 (894.997620 -1155 -20 ) (869.178833 -1218.501221 -20 ) (869.180481 -1218.501953 584 ) (895 -1155 584 ) 
4 130 134 (869.178833 -1218.501221 -20 ) (840.921082 -1288 -20 ) (840.922974 -1288 584 ) (869.180481 -1218.501953 584 ) 
4 130 131 (948.261719 -1024 -20 ) (932 -1063.997559 -20 ) (932 -1064 584 ) (948.263672 -1024 584 ) 
4 132 171 (0 -1288 584 ) (0 -1024 584 ) (0 -1024 -20 ) (0 -1288 -20 ) 
4 132 138 (580 -1288 204 ) (580 -1288 584 ) (0 -1288 584 ) (0 -1288 204 ) 
4 132 137 (687.523193 -1144.641235 204 ) (701.312622 -1126.255371 204 ) (701.312622 -1126.255371 584 ) (687.523193 -1144.641235 584 ) 
4 132 136 (580.003906 -1288 584 ) (580.003906 -1288 204 ) (687.523193 -1144.641235 204 ) (687.523193 -1144.641235 584 ) 
4 132 133 (676 -1064 -20 ) (659.736572 -1024 -20 ) (659.734375 -1024 584 ) (676 -1064.001221 584 ) 
4 134 139 (686.666626 -1288 -20 ) (840.922485 -1288 -20 ) (840.922485 -1288 204 ) (686.666626 -1288 204 ) 
4 134 138 (840.922485 -1288 204 ) (840.922485 -1288 584 ) (686.666687 -1288 584 ) (686.666626 -1288 204 ) 
4 134 136 (686.667358 -1288 204 ) (686.667358 -1288 584 ) (762.040955 -1174.939697 584 ) (762.040955 -1174.939697 204 ) 
4 134 135 (869.180298 -1218.502563 584 ) (869.180298 -1218.502563 -20 ) (804 -1192 -20 ) (804 -1192 584 ) 
4 136 138 (686.666626 -1288 204 ) (686.666687 -1288 584 ) (580 -1288 584 ) (580 -1288 204 ) 
4 136 137 (713 -1155 204 ) (687.519531 -1144.640625 204 ) (687.519531 -1144.640625 584 ) (713 -1155 584 ) 
4 138 172 (0 -1352 584 ) (0 -1288 584 ) (0 -1288 204 ) (0 -1352 204 ) 
4 138 181 (0 -2048 204 ) (0 -2048 584 ) (0 -1352 584 ) (0 -1352 204 ) 
4 138 148 (531.912109 -2048 584 ) (0 -2048 584 ) (0 -2048 204 ) (531.912109 -2048 204 ) 
4 138 140 (644 -1352 204 ) (180 -2048 204 ) (0 -2048 204 ) (0 -1352 204 ) 
4 138 139 (686.666626 -1288 204 ) (840.921875 -1288 204 ) (531.910889 -2048 204 ) (180 -2048 204 ) 
4 139 148 (180 -2048 -20 ) (531.912109 -2048 -20 ) (531.912109 -2048 204 ) (180 -2048 204 ) 
4 139 140 (180 -2048 204 ) (644.001221 -1352 204 ) (644.001282 -1352 -20 ) (180.001282 -2048 -20 ) 
4 140 181 (0 -2048 -20 ) (0 -2048 204 ) (0 -1352 204 ) (0 -1352 -20 ) 
4 140 148 (0 -2048 204 ) (0 -2048 -20 ) (180 -2048 -20 ) (180 -2048 204 ) 
4 141 149 (1024 -2240 -20 ) (1024 -2272 -20 ) (1024 -2272 1372 ) (1024 -2240 1372 ) 
4 141 148 (1024 -2048 1104 ) (1024 -2048 -20 ) (1024 -2240 -20 ) (1024 -2240 1104 ) 
4 141 147 (1024 -2048 1136 ) (1024 -2048 1104 ) (1024 -2240 1104 ) (1024 -2240 1136 ) 
4 141 142 (1024 -2048 1372 ) (1024 -2048 1136 ) (1024 -2240 1136 ) (1024 -2240 1372 ) 
4 142 149 (1024 -2240 1136 ) (1024 -2240 1372 ) (96 -2240 1372 ) (96 -2240 1136 ) 
4 142 147 (1024 -2240 1136 ) (96 -2240 1136 ) (96 -2048 1136 ) (1024 -2048 1136 ) 
4 142 144 (96 -2240 1264 ) (96 -2240 1320.470581 ) (96 -2048 1320.470581 ) (96 -2048 1264 ) 
4 142 143 (96 -2240 1320.470581 ) (96 -2240 1372 ) (96 -2048 1372 ) (96 -2048 1320.470581 ) 
4 143 149 (96 -2240 1372 ) (64 -2240 1372 ) (64 -2240 1333.647095 ) (96 -2240 1320.470581 ) 
4 143 145 (64 -2240 1333.647095 ) (64 -2240 1372 ) (64 -2048 1372 ) (64 -2048 1333.647095 ) 
4 143 144 (68 -2048 1332 ) (96 -2048 1320.471313 ) (96 -2240 1320.471313 ) (68 -2240 1332 ) 
3 144 149 (96 -2240 1264 ) (96 -2240 1320.470581 ) (68 -2240 1332 ) 
4 145 192 (0 -2240 1360 ) (0 -2240 1372 ) (0 -2048 1372 ) (0 -2048 1360 ) 
4 145 149 (64 -2240 1372 ) (0 -2240 1372 ) (0 -2240 1360 ) (64 -2240 1333.647095 ) 
4 146 193 (0 -2240 1136 ) (0 -2240 1328 ) (0 -2048 1328 ) (0 -2048 1136 ) 
5 146 149 (0 -2240 1328 ) (0 -2240 1136 ) (64 -2240 1136 ) (64 -2240 1264 ) (45 -2240 1309 ) 
4 147 149 (1024 -2240 1104 ) (1024 -2240 1136 ) (64 -2240 1136 ) (64 -2240 1104 ) 
4 147 148 (1024 -2240 1104 ) (64 -2240 1104 ) (64 -2048 1104 ) (1024 -2048 1104 ) 
4 148 198 (0 -2240 -20 ) (0 -2240 1104 ) (0 -2048 1104 ) (0 -2048 -20 ) 
4 148 149 (1024 -2240 -20 ) (1024 -2240 1104 ) (0 -2240 1104 ) (0 -2240 -20 ) 
4 149 199 (0 -2272 1372 ) (0 -2240 1372 ) (0 -2240 -20 ) (0 -2272 -20 ) 
4 150 164 (0 -1024 1360 ) (0 -1024 1372 ) (-64 -1024 1372 ) (-64 -1024 1333.647095 ) 
4 150 153 (-64 -1024 1333.647095 ) (-64 -1024 1341.714111 ) (-64 0 1341.714111 ) (-64 0 1333.647095 ) 
4 150 152 (-64 -1024 1341.714111 ) (-64 -1024 1372 ) (-64 0 1372 ) (-64 0 1341.714111 ) 
5 151 165 (0 -1024 1136 ) (0 -1024 1328 ) (-45 -1024 1309 ) (-64 -1024 1264 ) (-64 -1024 1136 ) 
4 151 155 (-64 0 1136 ) (0 0 1136 ) (0 -128 1136 ) (-64 -128 1136 ) 
3 152 167 (-96 -1024 1320.470703 ) (-96 -1024 1264 ) (-68 -1024 1332 ) 
5 152 166 (-64 -1024 1372 ) (-96 -1024 1372 ) (-96 -1024 1320.470703 ) (-68 -1024 1332 ) (-64 -1024 1341.714233 ) 
4 152 153 (-67.998756 0 1332 ) (-64 0 1341.711792 ) (-64 -1024 1341.711792 ) (-67.998756 -1024 1332 ) 
4 152 154 (-96 -1024 1264 ) (-96 -1024 1372 ) (-96 0 1372 ) (-96 0 1264 ) 
3 153 166 (-64 -1024 1333.646973 ) (-64 -1024 1341.714233 ) (-68 -1024 1332 ) 
4 154 182 (-1024 0 1372 ) (-1024 0 1136 ) (-1024 -1024 1136 ) (-1024 -1024 1372 ) 
4 154 168 (-96 -1024 1372 ) (-1024 -1024 1372 ) (-1024 -1024 1136 ) (-96 -1024 1136 ) 
4 154 157 (-1024 -1024 1136 ) (-1024 0 1136 ) (-96 0 1136 ) (-96 -1024 1136 ) 
4 155 158 (-64 0 584 ) (0 0 584 ) (0 -128 584 ) (-64 -128 584 ) 
4 155 156 (-64 -128 1104 ) (-64 -128 584 ) (0 -128 584 ) (0 -128 1104 ) 
4 155 157 (-64 0 584 ) (-64 -128 584 ) (-64 -128 1136 ) (-64 0 1136 ) 
4 156 169 (0 -1024 584 ) (0 -1024 1104 ) (-64 -1024 1104 ) (-64 -1024 584 ) 
4 156 158 (0 -128 584 ) (0 -1024 584 ) (-64 -1024 584 ) (-64 -128 584 ) 
4 156 157 (-64 -128 584 ) (-64 -1024 584 ) (-64 -1024 1104 ) (-64 -128 1104 ) 
4 157 182 (-1024 0 1136 ) (-1024 0 584 ) (-1024 -1024 584 ) (-1024 -1024 1136 ) 
4 157 170 (-64 -1024 1136 ) (-1024 -1024 1136 ) (-1024 -1024 584 ) (-64 -1024 584 ) 
3 157 162 (-1015 -973 584 ) (-987.315918 -904.912109 584 ) (-954.652649 -948.463196 584 ) 
3 157 161 (-1024 -995.135132 584 ) (-1024 -856 584 ) (-987.315918 -904.912109 584 ) 
3 157 160 (-858.819458 -909.498047 584 ) (-833 -973 584 ) (-924 -936 584 ) 
4 157 159 (-1024 -856 584 ) (-1024 -503.243286 584 ) (-858.819458 -909.498047 584 ) (-954.652588 -948.463196 584 ) 
5 157 158 (-1024 -503.243286 584 ) (-1024 0 584 ) (-64 0 584 ) (-64 -1024 584 ) (-812.263733 -1024 584 ) 
4 158 184 (-1024 0 204 ) (-1024 0 -20 ) (-1024 -503.243286 -20 ) (-1024 -503.243286 204 ) 
4 158 183 (-1024 0 584 ) (-1024 0 204 ) (-1024 -503.243286 204 ) (-1024 -503.243286 584 ) 
4 158 176 (-779.736206 -1024 584 ) (-812.263733 -1024 584 ) (-812.263733 -1024 -20 ) (-779.736206 -1024 -20 ) 
4 158 175 (-436 -1024 584 ) (-779.736206 -1024 584 ) (-779.736206 -1024 -20 ) (-436 -1024 -20 ) 
4 158 171 (0 -1024 -20 ) (0 -1024 584 ) (-436 -1024 584 ) (-436 -1024 -20 ) 
4 158 160 (-858.821045 -909.498657 -20 ) (-833.002197 -973 -20 ) (-833.002258 -973 584 ) (-858.821106 -909.498718 584 ) 
4 158 159 (-1024 -503.247772 -20 ) (-858.821045 -909.498657 -20 ) (-858.821106 -909.498718 584 ) (-1024 -503.247925 584 ) 
4 159 184 (-1024 -503.243286 -20 ) (-1024 -856 -20 ) (-1024 -856 204 ) (-1024 -503.243286 204 ) 
4 159 183 (-1024 -856 204 ) (-1024 -856 584 ) (-1024 -503.243286 584 ) (-1024 -503.243286 204 ) 
4 159 162 (-954.652588 -948.463196 204 ) (-954.652588 -948.463196 584 ) (-987.315918 -904.912109 584 ) (-987.315918 -904.912109 204 ) 
4 159 161 (-987.315918 -904.912109 584 ) (-1024 -856 584 ) (-1024 -856 204 ) (-987.315918 -904.912109 204 ) 
4 159 160 (-923.997925 -936 -20 ) (-858.819702 -909.499634 -20 ) (-858.819702 -909.499634 584 ) (-923.997864 -936 584 ) 
4 161 183 (-1024 -995.135132 584 ) (-1024 -856 584 ) (-1024 -856 204 ) (-1024 -995.135132 204 ) 
3 161 163 (-1015.631409 -974.552856 204 ) (-1024 -995.135132 204 ) (-1024 -962 204 ) 
4 161 162 (-1015 -973 204 ) (-987.316406 -904.914063 204 ) (-987.316406 -904.914063 584 ) (-1015 -973 584 ) 
4 163 185 (-1024 -962 -20 ) (-1024 -995.135193 -20 ) (-1024 -995.135193 204 ) (-1024 -962 204 ) 
4 164 192 (0 -2048 1360 ) (0 -2048 1372 ) (-64 -2048 1372 ) (-64 -2048 1333.647095 ) 
4 164 166 (-64 -2048 1333.647095 ) (-64 -2048 1372 ) (-64 -1024 1372 ) (-64 -1024 1333.647095 ) 
5 165 193 (0 -2048 1136 ) (0 -2048 1328 ) (-45 -2048 1309 ) (-64 -2048 1264 ) (-64 -2048 1136 ) 
4 166 194 (-64 -2048 1372 ) (-96 -2048 1372 ) (-96 -2048 1320.470581 ) (-64 -2048 1333.647095 ) 
4 166 167 (-96 -2048 1320.468506 ) (-96 -1024 1320.468506 ) (-68.001099 -1024 1331.997314 ) (-68.001106 -2048 1331.997314 ) 
4 166 168 (-96 -2048 1320.470703 ) (-96 -2048 1372 ) (-96 -1024 1372 ) (-96 -1024 1320.470581 ) 
3 167 195 (-96 -2048 1320.470581 ) (-96 -2048 1264 ) (-68 -2048 1332 ) 
4 167 168 (-96 -2048 1264 ) (-96 -2048 1320.470703 ) (-96 -1024 1320.470581 ) (-96 -1024 1264 ) 
4 168 196 (-96 -2048 1372 ) (-1024 -2048 1372 ) (-1024 -2048 1136 ) (-96 -2048 1136 ) 
4 168 189 (-1024 -2048 1136 ) (-1024 -2048 1372 ) (-1024 -1024 1372 ) (-1024 -1024 1136 ) 
4 168 170 (-96 -2048 1136 ) (-1024 -2048 1136 ) (-1024 -1024 1136 ) (-96 -1024 1136 ) 
4 169 198 (0 -2048 584 ) (0 -2048 1104 ) (-64 -2048 1104 ) (-64 -2048 584 ) 
4 169 172 (0 -1288 584 ) (0 -1352 584 ) (-64 -1352 584 ) (-64 -1288 584 ) 
4 169 171 (-64 -1024 584 ) (0 -1024 584 ) (0 -1288 584 ) (-64 -1288 584 ) 
4 169 181 (0 -1352 584 ) (0 -2048 584 ) (-64 -2048 584 ) (-64 -1352 584 ) 
4 169 170 (-64 -1024 584 ) (-64 -2048 584 ) (-64 -2048 1104 ) (-64 -1024 1104 ) 
4 170 198 (-1024 -2048 1104 ) (-1024 -2048 584 ) (-64 -2048 584 ) (-64 -2048 1104 ) 
4 170 197 (-64 -2048 1136 ) (-1024 -2048 1136 ) (-1024 -2048 1104 ) (-64 -2048 1104 ) 
4 170 189 (-1024 -2048 584 ) (-1024 -2048 1136 ) (-1024 -1024 1136 ) (-1024 -1024 584 ) 
3 170 180 (-833 -1155 584 ) (-856.614319 -1213.078491 584 ) (-882.040344 -1174.939453 584 ) 
4 170 179 (-821.311157 -1126.251831 584 ) (-700 -1288 584 ) (-764 -1352 584 ) (-856.614319 -1213.078491 584 ) 
3 170 178 (-882.040344 -1174.939453 584 ) (-850.834229 -1221.748657 584 ) (-924 -1192 584 ) 
4 170 177 (-850.834229 -1221.748657 584 ) (-764 -1352 584 ) (-934.901001 -1352 584 ) (-1015 -1155 584 ) 
3 170 176 (-812.263794 -1024 584 ) (-779.736206 -1024 584 ) (-796 -1064 584 ) 
4 170 175 (-779.736206 -1024 584 ) (-436 -1024 584 ) (-700 -1288 584 ) (-821.311157 -1126.251831 584 ) 
3 170 174 (-1024 -1352 584 ) (-1024 -1132.864746 584 ) (-934.901001 -1352 584 ) 
4 170 172 (-64 -1288 584 ) (-64 -1352 584 ) (-700 -1352 584 ) (-700 -1288 584 ) 
4 170 171 (-436 -1024 584 ) (-64 -1024 584 ) (-64 -1288 584 ) (-700 -1288 584 ) 
3 170 173 (-700 -1352 584 ) (-764 -1352 584 ) (-700 -1288 584 ) 
4 170 181 (-1024 -2048 584 ) (-1024 -1352 584 ) (-64 -1352 584 ) (-64 -2048 584 ) 
4 171 175 (-435.996094 -1024 -20 ) (-700 -1288.002319 -20 ) (-700 -1288.001953 584 ) (-435.998077 -1024 584 ) 
4 171 172 (-700 -1288 584 ) (-700 -1288 204 ) (0 -1288 204 ) (0 -1288 584 ) 
4 172 181 (0 -1352 204 ) (0 -1352 584 ) (-700 -1352 584 ) (-700 -1352 204 ) 
4 172 173 (-700 -1288 584 ) (-700 -1288 204 ) (-700 -1352 204 ) (-700 -1352 584 ) 
4 173 179 (-763.998047 -1352 204 ) (-763.998047 -1352 584 ) (-700 -1288.001953 584 ) (-700 -1288.002197 204 ) 
4 173 181 (-764 -1352 -20 ) (-700 -1352 -20 ) (-700 -1352 584 ) (-764 -1352 584 ) 
4 174 190 (-1024 -1352 584 ) (-1024 -1132.864746 584 ) (-1024 -1132.864746 -20 ) (-1024 -1352 -20 ) 
4 174 177 (-934.900757 -1352 584 ) (-934.900757 -1352 -20 ) (-1015 -1155 -20 ) (-1015 -1155 584 ) 
4 174 181 (-1024 -1352 -20 ) (-934.901062 -1352 -20 ) (-934.901001 -1352 584 ) (-1024 -1352 584 ) 
4 175 179 (-700 -1288 204 ) (-700 -1288 584 ) (-821.310608 -1126.250488 584 ) (-821.310608 -1126.250488 204 ) 
4 175 176 (-779.738281 -1024 -20 ) (-796 -1063.998291 -20 ) (-796 -1064 584 ) (-779.736572 -1024 584 ) 
4 177 179 (-764.001953 -1352 584 ) (-764.001953 -1352 204 ) (-850.836670 -1221.747681 204 ) (-850.836670 -1221.747681 584 ) 
4 177 178 (-850.835999 -1221.748047 584 ) (-850.835938 -1221.748047 -20 ) (-924 -1192 -20 ) (-924 -1192 584 ) 
4 177 181 (-934.901062 -1352 -20 ) (-764 -1352 -20 ) (-764 -1352 584 ) (-934.901001 -1352 584 ) 
4 178 180 (-882.041748 -1174.939941 204 ) (-882.041748 -1174.939941 584 ) (-856.614990 -1213.080200 584 ) (-856.614990 -1213.080200 204 ) 
4 178 179 (-856.614990 -1213.080200 584 ) (-850.836670 -1221.747681 584 ) (-850.836670 -1221.747681 204 ) (-856.614990 -1213.080200 204 ) 
4 179 180 (-832.998535 -1155 204 ) (-856.615234 -1213.082031 204 ) (-856.615234 -1213.082031 584 ) (-832.998535 -1155 584 ) 
4 181 198 (0 -2048 -20 ) (0 -2048 584 ) (-1024 -2048 584 ) (-1024 -2048 -20 ) 
4 181 190 (-1024 -2048 -20 ) (-1024 -2048 584 ) (-1024 -1352 584 ) (-1024 -1352 -20 ) 
4 182 189 (-1024 -1024 584 ) (-1024 -1024 1372 ) (-1148 -1024 1372 ) (-1148 -1024 584 ) 
4 182 188 (-1148 -1024 584 ) (-1148 -1024 1372 ) (-1148 0 1372 ) (-1148 0 584 ) 
5 182 183 (-1035.736206 -1024 584 ) (-1148 -1024 584 ) (-1148 0 584 ) (-1024 0 584 ) (-1024 -995.135132 584 ) 
4 183 191 (-1035.736206 -1024 584 ) (-1068.263794 -1024 584 ) (-1068.263672 -1024 204 ) (-1035.736328 -1024 204 ) 
4 183 190 (-1068.263794 -1024 584 ) (-1148 -1024 584 ) (-1148 -1024 204 ) (-1068.263672 -1024 204 ) 
4 183 188 (-1148 -1024 204 ) (-1148 -1024 584 ) (-1148 0 584 ) (-1148 0 204 ) 
4 183 187 (-1148 -1024 204 ) (-1148 -776 204 ) (-1084 -872 204 ) (-1084 -1024 204 ) 
4 183 186 (-1148 -296 204 ) (-1148 -104 204 ) (-1084 -104 204 ) (-1084 -296 204 ) 
5 183 185 (-1024 -962 204 ) (-1024 -995.135132 204 ) (-1035.736206 -1024 204 ) (-1084 -1024 204 ) (-1084 -872 204 ) 
4 183 184 (-1084 0 204 ) (-1024 0 204 ) (-1024 -856 204 ) (-1084 -776 204 ) 
4 184 186 (-1084 -104 -20 ) (-1084 -296 -20 ) (-1084 -296 204 ) (-1084 -104 204 ) 
4 185 191 (-1035.736206 -1024 204 ) (-1068.263672 -1024 204 ) (-1068.263672 -1024 -20 ) (-1035.736206 -1024 -20 ) 
4 185 190 (-1068.263672 -1024 204 ) (-1084 -1024 204 ) (-1084 -1024 -20 ) (-1068.263672 -1024 -20 ) 
4 185 187 (-1084 -872 -20 ) (-1084 -1024 -20 ) (-1084 -1024 204 ) (-1084 -872 204 ) 
4 186 188 (-1148 -104 -20 ) (-1148 -296 -20 ) (-1148 -296 204 ) (-1148 -104 204 ) 
4 187 190 (-1084 -1024 204 ) (-1148 -1024 204 ) (-1148 -1024 -20 ) (-1084 -1024 -20 ) 
4 187 188 (-1148 -776 -20 ) (-1148 -1024 -20 ) (-1148 -1024 204 ) (-1148 -776 204 ) 
4 188 190 (-1756 -1024 584 ) (-1756 -1024 -20 ) (-1148 -1024 -20 ) (-1148 -1024 584 ) 
4 188 189 (-1148 -1024 1372 ) (-1756 -1024 1372 ) (-1756 -1024 584 ) (-1148 -1024 584 ) 
4 189 200 (-1024 -2048 584 ) (-1024 -2048 1372 ) (-1756 -2048 1372 ) (-1756 -2048 584 ) 
3 189 191 (-1068.263672 -1024 584 ) (-1035.736206 -1024 584 ) (-1052 -1064 584 ) 
5 189 190 (-1024 -2048 584 ) (-1756 -2048 584 ) (-1756 -1024 584 ) (-1068.263672 -1024 584 ) (-1024 -1132.864746 584 ) 
4 190 200 (-1024 -2048 -20 ) (-1024 -2048 584 ) (-1756 -2048 584 ) (-1756 -2048 -20 ) 
4 190 191 (-1052 -1064 -20 ) (-1068.263062 -1024 -20 ) (-1068.263184 -1024 584 ) (-1052 -1064 584 ) 
4 192 199 (0 -2240 1360 ) (0 -2240 1372 ) (-64 -2240 1372 ) (-64 -2240 1333.647095 ) 
4 192 194 (-64 -2240 1333.647095 ) (-64 -2240 1372 ) (-64 -2048 1372 ) (-64 -2048 1333.647095 ) 
5 193 199 (-64 -2240 1136 ) (0 -2240 1136 ) (0 -2240 1328 ) (-45 -2240 1309 ) (-64 -2240 1264 ) 
4 194 199 (-64 -2240 1333.647095 ) (-64 -2240 1372 ) (-96 -2240 1372 ) (-96 -2240 1320.470581 ) 
4 194 195 (-96 -2240 1320.468506 ) (-96 -2048 1320.468506 ) (-68.001099 -2048 1331.997314 ) (-68.001106 -2240 1331.997314 ) 
4 194 196 (-96 -2240 1320.470703 ) (-96 -2240 1372 ) (-96 -2048 1372 ) (-96 -2048 1320.470581 ) 
3 195 199 (-68 -2240 1332 ) (-96 -2240 1320.470581 ) (-96 -2240 1264 ) 
4 195 196 (-96 -2240 1264 ) (-96 -2240 1320.470703 ) (-96 -2048 1320.470581 ) (-96 -2048 1264 ) 
4 196 200 (-1024 -2048 1372 ) (-1024 -2048 1136 ) (-1024 -2240 1136 ) (-1024 -2240 1372 ) 
4 196 199 (-1024 -2240 1372 ) (-1024 -2240 1136 ) (-96 -2240 1136 ) (-96 -2240 1372 ) 
4 196 197 (-96 -2240 1136 ) (-1024 -2240 1136 ) (-1024 -2048 1136 ) (-96 -2048 1136 ) 
4 197 200 (-1024 -2048 1136 ) (-1024 -2048 1104 ) (-1024 -2240 1104 ) (-1024 -2240 1136 ) 
4 197 199 (-1024 -2240 1136 ) (-1024 -2240 1104 ) (-64 -2240 1104 ) (-64 -2240 1136 ) 
4 197 198 (-64 -2240 1104 ) (-1024 -2240 1104 ) (-1024 -2048 1104 ) (-64 -2048 1104 ) 
4 198 200 (-1024 -2048 1104 ) (-1024 -2048 -20 ) (-1024 -2240 -20 ) (-1024 -2240 1104 ) 
4 198 199 (-1024 -2240 1104 ) (-1024 -2240 -20 ) (0 -2240 -20 ) (0 -2240 1104 ) 
4 199 200 (-1024 -2272 1372 ) (-1024 -2240 1372 ) (-1024 -2240 -20 ) (-1024 -2272 -20 ) 
