PRT1
169
427
4 0 8 (3136 2048 64 ) (3072 2048 64 ) (3072 2048 -2816 ) (3136 2048 -2816 ) 
4 0 2 (3072 2048 -2816 ) (3072 2048 64 ) (3072 2688 64 ) (3072 2688 -2816 ) 
4 0 1 (3136 2048 -2816 ) (3072 2048 -2816 ) (3072 2688 -2816 ) (3136 2688 -2816 ) 
4 1 9 (3136 2048 -2816 ) (3072 2048 -2816 ) (3072 2048 -3584 ) (3136 2048 -3584 ) 
4 1 3 (3072 2048 -3584 ) (3072 2048 -2816 ) (3072 2688 -2816 ) (3072 2688 -3584 ) 
4 2 14 (3072 2048 -2816 ) (3072 2048 64 ) (2048 2048 64 ) (2048 2048 -2816 ) 
4 2 4 (2048 2048 -2816 ) (2048 2048 64 ) (2048 2688 64 ) (2048 2688 -2816 ) 
4 2 3 (2048 2048 -2816 ) (2048 2688 -2816 ) (3072 2688 -2816 ) (3072 2048 -2816 ) 
4 3 15 (3072 2048 -3584 ) (3072 2048 -2816 ) (2048 2048 -2816 ) (2048 2048 -3584 ) 
4 3 5 (2048 2048 -3584 ) (2048 2048 -2816 ) (2048 2688 -2816 ) (2048 2688 -3584 ) 
4 4 18 (1536 2048 64 ) (1024 2048 64 ) (1024 2048 -2816 ) (1536 2048 -2816 ) 
4 4 16 (2048 2048 -2816 ) (2048 2048 64 ) (1536 2048 64 ) (1536 2048 -2816 ) 
4 4 6 (1024 2048 -2816 ) (1024 2048 64 ) (1024 2688 64 ) (1024 2688 -2816 ) 
4 4 5 (2048 2688 -2816 ) (2048 2048 -2816 ) (1024 2048 -2816 ) (1024 2688 -2816 ) 
4 5 19 (2048 2048 -3584 ) (2048 2048 -2816 ) (1024 2048 -2816 ) (1024 2048 -3584 ) 
4 5 7 (1024 2048 -3584 ) (1024 2048 -2816 ) (1024 2688 -2816 ) (1024 2688 -3584 ) 
4 6 71 (0 2048 -2816 ) (0 2048 64 ) (0 2688 64 ) (0 2688 -2816 ) 
4 6 20 (0 2048 64 ) (0 2048 -2816 ) (1024 2048 -2816 ) (1024 2048 64 ) 
4 6 7 (0 2048 -2816 ) (0 2688 -2816 ) (1024 2688 -2816 ) (1024 2048 -2816 ) 
4 7 72 (0 2048 -3584 ) (0 2048 -2816 ) (0 2688 -2816 ) (0 2688 -3584 ) 
4 7 21 (0 2048 -2816 ) (0 2048 -3584 ) (1024 2048 -3584 ) (1024 2048 -2816 ) 
4 8 14 (3072 2048 64 ) (3072 2048 -2816 ) (3072 1024 -2816 ) (3072 1024 64 ) 
4 8 10 (3136 1024 64 ) (3072 1024 64 ) (3072 1024 -2816 ) (3136 1024 -2816 ) 
4 8 9 (3136 1024 -2816 ) (3072 1024 -2816 ) (3072 2048 -2816 ) (3136 2048 -2816 ) 
4 9 15 (3072 2048 -2816 ) (3072 2048 -3584 ) (3072 1024 -3584 ) (3072 1024 -2816 ) 
4 9 11 (3136 1024 -2816 ) (3072 1024 -2816 ) (3072 1024 -3584 ) (3136 1024 -3584 ) 
4 10 22 (3072 0 -2816 ) (3072 0 64 ) (3072 1024 64 ) (3072 1024 -2816 ) 
4 10 12 (3072 0 64 ) (3072 0 -2816 ) (3136 0 -2816 ) (3136 0 64 ) 
4 10 11 (3136 0 -2816 ) (3072 0 -2816 ) (3072 1024 -2816 ) (3136 1024 -2816 ) 
4 11 23 (3072 0 -3584 ) (3072 0 -2816 ) (3072 1024 -2816 ) (3072 1024 -3584 ) 
4 11 13 (3072 0 -2816 ) (3072 0 -3584 ) (3136 0 -3584 ) (3136 0 -2816 ) 
4 12 36 (3136 -1024 64 ) (3072 -1024 64 ) (3072 -1024 -2816 ) (3136 -1024 -2816 ) 
4 12 24 (3072 -1024 -2816 ) (3072 -1024 64 ) (3072 0 64 ) (3072 0 -2816 ) 
4 12 13 (3136 -1024 -2816 ) (3072 -1024 -2816 ) (3072 0 -2816 ) (3136 0 -2816 ) 
4 13 37 (3136 -1024 -2816 ) (3072 -1024 -2816 ) (3072 -1024 -3584 ) (3136 -1024 -3584 ) 
4 13 25 (3072 -1024 -3584 ) (3072 -1024 -2816 ) (3072 0 -2816 ) (3072 0 -3584 ) 
4 14 22 (3072 1024 -2816 ) (3072 1024 64 ) (2048 1024 64 ) (2048 1024 -2816 ) 
4 14 17 (2048 1280 -2816 ) (2048 1024 -2816 ) (2048 1024 64 ) (2048 1280 64 ) 
4 14 16 (2048 2048 64 ) (2048 2048 -2816 ) (2048 1280 -2816 ) (2048 1280 64 ) 
4 14 15 (3072 1024 -2816 ) (2048 1024 -2816 ) (2048 2048 -2816 ) (3072 2048 -2816 ) 
4 15 23 (3072 1024 -3584 ) (3072 1024 -2816 ) (2048 1024 -2816 ) (2048 1024 -3584 ) 
4 15 19 (2048 2048 -2816 ) (2048 2048 -3584 ) (2048 1024 -3584 ) (2048 1024 -2816 ) 
4 16 19 (1536 1280 -2816 ) (1536 2048 -2816 ) (2048 2048 -2816 ) (2048 1280 -2816 ) 
4 16 18 (1536 2048 -2816 ) (1536 1280 -2816 ) (1536 1280 64 ) (1536 2048 64 ) 
7 16 17 (1536 1280 64 ) (1536 1280 -2624 ) (1600 1280 -2688 ) (1727.997803 1280 -2752 ) (1920 1280 -2816 ) (2048 1280 -2816 ) (2048 1280 64 ) 
7 17 26 (2048 1024 -2816 ) (2048 1024 64 ) (1536 1024 64 ) (1536 1024 -2624 ) (1600 1024 -2688 ) (1727.997803 1024 -2752 ) (1920 1024 -2816 ) 
4 17 19 (2048 1024 -2816 ) (1920 1024 -2816 ) (1920 1280 -2816 ) (2048 1280 -2816 ) 
4 17 18 (1536 1024 -2624 ) (1536 1024 64 ) (1536 1280 64 ) (1536 1280 -2624 ) 
4 18 28 (1024 1024 64 ) (1024 1024 -2816 ) (1536 1024 -2816 ) (1536 1024 64 ) 
4 18 20 (1024 1024 -2816 ) (1024 1024 64 ) (1024 2048 64 ) (1024 2048 -2816 ) 
4 18 19 (1536 1024 -2816 ) (1024 1024 -2816 ) (1024 2048 -2816 ) (1536 2048 -2816 ) 
4 19 29 (2048 1024 -3584 ) (2048 1024 -2816 ) (1024 1024 -2816 ) (1024 1024 -3584 ) 
4 19 21 (1024 1024 -3584 ) (1024 1024 -2816 ) (1024 2048 -2816 ) (1024 2048 -3584 ) 
4 20 77 (0 1024 -2816 ) (0 1024 64 ) (0 2048 64 ) (0 2048 -2816 ) 
4 20 30 (0 1024 64 ) (0 1024 -2816 ) (1024 1024 -2816 ) (1024 1024 64 ) 
4 20 21 (0 1024 -2816 ) (0 2048 -2816 ) (1024 2048 -2816 ) (1024 1024 -2816 ) 
4 21 78 (0 1024 -3584 ) (0 1024 -2816 ) (0 2048 -2816 ) (0 2048 -3584 ) 
4 21 31 (0 1024 -2816 ) (0 1024 -3584 ) (1024 1024 -3584 ) (1024 1024 -2816 ) 
4 22 27 (2048 960 -2816 ) (2048 0 -2816 ) (2048 0 64 ) (2048 960 64 ) 
4 22 26 (2048 1024 64 ) (2048 1024 -2816 ) (2048 960 -2816 ) (2048 960 64 ) 
4 22 24 (3072 0 -2816 ) (3072 0 64 ) (2048 0 64 ) (2048 0 -2816 ) 
4 22 23 (2048 0 -2816 ) (2048 1024 -2816 ) (3072 1024 -2816 ) (3072 0 -2816 ) 
4 23 29 (2048 1024 -2816 ) (2048 1024 -3584 ) (2048 0 -3584 ) (2048 0 -2816 ) 
4 23 25 (3072 0 -3584 ) (3072 0 -2816 ) (2048 0 -2816 ) (2048 0 -3584 ) 
4 24 40 (3072 -1024 -2816 ) (3072 -1024 64 ) (2048 -1024 64 ) (2048 -1024 -2816 ) 
4 24 32 (2048 -1024 -2816 ) (2048 -1024 64 ) (2048 0 64 ) (2048 0 -2816 ) 
4 24 25 (3072 -1024 -2816 ) (2048 -1024 -2816 ) (2048 0 -2816 ) (3072 0 -2816 ) 
4 25 41 (3072 -1024 -3584 ) (3072 -1024 -2816 ) (2048 -1024 -2816 ) (2048 -1024 -3584 ) 
4 25 33 (2048 -1024 -3584 ) (2048 -1024 -2816 ) (2048 0 -2816 ) (2048 0 -3584 ) 
4 26 29 (1920 1024 -2816 ) (2048 1024 -2816 ) (2048 960 -2816 ) (1920 960 -2816 ) 
4 26 28 (1536 1024 64 ) (1536 1024 -2624 ) (1536 960 -2624 ) (1536 960 64 ) 
7 26 27 (1536 960 64 ) (1536 960 -2624 ) (1600 960 -2688 ) (1727.997803 960 -2752 ) (1920 960 -2816 ) (2048 960 -2816 ) (2048 960 64 ) 
4 27 32 (2048 0 -2816 ) (2048 0 64 ) (1536 0 64 ) (1536 0 -2816 ) 
4 27 29 (2048 0 -2816 ) (1536 0 -2816 ) (1536 960 -2816 ) (2048 960 -2816 ) 
4 27 28 (1536 960 -2816 ) (1536 0 -2816 ) (1536 0 64 ) (1536 960 64 ) 
4 28 32 (1024 0 64 ) (1024 0 -2816 ) (1536 0 -2816 ) (1536 0 64 ) 
4 28 30 (1024 1024 64 ) (1024 1024 -2816 ) (1024 0 -2816 ) (1024 0 64 ) 
4 28 29 (1536 0 -2816 ) (1024 0 -2816 ) (1024 1024 -2816 ) (1536 1024 -2816 ) 
4 29 33 (2048 0 -3584 ) (2048 0 -2816 ) (1024 0 -2816 ) (1024 0 -3584 ) 
4 29 31 (1024 1024 -2816 ) (1024 1024 -3584 ) (1024 0 -3584 ) (1024 0 -2816 ) 
4 30 85 (0 0 -2816 ) (0 0 64 ) (0 1024 64 ) (0 1024 -2816 ) 
4 30 34 (0 0 64 ) (0 0 -2816 ) (1024 0 -2816 ) (1024 0 64 ) 
4 30 31 (1024 1024 -2816 ) (1024 0 -2816 ) (0 0 -2816 ) (0 1024 -2816 ) 
4 31 86 (0 0 -3584 ) (0 0 -2816 ) (0 1024 -2816 ) (0 1024 -3584 ) 
4 31 35 (0 0 -2816 ) (0 0 -3584 ) (1024 0 -3584 ) (1024 0 -2816 ) 
4 32 44 (2048 -1024 -2816 ) (2048 -1024 64 ) (1024 -1024 64 ) (1024 -1024 -2816 ) 
4 32 34 (1024 0 64 ) (1024 0 -2816 ) (1024 -1024 -2816 ) (1024 -1024 64 ) 
4 32 33 (1024 0 -2816 ) (2048 0 -2816 ) (2048 -1024 -2816 ) (1024 -1024 -2816 ) 
4 33 45 (2048 -1024 -3584 ) (2048 -1024 -2816 ) (1024 -1024 -2816 ) (1024 -1024 -3584 ) 
4 33 35 (1024 0 -2816 ) (1024 0 -3584 ) (1024 -1024 -3584 ) (1024 -1024 -2816 ) 
4 34 90 (0 -1024 -1408 ) (0 -1024 -1344 ) (0 -619.845337 -1344 ) (0 -619.845337 -1408 ) 
4 34 89 (0 -619.845337 -1344 ) (0 0 -1344 ) (0 0 -1408 ) (0 -619.845337 -1408 ) 
4 34 87 (0 -1024 -1344 ) (0 -1024 64 ) (0 0 64 ) (0 0 -1344 ) 
4 34 92 (0 -1024 -2816 ) (0 -1024 -1408 ) (0 0 -1408 ) (0 0 -2816 ) 
4 34 46 (1024 -1024 -2816 ) (1024 -1024 64 ) (0 -1024 64 ) (0 -1024 -2816 ) 
4 34 35 (0 -1024 -2816 ) (0 0 -2816 ) (1024 0 -2816 ) (1024 -1024 -2816 ) 
4 35 93 (0 -1024 -3584 ) (0 -1024 -2816 ) (0 0 -2816 ) (0 0 -3584 ) 
4 35 47 (1024 -1024 -3584 ) (1024 -1024 -2816 ) (0 -1024 -2816 ) (0 -1024 -3584 ) 
4 36 40 (3072 -2048 -2816 ) (3072 -2048 64 ) (3072 -1024 64 ) (3072 -1024 -2816 ) 
4 36 38 (3136 -2048 64 ) (3072 -2048 64 ) (3072 -2048 -2816 ) (3136 -2048 -2816 ) 
4 36 37 (3136 -2048 -2816 ) (3072 -2048 -2816 ) (3072 -1024 -2816 ) (3136 -1024 -2816 ) 
4 37 41 (3072 -2048 -3584 ) (3072 -2048 -2816 ) (3072 -1024 -2816 ) (3072 -1024 -3584 ) 
4 37 39 (3136 -2048 -2816 ) (3072 -2048 -2816 ) (3072 -2048 -3584 ) (3136 -2048 -3584 ) 
4 38 52 (3136 -3072 64 ) (3072 -3072 64 ) (3072 -3072 -2816 ) (3136 -3072 -2816 ) 
4 38 42 (3072 -3072 -2816 ) (3072 -3072 64 ) (3072 -2048 64 ) (3072 -2048 -2816 ) 
4 38 39 (3136 -3072 -2816 ) (3072 -3072 -2816 ) (3072 -2048 -2816 ) (3136 -2048 -2816 ) 
4 39 53 (3136 -3072 -2816 ) (3072 -3072 -2816 ) (3072 -3072 -3584 ) (3136 -3072 -3584 ) 
4 39 43 (3072 -3072 -3584 ) (3072 -3072 -2816 ) (3072 -2048 -2816 ) (3072 -2048 -3584 ) 
4 40 44 (2048 -1024 64 ) (2048 -1024 -2816 ) (2048 -2048 -2816 ) (2048 -2048 64 ) 
4 40 42 (3072 -2048 -2816 ) (3072 -2048 64 ) (2048 -2048 64 ) (2048 -2048 -2816 ) 
4 40 41 (2048 -2048 -2816 ) (2048 -1024 -2816 ) (3072 -1024 -2816 ) (3072 -2048 -2816 ) 
4 41 45 (2048 -1024 -2816 ) (2048 -1024 -3584 ) (2048 -2048 -3584 ) (2048 -2048 -2816 ) 
4 41 43 (3072 -2048 -3584 ) (3072 -2048 -2816 ) (2048 -2048 -2816 ) (2048 -2048 -3584 ) 
4 42 56 (3072 -3072 -2816 ) (3072 -3072 64 ) (2048 -3072 64 ) (2048 -3072 -2816 ) 
4 42 48 (2048 -3072 -2816 ) (2048 -3072 64 ) (2048 -2048 64 ) (2048 -2048 -2816 ) 
4 42 43 (2048 -3072 -2816 ) (2048 -2048 -2816 ) (3072 -2048 -2816 ) (3072 -3072 -2816 ) 
4 43 57 (3072 -3072 -3584 ) (3072 -3072 -2816 ) (2048 -3072 -2816 ) (2048 -3072 -3584 ) 
4 43 49 (2048 -3072 -3584 ) (2048 -3072 -2816 ) (2048 -2048 -2816 ) (2048 -2048 -3584 ) 
4 44 48 (2048 -2048 -2816 ) (2048 -2048 64 ) (1024 -2048 64 ) (1024 -2048 -2816 ) 
4 44 46 (1024 -1024 64 ) (1024 -1024 -2816 ) (1024 -2048 -2816 ) (1024 -2048 64 ) 
4 44 45 (2048 -2048 -2816 ) (1024 -2048 -2816 ) (1024 -1024 -2816 ) (2048 -1024 -2816 ) 
4 45 49 (2048 -2048 -3584 ) (2048 -2048 -2816 ) (1024 -2048 -2816 ) (1024 -2048 -3584 ) 
4 45 47 (1024 -1024 -2816 ) (1024 -1024 -3584 ) (1024 -2048 -3584 ) (1024 -2048 -2816 ) 
4 46 124 (0 -1556.154663 -1344 ) (0 -1024 -1344 ) (0 -1024 -1408 ) (0 -1556.154663 -1408 ) 
4 46 121 (0 -2048 -1408 ) (0 -2048 -1344 ) (0 -1556.154663 -1344 ) (0 -1556.154663 -1408 ) 
4 46 120 (0 -2048 -1344 ) (0 -2048 64 ) (0 -1024 64 ) (0 -1024 -1344 ) 
4 46 127 (0 -2048 -2816 ) (0 -2048 -1408 ) (0 -1024 -1408 ) (0 -1024 -2816 ) 
4 46 50 (1024 -2048 -2816 ) (1024 -2048 64 ) (0 -2048 64 ) (0 -2048 -2816 ) 
4 46 47 (1024 -1024 -2816 ) (1024 -2048 -2816 ) (0 -2048 -2816 ) (0 -1024 -2816 ) 
4 47 128 (0 -2048 -3584 ) (0 -2048 -2816 ) (0 -1024 -2816 ) (0 -1024 -3584 ) 
4 47 51 (1024 -2048 -3584 ) (1024 -2048 -2816 ) (0 -2048 -2816 ) (0 -2048 -3584 ) 
4 48 58 (2048 -3072 -2816 ) (2048 -3072 64 ) (1024 -3072 64 ) (1024 -3072 -2816 ) 
4 48 50 (1024 -2048 64 ) (1024 -2048 -2816 ) (1024 -3072 -2816 ) (1024 -3072 64 ) 
4 48 49 (1024 -2048 -2816 ) (2048 -2048 -2816 ) (2048 -3072 -2816 ) (1024 -3072 -2816 ) 
4 49 59 (2048 -3072 -3584 ) (2048 -3072 -2816 ) (1024 -3072 -2816 ) (1024 -3072 -3584 ) 
4 49 51 (1024 -2048 -2816 ) (1024 -2048 -3584 ) (1024 -3072 -3584 ) (1024 -3072 -2816 ) 
4 50 129 (0 -3072 -2816 ) (0 -3072 64 ) (0 -2048 64 ) (0 -2048 -2816 ) 
4 50 60 (0 -3072 64 ) (0 -3072 -2816 ) (1024 -3072 -2816 ) (1024 -3072 64 ) 
4 50 51 (0 -3072 -2816 ) (0 -2048 -2816 ) (1024 -2048 -2816 ) (1024 -3072 -2816 ) 
4 51 130 (0 -3072 -3584 ) (0 -3072 -2816 ) (0 -2048 -2816 ) (0 -2048 -3584 ) 
4 51 64 (0 -3072 -2816 ) (0 -3072 -3584 ) (1024 -3072 -3584 ) (1024 -3072 -2816 ) 
4 52 56 (3072 -3072 64 ) (3072 -3072 -2816 ) (3072 -4096 -2816 ) (3072 -4096 64 ) 
4 52 54 (3136 -4096 64 ) (3072 -4096 64 ) (3072 -4096 -2816 ) (3136 -4096 -2816 ) 
4 52 53 (3136 -4096 -2816 ) (3072 -4096 -2816 ) (3072 -3072 -2816 ) (3136 -3072 -2816 ) 
4 53 57 (3072 -3072 -2816 ) (3072 -3072 -3584 ) (3072 -4096 -3584 ) (3072 -4096 -2816 ) 
4 53 55 (3136 -4096 -2816 ) (3072 -4096 -2816 ) (3072 -4096 -3584 ) (3136 -4096 -3584 ) 
4 54 65 (3072 -4864 64 ) (3072 -4096 64 ) (3072 -4096 -2816 ) (3072 -4864 -2816 ) 
4 54 55 (3072 -4864 -2816 ) (3072 -4096 -2816 ) (3136 -4096 -2816 ) (3136 -4864 -2816 ) 
4 55 66 (3072 -4864 -2816 ) (3072 -4096 -2816 ) (3072 -4096 -3584 ) (3072 -4864 -3584 ) 
4 56 65 (3072 -4096 -2816 ) (3072 -4096 64 ) (2048 -4096 64 ) (2048 -4096 -2816 ) 
4 56 58 (2048 -3072 64 ) (2048 -3072 -2816 ) (2048 -4096 -2816 ) (2048 -4096 64 ) 
4 56 57 (3072 -4096 -2816 ) (2048 -4096 -2816 ) (2048 -3072 -2816 ) (3072 -3072 -2816 ) 
4 57 66 (3072 -4096 -3584 ) (3072 -4096 -2816 ) (2048 -4096 -2816 ) (2048 -4096 -3584 ) 
4 57 59 (2048 -3072 -2816 ) (2048 -3072 -3584 ) (2048 -4096 -3584 ) (2048 -4096 -2816 ) 
4 58 67 (2048 -4096 -2816 ) (2048 -4096 64 ) (1024 -4096 64 ) (1024 -4096 -2816 ) 
4 58 63 (1024 -4096 -2816 ) (1024 -4096 64 ) (1024 -3520 64 ) (1024 -3520 -2816 ) 
4 58 61 (1024 -3520 64 ) (1024 -3200 64 ) (1024 -3200 -2816 ) (1024 -3520 -2816 ) 
4 58 60 (1024 -3200 64 ) (1024 -3072 64 ) (1024 -3072 -2816 ) (1024 -3200 -2816 ) 
4 58 59 (2048 -4096 -2816 ) (1024 -4096 -2816 ) (1024 -3072 -2816 ) (2048 -3072 -2816 ) 
4 59 68 (2048 -4096 -3584 ) (2048 -4096 -2816 ) (1024 -4096 -2816 ) (1024 -4096 -3584 ) 
4 59 64 (1024 -4096 -3584 ) (1024 -4096 -2816 ) (1024 -3072 -2816 ) (1024 -3072 -3584 ) 
4 60 141 (0 -3072 64 ) (0 -3072 -2816 ) (0 -3200 -2816 ) (0 -3200 64 ) 
4 60 64 (0 -3200 -2816 ) (0 -3072 -2816 ) (1024 -3072 -2816 ) (1024 -3200 -2816 ) 
8 60 61 (576 -3200 -2816 ) (1024 -3200 -2816 ) (1024 -3200 64 ) (128 -3200 64 ) (128 -3200 -2496 ) (192 -3200 -2624 ) (256 -3200 -2688 ) (383.997742 -3200 -2752 ) 
4 60 62 (0 -3200 -2816 ) (128 -3200 -2816 ) (128 -3200 64 ) (0 -3200 64 ) 
4 61 64 (576 -3200 -2816 ) (1024 -3200 -2816 ) (1024 -3520 -2816 ) (576 -3520 -2816 ) 
8 61 63 (576 -3520 -2816 ) (1024 -3520 -2816 ) (1024 -3520 64 ) (128 -3520 64 ) (128 -3520 -2496 ) (192 -3520 -2624 ) (256 -3520 -2688 ) (383.997742 -3520 -2752 ) 
4 61 62 (128 -3520 -2496 ) (128 -3520 64 ) (128 -3200 64 ) (128 -3200 -2496 ) 
4 62 141 (0 -3200 64 ) (0 -3200 -2816 ) (0 -3520 -2816 ) (0 -3520 64 ) 
4 62 64 (0 -3520 -2816 ) (0 -3200 -2816 ) (128 -3200 -2816 ) (128 -3520 -2816 ) 
4 62 63 (0 -3520 64 ) (0 -3520 -2816 ) (128 -3520 -2816 ) (128 -3520 64 ) 
4 63 141 (0 -4096 -2816 ) (0 -4096 64 ) (0 -3520 64 ) (0 -3520 -2816 ) 
4 63 69 (0 -4096 64 ) (0 -4096 -2816 ) (1024 -4096 -2816 ) (1024 -4096 64 ) 
4 63 64 (0 -4096 -2816 ) (0 -3520 -2816 ) (1024 -3520 -2816 ) (1024 -4096 -2816 ) 
4 64 142 (0 -4096 -3584 ) (0 -4096 -2816 ) (0 -3072 -2816 ) (0 -3072 -3584 ) 
4 64 70 (0 -4096 -2816 ) (0 -4096 -3584 ) (1024 -4096 -3584 ) (1024 -4096 -2816 ) 
4 65 67 (2048 -4096 64 ) (2048 -4096 -2816 ) (2048 -4864 -2816 ) (2048 -4864 64 ) 
4 65 66 (2048 -4864 -2816 ) (2048 -4096 -2816 ) (3072 -4096 -2816 ) (3072 -4864 -2816 ) 
4 66 68 (2048 -4096 -2816 ) (2048 -4096 -3584 ) (2048 -4864 -3584 ) (2048 -4864 -2816 ) 
4 67 69 (1024 -4096 64 ) (1024 -4096 -2816 ) (1024 -4864 -2816 ) (1024 -4864 64 ) 
4 67 68 (1024 -4864 -2816 ) (1024 -4096 -2816 ) (2048 -4096 -2816 ) (2048 -4864 -2816 ) 
4 68 70 (1024 -4096 -2816 ) (1024 -4096 -3584 ) (1024 -4864 -3584 ) (1024 -4864 -2816 ) 
4 69 147 (0 -4864 64 ) (0 -4096 64 ) (0 -4096 -2816 ) (0 -4864 -2816 ) 
4 69 70 (1024 -4096 -2816 ) (1024 -4864 -2816 ) (0 -4864 -2816 ) (0 -4096 -2816 ) 
4 70 148 (0 -4864 -2816 ) (0 -4096 -2816 ) (0 -4096 -3584 ) (0 -4864 -3584 ) 
4 71 77 (0 2048 -2816 ) (0 2048 64 ) (-1024 2048 64 ) (-1024 2048 -2816 ) 
4 71 73 (-1024 2048 -2816 ) (-1024 2048 64 ) (-1024 2688 64 ) (-1024 2688 -2816 ) 
4 71 72 (-1024 2048 -2816 ) (-1024 2688 -2816 ) (0 2688 -2816 ) (0 2048 -2816 ) 
4 72 78 (0 2048 -3584 ) (0 2048 -2816 ) (-1024 2048 -2816 ) (-1024 2048 -3584 ) 
4 72 74 (-1024 2048 -3584 ) (-1024 2048 -2816 ) (-1024 2688 -2816 ) (-1024 2688 -3584 ) 
4 73 79 (-1024 2048 -2816 ) (-1024 2048 64 ) (-2048 2048 64 ) (-2048 2048 -2816 ) 
4 73 75 (-2048 2048 -2816 ) (-2048 2048 64 ) (-2048 2688 64 ) (-2048 2688 -2816 ) 
4 73 74 (-1024 2688 -2816 ) (-1024 2048 -2816 ) (-2048 2048 -2816 ) (-2048 2688 -2816 ) 
4 74 80 (-1024 2048 -3584 ) (-1024 2048 -2816 ) (-2048 2048 -2816 ) (-2048 2048 -3584 ) 
4 74 76 (-2048 2048 -3584 ) (-2048 2048 -2816 ) (-2048 2688 -2816 ) (-2048 2688 -3584 ) 
4 75 104 (-3072 2048 -2816 ) (-3072 2048 64 ) (-3072 2688 64 ) (-3072 2688 -2816 ) 
4 75 81 (-2048 2048 -2816 ) (-2048 2048 64 ) (-3072 2048 64 ) (-3072 2048 -2816 ) 
4 75 76 (-2048 2688 -2816 ) (-2048 2048 -2816 ) (-3072 2048 -2816 ) (-3072 2688 -2816 ) 
4 76 105 (-3072 2048 -3584 ) (-3072 2048 -2816 ) (-3072 2688 -2816 ) (-3072 2688 -3584 ) 
4 76 84 (-2048 2048 -3584 ) (-2048 2048 -2816 ) (-3072 2048 -2816 ) (-3072 2048 -3584 ) 
4 77 85 (0 1024 -2816 ) (0 1024 64 ) (-1024 1024 64 ) (-1024 1024 -2816 ) 
4 77 79 (-1024 1024 -2816 ) (-1024 1024 64 ) (-1024 2048 64 ) (-1024 2048 -2816 ) 
4 77 78 (0 1024 -2816 ) (-1024 1024 -2816 ) (-1024 2048 -2816 ) (0 2048 -2816 ) 
4 78 86 (0 1024 -3584 ) (0 1024 -2816 ) (-1024 1024 -2816 ) (-1024 1024 -3584 ) 
4 78 80 (-1024 1024 -3584 ) (-1024 1024 -2816 ) (-1024 2048 -2816 ) (-1024 2048 -3584 ) 
4 79 94 (-1024 1024 -2816 ) (-1024 1024 64 ) (-2048 1024 64 ) (-2048 1024 -2816 ) 
4 79 82 (-2048 1216 -2816 ) (-2048 1024 -2816 ) (-2048 1024 64 ) (-2048 1216 64 ) 
4 79 81 (-2048 2048 64 ) (-2048 2048 -2816 ) (-2048 1216 -2816 ) (-2048 1216 64 ) 
4 79 80 (-1024 1024 -2816 ) (-2048 1024 -2816 ) (-2048 2048 -2816 ) (-1024 2048 -2816 ) 
4 80 95 (-1024 1024 -3584 ) (-1024 1024 -2816 ) (-2048 1024 -2816 ) (-2048 1024 -3584 ) 
4 80 84 (-2048 2048 -2816 ) (-2048 2048 -3584 ) (-2048 1024 -3584 ) (-2048 1024 -2816 ) 
4 81 108 (-3072 2048 64 ) (-3072 2048 -2816 ) (-3072 1216 -2816 ) (-3072 1216 64 ) 
4 81 84 (-3072 1216 -2816 ) (-3072 2048 -2816 ) (-2048 2048 -2816 ) (-2048 1216 -2816 ) 
8 81 83 (-3072 1216 64 ) (-3072 1216 -2816 ) (-2688 1216 -2816 ) (-2495.998779 1216 -2752 ) (-2368 1216 -2688 ) (-2304 1216 -2624 ) (-2240 1216 -2496 ) (-2240 1216 64 ) 
4 81 82 (-2240 1216 -2816 ) (-2048 1216 -2816 ) (-2048 1216 64 ) (-2240 1216 64 ) 
4 82 96 (-2240 1024 -2816 ) (-2048 1024 -2816 ) (-2048 1024 64 ) (-2240 1024 64 ) 
4 82 84 (-2240 1216 -2816 ) (-2048 1216 -2816 ) (-2048 1024 -2816 ) (-2240 1024 -2816 ) 
4 82 83 (-2240 1024 64 ) (-2240 1216 64 ) (-2240 1216 -2496 ) (-2240 1024 -2496 ) 
4 83 108 (-3072 1024 -2816 ) (-3072 1024 64 ) (-3072 1216 64 ) (-3072 1216 -2816 ) 
8 83 97 (-3072 1024 64 ) (-3072 1024 -2816 ) (-2688 1024 -2816 ) (-2495.998779 1024 -2752 ) (-2368 1024 -2688 ) (-2304 1024 -2624 ) (-2240 1024 -2496 ) (-2240 1024 64 ) 
4 83 84 (-3072 1024 -2816 ) (-3072 1216 -2816 ) (-2688 1216 -2816 ) (-2688 1024 -2816 ) 
4 84 109 (-3072 1024 -3584 ) (-3072 1024 -2816 ) (-3072 2048 -2816 ) (-3072 2048 -3584 ) 
4 84 99 (-3072 1024 -2816 ) (-3072 1024 -3584 ) (-2048 1024 -3584 ) (-2048 1024 -2816 ) 
4 85 94 (-1024 1024 64 ) (-1024 1024 -2816 ) (-1024 0 -2816 ) (-1024 0 64 ) 
4 85 89 (0 0 -1408 ) (0 0 -1344 ) (-317.171265 0 -1344 ) (-317.171265 0 -1408 ) 
4 85 88 (-317.171265 0 -1344 ) (-1024 0 -1344 ) (-1024 0 -1408 ) (-317.171265 0 -1408 ) 
4 85 87 (0 0 -1344 ) (0 0 64 ) (-1024 0 64 ) (-1024 0 -1344 ) 
4 85 92 (0 0 -2816 ) (0 0 -1408 ) (-1024 0 -1408 ) (-1024 0 -2816 ) 
4 85 86 (-1024 0 -2816 ) (-1024 1024 -2816 ) (0 1024 -2816 ) (0 0 -2816 ) 
4 86 95 (-1024 1024 -2816 ) (-1024 1024 -3584 ) (-1024 0 -3584 ) (-1024 0 -2816 ) 
4 86 93 (0 0 -3584 ) (0 0 -2816 ) (-1024 0 -2816 ) (-1024 0 -3584 ) 
4 87 120 (0 -1024 -1344 ) (0 -1024 64 ) (-1024 -1024 64 ) (-1024 -1024 -1344 ) 
4 87 100 (-1024 -1024 -1344 ) (-1024 -1024 64 ) (-1024 0 64 ) (-1024 0 -1344 ) 
3 87 91 (-48.639977 -1024 -1344 ) (-282.519318 -1024 -1344 ) (-331 -907 -1344 ) 
4 87 90 (0 -619.845337 -1344 ) (0 -1024 -1344 ) (-48.639977 -1024 -1344 ) (-512 -832 -1344 ) 
4 87 89 (0 0 -1344 ) (0 -619.845337 -1344 ) (-693 -907 -1344 ) (-317.171265 0 -1344 ) 
4 87 88 (-741.480591 -1024 -1344 ) (-1024 -1024 -1344 ) (-1024 0 -1344 ) (-317.171265 0 -1344 ) 
4 88 123 (-741.480591 -1024 -1344 ) (-794.529236 -1024 -1344 ) (-794.529236 -1024 -1408 ) (-741.480591 -1024 -1408 ) 
4 88 122 (-794.529236 -1024 -1344 ) (-1024 -1024 -1344 ) (-1024 -1024 -1408 ) (-794.529236 -1024 -1408 ) 
4 88 100 (-1024 -1024 -1408 ) (-1024 -1024 -1344 ) (-1024 0 -1344 ) (-1024 0 -1408 ) 
4 88 89 (-692.998413 -907 -1408 ) (-317.169922 0 -1408 ) (-317.171875 0 -1344 ) (-693 -907 -1344 ) 
4 88 92 (-741.480591 -1024 -1408 ) (-1024 -1024 -1408 ) (-1024 0 -1408 ) (-317.171265 0 -1408 ) 
4 89 90 (-512.002380 -832 -1408 ) (0 -619.843384 -1408 ) (0 -619.843750 -1344 ) (-512.002258 -832 -1344 ) 
4 89 92 (-693 -907 -1408 ) (-317.171265 0 -1408 ) (0 0 -1408 ) (0 -619.845337 -1408 ) 
4 90 124 (0 -1024 -1408 ) (0 -1024 -1344 ) (-48.639977 -1024 -1344 ) (-48.639954 -1024 -1408 ) 
4 90 91 (-331 -906.997864 -1408 ) (-48.635712 -1024 -1408 ) (-48.640625 -1024 -1344 ) (-331 -906.998779 -1344 ) 
4 90 92 (0 -1024 -1408 ) (-48.639977 -1024 -1408 ) (-512 -832 -1408 ) (0 -619.845337 -1408 ) 
4 91 126 (-229.480652 -1024 -1344 ) (-282.519318 -1024 -1344 ) (-282.519287 -1024 -1408 ) (-229.480667 -1024 -1408 ) 
4 91 124 (-48.639977 -1024 -1344 ) (-229.480652 -1024 -1344 ) (-229.480667 -1024 -1408 ) (-48.639954 -1024 -1408 ) 
3 91 92 (-48.639977 -1024 -1408 ) (-282.519318 -1024 -1408 ) (-331 -907 -1408 ) 
4 92 127 (0 -1024 -2816 ) (0 -1024 -1408 ) (-1024 -1024 -1408 ) (-1024 -1024 -2816 ) 
4 92 100 (-1024 -1024 -2816 ) (-1024 -1024 -1408 ) (-1024 0 -1408 ) (-1024 0 -2816 ) 
4 92 93 (0 -1024 -2816 ) (-1024 -1024 -2816 ) (-1024 0 -2816 ) (0 0 -2816 ) 
4 93 128 (0 -1024 -3584 ) (0 -1024 -2816 ) (-1024 -1024 -2816 ) (-1024 -1024 -3584 ) 
4 93 101 (-1024 -1024 -3584 ) (-1024 -1024 -2816 ) (-1024 0 -2816 ) (-1024 0 -3584 ) 
4 94 100 (-1024 0 -2816 ) (-1024 0 64 ) (-2048 0 64 ) (-2048 0 -2816 ) 
4 94 98 (-2048 896 -2816 ) (-2048 0 -2816 ) (-2048 0 64 ) (-2048 896 64 ) 
4 94 96 (-2048 1024 64 ) (-2048 1024 -2816 ) (-2048 896 -2816 ) (-2048 896 64 ) 
4 94 95 (-1024 0 -2816 ) (-2048 0 -2816 ) (-2048 1024 -2816 ) (-1024 1024 -2816 ) 
4 95 101 (-1024 0 -3584 ) (-1024 0 -2816 ) (-2048 0 -2816 ) (-2048 0 -3584 ) 
4 95 99 (-2048 1024 -2816 ) (-2048 1024 -3584 ) (-2048 0 -3584 ) (-2048 0 -2816 ) 
4 96 99 (-2048 1024 -2816 ) (-2048 896 -2816 ) (-2240 896 -2816 ) (-2240 1024 -2816 ) 
4 96 98 (-2240 896 -2816 ) (-2048 896 -2816 ) (-2048 896 64 ) (-2240 896 64 ) 
4 96 97 (-2240 896 -2496 ) (-2240 896 64 ) (-2240 1024 64 ) (-2240 1024 -2496 ) 
4 97 112 (-3072 1024 64 ) (-3072 1024 -2816 ) (-3072 896 -2816 ) (-3072 896 64 ) 
4 97 99 (-2688 896 -2816 ) (-3072 896 -2816 ) (-3072 1024 -2816 ) (-2688 1024 -2816 ) 
8 97 98 (-3072 896 -2816 ) (-2688 896 -2816 ) (-2495.998779 896 -2752 ) (-2368 896 -2688 ) (-2304 896 -2624 ) (-2240 896 -2496 ) (-2240 896 64 ) (-3072 896 64 ) 
4 98 112 (-3072 0 -2816 ) (-3072 0 64 ) (-3072 896 64 ) (-3072 896 -2816 ) 
4 98 102 (-3072 0 64 ) (-3072 0 -2816 ) (-2048 0 -2816 ) (-2048 0 64 ) 
4 98 99 (-2048 896 -2816 ) (-2048 0 -2816 ) (-3072 0 -2816 ) (-3072 896 -2816 ) 
4 99 113 (-3072 0 -3584 ) (-3072 0 -2816 ) (-3072 1024 -2816 ) (-3072 1024 -3584 ) 
4 99 103 (-3072 0 -2816 ) (-3072 0 -3584 ) (-2048 0 -3584 ) (-2048 0 -2816 ) 
4 100 131 (-1024 -1024 -2816 ) (-1024 -1024 64 ) (-2048 -1024 64 ) (-2048 -1024 -2816 ) 
4 100 102 (-2048 0 64 ) (-2048 0 -2816 ) (-2048 -1024 -2816 ) (-2048 -1024 64 ) 
4 100 101 (-2048 0 -2816 ) (-1024 0 -2816 ) (-1024 -1024 -2816 ) (-2048 -1024 -2816 ) 
4 101 132 (-1024 -1024 -3584 ) (-1024 -1024 -2816 ) (-2048 -1024 -2816 ) (-2048 -1024 -3584 ) 
4 101 103 (-2048 0 -2816 ) (-2048 0 -3584 ) (-2048 -1024 -3584 ) (-2048 -1024 -2816 ) 
4 102 133 (-2048 -1024 -2816 ) (-2048 -1024 64 ) (-3072 -1024 64 ) (-3072 -1024 -2816 ) 
4 102 114 (-3072 -1024 -2816 ) (-3072 -1024 64 ) (-3072 0 64 ) (-3072 0 -2816 ) 
4 102 103 (-3072 -1024 -2816 ) (-3072 0 -2816 ) (-2048 0 -2816 ) (-2048 -1024 -2816 ) 
4 103 134 (-2048 -1024 -3584 ) (-2048 -1024 -2816 ) (-3072 -1024 -2816 ) (-3072 -1024 -3584 ) 
4 103 115 (-3072 -1024 -3584 ) (-3072 -1024 -2816 ) (-3072 0 -2816 ) (-3072 0 -3584 ) 
4 104 108 (-3072 2048 -2816 ) (-3072 2048 64 ) (-4096 2048 64 ) (-4096 2048 -2816 ) 
4 104 106 (-4096 2048 -2816 ) (-4096 2048 64 ) (-4096 2688 64 ) (-4096 2688 -2816 ) 
4 104 105 (-4096 2048 -2816 ) (-4096 2688 -2816 ) (-3072 2688 -2816 ) (-3072 2048 -2816 ) 
4 105 109 (-3072 2048 -3584 ) (-3072 2048 -2816 ) (-4096 2048 -2816 ) (-4096 2048 -3584 ) 
4 105 107 (-4096 2048 -3584 ) (-4096 2048 -2816 ) (-4096 2688 -2816 ) (-4096 2688 -3584 ) 
4 106 110 (-4096 2048 -2816 ) (-4096 2048 64 ) (-4160 2048 64 ) (-4160 2048 -2816 ) 
4 106 107 (-4096 2688 -2816 ) (-4096 2048 -2816 ) (-4160 2048 -2816 ) (-4160 2688 -2816 ) 
4 107 111 (-4096 2048 -3584 ) (-4096 2048 -2816 ) (-4160 2048 -2816 ) (-4160 2048 -3584 ) 
4 108 112 (-3072 1024 -2816 ) (-3072 1024 64 ) (-4096 1024 64 ) (-4096 1024 -2816 ) 
4 108 110 (-4096 1024 -2816 ) (-4096 1024 64 ) (-4096 2048 64 ) (-4096 2048 -2816 ) 
4 108 109 (-3072 1024 -2816 ) (-4096 1024 -2816 ) (-4096 2048 -2816 ) (-3072 2048 -2816 ) 
4 109 113 (-3072 1024 -3584 ) (-3072 1024 -2816 ) (-4096 1024 -2816 ) (-4096 1024 -3584 ) 
4 109 111 (-4096 1024 -3584 ) (-4096 1024 -2816 ) (-4096 2048 -2816 ) (-4096 2048 -3584 ) 
4 110 116 (-4096 1024 -2816 ) (-4096 1024 64 ) (-4160 1024 64 ) (-4160 1024 -2816 ) 
4 110 111 (-4096 1024 -2816 ) (-4160 1024 -2816 ) (-4160 2048 -2816 ) (-4096 2048 -2816 ) 
4 111 117 (-4096 1024 -3584 ) (-4096 1024 -2816 ) (-4160 1024 -2816 ) (-4160 1024 -3584 ) 
4 112 116 (-4096 1024 64 ) (-4096 1024 -2816 ) (-4096 0 -2816 ) (-4096 0 64 ) 
4 112 114 (-3072 0 -2816 ) (-3072 0 64 ) (-4096 0 64 ) (-4096 0 -2816 ) 
4 112 113 (-4096 0 -2816 ) (-4096 1024 -2816 ) (-3072 1024 -2816 ) (-3072 0 -2816 ) 
4 113 117 (-4096 1024 -2816 ) (-4096 1024 -3584 ) (-4096 0 -3584 ) (-4096 0 -2816 ) 
4 113 115 (-3072 0 -3584 ) (-3072 0 -2816 ) (-4096 0 -2816 ) (-4096 0 -3584 ) 
4 114 153 (-3072 -1024 -2816 ) (-3072 -1024 64 ) (-4096 -1024 64 ) (-4096 -1024 -2816 ) 
4 114 118 (-4096 -1024 -2816 ) (-4096 -1024 64 ) (-4096 0 64 ) (-4096 0 -2816 ) 
4 114 115 (-4096 -1024 -2816 ) (-4096 0 -2816 ) (-3072 0 -2816 ) (-3072 -1024 -2816 ) 
4 115 154 (-3072 -1024 -3584 ) (-3072 -1024 -2816 ) (-4096 -1024 -2816 ) (-4096 -1024 -3584 ) 
4 115 119 (-4096 -1024 -3584 ) (-4096 -1024 -2816 ) (-4096 0 -2816 ) (-4096 0 -3584 ) 
4 116 118 (-4096 0 -2816 ) (-4096 0 64 ) (-4160 0 64 ) (-4160 0 -2816 ) 
4 116 117 (-4096 0 -2816 ) (-4160 0 -2816 ) (-4160 1024 -2816 ) (-4096 1024 -2816 ) 
4 117 119 (-4096 0 -3584 ) (-4096 0 -2816 ) (-4160 0 -2816 ) (-4160 0 -3584 ) 
4 118 157 (-4096 -1024 -2816 ) (-4096 -1024 64 ) (-4160 -1024 64 ) (-4160 -1024 -2816 ) 
4 118 119 (-4160 0 -2816 ) (-4096 0 -2816 ) (-4096 -1024 -2816 ) (-4160 -1024 -2816 ) 
4 119 158 (-4096 -1024 -3584 ) (-4096 -1024 -2816 ) (-4160 -1024 -2816 ) (-4160 -1024 -3584 ) 
4 120 131 (-1024 -1024 64 ) (-1024 -1024 -1344 ) (-1024 -2048 -1344 ) (-1024 -2048 64 ) 
4 120 129 (0 -2048 -1344 ) (0 -2048 64 ) (-1024 -2048 64 ) (-1024 -2048 -1344 ) 
3 120 126 (-282.519348 -1024 -1344 ) (-229.480621 -1024 -1344 ) (-256 -1088 -1344 ) 
3 120 125 (-331 -1269 -1344 ) (-384.046631 -1397.019287 -1344 ) (-512 -1344 -1344 ) 
4 120 124 (-229.480621 -1024 -1344 ) (0 -1024 -1344 ) (0 -1556.154663 -1344 ) (-384.046631 -1397.019287 -1344 ) 
3 120 123 (-794.529297 -1024 -1344 ) (-741.480591 -1024 -1344 ) (-768.004944 -1088.012085 -1344 ) 
4 120 122 (-1024 -1131.845215 -1344 ) (-1024 -1024 -1344 ) (-794.529297 -1024 -1344 ) (-693.012085 -1268.994873 -1344 ) 
4 120 121 (0 -2048 -1344 ) (-1024 -2048 -1344 ) (-1024 -1131.845215 -1344 ) (0 -1556.154663 -1344 ) 
4 121 131 (-1024 -1131.845337 -1408 ) (-1024 -2048 -1408 ) (-1024 -2048 -1344 ) (-1024 -1131.845215 -1344 ) 
4 121 129 (0 -2048 -1408 ) (0 -2048 -1344 ) (-1024 -2048 -1344 ) (-1024 -2048 -1408 ) 
4 121 125 (-384.046661 -1397.019287 -1408 ) (-512 -1344 -1408 ) (-511.997986 -1344 -1344 ) (-384.046143 -1397.017944 -1344 ) 
4 121 124 (0 -1556.154297 -1408 ) (-384.046661 -1397.019287 -1408 ) (-384.046143 -1397.017944 -1344 ) (0 -1556.153076 -1344 ) 
4 121 122 (-693.011902 -1268.995239 -1408 ) (-1024 -1131.845703 -1408 ) (-1024 -1131.843750 -1344 ) (-693.012756 -1268.993164 -1344 ) 
4 121 127 (-1024 -2048 -1408 ) (-1024 -1131.845215 -1408 ) (0 -1556.154663 -1408 ) (0 -2048 -1408 ) 
4 122 131 (-1024 -1024 -1344 ) (-1024 -1024 -1408 ) (-1024 -1131.845337 -1408 ) (-1024 -1131.845215 -1344 ) 
4 122 123 (-768.004272 -1088.010254 -1408 ) (-794.527832 -1024 -1408 ) (-794.527344 -1024 -1344 ) (-768.004089 -1088.009766 -1344 ) 
4 122 127 (-1024 -1131.845215 -1408 ) (-1024 -1024 -1408 ) (-794.529297 -1024 -1408 ) (-693.012085 -1268.994873 -1408 ) 
3 123 127 (-794.529297 -1024 -1408 ) (-741.480591 -1024 -1408 ) (-768.004944 -1088.012085 -1408 ) 
4 124 126 (-229.482193 -1024 -1408 ) (-256 -1087.998169 -1408 ) (-256 -1087.998047 -1344 ) (-229.482346 -1024 -1344 ) 
4 124 125 (-331.001984 -1269 -1408 ) (-384.048309 -1397.019165 -1408 ) (-384.048309 -1397.019165 -1344 ) (-331.002045 -1269 -1344 ) 
4 124 127 (-229.480621 -1024 -1408 ) (0 -1024 -1408 ) (0 -1556.154663 -1408 ) (-384.046631 -1397.019287 -1408 ) 
3 125 127 (-331 -1269 -1408 ) (-384.046631 -1397.019287 -1408 ) (-512 -1344 -1408 ) 
3 126 127 (-282.519348 -1024 -1408 ) (-229.480621 -1024 -1408 ) (-256 -1088 -1408 ) 
4 127 131 (-1024 -1024 -1408 ) (-1024 -1024 -2816 ) (-1024 -2048 -2816 ) (-1024 -2048 -1408 ) 
4 127 129 (0 -2048 -2816 ) (0 -2048 -1408 ) (-1024 -2048 -1408 ) (-1024 -2048 -2816 ) 
4 127 128 (-1024 -2048 -2816 ) (-1024 -1024 -2816 ) (0 -1024 -2816 ) (0 -2048 -2816 ) 
4 128 132 (-1024 -1024 -2816 ) (-1024 -1024 -3584 ) (-1024 -2048 -3584 ) (-1024 -2048 -2816 ) 
4 128 130 (0 -2048 -3584 ) (0 -2048 -2816 ) (-1024 -2048 -2816 ) (-1024 -2048 -3584 ) 
4 129 141 (0 -3072 -2816 ) (0 -3072 64 ) (-1024 -3072 64 ) (-1024 -3072 -2816 ) 
4 129 135 (-1024 -3072 -2816 ) (-1024 -3072 64 ) (-1024 -2048 64 ) (-1024 -2048 -2816 ) 
4 129 130 (-1024 -3072 -2816 ) (-1024 -2048 -2816 ) (0 -2048 -2816 ) (0 -3072 -2816 ) 
4 130 142 (0 -3072 -3584 ) (0 -3072 -2816 ) (-1024 -3072 -2816 ) (-1024 -3072 -3584 ) 
4 130 136 (-1024 -3072 -3584 ) (-1024 -3072 -2816 ) (-1024 -2048 -2816 ) (-1024 -2048 -3584 ) 
4 131 135 (-1024 -2048 -2816 ) (-1024 -2048 64 ) (-2048 -2048 64 ) (-2048 -2048 -2816 ) 
4 131 133 (-2048 -1024 64 ) (-2048 -1024 -2816 ) (-2048 -2048 -2816 ) (-2048 -2048 64 ) 
4 131 132 (-1024 -2048 -2816 ) (-2048 -2048 -2816 ) (-2048 -1024 -2816 ) (-1024 -1024 -2816 ) 
4 132 136 (-1024 -2048 -3584 ) (-1024 -2048 -2816 ) (-2048 -2048 -2816 ) (-2048 -2048 -3584 ) 
4 132 134 (-2048 -1024 -2816 ) (-2048 -1024 -3584 ) (-2048 -2048 -3584 ) (-2048 -2048 -2816 ) 
4 133 153 (-3072 -1024 64 ) (-3072 -1024 -2816 ) (-3072 -2048 -2816 ) (-3072 -2048 64 ) 
4 133 137 (-2048 -2048 -2816 ) (-2048 -2048 64 ) (-3072 -2048 64 ) (-3072 -2048 -2816 ) 
4 133 134 (-3072 -1024 -2816 ) (-2048 -1024 -2816 ) (-2048 -2048 -2816 ) (-3072 -2048 -2816 ) 
4 134 154 (-3072 -1024 -2816 ) (-3072 -1024 -3584 ) (-3072 -2048 -3584 ) (-3072 -2048 -2816 ) 
4 134 140 (-2048 -2048 -3584 ) (-2048 -2048 -2816 ) (-3072 -2048 -2816 ) (-3072 -2048 -3584 ) 
4 135 143 (-1024 -3072 -2816 ) (-1024 -3072 64 ) (-2048 -3072 64 ) (-2048 -3072 -2816 ) 
4 135 138 (-2048 -2752 -2816 ) (-2048 -3072 -2816 ) (-2048 -3072 64 ) (-2048 -2752 64 ) 
4 135 137 (-2048 -2048 64 ) (-2048 -2048 -2816 ) (-2048 -2752 -2816 ) (-2048 -2752 64 ) 
4 135 136 (-2048 -2048 -2816 ) (-1024 -2048 -2816 ) (-1024 -3072 -2816 ) (-2048 -3072 -2816 ) 
4 136 144 (-1024 -3072 -3584 ) (-1024 -3072 -2816 ) (-2048 -3072 -2816 ) (-2048 -3072 -3584 ) 
4 136 140 (-2048 -2048 -2816 ) (-2048 -2048 -3584 ) (-2048 -3072 -3584 ) (-2048 -3072 -2816 ) 
4 137 155 (-3072 -2048 64 ) (-3072 -2048 -2816 ) (-3072 -2752 -2816 ) (-3072 -2752 64 ) 
4 137 140 (-2048 -2048 -2816 ) (-2048 -2752 -2816 ) (-3072 -2752 -2816 ) (-3072 -2048 -2816 ) 
8 137 139 (-3072 -2752 64 ) (-3072 -2752 -2816 ) (-2815.984131 -2752 -2816 ) (-2624.030762 -2752 -2752.015625 ) (-2496 -2752 -2688 ) (-2432 -2752 -2624 ) (-2368 -2752 -2496 ) (-2368 -2752 64 ) 
4 137 138 (-2368 -2752 -2816 ) (-2048 -2752 -2816 ) (-2048 -2752 64 ) (-2368 -2752 64 ) 
4 138 145 (-2048 -3072 -2816 ) (-2048 -3072 64 ) (-2368 -3072 64 ) (-2368 -3072 -2816 ) 
4 138 140 (-2048 -2752 -2816 ) (-2048 -3072 -2816 ) (-2368 -3072 -2816 ) (-2368 -2752 -2816 ) 
4 138 139 (-2368 -3072 64 ) (-2368 -2752 64 ) (-2368 -2752 -2496 ) (-2368 -3072 -2496 ) 
4 139 155 (-3072 -3072 -2816 ) (-3072 -3072 64 ) (-3072 -2752 64 ) (-3072 -2752 -2816 ) 
8 139 145 (-2368 -3072 64 ) (-3072 -3072 64 ) (-3072 -3072 -2816 ) (-2815.984131 -3072 -2816 ) (-2624.030762 -3072 -2752.015625 ) (-2496 -3072 -2688 ) (-2432 -3072 -2624 ) (-2368 -3072 -2496 ) 
4 139 140 (-2815.984131 -3072 -2816 ) (-3072 -3072 -2816 ) (-3072 -2752 -2816 ) (-2815.984131 -2752 -2816 ) 
4 140 156 (-3072 -3072 -3584 ) (-3072 -3072 -2816 ) (-3072 -2048 -2816 ) (-3072 -2048 -3584 ) 
4 140 146 (-2048 -3072 -3584 ) (-2048 -3072 -2816 ) (-3072 -3072 -2816 ) (-3072 -3072 -3584 ) 
4 141 147 (0 -4096 -2816 ) (0 -4096 64 ) (-1024 -4096 64 ) (-1024 -4096 -2816 ) 
4 141 143 (-1024 -4096 -2816 ) (-1024 -4096 64 ) (-1024 -3072 64 ) (-1024 -3072 -2816 ) 
4 141 142 (0 -4096 -2816 ) (-1024 -4096 -2816 ) (-1024 -3072 -2816 ) (0 -3072 -2816 ) 
4 142 148 (0 -4096 -3584 ) (0 -4096 -2816 ) (-1024 -4096 -2816 ) (-1024 -4096 -3584 ) 
4 142 144 (-1024 -4096 -3584 ) (-1024 -4096 -2816 ) (-1024 -3072 -2816 ) (-1024 -3072 -3584 ) 
4 143 149 (-1024 -4096 -2816 ) (-1024 -4096 64 ) (-2048 -4096 64 ) (-2048 -4096 -2816 ) 
4 143 145 (-2048 -3072 64 ) (-2048 -3072 -2816 ) (-2048 -4096 -2816 ) (-2048 -4096 64 ) 
4 143 144 (-1024 -4096 -2816 ) (-2048 -4096 -2816 ) (-2048 -3072 -2816 ) (-1024 -3072 -2816 ) 
4 144 150 (-1024 -4096 -3584 ) (-1024 -4096 -2816 ) (-2048 -4096 -2816 ) (-2048 -4096 -3584 ) 
4 144 146 (-2048 -3072 -2816 ) (-2048 -3072 -3584 ) (-2048 -4096 -3584 ) (-2048 -4096 -2816 ) 
4 145 161 (-3072 -4096 -2816 ) (-3072 -4096 64 ) (-3072 -3072 64 ) (-3072 -3072 -2816 ) 
4 145 151 (-3072 -4096 64 ) (-3072 -4096 -2816 ) (-2048 -4096 -2816 ) (-2048 -4096 64 ) 
4 145 146 (-3072 -4096 -2816 ) (-3072 -3072 -2816 ) (-2048 -3072 -2816 ) (-2048 -4096 -2816 ) 
4 146 162 (-3072 -4096 -3584 ) (-3072 -4096 -2816 ) (-3072 -3072 -2816 ) (-3072 -3072 -3584 ) 
4 146 152 (-3072 -4096 -2816 ) (-3072 -4096 -3584 ) (-2048 -4096 -3584 ) (-2048 -4096 -2816 ) 
4 147 149 (-1024 -4096 64 ) (-1024 -4096 -2816 ) (-1024 -4864 -2816 ) (-1024 -4864 64 ) 
4 147 148 (-1024 -4864 -2816 ) (-1024 -4096 -2816 ) (0 -4096 -2816 ) (0 -4864 -2816 ) 
4 148 150 (-1024 -4096 -2816 ) (-1024 -4096 -3584 ) (-1024 -4864 -3584 ) (-1024 -4864 -2816 ) 
4 149 151 (-2048 -4096 64 ) (-2048 -4096 -2816 ) (-2048 -4864 -2816 ) (-2048 -4864 64 ) 
4 149 150 (-2048 -4864 -2816 ) (-2048 -4096 -2816 ) (-1024 -4096 -2816 ) (-1024 -4864 -2816 ) 
4 150 152 (-2048 -4096 -2816 ) (-2048 -4096 -3584 ) (-2048 -4864 -3584 ) (-2048 -4864 -2816 ) 
4 151 165 (-3072 -4864 64 ) (-3072 -4096 64 ) (-3072 -4096 -2816 ) (-3072 -4864 -2816 ) 
4 151 152 (-2048 -4096 -2816 ) (-2048 -4864 -2816 ) (-3072 -4864 -2816 ) (-3072 -4096 -2816 ) 
4 152 166 (-3072 -4864 -2816 ) (-3072 -4096 -2816 ) (-3072 -4096 -3584 ) (-3072 -4864 -3584 ) 
4 153 157 (-4096 -1024 64 ) (-4096 -1024 -2816 ) (-4096 -2048 -2816 ) (-4096 -2048 64 ) 
4 153 155 (-3072 -2048 -2816 ) (-3072 -2048 64 ) (-4096 -2048 64 ) (-4096 -2048 -2816 ) 
4 153 154 (-4096 -2048 -2816 ) (-4096 -1024 -2816 ) (-3072 -1024 -2816 ) (-3072 -2048 -2816 ) 
4 154 158 (-4096 -1024 -2816 ) (-4096 -1024 -3584 ) (-4096 -2048 -3584 ) (-4096 -2048 -2816 ) 
4 154 156 (-3072 -2048 -3584 ) (-3072 -2048 -2816 ) (-4096 -2048 -2816 ) (-4096 -2048 -3584 ) 
4 155 161 (-3072 -3072 -2816 ) (-3072 -3072 64 ) (-4096 -3072 64 ) (-4096 -3072 -2816 ) 
4 155 159 (-4096 -3072 -2816 ) (-4096 -3072 64 ) (-4096 -2048 64 ) (-4096 -2048 -2816 ) 
4 155 156 (-4096 -3072 -2816 ) (-4096 -2048 -2816 ) (-3072 -2048 -2816 ) (-3072 -3072 -2816 ) 
4 156 162 (-3072 -3072 -3584 ) (-3072 -3072 -2816 ) (-4096 -3072 -2816 ) (-4096 -3072 -3584 ) 
4 156 160 (-4096 -3072 -3584 ) (-4096 -3072 -2816 ) (-4096 -2048 -2816 ) (-4096 -2048 -3584 ) 
4 157 159 (-4096 -2048 -2816 ) (-4096 -2048 64 ) (-4160 -2048 64 ) (-4160 -2048 -2816 ) 
4 157 158 (-4096 -2048 -2816 ) (-4160 -2048 -2816 ) (-4160 -1024 -2816 ) (-4096 -1024 -2816 ) 
4 158 160 (-4096 -2048 -3584 ) (-4096 -2048 -2816 ) (-4160 -2048 -2816 ) (-4160 -2048 -3584 ) 
4 159 163 (-4096 -3072 -2816 ) (-4096 -3072 64 ) (-4160 -3072 64 ) (-4160 -3072 -2816 ) 
4 159 160 (-4160 -2048 -2816 ) (-4096 -2048 -2816 ) (-4096 -3072 -2816 ) (-4160 -3072 -2816 ) 
4 160 164 (-4096 -3072 -3584 ) (-4096 -3072 -2816 ) (-4160 -3072 -2816 ) (-4160 -3072 -3584 ) 
4 161 165 (-3072 -4096 -2816 ) (-3072 -4096 64 ) (-4096 -4096 64 ) (-4096 -4096 -2816 ) 
4 161 163 (-4096 -4096 -2816 ) (-4096 -4096 64 ) (-4096 -3072 64 ) (-4096 -3072 -2816 ) 
4 161 162 (-3072 -4096 -2816 ) (-4096 -4096 -2816 ) (-4096 -3072 -2816 ) (-3072 -3072 -2816 ) 
4 162 166 (-3072 -4096 -3584 ) (-3072 -4096 -2816 ) (-4096 -4096 -2816 ) (-4096 -4096 -3584 ) 
4 162 164 (-4096 -4096 -3584 ) (-4096 -4096 -2816 ) (-4096 -3072 -2816 ) (-4096 -3072 -3584 ) 
4 163 167 (-4096 -4096 -2816 ) (-4096 -4096 64 ) (-4160 -4096 64 ) (-4160 -4096 -2816 ) 
4 163 164 (-4096 -4096 -2816 ) (-4160 -4096 -2816 ) (-4160 -3072 -2816 ) (-4096 -3072 -2816 ) 
4 164 168 (-4096 -4096 -3584 ) (-4096 -4096 -2816 ) (-4160 -4096 -2816 ) (-4160 -4096 -3584 ) 
4 165 167 (-4096 -4096 64 ) (-4096 -4096 -2816 ) (-4096 -4864 -2816 ) (-4096 -4864 64 ) 
4 165 166 (-4096 -4864 -2816 ) (-4096 -4096 -2816 ) (-3072 -4096 -2816 ) (-3072 -4864 -2816 ) 
4 166 168 (-4096 -4096 -2816 ) (-4096 -4096 -3584 ) (-4096 -4864 -3584 ) (-4096 -4864 -2816 ) 
4 167 168 (-4160 -4864 -2816 ) (-4160 -4096 -2816 ) (-4096 -4096 -2816 ) (-4096 -4864 -2816 ) 
