PRT1
46
79
4 0 2 (-1024 8192 -512 ) (-1024 8192 640 ) (-2048 8192 640 ) (-2048 8192 -512 ) 
4 0 1 (-2048 8192 -512 ) (-2048 8192 640 ) (-2048 8832 640 ) (-2048 8832 -512 ) 
4 1 4 (-2048 8192 -512 ) (-2048 8192 640 ) (-2240 8192 640 ) (-2240 8192 -512 ) 
4 2 4 (-2048 8192 640 ) (-2048 8192 -512 ) (-2048 7168 -512 ) (-2048 7168 640 ) 
4 2 3 (-1024 7168 -512 ) (-1024 7168 640 ) (-2048 7168 640 ) (-2048 7168 -512 ) 
4 3 6 (-1024 6144 -512 ) (-1024 6144 640 ) (-2048 6144 640 ) (-2048 6144 -512 ) 
4 3 5 (-2048 6144 -512 ) (-2048 6144 640 ) (-2048 7168 640 ) (-2048 7168 -512 ) 
4 4 5 (-2048 7168 -512 ) (-2048 7168 640 ) (-2240 7168 640 ) (-2240 7168 -512 ) 
4 5 8 (-2048 6144 -512 ) (-2048 6144 640 ) (-2240 6144 640 ) (-2240 6144 -512 ) 
4 6 8 (-2048 6144 640 ) (-2048 6144 -512 ) (-2048 5120 -512 ) (-2048 5120 640 ) 
4 6 7 (-1024 5120 -512 ) (-1024 5120 640 ) (-2048 5120 640 ) (-2048 5120 -512 ) 
4 7 10 (-1024 4096 -512 ) (-1024 4096 640 ) (-2048 4096 640 ) (-2048 4096 -512 ) 
4 7 9 (-2048 4096 -512 ) (-2048 4096 640 ) (-2048 5120 640 ) (-2048 5120 -512 ) 
4 8 9 (-2048 5120 -512 ) (-2048 5120 640 ) (-2240 5120 640 ) (-2240 5120 -512 ) 
4 9 12 (-2048 4096 -512 ) (-2048 4096 640 ) (-2240 4096 640 ) (-2240 4096 -512 ) 
4 10 12 (-2048 4096 640 ) (-2048 4096 -512 ) (-2048 3072 -512 ) (-2048 3072 640 ) 
4 10 11 (-1024 3072 -512 ) (-1024 3072 640 ) (-2048 3072 640 ) (-2048 3072 -512 ) 
4 11 14 (-1024 2048 -512 ) (-1024 2048 640 ) (-2048 2048 640 ) (-2048 2048 -512 ) 
4 11 13 (-2048 2048 -512 ) (-2048 2048 640 ) (-2048 3072 640 ) (-2048 3072 -512 ) 
4 12 13 (-2048 3072 -512 ) (-2048 3072 640 ) (-2240 3072 640 ) (-2240 3072 -512 ) 
4 13 16 (-2048 2048 -512 ) (-2048 2048 640 ) (-2240 2048 640 ) (-2240 2048 -512 ) 
4 14 16 (-2048 1024 -512 ) (-2048 1024 640 ) (-2048 2048 640 ) (-2048 2048 -512 ) 
4 14 15 (-1024 1024 -512 ) (-1024 1024 640 ) (-2048 1024 640 ) (-2048 1024 -512 ) 
4 15 18 (-1024 0 -512 ) (-1024 0 640 ) (-2048 0 640 ) (-2048 0 -512 ) 
4 15 17 (-2048 0 -512 ) (-2048 0 640 ) (-2048 1024 640 ) (-2048 1024 -512 ) 
4 16 17 (-2048 1024 -512 ) (-2048 1024 640 ) (-2240 1024 640 ) (-2240 1024 -512 ) 
4 17 20 (-2048 0 -512 ) (-2048 0 640 ) (-2240 0 640 ) (-2240 0 -512 ) 
4 18 20 (-2048 0 640 ) (-2048 0 -512 ) (-2048 -1024 -512 ) (-2048 -1024 640 ) 
4 18 19 (-1024 -1024 -512 ) (-1024 -1024 640 ) (-2048 -1024 640 ) (-2048 -1024 -512 ) 
4 19 41 (-1024 -2048 -512 ) (-1024 -2048 640 ) (-2048 -2048 640 ) (-2048 -2048 -512 ) 
4 19 21 (-2048 -2048 -512 ) (-2048 -2048 640 ) (-2048 -1024 640 ) (-2048 -1024 -512 ) 
4 20 21 (-2048 -1024 -512 ) (-2048 -1024 640 ) (-2240 -1024 640 ) (-2240 -1024 -512 ) 
4 21 44 (-2048 -2048 -512 ) (-2048 -2048 640 ) (-2240 -2048 640 ) (-2240 -2048 -512 ) 
4 22 26 (2560 -3072 -320 ) (2560 -3072 640 ) (2128 -3072 640 ) (2128 -3072 -320 ) 
4 22 25 (2128 -2560 -320 ) (2560 -2560 -320 ) (2560 -3072 -320 ) (2128 -3072 -320 ) 
4 22 24 (2128 -3072 -224 ) (2128 -3072 640 ) (2128 -2800 640 ) (2128 -2800 -224 ) 
4 22 23 (2128 -2560 -320 ) (2128 -2800 -320 ) (2128 -2800 640 ) (2128 -2560 640 ) 
4 23 30 (2048 -2800 640 ) (2048 -2560 640 ) (2048 -2560 -320 ) (2048 -2800 -320 ) 
4 23 25 (2048 -2560 -320 ) (2128 -2560 -320 ) (2128 -2800 -320 ) (2048 -2800 -320 ) 
4 23 24 (2128 -2800 -224 ) (2128 -2800 640 ) (2048 -2800 640 ) (2048 -2800 -224 ) 
4 24 31 (2048 -3072 -224 ) (2048 -3072 640 ) (2048 -2800 640 ) (2048 -2800 -224 ) 
4 24 27 (2128 -3072 640 ) (2048 -3072 640 ) (2048 -3072 -224 ) (2128 -3072 -224 ) 
4 25 33 (2048 -3072 -512 ) (2048 -3072 -320 ) (2048 -2560 -320 ) (2048 -2560 -512 ) 
4 25 29 (2560 -3072 -512 ) (2560 -3072 -320 ) (2048 -3072 -320 ) (2048 -3072 -512 ) 
4 26 29 (2560 -3072 -320 ) (2560 -4096 -320 ) (2128 -4096 -320 ) (2128 -3072 -320 ) 
4 26 27 (2128 -3568 -224 ) (2128 -3568 640 ) (2128 -3072 640 ) (2128 -3072 -224 ) 
4 26 28 (2128 -3568 -320 ) (2128 -4096 -320 ) (2128 -4096 640 ) (2128 -3568 640 ) 
4 27 35 (2048 -3568 640 ) (2048 -3072 640 ) (2048 -3072 -224 ) (2048 -3568 -224 ) 
4 27 28 (2128 -3568 -224 ) (2128 -3568 640 ) (2048 -3568 640 ) (2048 -3568 -224 ) 
4 28 36 (2048 -4096 -320 ) (2048 -4096 640 ) (2048 -3568 640 ) (2048 -3568 -320 ) 
4 28 29 (2128 -4096 -320 ) (2048 -4096 -320 ) (2048 -3568 -320 ) (2128 -3568 -320 ) 
4 29 38 (2048 -4096 -512 ) (2048 -4096 -320 ) (2048 -3072 -320 ) (2048 -3072 -512 ) 
4 30 33 (1360 -2800 -320 ) (1360 -2560 -320 ) (2048 -2560 -320 ) (2048 -2800 -320 ) 
4 30 31 (1360 -2800 640 ) (1360 -2800 -224 ) (2048 -2800 -224 ) (2048 -2800 640 ) 
4 30 32 (1360 -2560 -320 ) (1360 -2800 -320 ) (1360 -2800 640 ) (1360 -2560 640 ) 
4 31 35 (2048 -3072 -224 ) (2048 -3072 640 ) (1360 -3072 640 ) (1360 -3072 -224 ) 
4 31 32 (1360 -3072 -224 ) (1360 -3072 640 ) (1360 -2800 640 ) (1360 -2800 -224 ) 
4 32 37 (1360 -3072 640 ) (1024 -3072 640 ) (1024 -3072 -320 ) (1360 -3072 -320 ) 
4 32 34 (1024 -3072 -320 ) (1024 -3072 640 ) (1024 -2560 640 ) (1024 -2560 -320 ) 
4 32 33 (1360 -3072 -320 ) (1024 -3072 -320 ) (1024 -2560 -320 ) (1360 -2560 -320 ) 
4 33 38 (2048 -3072 -512 ) (2048 -3072 -320 ) (1024 -3072 -320 ) (1024 -3072 -512 ) 
4 33 34 (1024 -3072 -512 ) (1024 -3072 -320 ) (1024 -2560 -320 ) (1024 -2560 -512 ) 
4 34 40 (0 -3072 -512 ) (0 -3072 640 ) (0 -2560 640 ) (0 -2560 -512 ) 
4 34 39 (1024 -3072 -512 ) (1024 -3072 640 ) (0 -3072 640 ) (0 -3072 -512 ) 
4 35 36 (1360 -3568 640 ) (1360 -3568 -224 ) (2048 -3568 -224 ) (2048 -3568 640 ) 
4 35 37 (1360 -3568 -224 ) (1360 -3568 640 ) (1360 -3072 640 ) (1360 -3072 -224 ) 
4 36 38 (2048 -3568 -320 ) (2048 -4096 -320 ) (1360 -4096 -320 ) (1360 -3568 -320 ) 
4 36 37 (1360 -3568 -320 ) (1360 -4096 -320 ) (1360 -4096 640 ) (1360 -3568 640 ) 
4 37 39 (1024 -3072 640 ) (1024 -3072 -320 ) (1024 -4096 -320 ) (1024 -4096 640 ) 
4 37 38 (1024 -3072 -320 ) (1360 -3072 -320 ) (1360 -4096 -320 ) (1024 -4096 -320 ) 
4 38 39 (1024 -3072 -320 ) (1024 -3072 -512 ) (1024 -4096 -512 ) (1024 -4096 -320 ) 
4 39 42 (0 -4096 -512 ) (0 -4096 640 ) (0 -3072 640 ) (0 -3072 -512 ) 
4 40 42 (0 -3072 -512 ) (0 -3072 640 ) (-1024 -3072 640 ) (-1024 -3072 -512 ) 
4 40 41 (-1024 -3072 -512 ) (-1024 -3072 640 ) (-1024 -2560 640 ) (-1024 -2560 -512 ) 
4 41 44 (-2048 -2048 640 ) (-2048 -2048 -512 ) (-2048 -3072 -512 ) (-2048 -3072 640 ) 
4 41 43 (-1024 -3072 -512 ) (-1024 -3072 640 ) (-2048 -3072 640 ) (-2048 -3072 -512 ) 
4 42 43 (-1024 -3072 640 ) (-1024 -3072 -512 ) (-1024 -4096 -512 ) (-1024 -4096 640 ) 
4 43 45 (-2048 -4096 -512 ) (-2048 -4096 640 ) (-2048 -3072 640 ) (-2048 -3072 -512 ) 
4 44 45 (-2048 -3072 -512 ) (-2048 -3072 640 ) (-2240 -3072 640 ) (-2240 -3072 -512 ) 
