PRT1
201
588
4 0 4 (3712 4096 2656 ) (3072 4096 2656 ) (3072 4096 -864 ) (3712 4096 -864 ) 
4 0 1 (3072 4096 -864 ) (3072 4096 2656 ) (3072 4928 2656 ) (3072 4928 -864 ) 
4 1 7 (3072 4096 -864 ) (3072 4096 2656 ) (2048 4096 2656 ) (2048 4096 -864 ) 
4 1 2 (2048 4096 -864 ) (2048 4096 2656 ) (2048 4928 2656 ) (2048 4928 -864 ) 
4 2 8 (2048 4096 -864 ) (2048 4096 2656 ) (1024 4096 2656 ) (1024 4096 -864 ) 
4 2 3 (1024 4096 -864 ) (1024 4096 2656 ) (1024 4928 2656 ) (1024 4928 -864 ) 
4 3 72 (0 4096 -864 ) (0 4096 2656 ) (0 4928 2656 ) (0 4928 -864 ) 
4 3 12 (0 4096 32 ) (0 4096 -864 ) (1024 4096 -864 ) (1024 4096 32 ) 
4 3 10 (0 4096 2656 ) (0 4096 32 ) (576 4096 32 ) (576 4096 2656 ) 
4 3 9 (576 4096 32 ) (1024 4096 32 ) (1024 4096 2656 ) (576 4096 2656 ) 
4 4 7 (3072 4096 2656 ) (3072 4096 -864 ) (3072 3072 -864 ) (3072 3072 2656 ) 
4 4 5 (3712 3072 2656 ) (3072 3072 2656 ) (3072 3072 -864 ) (3712 3072 -864 ) 
4 5 13 (3072 2048 -864 ) (3072 2048 2656 ) (3072 3072 2656 ) (3072 3072 -864 ) 
4 5 6 (3072 2048 2656 ) (3072 2048 -864 ) (3712 2048 -864 ) (3712 2048 2656 ) 
4 6 30 (3712 1024 2656 ) (3072 1024 2656 ) (3072 1024 -864 ) (3712 1024 -864 ) 
4 6 14 (3072 1024 -864 ) (3072 1024 2656 ) (3072 2048 2656 ) (3072 2048 -864 ) 
4 7 13 (3072 3072 -864 ) (3072 3072 2656 ) (2048 3072 2656 ) (2048 3072 -864 ) 
4 7 8 (2048 4096 2656 ) (2048 4096 -864 ) (2048 3072 -864 ) (2048 3072 2656 ) 
4 8 15 (2048 3072 -864 ) (2048 3072 2656 ) (1024 3072 2656 ) (1024 3072 -864 ) 
4 8 12 (1024 3072 -864 ) (1024 3072 32 ) (1024 4096 32 ) (1024 4096 -864 ) 
4 8 9 (1024 3072 32 ) (1024 3072 2656 ) (1024 4096 2656 ) (1024 4096 32 ) 
4 9 16 (576 3072 32 ) (1024 3072 32 ) (1024 3072 2656 ) (576 3072 2656 ) 
4 9 12 (576 4096 32 ) (1024 4096 32 ) (1024 3072 32 ) (576 3072 32 ) 
4 9 11 (576 3072 96 ) (576 3072 2656 ) (576 3328 2656 ) (576 3328 96 ) 
4 9 10 (576 4096 32 ) (576 3328 32 ) (576 3328 2656 ) (576 4096 2656 ) 
4 10 76 (0 4096 480 ) (0 4096 32 ) (0 3328 32 ) (0 3328 480 ) 
4 10 75 (0 3328 2656 ) (0 4096 2656 ) (0 4096 480 ) (0 3328 480 ) 
4 10 12 (0 3328 32 ) (0 4096 32 ) (576 4096 32 ) (576 3328 32 ) 
4 10 11 (576 3328 96 ) (576 3328 2656 ) (0 3328 2656 ) (0 3328 96 ) 
4 11 79 (0 3072 96 ) (0 3072 2656 ) (0 3328 2656 ) (0 3328 96 ) 
4 11 17 (0 3072 2656 ) (0 3072 96 ) (576 3072 96 ) (576 3072 2656 ) 
4 12 83 (0 3072 -864 ) (0 3072 32 ) (0 3328 32 ) (0 3328 -864 ) 
4 12 76 (0 3328 32 ) (0 4096 32 ) (0 4096 -864 ) (0 3328 -864 ) 
4 12 18 (0 3072 32 ) (0 3072 -864 ) (1024 3072 -864 ) (1024 3072 32 ) 
4 13 15 (2048 3072 2656 ) (2048 3072 -864 ) (2048 2048 -864 ) (2048 2048 2656 ) 
4 13 14 (3072 2048 -864 ) (3072 2048 2656 ) (2048 2048 2656 ) (2048 2048 -864 ) 
4 14 32 (3072 1024 -864 ) (3072 1024 2656 ) (2048 1024 2656 ) (2048 1024 -864 ) 
4 14 22 (2048 1024 -864 ) (2048 1024 416 ) (2048 2048 416 ) (2048 2048 -864 ) 
4 14 19 (2048 1024 416 ) (2048 1024 2656 ) (2048 2048 2656 ) (2048 2048 416 ) 
4 15 22 (2048 2048 -864 ) (2048 2048 416 ) (1024 2048 416 ) (1024 2048 -864 ) 
4 15 20 (1088 2048 2656 ) (1024 2048 2656 ) (1024 2048 416 ) (1088 2048 416 ) 
4 15 19 (2048 2048 416 ) (2048 2048 2656 ) (1088 2048 2656 ) (1088 2048 416 ) 
4 15 18 (1024 3072 32 ) (1024 3072 -864 ) (1024 2048 -864 ) (1024 2048 32 ) 
4 15 16 (1024 3072 2656 ) (1024 3072 32 ) (1024 2048 32 ) (1024 2048 2656 ) 
4 16 26 (576 2048 32 ) (960 2048 32 ) (960 2048 2656 ) (576 2048 2656 ) 
4 16 23 (960 2048 32 ) (1024 2048 32 ) (1024 2048 2656 ) (960 2048 2656 ) 
4 16 18 (1024 3072 32 ) (1024 2048 32 ) (576 2048 32 ) (576 3072 32 ) 
4 16 17 (576 2048 96 ) (576 2048 2656 ) (576 3072 2656 ) (576 3072 96 ) 
4 17 100 (0 2048 96 ) (0 2048 2656 ) (0 3072 2656 ) (0 3072 96 ) 
4 17 27 (0 2048 2656 ) (0 2048 96 ) (576 2048 96 ) (576 2048 2656 ) 
4 18 105 (0 2048 -864 ) (0 2048 32 ) (0 3072 32 ) (0 3072 -864 ) 
4 18 28 (0 2048 32 ) (0 2048 -864 ) (1024 2048 -864 ) (1024 2048 32 ) 
4 19 34 (2048 1024 416 ) (2048 1024 2656 ) (1088 1024 2656 ) (1088 1024 416 ) 
4 19 22 (1088 2048 416 ) (2048 2048 416 ) (2048 1024 416 ) (1088 1024 416 ) 
4 19 21 (1088 1024 480 ) (1088 1024 2656 ) (1088 1088 2656 ) (1088 1088 480 ) 
4 19 20 (1088 2048 416 ) (1088 1088 416 ) (1088 1088 2656 ) (1088 2048 2656 ) 
4 20 23 (1024 2048 2656 ) (1024 2048 416 ) (1024 1088 416 ) (1024 1088 2656 ) 
4 20 22 (1024 2048 416 ) (1088 2048 416 ) (1088 1088 416 ) (1024 1088 416 ) 
4 20 21 (1088 1088 480 ) (1088 1088 2656 ) (1024 1088 2656 ) (1024 1088 480 ) 
4 21 35 (1088 1024 2656 ) (1024 1024 2656 ) (1024 1024 480 ) (1088 1024 480 ) 
4 21 24 (1024 1024 480 ) (1024 1024 2656 ) (1024 1088 2656 ) (1024 1088 480 ) 
4 22 36 (2048 1024 -864 ) (2048 1024 416 ) (1024 1024 416 ) (1024 1024 -864 ) 
4 22 29 (1024 1504 -864 ) (1024 1024 -864 ) (1024 1024 -512 ) (1024 1504 -512 ) 
4 22 28 (1024 2048 32 ) (1024 2048 -864 ) (1024 1504 -864 ) (1024 1504 32 ) 
4 22 25 (1024 1088 32 ) (1024 1024 32 ) (1024 1024 416 ) (1024 1088 416 ) 
4 22 23 (1024 2048 416 ) (1024 2048 32 ) (1024 1088 32 ) (1024 1088 416 ) 
4 23 28 (960 2048 32 ) (1024 2048 32 ) (1024 1504 32 ) (960 1504 32 ) 
4 23 26 (960 2048 32 ) (960 1088 32 ) (960 1088 2656 ) (960 2048 2656 ) 
4 23 24 (960 1088 2656 ) (960 1088 480 ) (1024 1088 480 ) (1024 1088 2656 ) 
4 23 25 (960 1088 416 ) (960 1088 32 ) (1024 1088 32 ) (1024 1088 416 ) 
4 24 37 (1024 1024 480 ) (1024 1024 2656 ) (960 1024 2656 ) (960 1024 480 ) 
4 24 26 (960 1024 480 ) (960 1024 2656 ) (960 1088 2656 ) (960 1088 480 ) 
4 25 38 (1024 1024 32 ) (1024 1024 416 ) (960 1024 416 ) (960 1024 32 ) 
4 25 26 (960 1088 32 ) (960 1024 32 ) (960 1024 416 ) (960 1088 416 ) 
4 26 39 (960 1024 2656 ) (576 1024 2656 ) (576 1024 32 ) (960 1024 32 ) 
4 26 28 (576 2048 32 ) (960 2048 32 ) (960 1504 32 ) (576 1504 32 ) 
4 26 27 (576 1024 96 ) (576 1024 2656 ) (576 2048 2656 ) (576 2048 96 ) 
4 27 107 (0 1024 96 ) (0 1024 480 ) (0 2048 480 ) (0 2048 96 ) 
4 27 106 (0 1024 480 ) (0 1024 2656 ) (0 2048 2656 ) (0 2048 480 ) 
4 27 40 (576 1024 2656 ) (0 1024 2656 ) (0 1024 96 ) (576 1024 96 ) 
4 28 111 (0 1504 32 ) (0 2048 32 ) (0 2048 -864 ) (0 1504 -864 ) 
4 28 29 (0 1504 -864 ) (1024 1504 -864 ) (1024 1504 -512 ) (0 1504 -512 ) 
4 29 112 (0 1024 -864 ) (0 1024 -512 ) (0 1504 -512 ) (0 1504 -864 ) 
4 29 45 (1024 1024 -864 ) (1024 1024 -512 ) (576 1024 -512 ) (576 1024 -864 ) 
4 29 46 (576 1024 -512 ) (0 1024 -512 ) (0 1024 -864 ) (576 1024 -864 ) 
4 30 32 (3072 0 -864 ) (3072 0 2656 ) (3072 1024 2656 ) (3072 1024 -864 ) 
4 30 31 (3712 0 2656 ) (3072 0 2656 ) (3072 0 -864 ) (3712 0 -864 ) 
4 31 64 (3712 -1024 2656 ) (3072 -1024 2656 ) (3072 -1024 -864 ) (3712 -1024 -864 ) 
4 31 33 (3072 -1024 -864 ) (3072 -1024 2656 ) (3072 0 2656 ) (3072 0 -864 ) 
4 32 36 (2048 1024 416 ) (2048 1024 -864 ) (2048 0 -864 ) (2048 0 416 ) 
4 32 34 (2048 1024 2656 ) (2048 1024 416 ) (2048 0 416 ) (2048 0 2656 ) 
4 32 33 (3072 0 -864 ) (3072 0 2656 ) (2048 0 2656 ) (2048 0 -864 ) 
4 33 66 (3072 -1024 -864 ) (3072 -1024 2656 ) (2048 -1024 2656 ) (2048 -1024 -864 ) 
4 33 50 (2048 -1024 -864 ) (2048 -1024 416 ) (2048 0 416 ) (2048 0 -864 ) 
4 33 47 (2048 -1024 416 ) (2048 -1024 2656 ) (2048 0 2656 ) (2048 0 416 ) 
4 34 47 (2048 0 416 ) (2048 0 2656 ) (1088 0 2656 ) (1088 0 416 ) 
4 34 36 (2048 0 416 ) (1088 0 416 ) (1088 1024 416 ) (2048 1024 416 ) 
4 34 35 (1088 0 480 ) (1088 0 2656 ) (1088 1024 2656 ) (1088 1024 480 ) 
4 35 48 (1088 0 2656 ) (1024 0 2656 ) (1024 0 480 ) (1088 0 480 ) 
4 35 37 (1024 1024 2656 ) (1024 1024 480 ) (1024 0 480 ) (1024 0 2656 ) 
4 36 50 (2048 0 -864 ) (2048 0 416 ) (1024 0 416 ) (1024 0 -864 ) 
4 36 44 (1024 1024 -192 ) (1024 1024 -256 ) (1024 736 -256 ) (1024 736 -192 ) 
4 36 43 (1024 1024 32 ) (1024 1024 -192 ) (1024 0 -192 ) (1024 0 32 ) 
4 36 45 (1024 1024 -256 ) (1024 1024 -864 ) (1024 0 -864 ) (1024 0 -256 ) 
4 36 38 (1024 1024 416 ) (1024 1024 32 ) (1024 0 32 ) (1024 0 416 ) 
4 37 51 (1024 0 480 ) (1024 0 2656 ) (960 0 2656 ) (960 0 480 ) 
4 37 39 (960 0 480 ) (960 0 2656 ) (960 1024 2656 ) (960 1024 480 ) 
4 38 54 (1024 0 32 ) (1024 0 416 ) (960 0 416 ) (960 0 32 ) 
4 38 43 (1024 1024 32 ) (1024 0 32 ) (960 0 32 ) (960 1024 32 ) 
4 38 39 (960 1024 32 ) (960 0 32 ) (960 0 416 ) (960 1024 416 ) 
4 39 54 (576 0 416 ) (576 0 32 ) (960 0 32 ) (960 0 416 ) 
4 39 52 (576 0 480 ) (576 0 416 ) (960 0 416 ) (960 0 480 ) 
4 39 51 (960 0 2656 ) (576 0 2656 ) (576 0 480 ) (960 0 480 ) 
4 39 43 (960 0 32 ) (576 0 32 ) (576 1024 32 ) (960 1024 32 ) 
4 39 41 (576 832 32 ) (576 704 32 ) (576 704 96 ) (576 832 96 ) 
4 39 40 (576 704 96 ) (576 704 2656 ) (576 1024 2656 ) (576 1024 96 ) 
4 39 42 (576 704 32 ) (576 0 32 ) (576 0 2656 ) (576 704 2656 ) 
4 40 159 (0 704 2656 ) (0 1024 2656 ) (0 1024 96 ) (0 704 96 ) 
3 40 41 (576 704 96 ) (448 704 96 ) (576 832 96 ) 
4 40 42 (576 704 96 ) (576 704 2656 ) (0 704 2656 ) (0 704 96 ) 
3 41 46 (576 832 32 ) (576 704 32 ) (448 704 32 ) 
4 41 42 (448 704 32 ) (576 704 32 ) (576 704 96 ) (448 704 96 ) 
4 42 164 (0 0 32 ) (0 0 96 ) (0 704 96 ) (0 704 32 ) 
4 42 159 (0 0 96 ) (0 0 2656 ) (0 704 2656 ) (0 704 96 ) 
4 42 55 (0 0 416 ) (0 0 32 ) (128 0 32 ) (128 0 416 ) 
4 42 54 (128 0 32 ) (576 0 32 ) (576 0 416 ) (128 0 416 ) 
4 42 52 (0 0 480 ) (0 0 416 ) (576 0 416 ) (576 0 480 ) 
4 42 51 (576 0 2656 ) (0 0 2656 ) (0 0 480 ) (576 0 480 ) 
4 42 46 (576 0 32 ) (0 0 32 ) (0 704 32 ) (576 704 32 ) 
4 43 54 (1024 0 -192 ) (1024 0 32 ) (576 0 32 ) (576 0 -192 ) 
4 43 44 (576 640 -192 ) (576 1024 -192 ) (1024 1024 -192 ) (1024 736 -192 ) 
4 43 46 (576 0 -192 ) (576 0 32 ) (576 1024 32 ) (576 1024 -192 ) 
4 44 46 (576 640 -192 ) (576 1024 -192 ) (576 1024 -256 ) (576 640 -256 ) 
4 44 45 (576 640 -256 ) (576 1024 -256 ) (1024 1024 -256 ) (1024 736 -256 ) 
4 45 58 (1024 0 -864 ) (1024 0 -256 ) (576 0 -256 ) (576 0 -864 ) 
4 45 46 (576 1024 -864 ) (576 0 -864 ) (576 0 -256 ) (576 1024 -256 ) 
4 46 165 (0 0 -864 ) (0 0 0 ) (0 1024 0 ) (0 1024 -864 ) 
4 46 163 (0 704 32 ) (0 1024 32 ) (0 1024 0 ) (0 704 0 ) 
4 46 164 (0 0 0 ) (0 0 32 ) (0 704 32 ) (0 704 0 ) 
4 46 60 (576 0 -352 ) (576 0 -320 ) (320 0 -320 ) (320 0 -352 ) 
4 46 59 (576 0 -320 ) (576 0 -256 ) (128 0 -256 ) (128 0 -320 ) 
4 46 61 (128 0 -864 ) (576 0 -864 ) (576 0 -352 ) (128 0 -352 ) 
4 46 63 (0 0 -256 ) (0 0 -864 ) (128 0 -864 ) (128 0 -256 ) 
4 46 57 (0 0 -192 ) (0 0 -256 ) (576 0 -256 ) (576 0 -192 ) 
4 46 55 (128 0 32 ) (0 0 32 ) (0 0 -128 ) (128 0 -128 ) 
4 46 54 (576 0 32 ) (128 0 32 ) (128 0 -192 ) (576 0 -192 ) 
4 47 67 (2048 -1024 416 ) (2048 -1024 2656 ) (1088 -1024 2656 ) (1088 -1024 416 ) 
4 47 50 (1088 0 416 ) (2048 0 416 ) (2048 -1024 416 ) (1088 -1024 416 ) 
4 47 48 (1088 -768 480 ) (1088 -768 2656 ) (1088 0 2656 ) (1088 0 480 ) 
4 47 49 (1088 -768 416 ) (1088 -1024 416 ) (1088 -1024 2656 ) (1088 -768 2656 ) 
4 48 51 (1024 0 2656 ) (1024 0 480 ) (1024 -768 480 ) (1024 -768 2656 ) 
4 48 49 (1088 -768 480 ) (1088 -768 2656 ) (1024 -768 2656 ) (1024 -768 480 ) 
4 49 67 (1088 -1024 2656 ) (1024 -1024 2656 ) (1024 -1024 416 ) (1088 -1024 416 ) 
4 49 53 (1024 -768 416 ) (1024 -1024 416 ) (1024 -1024 480 ) (1024 -768 480 ) 
4 49 51 (1024 -1024 480 ) (1024 -1024 2656 ) (1024 -768 2656 ) (1024 -768 480 ) 
4 49 50 (1088 -768 416 ) (1088 -1024 416 ) (1024 -1024 416 ) (1024 -768 416 ) 
4 50 67 (2048 -1024 -864 ) (2048 -1024 416 ) (1024 -1024 416 ) (1024 -1024 -864 ) 
4 50 58 (1024 0 -256 ) (1024 0 -864 ) (1024 -1024 -864 ) (1024 -1024 -256 ) 
4 50 57 (1024 -352 -256 ) (1024 -1024 -256 ) (1024 -1024 -192 ) (1024 -352 -192 ) 
4 50 54 (1024 0 416 ) (1024 0 -192 ) (1024 -1024 -192 ) (1024 -1024 416 ) 
4 51 169 (0 -1024 480 ) (0 -1024 2656 ) (0 0 2656 ) (0 0 480 ) 
4 51 68 (0 -1024 2656 ) (0 -1024 480 ) (1024 -1024 480 ) (1024 -1024 2656 ) 
4 51 53 (1024 -1024 480 ) (0 -1024 480 ) (0 -768 480 ) (1024 -768 480 ) 
4 51 52 (0 -640 480 ) (0 0 480 ) (960 0 480 ) (960 -640 480 ) 
4 52 170 (0 -640 480 ) (0 0 480 ) (0 0 416 ) (0 -640 416 ) 
4 52 55 (0 -640 416 ) (0 0 416 ) (128 0 416 ) (128 -640 416 ) 
4 52 54 (128 0 416 ) (960 0 416 ) (960 -640 416 ) (128 -640 416 ) 
4 53 171 (0 -1024 416 ) (0 -1024 480 ) (0 -768 480 ) (0 -768 416 ) 
4 53 68 (0 -1024 480 ) (0 -1024 416 ) (1024 -1024 416 ) (1024 -1024 480 ) 
4 53 56 (0 -1024 416 ) (0 -768 416 ) (128 -768 416 ) (128 -1024 416 ) 
4 53 54 (128 -768 416 ) (1024 -768 416 ) (1024 -1024 416 ) (128 -1024 416 ) 
4 54 68 (128 -1024 -192 ) (1024 -1024 -192 ) (1024 -1024 416 ) (128 -1024 416 ) 
5 54 57 (1024 -1024 -192 ) (128 -1024 -192 ) (128 0 -192 ) (576 0 -192 ) (1024 -352 -192 ) 
4 54 55 (128 -704 -128 ) (128 -704 416 ) (128 0 416 ) (128 0 -128 ) 
4 54 56 (128 -704 -192 ) (128 -1024 -192 ) (128 -1024 416 ) (128 -704 416 ) 
4 55 173 (0 -704 416 ) (0 0 416 ) (0 0 -128 ) (0 -704 -128 ) 
4 55 56 (128 -704 -128 ) (128 -704 416 ) (0 -704 416 ) (0 -704 -128 ) 
4 56 176 (0 -1024 -192 ) (0 -1024 416 ) (0 -704 416 ) (0 -704 -192 ) 
4 56 68 (0 -1024 416 ) (0 -1024 -192 ) (128 -1024 -192 ) (128 -1024 416 ) 
4 56 57 (128 -1024 -192 ) (0 -1024 -192 ) (0 -704 -192 ) (128 -704 -192 ) 
4 57 175 (0 -704 -192 ) (0 0 -192 ) (0 0 -256 ) (0 -704 -256 ) 
4 57 176 (0 -1024 -256 ) (0 -1024 -192 ) (0 -704 -192 ) (0 -704 -256 ) 
4 57 68 (0 -1024 -192 ) (0 -1024 -256 ) (1024 -1024 -256 ) (1024 -1024 -192 ) 
4 57 59 (128 0 -256 ) (576 0 -256 ) (576 -704 -256 ) (128 -704 -256 ) 
4 57 62 (576 -704 -256 ) (576 -1024 -256 ) (128 -1024 -256 ) (128 -704 -256 ) 
4 57 58 (576 0 -256 ) (1024 -352 -256 ) (1024 -1024 -256 ) (576 -1024 -256 ) 
4 57 63 (0 -1024 -256 ) (0 0 -256 ) (128 0 -256 ) (128 -1024 -256 ) 
4 58 68 (576 -1024 -864 ) (1024 -1024 -864 ) (1024 -1024 -256 ) (576 -1024 -256 ) 
4 58 60 (576 -256 -320 ) (576 0 -320 ) (576 0 -352 ) (576 -256 -352 ) 
4 58 59 (576 -704 -320 ) (576 -704 -256 ) (576 0 -256 ) (576 0 -320 ) 
4 58 61 (576 0 -864 ) (576 -704 -864 ) (576 -704 -352 ) (576 0 -352 ) 
4 58 62 (576 -704 -864 ) (576 -1024 -864 ) (576 -1024 -256 ) (576 -704 -256 ) 
3 59 60 (320 0 -320 ) (576 0 -320 ) (576 -256 -320 ) 
4 59 63 (128 -704 -320 ) (128 -704 -256 ) (128 0 -256 ) (128 0 -320 ) 
4 59 62 (128 -704 -256 ) (128 -704 -320 ) (576 -704 -320 ) (576 -704 -256 ) 
3 60 61 (320 0 -352 ) (576 0 -352 ) (576 -256 -352 ) 
4 61 62 (128 -704 -352 ) (128 -704 -864 ) (576 -704 -864 ) (576 -704 -352 ) 
4 61 63 (128 0 -864 ) (128 -704 -864 ) (128 -704 -352 ) (128 0 -352 ) 
4 62 68 (128 -1024 -864 ) (576 -1024 -864 ) (576 -1024 -256 ) (128 -1024 -256 ) 
4 62 63 (128 -704 -864 ) (128 -1024 -864 ) (128 -1024 -256 ) (128 -704 -256 ) 
4 63 175 (0 -704 -256 ) (0 0 -256 ) (0 0 -864 ) (0 -704 -864 ) 
4 63 176 (0 -1024 -864 ) (0 -1024 -256 ) (0 -704 -256 ) (0 -704 -864 ) 
4 63 68 (0 -1024 -256 ) (0 -1024 -864 ) (128 -1024 -864 ) (128 -1024 -256 ) 
4 64 66 (3072 -1024 2656 ) (3072 -1024 -864 ) (3072 -2048 -864 ) (3072 -2048 2656 ) 
4 64 65 (3712 -2048 2656 ) (3072 -2048 2656 ) (3072 -2048 -864 ) (3712 -2048 -864 ) 
4 65 69 (3072 -2272 2656 ) (3072 -2048 2656 ) (3072 -2048 -864 ) (3072 -2272 -864 ) 
4 66 69 (3072 -2048 -864 ) (3072 -2048 2656 ) (2048 -2048 2656 ) (2048 -2048 -864 ) 
4 66 67 (2048 -1024 2656 ) (2048 -1024 -864 ) (2048 -2048 -864 ) (2048 -2048 2656 ) 
4 67 70 (2048 -2048 -864 ) (2048 -2048 2656 ) (1024 -2048 2656 ) (1024 -2048 -864 ) 
4 67 68 (1024 -2048 -864 ) (1024 -2048 2656 ) (1024 -1024 2656 ) (1024 -1024 -864 ) 
4 68 187 (0 -2048 -864 ) (0 -2048 2656 ) (0 -1024 2656 ) (0 -1024 -864 ) 
4 68 71 (0 -2048 2656 ) (0 -2048 -864 ) (1024 -2048 -864 ) (1024 -2048 2656 ) 
4 69 70 (2048 -2048 2656 ) (2048 -2048 -864 ) (2048 -2272 -864 ) (2048 -2272 2656 ) 
4 70 71 (1024 -2048 2656 ) (1024 -2048 -864 ) (1024 -2272 -864 ) (1024 -2272 2656 ) 
4 71 190 (0 -2272 2656 ) (0 -2048 2656 ) (0 -2048 -864 ) (0 -2272 -864 ) 
4 72 77 (-640 4096 480 ) (-1024 4096 480 ) (-1024 4096 -864 ) (-640 4096 -864 ) 
4 72 76 (0 4096 -864 ) (0 4096 480 ) (-640 4096 480 ) (-640 4096 -864 ) 
4 72 75 (0 4096 480 ) (0 4096 2656 ) (-1024 4096 2656 ) (-1024 4096 480 ) 
4 72 73 (-1024 4096 -864 ) (-1024 4096 2656 ) (-1024 4928 2656 ) (-1024 4928 -864 ) 
4 73 92 (-1792 4096 576 ) (-2048 4096 576 ) (-2048 4096 -864 ) (-1792 4096 -864 ) 
4 73 90 (-1280 4096 576 ) (-1792 4096 576 ) (-1792 4096 -864 ) (-1280 4096 -864 ) 
4 73 85 (-1024 4096 -864 ) (-1024 4096 576 ) (-1280 4096 576 ) (-1280 4096 -864 ) 
4 73 84 (-1024 4096 576 ) (-1024 4096 2656 ) (-2048 4096 2656 ) (-2048 4096 576 ) 
4 73 74 (-2048 4096 -864 ) (-2048 4096 2656 ) (-2048 4928 2656 ) (-2048 4928 -864 ) 
4 74 141 (-3072 4096 -864 ) (-3072 4096 2656 ) (-3072 4928 2656 ) (-3072 4928 -864 ) 
4 74 97 (-2048 4096 -864 ) (-2048 4096 960 ) (-3072 4096 960 ) (-3072 4096 -864 ) 
4 74 95 (-2560 4096 2656 ) (-3072 4096 2656 ) (-3072 4096 960 ) (-2560 4096 960 ) 
4 74 94 (-2048 4096 960 ) (-2048 4096 2656 ) (-2560 4096 2656 ) (-2560 4096 960 ) 
4 75 87 (-1024 3328 480 ) (-1024 3328 576 ) (-1024 3712 576 ) (-1024 3712 480 ) 
4 75 85 (-1024 3712 576 ) (-1024 4096 576 ) (-1024 4096 480 ) (-1024 3712 480 ) 
4 75 84 (-1024 3328 576 ) (-1024 3328 2656 ) (-1024 4096 2656 ) (-1024 4096 576 ) 
4 75 81 (-640 3328 2656 ) (-1024 3328 2656 ) (-1024 3328 480 ) (-640 3328 480 ) 
4 75 79 (0 3328 480 ) (0 3328 2656 ) (-640 3328 2656 ) (-640 3328 480 ) 
4 75 77 (-1024 3712 480 ) (-1024 4096 480 ) (-640 4096 480 ) (-640 3712 480 ) 
4 75 76 (0 3328 480 ) (-640 3328 480 ) (-640 4096 480 ) (0 4096 480 ) 
4 76 83 (0 3328 -864 ) (0 3328 32 ) (-640 3328 32 ) (-640 3328 -864 ) 
4 76 82 (-448 3328 96 ) (-640 3328 96 ) (-640 3328 32 ) (-448 3328 32 ) 
4 76 79 (0 3328 96 ) (0 3328 480 ) (-640 3328 480 ) (-640 3328 96 ) 
4 76 78 (-640 3712 -864 ) (-640 3328 -864 ) (-640 3328 416 ) (-640 3712 416 ) 
4 76 77 (-640 4096 -864 ) (-640 3712 -864 ) (-640 3712 480 ) (-640 4096 480 ) 
4 77 85 (-1024 3712 480 ) (-1024 4096 480 ) (-1024 4096 -864 ) (-1024 3712 -864 ) 
4 77 78 (-1024 3712 -864 ) (-640 3712 -864 ) (-640 3712 416 ) (-1024 3712 416 ) 
4 78 86 (-1024 3328 -864 ) (-1024 3328 416 ) (-1024 3712 416 ) (-1024 3712 -864 ) 
4 78 83 (-1024 3328 32 ) (-1024 3328 -864 ) (-640 3328 -864 ) (-640 3328 32 ) 
4 78 82 (-1024 3328 96 ) (-1024 3328 32 ) (-640 3328 32 ) (-640 3328 96 ) 
4 78 80 (-1024 3328 416 ) (-1024 3328 96 ) (-640 3328 96 ) (-640 3328 416 ) 
4 79 101 (-448 3072 2656 ) (-640 3072 2656 ) (-640 3072 96 ) (-448 3072 96 ) 
4 79 100 (0 3072 96 ) (0 3072 2656 ) (-448 3072 2656 ) (-448 3072 96 ) 
4 79 82 (-640 3328 96 ) (-448 3328 96 ) (-448 3072 96 ) (-640 3072 96 ) 
4 79 81 (-640 3072 352.001923 ) (-640 3072 2656 ) (-640 3328 2656 ) (-640 3328 480.001953 ) 
4 79 80 (-640 3328 96 ) (-640 3072 96 ) (-640 3072 288 ) (-640 3328 416 ) 
4 80 102 (-1024 3072 288 ) (-1024 3072 96 ) (-640 3072 96 ) (-640 3072 288 ) 
4 80 82 (-1024 3072 96 ) (-1024 3328 96 ) (-640 3328 96 ) (-640 3072 96 ) 
4 81 103 (-640 3072 2656 ) (-1024 3072 2656 ) (-1024 3072 352.001953 ) (-640 3072 352.001923 ) 
4 81 88 (-1024 3072 512 ) (-1024 3072 576 ) (-1024 3328 576 ) (-1024 3328 512 ) 
4 81 84 (-1024 3072 576 ) (-1024 3072 2656 ) (-1024 3328 2656 ) (-1024 3328 576 ) 
4 82 102 (-640 3072 96 ) (-1024 3072 96 ) (-1024 3072 32 ) (-640 3072 32 ) 
4 82 101 (-448 3072 96 ) (-640 3072 96 ) (-640 3072 32 ) (-448 3072 32 ) 
4 82 83 (-448 3072 32 ) (-1024 3072 32 ) (-1024 3328 32 ) (-448 3328 32 ) 
4 83 105 (0 3072 -864 ) (0 3072 32 ) (-1024 3072 32 ) (-1024 3072 -864 ) 
4 83 89 (-1024 3072 -864 ) (-1024 3072 32 ) (-1024 3328 32 ) (-1024 3328 -864 ) 
4 84 121 (-2048 3072 1792 ) (-2048 3072 576 ) (-1792 3072 576 ) (-1792 3072 1792 ) 
4 84 120 (-1792 3072 2656 ) (-2048 3072 2656 ) (-2048 3072 1792 ) (-1792 3072 1792 ) 
4 84 117 (-1280 3072 2656 ) (-1792 3072 2656 ) (-1792 3072 576 ) (-1280 3072 576 ) 
4 84 114 (-1024 3072 576 ) (-1024 3072 2656 ) (-1280 3072 2656 ) (-1280 3072 576 ) 
4 84 98 (-2048 3840 576 ) (-2048 3072 576 ) (-2048 3072 960 ) (-2048 3840 960 ) 
4 84 97 (-2048 4096 960 ) (-2048 4096 576 ) (-2048 3840 576 ) (-2048 3840 960 ) 
4 84 94 (-2048 4096 2656 ) (-2048 4096 960 ) (-2048 3072 960 ) (-2048 3072 2656 ) 
4 84 92 (-2048 3840 576 ) (-2048 4096 576 ) (-1792 4096 576 ) (-1792 3840 576 ) 
4 84 90 (-1792 3840 576 ) (-1792 4096 576 ) (-1280 4096 576 ) (-1280 3840 576 ) 
4 84 88 (-1024 3072 576 ) (-1280 3072 576 ) (-1280 3328 576 ) (-1024 3328 576 ) 
4 84 87 (-1280 3328 576 ) (-1280 3712 576 ) (-1024 3712 576 ) (-1024 3328 576 ) 
4 84 85 (-1280 3712 576 ) (-1280 4096 576 ) (-1024 4096 576 ) (-1024 3712 576 ) 
4 85 91 (-1280 3840 32 ) (-1280 3840 -864 ) (-1280 3712 -864 ) (-1280 3712 32 ) 
4 85 90 (-1280 3840 576 ) (-1280 4096 576 ) (-1280 4096 -864 ) (-1280 3840 -864 ) 
3 85 87 (-1280 3712 576 ) (-1024 3712 480 ) (-1024 3712 576 ) 
4 85 86 (-1280 3712 512 ) (-1280 3712 -864 ) (-1024 3712 -864 ) (-1024 3712 416 ) 
4 86 91 (-1280 3712 32 ) (-1280 3712 -864 ) (-1280 3328 -864 ) (-1280 3328 32 ) 
4 86 89 (-1280 3328 32 ) (-1280 3328 -864 ) (-1024 3328 -864 ) (-1024 3328 32 ) 
4 87 88 (-1280 3328 576 ) (-1109.333252 3328 512 ) (-1024 3328 512 ) (-1024 3328 576 ) 
4 88 114 (-1024 3072 512 ) (-1024 3072 576 ) (-1280 3072 576 ) (-1280 3072 512 ) 
4 89 119 (-1024 3072 -864 ) (-1024 3072 32 ) (-1280 3072 32 ) (-1280 3072 -864 ) 
4 89 91 (-1280 3072 -864 ) (-1280 3072 32 ) (-1280 3328 32 ) (-1280 3328 -864 ) 
4 90 92 (-1792 3840 576 ) (-1792 4096 576 ) (-1792 4096 -864 ) (-1792 3840 -864 ) 
4 90 91 (-1792 3840 32 ) (-1792 3840 -864 ) (-1280 3840 -864 ) (-1280 3840 32 ) 
4 91 119 (-1280 3072 -864 ) (-1280 3072 32 ) (-1792 3072 32 ) (-1792 3072 -864 ) 
4 91 93 (-1792 3072 -864 ) (-1792 3072 32 ) (-1792 3840 32 ) (-1792 3840 -864 ) 
4 92 97 (-2048 4096 576 ) (-2048 4096 -864 ) (-2048 3840 -864 ) (-2048 3840 576 ) 
4 92 93 (-2048 3840 -864 ) (-1792 3840 -864 ) (-1792 3840 512 ) (-2048 3840 512 ) 
4 93 123 (-1792 3072 -864 ) (-1792 3072 512 ) (-2048 3072 512 ) (-2048 3072 -864 ) 
4 93 99 (-2048 3840 -864 ) (-2048 3072 -864 ) (-2048 3072 512 ) (-2048 3840 512 ) 
4 94 129 (-2560 3072 960 ) (-2048 3072 960 ) (-2048 3072 1792 ) (-2560 3072 1792 ) 
4 94 128 (-2048 3072 1792 ) (-2048 3072 2656 ) (-2560 3072 2656 ) (-2560 3072 1792 ) 
4 94 98 (-2048 3840 960 ) (-2048 3072 960 ) (-2560 3072 960 ) (-2560 3840 960 ) 
4 94 97 (-2560 4096 960 ) (-2048 4096 960 ) (-2048 3840 960 ) (-2560 3840 960 ) 
4 94 96 (-2560 3072 1024 ) (-2560 3072 2656 ) (-2560 3840 2656 ) (-2560 3840 1024 ) 
4 94 95 (-2560 4096 960 ) (-2560 3840 960 ) (-2560 3840 2656 ) (-2560 4096 2656 ) 
4 95 143 (-3072 3840 2656 ) (-3072 4096 2656 ) (-3072 4096 960 ) (-3072 3840 960 ) 
4 95 97 (-3072 3840 960 ) (-3072 4096 960 ) (-2560 4096 960 ) (-2560 3840 960 ) 
4 95 96 (-2560 3840 1024 ) (-2560 3840 2656 ) (-3072 3840 2656 ) (-3072 3840 1024 ) 
4 96 144 (-3072 3072 1024 ) (-3072 3072 2656 ) (-3072 3840 2656 ) (-3072 3840 1024 ) 
4 96 133 (-3072 3072 1792 ) (-3072 3072 1024 ) (-2560 3072 1024 ) (-2560 3072 1792 ) 
4 96 128 (-3072 3072 2656 ) (-3072 3072 1792 ) (-2560 3072 1792 ) (-2560 3072 2656 ) 
4 97 146 (-3072 3840 960 ) (-3072 4096 960 ) (-3072 4096 -864 ) (-3072 3840 -864 ) 
4 97 98 (-2048 3840 576 ) (-2048 3840 960 ) (-3072 3840 960 ) (-3072 3840 576 ) 
4 97 99 (-3072 3840 -864 ) (-2048 3840 -864 ) (-2048 3840 512 ) (-3072 3840 512 ) 
4 98 135 (-3072 3072 960 ) (-3072 3072 576 ) (-2560 3072 576 ) (-2560 3072 960 ) 
4 98 129 (-2560 3072 576 ) (-2048 3072 576 ) (-2048 3072 960 ) (-2560 3072 960 ) 
4 99 147 (-3072 3072 -864 ) (-3072 3072 512 ) (-3072 3840 512 ) (-3072 3840 -864 ) 
4 99 137 (-3072 3072 512 ) (-3072 3072 -864 ) (-2048 3072 -864 ) (-2048 3072 512 ) 
4 100 107 (0 2048 96 ) (0 2048 480 ) (-448 2048 480 ) (-448 2048 96 ) 
4 100 106 (0 2048 480 ) (0 2048 2656 ) (-448 2048 2656 ) (-448 2048 480 ) 
4 100 104 (-448 2048 96 ) (-448 2048 2656 ) (-448 2560 2656 ) (-448 2560 96 ) 
4 100 101 (-448 2560 2656 ) (-448 3072 2656 ) (-448 3072 96 ) (-448 2560 96 ) 
4 101 105 (-640 3072 32 ) (-448 3072 32 ) (-448 2560 32 ) (-640 2560 32 ) 
4 101 104 (-448 2560 96 ) (-448 2560 2656 ) (-640 2560 2656 ) (-640 2560 96 ) 
4 101 103 (-640 2560 96.001984 ) (-640 2560 2656 ) (-640 3072 2656 ) (-640 3072 352.001953 ) 
3 101 102 (-640 3072 32 ) (-640 2560 32 ) (-640 3072 288 ) 
4 102 105 (-1024 2560 32 ) (-1024 3072 32 ) (-640 3072 32 ) (-640 2560 32 ) 
5 103 115 (-1024 2816 224.001968 ) (-1024 2751.996094 192 ) (-1024 2560 192 ) (-1024 2560 2656 ) (-1024 2816 2656 ) 
5 103 114 (-1024 3072 2656 ) (-1024 3072 352.001953 ) (-1024 3007.996094 320 ) (-1024 2816 320 ) (-1024 2816 2656 ) 
4 103 104 (-1024 2560 2656 ) (-1024 2560 96.001953 ) (-640 2560 96.001984 ) (-640 2560 2656 ) 
4 104 116 (-1024 2048 96 ) (-1024 2048 192 ) (-1024 2560 192 ) (-1024 2560 96 ) 
4 104 115 (-1024 2048 192 ) (-1024 2048 2656 ) (-1024 2560 2656 ) (-1024 2560 192 ) 
4 104 108 (-1024 2048 480 ) (-1024 2048 96 ) (-896 2048 96 ) (-896 2048 480 ) 
4 104 107 (-896 2048 96 ) (-448 2048 96 ) (-448 2048 480 ) (-896 2048 480 ) 
4 104 106 (-1024 2048 2656 ) (-1024 2048 480 ) (-448 2048 480 ) (-448 2048 2656 ) 
4 105 119 (-1024 3072 32 ) (-1024 3072 -864 ) (-1024 2048 -864 ) (-1024 2048 32 ) 
4 105 111 (0 2048 -864 ) (0 2048 32 ) (-448 2048 32 ) (-448 2048 -864 ) 
4 105 113 (-448 2048 32 ) (-1024 2048 32 ) (-1024 2048 -864 ) (-448 2048 -864 ) 
4 106 160 (-896 1024 2656 ) (-1024 1024 2656 ) (-1024 1024 480 ) (-896 1024 480 ) 
4 106 159 (0 1024 480 ) (0 1024 2656 ) (-896 1024 2656 ) (-896 1024 480 ) 
4 106 139 (-1024 1024 480 ) (-1024 1024 2656 ) (-1024 2048 2656 ) (-1024 2048 480 ) 
4 106 108 (-1024 1088 480 ) (-1024 2048 480 ) (-896 2048 480 ) (-896 1088 480 ) 
4 106 107 (0 1024 480 ) (-896 1024 480 ) (-896 2048 480 ) (0 2048 480 ) 
4 107 159 (0 1024 96 ) (0 1024 480 ) (-896 1024 480 ) (-896 1024 96 ) 
4 107 110 (-448 1024 96 ) (-896 1024 96 ) (-896 1792 96 ) (-448 1792 96 ) 
4 107 109 (-896 1088 96 ) (-896 1024 96 ) (-896 1024 416 ) (-896 1088 416 ) 
4 107 108 (-896 2048 96 ) (-896 1088 96 ) (-896 1088 480 ) (-896 2048 480 ) 
4 108 139 (-1024 1088 480 ) (-1024 2048 480 ) (-1024 2048 96 ) (-1024 1088 96 ) 
4 108 110 (-1024 1088 96 ) (-1024 1792 96 ) (-896 1792 96 ) (-896 1088 96 ) 
4 108 109 (-1024 1088 96 ) (-896 1088 96 ) (-896 1088 416 ) (-1024 1088 416 ) 
4 109 161 (-1024 1024 416 ) (-1024 1024 96 ) (-896 1024 96 ) (-896 1024 416 ) 
4 109 139 (-1024 1024 96 ) (-1024 1024 416 ) (-1024 1088 416 ) (-1024 1088 96 ) 
4 109 110 (-896 1024 96 ) (-1024 1024 96 ) (-1024 1088 96 ) (-896 1088 96 ) 
4 110 162 (-448 1024 96 ) (-1024 1024 96 ) (-1024 1024 32 ) (-448 1024 32 ) 
4 110 139 (-1024 1024 32 ) (-1024 1024 96 ) (-1024 1792 96 ) (-1024 1792 32 ) 
4 110 113 (-448 1024 32 ) (-1024 1024 32 ) (-1024 1792 32 ) (-448 1792 32 ) 
4 111 112 (-448 1504 -512 ) (-448 1504 -864 ) (0 1504 -864 ) (0 1504 -512 ) 
4 111 113 (-448 2048 -864 ) (-448 1504 -864 ) (-448 1504 32 ) (-448 2048 32 ) 
4 112 167 (-320 1024 -512 ) (-448 1024 -512 ) (-448 1024 -864 ) (-320 1024 -864 ) 
4 112 165 (0 1024 -864 ) (0 1024 -512 ) (-320 1024 -512 ) (-320 1024 -864 ) 
4 112 113 (-448 1504 -864 ) (-448 1024 -864 ) (-448 1024 -512 ) (-448 1504 -512 ) 
4 113 166 (-448 1024 -64 ) (-448 1024 0 ) (-640 1024 0 ) (-640 1024 -64 ) 
4 113 167 (-960 1024 -864 ) (-448 1024 -864 ) (-448 1024 -64 ) (-960 1024 -64 ) 
4 113 168 (-1024 1024 0 ) (-1024 1024 -864 ) (-960 1024 -864 ) (-960 1024 0 ) 
4 113 163 (-448 1024 32 ) (-1024 1024 32 ) (-1024 1024 0 ) (-448 1024 0 ) 
4 113 139 (-1024 1024 -864 ) (-1024 1024 32 ) (-1024 2048 32 ) (-1024 2048 -864 ) 
4 114 117 (-1280 2816 576 ) (-1280 2816 2656 ) (-1280 3072 2656 ) (-1280 3072 576 ) 
4 114 115 (-1280 2816 2656 ) (-1280 2816 320 ) (-1024 2816 320 ) (-1024 2816 2656 ) 
4 115 139 (-1024 2048 192 ) (-1024 2048 2656 ) (-1280 2048 2656 ) (-1280 2048 192 ) 
4 115 117 (-1280 2304 2656 ) (-1280 2816 2656 ) (-1280 2816 576 ) (-1280 2304 576 ) 
4 115 118 (-1280 2048 192 ) (-1280 2048 2656 ) (-1280 2304 2656 ) (-1280 2304 192 ) 
4 115 116 (-1024 2048 192 ) (-1280 2048 192 ) (-1280 2560 192 ) (-1024 2560 192 ) 
4 116 139 (-1024 2048 32 ) (-1024 2048 192 ) (-1280 2048 192 ) (-1280 2048 32 ) 
4 116 119 (-1024 2560 32 ) (-1024 2048 32 ) (-1280 2048 32 ) (-1280 2560 32 ) 
4 116 118 (-1280 2304 32 ) (-1280 2048 32 ) (-1280 2048 192 ) (-1280 2304 192 ) 
4 117 125 (-1792 2912 576 ) (-1792 2560 576 ) (-1792 2560 1792 ) (-1792 2912 1792 ) 
4 117 121 (-1792 3072 1792 ) (-1792 3072 576 ) (-1792 3040 576 ) (-1792 3040 1792 ) 
4 117 120 (-1792 2304 2656 ) (-1792 3072 2656 ) (-1792 3072 1792 ) (-1792 2304 1792 ) 
4 117 118 (-1280 2304 576 ) (-1280 2304 2656 ) (-1792 2304 2656 ) (-1792 2304 576 ) 
4 118 139 (-1792 2048 2656 ) (-1792 2048 32 ) (-1280 2048 32 ) (-1280 2048 2656 ) 
4 118 127 (-1792 2048 32 ) (-1792 2048 576 ) (-1792 2304 576 ) (-1792 2304 32 ) 
4 118 126 (-1792 2048 576 ) (-1792 2048 1792 ) (-1792 2304 1792 ) (-1792 2304 576 ) 
4 118 120 (-1792 2048 1792 ) (-1792 2048 2656 ) (-1792 2304 2656 ) (-1792 2304 1792 ) 
4 118 119 (-1792 2048 32 ) (-1792 2304 32 ) (-1280 2304 32 ) (-1280 2048 32 ) 
4 119 139 (-1024 2048 -864 ) (-1024 2048 32 ) (-1792 2048 32 ) (-1792 2048 -864 ) 
4 119 127 (-1792 2048 -864 ) (-1792 2048 32 ) (-1792 2560 32 ) (-1792 2560 -864 ) 
4 119 124 (-1792 2560 32 ) (-1792 2912 32 ) (-1792 2912 -864 ) (-1792 2560 -864 ) 
4 119 123 (-1792 2912 32 ) (-1792 3072 32 ) (-1792 3072 -864 ) (-1792 2912 -864 ) 
4 120 139 (-1792 2048 1792 ) (-1792 2048 2656 ) (-2048 2048 2656 ) (-2048 2048 1792 ) 
4 120 128 (-2048 3072 2656 ) (-2048 3072 1792 ) (-2048 2048 1792 ) (-2048 2048 2656 ) 
4 120 126 (-2048 2048 1792 ) (-2048 2304 1792 ) (-1792 2304 1792 ) (-1792 2048 1792 ) 
4 120 125 (-2048 2560 1792 ) (-2048 2912 1792 ) (-1792 2912 1792 ) (-1792 2560 1792 ) 
4 120 121 (-2048 3040 1792 ) (-2048 3072 1792 ) (-1792 3072 1792 ) (-1792 3040 1792 ) 
4 121 129 (-2048 3072 1792 ) (-2048 3072 576 ) (-2048 3040 576 ) (-2048 3040 1792 ) 
4 122 138 (-2048 3040 512 ) (-2048 2912 512 ) (-2048 2912 576 ) (-2048 3040 576 ) 
4 122 124 (-1792 2912 512 ) (-1901.714233 2912 576 ) (-2048 2912 576 ) (-2048 2912 512 ) 
4 122 123 (-1792 2912 512 ) (-2048 2912 512 ) (-2048 3040 512 ) (-1792 3040 512 ) 
4 123 137 (-2048 3072 512 ) (-2048 3072 -864 ) (-2048 3040 -864 ) (-2048 3040 512 ) 
4 123 138 (-2048 3040 -864 ) (-2048 2912 -864 ) (-2048 2912 512 ) (-2048 3040 512 ) 
4 123 124 (-1792 2912 -864 ) (-1792 2912 512 ) (-2048 2912 512 ) (-2048 2912 -864 ) 
4 124 138 (-2048 2560 -864 ) (-2048 2560 576 ) (-2048 2912 576 ) (-2048 2912 -864 ) 
4 124 130 (-2048 2560 576 ) (-2048 2560 661.333496 ) (-2048 2912 661.333374 ) (-2048 2912 576 ) 
5 124 127 (-1792 2560 -864 ) (-1792 2560 512 ) (-1901.713989 2560 576 ) (-2048 2560 576 ) (-2048 2560 -864 ) 
4 125 131 (-2048 2560 725.333374 ) (-2048 2560 1792 ) (-2048 2912 1792 ) (-2048 2912 725.333374 ) 
4 126 139 (-1792 2048 576 ) (-1792 2048 1792 ) (-2048 2048 1792 ) (-2048 2048 576 ) 
4 126 132 (-2048 2048 576 ) (-2048 2048 1792 ) (-2048 2304 1792 ) (-2048 2304 576 ) 
4 126 127 (-1792 2304 576 ) (-1792 2048 576 ) (-2048 2048 576 ) (-2048 2304 576 ) 
4 127 139 (-1792 2048 -864 ) (-1792 2048 576 ) (-2048 2048 576 ) (-2048 2048 -864 ) 
4 127 138 (-2048 2048 -864 ) (-2048 2048 576 ) (-2048 2560 576 ) (-2048 2560 -864 ) 
4 128 150 (-3072 2304 2656 ) (-3072 3072 2656 ) (-3072 3072 1792 ) (-3072 2304 1792 ) 
4 128 151 (-3072 2048 1792 ) (-3072 2048 2656 ) (-3072 2304 2656 ) (-3072 2304 1792 ) 
4 128 140 (-3072 2048 2656 ) (-3072 2048 1792 ) (-2048 2048 1792 ) (-2048 2048 2656 ) 
4 128 133 (-3072 2304 1792 ) (-3072 3072 1792 ) (-2560 3072 1792 ) (-2560 2304 1792 ) 
4 128 134 (-2560 2048 1792 ) (-3072 2048 1792 ) (-3072 2304 1792 ) (-2560 2304 1792 ) 
4 128 132 (-2048 2048 1792 ) (-2560 2048 1792 ) (-2560 2304 1792 ) (-2048 2304 1792 ) 
4 128 131 (-2560 2560 1792 ) (-2560 2912 1792 ) (-2048 2912 1792 ) (-2048 2560 1792 ) 
4 128 129 (-2560 3040 1792 ) (-2560 3072 1792 ) (-2048 3072 1792 ) (-2048 3040 1792 ) 
4 129 135 (-2560 3072 576 ) (-2560 3040 576 ) (-2560 3040 960 ) (-2560 3072 960 ) 
4 129 133 (-2560 3040 1024 ) (-2560 3040 1792 ) (-2560 3072 1792 ) (-2560 3072 1024 ) 
4 130 138 (-2048 2912 576 ) (-2048 2560 576 ) (-2560 2560 576 ) (-2560 2912 576 ) 
4 130 136 (-2560 2912 576 ) (-2560 2560 576 ) (-2560 2560 960 ) (-2560 2912 960 ) 
4 131 133 (-2560 2560 1024 ) (-2560 2560 1792 ) (-2560 2912 1792 ) (-2560 2912 1024 ) 
4 132 140 (-2560 2048 576 ) (-2048 2048 576 ) (-2048 2048 1792 ) (-2560 2048 1792 ) 
4 132 138 (-2048 2304 576 ) (-2048 2048 576 ) (-2560 2048 576 ) (-2560 2304 576 ) 
4 132 136 (-2560 2304 576 ) (-2560 2048 576 ) (-2560 2048 960 ) (-2560 2304 960 ) 
4 132 134 (-2560 2048 960 ) (-2560 2048 1792 ) (-2560 2304 1792 ) (-2560 2304 960 ) 
4 133 150 (-3072 2304 1792 ) (-3072 3072 1792 ) (-3072 3072 1024 ) (-3072 2304 1024 ) 
4 133 134 (-2560 2304 1024 ) (-2560 2304 1792 ) (-3072 2304 1792 ) (-3072 2304 1024 ) 
4 134 151 (-3072 2048 960 ) (-3072 2048 1792 ) (-3072 2304 1792 ) (-3072 2304 960 ) 
4 134 140 (-3072 2048 1792 ) (-3072 2048 960 ) (-2560 2048 960 ) (-2560 2048 1792 ) 
4 134 136 (-3072 2048 960 ) (-3072 2304 960 ) (-2560 2304 960 ) (-2560 2048 960 ) 
4 136 154 (-3072 2048 576 ) (-3072 2048 960 ) (-3072 2912 960 ) (-3072 2912 576 ) 
4 136 140 (-3072 2048 960 ) (-3072 2048 576 ) (-2560 2048 576 ) (-2560 2048 960 ) 
4 136 138 (-2560 2048 576 ) (-3072 2048 576 ) (-3072 2912 576 ) (-2560 2912 576 ) 
4 137 153 (-3072 3072 512 ) (-3072 3072 -864 ) (-3072 3040 -864 ) (-3072 3040 512 ) 
4 137 138 (-3072 3040 -864 ) (-2048 3040 -864 ) (-2048 3040 512 ) (-3072 3040 512 ) 
4 138 154 (-3072 2048 -864 ) (-3072 2048 576 ) (-3072 3040 576 ) (-3072 3040 -864 ) 
4 138 140 (-3072 2048 576 ) (-3072 2048 -864 ) (-2048 2048 -864 ) (-2048 2048 576 ) 
4 139 183 (-1024 1024 -864 ) (-1024 1024 2656 ) (-2048 1024 2656 ) (-2048 1024 -864 ) 
4 139 140 (-2048 2048 2656 ) (-2048 2048 -864 ) (-2048 1024 -864 ) (-2048 1024 2656 ) 
4 140 184 (-2048 1024 -864 ) (-2048 1024 2656 ) (-3072 1024 2656 ) (-3072 1024 -864 ) 
4 140 156 (-3072 1024 -864 ) (-3072 1024 2656 ) (-3072 2048 2656 ) (-3072 2048 -864 ) 
4 141 146 (-3072 4096 -864 ) (-3072 4096 960 ) (-3136 4096 960 ) (-3136 4096 -864 ) 
4 141 148 (-3136 4096 960 ) (-4096 4096 960 ) (-4096 4096 -864 ) (-3136 4096 -864 ) 
4 141 143 (-3072 4096 960 ) (-3072 4096 2656 ) (-3584 4096 2656 ) (-3584 4096 960 ) 
4 141 145 (-3584 4096 2656 ) (-4096 4096 2656 ) (-4096 4096 960 ) (-3584 4096 960 ) 
4 141 142 (-4096 4096 -864 ) (-4096 4096 2656 ) (-4096 4928 2656 ) (-4096 4928 -864 ) 
4 142 149 (-4096 4096 -864 ) (-4096 4096 2656 ) (-4864 4096 2656 ) (-4864 4096 -864 ) 
4 143 146 (-3136 4096 960 ) (-3072 4096 960 ) (-3072 3840 960 ) (-3136 3840 960 ) 
4 143 148 (-3584 3840 960 ) (-3584 4096 960 ) (-3136 4096 960 ) (-3136 3840 960 ) 
4 143 144 (-3584 3840 2656 ) (-3584 3840 1024 ) (-3072 3840 1024 ) (-3072 3840 2656 ) 
4 143 145 (-3584 4096 960 ) (-3584 3840 960 ) (-3584 3840 2656 ) (-3584 4096 2656 ) 
4 144 150 (-3072 3072 1024 ) (-3072 3072 2656 ) (-3584 3072 2656 ) (-3584 3072 1024 ) 
4 144 145 (-3584 3072 1024 ) (-3584 3072 2656 ) (-3584 3840 2656 ) (-3584 3840 1024 ) 
4 145 152 (-3584 3072 2656 ) (-4096 3072 2656 ) (-4096 3072 960 ) (-3584 3072 960 ) 
4 145 149 (-4096 3072 960 ) (-4096 3072 2656 ) (-4096 4096 2656 ) (-4096 4096 960 ) 
4 145 148 (-3584 3072 960 ) (-4096 3072 960 ) (-4096 4096 960 ) (-3584 4096 960 ) 
4 146 147 (-3136 3840 576 ) (-3136 3840 -864 ) (-3072 3840 -864 ) (-3072 3840 576 ) 
4 146 148 (-3136 4096 -864 ) (-3136 3840 -864 ) (-3136 3840 960 ) (-3136 4096 960 ) 
4 147 153 (-3072 3072 -864 ) (-3072 3072 576 ) (-3136 3072 576 ) (-3136 3072 -864 ) 
4 147 148 (-3136 3840 -864 ) (-3136 3072 -864 ) (-3136 3072 576 ) (-3136 3840 576 ) 
4 148 155 (-3136 3072 960 ) (-4096 3072 960 ) (-4096 3072 -864 ) (-3136 3072 -864 ) 
4 148 149 (-4096 3072 -864 ) (-4096 3072 960 ) (-4096 4096 960 ) (-4096 4096 -864 ) 
4 149 157 (-4096 3072 -864 ) (-4096 3072 2656 ) (-4864 3072 2656 ) (-4864 3072 -864 ) 
4 150 151 (-3584 2304 2656 ) (-3584 2304 1024 ) (-3072 2304 1024 ) (-3072 2304 2656 ) 
4 150 152 (-3584 2304 1024 ) (-3584 2304 2656 ) (-3584 3072 2656 ) (-3584 3072 1024 ) 
4 151 156 (-3072 2048 960 ) (-3072 2048 2656 ) (-3584 2048 2656 ) (-3584 2048 960 ) 
4 151 154 (-3072 2304 960 ) (-3072 2048 960 ) (-3136 2048 960 ) (-3136 2304 960 ) 
4 151 155 (-3136 2048 960 ) (-3584 2048 960 ) (-3584 2304 960 ) (-3136 2304 960 ) 
4 151 152 (-3584 2304 960 ) (-3584 2048 960 ) (-3584 2048 2656 ) (-3584 2304 2656 ) 
4 152 157 (-4096 3072 2656 ) (-4096 3072 960 ) (-4096 2048 960 ) (-4096 2048 2656 ) 
4 152 156 (-3584 2048 2656 ) (-4096 2048 2656 ) (-4096 2048 960 ) (-3584 2048 960 ) 
4 152 155 (-4096 2048 960 ) (-4096 3072 960 ) (-3584 3072 960 ) (-3584 2048 960 ) 
4 153 154 (-3136 3040 576 ) (-3136 3040 -864 ) (-3072 3040 -864 ) (-3072 3040 576 ) 
4 153 155 (-3136 3072 -864 ) (-3136 3040 -864 ) (-3136 3040 576 ) (-3136 3072 576 ) 
4 154 156 (-3072 2048 -864 ) (-3072 2048 960 ) (-3136 2048 960 ) (-3136 2048 -864 ) 
4 154 155 (-3136 3040 -864 ) (-3136 2048 -864 ) (-3136 2048 960 ) (-3136 3040 960 ) 
4 155 157 (-4096 3072 960 ) (-4096 3072 -864 ) (-4096 2048 -864 ) (-4096 2048 960 ) 
4 155 156 (-3136 2048 960 ) (-4096 2048 960 ) (-4096 2048 -864 ) (-3136 2048 -864 ) 
4 156 193 (-3072 1024 -864 ) (-3072 1024 2656 ) (-4096 1024 2656 ) (-4096 1024 -864 ) 
4 156 158 (-4096 1024 -864 ) (-4096 1024 2656 ) (-4096 2048 2656 ) (-4096 2048 -864 ) 
4 157 158 (-4096 2048 -864 ) (-4096 2048 2656 ) (-4864 2048 2656 ) (-4864 2048 -864 ) 
4 158 195 (-4096 1024 -864 ) (-4096 1024 2656 ) (-4864 1024 2656 ) (-4864 1024 -864 ) 
4 159 178 (-320 0 416 ) (-896 0 416 ) (-896 0 96 ) (-320 0 96 ) 
4 159 177 (-256 0 416 ) (-320 0 416 ) (-320 0 96 ) (-256 0 96 ) 
4 159 173 (0 0 96 ) (0 0 416 ) (-256 0 416 ) (-256 0 96 ) 
4 159 170 (0 0 416 ) (0 0 480 ) (-896 0 480 ) (-896 0 416 ) 
4 159 169 (0 0 480 ) (0 0 2656 ) (-896 0 2656 ) (-896 0 480 ) 
4 159 162 (-896 1024 96 ) (-448 1024 96 ) (-320 704 96 ) (-896 704 96 ) 
4 159 164 (0 704 96 ) (0 0 96 ) (-896 0 96 ) (-896 704 96 ) 
4 159 160 (-896 0 480 ) (-896 0 2656 ) (-896 1024 2656 ) (-896 1024 480 ) 
4 159 161 (-896 1024 96 ) (-896 0 96 ) (-896 0 416 ) (-896 1024 416 ) 
4 160 183 (-1024 1024 2656 ) (-1024 1024 480 ) (-1024 0 480 ) (-1024 0 2656 ) 
4 160 169 (-896 0 2656 ) (-1024 0 2656 ) (-1024 0 480 ) (-896 0 480 ) 
4 161 183 (-1024 1024 416 ) (-1024 1024 96 ) (-1024 0 96 ) (-1024 0 416 ) 
4 161 178 (-960 0 96 ) (-896 0 96 ) (-896 0 416 ) (-960 0 416 ) 
4 161 182 (-1024 0 416 ) (-1024 0 96 ) (-960 0 96 ) (-960 0 416 ) 
4 161 162 (-1024 704 96 ) (-1024 1024 96 ) (-896 1024 96 ) (-896 704 96 ) 
4 161 164 (-1024 0 96 ) (-1024 704 96 ) (-896 704 96 ) (-896 0 96 ) 
4 162 183 (-1024 1024 96 ) (-1024 1024 32 ) (-1024 704 32 ) (-1024 704 96 ) 
4 162 163 (-320 704 32 ) (-1024 704 32 ) (-1024 1024 32 ) (-448 1024 32 ) 
4 162 164 (-320 704 96 ) (-1024 704 96 ) (-1024 704 32 ) (-320 704 32 ) 
4 163 183 (-1024 1024 32 ) (-1024 1024 0 ) (-1024 704 0 ) (-1024 704 32 ) 
4 163 166 (-640 1024 0 ) (-320 1024 0 ) (-320 704 0 ) (-486.955872 704 0 ) 
4 163 165 (-320 1024 0 ) (0 1024 0 ) (0 704 0 ) (-320 704 0 ) 
4 163 168 (-1024 704 0 ) (-1024 1024 0 ) (-960 1024 0 ) (-960 704 0 ) 
4 163 164 (-1024 704 0 ) (0 704 0 ) (0 704 32 ) (-1024 704 32 ) 
4 164 183 (-1024 704 0 ) (-1024 0 0 ) (-1024 0 96 ) (-1024 704 96 ) 
4 164 178 (-320 0 96 ) (-960 0 96 ) (-960 0 0 ) (-320 0 0 ) 
4 164 177 (-256 0 96 ) (-320 0 96 ) (-320 0 0 ) (-256 0 0 ) 
4 164 182 (-960 0 96 ) (-1024 0 96 ) (-1024 0 0 ) (-960 0 0 ) 
4 164 173 (0 0 0 ) (0 0 96 ) (-256 0 96 ) (-256 0 0 ) 
3 164 166 (-486.955841 704 0 ) (-320 704 0 ) (-320 354.912018 0 ) 
4 164 165 (-320 704 0 ) (0 704 0 ) (0 0 0 ) (-320 0 0 ) 
4 164 168 (-1024 0 0 ) (-1024 704 0 ) (-960 704 0 ) (-960 0 0 ) 
4 165 177 (-256 0 0 ) (-320 0 0 ) (-320 0 -864 ) (-256 0 -864 ) 
4 165 174 (-128 0 -128 ) (-256 0 -128 ) (-256 0 -192 ) (-128 0 -192 ) 
4 165 173 (0 0 -128 ) (0 0 0 ) (-256 0 0 ) (-256 0 -128 ) 
4 165 175 (0 0 -864 ) (0 0 -192 ) (-256 0 -192 ) (-256 0 -864 ) 
4 165 166 (-320 354.911987 0 ) (-320 1024 0 ) (-320 1024 -64 ) (-320 354.911987 -64 ) 
4 165 167 (-320 1024 -864 ) (-320 0 -864 ) (-320 0 -64 ) (-320 1024 -64 ) 
3 166 167 (-640 1024 -64 ) (-320 1024 -64 ) (-320 354.911987 -64 ) 
4 167 180 (-960 0 -64 ) (-960 0 -864 ) (-320 0 -864 ) (-320 0 -64 ) 
4 167 168 (-960 1024 -864 ) (-960 0 -864 ) (-960 0 -64 ) (-960 1024 -64 ) 
4 168 183 (-1024 1024 0 ) (-1024 1024 -864 ) (-1024 0 -864 ) (-1024 0 0 ) 
4 168 182 (-960 0 0 ) (-1024 0 0 ) (-1024 0 -864 ) (-960 0 -864 ) 
4 169 187 (0 -1024 480 ) (0 -1024 2656 ) (-1024 -1024 2656 ) (-1024 -1024 480 ) 
4 169 185 (-1024 -1024 480 ) (-1024 -1024 2656 ) (-1024 0 2656 ) (-1024 0 480 ) 
4 169 172 (-896 -1024 480 ) (-1024 -1024 480 ) (-1024 -768 480 ) (-896 -768 480 ) 
4 169 170 (-896 -640 480 ) (-896 0 480 ) (0 0 480 ) (0 -640 480 ) 
4 169 171 (0 -1024 480 ) (-896 -1024 480 ) (-896 -768 480 ) (0 -768 480 ) 
4 170 178 (-896 0 416 ) (-320 0 416 ) (-320 -448 416 ) (-896 -448 416 ) 
4 170 181 (-320 -448 416 ) (-320 -640 416 ) (-896 -640 416 ) (-896 -448 416 ) 
4 170 177 (-320 0 416 ) (-256 0 416 ) (-256 -640 416 ) (-320 -640 416 ) 
4 170 173 (-256 0 416 ) (0 0 416 ) (0 -640 416 ) (-256 -640 416 ) 
4 171 187 (0 -1024 416 ) (0 -1024 480 ) (-896 -1024 480 ) (-896 -1024 416 ) 
4 171 181 (-320 -1024 416 ) (-896 -1024 416 ) (-896 -768 416 ) (-320 -768 416 ) 
4 171 177 (-256 -1024 416 ) (-320 -1024 416 ) (-320 -768 416 ) (-256 -768 416 ) 
4 171 176 (0 -768 416 ) (0 -1024 416 ) (-256 -1024 416 ) (-256 -768 416 ) 
4 171 172 (-896 -768 416 ) (-896 -1024 416 ) (-896 -1024 480 ) (-896 -768 480 ) 
4 172 187 (-896 -1024 480 ) (-1024 -1024 480 ) (-1024 -1024 416 ) (-896 -1024 416 ) 
4 172 185 (-1024 -1024 416 ) (-1024 -1024 480 ) (-1024 -768 480 ) (-1024 -768 416 ) 
4 172 181 (-960 -768 416 ) (-896 -768 416 ) (-896 -1024 416 ) (-960 -1024 416 ) 
4 172 182 (-1024 -1024 416 ) (-1024 -768 416 ) (-960 -768 416 ) (-960 -1024 416 ) 
4 173 177 (-256 -704 -128 ) (-256 -704 416 ) (-256 0 416 ) (-256 0 -128 ) 
3 173 174 (-256 -128 -128 ) (-256 0 -128 ) (-128 0 -128 ) 
4 173 176 (-256 -704 416 ) (-256 -704 -128 ) (0 -704 -128 ) (0 -704 416 ) 
4 174 177 (-256 -128 -128 ) (-256 0 -128 ) (-256 0 -192 ) (-256 -128 -192 ) 
3 174 175 (-256 -128 -192 ) (-256 0 -192 ) (-128 0 -192 ) 
4 175 177 (-256 0 -864 ) (-256 -704 -864 ) (-256 -704 -192 ) (-256 0 -192 ) 
4 175 176 (-256 -704 -192 ) (-256 -704 -864 ) (0 -704 -864 ) (0 -704 -192 ) 
4 176 187 (0 -1024 -864 ) (0 -1024 416 ) (-256 -1024 416 ) (-256 -1024 -864 ) 
4 176 177 (-256 -704 -864 ) (-256 -1024 -864 ) (-256 -1024 416 ) (-256 -704 416 ) 
4 177 187 (-256 -1024 416 ) (-320 -1024 416 ) (-320 -1024 -864 ) (-256 -1024 -864 ) 
4 177 179 (-320 -448 -64 ) (-320 -448 0 ) (-320 -46.542786 0 ) (-320 -46.542767 -64 ) 
4 177 178 (-320 -448 0 ) (-320 -448 416 ) (-320 0 416 ) (-320 0 0 ) 
4 177 180 (-320 0 -864 ) (-320 -448 -864 ) (-320 -448 -64 ) (-320 0 -64 ) 
4 177 181 (-320 -448 -864 ) (-320 -1024 -864 ) (-320 -1024 416 ) (-320 -448 416 ) 
3 178 179 (-320 -448 0 ) (-512 -448 0 ) (-320 -46.542767 0 ) 
4 178 182 (-960 -448 0 ) (-960 -448 416 ) (-960 0 416 ) (-960 0 0 ) 
4 178 181 (-960 -448 416 ) (-960 -448 0 ) (-320 -448 0 ) (-320 -448 416 ) 
4 179 181 (-512 -448 -64 ) (-320 -448 -64 ) (-320 -448 0 ) (-512 -448 0 ) 
3 179 180 (-320 -448 -64 ) (-512 -448 -64 ) (-320 -46.542767 -64 ) 
4 180 181 (-960 -448 -64 ) (-960 -448 -864 ) (-320 -448 -864 ) (-320 -448 -64 ) 
4 180 182 (-960 0 -864 ) (-960 -448 -864 ) (-960 -448 -64 ) (-960 0 -64 ) 
4 181 187 (-320 -1024 416 ) (-960 -1024 416 ) (-960 -1024 -864 ) (-320 -1024 -864 ) 
4 181 182 (-960 -448 -864 ) (-960 -1024 -864 ) (-960 -1024 416 ) (-960 -448 416 ) 
4 182 187 (-960 -1024 416 ) (-1024 -1024 416 ) (-1024 -1024 -864 ) (-960 -1024 -864 ) 
4 182 185 (-1024 -1024 -864 ) (-1024 -1024 416 ) (-1024 0 416 ) (-1024 0 -864 ) 
4 183 185 (-1024 0 -864 ) (-1024 0 2656 ) (-2048 0 2656 ) (-2048 0 -864 ) 
4 183 184 (-2048 1024 2656 ) (-2048 1024 -864 ) (-2048 0 -864 ) (-2048 0 2656 ) 
4 184 193 (-3072 1024 2656 ) (-3072 1024 -864 ) (-3072 0 -864 ) (-3072 0 2656 ) 
4 184 186 (-2048 0 -864 ) (-2048 0 2656 ) (-3072 0 2656 ) (-3072 0 -864 ) 
4 185 188 (-1024 -1024 -864 ) (-1024 -1024 2656 ) (-2048 -1024 2656 ) (-2048 -1024 -864 ) 
4 185 186 (-2048 0 2656 ) (-2048 0 -864 ) (-2048 -1024 -864 ) (-2048 -1024 2656 ) 
4 186 194 (-3072 -1024 -864 ) (-3072 -1024 2656 ) (-3072 0 2656 ) (-3072 0 -864 ) 
4 186 189 (-2048 -1024 -864 ) (-2048 -1024 2656 ) (-3072 -1024 2656 ) (-3072 -1024 -864 ) 
4 187 190 (0 -2048 -864 ) (0 -2048 2656 ) (-1024 -2048 2656 ) (-1024 -2048 -864 ) 
4 187 188 (-1024 -2048 -864 ) (-1024 -2048 2656 ) (-1024 -1024 2656 ) (-1024 -1024 -864 ) 
4 188 191 (-1024 -2048 -864 ) (-1024 -2048 2656 ) (-2048 -2048 2656 ) (-2048 -2048 -864 ) 
4 188 189 (-2048 -1024 2656 ) (-2048 -1024 -864 ) (-2048 -2048 -864 ) (-2048 -2048 2656 ) 
4 189 197 (-3072 -2048 -864 ) (-3072 -2048 2656 ) (-3072 -1024 2656 ) (-3072 -1024 -864 ) 
4 189 192 (-3072 -2048 2656 ) (-3072 -2048 -864 ) (-2048 -2048 -864 ) (-2048 -2048 2656 ) 
4 190 191 (-1024 -2048 2656 ) (-1024 -2048 -864 ) (-1024 -2272 -864 ) (-1024 -2272 2656 ) 
4 191 192 (-2048 -2048 2656 ) (-2048 -2048 -864 ) (-2048 -2272 -864 ) (-2048 -2272 2656 ) 
4 192 199 (-3072 -2272 2656 ) (-3072 -2048 2656 ) (-3072 -2048 -864 ) (-3072 -2272 -864 ) 
4 193 195 (-4096 1024 2656 ) (-4096 1024 -864 ) (-4096 0 -864 ) (-4096 0 2656 ) 
4 193 194 (-3072 0 -864 ) (-3072 0 2656 ) (-4096 0 2656 ) (-4096 0 -864 ) 
4 194 197 (-3072 -1024 -864 ) (-3072 -1024 2656 ) (-4096 -1024 2656 ) (-4096 -1024 -864 ) 
4 194 196 (-4096 -1024 -864 ) (-4096 -1024 2656 ) (-4096 0 2656 ) (-4096 0 -864 ) 
4 195 196 (-4096 0 -864 ) (-4096 0 2656 ) (-4864 0 2656 ) (-4864 0 -864 ) 
4 196 198 (-4096 -1024 -864 ) (-4096 -1024 2656 ) (-4864 -1024 2656 ) (-4864 -1024 -864 ) 
4 197 199 (-3072 -2048 -864 ) (-3072 -2048 2656 ) (-4096 -2048 2656 ) (-4096 -2048 -864 ) 
4 197 198 (-4096 -2048 -864 ) (-4096 -2048 2656 ) (-4096 -1024 2656 ) (-4096 -1024 -864 ) 
4 198 200 (-4096 -2048 -864 ) (-4096 -2048 2656 ) (-4864 -2048 2656 ) (-4864 -2048 -864 ) 
4 199 200 (-4096 -2048 2656 ) (-4096 -2048 -864 ) (-4096 -2272 -864 ) (-4096 -2272 2656 ) 
