PRT1
217
705
4 0 24 (2312 3072 2560 ) (2048 3072 2560 ) (2048 3072 1216 ) (2312 3072 1216 ) 
4 0 4 (2048 3072 1216 ) (2048 3072 2560 ) (2048 3792 2560 ) (2048 3792 1216 ) 
4 0 3 (2048 3792 2560 ) (2048 3824 2560 ) (2048 3824 1216 ) (2048 3792 1216 ) 
4 0 1 (2216 3072 1216 ) (2048 3072 1216 ) (2048 3824 1216 ) (2216 3824 1216 ) 
4 1 26 (2048 3072 1216 ) (2048 3072 0 ) (2216 3072 0 ) (2216 3072 1216 ) 
4 1 14 (2048 3072 370.580780 ) (2048 3072 568 ) (2048 3792 568 ) (2048 3792 370.580750 ) 
4 1 13 (2048 3072 0 ) (2048 3072 370.580780 ) (2048 3792 370.580750 ) (2048 3792 0 ) 
4 1 4 (2048 3072 568 ) (2048 3072 1216 ) (2048 3792 1216 ) (2048 3792 568 ) 
4 1 3 (2048 3792 1216 ) (2048 3824 1216 ) (2048 3824 0 ) (2048 3792 0 ) 
11 2 3 (1160 3824 640 ) (1160 3824 0 ) (1928 3824 0 ) (1928 3824 640 ) (1896 3824 784 ) (1816 3824 912 ) (1688 3824 992 ) (1544 3824 1024 ) (1400 3824 992 ) (1272 3824 912 ) (1192 3824 784 ) 
4 3 23 (1024 3824 1216 ) (1024 3824 0 ) (1024 3792 0 ) (1024 3792 1216 ) 
4 3 22 (1024 3792 2560 ) (1024 3824 2560 ) (1024 3824 1216 ) (1024 3792 1216 ) 
16 3 20 (1832 3792 1648 ) (1810 3792 1758 ) (1748 3792 1852 ) (1654 3792 1914 ) (1544 3792 1936 ) (1434 3792 1914 ) (1340 3792 1852 ) (1278 3792 1758 ) (1256 3792 1648 ) (1278 3792 1538 ) (1340 3792 1444 ) (1434 3792 1382 ) (1544 3792 1360 ) (1654 3792 1382 ) (1748 3792 1444 ) (1810 3792 1538 ) 
3 3 19 (1843.762329 3792 1589.188110 ) (1832 3792 1648 ) (1810 3792 1538 ) 
3 3 18 (1858.255615 3792 1516.721802 ) (1843.762329 3792 1589.188110 ) (1748 3792 1444 ) 
3 3 17 (1876.307739 3792 1426.461548 ) (1858.255615 3792 1516.721802 ) (1654 3792 1382 ) 
3 3 16 (1904 3792 1288 ) (1876.307739 3792 1426.461548 ) (1544 3792 1360 ) 
3 3 15 (1953.764771 3792 1039.176392 ) (1904 3792 1288 ) (1434 3792 1382 ) 
4 3 14 (2048 3792 370.580688 ) (2048 3792 568 ) (1953.764771 3792 1039.176392 ) (1340 3792 1444 ) 
4 3 13 (1585.600098 3792 0 ) (2048 3792 0 ) (2048 3792 370.580688 ) (1278 3792 1538 ) 
4 3 12 (1024 3792 0 ) (1585.600098 3792 0 ) (1256 3792 1648 ) (1024 3792 488 ) 
3 3 11 (1278 3792 1758 ) (1024 3792 1372.903320 ) (1024 3792 488 ) 
3 3 10 (1340 3792 1852 ) (1024 3792 1643.574585 ) (1024 3792 1372.903320 ) 
3 3 9 (1434 3792 1914 ) (1024 3792 1832 ) (1024 3792 1643.574585 ) 
3 3 8 (1544 3792 1936 ) (1024 3792 2040 ) (1024 3792 1832 ) 
3 3 7 (1654 3792 1914 ) (1024 3792 2329.531738 ) (1024 3792 2040 ) 
4 3 6 (1748 3792 1852 ) (1281.021240 3792 2560 ) (1024 3792 2560 ) (1024 3792 2329.531738 ) 
3 3 5 (1810 3792 1758 ) (1649.599976 3792 2560 ) (1281.021240 3792 2560 ) 
3 3 4 (2048 3792 568 ) (2048 3792 2560 ) (1649.599976 3792 2560 ) 
3 4 70 (2048 3072 568 ) (2048 3072 2560 ) (1649.599976 3072 2560 ) 
4 4 21 (1832 3784 1648.001709 ) (1832 3072 1648.001709 ) (1810 3072 1757.998779 ) (1810 3784 1757.998779 ) 
4 4 20 (1810 3792 1757.998779 ) (1832 3792 1648.001709 ) (1832 3784 1648.001709 ) (1810 3784 1757.998779 ) 
4 4 19 (1832 3792 1648.001709 ) (1843.762817 3792 1589.188721 ) (1843.762817 3072 1589.188721 ) (1832 3072 1648.001709 ) 
4 4 18 (1843.762817 3792 1589.188721 ) (1858.256104 3792 1516.722168 ) (1858.256104 3072 1516.722168 ) (1843.762817 3072 1589.188721 ) 
4 4 17 (1858.256104 3792 1516.722168 ) (1876.308228 3792 1426.461670 ) (1876.308228 3072 1426.461670 ) (1858.256104 3072 1516.722168 ) 
4 4 16 (1876.308228 3792 1426.461670 ) (1904 3792 1288 ) (1904 3072 1288 ) (1876.308228 3072 1426.461670 ) 
4 4 15 (1904 3792 1288 ) (1953.765381 3792 1039.176025 ) (1953.765381 3072 1039.176025 ) (1904 3072 1288 ) 
4 4 14 (1953.765381 3792 1039.176025 ) (2048 3792 568.002930 ) (2048 3072 568.002930 ) (1953.765381 3072 1039.176025 ) 
4 4 5 (1649.600586 3792 2560 ) (1810 3792 1757.998779 ) (1810 3072 1757.998779 ) (1649.600586 3072 2560 ) 
3 5 70 (1810 3072 1758 ) (1649.599976 3072 2560 ) (1281.021240 3072 2560 ) 
4 5 21 (1810 3784 1758 ) (1810 3072 1758 ) (1748 3072 1852 ) (1748 3784 1852 ) 
4 5 20 (1748 3792 1852 ) (1810 3792 1758 ) (1810 3784 1758 ) (1748 3784 1852 ) 
4 5 6 (1281.019531 3792 2560 ) (1748 3792 1852 ) (1748 3072 1852 ) (1281.019531 3072 2560 ) 
4 6 70 (1748 3072 1852 ) (1281.021240 3072 2560 ) (1024 3072 2560 ) (1024 3072 2329.531738 ) 
4 6 22 (1024 3072 2329.531738 ) (1024 3072 2560 ) (1024 3792 2560 ) (1024 3792 2329.531738 ) 
4 6 21 (1748.003906 3784 1852 ) (1748.003906 3072 1852 ) (1654.005737 3072 1913.998901 ) (1654.005737 3784 1913.998901 ) 
4 6 20 (1654.005737 3792 1913.998901 ) (1748.003906 3792 1852 ) (1748.003906 3784 1852 ) (1654.005737 3784 1913.998901 ) 
4 6 7 (1024 3792 2329.535156 ) (1654.005737 3792 1913.998901 ) (1654.005737 3072 1913.998901 ) (1024 3072 2329.535156 ) 
3 7 70 (1654 3072 1914 ) (1024 3072 2329.531738 ) (1024 3072 2040 ) 
4 7 22 (1024 3072 2040 ) (1024 3072 2329.531738 ) (1024 3792 2329.531738 ) (1024 3792 2040 ) 
4 7 21 (1653.998169 3784 1914 ) (1653.998169 3072 1914 ) (1544 3072 1936 ) (1544 3784 1936 ) 
4 7 20 (1544 3792 1936 ) (1653.998169 3792 1914 ) (1653.998169 3784 1914 ) (1544 3784 1936 ) 
4 7 8 (1024 3072 2040 ) (1024 3792 2040 ) (1544 3792 1936 ) (1544 3072 1936 ) 
3 8 70 (1544 3072 1936 ) (1024 3072 2040 ) (1024 3072 1832 ) 
4 8 22 (1024 3072 1832 ) (1024 3072 2040 ) (1024 3792 2040 ) (1024 3792 1832 ) 
4 8 21 (1544 3784 1936 ) (1544 3072 1936 ) (1434 3072 1914 ) (1434 3784 1914 ) 
4 8 20 (1434 3792 1914 ) (1544 3792 1936 ) (1544 3784 1936 ) (1434 3784 1914 ) 
4 8 9 (1024 3792 1832 ) (1434 3792 1914 ) (1434 3072 1914 ) (1024 3072 1832 ) 
3 9 70 (1434 3072 1914 ) (1024 3072 1832 ) (1024 3072 1643.574585 ) 
4 9 22 (1024 3072 1643.574463 ) (1024 3072 1832 ) (1024 3792 1832 ) (1024 3792 1643.574585 ) 
4 9 21 (1434.003906 3784 1914 ) (1434.003906 3072 1914 ) (1339.996948 3072 1851.995483 ) (1339.996948 3784 1851.995483 ) 
4 9 20 (1339.996948 3792 1851.995483 ) (1434.003906 3792 1914 ) (1434.003906 3784 1914 ) (1339.996948 3784 1851.995483 ) 
4 9 10 (1024 3072 1643.571899 ) (1024 3792 1643.571899 ) (1339.996948 3792 1851.995483 ) (1339.996948 3072 1851.995483 ) 
3 10 70 (1340 3072 1852 ) (1024 3072 1643.574585 ) (1024 3072 1372.903320 ) 
4 10 22 (1024 3072 1372.903320 ) (1024 3072 1643.574463 ) (1024 3792 1643.574585 ) (1024 3792 1372.903320 ) 
4 10 21 (1339.998169 3784 1851.998169 ) (1339.998169 3072 1851.998169 ) (1278 3072 1758.001221 ) (1278 3784 1758.001221 ) 
4 10 20 (1278 3792 1758.001221 ) (1339.998169 3792 1851.998169 ) (1339.998169 3784 1851.998169 ) (1278 3784 1758.001221 ) 
4 10 11 (1024 3792 1372.903687 ) (1278 3792 1758.001221 ) (1278 3072 1758.001221 ) (1024 3072 1372.903687 ) 
3 11 70 (1278 3072 1758 ) (1024 3072 1372.903320 ) (1024 3072 488 ) 
4 11 23 (1024 3072 488 ) (1024 3072 1216 ) (1024 3792 1216 ) (1024 3792 488 ) 
4 11 22 (1024 3072 1216 ) (1024 3072 1372.903320 ) (1024 3792 1372.903320 ) (1024 3792 1216 ) 
4 11 21 (1278 3784 1758.002319 ) (1278 3072 1758.002197 ) (1256 3072 1648.001221 ) (1256 3784 1648 ) 
4 11 20 (1256 3792 1648 ) (1278 3792 1758.002319 ) (1278 3784 1758.002319 ) (1256 3784 1648 ) 
4 11 12 (1024 3072 488 ) (1024 3792 488 ) (1256 3792 1648 ) (1256 3072 1648.001221 ) 
4 12 70 (1256 3072 1648 ) (1024 3072 488 ) (1024 3072 0 ) (1585.600098 3072 0 ) 
4 12 23 (1024 3072 0 ) (1024 3072 488 ) (1024 3792 488 ) (1024 3792 0 ) 
4 12 21 (1256 3784 1648.002075 ) (1256 3072 1648.002075 ) (1278 3072 1538 ) (1278 3784 1538 ) 
4 12 20 (1278 3792 1538 ) (1256 3792 1648.002075 ) (1256 3784 1648.002075 ) (1278 3784 1538 ) 
4 12 13 (1585.600586 3072 0 ) (1585.600586 3792 0 ) (1278 3792 1538 ) (1278 3072 1538 ) 
4 13 70 (2048 3072 0 ) (2048 3072 370.580688 ) (1278 3072 1538 ) (1585.600098 3072 0 ) 
4 13 21 (1278 3784 1537.998169 ) (1278 3072 1537.998169 ) (1339.998047 3072 1444.001343 ) (1339.998047 3784 1444.001343 ) 
4 13 20 (1339.998047 3792 1444.001343 ) (1278 3792 1537.998169 ) (1278 3784 1537.998169 ) (1339.998047 3784 1444.001343 ) 
4 13 14 (2048 3072 370.580536 ) (2048 3792 370.580566 ) (1339.998047 3792 1444.001343 ) (1339.998047 3072 1444.001343 ) 
4 14 70 (2048 3072 370.580688 ) (2048 3072 568 ) (1953.764771 3072 1039.176392 ) (1340 3072 1444 ) 
4 14 21 (1339.998169 3784 1444.001831 ) (1339.998169 3072 1444.001831 ) (1434.001465 3072 1382 ) (1434.001465 3784 1382 ) 
4 14 20 (1339.998169 3792 1444.001831 ) (1339.998169 3784 1444.001831 ) (1434.001465 3784 1382 ) (1434.001465 3792 1382 ) 
4 14 15 (1434.001465 3072 1382 ) (1953.764648 3072 1039.177124 ) (1953.764648 3792 1039.177124 ) (1434.001465 3792 1382 ) 
3 15 70 (1953.764771 3072 1039.176392 ) (1904 3072 1288 ) (1434 3072 1382 ) 
4 15 21 (1434.003906 3784 1382 ) (1434.003906 3072 1382 ) (1544 3072 1360 ) (1544 3784 1360 ) 
4 15 20 (1434.003906 3792 1382 ) (1434.003906 3784 1382 ) (1544 3784 1360 ) (1544 3792 1360 ) 
4 15 16 (1544 3072 1360 ) (1904 3072 1288 ) (1904 3792 1288 ) (1544 3792 1360 ) 
3 16 70 (1904 3072 1288 ) (1876.307739 3072 1426.461548 ) (1544 3072 1360 ) 
4 16 21 (1543.997925 3784 1360 ) (1543.997925 3072 1360 ) (1654 3072 1382 ) (1654 3784 1382 ) 
4 16 20 (1543.997925 3792 1360 ) (1543.997925 3784 1360 ) (1654 3784 1382 ) (1654 3792 1382 ) 
4 16 17 (1654 3072 1382 ) (1876.307617 3072 1426.462036 ) (1876.307617 3792 1426.462036 ) (1654 3792 1382 ) 
3 17 70 (1876.307739 3072 1426.461548 ) (1858.255615 3072 1516.721802 ) (1654 3072 1382 ) 
4 17 21 (1653.997925 3784 1381.997925 ) (1653.997925 3072 1381.997925 ) (1748 3072 1443.998535 ) (1748 3784 1443.998535 ) 
4 17 20 (1653.997925 3792 1381.997925 ) (1653.997925 3784 1381.997925 ) (1748 3784 1443.998535 ) (1748 3792 1443.998535 ) 
4 17 18 (1748 3072 1443.998535 ) (1858.255859 3072 1516.721069 ) (1858.255859 3792 1516.721069 ) (1748 3792 1443.998535 ) 
3 18 70 (1858.255615 3072 1516.721802 ) (1843.762329 3072 1589.188110 ) (1748 3072 1444 ) 
4 18 21 (1748.001831 3784 1444.001831 ) (1748.001831 3072 1444.001831 ) (1810 3072 1537.998535 ) (1810 3784 1537.998535 ) 
4 18 20 (1748.001831 3792 1444.001831 ) (1748.001831 3784 1444.001831 ) (1810 3784 1537.998535 ) (1810 3792 1537.998535 ) 
4 18 19 (1810 3072 1537.998535 ) (1843.762573 3072 1589.187622 ) (1843.762573 3792 1589.187622 ) (1810 3792 1537.998535 ) 
3 19 70 (1843.762329 3072 1589.188110 ) (1832 3072 1648 ) (1810 3072 1538 ) 
4 19 21 (1810 3784 1538.002319 ) (1810 3072 1538.002197 ) (1832 3072 1648 ) (1832 3784 1648 ) 
4 19 20 (1810 3792 1538.002319 ) (1810 3784 1538.002319 ) (1832 3784 1648 ) (1832 3792 1648 ) 
16 20 21 (1278 3784 1758.003906 ) (1256 3784 1648 ) (1278 3784 1538 ) (1340 3784 1444 ) (1434 3784 1382 ) (1543.992188 3784 1360 ) (1653.984375 3784 1382 ) (1748.003906 3784 1444.007813 ) (1809.997070 3784 1537.992188 ) (1832 3784 1648.003662 ) (1810 3784 1758 ) (1748 3784 1852 ) (1654 3784 1914 ) (1544 3784 1936 ) (1434 3784 1914 ) (1339.995850 3784 1851.997437 ) 
16 21 70 (1832 3072 1648 ) (1810 3072 1758 ) (1748 3072 1852 ) (1654 3072 1914 ) (1544 3072 1936 ) (1434 3072 1914 ) (1340 3072 1852 ) (1278 3072 1758 ) (1256 3072 1648 ) (1278 3072 1538 ) (1340 3072 1444 ) (1434 3072 1382 ) (1544 3072 1360 ) (1654 3072 1382 ) (1748 3072 1444 ) (1810 3072 1538 ) 
4 22 71 (1024 3072 1216 ) (1024 3072 2560 ) (776 3072 2560 ) (776 3072 1216 ) 
4 22 23 (872 3824 1216 ) (1024 3824 1216 ) (1024 3072 1216 ) (872 3072 1216 ) 
4 23 72 (1024 3072 0 ) (1024 3072 1216 ) (872 3072 1216 ) (872 3072 0 ) 
4 24 70 (2048 3072 2560 ) (2048 3072 1216 ) (2048 2048 1216 ) (2048 2048 2560 ) 
4 24 54 (2048 2048 2560 ) (2048 2048 1216 ) (2216 2048 1216 ) (2216 2048 2560 ) 
4 24 39 (2216 2048 1216 ) (2312 2048 1216 ) (2312 2048 2560 ) (2216 2048 2560 ) 
4 24 37 (2312 2416 1216 ) (2312 2352 1216 ) (2216 2352 1216 ) (2216 2416 1216 ) 
4 24 38 (2216 2048 1216 ) (2048 2048 1216 ) (2048 2416 1216 ) (2216 2416 1216 ) 
4 24 30 (2312 2559.609619 1216 ) (2312 2416 1216 ) (2280 2416 1216 ) (2280 2559.609619 1216 ) 
4 24 29 (2312 2665.904785 1216 ) (2312 2559.609619 1216 ) (2280 2559.609619 1216 ) (2280 2665.904541 1216 ) 
4 24 28 (2312 2747.397217 1216 ) (2312 2665.904785 1216 ) (2280 2665.904541 1216 ) (2280 2747.397217 1216 ) 
4 24 27 (2312 2800 1216 ) (2312 2747.397217 1216 ) (2280 2747.397217 1216 ) (2280 2800 1216 ) 
4 24 36 (2280 2416 1216 ) (2048 2416 1216 ) (2048 2800 1216 ) (2280 2800 1216 ) 
4 24 25 (2312 2864 1216 ) (2312 2800 1216 ) (2216 2800 1216 ) (2216 2864 1216 ) 
4 24 26 (2048 3072 1216 ) (2216 3072 1216 ) (2216 2800 1216 ) (2048 2800 1216 ) 
4 25 27 (2312 2800 704 ) (2312 2800 1216 ) (2280 2800 1216 ) (2280 2800 704 ) 
4 25 35 (2280 2800 0 ) (2312 2800 0 ) (2312 2800 80 ) (2280 2800 80 ) 
4 25 36 (2216 2800 0 ) (2280 2800 0 ) (2280 2800 1216 ) (2216 2800 1216 ) 
4 25 26 (2216 2864 0 ) (2216 2800 0 ) (2216 2800 1216 ) (2216 2864 1216 ) 
4 26 70 (2048 3072 1216 ) (2048 3072 0 ) (2048 2800 0 ) (2048 2800 1216 ) 
4 26 36 (2048 2800 0 ) (2216 2800 0 ) (2216 2800 1216 ) (2048 2800 1216 ) 
4 27 28 (2280 2747.397217 1216 ) (2280 2785 850 ) (2312 2785 850 ) (2312 2747.397217 1216 ) 
3 27 36 (2280 2800 1216 ) (2280 2800 704 ) (2280 2747.397217 1216 ) 
4 28 29 (2280 2665.905518 1216 ) (2280 2744.001953 975.997070 ) (2312 2744.001953 975.997070 ) (2312 2665.905518 1216 ) 
3 28 36 (2280 2665.904541 1216 ) (2280 2747.397217 1216 ) (2280 2785 850 ) 
4 29 30 (2280 2559.608887 1216 ) (2280 2681 1058 ) (2312 2681 1058 ) (2312 2559.608887 1216 ) 
3 29 36 (2280 2559.609619 1216 ) (2280 2665.904541 1216 ) (2280 2744 976 ) 
4 30 37 (2312 2416 1166.904175 ) (2312 2416 1216 ) (2280 2416 1216 ) (2280 2416 1166.904297 ) 
4 30 32 (2280 2520.187744 1124.088989 ) (2280 2608.003906 1088 ) (2312 2608.003906 1088 ) (2312 2520.187500 1124.088989 ) 
4 30 31 (2312 2416 1166.906250 ) (2280 2416 1166.906250 ) (2280 2520.187744 1124.088989 ) (2312 2520.187500 1124.088989 ) 
4 30 36 (2280 2416 1166.904175 ) (2280 2416 1216 ) (2280 2559.609619 1216 ) (2280 2681 1058 ) 
4 31 37 (2312 2416 803.902954 ) (2312 2416 1166.904175 ) (2280 2416 1166.904297 ) (2280 2416 803.902771 ) 
4 31 34 (2312 2416 803.899048 ) (2280 2416 803.899048 ) (2280 2431 849.994507 ) (2312 2431 849.994507 ) 
4 31 33 (2280 2472.001953 976.002808 ) (2280 2493.076904 1040.769409 ) (2312 2493.076904 1040.769409 ) (2312 2472.001953 976.002808 ) 
4 31 32 (2280 2493.076904 1040.769409 ) (2280 2520.188477 1124.088013 ) (2312 2520.188477 1124.088013 ) (2312 2493.076904 1040.769409 ) 
3 31 36 (2280 2416 803.902954 ) (2280 2416 1166.904175 ) (2280 2520.187012 1124.087646 ) 
4 32 33 (2312 2493.076172 1040.770508 ) (2280 2493.076172 1040.770508 ) (2280 2535 1058 ) (2312 2535 1058 ) 
3 32 36 (2280 2493.075439 1040.768799 ) (2280 2520.187012 1124.087646 ) (2280 2608.002441 1088 ) 
3 33 36 (2280 2472 976 ) (2280 2493.075439 1040.768799 ) (2280 2534.997559 1057.997070 ) 
4 34 37 (2312 2416 704 ) (2312 2416 803.902954 ) (2280 2416 803.902771 ) (2280 2416 704.002686 ) 
3 34 36 (2280 2416 704 ) (2280 2416 803.902954 ) (2280 2431 850 ) 
4 35 37 (2280 2416 0 ) (2312 2416 0 ) (2312 2416 80 ) (2280 2416 80 ) 
4 35 36 (2280 2800 80 ) (2280 2800 0 ) (2280 2416 0 ) (2280 2416 80 ) 
4 36 70 (2048 2800 0 ) (2048 2416 0 ) (2048 2416 1216 ) (2048 2800 1216 ) 
4 36 37 (2216 2416 0 ) (2280 2416 0 ) (2280 2416 1216 ) (2216 2416 1216 ) 
4 36 38 (2048 2416 0 ) (2216 2416 0 ) (2216 2416 1216 ) (2048 2416 1216 ) 
4 37 38 (2216 2416 1216 ) (2216 2416 0 ) (2216 2352 0 ) (2216 2352 1216 ) 
4 38 70 (2048 2416 0 ) (2048 2048 0 ) (2048 2048 1216 ) (2048 2416 1216 ) 
4 38 54 (2048 2048 1216 ) (2048 2048 0 ) (2216 2048 0 ) (2216 2048 1216 ) 
4 39 55 (2312 1024 1216 ) (2312 1024 2560 ) (2216 1024 2560 ) (2216 1024 1216 ) 
4 39 54 (2216 2048 2560 ) (2216 2048 1216 ) (2216 1024 1216 ) (2216 1024 2560 ) 
4 39 53 (2216 1328 1216 ) (2216 1392 1216 ) (2312 1392 1216 ) (2312 1328 1216 ) 
4 39 45 (2216 1392 1216 ) (2216 1535.609619 1216 ) (2248 1535.609619 1216 ) (2248 1392 1216 ) 
4 39 44 (2216 1535.609619 1216 ) (2216 1641.904663 1216 ) (2248 1641.904663 1216 ) (2248 1535.609619 1216 ) 
4 39 43 (2216 1641.904663 1216 ) (2216 1723.397217 1216 ) (2248 1723.397217 1216 ) (2248 1641.904663 1216 ) 
4 39 42 (2216 1723.397217 1216 ) (2216 1776 1216 ) (2248 1776 1216 ) (2248 1723.397217 1216 ) 
4 39 41 (2248 1776 1216 ) (2312 1776 1216 ) (2312 1392 1216 ) (2248 1392 1216 ) 
4 39 40 (2216 1776 1216 ) (2216 1840 1216 ) (2312 1840 1216 ) (2312 1776 1216 ) 
4 40 54 (2216 1840 0 ) (2216 1776 0 ) (2216 1776 1216 ) (2216 1840 1216 ) 
4 40 51 (2216 1776 704 ) (2216 1776 80 ) (2248 1776 80 ) (2248 1776 704 ) 
4 40 42 (2248 1776 1216 ) (2216 1776 1216 ) (2216 1776 704 ) (2248 1776 704 ) 
4 40 52 (2216 1776 80 ) (2216 1776 0 ) (2248 1776 0 ) (2248 1776 80 ) 
4 40 41 (2312 1776 0 ) (2312 1776 1216 ) (2248 1776 1216 ) (2248 1776 0 ) 
4 41 53 (2312 1392 0 ) (2312 1392 1216 ) (2248 1392 1216 ) (2248 1392 0 ) 
5 41 51 (2248 1776 704 ) (2248 1776 80 ) (2248 1392 80 ) (2248 1392 703.998840 ) (2248 1392 704 ) 
9 41 50 (2248 1776 704 ) (2248 1392 704 ) (2248 1407 850 ) (2248 1448 976 ) (2248 1511 1058 ) (2248 1584 1088 ) (2248 1657 1058 ) (2248 1720 976 ) (2248 1761 850 ) 
3 41 49 (2248 1392 703.998840 ) (2248 1392 803.902466 ) (2248 1407 850 ) 
3 41 48 (2248 1448 976 ) (2248 1469.076294 1040.771118 ) (2248 1511 1058 ) 
3 41 47 (2248 1469.076294 1040.771118 ) (2248 1496.187134 1124.087402 ) (2248 1584 1088 ) 
3 41 46 (2248 1392 803.902466 ) (2248 1392 1166.904053 ) (2248 1496.187134 1124.087402 ) 
4 41 45 (2248 1392 1166.904053 ) (2248 1392 1216 ) (2248 1535.609619 1216 ) (2248 1657 1058 ) 
3 41 44 (2248 1535.609619 1216 ) (2248 1641.904663 1216 ) (2248 1720 976 ) 
3 41 43 (2248 1641.904663 1216 ) (2248 1723.397217 1216 ) (2248 1761 850 ) 
3 41 42 (2248 1776 1216 ) (2248 1776 704 ) (2248 1723.397217 1216 ) 
4 41 52 (2248 1776 80 ) (2248 1776 0 ) (2248 1392 0 ) (2248 1392 80 ) 
3 42 54 (2216 1723.397217 1216 ) (2216 1776 1216 ) (2216 1776 704 ) 
4 42 50 (2216 1776 704.004944 ) (2248 1776 704.004944 ) (2248 1761 849.997620 ) (2216 1761 849.997620 ) 
4 42 43 (2248 1761 849.997620 ) (2248 1723.397827 1216 ) (2216 1723.397827 1216 ) (2216 1761 849.997620 ) 
3 43 54 (2216 1641.904663 1216 ) (2216 1723.397217 1216 ) (2216 1761 850 ) 
4 43 50 (2216 1761 850.001892 ) (2248 1761 850.001892 ) (2248 1720 976 ) (2216 1720 976 ) 
4 43 44 (2248 1720 976 ) (2248 1641.904297 1216 ) (2216 1641.904297 1216 ) (2216 1720 976 ) 
3 44 54 (2216 1535.609619 1216 ) (2216 1641.904663 1216 ) (2216 1720 976 ) 
4 44 50 (2216 1719.996094 976.007813 ) (2248 1719.996094 976.007813 ) (2248 1657.003174 1057.998657 ) (2216 1657.003174 1057.998657 ) 
4 44 45 (2248 1657.003174 1057.998657 ) (2248 1535.611816 1216 ) (2216 1535.611816 1216 ) (2216 1657.003174 1057.998657 ) 
4 45 54 (2216 1392 1166.904053 ) (2216 1392 1216 ) (2216 1535.609619 1216 ) (2216 1657 1058 ) 
4 45 53 (2248 1392 1216 ) (2216 1392 1216 ) (2216 1392 1166.903931 ) (2248 1392 1166.904053 ) 
4 45 50 (2216 1657.003906 1058 ) (2248 1657.003906 1058 ) (2248 1584.001953 1088 ) (2216 1584.001953 1088 ) 
4 45 47 (2248 1584.001953 1088 ) (2248 1496.187744 1124.088867 ) (2216 1496.187744 1124.088867 ) (2216 1584.001953 1088 ) 
4 45 46 (2248 1496.187744 1124.088867 ) (2248 1392 1166.905762 ) (2216 1392 1166.905762 ) (2216 1496.187744 1124.088867 ) 
3 46 54 (2216 1392 803.902466 ) (2216 1392 1166.904053 ) (2216 1496.187134 1124.087402 ) 
4 46 53 (2216 1392 1166.903931 ) (2216 1392 803.902344 ) (2248 1392 803.902466 ) (2248 1392 1166.904053 ) 
4 46 50 (2248 1448 976.001099 ) (2248 1407 849.998047 ) (2216 1407 849.997925 ) (2216 1448 976.001160 ) 
4 46 49 (2248 1407 849.998047 ) (2248 1392 803.900818 ) (2216 1392 803.900818 ) (2216 1407 849.997925 ) 
4 46 48 (2248 1469.076782 1040.771362 ) (2248 1448 976.001099 ) (2216 1448 976.001160 ) (2216 1469.076782 1040.771240 ) 
4 46 47 (2216 1496.186523 1124.084106 ) (2248 1496.186523 1124.084106 ) (2248 1469.076782 1040.771362 ) (2216 1469.076782 1040.771240 ) 
3 47 54 (2216 1469.076294 1040.771118 ) (2216 1496.187134 1124.087402 ) (2216 1584 1088 ) 
4 47 50 (2216 1511 1058 ) (2216 1584.002197 1088 ) (2248 1584.002197 1088 ) (2248 1511 1058 ) 
4 47 48 (2248 1469.078125 1040.771484 ) (2216 1469.078125 1040.771484 ) (2216 1511 1058 ) (2248 1511 1058 ) 
3 48 54 (2216 1448 976 ) (2216 1469.076294 1040.771118 ) (2216 1511 1058 ) 
4 48 50 (2248 1448 975.997070 ) (2216 1448 975.997070 ) (2216 1511.003906 1058.003906 ) (2248 1511.003906 1058.003906 ) 
3 49 54 (2216 1392 703.998840 ) (2216 1392 803.902466 ) (2216 1407 850 ) 
4 49 53 (2216 1392 803.902344 ) (2216 1392 703.998779 ) (2248 1392 703.998840 ) (2248 1392 803.902466 ) 
4 49 50 (2216 1407 850 ) (2248 1407 850 ) (2248 1392 703.997192 ) (2216 1392 703.997192 ) 
9 50 54 (2216 1392 704 ) (2216 1407 850 ) (2216 1448 976 ) (2216 1511 1058 ) (2216 1584 1088 ) (2216 1657 1058 ) (2216 1720 976 ) (2216 1761 850 ) (2216 1776 704 ) 
4 50 51 (2248 1392 704 ) (2216 1392 704 ) (2216 1776 704 ) (2248 1776 704 ) 
5 51 54 (2216 1392 80 ) (2216 1392 703.998840 ) (2216 1392 704 ) (2216 1776 704 ) (2216 1776 80 ) 
4 51 53 (2216 1392 703.998779 ) (2216 1392 80 ) (2248 1392 80 ) (2248 1392 703.998840 ) 
4 51 52 (2216 1776 80 ) (2248 1776 80 ) (2248 1392 80 ) (2216 1392 80 ) 
4 52 54 (2216 1776 0 ) (2216 1392 0 ) (2216 1392 80 ) (2216 1776 80 ) 
4 52 53 (2216 1392 80 ) (2216 1392 0 ) (2248 1392 0 ) (2248 1392 80 ) 
4 53 54 (2216 1392 0 ) (2216 1328 0 ) (2216 1328 1216 ) (2216 1392 1216 ) 
4 54 86 (2048 1024 0 ) (2048 1024 2560 ) (2048 2048 2560 ) (2048 2048 0 ) 
4 54 57 (2048 1024 1216 ) (2048 1024 0 ) (2216 1024 0 ) (2216 1024 1216 ) 
4 54 55 (2048 1024 2560 ) (2048 1024 1216 ) (2216 1024 1216 ) (2216 1024 2560 ) 
4 55 119 (2048 0 2560 ) (2048 0 1216 ) (2312 0 1216 ) (2312 0 2560 ) 
4 55 87 (2048 0 1216 ) (2048 0 2560 ) (2048 1024 2560 ) (2048 1024 1216 ) 
4 55 68 (2216 368 1216 ) (2312 368 1216 ) (2312 304 1216 ) (2216 304 1216 ) 
4 55 69 (2048 0 1216 ) (2048 368 1216 ) (2216 368 1216 ) (2216 0 1216 ) 
4 55 61 (2312 511.605103 1216 ) (2312 368 1216 ) (2280 368 1216 ) (2280 511.609894 1216 ) 
4 55 60 (2312 617.904724 1216 ) (2312 511.605103 1216 ) (2280 511.609894 1216 ) (2280 617.904724 1216 ) 
4 55 59 (2312 699.397217 1216 ) (2312 617.904724 1216 ) (2280 617.904724 1216 ) (2280 699.397217 1216 ) 
4 55 58 (2280 752 1216 ) (2312 752 1216 ) (2312 699.397217 1216 ) (2280 699.397217 1216 ) 
4 55 67 (2048 368 1216 ) (2048 752 1216 ) (2280 752 1216 ) (2280 368 1216 ) 
4 55 56 (2312 816 1216 ) (2312 752 1216 ) (2216 752 1216 ) (2216 816 1216 ) 
4 55 57 (2048 752 1216 ) (2048 1024 1216 ) (2216 1024 1216 ) (2216 752 1216 ) 
4 56 58 (2312 752 704 ) (2312 752 1216 ) (2280 752 1216 ) (2280 752 704 ) 
4 56 66 (2280 752 0 ) (2312 752 0 ) (2312 752 80 ) (2280 752 80 ) 
4 56 67 (2216 752 0 ) (2280 752 0 ) (2280 752 1216 ) (2216 752 1216 ) 
4 56 57 (2216 816 0 ) (2216 752 0 ) (2216 752 1216 ) (2216 816 1216 ) 
4 57 87 (2048 752 1216 ) (2048 1024 1216 ) (2048 1024 0 ) (2048 752 0 ) 
4 57 67 (2048 752 0 ) (2216 752 0 ) (2216 752 1216 ) (2048 752 1216 ) 
4 58 59 (2280 699.397217 1216 ) (2280 737 850 ) (2312 737 850 ) (2312 699.397217 1216 ) 
3 58 67 (2280 752 1216 ) (2280 752 704 ) (2280 699.397217 1216 ) 
4 59 60 (2280 617.903503 1216 ) (2280 695.997742 976.003052 ) (2312 696.001221 975.992249 ) (2312 617.903503 1216 ) 
3 59 67 (2280 617.904724 1216 ) (2280 699.397217 1216 ) (2280 737 850 ) 
4 60 61 (2280 511.606598 1216 ) (2280 632.997742 1058 ) (2312 632.991028 1058.003540 ) (2312 511.601898 1216 ) 
3 60 67 (2280 511.609894 1216 ) (2280 617.904724 1216 ) (2280 696 976 ) 
4 61 68 (2312 368 1166.904175 ) (2312 368 1216 ) (2280 368 1216 ) (2280 368 1166.904053 ) 
4 61 63 (2280 472.187683 1124.088989 ) (2280 560.001587 1088 ) (2312 560.001526 1088 ) (2312 472.187683 1124.088989 ) 
4 61 62 (2312 368 1166.906250 ) (2280 368 1166.906250 ) (2280 472.187683 1124.088989 ) (2312 472.187683 1124.088989 ) 
4 61 67 (2280 368 1166.904175 ) (2280 368 1216 ) (2280 511.609894 1216 ) (2280 633 1058 ) 
4 62 68 (2312 368 803.902466 ) (2312 368 1166.904175 ) (2280 368 1166.904053 ) (2280 368 803.902527 ) 
4 62 65 (2312 368 803.899170 ) (2280 368 803.899170 ) (2280 383 849.995056 ) (2312 383 849.995056 ) 
4 62 64 (2280 424.001923 976.002502 ) (2280 445.077637 1040.771729 ) (2312 445.077637 1040.771729 ) (2312 424.001923 976.002502 ) 
4 62 63 (2280 445.077637 1040.771729 ) (2280 472.188446 1124.087769 ) (2312 472.188446 1124.087769 ) (2312 445.077637 1040.771729 ) 
3 62 67 (2280 368 803.902466 ) (2280 368 1166.904175 ) (2280 472.187195 1124.087524 ) 
4 63 64 (2312 445.080139 1040.772461 ) (2280 445.080139 1040.772461 ) (2280 487 1058 ) (2312 487 1058 ) 
3 63 67 (2280 445.076324 1040.771240 ) (2280 472.187195 1124.087524 ) (2280 560 1088 ) 
3 64 67 (2280 424 976 ) (2280 445.076324 1040.771240 ) (2280 487 1058 ) 
4 65 68 (2312 368 704 ) (2312 368 803.902466 ) (2280 368 803.902527 ) (2280 368 704 ) 
3 65 67 (2280 368 704 ) (2280 368 803.902466 ) (2280 383 850 ) 
4 66 68 (2280 368 0 ) (2312 368 0 ) (2312 368 80 ) (2280 368 80 ) 
4 66 67 (2280 752 80 ) (2280 752 0 ) (2280 368 0 ) (2280 368 80 ) 
4 67 87 (2048 368 1216 ) (2048 752 1216 ) (2048 752 0 ) (2048 368 0 ) 
4 67 68 (2216 368 0 ) (2280 368 0 ) (2280 368 1216 ) (2216 368 1216 ) 
4 67 69 (2048 368 0 ) (2216 368 0 ) (2216 368 1216 ) (2048 368 1216 ) 
4 68 69 (2216 368 1216 ) (2216 368 0 ) (2216 304 0 ) (2216 304 1216 ) 
4 69 121 (2048 0 1216 ) (2048 0 0 ) (2216 0 0 ) (2216 0 1216 ) 
4 69 87 (2048 0 0 ) (2048 0 1216 ) (2048 368 1216 ) (2048 368 0 ) 
4 70 86 (2048 2048 0 ) (2048 2048 2560 ) (1024 2048 2560 ) (1024 2048 0 ) 
4 70 84 (1024 2416 0 ) (1024 2048 0 ) (1024 2048 1216 ) (1024 2416 1216 ) 
4 70 74 (1024 2800 0 ) (1024 2416 0 ) (1024 2416 1216 ) (1024 2800 1216 ) 
4 70 72 (1024 3072 1216 ) (1024 3072 0 ) (1024 2800 0 ) (1024 2800 1216 ) 
4 70 71 (1024 3072 2560 ) (1024 3072 1216 ) (1024 2048 1216 ) (1024 2048 2560 ) 
4 71 89 (872 2048 2560 ) (776 2048 2560 ) (776 2048 1216 ) (872 2048 1216 ) 
4 71 88 (1024 2048 1216 ) (1024 2048 2560 ) (872 2048 2560 ) (872 2048 1216 ) 
4 71 85 (776 2352 1216 ) (776 2416 1216 ) (872 2416 1216 ) (872 2352 1216 ) 
4 71 84 (1024 2048 1216 ) (872 2048 1216 ) (872 2416 1216 ) (1024 2416 1216 ) 
4 71 78 (776 2416 1216 ) (776 2559.609619 1216 ) (808 2559.609619 1216 ) (808 2416 1216 ) 
4 71 77 (776 2559.609619 1216 ) (776 2665.904541 1216 ) (808 2665.904785 1216 ) (808 2559.609619 1216 ) 
4 71 76 (776 2665.904541 1216 ) (776 2747.397217 1216 ) (808 2747.397217 1216 ) (808 2665.904785 1216 ) 
4 71 75 (776 2747.397217 1216 ) (776 2800 1216 ) (808 2800 1216 ) (808 2747.397217 1216 ) 
4 71 74 (808 2800 1216 ) (1024 2800 1216 ) (1024 2416 1216 ) (808 2416 1216 ) 
4 71 73 (776 2800 1216 ) (776 2864 1216 ) (872 2864 1216 ) (872 2800 1216 ) 
4 71 72 (872 3072 1216 ) (1024 3072 1216 ) (1024 2800 1216 ) (872 2800 1216 ) 
4 72 74 (1024 2800 1216 ) (872 2800 1216 ) (872 2800 0 ) (1024 2800 0 ) 
4 72 73 (872 2864 0 ) (872 2800 0 ) (872 2800 1216 ) (872 2864 1216 ) 
4 73 75 (808 2800 1216 ) (776 2800 1216 ) (776 2800 704 ) (808 2800 704 ) 
4 73 83 (776 2800 80 ) (776 2800 0 ) (808 2800 0 ) (808 2800 80 ) 
4 73 74 (872 2800 1216 ) (808 2800 1216 ) (808 2800 0 ) (872 2800 0 ) 
4 74 85 (872 2416 1216 ) (808 2416 1216 ) (808 2416 0 ) (872 2416 0 ) 
4 74 84 (1024 2416 1216 ) (872 2416 1216 ) (872 2416 0 ) (1024 2416 0 ) 
3 74 82 (808 2416 704 ) (808 2416 803.902954 ) (808 2431 850 ) 
3 74 81 (808 2472 976 ) (808 2493.075439 1040.768799 ) (808 2534.997559 1057.997070 ) 
3 74 80 (808 2493.075439 1040.768799 ) (808 2520.187012 1124.087646 ) (808 2608.002441 1088 ) 
3 74 79 (808 2416 803.902954 ) (808 2416 1166.904175 ) (808 2520.187012 1124.087646 ) 
4 74 78 (808 2416 1166.904175 ) (808 2416 1216 ) (808 2559.609619 1216 ) (808 2681 1058 ) 
3 74 77 (808 2559.609619 1216 ) (808 2665.904541 1216 ) (808 2744 976 ) 
3 74 76 (808 2665.904541 1216 ) (808 2747.397217 1216 ) (808 2785 850 ) 
3 74 75 (808 2800 1216 ) (808 2800 704 ) (808 2747.397217 1216 ) 
4 74 83 (808 2800 80 ) (808 2800 0 ) (808 2416 0 ) (808 2416 80 ) 
4 75 76 (808 2785 850 ) (808 2747.396973 1216 ) (776 2747.396973 1216 ) (776 2785 850 ) 
4 76 77 (808 2744.002197 975.996887 ) (808 2665.906006 1216 ) (776 2665.906006 1216 ) (776 2744.002197 975.996887 ) 
4 77 78 (808 2681 1058 ) (808 2559.610107 1216 ) (776 2559.610107 1216 ) (776 2681 1058 ) 
4 78 85 (808 2416 1216 ) (776 2416 1216 ) (776 2416 1166.904297 ) (808 2416 1166.904175 ) 
4 78 80 (808 2608.003418 1088 ) (808 2520.187256 1124.088379 ) (776 2520.187256 1124.088379 ) (776 2608.003418 1088 ) 
4 78 79 (808 2520.187256 1124.088379 ) (808 2416 1166.905029 ) (776 2416 1166.905029 ) (776 2520.187256 1124.088379 ) 
4 79 85 (776 2416 1166.904297 ) (776 2416 803.902771 ) (808 2416 803.902954 ) (808 2416 1166.904175 ) 
4 79 82 (808 2431 849.994141 ) (808 2416 803.898926 ) (776 2416 803.898926 ) (776 2431 849.994141 ) 
4 79 81 (808 2493.076904 1040.769409 ) (808 2472.002197 976.002869 ) (776 2472.002197 976.002869 ) (776 2493.076904 1040.769409 ) 
4 79 80 (776 2520.188477 1124.087891 ) (808 2520.188477 1124.087891 ) (808 2493.076904 1040.769409 ) (776 2493.076904 1040.769409 ) 
4 80 81 (808 2493.076172 1040.770508 ) (776 2493.076172 1040.770508 ) (776 2535 1058 ) (808 2535 1058 ) 
4 82 85 (776 2416 803.902771 ) (776 2416 704.002686 ) (808 2416 704 ) (808 2416 803.902954 ) 
4 83 85 (776 2416 80 ) (776 2416 0 ) (808 2416 0 ) (808 2416 80 ) 
4 84 88 (1024 2048 0 ) (1024 2048 1216 ) (872 2048 1216 ) (872 2048 0 ) 
4 84 85 (872 2416 1216 ) (872 2416 0 ) (872 2352 0 ) (872 2352 1216 ) 
4 86 88 (1024 2048 2560 ) (1024 2048 0 ) (1024 1024 0 ) (1024 1024 2560 ) 
4 86 87 (2048 1024 0 ) (2048 1024 2560 ) (1024 1024 2560 ) (1024 1024 0 ) 
4 87 149 (2048 0 0 ) (2048 0 2560 ) (1024 0 2560 ) (1024 0 0 ) 
4 87 117 (1024 0 0 ) (1024 0 1216 ) (1024 368 1216 ) (1024 368 0 ) 
4 87 107 (1024 368 1216 ) (1024 752 1216 ) (1024 752 0 ) (1024 368 0 ) 
4 87 105 (1024 752 1216 ) (1024 1024 1216 ) (1024 1024 0 ) (1024 752 0 ) 
4 87 104 (1024 0 1216 ) (1024 0 2560 ) (1024 1024 2560 ) (1024 1024 1216 ) 
4 88 105 (1024 1024 0 ) (1024 1024 1216 ) (872 1024 1216 ) (872 1024 0 ) 
4 88 104 (1024 1024 1216 ) (1024 1024 2560 ) (872 1024 2560 ) (872 1024 1216 ) 
4 88 103 (872 1392 0 ) (872 1328 0 ) (872 1328 1216 ) (872 1392 1216 ) 
5 88 100 (872 1392 80 ) (872 1392 703.998840 ) (872 1392 704 ) (872 1776 704 ) (872 1776 80 ) 
9 88 99 (872 1392 704 ) (872 1407 850 ) (872 1448 976 ) (872 1511 1058 ) (872 1584 1088 ) (872 1657 1058 ) (872 1720 976 ) (872 1761 850 ) (872 1776 704 ) 
3 88 98 (872 1392 703.998840 ) (872 1392 803.902466 ) (872 1407 850 ) 
3 88 97 (872 1448 976 ) (872 1469.076294 1040.771118 ) (872 1511 1058 ) 
3 88 96 (872 1469.076294 1040.771118 ) (872 1496.187134 1124.087402 ) (872 1584 1088 ) 
3 88 95 (872 1392 803.902466 ) (872 1392 1166.904053 ) (872 1496.187134 1124.087402 ) 
4 88 94 (872 1392 1166.904053 ) (872 1392 1216 ) (872 1535.609619 1216 ) (872 1657 1058 ) 
3 88 93 (872 1535.609619 1216 ) (872 1641.904663 1216 ) (872 1720 976 ) 
3 88 92 (872 1641.904663 1216 ) (872 1723.397217 1216 ) (872 1761 850 ) 
3 88 91 (872 1723.397217 1216 ) (872 1776 1216 ) (872 1776 704 ) 
4 88 101 (872 1776 0 ) (872 1392 0 ) (872 1392 80 ) (872 1776 80 ) 
4 88 90 (872 1840 0 ) (872 1776 0 ) (872 1776 1216 ) (872 1840 1216 ) 
4 88 89 (872 1024 1216 ) (872 1024 2560 ) (872 2048 2560 ) (872 2048 1216 ) 
4 89 104 (776 1024 2560 ) (776 1024 1216 ) (872 1024 1216 ) (872 1024 2560 ) 
4 89 103 (776 1328 1216 ) (776 1392 1216 ) (872 1392 1216 ) (872 1328 1216 ) 
4 89 94 (872 1535.609619 1216 ) (872 1392 1216 ) (848 1392 1216 ) (848 1535.609619 1216 ) 
4 89 93 (872 1641.904663 1216 ) (872 1535.609619 1216 ) (848 1535.609619 1216 ) (848 1641.904663 1216 ) 
4 89 92 (872 1723.397217 1216 ) (872 1641.904663 1216 ) (848 1641.904663 1216 ) (848 1723.397217 1216 ) 
4 89 91 (848 1776 1216 ) (872 1776 1216 ) (872 1723.397217 1216 ) (848 1723.397217 1216 ) 
4 89 102 (776 1392 1216 ) (776 1776 1216 ) (848 1776 1216 ) (848 1392 1216 ) 
4 89 90 (776 1776 1216 ) (776 1840 1216 ) (872 1840 1216 ) (872 1776 1216 ) 
4 90 100 (872 1776 80 ) (872 1776 704 ) (848 1776 704 ) (848 1776 80 ) 
4 90 91 (872 1776 704 ) (872 1776 1216 ) (848 1776 1216 ) (848 1776 704 ) 
4 90 101 (872 1776 0 ) (872 1776 80 ) (848 1776 80 ) (848 1776 0 ) 
4 90 102 (848 1776 1216 ) (776 1776 1216 ) (776 1776 0 ) (848 1776 0 ) 
4 91 99 (848 1761.001221 849.996460 ) (848 1776 704.007813 ) (872 1776 704.007813 ) (872 1761.001221 849.996460 ) 
4 91 92 (848 1723.398071 1216 ) (848 1761.001221 849.996460 ) (872 1761.001221 849.996460 ) (872 1723.398071 1216 ) 
3 91 102 (848 1776 1216 ) (848 1776 704 ) (848 1723.397217 1216 ) 
4 92 99 (848 1720 976 ) (848 1761 850.001953 ) (872 1761 850.001953 ) (872 1720 976 ) 
4 92 93 (848 1641.904541 1216 ) (848 1720 976 ) (872 1720 976 ) (872 1641.904541 1216 ) 
3 92 102 (848 1641.904663 1216 ) (848 1723.397217 1216 ) (848 1761 850 ) 
4 93 99 (848 1657.002808 1057.998779 ) (848 1719.996094 976.007813 ) (872 1719.996094 976.007813 ) (872 1657.002808 1057.998779 ) 
4 93 94 (848 1535.611206 1216 ) (848 1657.002808 1057.998779 ) (872 1657.002808 1057.998779 ) (872 1535.611206 1216 ) 
3 93 102 (848 1535.609619 1216 ) (848 1641.904663 1216 ) (848 1720 976 ) 
4 94 103 (872 1392 1166.904053 ) (872 1392 1216 ) (848 1392 1216 ) (848 1392 1166.903931 ) 
4 94 99 (848 1584.002197 1088 ) (848 1657.003906 1058 ) (872 1657.003906 1058 ) (872 1584.002197 1088 ) 
4 94 96 (848 1496.187744 1124.089111 ) (848 1584.002197 1088 ) (872 1584.002197 1088 ) (872 1496.187744 1124.089111 ) 
4 94 95 (872 1392 1166.906250 ) (848 1392 1166.906250 ) (848 1496.187744 1124.089111 ) (872 1496.187744 1124.089111 ) 
4 94 102 (848 1392 1166.904053 ) (848 1392 1216 ) (848 1535.609619 1216 ) (848 1657 1058 ) 
4 95 103 (872 1392 803.902466 ) (872 1392 1166.904053 ) (848 1392 1166.903931 ) (848 1392 803.902344 ) 
4 95 99 (848 1407 849.997864 ) (848 1448 976.001160 ) (872 1448 976.001099 ) (872 1407 849.997864 ) 
4 95 98 (872 1392 803.900757 ) (848 1392 803.900757 ) (848 1407 849.997864 ) (872 1407 849.997864 ) 
4 95 97 (848 1448 976.001160 ) (848 1469.076904 1040.771362 ) (872 1469.076904 1040.771362 ) (872 1448 976.001099 ) 
4 95 96 (848 1469.076904 1040.771362 ) (848 1496.186523 1124.083984 ) (872 1496.186523 1124.083984 ) (872 1469.076904 1040.771362 ) 
3 95 102 (848 1392 803.902466 ) (848 1392 1166.904053 ) (848 1496.187134 1124.087402 ) 
4 96 99 (848 1511 1058 ) (848 1584.002075 1088 ) (872 1584.002075 1088 ) (872 1511 1058 ) 
4 96 97 (872 1469.078125 1040.771484 ) (848 1469.078125 1040.771484 ) (848 1511 1058 ) (872 1511 1058 ) 
3 96 102 (848 1469.076294 1040.771118 ) (848 1496.187134 1124.087402 ) (848 1584 1088 ) 
4 97 99 (872 1448 975.997070 ) (848 1448 975.997070 ) (848 1511.003906 1058.003906 ) (872 1511.003906 1058.003906 ) 
3 97 102 (848 1448 976 ) (848 1469.076294 1040.771118 ) (848 1511 1058 ) 
4 98 103 (872 1392 703.998840 ) (872 1392 803.902466 ) (848 1392 803.902344 ) (848 1392 703.998779 ) 
4 98 99 (872 1392 703.997192 ) (848 1392 703.997192 ) (848 1407 850 ) (872 1407 850 ) 
3 98 102 (848 1392 703.998840 ) (848 1392 803.902466 ) (848 1407 850 ) 
9 99 102 (848 1776 704 ) (848 1392 704 ) (848 1407 850 ) (848 1448 976 ) (848 1511 1058 ) (848 1584 1088 ) (848 1657 1058 ) (848 1720 976 ) (848 1761 850 ) 
4 99 100 (872 1392 704 ) (848 1392 704 ) (848 1776 704 ) (872 1776 704 ) 
4 100 103 (872 1392 80 ) (872 1392 703.998840 ) (848 1392 703.998779 ) (848 1392 80 ) 
4 100 101 (872 1392 80 ) (848 1392 80 ) (848 1776 80 ) (872 1776 80 ) 
5 100 102 (848 1776 704 ) (848 1776 80 ) (848 1392 80 ) (848 1392 703.998840 ) (848 1392 704 ) 
4 101 103 (872 1392 0 ) (872 1392 80 ) (848 1392 80 ) (848 1392 0 ) 
4 101 102 (848 1776 80 ) (848 1776 0 ) (848 1392 0 ) (848 1392 80 ) 
4 102 103 (848 1392 1216 ) (776 1392 1216 ) (776 1392 0 ) (848 1392 0 ) 
4 104 151 (1024 0 1216 ) (1024 0 2560 ) (776 0 2560 ) (776 0 1216 ) 
4 104 118 (776 304 1216 ) (776 368 1216 ) (872 368 1216 ) (872 304 1216 ) 
4 104 117 (872 368 1216 ) (1024 368 1216 ) (1024 0 1216 ) (872 0 1216 ) 
4 104 111 (776 368 1216 ) (776 511.609741 1216 ) (808 511.604980 1216 ) (808 368 1216 ) 
4 104 110 (776 511.609741 1216 ) (776 617.904724 1216 ) (808 617.904724 1216 ) (808 511.604980 1216 ) 
4 104 109 (776 617.904724 1216 ) (776 699.397217 1216 ) (808 699.397217 1216 ) (808 617.904724 1216 ) 
4 104 108 (776 699.397217 1216 ) (776 752 1216 ) (808 752 1216 ) (808 699.397217 1216 ) 
4 104 107 (808 752 1216 ) (1024 752 1216 ) (1024 368 1216 ) (808 368 1216 ) 
4 104 106 (776 752 1216 ) (776 816 1216 ) (872 816 1216 ) (872 752 1216 ) 
4 104 105 (872 1024 1216 ) (1024 1024 1216 ) (1024 752 1216 ) (872 752 1216 ) 
4 105 107 (1024 752 1216 ) (872 752 1216 ) (872 752 0 ) (1024 752 0 ) 
4 105 106 (872 816 0 ) (872 752 0 ) (872 752 1216 ) (872 816 1216 ) 
4 106 108 (808 752 1216 ) (776 752 1216 ) (776 752 704 ) (808 752 704 ) 
4 106 116 (776 752 80 ) (776 752 0 ) (808 752 0 ) (808 752 80 ) 
4 106 107 (872 752 1216 ) (808 752 1216 ) (808 752 0 ) (872 752 0 ) 
4 107 118 (872 368 1216 ) (808 368 1216 ) (808 368 0 ) (872 368 0 ) 
4 107 117 (1024 368 1216 ) (872 368 1216 ) (872 368 0 ) (1024 368 0 ) 
3 107 115 (808 368 704 ) (808 368 803.902466 ) (808 383 850 ) 
3 107 114 (808 424 976 ) (808 445.076355 1040.771240 ) (808 487 1058 ) 
3 107 113 (808 445.076355 1040.771240 ) (808 472.187195 1124.087402 ) (808 560 1088 ) 
3 107 112 (808 368 803.902466 ) (808 368 1166.904175 ) (808 472.187195 1124.087402 ) 
4 107 111 (808 368 1166.904175 ) (808 368 1216 ) (808 511.604980 1216 ) (808 632.993164 1058.002686 ) 
3 107 110 (808 511.604980 1216 ) (808 617.904724 1216 ) (808 696.003479 975.989258 ) 
3 107 109 (808 617.904724 1216 ) (808 699.397217 1216 ) (808 737 850 ) 
3 107 108 (808 752 1216 ) (808 752 704 ) (808 699.397217 1216 ) 
4 107 116 (808 752 80 ) (808 752 0 ) (808 368 0 ) (808 368 80 ) 
4 108 109 (808 737 850 ) (808 699.397034 1216 ) (776 699.397034 1216 ) (776 737 850 ) 
4 109 110 (808 696.001282 975.992126 ) (808 617.903503 1216 ) (776 617.903503 1216 ) (776 695.997864 976.002686 ) 
4 110 111 (808 632.993347 1058.002686 ) (808 511.605103 1216 ) (776 511.609802 1216 ) (776 633 1058 ) 
4 111 118 (808 368 1216 ) (776 368 1216 ) (776 368 1166.904053 ) (808 368 1166.904175 ) 
4 111 113 (808 560 1088 ) (808 472.187378 1124.088013 ) (776 472.187378 1124.088135 ) (776 560 1088 ) 
4 111 112 (808 472.187378 1124.088013 ) (808 368 1166.904785 ) (776 368 1166.904785 ) (776 472.187378 1124.088135 ) 
4 112 118 (776 368 1166.904053 ) (776 368 803.902527 ) (808 368 803.902466 ) (808 368 1166.904175 ) 
4 112 115 (808 383 849.995056 ) (808 368 803.899170 ) (776 368 803.899170 ) (776 383 849.995056 ) 
4 112 114 (808 445.077637 1040.771729 ) (808 424.001923 976.002502 ) (776 424.001923 976.002502 ) (776 445.077637 1040.771729 ) 
4 112 113 (776 472.188477 1124.087891 ) (808 472.188477 1124.087891 ) (808 445.077637 1040.771729 ) (776 445.077637 1040.771729 ) 
4 113 114 (808 445.080109 1040.772461 ) (776 445.080109 1040.772461 ) (776 487 1058 ) (808 487 1058 ) 
4 115 118 (776 368 803.902527 ) (776 368 704 ) (808 368 704 ) (808 368 803.902466 ) 
4 116 118 (776 368 80 ) (776 368 0 ) (808 368 0 ) (808 368 80 ) 
4 117 152 (1024 0 0 ) (1024 0 1216 ) (872 0 1216 ) (872 0 0 ) 
4 117 118 (872 368 1216 ) (872 368 0 ) (872 304 0 ) (872 304 1216 ) 
4 119 149 (2048 -1024 1216 ) (2048 -1024 2560 ) (2048 0 2560 ) (2048 0 1216 ) 
4 119 134 (2048 -1024 2560 ) (2048 -1024 1216 ) (2312 -1024 1216 ) (2312 -1024 2560 ) 
4 119 132 (2312 -656 1216 ) (2312 -720 1216 ) (2216 -720 1216 ) (2216 -656 1216 ) 
4 119 133 (2216 -1024 1216 ) (2048 -1024 1216 ) (2048 -656 1216 ) (2216 -656 1216 ) 
4 119 125 (2312 -512.390259 1216 ) (2312 -656 1216 ) (2280 -656 1216 ) (2280 -512.390259 1216 ) 
4 119 124 (2312 -406.095245 1216 ) (2312 -512.390259 1216 ) (2280 -512.390259 1216 ) (2280 -406.095276 1216 ) 
4 119 123 (2312 -324.602722 1216 ) (2312 -406.095245 1216 ) (2280 -406.095276 1216 ) (2280 -324.602722 1216 ) 
4 119 122 (2312 -272 1216 ) (2312 -324.602722 1216 ) (2280 -324.602722 1216 ) (2280 -272 1216 ) 
4 119 131 (2280 -656 1216 ) (2048 -656 1216 ) (2048 -272 1216 ) (2280 -272 1216 ) 
4 119 120 (2312 -208 1216 ) (2312 -272 1216 ) (2216 -272 1216 ) (2216 -208 1216 ) 
4 119 121 (2048 0 1216 ) (2216 0 1216 ) (2216 -272 1216 ) (2048 -272 1216 ) 
4 120 122 (2312 -272 704 ) (2312 -272 1216 ) (2280 -272 1216 ) (2280 -272 704 ) 
4 120 130 (2280 -272 0 ) (2312 -272 0 ) (2312 -272 80 ) (2280 -272 80 ) 
4 120 131 (2216 -272 0 ) (2280 -272 0 ) (2280 -272 1216 ) (2216 -272 1216 ) 
4 120 121 (2216 -208 0 ) (2216 -272 0 ) (2216 -272 1216 ) (2216 -208 1216 ) 
4 121 149 (2048 -272 1216 ) (2048 0 1216 ) (2048 0 0 ) (2048 -272 0 ) 
4 121 131 (2048 -272 0 ) (2216 -272 0 ) (2216 -272 1216 ) (2048 -272 1216 ) 
4 122 123 (2280 -324.602295 1216 ) (2280 -287 849.998230 ) (2312 -287 849.998230 ) (2312 -324.602295 1216 ) 
3 122 131 (2280 -272 1216 ) (2280 -272 704 ) (2280 -324.602722 1216 ) 
4 123 124 (2280 -406.095490 1216 ) (2280 -328 976 ) (2312 -328 976 ) (2312 -406.095490 1216 ) 
3 123 131 (2280 -406.095276 1216 ) (2280 -324.602722 1216 ) (2280 -287 850 ) 
4 124 125 (2280 -512.392334 1216 ) (2280 -391.003052 1058.001221 ) (2312 -391.003052 1058.001221 ) (2312 -512.392334 1216 ) 
3 124 131 (2280 -512.390259 1216 ) (2280 -406.095276 1216 ) (2280 -328 976 ) 
4 125 132 (2312 -656 1166.904175 ) (2312 -656 1216 ) (2280 -656 1216 ) (2280 -656 1166.904053 ) 
4 125 127 (2280 -551.812683 1124.087769 ) (2280 -464 1088 ) (2312 -464 1088 ) (2312 -551.812683 1124.087769 ) 
4 125 126 (2312 -656 1166.904297 ) (2280 -656 1166.904297 ) (2280 -551.812683 1124.087769 ) (2312 -551.812683 1124.087769 ) 
4 125 131 (2280 -656 1166.904175 ) (2280 -656 1216 ) (2280 -512.390259 1216 ) (2280 -391 1058 ) 
4 126 132 (2312 -656 803.902344 ) (2312 -656 1166.904175 ) (2280 -656 1166.904053 ) (2280 -656 803.902405 ) 
4 126 129 (2312 -656 803.902588 ) (2280 -656 803.902588 ) (2280 -641 850 ) (2312 -641 850 ) 
4 126 128 (2280 -600 976 ) (2280 -578.923828 1040.770996 ) (2312 -578.923828 1040.770996 ) (2312 -600 976 ) 
4 126 127 (2280 -578.923828 1040.770996 ) (2280 -551.811584 1124.091675 ) (2312 -551.811584 1124.091675 ) (2312 -578.923828 1040.770996 ) 
3 126 131 (2280 -656 803.902344 ) (2280 -656 1166.904175 ) (2280 -551.812805 1124.087524 ) 
4 127 128 (2312 -578.925781 1040.771484 ) (2280 -578.925781 1040.771484 ) (2280 -536.998718 1058.001831 ) (2312 -536.998718 1058.001831 ) 
3 127 131 (2280 -578.923706 1040.771118 ) (2280 -551.812805 1124.087524 ) (2280 -464 1088 ) 
3 128 131 (2280 -600 976 ) (2280 -578.923706 1040.771118 ) (2280 -537 1058 ) 
4 129 132 (2312 -656 704 ) (2312 -656 803.902344 ) (2280 -656 803.902405 ) (2280 -656 704 ) 
3 129 131 (2280 -656 704 ) (2280 -656 803.902344 ) (2280 -641 850 ) 
4 130 132 (2280 -656 0 ) (2312 -656 0 ) (2312 -656 80 ) (2280 -656 80 ) 
4 130 131 (2280 -272 80 ) (2280 -272 0 ) (2280 -656 0 ) (2280 -656 80 ) 
4 131 149 (2048 -656 1216 ) (2048 -272 1216 ) (2048 -272 0 ) (2048 -656 0 ) 
4 131 132 (2216 -656 0 ) (2280 -656 0 ) (2280 -656 1216 ) (2216 -656 1216 ) 
4 131 133 (2048 -656 0 ) (2216 -656 0 ) (2216 -656 1216 ) (2048 -656 1216 ) 
4 132 133 (2216 -656 1216 ) (2216 -656 0 ) (2216 -720 0 ) (2216 -720 1216 ) 
4 133 149 (2048 -1024 0 ) (2048 -1024 1216 ) (2048 -656 1216 ) (2048 -656 0 ) 
4 133 136 (2048 -1024 1216 ) (2048 -1024 0 ) (2216 -1024 0 ) (2216 -1024 1216 ) 
4 134 181 (2048 -2048 2560 ) (2048 -2048 1216 ) (2312 -2048 1216 ) (2312 -2048 2560 ) 
4 134 150 (2048 -2048 1216 ) (2048 -2048 2560 ) (2048 -1024 2560 ) (2048 -1024 1216 ) 
4 134 147 (2312 -1680 1216 ) (2312 -1744 1216 ) (2216 -1744 1216 ) (2216 -1680 1216 ) 
4 134 148 (2216 -2048 1216 ) (2048 -2048 1216 ) (2048 -1680 1216 ) (2216 -1680 1216 ) 
4 134 140 (2312 -1536.390259 1216 ) (2312 -1680 1216 ) (2280 -1680 1216 ) (2280 -1536.390259 1216 ) 
4 134 139 (2312 -1430.095337 1216 ) (2312 -1536.390259 1216 ) (2280 -1536.390259 1216 ) (2280 -1430.095337 1216 ) 
4 134 138 (2312 -1348.602661 1216 ) (2312 -1430.095337 1216 ) (2280 -1430.095337 1216 ) (2280 -1348.602783 1216 ) 
4 134 137 (2312 -1296 1216 ) (2312 -1348.602661 1216 ) (2280 -1348.602783 1216 ) (2280 -1296 1216 ) 
4 134 146 (2280 -1680 1216 ) (2048 -1680 1216 ) (2048 -1296 1216 ) (2280 -1296 1216 ) 
4 134 135 (2312 -1232 1216 ) (2312 -1296 1216 ) (2216 -1296 1216 ) (2216 -1232 1216 ) 
4 134 136 (2216 -1296 1216 ) (2048 -1296 1216 ) (2048 -1024 1216 ) (2216 -1024 1216 ) 
4 135 137 (2312 -1296 704 ) (2312 -1296 1216 ) (2280 -1296 1216 ) (2280 -1296 704 ) 
4 135 145 (2280 -1296 0 ) (2312 -1296 0 ) (2312 -1296 80 ) (2280 -1296 80 ) 
4 135 146 (2216 -1296 0 ) (2280 -1296 0 ) (2280 -1296 1216 ) (2216 -1296 1216 ) 
4 135 136 (2216 -1232 0 ) (2216 -1296 0 ) (2216 -1296 1216 ) (2216 -1232 1216 ) 
4 136 150 (2048 -1296 1216 ) (2048 -1024 1216 ) (2048 -1024 0 ) (2048 -1296 0 ) 
4 136 146 (2048 -1296 0 ) (2216 -1296 0 ) (2216 -1296 1216 ) (2048 -1296 1216 ) 
4 137 138 (2280 -1348.602295 1216 ) (2280 -1311 849.998047 ) (2312 -1311 849.998047 ) (2312 -1348.602295 1216 ) 
3 137 146 (2280 -1296 1216 ) (2280 -1296 704 ) (2280 -1348.602783 1216 ) 
4 138 139 (2280 -1430.096680 1216 ) (2280 -1352.001953 976.002563 ) (2312 -1352.001953 976.002563 ) (2312 -1430.096680 1216 ) 
3 138 146 (2280 -1430.095337 1216 ) (2280 -1348.602783 1216 ) (2280 -1311 850 ) 
4 139 140 (2280 -1536.392334 1216 ) (2280 -1415.003052 1058.001221 ) (2312 -1415.003052 1058.001221 ) (2312 -1536.392334 1216 ) 
3 139 146 (2280 -1536.390259 1216 ) (2280 -1430.095337 1216 ) (2280 -1352 976 ) 
4 140 147 (2312 -1680 1166.904175 ) (2312 -1680 1216 ) (2280 -1680 1216 ) (2280 -1680 1166.904053 ) 
4 140 142 (2280 -1575.812744 1124.087524 ) (2280 -1488 1088 ) (2312 -1488 1088 ) (2312 -1575.812744 1124.087524 ) 
4 140 141 (2312 -1680 1166.904297 ) (2280 -1680 1166.904297 ) (2280 -1575.812744 1124.087524 ) (2312 -1575.812744 1124.087524 ) 
4 140 146 (2280 -1680 1166.904175 ) (2280 -1680 1216 ) (2280 -1536.390259 1216 ) (2280 -1415 1058 ) 
4 141 147 (2312 -1680 803.902527 ) (2312 -1680 1166.904175 ) (2280 -1680 1166.904053 ) (2280 -1680 803.902466 ) 
4 141 144 (2312 -1680 803.900024 ) (2280 -1680 803.900024 ) (2280 -1665 849.996948 ) (2312 -1665 849.996948 ) 
4 141 143 (2280 -1623.998535 976.002075 ) (2280 -1602.922729 1040.771606 ) (2312 -1602.922729 1040.771606 ) (2312 -1623.998535 976.002014 ) 
4 141 142 (2280 -1602.922729 1040.771606 ) (2280 -1575.812500 1124.085938 ) (2312 -1575.812500 1124.085938 ) (2312 -1602.922729 1040.771606 ) 
3 141 146 (2280 -1680 803.902527 ) (2280 -1680 1166.904175 ) (2280 -1575.812866 1124.087524 ) 
4 142 143 (2312 -1602.923950 1040.771484 ) (2280 -1602.923950 1040.771484 ) (2280 -1561 1058 ) (2312 -1561 1058 ) 
3 142 146 (2280 -1602.923706 1040.771240 ) (2280 -1575.812866 1124.087524 ) (2280 -1488 1088 ) 
3 143 146 (2280 -1624 976 ) (2280 -1602.923706 1040.771240 ) (2280 -1561 1058 ) 
4 144 147 (2312 -1680 703.998901 ) (2312 -1680 803.902527 ) (2280 -1680 803.902466 ) (2280 -1680 703.998901 ) 
3 144 146 (2280 -1680 703.998901 ) (2280 -1680 803.902527 ) (2280 -1665 850 ) 
4 145 147 (2280 -1680 0 ) (2312 -1680 0 ) (2312 -1680 80 ) (2280 -1680 80 ) 
4 145 146 (2280 -1296 80 ) (2280 -1296 0 ) (2280 -1680 0 ) (2280 -1680 80 ) 
4 146 150 (2048 -1680 1216 ) (2048 -1296 1216 ) (2048 -1296 0 ) (2048 -1680 0 ) 
4 146 147 (2216 -1680 0 ) (2280 -1680 0 ) (2280 -1680 1216 ) (2216 -1680 1216 ) 
4 146 148 (2048 -1680 0 ) (2216 -1680 0 ) (2216 -1680 1216 ) (2048 -1680 1216 ) 
4 147 148 (2216 -1680 1216 ) (2216 -1680 0 ) (2216 -1744 0 ) (2216 -1744 1216 ) 
4 148 183 (2048 -2048 1216 ) (2048 -2048 0 ) (2216 -2048 0 ) (2216 -2048 1216 ) 
4 148 150 (2048 -2048 0 ) (2048 -2048 1216 ) (2048 -1680 1216 ) (2048 -1680 0 ) 
4 149 164 (1024 -656 0 ) (1024 -1024 0 ) (1024 -1024 1216 ) (1024 -656 1216 ) 
4 149 154 (1024 -272 0 ) (1024 -656 0 ) (1024 -656 1216 ) (1024 -272 1216 ) 
4 149 152 (1024 0 1216 ) (1024 0 0 ) (1024 -272 0 ) (1024 -272 1216 ) 
4 149 151 (1024 0 2560 ) (1024 0 1216 ) (1024 -1024 1216 ) (1024 -1024 2560 ) 
4 149 150 (2048 -1024 0 ) (2048 -1024 2560 ) (1024 -1024 2560 ) (1024 -1024 0 ) 
4 150 198 (2048 -2048 0 ) (2048 -2048 2560 ) (1024 -2048 2560 ) (1024 -2048 0 ) 
4 150 179 (1024 -2048 0 ) (1024 -2048 1216 ) (1024 -1680 1216 ) (1024 -1680 0 ) 
4 150 169 (1024 -1680 1216 ) (1024 -1296 1216 ) (1024 -1296 0 ) (1024 -1680 0 ) 
4 150 167 (1024 -1296 1216 ) (1024 -1024 1216 ) (1024 -1024 0 ) (1024 -1296 0 ) 
4 150 166 (1024 -2048 1216 ) (1024 -2048 2560 ) (1024 -1024 2560 ) (1024 -1024 1216 ) 
4 151 166 (1024 -1024 1216 ) (1024 -1024 2560 ) (776 -1024 2560 ) (776 -1024 1216 ) 
4 151 165 (776 -720 1216 ) (776 -656 1216 ) (872 -656 1216 ) (872 -720 1216 ) 
4 151 164 (1024 -1024 1216 ) (872 -1024 1216 ) (872 -656 1216 ) (1024 -656 1216 ) 
4 151 158 (776 -656 1216 ) (776 -512.390259 1216 ) (808 -512.390259 1216 ) (808 -656 1216 ) 
4 151 157 (776 -512.390259 1216 ) (776 -406.095276 1216 ) (808 -406.095245 1216 ) (808 -512.390259 1216 ) 
4 151 156 (776 -406.095276 1216 ) (776 -324.602722 1216 ) (808 -324.602722 1216 ) (808 -406.095245 1216 ) 
4 151 155 (776 -324.602722 1216 ) (776 -272 1216 ) (808 -272 1216 ) (808 -324.602722 1216 ) 
4 151 154 (808 -272 1216 ) (1024 -272 1216 ) (1024 -656 1216 ) (808 -656 1216 ) 
4 151 153 (776 -272 1216 ) (776 -208 1216 ) (872 -208 1216 ) (872 -272 1216 ) 
4 151 152 (872 0 1216 ) (1024 0 1216 ) (1024 -272 1216 ) (872 -272 1216 ) 
4 152 154 (1024 -272 1216 ) (872 -272 1216 ) (872 -272 0 ) (1024 -272 0 ) 
4 152 153 (872 -208 0 ) (872 -272 0 ) (872 -272 1216 ) (872 -208 1216 ) 
4 153 155 (808 -272 1216 ) (776 -272 1216 ) (776 -272 704 ) (808 -272 704 ) 
4 153 163 (776 -272 80 ) (776 -272 0 ) (808 -272 0 ) (808 -272 80 ) 
4 153 154 (872 -272 1216 ) (808 -272 1216 ) (808 -272 0 ) (872 -272 0 ) 
4 154 165 (872 -656 1216 ) (808 -656 1216 ) (808 -656 0 ) (872 -656 0 ) 
4 154 164 (1024 -656 1216 ) (872 -656 1216 ) (872 -656 0 ) (1024 -656 0 ) 
3 154 162 (808 -656 704 ) (808 -656 803.902344 ) (808 -641 850 ) 
3 154 161 (808 -600 976 ) (808 -578.923706 1040.771118 ) (808 -537 1058 ) 
3 154 160 (808 -578.923706 1040.771118 ) (808 -551.812805 1124.087524 ) (808 -464 1088 ) 
3 154 159 (808 -656 803.902344 ) (808 -656 1166.904175 ) (808 -551.812805 1124.087524 ) 
4 154 158 (808 -656 1166.904175 ) (808 -656 1216 ) (808 -512.390259 1216 ) (808 -391 1058 ) 
3 154 157 (808 -512.390259 1216 ) (808 -406.095276 1216 ) (808 -328 976 ) 
3 154 156 (808 -406.095276 1216 ) (808 -324.602722 1216 ) (808 -287 850 ) 
3 154 155 (808 -272 1216 ) (808 -272 704 ) (808 -324.602722 1216 ) 
4 154 163 (808 -272 80 ) (808 -272 0 ) (808 -656 0 ) (808 -656 80 ) 
4 155 156 (808 -287 849.998840 ) (808 -324.602478 1216 ) (776 -324.602478 1216 ) (776 -287 849.998779 ) 
4 156 157 (808 -328 976 ) (808 -406.095581 1216 ) (776 -406.095581 1216 ) (776 -328 976 ) 
4 157 158 (808 -391.003052 1058.001221 ) (808 -512.392334 1216 ) (776 -512.392334 1216 ) (776 -391.003052 1058.001221 ) 
4 158 165 (808 -656 1216 ) (776 -656 1216 ) (776 -656 1166.904053 ) (808 -656 1166.904175 ) 
4 158 160 (808 -464 1088 ) (808 -551.812622 1124.088013 ) (776 -551.812622 1124.088013 ) (776 -464 1088 ) 
4 158 159 (808 -551.812622 1124.088013 ) (808 -656 1166.904785 ) (776 -656 1166.904785 ) (776 -551.812622 1124.088013 ) 
4 159 165 (776 -656 1166.904053 ) (776 -656 803.902405 ) (808 -656 803.902344 ) (808 -656 1166.904175 ) 
4 159 162 (808 -641 850 ) (808 -656 803.902527 ) (776 -656 803.902527 ) (776 -641 850 ) 
4 159 161 (808 -578.923828 1040.770996 ) (808 -600 976 ) (776 -600 976 ) (776 -578.923828 1040.770996 ) 
4 159 160 (776 -551.811523 1124.091797 ) (808 -551.811523 1124.091797 ) (808 -578.923828 1040.770996 ) (776 -578.923828 1040.770996 ) 
4 160 161 (808 -578.925781 1040.771484 ) (776 -578.925781 1040.771484 ) (776 -536.998718 1058.001831 ) (808 -536.998718 1058.001831 ) 
4 162 165 (776 -656 803.902405 ) (776 -656 704 ) (808 -656 704 ) (808 -656 803.902344 ) 
4 163 165 (776 -656 80 ) (776 -656 0 ) (808 -656 0 ) (808 -656 80 ) 
4 164 167 (1024 -1024 0 ) (1024 -1024 1216 ) (872 -1024 1216 ) (872 -1024 0 ) 
4 164 165 (872 -656 1216 ) (872 -656 0 ) (872 -720 0 ) (872 -720 1216 ) 
4 166 199 (1024 -2048 1216 ) (1024 -2048 2560 ) (776 -2048 2560 ) (776 -2048 1216 ) 
4 166 180 (776 -1744 1216 ) (776 -1680 1216 ) (872 -1680 1216 ) (872 -1744 1216 ) 
4 166 179 (872 -1680 1216 ) (1024 -1680 1216 ) (1024 -2048 1216 ) (872 -2048 1216 ) 
4 166 173 (776 -1680 1216 ) (776 -1536.390259 1216 ) (808 -1536.390259 1216 ) (808 -1680 1216 ) 
4 166 172 (776 -1536.390259 1216 ) (776 -1430.095337 1216 ) (808 -1430.095337 1216 ) (808 -1536.390259 1216 ) 
4 166 171 (776 -1430.095337 1216 ) (776 -1348.602783 1216 ) (808 -1348.602661 1216 ) (808 -1430.095337 1216 ) 
4 166 170 (776 -1348.602783 1216 ) (776 -1296 1216 ) (808 -1296 1216 ) (808 -1348.602661 1216 ) 
4 166 169 (808 -1296 1216 ) (1024 -1296 1216 ) (1024 -1680 1216 ) (808 -1680 1216 ) 
4 166 168 (776 -1296 1216 ) (776 -1232 1216 ) (872 -1232 1216 ) (872 -1296 1216 ) 
4 166 167 (872 -1024 1216 ) (1024 -1024 1216 ) (1024 -1296 1216 ) (872 -1296 1216 ) 
4 167 169 (1024 -1296 1216 ) (872 -1296 1216 ) (872 -1296 0 ) (1024 -1296 0 ) 
4 167 168 (872 -1232 0 ) (872 -1296 0 ) (872 -1296 1216 ) (872 -1232 1216 ) 
4 168 170 (808 -1296 1216 ) (776 -1296 1216 ) (776 -1296 704 ) (808 -1296 704 ) 
4 168 178 (776 -1296 80 ) (776 -1296 0 ) (808 -1296 0 ) (808 -1296 80 ) 
4 168 169 (872 -1296 1216 ) (808 -1296 1216 ) (808 -1296 0 ) (872 -1296 0 ) 
4 169 180 (872 -1680 1216 ) (808 -1680 1216 ) (808 -1680 0 ) (872 -1680 0 ) 
4 169 179 (1024 -1680 1216 ) (872 -1680 1216 ) (872 -1680 0 ) (1024 -1680 0 ) 
3 169 177 (808 -1680 703.998901 ) (808 -1680 803.902527 ) (808 -1665 850 ) 
3 169 176 (808 -1624 976 ) (808 -1602.923706 1040.771240 ) (808 -1561 1058 ) 
3 169 175 (808 -1602.923706 1040.771240 ) (808 -1575.812866 1124.087524 ) (808 -1488 1088 ) 
3 169 174 (808 -1680 803.902527 ) (808 -1680 1166.904175 ) (808 -1575.812866 1124.087524 ) 
4 169 173 (808 -1680 1166.904175 ) (808 -1680 1216 ) (808 -1536.390259 1216 ) (808 -1415 1058 ) 
3 169 172 (808 -1536.390259 1216 ) (808 -1430.095337 1216 ) (808 -1352 976 ) 
3 169 171 (808 -1430.095337 1216 ) (808 -1348.602783 1216 ) (808 -1311 850 ) 
3 169 170 (808 -1296 1216 ) (808 -1296 704 ) (808 -1348.602783 1216 ) 
4 169 178 (808 -1296 80 ) (808 -1296 0 ) (808 -1680 0 ) (808 -1680 80 ) 
4 170 171 (808 -1311 850 ) (808 -1348.602661 1216 ) (776 -1348.602661 1216 ) (776 -1311 850 ) 
4 171 172 (808 -1352.001587 976.002136 ) (808 -1430.096191 1216 ) (776 -1430.096191 1216 ) (776 -1352.001587 976.002197 ) 
4 172 173 (808 -1415.003052 1058.001221 ) (808 -1536.392334 1216 ) (776 -1536.392334 1216 ) (776 -1415.003052 1058.001221 ) 
4 173 180 (808 -1680 1216 ) (776 -1680 1216 ) (776 -1680 1166.904053 ) (808 -1680 1166.904175 ) 
4 173 175 (808 -1488 1088 ) (808 -1575.812744 1124.087402 ) (776 -1575.812866 1124.087402 ) (776 -1488 1088 ) 
4 173 174 (808 -1575.812744 1124.087402 ) (808 -1680 1166.904053 ) (776 -1680 1166.904053 ) (776 -1575.812866 1124.087402 ) 
4 174 180 (776 -1680 1166.904053 ) (776 -1680 803.902466 ) (808 -1680 803.902527 ) (808 -1680 1166.904175 ) 
4 174 177 (808 -1665 849.996948 ) (808 -1680 803.900024 ) (776 -1680 803.900024 ) (776 -1665 849.996948 ) 
4 174 176 (808 -1602.922729 1040.771606 ) (808 -1623.998535 976.002014 ) (776 -1623.998535 976.002075 ) (776 -1602.922729 1040.771606 ) 
4 174 175 (776 -1575.812500 1124.085938 ) (808 -1575.812500 1124.085938 ) (808 -1602.922729 1040.771606 ) (776 -1602.922729 1040.771606 ) 
4 175 176 (808 -1602.923828 1040.771484 ) (776 -1602.923828 1040.771484 ) (776 -1561 1058 ) (808 -1561 1058 ) 
4 177 180 (776 -1680 803.902466 ) (776 -1680 703.998901 ) (808 -1680 703.998901 ) (808 -1680 803.902527 ) 
4 178 180 (776 -1680 80 ) (776 -1680 0 ) (808 -1680 0 ) (808 -1680 80 ) 
4 179 200 (1024 -2048 0 ) (1024 -2048 1216 ) (872 -2048 1216 ) (872 -2048 0 ) 
4 179 180 (872 -1680 1216 ) (872 -1680 0 ) (872 -1744 0 ) (872 -1744 1216 ) 
4 181 198 (2048 -2048 2560 ) (2048 -2048 1216 ) (2048 -3072 1216 ) (2048 -3072 2560 ) 
4 181 196 (2216 -3072 1216 ) (2312 -3072 1216 ) (2312 -3072 2560 ) (2216 -3072 2560 ) 
4 181 197 (2048 -3072 2560 ) (2048 -3072 1216 ) (2216 -3072 1216 ) (2216 -3072 2560 ) 
4 181 194 (2312 -2704 1216 ) (2312 -2768 1216 ) (2216 -2768 1216 ) (2216 -2704 1216 ) 
4 181 195 (2216 -3072 1216 ) (2048 -3072 1216 ) (2048 -2704 1216 ) (2216 -2704 1216 ) 
4 181 187 (2312 -2560.397949 1216 ) (2312 -2704 1216 ) (2280 -2704 1216 ) (2280 -2560.390381 1216 ) 
4 181 186 (2312 -2454.100342 1216 ) (2312 -2560.397949 1216 ) (2280 -2560.390381 1216 ) (2280 -2454.095215 1216 ) 
4 181 185 (2312 -2372.602539 1216 ) (2312 -2454.100342 1216 ) (2280 -2454.095215 1216 ) (2280 -2372.602539 1216 ) 
4 181 184 (2312 -2320 1216 ) (2312 -2372.602539 1216 ) (2280 -2372.602539 1216 ) (2280 -2320 1216 ) 
4 181 193 (2280 -2704 1216 ) (2048 -2704 1216 ) (2048 -2320 1216 ) (2280 -2320 1216 ) 
4 181 182 (2312 -2256 1216 ) (2312 -2320 1216 ) (2216 -2320 1216 ) (2216 -2256 1216 ) 
4 181 183 (2048 -2048 1216 ) (2216 -2048 1216 ) (2216 -2320 1216 ) (2048 -2320 1216 ) 
4 182 184 (2312 -2320 704.002014 ) (2312 -2320 1216 ) (2280 -2320 1216 ) (2280 -2320 704.002014 ) 
4 182 192 (2280 -2320 0 ) (2312 -2320 0 ) (2312 -2320 80 ) (2280 -2320 80 ) 
4 182 193 (2216 -2320 0 ) (2280 -2320 0 ) (2280 -2320 1216 ) (2216 -2320 1216 ) 
4 182 183 (2216 -2256 0 ) (2216 -2320 0 ) (2216 -2320 1216 ) (2216 -2256 1216 ) 
4 183 198 (2048 -2048 1216 ) (2048 -2048 0 ) (2048 -2320 0 ) (2048 -2320 1216 ) 
4 183 193 (2048 -2320 0 ) (2216 -2320 0 ) (2216 -2320 1216 ) (2048 -2320 1216 ) 
4 184 185 (2280 -2372.602295 1216 ) (2280 -2335 849.998291 ) (2312 -2334.997070 849.975220 ) (2312 -2372.602295 1216 ) 
3 184 193 (2280 -2320 1216 ) (2280 -2320 704.002014 ) (2280 -2372.602539 1216 ) 
4 185 186 (2280 -2454.096191 1216 ) (2280 -2376.001465 976.001831 ) (2312 -2376.004883 975.996582 ) (2312 -2454.101318 1216 ) 
3 185 193 (2280 -2454.095215 1216 ) (2280 -2372.602539 1216 ) (2280 -2335 849.998901 ) 
4 186 187 (2280 -2560.394287 1216 ) (2280 -2439.004639 1058.001953 ) (2312 -2439.015869 1058.006470 ) (2312 -2560.401855 1216 ) 
3 186 193 (2280 -2560.390381 1216 ) (2280 -2454.095215 1216 ) (2280 -2376 976 ) 
4 187 194 (2312 -2704 1166.904175 ) (2312 -2704 1216 ) (2280 -2704 1216 ) (2280 -2704 1166.904053 ) 
4 187 189 (2280 -2599.812744 1124.087524 ) (2280 -2512 1088 ) (2312 -2512 1088 ) (2312 -2599.812744 1124.087524 ) 
4 187 188 (2312 -2704 1166.904297 ) (2280 -2704 1166.904297 ) (2280 -2599.812744 1124.087524 ) (2312 -2599.812744 1124.087524 ) 
4 187 193 (2280 -2704 1166.904175 ) (2280 -2704 1216 ) (2280 -2560.390381 1216 ) (2280 -2439 1058 ) 
4 188 194 (2312 -2704 803.902161 ) (2312 -2704 1166.904175 ) (2280 -2704 1166.904053 ) (2280 -2704 803.902100 ) 
4 188 191 (2312 -2704 803.901001 ) (2280 -2704 803.901001 ) (2280 -2689 849.998352 ) (2312 -2689 849.998352 ) 
4 188 190 (2280 -2648 976.001282 ) (2280 -2626.923096 1040.771362 ) (2312 -2626.923096 1040.771362 ) (2312 -2648 976.001343 ) 
4 188 189 (2280 -2626.923096 1040.771362 ) (2280 -2599.813477 1124.083862 ) (2312 -2599.813477 1124.083862 ) (2312 -2626.923096 1040.771362 ) 
3 188 193 (2280 -2704 803.902161 ) (2280 -2704 1166.904175 ) (2280 -2599.812744 1124.087402 ) 
4 189 190 (2312 -2626.925781 1040.770508 ) (2280 -2626.925781 1040.770508 ) (2280 -2585 1058 ) (2312 -2585 1058 ) 
3 189 193 (2280 -2626.923584 1040.771240 ) (2280 -2599.812744 1124.087402 ) (2280 -2512 1088 ) 
3 190 193 (2280 -2648 976 ) (2280 -2626.923584 1040.771240 ) (2280 -2585 1058 ) 
4 191 194 (2312 -2704 704 ) (2312 -2704 803.902161 ) (2280 -2704 803.902100 ) (2280 -2704 704 ) 
3 191 193 (2280 -2704 704 ) (2280 -2704 803.902161 ) (2280 -2689 850 ) 
4 192 194 (2280 -2704 0 ) (2312 -2704 0 ) (2312 -2704 80 ) (2280 -2704 80 ) 
4 192 193 (2280 -2320 80 ) (2280 -2320 0 ) (2280 -2704 0 ) (2280 -2704 80 ) 
4 193 198 (2048 -2320 0 ) (2048 -2704 0 ) (2048 -2704 1216 ) (2048 -2320 1216 ) 
4 193 194 (2216 -2704 0 ) (2280 -2704 0 ) (2280 -2704 1216 ) (2216 -2704 1216 ) 
4 193 195 (2048 -2704 0 ) (2216 -2704 0 ) (2216 -2704 1216 ) (2048 -2704 1216 ) 
4 194 195 (2216 -2704 1216 ) (2216 -2704 0 ) (2216 -2768 0 ) (2216 -2768 1216 ) 
4 195 198 (2048 -2704 0 ) (2048 -3072 0 ) (2048 -3072 1216 ) (2048 -2704 1216 ) 
4 195 197 (2048 -3072 1216 ) (2048 -3072 0 ) (2216 -3072 0 ) (2216 -3072 1216 ) 
4 196 197 (2216 -3280 1216 ) (2216 -3280 2560 ) (2216 -3072 2560 ) (2216 -3072 1216 ) 
4 197 214 (2048 -3280 2560 ) (2048 -3072 2560 ) (2048 -3072 0 ) (2048 -3280 0 ) 
4 198 214 (2048 -3072 0 ) (2048 -3072 2560 ) (1024 -3072 2560 ) (1024 -3072 0 ) 
4 198 212 (1024 -2704 0 ) (1024 -3072 0 ) (1024 -3072 1216 ) (1024 -2704 1216 ) 
4 198 202 (1024 -2320 0 ) (1024 -2704 0 ) (1024 -2704 1216 ) (1024 -2320 1216 ) 
4 198 200 (1024 -2048 1216 ) (1024 -2048 0 ) (1024 -2320 0 ) (1024 -2320 1216 ) 
4 198 199 (1024 -2048 2560 ) (1024 -2048 1216 ) (1024 -3072 1216 ) (1024 -3072 2560 ) 
4 199 216 (872 -3072 2560 ) (776 -3072 2560 ) (776 -3072 1216 ) (872 -3072 1216 ) 
4 199 215 (1024 -3072 1216 ) (1024 -3072 2560 ) (872 -3072 2560 ) (872 -3072 1216 ) 
4 199 213 (776 -2768 1216 ) (776 -2704 1216 ) (872 -2704 1216 ) (872 -2768 1216 ) 
4 199 212 (1024 -3072 1216 ) (872 -3072 1216 ) (872 -2704 1216 ) (1024 -2704 1216 ) 
4 199 206 (776 -2704 1216 ) (776 -2560.390137 1216 ) (808 -2560.397949 1216 ) (808 -2704 1216 ) 
4 199 205 (776 -2560.390137 1216 ) (776 -2454.095215 1216 ) (808 -2454.100586 1216 ) (808 -2560.397949 1216 ) 
4 199 204 (776 -2454.095215 1216 ) (776 -2372.602539 1216 ) (808 -2372.602539 1216 ) (808 -2454.100586 1216 ) 
4 199 203 (776 -2372.602539 1216 ) (776 -2320 1216 ) (808 -2320 1216 ) (808 -2372.602539 1216 ) 
4 199 202 (808 -2320 1216 ) (1024 -2320 1216 ) (1024 -2704 1216 ) (808 -2704 1216 ) 
4 199 201 (776 -2320 1216 ) (776 -2256 1216 ) (872 -2256 1216 ) (872 -2320 1216 ) 
4 199 200 (872 -2048 1216 ) (1024 -2048 1216 ) (1024 -2320 1216 ) (872 -2320 1216 ) 
4 200 202 (1024 -2320 1216 ) (872 -2320 1216 ) (872 -2320 0 ) (1024 -2320 0 ) 
4 200 201 (872 -2256 0 ) (872 -2320 0 ) (872 -2320 1216 ) (872 -2256 1216 ) 
4 201 203 (808 -2320 1216 ) (776 -2320 1216 ) (776 -2320 704.002014 ) (808 -2320 704.002014 ) 
4 201 211 (776 -2320 80 ) (776 -2320 0 ) (808 -2320 0 ) (808 -2320 80 ) 
4 201 202 (872 -2320 1216 ) (808 -2320 1216 ) (808 -2320 0 ) (872 -2320 0 ) 
4 202 213 (872 -2704 1216 ) (808 -2704 1216 ) (808 -2704 0 ) (872 -2704 0 ) 
4 202 212 (1024 -2704 1216 ) (872 -2704 1216 ) (872 -2704 0 ) (1024 -2704 0 ) 
3 202 210 (808 -2704 704 ) (808 -2704 803.902161 ) (808 -2689 850 ) 
3 202 209 (808 -2648 976 ) (808 -2626.923584 1040.771362 ) (808 -2585 1058 ) 
3 202 208 (808 -2626.923584 1040.771362 ) (808 -2599.812744 1124.087524 ) (808 -2512 1088 ) 
3 202 207 (808 -2704 803.902161 ) (808 -2704 1166.904175 ) (808 -2599.812744 1124.087524 ) 
4 202 206 (808 -2704 1166.904175 ) (808 -2704 1216 ) (808 -2560.397949 1216 ) (808 -2439.011475 1058.004639 ) 
3 202 205 (808 -2560.397949 1216 ) (808 -2454.100586 1216 ) (808 -2376.003662 975.994568 ) 
3 202 204 (808 -2454.100586 1216 ) (808 -2372.602539 1216 ) (808 -2334.997070 849.974670 ) 
3 202 203 (808 -2320 1216 ) (808 -2320 704.002014 ) (808 -2372.602539 1216 ) 
4 202 211 (808 -2320 80 ) (808 -2320 0 ) (808 -2704 0 ) (808 -2704 80 ) 
4 203 204 (808 -2334.997070 849.974792 ) (808 -2372.602539 1216 ) (776 -2372.602539 1216 ) (776 -2335 850 ) 
4 204 205 (808 -2376.005127 975.996643 ) (808 -2454.101318 1216 ) (776 -2454.096191 1216 ) (776 -2376.001709 976.002258 ) 
4 205 206 (808 -2439.013428 1058.005615 ) (808 -2560.399414 1216 ) (776 -2560.391846 1216 ) (776 -2439.002197 1058 ) 
4 206 213 (808 -2704 1216 ) (776 -2704 1216 ) (776 -2704 1166.904053 ) (808 -2704 1166.904175 ) 
4 206 208 (808 -2512.001221 1088 ) (808 -2599.812988 1124.086670 ) (776 -2599.812988 1124.086548 ) (776 -2512.001221 1088 ) 
4 206 207 (808 -2599.812988 1124.086670 ) (808 -2704 1166.903198 ) (776 -2704 1166.903198 ) (776 -2599.812988 1124.086548 ) 
4 207 213 (776 -2704 1166.904053 ) (776 -2704 803.902100 ) (808 -2704 803.902161 ) (808 -2704 1166.904175 ) 
4 207 210 (808 -2689 849.998413 ) (808 -2704 803.901123 ) (776 -2704 803.901123 ) (776 -2689 849.998413 ) 
4 207 209 (808 -2626.923096 1040.771484 ) (808 -2648 976.001221 ) (776 -2648 976.001221 ) (776 -2626.923096 1040.771484 ) 
4 207 208 (776 -2599.813477 1124.083984 ) (808 -2599.813477 1124.083984 ) (808 -2626.923096 1040.771484 ) (776 -2626.923096 1040.771484 ) 
4 208 209 (808 -2626.925781 1040.770508 ) (776 -2626.925781 1040.770508 ) (776 -2585 1058 ) (808 -2585 1058 ) 
4 210 213 (776 -2704 803.902100 ) (776 -2704 704 ) (808 -2704 704 ) (808 -2704 803.902161 ) 
4 211 213 (776 -2704 80 ) (776 -2704 0 ) (808 -2704 0 ) (808 -2704 80 ) 
4 212 215 (1024 -3072 0 ) (1024 -3072 1216 ) (872 -3072 1216 ) (872 -3072 0 ) 
4 212 213 (872 -2704 1216 ) (872 -2704 0 ) (872 -2768 0 ) (872 -2768 1216 ) 
4 214 215 (1024 -3072 2560 ) (1024 -3072 0 ) (1024 -3280 0 ) (1024 -3280 2560 ) 
4 215 216 (872 -3280 1216 ) (872 -3280 2560 ) (872 -3072 2560 ) (872 -3072 1216 ) 
