PRT1
253
695
4 0 19 (576 0 64 ) (576 0 1296 ) (384 0 1296 ) (384 0 64 ) 
4 0 2 (384 0 64 ) (384 0 1296 ) (384 320 1296 ) (384 320 64 ) 
4 1 20 (576 0 -576 ) (576 0 0 ) (384 0 0 ) (384 0 -576 ) 
4 1 2 (384 320 -576 ) (384 0 -576 ) (384 0 0 ) (384 320 0 ) 
4 2 93 (0 0 -576 ) (0 0 64 ) (0 320 64 ) (0 320 -576 ) 
4 2 92 (0 0 64 ) (0 0 1296 ) (0 320 1296 ) (0 320 64 ) 
4 2 41 (256 0 -576 ) (384 0 -576 ) (384 0 24 ) (256 0 24 ) 
4 2 43 (0 0 24 ) (0 0 -576 ) (256 0 -576 ) (256 0 24 ) 
4 2 38 (0 0 40 ) (0 0 24 ) (384 0 24 ) (384 0 40 ) 
4 2 37 (384 0 1296 ) (0 0 1296 ) (0 0 40 ) (384 0 40 ) 
4 2 4 (256 320 -576 ) (384 320 -576 ) (384 128 -576 ) (256 128 -576 ) 
4 2 6 (0 320 -576 ) (256 320 -576 ) (256 0 -576 ) (0 0 -576 ) 
4 3 21 (576 0 -1216 ) (576 0 -640 ) (384 0 -640 ) (384 0 -1216 ) 
6 3 7 (384 320 -1216 ) (492.307007 320 -1216 ) (576 229.332962 -1216 ) (576 93.714401 -1216 ) (460.030090 66.111664 -1216 ) (384 150.287750 -1216 ) 
4 3 5 (384 128 -1216 ) (384 0 -1216 ) (384 0 -640 ) (384 128 -640 ) 
4 3 4 (384 320 -1216 ) (384 128 -1216 ) (384 128 -640 ) (384 320 -640 ) 
4 4 7 (381.175781 320 -1216 ) (384 320 -1216 ) (384 150.287750 -1216 ) (350.079803 187.842194 -1216 ) 
4 4 5 (256 128 -640 ) (256 128 -1216 ) (384 128 -1216 ) (384 128 -640 ) 
4 4 6 (256 320 -1216 ) (256 128 -1216 ) (256 128 -576 ) (256 320 -576 ) 
4 5 52 (256 0 -640 ) (256 0 -1216 ) (384 0 -1216 ) (384 0 -640 ) 
4 5 6 (256 128 -1216 ) (256 0 -1216 ) (256 0 -640 ) (256 128 -640 ) 
4 6 93 (0 0 -1216 ) (0 0 -576 ) (0 320 -576 ) (0 320 -1216 ) 
4 6 54 (0 0 -640 ) (0 0 -1216 ) (192 0 -1216 ) (192 0 -640 ) 
4 6 52 (192 0 -1216 ) (256 0 -1216 ) (256 0 -640 ) (192 0 -640 ) 
4 6 43 (256 0 -576 ) (0 0 -576 ) (0 0 -640 ) (256 0 -640 ) 
4 6 8 (0 0 -1216 ) (0 64 -1216 ) (192 64 -1216 ) (192 0 -1216 ) 
6 7 9 (384 320 -1280 ) (492.306976 320 -1280 ) (576 229.332962 -1280 ) (576 93.714401 -1280 ) (460.028992 66.111404 -1280 ) (384 150.286285 -1280 ) 
4 7 12 (381.175964 320 -1280 ) (384 320 -1280 ) (384 150.286285 -1280 ) (350.079712 187.840851 -1280 ) 
4 8 108 (0 0 -1280 ) (0 0 -1216 ) (0 64 -1216 ) (0 64 -1280 ) 
4 8 54 (192 0 -1216 ) (0 0 -1216 ) (0 0 -1280 ) (192 0 -1280 ) 
4 8 12 (192 64 -1280 ) (192 0 -1280 ) (0 0 -1280 ) (0 64 -1280 ) 
4 9 22 (576 0 -1824 ) (576 0 -1280 ) (384 0 -1280 ) (384 0 -1824 ) 
4 9 12 (384 0 -1824 ) (384 0 -1280 ) (384 320 -1280 ) (384 320 -1824 ) 
4 10 23 (576 0 -2304 ) (576 0 -1888 ) (384 0 -1888 ) (384 0 -2304 ) 
4 10 12 (384 0 -2304 ) (384 0 -1888 ) (384 320 -1888 ) (384 320 -2304 ) 
4 11 24 (576 0 -2752 ) (576 0 -2368 ) (384 0 -2368 ) (384 0 -2752 ) 
4 11 12 (384 320 -2752 ) (384 0 -2752 ) (384 0 -2368 ) (384 320 -2368 ) 
4 12 114 (0 0 -2752 ) (0 0 -2688 ) (0 320 -2688 ) (0 320 -2752 ) 
4 12 113 (0 0 -2688 ) (0 0 -2528 ) (0 320 -2528 ) (0 320 -2688 ) 
4 12 109 (0 0 -2528 ) (0 0 -1280 ) (0 320 -1280 ) (0 320 -2528 ) 
4 12 63 (0 0 -1472 ) (0 0 -2752 ) (32 0 -2752 ) (32 0 -1472 ) 
4 12 61 (192 0 -2752 ) (384 0 -2752 ) (384 0 -1472 ) (192 0 -1472 ) 
4 12 62 (32 0 -2752 ) (192 0 -2752 ) (192 0 -1472 ) (32 0 -1472 ) 
4 12 55 (0 0 -1456 ) (0 0 -1472 ) (192 0 -1472 ) (192 0 -1456 ) 
4 12 54 (192 0 -1280 ) (0 0 -1280 ) (0 0 -1456 ) (192 0 -1456 ) 
4 12 53 (384 0 -1280 ) (192 0 -1280 ) (192 0 -1472 ) (384 0 -1472 ) 
4 12 13 (192 64 -2752 ) (192 0 -2752 ) (0 0 -2752 ) (0 64 -2752 ) 
4 13 119 (0 0 -2816 ) (0 0 -2752 ) (0 64 -2752 ) (0 64 -2816 ) 
4 13 63 (32 0 -2752 ) (0 0 -2752 ) (0 0 -2816 ) (32 0 -2816 ) 
4 13 62 (192 0 -2752 ) (32 0 -2752 ) (32 0 -2816 ) (192 0 -2816 ) 
4 13 14 (0 0 -2816 ) (0 64 -2816 ) (192 64 -2816 ) (192 0 -2816 ) 
4 14 120 (0 0 -3296 ) (0 0 -2816 ) (0 320 -2816 ) (0 320 -3296 ) 
4 14 69 (384 0 -2816 ) (0 0 -2816 ) (0 0 -3296 ) (384 0 -3296 ) 
4 14 35 (576 0 -3296 ) (576 0 -3056 ) (384 0 -3056 ) (384 0 -3296 ) 
4 14 26 (576 0 -3056 ) (576 0 -3024 ) (384 0 -3024 ) (384 0 -3056 ) 
4 14 25 (576 0 -3024 ) (576 0 -2816 ) (384 0 -2816 ) (384 0 -3024 ) 
4 15 121 (0 0 -3776 ) (0 0 -3360 ) (0 320 -3360 ) (0 320 -3776 ) 
4 15 74 (384 0 -3360 ) (0 0 -3360 ) (0 0 -3776 ) (384 0 -3776 ) 
4 15 36 (576 0 -3776 ) (576 0 -3360 ) (384 0 -3360 ) (384 0 -3776 ) 
4 16 84 (1152 -1024 -2944 ) (1152 -1024 -2943.996094 ) (1024 -1024 -2879.996094 ) (1024 -1024 -2944 ) 
4 16 75 (1024 -1024 -2944 ) (1024 -1024 -2879.996094 ) (1024 -608 -2879.996094 ) (1024 -608 -2944 ) 
4 16 17 (1024 -1024 -2944 ) (1024 -896 -2944 ) (1152 -896 -2944 ) (1152 -1024 -2944 ) 
4 17 84 (1152 -1024 -3296 ) (1152 -1024 -2944 ) (1024 -1024 -2944 ) (1024 -1024 -3296 ) 
4 17 76 (1024 -1024 -3296 ) (1024 -1024 -2944 ) (1024 -896 -2944 ) (1024 -896 -3296 ) 
4 18 85 (1152 -1024 -3776 ) (1152 -1024 -3520 ) (1024 -1024 -3520 ) (1024 -1024 -3776 ) 
4 18 83 (1024 -1024 -3776 ) (1024 -1024 -3520 ) (1024 -608 -3520 ) (1024 -608 -3776 ) 
4 19 50 (384 -576 64 ) (384 -576 1296 ) (384 -384 1296 ) (384 -384 64 ) 
4 19 46 (384 -384 1296 ) (384 -256 1296 ) (384 -256 64 ) (384 -384 64 ) 
4 19 44 (384 -256 1296 ) (384 -192 1296 ) (384 -192 64 ) (384 -256 64 ) 
4 19 37 (384 -192 1296 ) (384 0 1296 ) (384 0 64 ) (384 -192 64 ) 
4 20 51 (384 -576 -576 ) (384 -576 0 ) (384 -384 0 ) (384 -384 -576 ) 
4 20 46 (384 -384 0 ) (384 -256 0 ) (384 -256 -576 ) (384 -384 -576 ) 
4 20 44 (384 -256 0 ) (384 -192 0 ) (384 -192 -576 ) (384 -256 -576 ) 
4 20 41 (384 -128 0 ) (384 0 0 ) (384 0 -576 ) (384 -128 -576 ) 
4 20 42 (384 -192 0 ) (384 -128 0 ) (384 -128 -576 ) (384 -192 -576 ) 
4 21 52 (384 -576 -1216 ) (384 -576 -640 ) (384 0 -640 ) (384 0 -1216 ) 
4 22 65 (384 -576 -1824 ) (384 -576 -1472 ) (384 -384 -1472 ) (384 -384 -1824 ) 
4 22 64 (384 -384 -1472 ) (384 -256 -1472 ) (384 -256 -1824 ) (384 -384 -1824 ) 
4 22 61 (384 -256 -1472 ) (384 0 -1472 ) (384 0 -1824 ) (384 -256 -1824 ) 
4 22 53 (384 -576 -1472 ) (384 -576 -1280 ) (384 0 -1280 ) (384 0 -1472 ) 
4 23 66 (384 -576 -2304 ) (384 -576 -1888 ) (384 -384 -1888 ) (384 -384 -2304 ) 
4 23 64 (384 -384 -1888 ) (384 -256 -1888 ) (384 -256 -2304 ) (384 -384 -2304 ) 
4 23 61 (384 -256 -1888 ) (384 0 -1888 ) (384 0 -2304 ) (384 -256 -2304 ) 
4 24 67 (384 -576 -2752 ) (384 -576 -2368 ) (384 -384 -2368 ) (384 -384 -2752 ) 
4 24 64 (384 -384 -2368 ) (384 -256 -2368 ) (384 -256 -2752 ) (384 -384 -2752 ) 
4 24 61 (384 -256 -2368 ) (384 0 -2368 ) (384 0 -2752 ) (384 -256 -2752 ) 
4 25 72 (384 -576 -3024 ) (384 -576 -2816 ) (384 -448 -2816 ) (384 -448 -3024 ) 
4 25 70 (384 -448 -2816 ) (384 -320 -2816 ) (384 -320 -3024 ) (384 -448 -3024 ) 
4 25 69 (384 -320 -2816 ) (384 0 -2816 ) (384 0 -3024 ) (384 -320 -3024 ) 
3 25 34 (485 -329.333008 -3024 ) (504.240143 -334.186218 -3024 ) (516 -357.333038 -3024 ) 
3 25 33 (448 -320 -3024 ) (497.032745 -320 -3024 ) (504.240143 -334.186218 -3024 ) 
3 25 32 (537 -398.666931 -3024 ) (547.943665 -420.207214 -3024 ) (544 -448 -3024 ) 
3 25 31 (497.032745 -320 -3024 ) (562.162354 -320 -3024 ) (547.943665 -420.207214 -3024 ) 
3 25 30 (485 -566.666992 -3024 ) (474.667023 -576 -3024 ) (448 -576 -3024 ) 
3 25 29 (516 -538.667053 -3024 ) (497.032684 -576 -3024 ) (474.667023 -576 -3024 ) 
3 25 28 (537 -497.332825 -3024 ) (525.837708 -576 -3024 ) (497.032684 -576 -3024 ) 
4 25 27 (562.162354 -320 -3024 ) (576 -320 -3024 ) (576 -576 -3024 ) (525.837708 -576 -3024 ) 
4 25 26 (384 -320 -3024 ) (384 0 -3024 ) (576 0 -3024 ) (576 -320 -3024 ) 
4 26 69 (384 -320 -3024 ) (384 0 -3024 ) (384 0 -3056 ) (384 -320 -3056 ) 
4 26 35 (384 -320 -3056 ) (384 0 -3056 ) (576 0 -3056 ) (576 -320 -3056 ) 
4 26 33 (448 -320 -3056 ) (497.032745 -320 -3056 ) (497.032745 -320 -3024 ) (448 -320 -3024 ) 
4 26 31 (497.032745 -320 -3056 ) (562.162354 -320 -3056 ) (562.162354 -320 -3024 ) (497.032745 -320 -3024 ) 
4 26 27 (562.162354 -320 -3056 ) (576 -320 -3056 ) (576 -320 -3024 ) (562.162354 -320 -3024 ) 
4 27 35 (562.162354 -320 -3056 ) (576 -320 -3056 ) (576 -576 -3056 ) (525.837708 -576 -3056 ) 
4 27 32 (547.943481 -420.206879 -3056 ) (544 -448 -3056 ) (544 -448 -3024 ) (547.943481 -420.206940 -3024 ) 
4 27 31 (562.162109 -320 -3024 ) (562.162109 -320 -3056 ) (547.943481 -420.206879 -3056 ) (547.943481 -420.206940 -3024 ) 
4 27 28 (537 -497.333435 -3056 ) (525.837524 -576 -3056 ) (525.837646 -576 -3024 ) (537 -497.333160 -3024 ) 
3 28 35 (537 -497.332825 -3056 ) (525.837708 -576 -3056 ) (497.032684 -576 -3056 ) 
4 28 29 (516 -538.667786 -3056 ) (497.032257 -576 -3056 ) (497.032349 -576 -3024 ) (516 -538.667725 -3024 ) 
3 29 35 (516 -538.667053 -3056 ) (497.032684 -576 -3056 ) (474.667023 -576 -3056 ) 
4 29 30 (484.994659 -566.668335 -3056 ) (474.663147 -576 -3056 ) (474.663635 -576 -3024 ) (484.995178 -566.668213 -3024 ) 
3 30 35 (485 -566.666992 -3056 ) (474.667023 -576 -3056 ) (448 -576 -3056 ) 
3 31 35 (497.032745 -320 -3056 ) (562.162354 -320 -3056 ) (547.943665 -420.207214 -3056 ) 
4 31 34 (504.238617 -334.185852 -3056 ) (515.997375 -357.330627 -3056 ) (515.997375 -357.330627 -3024 ) (504.238617 -334.185852 -3024 ) 
4 31 33 (497.031464 -320 -3024 ) (497.031464 -320 -3056 ) (504.238617 -334.185852 -3056 ) (504.238617 -334.185852 -3024 ) 
4 31 32 (537 -398.671234 -3056 ) (547.943359 -420.209900 -3056 ) (547.943359 -420.209900 -3024 ) (537 -398.671234 -3024 ) 
3 32 35 (537 -398.666931 -3056 ) (547.943665 -420.207214 -3056 ) (544 -448 -3056 ) 
3 33 35 (448 -320 -3056 ) (497.032745 -320 -3056 ) (504.240143 -334.186218 -3056 ) 
4 33 34 (485 -329.332611 -3056 ) (504.239044 -334.185608 -3056 ) (504.239044 -334.185608 -3024 ) (485 -329.332611 -3024 ) 
3 34 35 (485 -329.333008 -3056 ) (504.240143 -334.186218 -3056 ) (516 -357.333038 -3056 ) 
4 35 73 (384 -576 -3296 ) (384 -576 -3056 ) (384 -448 -3056 ) (384 -448 -3296 ) 
4 35 71 (384 -448 -3056 ) (384 -320 -3056 ) (384 -320 -3296 ) (384 -448 -3296 ) 
4 35 69 (384 -320 -3056 ) (384 0 -3056 ) (384 0 -3296 ) (384 -320 -3296 ) 
4 36 74 (384 -576 -3776 ) (384 -576 -3360 ) (384 0 -3360 ) (384 0 -3776 ) 
4 37 122 (0 0 1296 ) (0 0 40 ) (0 -192 40 ) (0 -192 1296 ) 
4 37 45 (0 -192 1296 ) (0 -192 576 ) (32 -192 576 ) (32 -192 1296 ) 
4 37 44 (32 -192 40 ) (384 -192 40 ) (384 -192 1296 ) (32 -192 1296 ) 
3 37 40 (64 -192 40 ) (32 -192 40 ) (40 -136 40 ) 
3 37 39 (0 -96 40 ) (0 -42.666656 40 ) (28 -108 40 ) 
5 37 38 (384 -192 40 ) (64 -192 40 ) (0 -42.666656 40 ) (0 0 40 ) (384 0 40 ) 
4 38 124 (0 0 40 ) (0 0 24 ) (0 -42.666664 24 ) (0 -42.666656 40 ) 
4 38 44 (64 -192 24 ) (384 -192 24 ) (384 -192 40 ) (64 -192 40 ) 
4 38 41 (256 -128 24 ) (256 0 24 ) (384 0 24 ) (384 -128 24 ) 
4 38 42 (384 -192 24 ) (256 -192 24 ) (256 -128 24 ) (384 -128 24 ) 
5 38 43 (256 -192 24 ) (64 -192 24 ) (0 -42.666656 24 ) (0 0 24 ) (256 0 24 ) 
4 38 40 (40 -136 24 ) (64 -192 24 ) (64 -192 40 ) (40 -136 40 ) 
4 38 39 (0 -42.664063 24 ) (28 -108 24 ) (28 -108 40 ) (0 -42.666672 40 ) 
4 39 125 (0 -42.666664 24 ) (0 -96 24 ) (0 -96 40 ) (0 -42.666656 40 ) 
3 39 43 (0 -96 24 ) (0 -42.666656 24 ) (28 -108 24 ) 
4 40 44 (32 -192 24 ) (64 -192 24 ) (64 -192 40 ) (32 -192 40 ) 
3 40 43 (64 -192 24 ) (32 -192 24 ) (40 -136 24 ) 
4 41 42 (256 -128 24 ) (256 -128 -576 ) (384 -128 -576 ) (384 -128 24 ) 
4 41 43 (256 -128 -576 ) (256 -128 24 ) (256 0 24 ) (256 0 -576 ) 
4 42 52 (384 -128 -640 ) (384 -192 -640 ) (256 -192 -640 ) (256 -128 -640 ) 
4 42 44 (256 -192 -640 ) (384 -192 -640 ) (384 -192 24 ) (256 -192 24 ) 
4 42 43 (256 -128 -640 ) (256 -192 -640 ) (256 -192 24 ) (256 -128 24 ) 
4 43 126 (0 0 24 ) (0 0 -640 ) (0 -192 -640 ) (0 -192 24 ) 
4 43 54 (192 -192 -640 ) (0 -192 -640 ) (0 0 -640 ) (192 0 -640 ) 
4 43 52 (256 -192 -640 ) (192 -192 -640 ) (192 0 -640 ) (256 0 -640 ) 
4 43 44 (32 -192 -640 ) (256 -192 -640 ) (256 -192 24 ) (32 -192 24 ) 
4 44 58 (192 -256 -640 ) (32 -256 -640 ) (32 -192 -640 ) (192 -192 -640 ) 
4 44 52 (384 -192 -640 ) (384 -256 -640 ) (192 -256 -640 ) (192 -192 -640 ) 
4 44 49 (192 -256 -640 ) (384 -256 -640 ) (384 -256 -576 ) (192 -256 -576 ) 
4 44 47 (192 -256 1296 ) (32 -256 1296 ) (32 -256 64 ) (192 -256 64 ) 
4 44 48 (32 -256 0 ) (32 -256 -576 ) (192 -256 -576 ) (192 -256 0 ) 
4 44 46 (384 -256 -576 ) (384 -256 1296 ) (192 -256 1296 ) (192 -256 -576 ) 
4 44 45 (32 -256 576 ) (32 -256 1296 ) (32 -192 1296 ) (32 -192 576 ) 
4 45 130 (0 -192 1296 ) (0 -192 576 ) (0 -256 576 ) (0 -256 1296 ) 
4 45 47 (32 -256 576 ) (32 -256 1296 ) (0 -256 1296 ) (0 -256 576 ) 
4 46 50 (384 -384 64 ) (384 -384 1296 ) (192 -384 1296 ) (192 -384 64 ) 
4 46 51 (192 -384 -576 ) (384 -384 -576 ) (384 -384 0 ) (192 -384 0 ) 
4 46 49 (384 -384 -576 ) (192 -384 -576 ) (192 -256 -576 ) (384 -256 -576 ) 
4 46 47 (192 -384 64 ) (192 -384 1296 ) (192 -256 1296 ) (192 -256 64 ) 
4 46 48 (192 -256 -576 ) (192 -384 -576 ) (192 -384 0 ) (192 -256 0 ) 
4 47 132 (0 -256 1296 ) (0 -256 64 ) (0 -384 64 ) (0 -384 1296 ) 
4 47 50 (0 -384 1296 ) (0 -384 64 ) (192 -384 64 ) (192 -384 1296 ) 
4 48 133 (0 -256 0 ) (0 -256 -576 ) (0 -384 -576 ) (0 -384 0 ) 
4 48 51 (0 -384 0 ) (0 -384 -576 ) (192 -384 -576 ) (192 -384 0 ) 
4 49 52 (384 -256 -640 ) (384 -384 -640 ) (192 -384 -640 ) (192 -256 -640 ) 
4 50 136 (0 -576 64 ) (0 -576 1296 ) (0 -384 1296 ) (0 -384 64 ) 
4 51 137 (0 -576 -576 ) (0 -576 0 ) (0 -384 0 ) (0 -384 -576 ) 
4 52 59 (192 -576 -1216 ) (192 -576 -640 ) (192 -256 -640 ) (192 -256 -1216 ) 
4 52 58 (192 -256 -640 ) (192 -192 -640 ) (192 -192 -1216 ) (192 -256 -1216 ) 
4 52 54 (192 -192 -640 ) (192 0 -640 ) (192 0 -1216 ) (192 -192 -1216 ) 
4 53 65 (384 -384 -1472 ) (384 -576 -1472 ) (192 -576 -1472 ) (192 -384 -1472 ) 
4 53 64 (384 -256 -1472 ) (384 -384 -1472 ) (192 -384 -1472 ) (192 -256 -1472 ) 
4 53 61 (192 0 -1472 ) (384 0 -1472 ) (384 -256 -1472 ) (192 -256 -1472 ) 
4 53 60 (192 -256 -1472 ) (192 -576 -1472 ) (192 -576 -1280 ) (192 -256 -1280 ) 
4 53 58 (192 -192 -1472 ) (192 -256 -1472 ) (192 -256 -1280 ) (192 -192 -1280 ) 
4 53 55 (192 0 -1472 ) (192 -192 -1472 ) (192 -192 -1456 ) (192 0 -1456 ) 
4 53 54 (192 -192 -1456 ) (192 -192 -1280 ) (192 0 -1280 ) (192 0 -1456 ) 
4 54 140 (0 -192 -640 ) (0 0 -640 ) (0 0 -1456 ) (0 -192 -1456 ) 
4 54 58 (192 -192 -1456 ) (192 -192 -640 ) (32 -192 -640 ) (32 -192 -1456 ) 
3 54 57 (64 -192 -1456 ) (32 -192 -1456 ) (40 -136 -1456 ) 
3 54 56 (0 -96 -1456 ) (0 -42.666656 -1456 ) (28 -108 -1456 ) 
5 54 55 (192 -192 -1456 ) (64 -192 -1456 ) (0 -42.666656 -1456 ) (0 0 -1456 ) (192 0 -1456 ) 
4 55 142 (0 0 -1456 ) (0 0 -1472 ) (0 -42.666664 -1472 ) (0 -42.666656 -1456 ) 
4 55 63 (0 0 -1472 ) (32 0 -1472 ) (32 -117.333328 -1472 ) (0 -42.666656 -1472 ) 
5 55 62 (32 0 -1472 ) (192 0 -1472 ) (192 -192 -1472 ) (64 -192 -1472 ) (32 -117.333328 -1472 ) 
4 55 58 (64 -192 -1472 ) (192 -192 -1472 ) (192 -192 -1456 ) (64 -192 -1456 ) 
4 55 57 (40 -136 -1472 ) (64 -192 -1472 ) (64 -192 -1456 ) (40 -136 -1456 ) 
4 55 56 (0 -42.669197 -1472 ) (28 -108 -1472 ) (28 -108 -1456 ) (0 -42.666656 -1456 ) 
4 56 143 (0 -42.666664 -1472 ) (0 -96 -1472 ) (0 -96 -1456 ) (0 -42.666656 -1456 ) 
3 56 63 (0 -96 -1472 ) (0 -42.666656 -1472 ) (28 -108 -1472 ) 
3 57 62 (64 -192 -1472 ) (32 -192 -1472 ) (40 -136 -1472 ) 
4 57 58 (32 -192 -1472 ) (64 -192 -1472 ) (64 -192 -1456 ) (32 -192 -1456 ) 
4 58 62 (192 -192 -1472 ) (192 -256 -1472 ) (32 -256 -1472 ) (32 -192 -1472 ) 
4 58 59 (192 -256 -1216 ) (192 -256 -640 ) (32 -256 -640 ) (32 -256 -1216 ) 
4 58 60 (32 -256 -1472 ) (192 -256 -1472 ) (192 -256 -1280 ) (32 -256 -1280 ) 
4 59 148 (0 -576 -1216 ) (0 -576 -640 ) (0 -256 -640 ) (0 -256 -1216 ) 
4 60 151 (0 -576 -1472 ) (0 -576 -1280 ) (0 -384 -1280 ) (0 -384 -1472 ) 
4 60 150 (0 -384 -1280 ) (0 -256 -1280 ) (0 -256 -1472 ) (0 -384 -1472 ) 
4 60 65 (192 -384 -1472 ) (192 -576 -1472 ) (0 -576 -1472 ) (0 -384 -1472 ) 
4 60 64 (192 -256 -1472 ) (192 -384 -1472 ) (0 -384 -1472 ) (0 -256 -1472 ) 
4 61 64 (384 -256 -2752 ) (384 -256 -1472 ) (192 -256 -1472 ) (192 -256 -2752 ) 
4 61 62 (192 -256 -2752 ) (192 -256 -1472 ) (192 0 -1472 ) (192 0 -2752 ) 
4 62 69 (32 0 -2816 ) (192 0 -2816 ) (192 -256 -2816 ) (32 -256 -2816 ) 
4 62 64 (192 -256 -2752 ) (192 -256 -1472 ) (32 -256 -1472 ) (32 -256 -2752 ) 
4 62 63 (32 0 -2816 ) (32 -192 -2816 ) (32 -192 -1472 ) (32 0 -1472 ) 
4 63 173 (0 0 -2752 ) (0 0 -2816 ) (0 -192 -2816 ) (0 -192 -2752 ) 
4 63 162 (0 -66.920898 -2752 ) (0 -133.179596 -2752 ) (0 -133.179596 -2688 ) (0 -66.920898 -2688 ) 
4 63 160 (0 -133.179596 -2752 ) (0 -192 -2752 ) (0 -192 -2688 ) (0 -133.179596 -2688 ) 
4 63 159 (0 -192 -2688 ) (0 -192 -2528 ) (0 -66.920898 -2528 ) (0 -66.920898 -2688 ) 
4 63 157 (0 -192 -2528 ) (0 -192 -2304 ) (0 -66.920898 -2304 ) (0 -66.920898 -2528 ) 
4 63 156 (0 0 -2304 ) (0 0 -2752 ) (0 -66.920898 -2752 ) (0 -66.920898 -2304 ) 
4 63 144 (0 -192 -1472 ) (0 0 -1472 ) (0 0 -2304 ) (0 -192 -2304 ) 
4 63 69 (0 0 -2816 ) (32 0 -2816 ) (32 -192 -2816 ) (0 -192 -2816 ) 
4 64 170 (0 -256 -2304 ) (0 -256 -2752 ) (0 -384 -2752 ) (0 -384 -2304 ) 
4 64 150 (0 -384 -1472 ) (0 -256 -1472 ) (0 -256 -2304 ) (0 -384 -2304 ) 
4 64 66 (384 -384 -2304 ) (384 -384 -1888 ) (0 -384 -1888 ) (0 -384 -2304 ) 
4 64 67 (0 -384 -2752 ) (384 -384 -2752 ) (384 -384 -2368 ) (0 -384 -2368 ) 
4 64 65 (384 -384 -1824 ) (384 -384 -1472 ) (0 -384 -1472 ) (0 -384 -1824 ) 
4 65 151 (0 -576 -1824 ) (0 -576 -1472 ) (0 -384 -1472 ) (0 -384 -1824 ) 
4 66 152 (0 -576 -2304 ) (0 -576 -1888 ) (0 -384 -1888 ) (0 -384 -2304 ) 
4 67 171 (0 -576 -2752 ) (0 -576 -2368 ) (0 -384 -2368 ) (0 -384 -2752 ) 
4 67 68 (192 -576 -2752 ) (0 -576 -2752 ) (0 -448 -2752 ) (192 -448 -2752 ) 
4 68 179 (0 -576 -2816 ) (0 -576 -2752 ) (0 -448 -2752 ) (0 -448 -2816 ) 
4 68 72 (192 -576 -2816 ) (0 -576 -2816 ) (0 -448 -2816 ) (192 -448 -2816 ) 
4 69 176 (0 -320 -2816 ) (0 -256 -2816 ) (0 -256 -3296 ) (0 -320 -3296 ) 
4 69 174 (0 -256 -2816 ) (0 -192 -2816 ) (0 -192 -3296 ) (0 -256 -3296 ) 
4 69 173 (0 -192 -2816 ) (0 0 -2816 ) (0 0 -3296 ) (0 -192 -3296 ) 
4 69 71 (0 -320 -3296 ) (384 -320 -3296 ) (384 -320 -3056 ) (0 -320 -3237.333984 ) 
4 69 70 (384 -320 -3024 ) (384 -320 -2816 ) (0 -320 -2816 ) (0 -320 -3205.333496 ) 
4 70 177 (0 -448 -2816 ) (0 -320 -2816 ) (0 -320 -3205.333496 ) (0 -448 -3205.333496 ) 
3 70 73 (0 -448 -2885.333008 ) (0 -448 -3205.333496 ) (349.090973 -448 -3040.484863 ) 
4 70 72 (384 -448 -3024 ) (384 -448 -2816 ) (0 -448 -2816 ) (0 -448 -2842.666748 ) 
4 71 178 (0 -320 -3237.333984 ) (0 -320 -3296 ) (0 -448 -3296 ) (0 -448 -3237.333984 ) 
4 71 73 (0 -448 -3296 ) (384 -448 -3296 ) (384 -448 -3056 ) (0 -448 -3237.333984 ) 
4 72 179 (0 -576 -2842.666748 ) (0 -576 -2816 ) (0 -448 -2816 ) (0 -448 -2842.666748 ) 
4 73 180 (0 -576 -3296 ) (0 -576 -2885.333008 ) (0 -448 -2885.333008 ) (0 -448 -3296 ) 
4 74 182 (0 -576 -3776 ) (0 -576 -3360 ) (0 0 -3360 ) (0 0 -3776 ) 
4 75 185 (0 -1024 -2944 ) (0 -1024 -2367.996094 ) (0 -608 -2367.996094 ) (0 -608 -2944 ) 
4 75 86 (1024 -1024 -2944 ) (1024 -1024 -2879.996094 ) (0 -1024 -2367.996094 ) (0 -1024 -2944 ) 
4 75 78 (0 -720 -2944 ) (0 -608 -2944 ) (128 -608 -2944 ) (128 -720 -2944 ) 
4 75 80 (128 -1024 -2944 ) (0 -1024 -2944 ) (0 -720 -2944 ) (128 -720 -2944 ) 
4 75 76 (1024 -1024 -2944 ) (832 -1024 -2944 ) (832 -896 -2944 ) (1024 -896 -2944 ) 
4 75 77 (832 -1024 -2944 ) (128 -1024 -2944 ) (128 -608 -2944 ) (832 -608 -2944 ) 
4 76 86 (1024 -1024 -3296 ) (1024 -1024 -2944 ) (832 -1024 -2944 ) (832 -1024 -3296 ) 
4 76 77 (832 -896 -3296 ) (832 -1024 -3296 ) (832 -1024 -2944 ) (832 -896 -2944 ) 
4 77 86 (832 -1024 -2944 ) (128 -1024 -2944 ) (128 -1024 -3296 ) (832 -1024 -3296 ) 
4 77 81 (576 -976 -3296 ) (576 -1024 -3296 ) (256 -1024 -3296 ) (256 -976 -3296 ) 
4 77 79 (128 -688.001221 -3296 ) (128 -720 -3296 ) (128 -720 -3024 ) (128 -688.001221 -3024 ) 
4 77 78 (128 -720 -3024 ) (128 -720 -2944 ) (128 -608 -2944 ) (128 -608 -3024 ) 
4 77 80 (128 -720 -3296 ) (128 -1024 -3296 ) (128 -1024 -2944 ) (128 -720 -2944 ) 
4 78 186 (0 -720 -2944 ) (0 -608 -2944 ) (0 -608 -3024 ) (0 -720 -3024 ) 
3 78 79 (128 -720 -3024 ) (96.001251 -720 -3024 ) (128 -688.001221 -3024 ) 
4 78 80 (128 -720 -3024 ) (128 -720 -2944 ) (0 -720 -2944 ) (0 -720 -3024 ) 
4 79 80 (96.001251 -720 -3296 ) (128 -720 -3296 ) (128 -720 -3024 ) (96.001251 -720 -3024 ) 
4 80 188 (0 -1024 -3296 ) (0 -1024 -2944 ) (0 -720 -2944 ) (0 -720 -3296 ) 
4 80 86 (128 -1024 -2944 ) (0 -1024 -2944 ) (0 -1024 -3296 ) (128 -1024 -3296 ) 
4 81 87 (576 -1024 -3296 ) (256 -1024 -3296 ) (256 -1024 -3360 ) (576 -1024 -3360 ) 
4 81 82 (576 -1024 -3360 ) (256 -1024 -3360 ) (256 -976 -3360 ) (576 -976 -3360 ) 
4 82 192 (0 -1024 -3520 ) (0 -1024 -3360 ) (0 -608 -3360 ) (0 -608 -3520 ) 
4 82 91 (576 -1024 -3360 ) (0 -1024 -3360 ) (0 -1024 -3520 ) (576 -1024 -3520 ) 
4 82 83 (0 -608 -3520 ) (576 -608 -3520 ) (576 -1024 -3520 ) (0 -1024 -3520 ) 
4 83 193 (0 -1024 -3776 ) (0 -1024 -3520 ) (0 -608 -3520 ) (0 -608 -3776 ) 
4 83 90 (1024 -1024 -3776 ) (1024 -1024 -3520 ) (576 -1024 -3520 ) (576 -1024 -3776 ) 
4 83 91 (576 -1024 -3520 ) (0 -1024 -3520 ) (0 -1024 -3776 ) (576 -1024 -3776 ) 
4 84 205 (1152 -2048 -3296 ) (1152 -2048 -2943.996094 ) (1024 -2048 -2879.996094 ) (1024 -2048 -3296 ) 
4 84 86 (1024 -1024 -2879.996094 ) (1024 -1024 -3296 ) (1024 -2048 -3296 ) (1024 -2048 -2879.996094 ) 
4 85 206 (1152 -2048 -3776 ) (1152 -2048 -3520 ) (1024 -2048 -3520 ) (1024 -2048 -3776 ) 
4 85 90 (1024 -1024 -3520 ) (1024 -1024 -3776 ) (1024 -2048 -3776 ) (1024 -2048 -3520 ) 
4 86 211 (576 -2048 -2944 ) (0 -2048 -2944 ) (0 -2048 -3296 ) (576 -2048 -3296 ) 
4 86 209 (1024 -2048 -3296 ) (1024 -2048 -2944 ) (576 -2048 -2944 ) (576 -2048 -3296 ) 
4 86 208 (1024 -2048 -2944 ) (1024 -2048 -2879.996094 ) (0 -2048 -2367.996338 ) (0 -2048 -2944 ) 
4 86 194 (0 -2048 -3296 ) (0 -2048 -2367.996094 ) (0 -1024 -2367.996338 ) (0 -1024 -3296 ) 
3 86 88 (256 -1152 -3296 ) (256 -1216 -3296 ) (192 -1216 -3296 ) 
4 86 89 (256 -2048 -3296 ) (0 -2048 -3296 ) (0 -1216 -3296 ) (256 -1216 -3296 ) 
5 86 87 (448 -2048 -3296 ) (256 -2048 -3296 ) (256 -1024 -3296 ) (576 -1024 -3296 ) (576 -1920 -3296 ) 
4 87 212 (448 -2048 -3296 ) (256 -2048 -3296 ) (256 -2048 -3360 ) (448 -2048 -3360 ) 
5 87 91 (448 -2048 -3360 ) (256 -2048 -3360 ) (256 -1024 -3360 ) (576 -1024 -3360 ) (576 -1920 -3360 ) 
4 87 88 (256 -1152 -3360 ) (256 -1216 -3360 ) (256 -1216 -3296 ) (256 -1152 -3296 ) 
4 87 89 (256 -1216 -3360 ) (256 -2048 -3360 ) (256 -2048 -3296 ) (256 -1216 -3296 ) 
3 88 91 (256 -1152 -3360 ) (256 -1216 -3360 ) (192 -1216 -3360 ) 
4 88 89 (192 -1216 -3360 ) (256 -1216 -3360 ) (256 -1216 -3296 ) (192 -1216 -3296 ) 
4 89 212 (256 -2048 -3296 ) (0 -2048 -3296 ) (0 -2048 -3360 ) (256 -2048 -3360 ) 
4 89 196 (0 -2048 -3360 ) (0 -2048 -3296 ) (0 -1216 -3296 ) (0 -1216 -3360 ) 
4 89 91 (256 -2048 -3360 ) (0 -2048 -3360 ) (0 -1216 -3360 ) (256 -1216 -3360 ) 
4 90 210 (1024 -2048 -3776 ) (1024 -2048 -3520 ) (576 -2048 -3520 ) (576 -2048 -3776 ) 
4 90 91 (576 -1024 -3776 ) (576 -2048 -3776 ) (576 -2048 -3520 ) (576 -1024 -3520 ) 
4 91 213 (576 -2048 -3360 ) (0 -2048 -3360 ) (0 -2048 -3776 ) (576 -2048 -3776 ) 
4 91 198 (0 -2048 -3776 ) (0 -2048 -3360 ) (0 -1024 -3360 ) (0 -1024 -3776 ) 
4 92 127 (-320 0 1296 ) (-384 0 1296 ) (-384 0 64 ) (-320 0 64 ) 
4 92 122 (0 0 64 ) (0 0 1296 ) (-320 0 1296 ) (-320 0 64 ) 
4 92 96 (-384 320 1296 ) (-384 320 64 ) (-384 0 64 ) (-384 0 1296 ) 
4 92 94 (-384 128 64 ) (-384 320 64 ) (-320 320 64 ) (-320 128 64 ) 
4 92 93 (-320 320 64 ) (0 320 64 ) (0 0 64 ) (-320 0 64 ) 
4 93 146 (-192 0 -640 ) (-320 0 -640 ) (-320 0 -1216 ) (-192 0 -1216 ) 
4 93 140 (0 0 -1216 ) (0 0 -640 ) (-192 0 -640 ) (-192 0 -1216 ) 
4 93 124 (0 0 24 ) (0 0 40 ) (-59.428562 0 40 ) (-59.428589 0 24 ) 
4 93 123 (-59.428562 0 40 ) (-320 0 40 ) (-320 0 24 ) (-59.428589 0 24 ) 
4 93 122 (0 0 40 ) (0 0 64 ) (-320 0 64 ) (-320 0 40 ) 
4 93 126 (0 0 -640 ) (0 0 24 ) (-320 0 24 ) (-320 0 -640 ) 
4 93 108 (0 64 -1216 ) (0 0 -1216 ) (-192 0 -1216 ) (-192 64 -1216 ) 
4 93 95 (-320 128 -1216 ) (-320 0 -1216 ) (-320 0 0 ) (-320 128 0 ) 
4 93 94 (-320 320 -1216 ) (-320 128 -1216 ) (-320 128 64 ) (-320 320 64 ) 
4 94 99 (-384 128 -576 ) (-384 128 0 ) (-384 160 0 ) (-384 160 -576 ) 
4 94 100 (-384 160 -1216 ) (-384 128 -1216 ) (-384 128 -640 ) (-384 160 -640 ) 
4 94 97 (-384 320 0 ) (-384 320 -576 ) (-384 160 -576 ) (-384 160 0 ) 
4 94 98 (-384 320 -640 ) (-384 320 -1216 ) (-384 160 -1216 ) (-384 160 -640 ) 
4 94 95 (-320 128 -1216 ) (-320 128 0 ) (-384 128 0 ) (-384 128 -1216 ) 
4 95 146 (-384 0 -640 ) (-384 0 -1216 ) (-320 0 -1216 ) (-320 0 -640 ) 
4 95 128 (-384 0 0 ) (-384 0 -640 ) (-320 0 -640 ) (-320 0 0 ) 
4 95 106 (-384 0 -576 ) (-384 0 0 ) (-384 32 0 ) (-384 32 -576 ) 
4 95 107 (-384 32 -1216 ) (-384 0 -1216 ) (-384 0 -640 ) (-384 32 -640 ) 
4 95 99 (-384 32 -576 ) (-384 32 0 ) (-384 128 0 ) (-384 128 -576 ) 
4 95 100 (-384 128 -1216 ) (-384 32 -1216 ) (-384 32 -640 ) (-384 128 -640 ) 
4 96 138 (-576 0 1296 ) (-576 0 64 ) (-384 0 64 ) (-384 0 1296 ) 
4 97 102 (-568 160 0 ) (-576 160 0 ) (-576 160 -576 ) (-568 160 -576 ) 
4 97 101 (-480 160 0 ) (-568 160 0 ) (-568 160 -576 ) (-480 160 -576 ) 
4 97 99 (-384 160 -576 ) (-384 160 0 ) (-480 160 0 ) (-480 160 -576 ) 
4 98 102 (-576 160 -1216 ) (-568 160 -1216 ) (-568 160 -640 ) (-576 160 -640 ) 
4 98 101 (-568 160 -1216 ) (-480 160 -1216 ) (-480 160 -640 ) (-568 160 -640 ) 
4 98 100 (-480 160 -1216 ) (-384 160 -1216 ) (-384 160 -640 ) (-480 160 -640 ) 
4 99 106 (-384 32 -576 ) (-384 32 0 ) (-480 32 0 ) (-480 32 -576 ) 
4 99 101 (-480 160 0 ) (-480 160 -576 ) (-480 32 -576 ) (-480 32 0 ) 
4 100 107 (-480 32 -1216 ) (-384 32 -1216 ) (-384 32 -640 ) (-480 32 -640 ) 
4 100 101 (-480 160 -640 ) (-480 160 -1216 ) (-480 32 -1216 ) (-480 32 -640 ) 
4 101 106 (-480 32 -576 ) (-480 32 0 ) (-568 32 0 ) (-568 32 -576 ) 
4 101 107 (-568 32 -1216 ) (-480 32 -1216 ) (-480 32 -640 ) (-568 32 -640 ) 
4 101 104 (-568 128 -1216 ) (-568 80 -1216 ) (-568 80 -480 ) (-568 128 -480 ) 
4 101 103 (-568 80 -480 ) (-568 80 0 ) (-568 128 0 ) (-568 128 -480 ) 
4 101 102 (-568 160 0 ) (-568 160 -1216 ) (-568 128 -1216 ) (-568 128 0 ) 
4 101 105 (-568 80 -1216 ) (-568 32 -1216 ) (-568 32 0 ) (-568 80 0 ) 
4 102 104 (-576 128 -1216 ) (-568 128 -1216 ) (-568 128 -480 ) (-576 128 -480 ) 
4 102 103 (-568 128 -480 ) (-568 128 0 ) (-576 128 0 ) (-576 128 -480 ) 
4 103 105 (-568 80 -480 ) (-568 80 0 ) (-576 80 0 ) (-576 80 -480 ) 
4 103 104 (-568 80 -480 ) (-576 80 -480 ) (-576 128 -480 ) (-568 128 -480 ) 
4 104 105 (-576 80 -1216 ) (-568 80 -1216 ) (-568 80 -480 ) (-576 80 -480 ) 
4 105 106 (-568 32 -576 ) (-568 32 0 ) (-576 32 0 ) (-576 32 -576 ) 
4 105 107 (-576 32 -1216 ) (-568 32 -1216 ) (-568 32 -640 ) (-576 32 -640 ) 
4 106 139 (-576 0 0 ) (-576 0 -576 ) (-384 0 -576 ) (-384 0 0 ) 
4 107 153 (-576 0 -640 ) (-576 0 -1216 ) (-384 0 -1216 ) (-384 0 -640 ) 
4 108 140 (0 0 -1280 ) (0 0 -1216 ) (-192 0 -1216 ) (-192 0 -1280 ) 
4 108 109 (0 64 -1280 ) (0 0 -1280 ) (-192 0 -1280 ) (-192 64 -1280 ) 
4 109 157 (-249.754761 0 -2304 ) (-384 0 -2304 ) (-384 0 -2528 ) (-249.754776 0 -2528 ) 
4 109 156 (0 0 -2528 ) (0 0 -2304 ) (-249.754761 0 -2304 ) (-249.754776 0 -2528 ) 
4 109 147 (-192 0 -1280 ) (-384 0 -1280 ) (-384 0 -2304 ) (-192 0 -2304 ) 
4 109 142 (0 0 -1472 ) (0 0 -1456 ) (-59.428566 0 -1456 ) (-59.428558 0 -1472 ) 
4 109 141 (-59.428566 0 -1456 ) (-192 0 -1456 ) (-192 0 -1472 ) (-59.428558 0 -1472 ) 
4 109 140 (0 0 -1456 ) (0 0 -1280 ) (-192 0 -1280 ) (-192 0 -1456 ) 
4 109 144 (0 0 -2304 ) (0 0 -1472 ) (-192 0 -1472 ) (-192 0 -2304 ) 
4 109 118 (-360 119.195999 -2528 ) (-159.195999 320 -2528 ) (-0.803955 320 -2528 ) (-280.803986 40 -2528 ) 
3 109 116 (-384 95.196014 -2528 ) (-384 320 -2528 ) (-159.195999 320 -2528 ) 
4 109 113 (0 0 -2528 ) (-320.803986 0 -2528 ) (-0.803955 320 -2528 ) (0 320 -2528 ) 
4 109 112 (-384 320 -2528 ) (-384 0 -2528 ) (-384 0 -2368 ) (-384 320 -2368 ) 
4 109 110 (-384 0 -1824 ) (-384 0 -1280 ) (-384 320 -1280 ) (-384 320 -1824 ) 
4 109 111 (-384 0 -2304 ) (-384 0 -1888 ) (-384 320 -1888 ) (-384 320 -2304 ) 
4 110 154 (-384 0 -1280 ) (-576 0 -1280 ) (-576 0 -1824 ) (-384 0 -1824 ) 
4 111 155 (-576 0 -1888 ) (-576 0 -2304 ) (-384 0 -2304 ) (-384 0 -1888 ) 
4 112 158 (-576 0 -2368 ) (-576 0 -2528 ) (-384 0 -2528 ) (-384 0 -2368 ) 
3 112 117 (-399.196014 0 -2528 ) (-479.196014 0 -2528 ) (-439.196014 40 -2528 ) 
5 112 116 (-479.196014 0 -2528 ) (-576 0 -2528 ) (-576 320 -2528 ) (-384 320 -2528 ) (-384 95.196014 -2528 ) 
4 113 167 (-320.803986 0 -2608 ) (-320.803986 0 -2688 ) (-309.262848 0 -2688 ) (-309.262848 0 -2608 ) 
4 113 164 (-309.262848 0 -2528 ) (-320.803986 0 -2528 ) (-320.803986 0 -2608 ) (-309.262848 0 -2608 ) 
4 113 159 (-249.754761 0 -2528 ) (-309.262848 0 -2528 ) (-309.262848 0 -2688 ) (-249.754761 0 -2688 ) 
4 113 156 (0 0 -2688 ) (0 0 -2528 ) (-249.754761 0 -2528 ) (-249.754761 0 -2688 ) 
4 113 118 (-280.804321 40 -2528 ) (-0.804626 320 -2528 ) (-0.804670 320 -2688 ) (-280.804352 40 -2688 ) 
4 113 115 (-307.289978 0 -2688 ) (-320.800781 0 -2688 ) (-305.787109 15.013668 -2688 ) (-303.436005 14.383696 -2688 ) 
5 113 114 (0 0 -2688 ) (-249.754776 0 -2688 ) (-305.787109 15.013668 -2688 ) (-0.800781 320 -2688 ) (0 320 -2688 ) 
4 114 156 (0 0 -2752 ) (0 0 -2688 ) (-249.754761 0 -2688 ) (-249.754761 0 -2752 ) 
4 114 119 (0 0 -2752 ) (-192 0 -2752 ) (-192 64 -2752 ) (0 64 -2752 ) 
4 114 118 (-0.804688 320 -2752 ) (-280.804352 40 -2752 ) (-280.804352 40 -2688 ) (-0.804670 320 -2688 ) 
4 114 115 (-303.435913 14.384061 -2688 ) (-305.792969 15.015625 -2688 ) (-305.792969 15.015625 -2752 ) (-303.435913 14.384057 -2752 ) 
4 115 167 (-309.262848 0 -2688 ) (-320.803986 0 -2688 ) (-320.803986 0 -2752 ) (-309.262848 0 -2752 ) 
4 115 161 (-307.290009 0 -2688 ) (-309.262848 0 -2688 ) (-309.262848 0 -2752 ) (-307.290009 0 -2752 ) 
4 116 166 (-576 0 -2608 ) (-576 0 -2752 ) (-479.196014 0 -2752 ) (-479.196045 0 -2608 ) 
4 116 165 (-479.196045 0 -2528 ) (-576 0 -2528 ) (-576 0 -2608 ) (-479.196045 0 -2608 ) 
4 116 118 (-360 119.195648 -2752 ) (-159.195282 320 -2752 ) (-159.195313 320 -2528 ) (-360 119.195663 -2528 ) 
4 116 117 (-479.195313 0 -2752 ) (-439.195648 40 -2752 ) (-439.195648 40 -2528 ) (-479.195313 0 -2528 ) 
4 117 166 (-479.196045 0 -2608 ) (-479.196014 0 -2752 ) (-399.196014 0 -2752 ) (-399.196014 0 -2608 ) 
4 117 165 (-399.196014 0 -2528 ) (-479.196045 0 -2528 ) (-479.196045 0 -2608 ) (-399.196014 0 -2608 ) 
4 119 173 (0 0 -2816 ) (0 0 -2752 ) (-32 0 -2752 ) (-32 0 -2816 ) 
4 119 175 (-32 0 -2752 ) (-192 0 -2752 ) (-192 0 -2816 ) (-32 0 -2816 ) 
4 119 120 (0 64 -2816 ) (0 0 -2816 ) (-192 0 -2816 ) (-192 64 -2816 ) 
4 120 181 (-192 0 -2816 ) (-576 0 -2816 ) (-576 0 -3296 ) (-192 0 -3296 ) 
4 120 173 (0 0 -3296 ) (0 0 -2816 ) (-32 0 -2816 ) (-32 0 -3296 ) 
4 120 175 (-32 0 -2816 ) (-192 0 -2816 ) (-192 0 -3296 ) (-32 0 -3296 ) 
4 121 182 (0 0 -3776 ) (0 0 -3360 ) (-576 0 -3360 ) (-576 0 -3776 ) 
4 122 130 (0 -192 576 ) (0 -192 1296 ) (-32 -192 1296 ) (-32 -192 576 ) 
4 122 131 (-32 -192 1296 ) (-320 -192 1296 ) (-320 -192 40 ) (-32 -192 40 ) 
4 122 127 (-320 -128 1296 ) (-320 0 1296 ) (-320 0 64 ) (-320 -128 64 ) 
4 122 129 (-320 -192 40 ) (-320 -192 1296 ) (-320 -128 1296 ) (-320 -128 40 ) 
3 122 125 (-28 -108 40 ) (0 -42.666668 40 ) (0 -96 40 ) 
4 122 124 (-40 -136 40 ) (-59.428589 0 40 ) (0 0 40 ) (0 -42.666668 40 ) 
4 122 123 (-32 -192 40 ) (-320 -192 40 ) (-320 0 40 ) (-59.428589 0 40 ) 
4 123 131 (-32 -192 40 ) (-320 -192 40 ) (-320 -192 24 ) (-32 -192 24 ) 
4 123 129 (-320 -192 24 ) (-320 -192 40 ) (-320 -128 40 ) (-320 -128 24 ) 
4 123 124 (-40 -136.001694 24 ) (-59.429508 0 24 ) (-59.428589 0 40 ) (-40 -136 40 ) 
4 123 126 (-32 -192 24 ) (-320 -192 24 ) (-320 0 24 ) (-59.428589 0 24 ) 
4 124 125 (-28 -108 24 ) (0 -42.666664 24 ) (0 -42.667969 40 ) (-28 -108 40 ) 
4 124 126 (-40 -136 24 ) (-59.428589 0 24 ) (0 0 24 ) (0 -42.666668 24 ) 
3 125 126 (-28 -108 24 ) (0 -42.666668 24 ) (0 -96 24 ) 
4 126 146 (-320 0 -640 ) (-192 0 -640 ) (-192 -192 -640 ) (-320 -192 -640 ) 
4 126 140 (-192 0 -640 ) (0 0 -640 ) (0 -192 -640 ) (-192 -192 -640 ) 
4 126 131 (-320 -192 -640 ) (-32 -192 -640 ) (-32 -192 24 ) (-320 -192 24 ) 
4 126 128 (-320 0 -640 ) (-320 -128 -640 ) (-320 -128 0 ) (-320 0 0 ) 
4 126 129 (-320 -128 -640 ) (-320 -192 -640 ) (-320 -192 24 ) (-320 -128 24 ) 
4 127 138 (-384 0 1296 ) (-384 0 64 ) (-384 -128 64 ) (-384 -128 1296 ) 
4 127 129 (-320 -128 64 ) (-320 -128 1296 ) (-384 -128 1296 ) (-384 -128 64 ) 
4 128 146 (-384 -128 -640 ) (-384 0 -640 ) (-320 0 -640 ) (-320 -128 -640 ) 
4 128 139 (-384 0 0 ) (-384 0 -576 ) (-384 -128 -576 ) (-384 -128 0 ) 
4 128 129 (-320 -128 -640 ) (-320 -128 0 ) (-384 -128 0 ) (-384 -128 -640 ) 
4 129 146 (-384 -192 -640 ) (-384 -128 -640 ) (-320 -128 -640 ) (-320 -192 -640 ) 
4 129 138 (-384 -192 64 ) (-384 -192 1296 ) (-384 -128 1296 ) (-384 -128 64 ) 
4 129 139 (-384 -192 -576 ) (-384 -192 0 ) (-384 -128 0 ) (-384 -128 -576 ) 
4 129 131 (-384 -192 1296 ) (-384 -192 -640 ) (-320 -192 -640 ) (-320 -192 1296 ) 
4 130 132 (0 -256 576 ) (0 -256 1296 ) (-32 -256 1296 ) (-32 -256 576 ) 
4 130 131 (-32 -256 576 ) (-32 -256 1296 ) (-32 -192 1296 ) (-32 -192 576 ) 
4 131 146 (-384 -256 -640 ) (-384 -192 -640 ) (-192 -192 -640 ) (-192 -256 -640 ) 
4 131 145 (-192 -192 -640 ) (-32 -192 -640 ) (-32 -256 -640 ) (-192 -256 -640 ) 
4 131 138 (-384 -256 64 ) (-384 -256 1296 ) (-384 -192 1296 ) (-384 -192 64 ) 
4 131 139 (-384 -256 -576 ) (-384 -256 0 ) (-384 -192 0 ) (-384 -192 -576 ) 
4 131 135 (-384 -256 -576 ) (-384 -256 -640 ) (-192 -256 -640 ) (-192 -256 -576 ) 
4 131 132 (-32 -256 64 ) (-32 -256 1296 ) (-192 -256 1296 ) (-192 -256 64 ) 
4 131 133 (-192 -256 -576 ) (-32 -256 -576 ) (-32 -256 0 ) (-192 -256 0 ) 
4 131 134 (-384 -256 1296 ) (-384 -256 -576 ) (-192 -256 -576 ) (-192 -256 1296 ) 
4 132 136 (0 -384 64 ) (0 -384 1296 ) (-192 -384 1296 ) (-192 -384 64 ) 
4 132 134 (-192 -384 64 ) (-192 -384 1296 ) (-192 -256 1296 ) (-192 -256 64 ) 
4 133 137 (-192 -384 -576 ) (0 -384 -576 ) (0 -384 0 ) (-192 -384 0 ) 
4 133 134 (-192 -256 -576 ) (-192 -384 -576 ) (-192 -384 0 ) (-192 -256 0 ) 
4 134 138 (-384 -384 64 ) (-384 -384 1296 ) (-384 -256 1296 ) (-384 -256 64 ) 
4 134 139 (-384 -384 -576 ) (-384 -384 0 ) (-384 -256 0 ) (-384 -256 -576 ) 
4 134 136 (-384 -384 1296 ) (-384 -384 64 ) (-192 -384 64 ) (-192 -384 1296 ) 
4 134 137 (-384 -384 0 ) (-384 -384 -576 ) (-192 -384 -576 ) (-192 -384 0 ) 
4 134 135 (-192 -384 -576 ) (-384 -384 -576 ) (-384 -256 -576 ) (-192 -256 -576 ) 
4 135 149 (-384 -384 -640 ) (-384 -256 -640 ) (-192 -256 -640 ) (-192 -384 -640 ) 
4 136 138 (-384 -576 64 ) (-384 -576 1296 ) (-384 -384 1296 ) (-384 -384 64 ) 
4 137 139 (-384 -576 -576 ) (-384 -576 0 ) (-384 -384 0 ) (-384 -384 -576 ) 
4 140 146 (-192 -192 -1216 ) (-192 -192 -640 ) (-192 0 -640 ) (-192 0 -1216 ) 
4 140 147 (-192 -192 -1456 ) (-192 -192 -1280 ) (-192 0 -1280 ) (-192 0 -1456 ) 
4 140 145 (-192 -192 -640 ) (-192 -192 -1456 ) (-32 -192 -1456 ) (-32 -192 -640 ) 
3 140 143 (-28 -108 -1456 ) (0 -42.666668 -1456 ) (0 -96 -1456 ) 
4 140 142 (-40 -136 -1456 ) (-59.428558 0 -1456 ) (0 0 -1456 ) (0 -42.666668 -1456 ) 
4 140 141 (-32 -192 -1456 ) (-192 -192 -1456 ) (-192 0 -1456 ) (-59.428558 0 -1456 ) 
4 141 147 (-192 -192 -1472 ) (-192 -192 -1456 ) (-192 0 -1456 ) (-192 0 -1472 ) 
4 141 145 (-192 -192 -1456 ) (-192 -192 -1472 ) (-32 -192 -1472 ) (-32 -192 -1456 ) 
4 141 142 (-40 -136.001709 -1472 ) (-59.429546 0 -1472 ) (-59.428574 0 -1456 ) (-40 -136 -1456 ) 
4 141 144 (-32 -192 -1472 ) (-192 -192 -1472 ) (-192 0 -1472 ) (-59.428558 0 -1472 ) 
4 142 143 (-28 -108 -1472 ) (0 -42.666664 -1472 ) (0 -42.665771 -1456 ) (-28 -108 -1456 ) 
4 142 144 (-40 -136 -1472 ) (-59.428558 0 -1472 ) (0 0 -1472 ) (0 -42.666668 -1472 ) 
3 143 144 (-28 -108 -1472 ) (0 -42.666668 -1472 ) (0 -96 -1472 ) 
4 144 157 (0 -66.920898 -2304 ) (0 -192 -2304 ) (-192 -192 -2304 ) (-192 -15.475189 -2304 ) 
4 144 156 (-192 0 -2304 ) (0 0 -2304 ) (0 -66.920898 -2304 ) (-192 -15.475189 -2304 ) 
4 144 147 (-192 0 -2304 ) (-192 -192 -2304 ) (-192 -192 -1472 ) (-192 0 -1472 ) 
4 144 145 (-192 -192 -1472 ) (-192 -192 -2304 ) (-32 -192 -2304 ) (-32 -192 -1472 ) 
4 145 169 (-32 -256 -2304 ) (-192 -256 -2304 ) (-192 -192 -2304 ) (-32 -192 -2304 ) 
4 145 150 (-192 -256 -2304 ) (-32 -256 -2304 ) (-32 -256 -1280 ) (-192 -256 -1280 ) 
4 145 148 (-32 -256 -1216 ) (-32 -256 -640 ) (-192 -256 -640 ) (-192 -256 -1216 ) 
4 145 146 (-192 -256 -1216 ) (-192 -256 -640 ) (-192 -192 -640 ) (-192 -192 -1216 ) 
4 145 147 (-192 -192 -2304 ) (-192 -256 -2304 ) (-192 -256 -1280 ) (-192 -192 -1280 ) 
4 146 153 (-384 -256 -1216 ) (-384 -256 -640 ) (-384 0 -640 ) (-384 0 -1216 ) 
4 146 149 (-384 -256 -640 ) (-384 -256 -1216 ) (-192 -256 -1216 ) (-192 -256 -640 ) 
4 147 169 (-384 -256 -2304 ) (-384 -192 -2304 ) (-192 -192 -2304 ) (-192 -256 -2304 ) 
5 147 157 (-384 -192 -2304 ) (-384 0 -2304 ) (-249.754776 0 -2304 ) (-192 -15.475184 -2304 ) (-192 -192 -2304 ) 
3 147 156 (-249.754776 0 -2304 ) (-192 0 -2304 ) (-192 -15.475184 -2304 ) 
4 147 155 (-384 0 -2304 ) (-384 -256 -2304 ) (-384 -256 -1888 ) (-384 0 -1888 ) 
4 147 154 (-384 -256 -1824 ) (-384 -256 -1280 ) (-384 0 -1280 ) (-384 0 -1824 ) 
4 147 150 (-384 -256 -1280 ) (-384 -256 -2304 ) (-192 -256 -2304 ) (-192 -256 -1280 ) 
4 148 149 (-192 -256 -640 ) (-192 -256 -1216 ) (-192 -576 -1216 ) (-192 -576 -640 ) 
4 149 153 (-384 -576 -1216 ) (-384 -576 -640 ) (-384 -256 -640 ) (-384 -256 -1216 ) 
4 150 170 (-384 -384 -2304 ) (-384 -256 -2304 ) (0 -256 -2304 ) (0 -384 -2304 ) 
4 150 155 (-384 -256 -2304 ) (-384 -384 -2304 ) (-384 -384 -1888 ) (-384 -256 -1888 ) 
4 150 154 (-384 -384 -1824 ) (-384 -384 -1280 ) (-384 -256 -1280 ) (-384 -256 -1824 ) 
4 150 151 (0 -384 -1280 ) (-384 -384 -1280 ) (-384 -384 -1824 ) (0 -384 -1824 ) 
4 150 152 (-384 -384 -1888 ) (-384 -384 -2304 ) (0 -384 -2304 ) (0 -384 -1888 ) 
4 151 154 (-384 -576 -1824 ) (-384 -576 -1280 ) (-384 -384 -1280 ) (-384 -384 -1824 ) 
4 152 155 (-384 -384 -2304 ) (-384 -576 -2304 ) (-384 -576 -1888 ) (-384 -384 -1888 ) 
4 156 173 (-32 0 -2752 ) (0 0 -2752 ) (0 -66.920891 -2752 ) (-32 -58.346603 -2752 ) 
4 156 175 (-192 0 -2752 ) (-32 0 -2752 ) (-32 -58.346603 -2752 ) (-192 -15.475182 -2752 ) 
4 156 162 (-241.616058 -2.180957 -2752 ) (0 -66.921112 -2752 ) (0 -66.920815 -2688 ) (-241.615982 -2.180687 -2688 ) 
4 156 159 (0 -66.920815 -2688 ) (0 -66.920059 -2528 ) (-249.751770 0 -2528 ) (-249.754501 0 -2688 ) 
4 156 157 (0 -66.920059 -2528 ) (0 -66.919006 -2304 ) (-249.747971 0 -2304 ) (-249.751770 0 -2528 ) 
4 157 169 (-32 -192 -2304 ) (-384 -192 -2304 ) (-384 -192 -2528 ) (-32 -192 -2528 ) 
3 157 165 (-384 -63.196007 -2528 ) (-384 -15.196014 -2528 ) (-360 -39.196007 -2528 ) 
5 157 164 (-384 -108.291626 -2528 ) (-384 -63.196007 -2528 ) (-320.803986 0 -2528 ) (-309.262848 0 -2528 ) (-338.634979 -121.798004 -2528 ) 
4 157 163 (-355.564514 -192 -2528 ) (-384 -192 -2528 ) (-384 -108.291626 -2528 ) (-338.634979 -121.798004 -2528 ) 
5 157 159 (0 -192 -2528 ) (-355.564514 -192 -2528 ) (-309.262848 0 -2528 ) (-249.755859 0 -2528 ) (0 -66.921249 -2528 ) 
4 157 158 (-384 0 -2528 ) (-384 -192 -2528 ) (-384 -192 -2368 ) (-384 0 -2368 ) 
4 158 172 (-576 -192 -2368 ) (-576 -192 -2528 ) (-384 -192 -2528 ) (-384 -192 -2368 ) 
6 158 165 (-576 -51.128113 -2528 ) (-576 0 -2528 ) (-399.196045 0 -2528 ) (-384 -15.196013 -2528 ) (-384 -63.196003 -2528 ) (-418.749725 -97.945709 -2528 ) 
3 158 164 (-384 -63.196003 -2528 ) (-384 -108.291626 -2528 ) (-418.749725 -97.945709 -2528 ) 
4 158 163 (-384 -192 -2528 ) (-576 -192 -2528 ) (-576 -51.128113 -2528 ) (-384 -108.291626 -2528 ) 
4 159 169 (-32 -192 -2528 ) (-355.564514 -192 -2528 ) (-355.564514 -192 -2688 ) (-32 -192 -2688 ) 
4 159 167 (-309.261780 0 -2608 ) (-309.261780 0 -2688 ) (-319.998993 -44.524204 -2688 ) (-319.998993 -44.524208 -2608 ) 
4 159 164 (-338.634003 -121.798302 -2528 ) (-309.261780 0 -2528 ) (-309.261780 0 -2608 ) (-338.634003 -121.798302 -2608 ) 
4 159 163 (-355.563477 -192 -2688 ) (-355.563477 -192 -2528 ) (-338.634003 -121.798302 -2528 ) (-338.634003 -121.798302 -2688 ) 
4 159 162 (-241.616043 -2.180888 -2688 ) (0 -66.921501 -2688 ) (0 -133.179596 -2688 ) (-258.181030 -64 -2688 ) 
4 159 161 (-320.662201 -47.258163 -2688 ) (-309.265686 0 -2688 ) (-307.290009 0 -2688 ) (-320 -47.435600 -2688 ) 
4 159 160 (0 -192 -2688 ) (-355.567383 -192 -2688 ) (-320.662201 -47.258163 -2688 ) (0 -133.179596 -2688 ) 
4 160 173 (0 -133.179596 -2752 ) (0 -192 -2752 ) (-32 -192 -2752 ) (-32 -124.605194 -2752 ) 
4 160 175 (-32 -192 -2752 ) (-192 -192 -2752 ) (-192 -81.733200 -2752 ) (-32 -124.605194 -2752 ) 
4 160 169 (-355.564514 -192 -2752 ) (-32 -192 -2752 ) (-32 -192 -2688 ) (-355.564514 -192 -2688 ) 
4 160 163 (-355.563477 -192 -2752 ) (-355.563477 -192 -2688 ) (-338.634003 -121.798302 -2688 ) (-338.634003 -121.798302 -2752 ) 
4 160 162 (-258.181244 -64 -2688 ) (0 -133.180634 -2688 ) (0 -133.180634 -2752 ) (-258.181244 -64 -2752 ) 
4 160 161 (-320.660156 -47.259766 -2752 ) (-320.660156 -47.259766 -2688 ) (-320 -47.436592 -2688 ) (-320 -47.436584 -2752 ) 
4 161 167 (-319.998993 -44.524200 -2688 ) (-309.261780 0 -2688 ) (-309.261780 0 -2752 ) (-319.998993 -44.524200 -2752 ) 
4 162 173 (-32 -58.346603 -2752 ) (0 -66.920891 -2752 ) (0 -133.179596 -2752 ) (-32 -124.605194 -2752 ) 
4 162 175 (-192 -15.475182 -2752 ) (-32 -58.346603 -2752 ) (-32 -124.605194 -2752 ) (-192 -81.733200 -2752 ) 
4 163 172 (-576 -192 -2752 ) (-384 -192 -2752 ) (-384 -192 -2528 ) (-576 -192 -2528 ) 
4 163 169 (-384 -192 -2752 ) (-355.564514 -192 -2752 ) (-355.564514 -192 -2528 ) (-384 -192 -2528 ) 
4 163 166 (-408.181946 -101.091766 -2752 ) (-576 -51.127815 -2752 ) (-576 -51.127811 -2608 ) (-408.181946 -101.091766 -2608 ) 
4 163 165 (-418.749512 -97.945511 -2608 ) (-576 -51.127811 -2608 ) (-576 -51.127808 -2528 ) (-418.749512 -97.945511 -2528 ) 
4 163 164 (-338.634827 -121.797813 -2528 ) (-338.634827 -121.797813 -2608 ) (-418.749512 -97.945511 -2608 ) (-418.749512 -97.945511 -2528 ) 
4 164 167 (-354.928894 -34.124889 -2608 ) (-320.804016 0 -2608 ) (-309.268768 0 -2608 ) (-320.005341 -44.522308 -2608 ) 
3 164 166 (-408.182556 -101.094345 -2608 ) (-418.751648 -97.947639 -2608 ) (-403.823730 -83.019714 -2608 ) 
4 164 165 (-360 -39.195656 -2608 ) (-418.750000 -97.945313 -2608 ) (-418.750000 -97.945305 -2528 ) (-360 -39.195652 -2528 ) 
3 165 168 (-386.793884 -12.402135 -2608 ) (-369.370728 -29.825279 -2608 ) (-389.546997 -23.818405 -2608 ) 
6 165 166 (-418.751648 -97.947639 -2608 ) (-576 -51.130608 -2608 ) (-576 0 -2608 ) (-399.196014 0 -2608 ) (-386.793884 -12.402135 -2608 ) (-403.823730 -83.019730 -2608 ) 
4 166 168 (-386.794006 -12.401999 -2608 ) (-389.547150 -23.818365 -2608 ) (-389.547150 -23.818359 -2752 ) (-386.794006 -12.402000 -2752 ) 
4 169 175 (-192 -192 -2752 ) (-32 -192 -2752 ) (-32 -256 -2752 ) (-192 -256 -2752 ) 
4 169 172 (-384 -192 -2368 ) (-384 -192 -2752 ) (-384 -256 -2752 ) (-384 -256 -2368 ) 
4 169 170 (-384 -256 -2304 ) (-384 -256 -2752 ) (-32 -256 -2752 ) (-32 -256 -2304 ) 
4 170 172 (-384 -256 -2752 ) (-384 -384 -2752 ) (-384 -384 -2368 ) (-384 -256 -2368 ) 
4 170 171 (-384 -384 -2368 ) (-384 -384 -2752 ) (0 -384 -2752 ) (0 -384 -2368 ) 
4 171 179 (0 -576 -2752 ) (-192 -576 -2752 ) (-192 -448 -2752 ) (0 -448 -2752 ) 
4 171 172 (-384 -384 -2752 ) (-384 -576 -2752 ) (-384 -576 -2368 ) (-384 -384 -2368 ) 
4 173 174 (-32 -192 -2816 ) (-32 -192 -3296 ) (0 -192 -3296 ) (0 -192 -2816 ) 
4 173 175 (-32 0 -3296 ) (-32 -192 -3296 ) (-32 -192 -2752 ) (-32 0 -2752 ) 
4 174 176 (-32 -256 -3296 ) (0 -256 -3296 ) (0 -256 -2816 ) (-32 -256 -2816 ) 
4 174 175 (-32 -192 -3296 ) (-32 -256 -3296 ) (-32 -256 -2816 ) (-32 -192 -2816 ) 
4 175 181 (-192 0 -3296 ) (-192 -256 -3296 ) (-192 -256 -2816 ) (-192 0 -2816 ) 
4 175 176 (-192 -256 -2816 ) (-192 -256 -3296 ) (-32 -256 -3296 ) (-32 -256 -2816 ) 
4 176 181 (-192 -256 -3296 ) (-192 -320 -3296 ) (-192 -320 -2816 ) (-192 -256 -2816 ) 
3 176 178 (-124.233139 -320 -3296 ) (0 -320 -3296 ) (0 -320 -3237.333984 ) 
4 176 177 (0 -320 -2816 ) (-192 -320 -2816 ) (-192 -320 -3296 ) (0 -320 -3205.333496 ) 
4 177 181 (-192 -320 -3296 ) (-192 -448 -3296 ) (-192 -448 -2816 ) (-192 -320 -2816 ) 
5 177 180 (-192 -448 -2816 ) (-192 -448 -3296 ) (0 -448 -3205.333496 ) (0 -448 -2885.333008 ) (-156 -448 -2816 ) 
3 177 179 (0 -448 -2842.666748 ) (0 -448 -2816 ) (-56.470619 -448 -2816 ) 
3 178 180 (-124.233139 -448 -3296 ) (0 -448 -3296 ) (0 -448 -3237.333984 ) 
4 180 181 (-192 -448 -3296 ) (-192 -576 -3296 ) (-192 -576 -2816 ) (-192 -448 -2816 ) 
4 181 183 (-384 -576 -3296 ) (-192 -576 -3296 ) (-192 -576 -3136 ) (-384 -576 -3136 ) 
4 182 184 (-464 -576 -3648 ) (-576 -576 -3648 ) (-576 -576 -3776 ) (-464 -576 -3776 ) 
4 183 189 (-192 -608 -3136 ) (-384 -608 -3136 ) (-384 -608 -3296 ) (-192 -608 -3296 ) 
4 184 193 (-464 -608 -3648 ) (-576 -608 -3648 ) (-576 -608 -3776 ) (-464 -608 -3776 ) 
4 185 200 (-1024 -1024 -2944 ) (-1024 -1024 -2879.996094 ) (-1024 -608 -2879.996094 ) (-1024 -608 -2944 ) 
4 185 194 (0 -1024 -2944 ) (0 -1024 -2367.996094 ) (-1024 -1024 -2879.996094 ) (-1024 -1024 -2944 ) 
4 185 190 (-832 -1024 -2944 ) (-1024 -1024 -2944 ) (-1024 -896 -2944 ) (-832 -896 -2944 ) 
4 185 189 (-128 -1024 -2944 ) (-832 -1024 -2944 ) (-832 -608 -2944 ) (-128 -608 -2944 ) 
4 185 186 (-128 -720 -2944 ) (-128 -608 -2944 ) (0 -608 -2944 ) (0 -720 -2944 ) 
4 185 188 (0 -1024 -2944 ) (-128 -1024 -2944 ) (-128 -720 -2944 ) (0 -720 -2944 ) 
4 186 189 (-128 -720 -3024 ) (-128 -720 -2944 ) (-128 -608 -2944 ) (-128 -608 -3024 ) 
3 186 187 (-96.001251 -720 -3024 ) (-128 -720 -3024 ) (-128 -688.001221 -3024 ) 
4 186 188 (-128 -720 -2944 ) (-128 -720 -3024 ) (0 -720 -3024 ) (0 -720 -2944 ) 
4 187 189 (-128 -688.001221 -3296 ) (-128 -720 -3296 ) (-128 -720 -3024 ) (-128 -688.001221 -3024 ) 
4 187 188 (-128 -720 -3024 ) (-128 -720 -3296 ) (-96.001251 -720 -3296 ) (-96.001251 -720 -3024 ) 
4 188 194 (0 -1024 -3296 ) (0 -1024 -2944 ) (-128 -1024 -2944 ) (-128 -1024 -3296 ) 
4 188 189 (-128 -720 -3296 ) (-128 -1024 -3296 ) (-128 -1024 -2944 ) (-128 -720 -2944 ) 
4 189 194 (-128 -1024 -2944 ) (-832 -1024 -2944 ) (-832 -1024 -3296 ) (-128 -1024 -3296 ) 
4 189 191 (-256 -1024 -3296 ) (-576 -1024 -3296 ) (-576 -976 -3296 ) (-256 -976 -3296 ) 
4 189 190 (-832 -896 -3296 ) (-832 -1024 -3296 ) (-832 -1024 -2944 ) (-832 -896 -2944 ) 
4 190 201 (-1024 -1024 -3296 ) (-1024 -1024 -2944 ) (-1024 -896 -2944 ) (-1024 -896 -3296 ) 
4 190 194 (-832 -1024 -2944 ) (-1024 -1024 -2944 ) (-1024 -1024 -3296 ) (-832 -1024 -3296 ) 
4 191 197 (-256 -1024 -3296 ) (-576 -1024 -3296 ) (-576 -1024 -3360 ) (-256 -1024 -3360 ) 
4 191 192 (-256 -1024 -3360 ) (-576 -1024 -3360 ) (-576 -976 -3360 ) (-256 -976 -3360 ) 
4 192 198 (0 -1024 -3520 ) (0 -1024 -3360 ) (-576 -1024 -3360 ) (-576 -1024 -3520 ) 
4 192 193 (-576 -608 -3520 ) (0 -608 -3520 ) (0 -1024 -3520 ) (-576 -1024 -3520 ) 
4 193 202 (-1024 -1024 -3776 ) (-1024 -1024 -3520 ) (-1024 -608 -3520 ) (-1024 -608 -3776 ) 
4 193 199 (-576 -1024 -3520 ) (-1024 -1024 -3520 ) (-1024 -1024 -3776 ) (-576 -1024 -3776 ) 
4 193 198 (0 -1024 -3776 ) (0 -1024 -3520 ) (-576 -1024 -3520 ) (-576 -1024 -3776 ) 
4 194 233 (-576 -2048 -2944 ) (-1024 -2048 -2944 ) (-1024 -2048 -3296 ) (-576 -2048 -3296 ) 
4 194 230 (0 -2048 -3296 ) (0 -2048 -2944 ) (-576 -2048 -2944 ) (-576 -2048 -3296 ) 
4 194 229 (0 -2048 -2944 ) (0 -2048 -2367.996094 ) (-1024 -2048 -2879.996094 ) (-1024 -2048 -2944 ) 
4 194 203 (-1024 -2048 -3296 ) (-1024 -2048 -2879.996094 ) (-1024 -1024 -2879.996094 ) (-1024 -1024 -3296 ) 
5 194 197 (-256 -2048 -3296 ) (-448 -2048 -3296 ) (-576 -1920 -3296 ) (-576 -1024 -3296 ) (-256 -1024 -3296 ) 
3 194 195 (-256 -1216 -3296 ) (-256 -1152 -3296 ) (-192 -1216 -3296 ) 
4 194 196 (0 -2048 -3296 ) (-256 -2048 -3296 ) (-256 -1216 -3296 ) (0 -1216 -3296 ) 
3 195 198 (-192 -1216 -3360 ) (-256 -1216 -3360 ) (-256 -1152 -3360 ) 
4 195 197 (-256 -1152 -3360 ) (-256 -1216 -3360 ) (-256 -1216 -3296 ) (-256 -1152 -3296 ) 
4 195 196 (-256 -1216 -3296 ) (-256 -1216 -3360 ) (-192 -1216 -3360 ) (-192 -1216 -3296 ) 
4 196 231 (0 -2048 -3360 ) (0 -2048 -3296 ) (-256 -2048 -3296 ) (-256 -2048 -3360 ) 
4 196 198 (0 -1216 -3360 ) (0 -2048 -3360 ) (-256 -2048 -3360 ) (-256 -1216 -3360 ) 
4 196 197 (-256 -1216 -3360 ) (-256 -2048 -3360 ) (-256 -2048 -3296 ) (-256 -1216 -3296 ) 
4 197 231 (-256 -2048 -3296 ) (-448 -2048 -3296 ) (-448 -2048 -3360 ) (-256 -2048 -3360 ) 
5 197 198 (-256 -2048 -3360 ) (-448 -2048 -3360 ) (-576 -1920 -3360 ) (-576 -1024 -3360 ) (-256 -1024 -3360 ) 
4 198 232 (0 -2048 -3776 ) (0 -2048 -3360 ) (-576 -2048 -3360 ) (-576 -2048 -3776 ) 
4 198 199 (-576 -1024 -3776 ) (-576 -2048 -3776 ) (-576 -2048 -3520 ) (-576 -1024 -3520 ) 
4 199 234 (-1024 -2048 -3520 ) (-1024 -2048 -3776 ) (-576 -2048 -3776 ) (-576 -2048 -3520 ) 
4 199 204 (-1024 -2048 -3776 ) (-1024 -2048 -3520 ) (-1024 -1024 -3520 ) (-1024 -1024 -3776 ) 
4 200 203 (-1024 -1024 -2944 ) (-1024 -1024 -2879.996094 ) (-1152 -1024 -2943.996094 ) (-1152 -1024 -2944 ) 
4 200 201 (-1152 -1024 -2944 ) (-1152 -896 -2944 ) (-1024 -896 -2944 ) (-1024 -1024 -2944 ) 
4 201 203 (-1024 -1024 -3296 ) (-1024 -1024 -2944 ) (-1152 -1024 -2944 ) (-1152 -1024 -3296 ) 
4 202 204 (-1024 -1024 -3776 ) (-1024 -1024 -3520 ) (-1152 -1024 -3520 ) (-1152 -1024 -3776 ) 
4 203 249 (-1024 -2048 -3296 ) (-1024 -2048 -2879.996094 ) (-1152 -2048 -2943.996094 ) (-1152 -2048 -3296 ) 
4 204 250 (-1024 -2048 -3776 ) (-1024 -2048 -3520 ) (-1152 -2048 -3520 ) (-1152 -2048 -3776 ) 
4 205 209 (1024 -2048 -2944 ) (1024 -2048 -3296 ) (1024 -2144 -3296 ) (1024 -2144 -2944 ) 
4 205 208 (1024 -2048 -2879.996094 ) (1024 -2048 -2944 ) (1024 -2144 -2944 ) (1024 -2144 -2879.996094 ) 
4 205 207 (1152 -2144 -2944 ) (1152 -2144 -2943.996094 ) (1024 -2144 -2879.996094 ) (1024 -2144 -2944 ) 
4 206 210 (1024 -2048 -3520 ) (1024 -2048 -3776 ) (1024 -2144 -3776 ) (1024 -2144 -3520 ) 
4 207 208 (1024 -2400 -2879.996094 ) (1024 -2144 -2879.996094 ) (1024 -2144 -2944 ) (1024 -2400 -2944 ) 
4 208 229 (0 -2048 -2367.996094 ) (0 -2048 -2944 ) (0 -2400 -2944 ) (0 -2400 -2367.996094 ) 
4 208 215 (0 -2400 -2944 ) (0 -2144 -2944 ) (576 -2144 -2944 ) (576 -2400 -2944 ) 
4 208 214 (576 -2144 -2944 ) (832 -2144 -2944 ) (832 -2400 -2944 ) (576 -2400 -2944 ) 
4 208 211 (0 -2144 -2944 ) (0 -2048 -2944 ) (576 -2048 -2944 ) (576 -2144 -2944 ) 
4 208 209 (576 -2048 -2944 ) (1024 -2048 -2944 ) (1024 -2144 -2944 ) (576 -2144 -2944 ) 
4 209 214 (832 -2144 -2944 ) (576 -2144 -2944 ) (576 -2144 -3296 ) (832 -2144 -3296 ) 
4 209 211 (576 -2144 -3296 ) (576 -2144 -2944 ) (576 -2048 -2944 ) (576 -2048 -3296 ) 
4 210 213 (576 -2048 -3776 ) (576 -2144 -3776 ) (576 -2144 -3520 ) (576 -2048 -3520 ) 
4 211 230 (0 -2048 -2944 ) (0 -2048 -3296 ) (0 -2144 -3296 ) (0 -2144 -2944 ) 
4 211 215 (576 -2144 -3296 ) (576 -2144 -2944 ) (0 -2144 -2944 ) (0 -2144 -3296 ) 
4 211 212 (352 -2144 -3296 ) (0 -2144 -3296 ) (0 -2048 -3296 ) (448 -2048 -3296 ) 
4 212 231 (0 -2048 -3296 ) (0 -2048 -3360 ) (0 -2144 -3360 ) (0 -2144 -3296 ) 
4 212 213 (0 -2048 -3360 ) (448 -2048 -3360 ) (352 -2144 -3360 ) (0 -2144 -3360 ) 
4 213 232 (0 -2048 -3360 ) (0 -2048 -3776 ) (0 -2144 -3776 ) (0 -2144 -3360 ) 
4 213 217 (0 -2144 -3776 ) (192 -2144 -3776 ) (192 -2144 -3360 ) (0 -2144 -3360 ) 
4 213 216 (192 -2144 -3776 ) (576 -2144 -3776 ) (576 -2144 -3360 ) (192 -2144 -3360 ) 
4 214 215 (576 -2144 -2944 ) (576 -2144 -3296 ) (576 -2608 -3296 ) (576 -2608 -2944 ) 
4 215 235 (0 -2608 -3296 ) (0 -2608 -2944 ) (0 -2144 -2944 ) (0 -2144 -3296 ) 
4 215 219 (416 -2608 -2944 ) (0 -2608 -2944 ) (0 -2608 -3296 ) (416 -2608 -3296 ) 
4 215 218 (576 -2608 -3296 ) (576 -2608 -2944 ) (416 -2608 -2944 ) (416 -2608 -3296 ) 
4 216 221 (192 -2608 -3776 ) (576 -2608 -3776 ) (576 -2608 -3520 ) (192 -2608 -3520 ) 
4 216 218 (576 -2608 -3520 ) (576 -2608 -3360 ) (416 -2608 -3360 ) (416 -2608 -3520 ) 
4 216 217 (192 -2576 -3360 ) (192 -2144 -3360 ) (192 -2144 -3776 ) (192 -2576 -3776 ) 
4 217 236 (0 -2144 -3776 ) (0 -2576 -3776 ) (0 -2576 -3360 ) (0 -2144 -3360 ) 
4 218 222 (576 -2848 -3520 ) (576 -2848 -2944 ) (416 -2848 -2944 ) (416 -2848 -3520 ) 
4 218 221 (576 -2848 -3520 ) (416 -2848 -3520 ) (416 -2608 -3520 ) (576 -2608 -3520 ) 
4 218 220 (416 -2752 -3520 ) (416 -2848 -3520 ) (416 -2848 -3296 ) (416 -2752 -3296 ) 
4 218 219 (416 -2608 -2944 ) (416 -2608 -3296 ) (416 -2848 -3296 ) (416 -2848 -2944 ) 
4 219 238 (0 -2848 -3296 ) (0 -2848 -2944 ) (0 -2608 -2944 ) (0 -2608 -3296 ) 
4 219 223 (192 -2848 -2944 ) (0 -2848 -2944 ) (0 -2848 -3296 ) (192 -2848 -3296 ) 
4 219 222 (416 -2848 -2944 ) (192 -2848 -2944 ) (192 -2848 -3296 ) (416 -2848 -3296 ) 
3 219 220 (416 -2752 -3296 ) (416 -2848 -3296 ) (320 -2848 -3296 ) 
4 220 222 (320 -2848 -3520 ) (416 -2848 -3520 ) (416 -2848 -3296 ) (320 -2848 -3296 ) 
3 220 221 (416 -2848 -3520 ) (320 -2848 -3520 ) (416 -2752 -3520 ) 
4 221 222 (192 -2848 -3776 ) (576 -2848 -3776 ) (576 -2848 -3520 ) (192 -2848 -3520 ) 
4 222 225 (192 -3072 -3200 ) (192 -3072 -3776 ) (576 -3072 -3776 ) (576 -3072 -3200 ) 
4 222 224 (576 -3072 -2944 ) (192 -3072 -2944 ) (192 -3072 -3200 ) (576 -3072 -3200 ) 
4 222 223 (192 -2848 -2944 ) (192 -2848 -3296 ) (192 -3072 -3408 ) (192 -3072 -2944 ) 
4 223 242 (0 -3072 -3408 ) (0 -3072 -2944 ) (0 -2848 -2944 ) (0 -2848 -3296 ) 
4 223 226 (0 -3072 -3200 ) (0 -3072 -3408 ) (192 -3072 -3408 ) (192 -3072 -3200 ) 
4 223 224 (192 -3072 -2944 ) (0 -3072 -2944 ) (0 -3072 -3200 ) (192 -3072 -3200 ) 
4 224 245 (0 -3488 -2944 ) (0 -3072 -2944 ) (0 -3072 -3200 ) (0 -3488 -3200 ) 
4 224 226 (192 -3488 -3200 ) (0 -3488 -3200 ) (0 -3072 -3200 ) (192 -3072 -3200 ) 
4 224 225 (576 -3072 -3200 ) (576 -3488 -3200 ) (192 -3488 -3200 ) (192 -3072 -3200 ) 
4 225 227 (576 -3968 -3776 ) (576 -3968 -3440 ) (192 -3968 -3440 ) (192 -3968 -3776 ) 
5 225 226 (192 -3808 -3776 ) (192 -3968 -3776 ) (192 -3968 -3200 ) (192 -3072 -3200 ) (192 -3072 -3408 ) 
5 226 246 (0 -3968 -3776 ) (0 -3968 -3200 ) (0 -3072 -3200 ) (0 -3072 -3408 ) (0 -3808 -3776 ) 
4 226 227 (0 -3968 -3440 ) (0 -3968 -3776 ) (192 -3968 -3776 ) (192 -3968 -3440 ) 
4 227 248 (0 -4096 -3776 ) (0 -4096 -3440 ) (0 -3968 -3440 ) (0 -3968 -3776 ) 
4 227 228 (550.396545 -4096 -3776 ) (550.396545 -4096 -3440 ) (0 -4096 -3440 ) (0 -4096 -3776 ) 
4 228 252 (0 -4544 -3440 ) (0 -4096 -3440 ) (0 -4096 -3776 ) (0 -4544 -3776 ) 
4 229 251 (-1024 -2144 -2944 ) (-1024 -2400 -2944 ) (-1024 -2400 -2879.996094 ) (-1024 -2144 -2879.996094 ) 
4 229 249 (-1024 -2048 -2879.996094 ) (-1024 -2048 -2944 ) (-1024 -2144 -2944 ) (-1024 -2144 -2879.996094 ) 
4 229 244 (-832 -2144 -2944 ) (-576 -2144 -2944 ) (-576 -2400 -2944 ) (-832 -2400 -2944 ) 
4 229 235 (-576 -2144 -2944 ) (0 -2144 -2944 ) (0 -2400 -2944 ) (-576 -2400 -2944 ) 
4 229 233 (-1024 -2144 -2944 ) (-1024 -2048 -2944 ) (-576 -2048 -2944 ) (-576 -2144 -2944 ) 
4 229 230 (-576 -2048 -2944 ) (0 -2048 -2944 ) (0 -2144 -2944 ) (-576 -2144 -2944 ) 
4 230 235 (0 -2144 -3296 ) (0 -2144 -2944 ) (-576 -2144 -2944 ) (-576 -2144 -3296 ) 
4 230 233 (-576 -2144 -3296 ) (-576 -2144 -2944 ) (-576 -2048 -2944 ) (-576 -2048 -3296 ) 
4 230 231 (0 -2144 -3296 ) (-352 -2144 -3296 ) (-448 -2048 -3296 ) (0 -2048 -3296 ) 
4 231 232 (0 -2144 -3360 ) (-352 -2144 -3360 ) (-448 -2048 -3360 ) (0 -2048 -3360 ) 
4 232 236 (-192 -2144 -3776 ) (0 -2144 -3776 ) (0 -2144 -3360 ) (-192 -2144 -3360 ) 
4 232 237 (-576 -2144 -3776 ) (-192 -2144 -3776 ) (-192 -2144 -3360 ) (-576 -2144 -3360 ) 
4 232 234 (-576 -2048 -3776 ) (-576 -2144 -3776 ) (-576 -2144 -3520 ) (-576 -2048 -3520 ) 
4 233 249 (-1024 -2048 -2944 ) (-1024 -2048 -3296 ) (-1024 -2144 -3296 ) (-1024 -2144 -2944 ) 
4 233 244 (-576 -2144 -3296 ) (-576 -2144 -2944 ) (-832 -2144 -2944 ) (-832 -2144 -3296 ) 
4 234 250 (-1024 -2048 -3520 ) (-1024 -2048 -3776 ) (-1024 -2144 -3776 ) (-1024 -2144 -3520 ) 
4 235 244 (-576 -2144 -2944 ) (-576 -2144 -3296 ) (-576 -2608 -3296 ) (-576 -2608 -2944 ) 
4 235 238 (-416 -2608 -3296 ) (0 -2608 -3296 ) (0 -2608 -2944 ) (-416 -2608 -2944 ) 
4 235 240 (-576 -2608 -2944 ) (-576 -2608 -3296 ) (-416 -2608 -3296 ) (-416 -2608 -2944 ) 
4 236 237 (-192 -2576 -3360 ) (-192 -2144 -3360 ) (-192 -2144 -3776 ) (-192 -2576 -3776 ) 
4 237 241 (-576 -2608 -3520 ) (-576 -2608 -3776 ) (-192 -2608 -3776 ) (-192 -2608 -3520 ) 
4 237 240 (-576 -2608 -3360 ) (-576 -2608 -3520 ) (-416 -2608 -3520 ) (-416 -2608 -3360 ) 
4 238 242 (0 -2848 -3296 ) (0 -2848 -2944 ) (-192 -2848 -2944 ) (-192 -2848 -3296 ) 
4 238 243 (-192 -2848 -2944 ) (-416 -2848 -2944 ) (-416 -2848 -3296 ) (-192 -2848 -3296 ) 
3 238 239 (-320 -2848 -3296 ) (-416 -2848 -3296 ) (-416 -2752 -3296 ) 
4 238 240 (-416 -2608 -2944 ) (-416 -2608 -3296 ) (-416 -2848 -3296 ) (-416 -2848 -2944 ) 
4 239 243 (-416 -2848 -3520 ) (-320 -2848 -3520 ) (-320 -2848 -3296 ) (-416 -2848 -3296 ) 
3 239 241 (-320 -2848 -3520 ) (-416 -2848 -3520 ) (-416 -2752 -3520 ) 
4 239 240 (-416 -2752 -3520 ) (-416 -2848 -3520 ) (-416 -2848 -3296 ) (-416 -2752 -3296 ) 
4 240 243 (-576 -2848 -2944 ) (-576 -2848 -3520 ) (-416 -2848 -3520 ) (-416 -2848 -2944 ) 
4 240 241 (-416 -2848 -3520 ) (-576 -2848 -3520 ) (-576 -2608 -3520 ) (-416 -2608 -3520 ) 
4 241 243 (-576 -2848 -3520 ) (-576 -2848 -3776 ) (-192 -2848 -3776 ) (-192 -2848 -3520 ) 
4 242 246 (0 -3072 -3408 ) (0 -3072 -3200 ) (-192 -3072 -3200 ) (-192 -3072 -3408 ) 
4 242 245 (0 -3072 -3200 ) (0 -3072 -2944 ) (-192 -3072 -2944 ) (-192 -3072 -3200 ) 
4 242 243 (-192 -2848 -2944 ) (-192 -2848 -3296 ) (-192 -3072 -3408 ) (-192 -3072 -2944 ) 
4 243 247 (-576 -3072 -3200 ) (-576 -3072 -3776 ) (-192 -3072 -3776 ) (-192 -3072 -3200 ) 
4 243 245 (-192 -3072 -2944 ) (-576 -3072 -2944 ) (-576 -3072 -3200 ) (-192 -3072 -3200 ) 
4 245 246 (-192 -3072 -3200 ) (0 -3072 -3200 ) (0 -3488 -3200 ) (-192 -3488 -3200 ) 
4 245 247 (-576 -3488 -3200 ) (-576 -3072 -3200 ) (-192 -3072 -3200 ) (-192 -3488 -3200 ) 
4 246 248 (0 -3968 -3776 ) (0 -3968 -3440 ) (-192 -3968 -3440 ) (-192 -3968 -3776 ) 
5 246 247 (-192 -3808 -3776 ) (-192 -3968 -3776 ) (-192 -3968 -3200 ) (-192 -3072 -3200 ) (-192 -3072 -3408 ) 
4 247 248 (-576 -3968 -3440 ) (-576 -3968 -3776 ) (-192 -3968 -3776 ) (-192 -3968 -3440 ) 
4 248 252 (0 -4096 -3776 ) (0 -4096 -3440 ) (-550.396545 -4096 -3440 ) (-550.396545 -4096 -3776 ) 
4 249 251 (-1024 -2144 -2944 ) (-1024 -2144 -2879.996094 ) (-1152 -2144 -2943.996094 ) (-1152 -2144 -2944 ) 
