PRT1
30
86
4 0 17 (2156 1024 92 ) (2148 1024 92 ) (2148 1024 0 ) (2156 1024 0 ) 
4 0 16 (2496 1024 92 ) (2156 1024 92 ) (2156 1024 0 ) (2496 1024 0 ) 
4 0 20 (2148 1024 92 ) (2048 1024 92 ) (2048 1024 0 ) (2148 1024 0 ) 
4 0 13 (2560 1024 0 ) (2560 1024 92 ) (2496 1024 92 ) (2496 1024 0 ) 
4 0 9 (2552 1024 172 ) (2504 1024 172 ) (2504 1024 92 ) (2552 1024 92 ) 
4 0 12 (2504 1024 172 ) (2048 1024 172 ) (2048 1024 92 ) (2504 1024 92 ) 
4 0 7 (2560 1024 92 ) (2560 1024 172 ) (2552 1024 172 ) (2552 1024 92 ) 
4 0 4 (2560 1024 172 ) (2560 1024 180 ) (2496 1024 180 ) (2496 1024 172 ) 
4 0 6 (2496 1024 180 ) (2048 1024 180 ) (2048 1024 172 ) (2496 1024 172 ) 
4 0 3 (2560 1024 180 ) (2560 1024 704 ) (2048 1024 704 ) (2048 1024 180 ) 
4 0 1 (2048 1024 0 ) (2048 1024 704 ) (2048 1536 704 ) (2048 1536 0 ) 
4 1 22 (2048 1024 0 ) (2048 1024 704 ) (1024 1024 704 ) (1024 1024 0 ) 
4 1 2 (1024 1024 0 ) (1024 1024 704 ) (1024 1536 704 ) (1024 1536 0 ) 
4 2 24 (968 1024 704 ) (960 1024 704 ) (960 1024 0 ) (968 1024 0 ) 
4 2 23 (1024 1024 0 ) (1024 1024 704 ) (968 1024 704 ) (968 1024 0 ) 
4 2 27 (960 1024 704 ) (512 1024 704 ) (512 1024 0 ) (960 1024 0 ) 
4 3 22 (2048 1024 704 ) (2048 1024 180 ) (2048 0 180 ) (2048 0 704 ) 
4 3 21 (2048 0 704 ) (2048 0 180 ) (2560 0 180 ) (2560 0 704 ) 
4 3 4 (2496 1024 180 ) (2560 1024 180 ) (2560 576 180 ) (2496 576 180 ) 
4 3 5 (2560 480 180 ) (2560 0 180 ) (2496 0 180 ) (2496 480 180 ) 
4 3 6 (2048 1024 180 ) (2496 1024 180 ) (2496 0 180 ) (2048 0 180 ) 
4 4 9 (2504 1024 172 ) (2552 1024 172 ) (2552 576 172 ) (2504 576 172 ) 
4 4 12 (2496 576 172 ) (2496 1024 172 ) (2504 1024 172 ) (2504 576 172 ) 
4 4 7 (2552 1024 172 ) (2560 1024 172 ) (2560 576 172 ) (2552 576 172 ) 
4 4 6 (2496 1024 172 ) (2496 576 172 ) (2496 576 180 ) (2496 1024 180 ) 
4 5 21 (2496 0 172 ) (2560 0 172 ) (2560 0 180 ) (2496 0 180 ) 
4 5 11 (2552 0 172 ) (2504 0 172 ) (2504 480 172 ) (2552 480 172 ) 
4 5 12 (2504 0 172 ) (2496 0 172 ) (2496 480 172 ) (2504 480 172 ) 
4 5 8 (2560 0 172 ) (2552 0 172 ) (2552 480 172 ) (2560 480 172 ) 
4 5 6 (2496 480 172 ) (2496 0 172 ) (2496 0 180 ) (2496 480 180 ) 
4 6 22 (2048 1024 180 ) (2048 1024 172 ) (2048 0 172 ) (2048 0 180 ) 
4 6 21 (2048 0 180 ) (2048 0 172 ) (2496 0 172 ) (2496 0 180 ) 
4 6 12 (2496 0 172 ) (2048 0 172 ) (2048 1024 172 ) (2496 1024 172 ) 
4 7 13 (2552 1024 92 ) (2560 1024 92 ) (2560 576 92 ) (2552 576 92 ) 
4 7 9 (2552 1024 92 ) (2552 576 92 ) (2552 576 172 ) (2552 1024 172 ) 
4 8 21 (2560 0 172 ) (2552 0 172 ) (2552 0 92 ) (2560 0 92 ) 
4 8 15 (2560 480 92 ) (2560 0 92 ) (2552 0 92 ) (2552 480 92 ) 
4 8 11 (2552 480 92 ) (2552 0 92 ) (2552 0 172 ) (2552 480 172 ) 
4 9 13 (2504 1024 92 ) (2552 1024 92 ) (2552 576 92 ) (2504 576 92 ) 
4 9 12 (2504 1024 92 ) (2504 576 92 ) (2504 576 172 ) (2504 1024 172 ) 
4 10 12 (2504 568 92 ) (2504 488 92 ) (2504 488 172 ) (2504 568 172 ) 
4 11 21 (2552 0 172 ) (2504 0 172 ) (2504 0 92 ) (2552 0 92 ) 
4 11 15 (2552 480 92 ) (2552 0 92 ) (2504 0 92 ) (2504 480 92 ) 
4 11 12 (2504 480 92 ) (2504 0 92 ) (2504 0 172 ) (2504 480 172 ) 
4 12 22 (2048 1024 172 ) (2048 1024 92 ) (2048 0 92 ) (2048 0 172 ) 
4 12 21 (2504 0 172 ) (2048 0 172 ) (2048 0 92 ) (2504 0 92 ) 
4 12 18 (2156 532 92 ) (2156 524 92 ) (2148 524 92 ) (2148 532 92 ) 
4 12 17 (2148 1024 92 ) (2156 1024 92 ) (2156 532 92 ) (2148 532 92 ) 
4 12 19 (2156 524 92 ) (2156 0 92 ) (2148 0 92 ) (2148 524 92 ) 
4 12 16 (2156 1024 92 ) (2496 1024 92 ) (2496 0 92 ) (2156 0 92 ) 
4 12 20 (2048 0 92 ) (2048 1024 92 ) (2148 1024 92 ) (2148 0 92 ) 
4 12 13 (2496 1024 92 ) (2504 1024 92 ) (2504 576 92 ) (2496 576 92 ) 
4 12 15 (2504 480 92 ) (2504 0 92 ) (2496 0 92 ) (2496 480 92 ) 
4 13 16 (2496 1024 0 ) (2496 576 0 ) (2496 576 92 ) (2496 1024 92 ) 
4 13 14 (2496 576 84 ) (2496 576 0 ) (2560 576 0 ) (2560 576 84 ) 
4 14 16 (2496 576 0 ) (2496 480 0 ) (2496 480 84 ) (2496 576 84 ) 
4 14 15 (2496 480 84 ) (2496 480 0 ) (2560 480 0 ) (2560 480 84 ) 
4 15 21 (2560 0 92 ) (2496 0 92 ) (2496 0 0 ) (2560 0 0 ) 
4 15 16 (2496 480 0 ) (2496 0 0 ) (2496 0 92 ) (2496 480 92 ) 
4 16 21 (2496 0 92 ) (2156 0 92 ) (2156 0 0 ) (2496 0 0 ) 
4 16 18 (2156 524 32 ) (2156 524 92 ) (2156 532 92 ) (2156 532 32 ) 
4 16 17 (2156 1024 0 ) (2156 532 0 ) (2156 532 92 ) (2156 1024 92 ) 
4 16 19 (2156 524 0 ) (2156 0 0 ) (2156 0 92 ) (2156 524 92 ) 
4 17 18 (2148 532 92 ) (2148 532 32 ) (2156 532 32 ) (2156 532 92 ) 
4 17 20 (2148 1024 0 ) (2148 532 0 ) (2148 532 92 ) (2148 1024 92 ) 
4 18 20 (2148 524 32 ) (2148 524 92 ) (2148 532 92 ) (2148 532 32 ) 
4 18 19 (2148 524 92 ) (2148 524 32 ) (2156 524 32 ) (2156 524 92 ) 
4 19 21 (2156 0 92 ) (2148 0 92 ) (2148 0 0 ) (2156 0 0 ) 
4 19 20 (2148 524 0 ) (2148 0 0 ) (2148 0 92 ) (2148 524 92 ) 
4 20 22 (2048 1024 92 ) (2048 1024 0 ) (2048 0 0 ) (2048 0 92 ) 
4 20 21 (2148 0 92 ) (2048 0 92 ) (2048 0 0 ) (2148 0 0 ) 
4 21 28 (2048 -512 704 ) (2048 0 704 ) (2048 0 0 ) (2048 -512 0 ) 
4 22 28 (2048 0 0 ) (2048 0 704 ) (1024 0 704 ) (1024 0 0 ) 
4 22 23 (1024 1024 704 ) (1024 1024 0 ) (1024 0 0 ) (1024 0 704 ) 
4 23 29 (1024 0 0 ) (1024 0 704 ) (968 0 704 ) (968 0 0 ) 
4 23 25 (968 88 32 ) (968 88 704 ) (968 96 704 ) (968 96 32 ) 
4 23 24 (968 1024 0 ) (968 96 0 ) (968 96 704 ) (968 1024 704 ) 
4 23 26 (968 88 0 ) (968 0 0 ) (968 0 704 ) (968 88 704 ) 
4 24 25 (960 96 704 ) (960 96 32 ) (968 96 32 ) (968 96 704 ) 
4 24 27 (960 1024 0 ) (960 96 0 ) (960 96 704 ) (960 1024 704 ) 
4 25 27 (960 88 32 ) (960 88 704 ) (960 96 704 ) (960 96 32 ) 
4 25 26 (960 88 704 ) (960 88 32 ) (968 88 32 ) (968 88 704 ) 
4 26 29 (968 0 704 ) (960 0 704 ) (960 0 0 ) (968 0 0 ) 
4 26 27 (960 88 0 ) (960 0 0 ) (960 0 704 ) (960 88 704 ) 
4 27 29 (960 0 704 ) (512 0 704 ) (512 0 0 ) (960 0 0 ) 
4 28 29 (1024 0 704 ) (1024 0 0 ) (1024 -512 0 ) (1024 -512 704 ) 
