PRT1
16
24
4 0 2 (736 2048 528 ) (0 2048 528 ) (0 2048 -144 ) (736 2048 -144 ) 
4 0 1 (0 2048 -144 ) (0 2048 528 ) (0 2064 528 ) (0 2064 -144 ) 
4 1 4 (-1024 2048 -144 ) (-1024 2048 528 ) (-1024 2064 528 ) (-1024 2064 -144 ) 
4 1 3 (0 2048 -144 ) (0 2048 528 ) (-1024 2048 528 ) (-1024 2048 -144 ) 
4 2 8 (736 1024 528 ) (0 1024 528 ) (0 1024 -144 ) (736 1024 -144 ) 
4 2 3 (0 2048 528 ) (0 2048 -144 ) (0 1024 -144 ) (0 1024 528 ) 
4 3 9 (0 1024 -144 ) (0 1024 528 ) (-1024 1024 528 ) (-1024 1024 -144 ) 
4 3 5 (-1024 1024 -144 ) (-1024 1024 528 ) (-1024 2048 528 ) (-1024 2048 -144 ) 
4 4 6 (-2048 2048 -144 ) (-2048 2048 528 ) (-2048 2064 528 ) (-2048 2064 -144 ) 
4 4 5 (-1024 2048 -144 ) (-1024 2048 528 ) (-2048 2048 528 ) (-2048 2048 -144 ) 
4 5 12 (-1024 1024 -144 ) (-1024 1024 528 ) (-2048 1024 528 ) (-2048 1024 -144 ) 
4 5 7 (-2048 1024 -144 ) (-2048 1024 528 ) (-2048 2048 528 ) (-2048 2048 -144 ) 
4 6 7 (-2048 2048 -144 ) (-2048 2048 528 ) (-2192 2048 528 ) (-2192 2048 -144 ) 
4 7 13 (-2048 1024 -144 ) (-2048 1024 528 ) (-2192 1024 528 ) (-2192 1024 -144 ) 
4 8 10 (736 0 528 ) (0 0 528 ) (0 0 -144 ) (736 0 -144 ) 
4 8 9 (0 0 -144 ) (0 0 528 ) (0 1024 528 ) (0 1024 -144 ) 
4 9 12 (-1024 1024 528 ) (-1024 1024 -144 ) (-1024 0 -144 ) (-1024 0 528 ) 
4 9 11 (0 0 -144 ) (0 0 528 ) (-1024 0 528 ) (-1024 0 -144 ) 
4 10 11 (0 0 528 ) (0 0 -144 ) (0 -960 -144 ) (0 -960 528 ) 
4 11 14 (-1024 -960 528 ) (-1024 0 528 ) (-1024 0 -144 ) (-1024 -960 -144 ) 
4 12 14 (-1024 0 -144 ) (-1024 0 528 ) (-2048 0 528 ) (-2048 0 -144 ) 
4 12 13 (-2048 1024 528 ) (-2048 1024 -144 ) (-2048 0 -144 ) (-2048 0 528 ) 
4 13 15 (-2048 0 -144 ) (-2048 0 528 ) (-2192 0 528 ) (-2192 0 -144 ) 
4 14 15 (-2048 0 528 ) (-2048 0 -144 ) (-2048 -960 -144 ) (-2048 -960 528 ) 
