PRT1
43
96
4 1 3 (0 2048 -288 ) (0 2048 1440 ) (0 2143.989990 1440 ) (0 2143.989990 -288 ) 
4 1 2 (672 2048 1440 ) (0 2048 1440 ) (0 2048 -288 ) (672 2048 -288 ) 
4 2 11 (0 1024 0 ) (0 1024 -288 ) (512 1024 -288 ) (512 1024 0 ) 
4 2 10 (512 1024 -288 ) (672 1024 -288 ) (672 1024 32 ) (512 1024 32 ) 
4 2 8 (480 1024 32 ) (512 1024 32 ) (512 1024 992 ) (480 1024 992 ) 
4 2 7 (512 1024 32 ) (672 1024 32 ) (672 1024 992 ) (512 1024 992 ) 
4 2 6 (512 1024 1440 ) (0 1024 1440 ) (0 1024 1024 ) (512 1024 1024 ) 
4 2 5 (672 1024 1440 ) (512 1024 1440 ) (512 1024 992 ) (672 1024 992 ) 
4 2 4 (0 1024 -288 ) (0 1024 1440 ) (0 2048 1440 ) (0 2048 -288 ) 
4 3 4 (0 2048 -288 ) (0 2048 1440 ) (-800 2048 1440 ) (-800 2048 -288 ) 
4 4 27 (0 1024 -288 ) (0 1024 0 ) (-512 1024 0 ) (-512 1024 -288 ) 
4 4 28 (-512 1024 32 ) (-800 1024 32 ) (-800 1024 -288 ) (-512 1024 -288 ) 
4 4 26 (-512 1024 992 ) (-800 1024 992 ) (-800 1024 32 ) (-512 1024 32 ) 
4 4 24 (-512 1024 1440 ) (-800 1024 1440 ) (-800 1024 992 ) (-512 1024 992 ) 
4 4 23 (0 1024 1024 ) (0 1024 1440 ) (-512 1024 1440 ) (-512 1024 1024 ) 
4 5 12 (672 0 1440 ) (512 0 1440 ) (512 0 992 ) (672 0 992 ) 
4 5 7 (512 1024 992 ) (672 1024 992 ) (672 0 992 ) (512 0 992 ) 
4 5 6 (512 0 1024 ) (512 0 1440 ) (512 1024 1440 ) (512 1024 1024 ) 
4 6 23 (0 0 1024 ) (0 0 1440 ) (0 1024 1440 ) (0 1024 1024 ) 
4 6 13 (512 0 1440 ) (0 0 1440 ) (0 0 1024 ) (512 0 1024 ) 
4 7 15 (672 0 992 ) (512 0 992 ) (512 0 32 ) (672 0 32 ) 
4 7 10 (672 0 32 ) (512 0 32 ) (512 1024 32 ) (672 1024 32 ) 
4 7 8 (512 1024 32 ) (512 0 32 ) (512 0 992 ) (512 1024 992 ) 
4 8 16 (512 0 992 ) (480 0 992 ) (480 0 32 ) (512 0 32 ) 
4 8 9 (480 992 32 ) (480 0 32 ) (480 0 992 ) (480 992 992 ) 
4 9 25 (0 0 32 ) (0 0 992 ) (0 992 992 ) (0 992 32 ) 
4 9 18 (480 0 992 ) (0 0 992 ) (0 0 32 ) (480 0 32 ) 
4 10 20 (672 0 32 ) (512 0 32 ) (512 0 -288 ) (672 0 -288 ) 
4 10 11 (512 1024 -288 ) (512 0 -288 ) (512 0 0 ) (512 1024 0 ) 
4 11 27 (0 0 -288 ) (0 0 0 ) (0 1024 0 ) (0 1024 -288 ) 
4 11 21 (0 0 0 ) (0 0 -288 ) (512 0 -288 ) (512 0 0 ) 
4 12 39 (672 -1024 1440 ) (512 -1024 1440 ) (512 -1024 992 ) (672 -1024 992 ) 
4 12 15 (672 -1024 992 ) (512 -1024 992 ) (512 0 992 ) (672 0 992 ) 
4 12 13 (512 -512 1024 ) (512 -512 1440 ) (512 0 1440 ) (512 0 1024 ) 
4 12 14 (512 -512 992 ) (512 -1024 992 ) (512 -1024 1440 ) (512 -512 1440 ) 
4 13 29 (0 -512 1440 ) (0 0 1440 ) (0 0 1024 ) (0 -512 1024 ) 
4 13 14 (512 -512 1024 ) (512 -512 1440 ) (0 -512 1440 ) (0 -512 1024 ) 
4 14 39 (512 -1024 1440 ) (0 -1024 1440 ) (0 -1024 992 ) (512 -1024 992 ) 
4 14 30 (0 -1024 992 ) (0 -1024 1440 ) (0 -512 1440 ) (0 -512 992 ) 
4 14 19 (480 -1024 992 ) (0 -1024 992 ) (0 -512 992 ) (480 -512 992 ) 
4 14 17 (512 -1024 992 ) (480 -1024 992 ) (480 -512 992 ) (512 -512 992 ) 
4 15 39 (672 -1024 992 ) (512 -1024 992 ) (512 -1024 32 ) (672 -1024 32 ) 
4 15 20 (672 -1024 32 ) (512 -1024 32 ) (512 0 32 ) (672 0 32 ) 
4 15 17 (512 -512 32 ) (512 -1024 32 ) (512 -1024 992 ) (512 -512 992 ) 
4 15 16 (512 0 32 ) (512 -512 32 ) (512 -512 992 ) (512 0 992 ) 
4 16 18 (480 0 32 ) (480 -480 32 ) (480 -480 992 ) (480 0 992 ) 
4 16 17 (480 -512 992 ) (480 -512 32 ) (512 -512 32 ) (512 -512 992 ) 
4 17 39 (512 -1024 992 ) (480 -1024 992 ) (480 -1024 32 ) (512 -1024 32 ) 
4 17 22 (512 -1024 32 ) (480 -1024 32 ) (480 -512 32 ) (512 -512 32 ) 
4 17 19 (480 -512 32 ) (480 -1024 32 ) (480 -1024 992 ) (480 -512 992 ) 
4 18 32 (0 -480 992 ) (0 0 992 ) (0 0 32 ) (0 -480 32 ) 
4 19 39 (480 -1024 992 ) (0 -1024 992 ) (0 -1024 32 ) (480 -1024 32 ) 
4 19 33 (0 -1024 32 ) (0 -1024 992 ) (0 -512 992 ) (0 -512 32 ) 
4 19 22 (480 -1024 32 ) (0 -1024 32 ) (0 -512 32 ) (480 -512 32 ) 
4 20 39 (672 -1024 32 ) (512 -1024 32 ) (512 -1024 -288 ) (672 -1024 -288 ) 
4 20 21 (512 0 -288 ) (512 -512 -288 ) (512 -512 0 ) (512 0 0 ) 
4 20 22 (512 -512 -288 ) (512 -1024 -288 ) (512 -1024 32 ) (512 -512 32 ) 
4 21 36 (0 0 0 ) (0 0 -288 ) (0 -512 -288 ) (0 -512 0 ) 
4 21 22 (0 -512 -288 ) (512 -512 -288 ) (512 -512 0 ) (0 -512 0 ) 
4 22 39 (512 -1024 32 ) (0 -1024 32 ) (0 -1024 -288 ) (512 -1024 -288 ) 
4 22 37 (0 -1024 -288 ) (0 -1024 32 ) (0 -512 32 ) (0 -512 -288 ) 
4 23 29 (0 0 1024 ) (0 0 1440 ) (-512 0 1440 ) (-512 0 1024 ) 
4 23 24 (-512 0 1024 ) (-512 0 1440 ) (-512 1024 1440 ) (-512 1024 1024 ) 
4 24 31 (-512 0 1440 ) (-800 0 1440 ) (-800 0 992 ) (-512 0 992 ) 
4 24 26 (-512 0 992 ) (-800 0 992 ) (-800 1024 992 ) (-512 1024 992 ) 
4 25 32 (0 0 32 ) (0 0 992 ) (-480 0 992 ) (-480 0 32 ) 
4 26 35 (-512 0 992 ) (-800 0 992 ) (-800 0 32 ) (-512 0 32 ) 
4 26 28 (-800 1024 32 ) (-512 1024 32 ) (-512 0 32 ) (-800 0 32 ) 
4 27 36 (0 0 -288 ) (0 0 0 ) (-512 0 0 ) (-512 0 -288 ) 
4 27 28 (-512 1024 -288 ) (-512 0 -288 ) (-512 0 0 ) (-512 1024 0 ) 
4 28 38 (-512 0 32 ) (-800 0 32 ) (-800 0 -288 ) (-512 0 -288 ) 
4 29 31 (-512 -512 1024 ) (-512 -512 1440 ) (-512 0 1440 ) (-512 0 1024 ) 
4 29 30 (-512 -512 1440 ) (-512 -512 1024 ) (0 -512 1024 ) (0 -512 1440 ) 
4 30 40 (0 -1024 992 ) (0 -1024 1440 ) (-512 -1024 1440 ) (-512 -1024 992 ) 
4 30 34 (-480 -1024 992 ) (-512 -1024 992 ) (-512 -512 992 ) (-480 -512 992 ) 
4 30 33 (0 -512 992 ) (0 -1024 992 ) (-480 -1024 992 ) (-480 -512 992 ) 
4 30 31 (-512 -512 992 ) (-512 -1024 992 ) (-512 -1024 1440 ) (-512 -512 1440 ) 
4 31 40 (-512 -1024 1440 ) (-800 -1024 1440 ) (-800 -1024 992 ) (-512 -1024 992 ) 
4 31 35 (-800 0 992 ) (-512 0 992 ) (-512 -1024 992 ) (-800 -1024 992 ) 
4 33 40 (0 -1024 32 ) (0 -1024 992 ) (-480 -1024 992 ) (-480 -1024 32 ) 
4 33 37 (0 -1024 32 ) (-480 -1024 32 ) (-480 -512 32 ) (0 -512 32 ) 
4 33 34 (-480 -512 32 ) (-480 -1024 32 ) (-480 -1024 992 ) (-480 -512 992 ) 
4 34 40 (-480 -1024 992 ) (-512 -1024 992 ) (-512 -1024 32 ) (-480 -1024 32 ) 
4 34 37 (-480 -1024 32 ) (-512 -1024 32 ) (-512 -512 32 ) (-480 -512 32 ) 
4 34 35 (-512 -512 32 ) (-512 -1024 32 ) (-512 -1024 992 ) (-512 -512 992 ) 
4 35 40 (-512 -1024 992 ) (-800 -1024 992 ) (-800 -1024 32 ) (-512 -1024 32 ) 
4 35 38 (-512 -1024 32 ) (-800 -1024 32 ) (-800 0 32 ) (-512 0 32 ) 
4 36 37 (-512 -512 0 ) (-512 -512 -288 ) (0 -512 -288 ) (0 -512 0 ) 
4 36 38 (-512 0 -288 ) (-512 -512 -288 ) (-512 -512 0 ) (-512 0 0 ) 
4 37 40 (0 -1024 -288 ) (0 -1024 32 ) (-512 -1024 32 ) (-512 -1024 -288 ) 
4 37 38 (-512 -512 -288 ) (-512 -1024 -288 ) (-512 -1024 32 ) (-512 -512 32 ) 
4 38 40 (-512 -1024 32 ) (-800 -1024 32 ) (-800 -1024 -288 ) (-512 -1024 -288 ) 
4 39 41 (672 -2048 1440 ) (0 -2048 1440 ) (0 -2048 -288 ) (672 -2048 -288 ) 
4 39 40 (0 -1024 1440 ) (0 -1024 -288 ) (0 -2048 -288 ) (0 -2048 1440 ) 
4 40 42 (0 -2048 -288 ) (0 -2048 1440 ) (-800 -2048 1440 ) (-800 -2048 -288 ) 
4 41 42 (0 -2048 1440 ) (0 -2048 -288 ) (0 -2272.010254 -288 ) (0 -2272.010254 1440 ) 
