PRT1
18
30
4 0 2 (2560 -18.314899 -128 ) (2560 -18.314899 -64 ) (2560 -2.314910 -64 ) (2560 -2.314910 -128 ) 
4 0 3 (2560 -2.314910 -672 ) (2560 -18.314899 -672 ) (2560 -18.314899 -640 ) (2560 -2.314910 -640 ) 
4 0 1 (2560 0 -672 ) (2560 -2.314910 -672 ) (2560 -2.314910 -64 ) (2560 0 -64 ) 
4 0 4 (2560 -18.314899 -672 ) (2560 -864 -672 ) (2560 -864 -64 ) (2560 -18.314899 -64 ) 
4 1 5 (2048 -2.314910 -64 ) (2048 0 -64 ) (2048 0 -672 ) (2048 -2.314910 -672 ) 
4 1 2 (2560 -2.314910 -128 ) (2560 -2.314910 -64 ) (2048 -2.314910 -64 ) (2048 -2.314910 -128 ) 
4 1 3 (2048 -2.314910 -672 ) (2560 -2.314910 -672 ) (2560 -2.314910 -640 ) (2048 -2.314910 -640 ) 
4 2 6 (2048 -18.314899 -64 ) (2048 -2.314910 -64 ) (2048 -2.314910 -128 ) (2048 -18.314899 -128 ) 
4 2 4 (2560 -18.314899 -128 ) (2560 -18.314899 -64 ) (2048 -18.314899 -64 ) (2048 -18.314899 -128 ) 
4 3 7 (2048 -2.314910 -640 ) (2048 -2.314910 -672 ) (2048 -18.314899 -672 ) (2048 -18.314899 -640 ) 
4 3 4 (2048 -18.314899 -672 ) (2560 -18.314899 -672 ) (2560 -18.314899 -640 ) (2048 -18.314899 -640 ) 
4 4 8 (2048 -864 -64 ) (2048 -18.314899 -64 ) (2048 -18.314899 -672 ) (2048 -864 -672 ) 
4 5 6 (1536 -2.314910 -64 ) (1536 -2.314910 -128 ) (2048 -2.314910 -128 ) (2048 -2.314910 -64 ) 
4 5 7 (1536 -2.314910 -640 ) (1536 -2.314910 -672 ) (2048 -2.314910 -672 ) (2048 -2.314910 -640 ) 
4 5 9 (1536 0 -672 ) (1536 -2.314910 -672 ) (1536 -2.314910 -64 ) (1536 0 -64 ) 
4 6 8 (1536 -18.314899 -64 ) (1536 -18.314899 -128 ) (2048 -18.314899 -128 ) (2048 -18.314899 -64 ) 
4 6 9 (1536 -18.314899 -128 ) (1536 -18.314899 -64 ) (1536 -2.314910 -64 ) (1536 -2.314910 -128 ) 
4 7 9 (1536 -2.314910 -672 ) (1536 -18.314899 -672 ) (1536 -18.314899 -640 ) (1536 -2.314910 -640 ) 
4 7 8 (1536 -18.314899 -640 ) (1536 -18.314899 -672 ) (2048 -18.314899 -672 ) (2048 -18.314899 -640 ) 
4 8 9 (1536 -18.314899 -672 ) (1536 -864 -672 ) (1536 -864 -64 ) (1536 -18.314899 -64 ) 
4 10 14 (96 0 176 ) (80 0 176 ) (80 0 -5616.169922 ) (96 0 -5616.169922 ) 
4 10 11 (80 80 -5616.169922 ) (80 0 -5616.169922 ) (80 0 176 ) (80 80 176 ) 
4 11 15 (80 0 176 ) (48 0 176 ) (48 0 -5616.169922 ) (80 0 -5616.169922 ) 
4 11 12 (48 112 -5616.169922 ) (48 0 -5616.169922 ) (48 0 176 ) (48 112 176 ) 
4 12 16 (48 0 176 ) (0 0 176 ) (0 0 -5616.169922 ) (48 0 -5616.169922 ) 
4 12 13 (0 0 -5616.169922 ) (0 0 176 ) (0 128 176 ) (0 128 -5616.169922 ) 
4 13 17 (0 0 -5616.169922 ) (0 0 176 ) (-128 0 176 ) (-128 0 -5616.169922 ) 
4 14 15 (80 0 -5616.169922 ) (80 -80 -5616.169922 ) (80 -80 176 ) (80 0 176 ) 
4 15 16 (48 0 -5616.169922 ) (48 -112 -5616.169922 ) (48 -112 176 ) (48 0 176 ) 
4 16 17 (0 0 176 ) (0 0 -5616.169922 ) (0 -128 -5616.169922 ) (0 -128 176 ) 
