PRT1
207
670
4 0 25 (1024 1024 64 ) (1024 1024 0 ) (1718.857178 1024 0 ) (1718.857178 1024 64 ) 
4 0 24 (1718.857178 1024 0 ) (1728 1024 0 ) (1728 1024 64 ) (1718.857178 1024 64 ) 
4 0 23 (1024 1024 512 ) (1024 1024 64 ) (1728 1024 64 ) (1728 1024 512 ) 
4 0 26 (1024 1024 0 ) (1024 1024 -384 ) (1728 1024 -384 ) (1728 1024 0 ) 
4 0 22 (1024 1024 576 ) (1024 1024 512 ) (1728 1024 512 ) (1728 1024 576 ) 
4 0 19 (1024 1024 1088 ) (1024 1024 1024 ) (1728 1024 1024 ) (1728 1024 1088 ) 
4 0 20 (1024 1024 1024 ) (1024 1024 576 ) (1728 1024 576 ) (1728 1024 1024 ) 
4 0 17 (1024 1024 1600 ) (1024 1024 1536 ) (1728 1024 1536 ) (1728 1024 1600 ) 
4 0 16 (1728 1024 3136 ) (1024 1024 3136 ) (1024 1024 1600 ) (1728 1024 1600 ) 
4 0 18 (1024 1024 1536 ) (1024 1024 1088 ) (1728 1024 1088 ) (1728 1024 1536 ) 
4 0 11 (1024 1024 0 ) (1024 1024 64 ) (1024 1856 64 ) (1024 1856 0 ) 
4 0 10 (1024 1024 64 ) (1024 1024 512 ) (1024 1856 512 ) (1024 1856 64 ) 
4 0 12 (1024 1024 -384 ) (1024 1024 0 ) (1024 1856 0 ) (1024 1856 -384 ) 
4 0 9 (1024 1024 512 ) (1024 1024 576 ) (1024 1856 576 ) (1024 1856 512 ) 
4 0 7 (1024 1024 576 ) (1024 1024 1024 ) (1024 1856 1024 ) (1024 1856 576 ) 
4 0 6 (1024 1024 1024 ) (1024 1024 1088 ) (1024 1856 1088 ) (1024 1856 1024 ) 
4 0 4 (1024 1024 1536 ) (1024 1024 1600 ) (1024 1856 1600 ) (1024 1856 1536 ) 
4 0 3 (1024 1024 1600 ) (1024 1024 3136 ) (1024 1856 3136 ) (1024 1856 1600 ) 
4 0 5 (1024 1024 1088 ) (1024 1024 1536 ) (1024 1856 1536 ) (1024 1856 1088 ) 
4 1 35 (128 1024 1088 ) (128 1024 1024 ) (247.125534 1024 1024 ) (247.125534 1024 1088 ) 
4 1 34 (128 1024 1536 ) (128 1024 1088 ) (247.125534 1024 1088 ) (247.125534 1024 1536 ) 
4 1 31 (128 1024 1600 ) (128 1024 1536 ) (247.125534 1024 1536 ) (247.125534 1024 1600 ) 
4 1 27 (247.125549 1024 3136 ) (128 1024 3136 ) (128 1024 1600 ) (247.125534 1024 1600 ) 
3 1 7 (247.125549 1024 1024 ) (128 1024 1024 ) (128 1073.361450 1024 ) 
4 1 3 (128 1073.360718 1600 ) (128 1073.361206 3136 ) (247.125000 1024 3136 ) (247.123978 1024 1600 ) 
4 1 5 (128 1073.360596 1088 ) (128 1073.360718 1536 ) (247.123932 1024 1536 ) (247.123642 1024 1088 ) 
4 1 2 (128 1073.359375 3136 ) (128 1073.359375 1088 ) (128 1024 1088 ) (128 1024 3136 ) 
4 2 52 (0 1024 1088 ) (0 1024 3136 ) (0 1126.400146 3136 ) (0 1126.400146 1088 ) 
4 2 34 (0 1024 1536 ) (0 1024 1088 ) (128 1024 1088 ) (128 1024 1536 ) 
4 2 31 (0 1024 1600 ) (0 1024 1536 ) (128 1024 1536 ) (128 1024 1600 ) 
4 2 27 (128 1024 3136 ) (0 1024 3136 ) (0 1024 1600 ) (128 1024 1600 ) 
4 2 3 (0 1126.399414 1600 ) (0 1126.399902 3136 ) (128 1073.361206 3136 ) (128 1073.360718 1600 ) 
4 2 5 (0 1126.399292 1088 ) (0 1126.399414 1536 ) (128 1073.360718 1536 ) (128 1073.360596 1088 ) 
4 3 54 (0 1126.400146 3136 ) (0 1856 3136 ) (0 1856 1600 ) (0 1126.400146 1600 ) 
4 3 27 (1024 1024 1600 ) (1024 1024 3136 ) (247.125549 1024 3136 ) (247.125534 1024 1600 ) 
5 3 4 (0 1408 1600 ) (0 1856 1600 ) (1024 1856 1600 ) (1024 1024 1600 ) (896 1024 1600 ) 
4 4 55 (0 1856 1600 ) (0 1856 1536 ) (0 1408 1536 ) (0 1408 1600 ) 
4 4 29 (1024 1024 1536 ) (1024 1024 1600 ) (896 1024 1600 ) (896 1024 1536 ) 
5 4 5 (1024 1024 1536 ) (896 1024 1536 ) (0 1408 1536 ) (0 1856 1536 ) (1024 1856 1536 ) 
4 5 56 (0 1856 1536 ) (0 1856 1088 ) (0 1126.400146 1088 ) (0 1126.400146 1536 ) 
4 5 34 (1024 1024 1088 ) (1024 1024 1536 ) (247.125534 1024 1536 ) (247.125534 1024 1088 ) 
5 5 6 (0 1408 1088 ) (0 1856 1088 ) (1024 1856 1088 ) (1024 1024 1088 ) (896 1024 1088 ) 
4 6 57 (0 1856 1088 ) (0 1856 1024 ) (0 1408 1024 ) (0 1408 1088 ) 
4 6 36 (1024 1024 1024 ) (1024 1024 1088 ) (896 1024 1088 ) (896 1024 1024 ) 
5 6 7 (1024 1856 1024 ) (1024 1024 1024 ) (896 1024 1024 ) (0 1408 1024 ) (0 1856 1024 ) 
4 7 58 (0 1024 576 ) (0 1024 1024 ) (0 1856 1024 ) (0 1856 576 ) 
4 7 41 (1024 1024 576 ) (1024 1024 1024 ) (0 1024 1024 ) (0 1024 576 ) 
5 7 9 (0 1856 576 ) (1024 1856 576 ) (1024 1024 576 ) (896 1024 576 ) (0 1408 576 ) 
3 7 8 (247.125549 1024 576 ) (128 1024 576 ) (128 1073.361450 576 ) 
4 8 46 (247.125549 1024 576 ) (128 1024 576 ) (128 1024 512 ) (247.125534 1024 512 ) 
3 8 10 (247.125549 1024 512 ) (128 1024 512 ) (128 1073.361450 512 ) 
4 9 60 (0 1408 576 ) (0 1856 576 ) (0 1856 512 ) (0 1408 512 ) 
4 9 43 (1024 1024 512 ) (1024 1024 576 ) (896 1024 576 ) (896 1024 512 ) 
5 9 10 (1024 1856 512 ) (1024 1024 512 ) (896 1024 512 ) (0 1408 512 ) (0 1856 512 ) 
4 10 61 (0 1024 64 ) (0 1024 512 ) (0 1856 512 ) (0 1856 64 ) 
4 10 48 (1024 1024 64 ) (1024 1024 512 ) (0 1024 512 ) (0 1024 64 ) 
5 10 11 (1024 1024 64 ) (597.333313 1024 64 ) (0 1280 64 ) (0 1856 64 ) (1024 1856 64 ) 
4 11 62 (0 1280 64 ) (0 1856 64 ) (0 1856 0 ) (0 1280 0 ) 
4 11 49 (1024 1024 0 ) (1024 1024 64 ) (597.333313 1024 64 ) (597.333313 1024 0 ) 
5 11 12 (0 1856 0 ) (1024 1856 0 ) (1024 1024 0 ) (597.333313 1024 0 ) (0 1280 0 ) 
4 12 63 (0 1024 -384 ) (0 1024 0 ) (0 1856 0 ) (0 1856 -384 ) 
4 12 51 (1024 1024 -384 ) (1024 1024 0 ) (0 1024 0 ) (0 1024 -384 ) 
4 13 38 (1024 128 1024 ) (1024 128 1088 ) (1024 247.125183 1088 ) (1024 247.125183 1024 ) 
4 13 34 (1024 128 1088 ) (1024 128 1536 ) (1024 247.125198 1536 ) (1024 247.125183 1088 ) 
4 13 41 (1024 247.125183 576 ) (1024 128 576 ) (1024 128 1024 ) (1024 247.125183 1024 ) 
4 13 28 (1024 128 1536 ) (1024 128 1600 ) (1024 247.125198 1600 ) (1024 247.125198 1536 ) 
4 13 27 (1024 128 1600 ) (1024 128 3136 ) (1024 247.125214 3136 ) (1024 247.125198 1600 ) 
3 13 21 (1024 128 576 ) (1024 247.125214 576 ) (1073.361206 128 576 ) 
4 13 20 (1073.361694 128 576 ) (1024 247.126312 576 ) (1024 247.126389 1024 ) (1073.361694 128 1024 ) 
4 13 16 (1024 247.126495 1600 ) (1024 247.126770 3136 ) (1073.361816 128 3136 ) (1073.361694 128 1600 ) 
4 13 18 (1024 247.126404 1088 ) (1024 247.126480 1536 ) (1073.361694 128 1536 ) (1073.361694 128 1088 ) 
4 13 14 (1073.359375 128 1600 ) (1073.359375 128 3136 ) (1024 128 3136 ) (1024 128 1600 ) 
4 13 15 (1024 128 576 ) (1073.359375 128 576 ) (1073.359375 128 1536 ) (1024 128 1536 ) 
4 14 104 (1126.399902 0 3136 ) (1024 0 3136 ) (1024 0 1600 ) (1126.399902 0 1600 ) 
4 14 27 (1024 0 1600 ) (1024 0 3136 ) (1024 128 3136 ) (1024 128 1600 ) 
4 14 16 (1073.361694 128 1600 ) (1073.361816 128 3136 ) (1126.400391 0 3136 ) (1126.400391 0 1600 ) 
4 15 105 (1024 0 1536 ) (1024 0 576 ) (1126.399902 0 576 ) (1126.399902 0 1536 ) 
4 15 38 (1024 0 1024 ) (1024 0 1088 ) (1024 128 1088 ) (1024 128 1024 ) 
4 15 34 (1024 0 1088 ) (1024 0 1536 ) (1024 128 1536 ) (1024 128 1088 ) 
4 15 41 (1024 128 576 ) (1024 0 576 ) (1024 0 1024 ) (1024 128 1024 ) 
4 15 20 (1126.400391 0 576 ) (1073.361694 128 576 ) (1073.361694 128 1024 ) (1126.400391 0 1024 ) 
4 15 18 (1073.361694 128 1088 ) (1073.361694 128 1536 ) (1126.400391 0 1536 ) (1126.400391 0 1088 ) 
4 16 107 (1728 0 3136 ) (1126.399902 0 3136 ) (1126.399902 0 1600 ) (1728 0 1600 ) 
4 16 27 (1024 1024 3136 ) (1024 1024 1600 ) (1024 247.125183 1600 ) (1024 247.125214 3136 ) 
5 16 17 (1728 1024 1600 ) (1728 0 1600 ) (1408 0 1600 ) (1024 896 1600 ) (1024 1024 1600 ) 
4 17 108 (1408 0 1536 ) (1728 0 1536 ) (1728 0 1600 ) (1408 0 1600 ) 
4 17 30 (1024 969.142883 1536 ) (1024 896 1536 ) (1024 896 1600 ) (1024 969.142883 1600 ) 
4 17 29 (1024 1024 1600 ) (1024 1024 1536 ) (1024 969.142883 1536 ) (1024 969.142883 1600 ) 
5 17 18 (1728 1024 1536 ) (1728 0 1536 ) (1408 0 1536 ) (1024 896 1536 ) (1024 1024 1536 ) 
4 18 109 (1126.399902 0 1536 ) (1126.399902 0 1088 ) (1728 0 1088 ) (1728 0 1536 ) 
4 18 34 (1024 1024 1536 ) (1024 1024 1088 ) (1024 247.125183 1088 ) (1024 247.125183 1536 ) 
5 18 19 (1728 1024 1088 ) (1728 0 1088 ) (1408 0 1088 ) (1024 896 1088 ) (1024 1024 1088 ) 
4 19 110 (1408 0 1024 ) (1728 0 1024 ) (1728 0 1088 ) (1408 0 1088 ) 
4 19 37 (1024 969.142883 1024 ) (1024 896 1024 ) (1024 896 1088 ) (1024 969.142883 1088 ) 
4 19 36 (1024 1024 1088 ) (1024 1024 1024 ) (1024 969.142883 1024 ) (1024 969.142883 1088 ) 
5 19 20 (1728 1024 1024 ) (1728 0 1024 ) (1408 0 1024 ) (1024 896 1024 ) (1024 1024 1024 ) 
4 20 111 (1126.399902 0 1024 ) (1126.399902 0 576 ) (1728 0 576 ) (1728 0 1024 ) 
4 20 41 (1024 1024 1024 ) (1024 1024 576 ) (1024 247.125183 576 ) (1024 247.125183 1024 ) 
5 20 22 (1728 0 576 ) (1408 0 576 ) (1024 896 576 ) (1024 1024 576 ) (1728 1024 576 ) 
4 21 42 (1024 247.125183 512 ) (1024 128 512 ) (1024 128 576 ) (1024 247.125214 576 ) 
3 21 23 (1024 128 512 ) (1024 247.125214 512 ) (1073.361206 128 512 ) 
4 22 113 (1728 0 576 ) (1408 0 576 ) (1408 0 512 ) (1728 0 512 ) 
4 22 44 (1024 969.142883 512 ) (1024 896 512 ) (1024 896 576 ) (1024 969.142883 576 ) 
4 22 43 (1024 1024 576 ) (1024 1024 512 ) (1024 969.142883 512 ) (1024 969.142883 576 ) 
5 22 23 (1728 0 512 ) (1408 0 512 ) (1024 896 512 ) (1024 1024 512 ) (1728 1024 512 ) 
4 23 114 (1728 0 512 ) (1024 0 512 ) (1024 0 64 ) (1728 0 64 ) 
4 23 48 (1024 1024 512 ) (1024 1024 64 ) (1024 0 64 ) (1024 0 512 ) 
4 23 25 (1024 597.333313 64 ) (1024 1024 64 ) (1718.857178 1024 64 ) (1280 0 64 ) 
4 23 24 (1718.857178 1024 64 ) (1728 1024 64 ) (1728 0 64 ) (1280 0 64 ) 
4 24 115 (1280 0 0 ) (1728 0 0 ) (1728 0 64 ) (1280 0 64 ) 
4 24 25 (1718.856079 1024 0 ) (1279.998901 0 0 ) (1280 0 64 ) (1718.856079 1024 64 ) 
4 24 26 (1718.857178 1024 0 ) (1728 1024 0 ) (1728 0 0 ) (1280 0 0 ) 
4 25 50 (1024 841.142822 0 ) (1024 597.333313 0 ) (1024 597.333313 64 ) (1024 841.142822 64 ) 
4 25 49 (1024 1024 64 ) (1024 1024 0 ) (1024 841.142822 0 ) (1024 841.142822 64 ) 
4 25 26 (1024 1024 0 ) (1718.857178 1024 0 ) (1280 0 0 ) (1024 597.333313 0 ) 
4 26 116 (1024 0 0 ) (1024 0 -384 ) (1728 0 -384 ) (1728 0 0 ) 
4 26 51 (1024 1024 0 ) (1024 1024 -384 ) (1024 0 -384 ) (1024 0 0 ) 
4 27 117 (1024 0 1600 ) (1024 0 3136 ) (0 0 3136 ) (0 0 1600 ) 
4 27 64 (0 0 1600 ) (0 0 3136 ) (0 1024 3136 ) (0 1024 1600 ) 
3 27 33 (272 272 1600 ) (320 252.235291 1600 ) (320 155.425049 1600 ) 
4 27 32 (192 0 1600 ) (0 0 1600 ) (0 192 1600 ) (136 136 1600 ) 
5 27 31 (0 384 1600 ) (0 1024 1600 ) (247.125626 1024 1600 ) (320 993.803467 1600 ) (320 252.235291 1600 ) 
3 27 30 (1024 969.142883 1600 ) (1024 896 1600 ) (985.599976 985.600037 1600 ) 
3 27 29 (1024 1024 1600 ) (1024 969.142883 1600 ) (896 1024 1600 ) 
5 27 28 (1024 247.125275 1600 ) (1024 128 1600 ) (320 128 1600 ) (320 993.803406 1600 ) (796.400024 796.400085 1600 ) 
5 28 34 (320 128 1536 ) (320 993.803406 1536 ) (796.400024 796.400085 1536 ) (1024 247.125275 1536 ) (1024 128 1536 ) 
4 28 33 (320 252.235291 1536 ) (320 155.426971 1536 ) (320 155.425034 1600 ) (320 252.235306 1600 ) 
4 28 31 (320 993.803467 1536 ) (320 252.235291 1536 ) (320 252.235306 1600 ) (320 993.803406 1600 ) 
3 29 34 (896 1024 1536 ) (1024 1024 1536 ) (1024 969.142883 1536 ) 
4 29 30 (985.600220 985.599548 1536 ) (1024 969.142456 1536 ) (1024 969.142517 1600 ) (985.600159 985.599609 1600 ) 
3 30 34 (985.599976 985.600037 1536 ) (1024 969.142883 1536 ) (1024 896 1536 ) 
4 31 65 (0 384 1600 ) (0 1024 1600 ) (0 1024 1536 ) (0 384 1536 ) 
5 31 34 (0 384 1536 ) (0 1024 1536 ) (247.125626 1024 1536 ) (320 993.803467 1536 ) (320 252.235291 1536 ) 
4 31 33 (272 272.001434 1536 ) (320 252.236328 1536 ) (320 252.236328 1600 ) (271.998474 272.001648 1600 ) 
4 32 122 (192 0 1600 ) (0 0 1600 ) (0 0 1536 ) (192 0 1536 ) 
4 32 67 (0 0 1536 ) (0 0 1600 ) (0 192 1600 ) (0 192 1536 ) 
4 32 34 (192 0 1536 ) (0 0 1536 ) (0 192 1536 ) (136 136 1536 ) 
3 33 34 (272 272 1536 ) (320 252.235291 1536 ) (320 155.426971 1536 ) 
4 34 124 (1024 0 1088 ) (1024 0 1536 ) (0 0 1536 ) (0 0 1088 ) 
4 34 71 (0 0 1088 ) (0 0 1536 ) (0 1024 1536 ) (0 1024 1088 ) 
3 34 40 (155.428619 320 1088 ) (252.238892 320 1088 ) (272.004425 271.998199 1088 ) 
4 34 39 (192 0 1088 ) (0 0 1088 ) (0 192 1088 ) (136 136 1088 ) 
5 34 38 (1024 0 1088 ) (384.004089 0 1088 ) (252.238892 320 1088 ) (993.803284 320 1088 ) (1024 247.125305 1088 ) 
3 34 37 (985.600037 985.600037 1088 ) (1024 969.142883 1088 ) (1024 896 1088 ) 
3 34 36 (896 1024 1088 ) (1024 1024 1088 ) (1024 969.142883 1088 ) 
5 34 35 (128 1024 1088 ) (247.125504 1024 1088 ) (796.400024 796.400024 1088 ) (993.803345 320 1088 ) (128 320 1088 ) 
4 35 40 (155.428574 320 1024 ) (252.238495 320 1024 ) (252.238953 320 1088 ) (155.428558 320 1088 ) 
4 35 38 (252.238495 320 1024 ) (993.803345 320 1024 ) (993.803345 320 1088 ) (252.238953 320 1088 ) 
5 35 41 (993.803345 320 1024 ) (128 320 1024 ) (128 1024 1024 ) (247.125504 1024 1024 ) (796.400024 796.400024 1024 ) 
4 36 37 (985.600220 985.599548 1024 ) (1024 969.142456 1024 ) (1024 969.142456 1088 ) (985.600220 985.599548 1088 ) 
3 36 41 (1024 1024 1024 ) (1024 969.142883 1024 ) (896 1024 1024 ) 
3 37 41 (1024 969.142883 1024 ) (1024 896 1024 ) (985.600037 985.600037 1024 ) 
4 38 126 (932.578308 0 1088 ) (384.004089 0 1088 ) (384.003693 0 1024 ) (932.580322 0 1024 ) 
4 38 125 (1024 0 1024 ) (1024 0 1088 ) (932.578308 0 1088 ) (932.580322 0 1024 ) 
4 38 40 (252.238403 320 1088 ) (252.237991 320 1024 ) (272.003326 271.998627 1024 ) (272.003876 271.998413 1088 ) 
5 38 41 (1024 247.125305 1024 ) (1024 0 1024 ) (384.003723 0 1024 ) (252.238464 320 1024 ) (993.803345 320 1024 ) 
4 39 127 (192 0 1088 ) (0 0 1088 ) (0 0 1024 ) (192 0 1024 ) 
4 39 77 (0 0 1024 ) (0 0 1088 ) (0 192 1088 ) (0 192 1024 ) 
4 39 41 (192 0 1024 ) (0 0 1024 ) (0 192 1024 ) (136 136 1024 ) 
3 40 41 (155.428589 320 1024 ) (252.238464 320 1024 ) (272.003906 271.998383 1024 ) 
4 41 131 (1024 0 576 ) (1024 0 1024 ) (0 0 1024 ) (0 0 576 ) 
4 41 78 (0 0 576 ) (0 0 1024 ) (0 1024 1024 ) (0 1024 576 ) 
3 41 47 (320 252.235291 576 ) (320 155.429993 576 ) (272 272 576 ) 
5 41 46 (128 1024 576 ) (247.125626 1024 576 ) (320 993.803467 576 ) (320 252.235291 576 ) (128 331.294128 576 ) 
4 41 45 (192 0 576 ) (0 0 576 ) (0 192 576 ) (136 136 576 ) 
3 41 44 (1024 969.142883 576 ) (1024 896 576 ) (985.599976 985.600037 576 ) 
3 41 43 (1024 1024 576 ) (1024 969.142883 576 ) (896 1024 576 ) 
5 41 42 (1024 247.125244 576 ) (1024 128 576 ) (320 128 576 ) (320 993.803406 576 ) (796.399963 796.400024 576 ) 
5 42 48 (320 128 512 ) (320 993.803406 512 ) (796.399963 796.400024 512 ) (1024 247.125244 512 ) (1024 128 512 ) 
4 42 47 (320 252.235291 512 ) (320 155.429047 512 ) (320 155.430008 576 ) (320 252.235306 576 ) 
4 42 46 (320 993.803467 512 ) (320 252.235291 512 ) (320 252.235306 576 ) (320 993.803406 576 ) 
3 43 48 (896 1024 512 ) (1024 1024 512 ) (1024 969.142883 512 ) 
4 43 44 (985.600159 985.599670 512 ) (1024 969.142578 512 ) (1024 969.142700 576 ) (985.600037 985.599792 576 ) 
3 44 48 (985.599976 985.600037 512 ) (1024 969.142883 512 ) (1024 896 512 ) 
4 45 135 (192 0 576 ) (0 0 576 ) (0 0 512 ) (192 0 512 ) 
4 45 79 (0 0 512 ) (0 0 576 ) (0 192 576 ) (0 192 512 ) 
4 45 48 (192 0 512 ) (0 0 512 ) (0 192 512 ) (136 136 512 ) 
5 46 48 (128 1024 512 ) (247.125626 1024 512 ) (320 993.803467 512 ) (320 252.235291 512 ) (128 331.294128 512 ) 
4 46 47 (272 272.001068 512 ) (320 252.236221 512 ) (320 252.236221 576 ) (272 272 576 ) 
3 47 48 (320 252.235291 512 ) (320 155.429016 512 ) (272 272 512 ) 
4 48 138 (1024 0 64 ) (1024 0 512 ) (0 0 512 ) (0 0 64 ) 
4 48 85 (0 0 64 ) (0 0 512 ) (0 1024 512 ) (0 1024 64 ) 
3 48 50 (896 896 64 ) (1024 841.142822 64 ) (1024 597.333374 64 ) 
3 48 49 (597.333313 1024 64 ) (1024 1024 64 ) (1024 841.142822 64 ) 
3 49 51 (1024 1024 0 ) (1024 841.142822 0 ) (597.333313 1024 0 ) 
4 49 50 (896 896 0 ) (1024 841.142578 0 ) (1024 841.142578 64 ) (896 896 64 ) 
3 50 51 (1024 841.142822 0 ) (1024 597.333374 0 ) (896 896 0 ) 
4 51 141 (1024 0 -384 ) (1024 0 0 ) (0 0 0 ) (0 0 -384 ) 
4 51 88 (0 0 -384 ) (0 0 0 ) (0 1024 0 ) (0 1024 -384 ) 
4 52 71 (0 1024 1088 ) (0 1024 1536 ) (-128 1024 1536 ) (-128 1024 1088 ) 
4 52 65 (0 1024 1536 ) (0 1024 1600 ) (-128 1024 1600 ) (-128 1024 1536 ) 
4 52 64 (0 1024 1600 ) (0 1024 3136 ) (-128 1024 3136 ) (-128 1024 1600 ) 
4 52 54 (-128 1073.359985 1600 ) (-128 1073.360474 3136 ) (0 1126.399170 3136 ) (0 1126.398560 1600 ) 
4 52 56 (-128 1073.359863 1088 ) (-128 1073.359985 1536 ) (0 1126.398560 1536 ) (0 1126.398438 1088 ) 
4 52 53 (-128 1073.359375 3136 ) (-128 1073.359375 1088 ) (-128 1024 1088 ) (-128 1024 3136 ) 
4 53 72 (-247.125183 1024 1088 ) (-247.125183 1024 1024 ) (-128 1024 1024 ) (-128 1024 1088 ) 
4 53 71 (-247.125183 1024 1536 ) (-247.125183 1024 1088 ) (-128 1024 1088 ) (-128 1024 1536 ) 
4 53 65 (-247.125183 1024 1600 ) (-247.125183 1024 1536 ) (-128 1024 1536 ) (-128 1024 1600 ) 
4 53 64 (-128 1024 3136 ) (-247.125214 1024 3136 ) (-247.125183 1024 1600 ) (-128 1024 1600 ) 
3 53 58 (-128 1024 1024 ) (-247.125214 1024 1024 ) (-128 1073.361206 1024 ) 
4 53 54 (-247.122391 1024 1600 ) (-247.123352 1024 3136 ) (-128 1073.360474 3136 ) (-128 1073.359985 1600 ) 
4 53 56 (-247.122070 1024 1088 ) (-247.122345 1024 1536 ) (-128 1073.359985 1536 ) (-128 1073.359863 1088 ) 
4 54 89 (-1024 1024 1600 ) (-1024 1024 3136 ) (-1024 1856 3136 ) (-1024 1856 1600 ) 
4 54 64 (-247.125214 1024 3136 ) (-1024 1024 3136 ) (-1024 1024 1600 ) (-247.125183 1024 1600 ) 
5 54 55 (-1024 1856 1600 ) (0 1856 1600 ) (0 1408 1600 ) (-896 1024 1600 ) (-1024 1024 1600 ) 
4 55 89 (-1024 1024 1536 ) (-1024 1024 1600 ) (-1024 1856 1600 ) (-1024 1856 1536 ) 
4 55 70 (-969.142883 1024 1536 ) (-896 1024 1536 ) (-896 1024 1600 ) (-969.142883 1024 1600 ) 
4 55 69 (-1024 1024 1600 ) (-1024 1024 1536 ) (-969.142883 1024 1536 ) (-969.142883 1024 1600 ) 
5 55 56 (-1024 1856 1536 ) (0 1856 1536 ) (0 1408 1536 ) (-896 1024 1536 ) (-1024 1024 1536 ) 
4 56 89 (-1024 1024 1088 ) (-1024 1024 1536 ) (-1024 1856 1536 ) (-1024 1856 1088 ) 
4 56 71 (-1024 1024 1536 ) (-1024 1024 1088 ) (-247.125183 1024 1088 ) (-247.125183 1024 1536 ) 
5 56 57 (-1024 1856 1088 ) (0 1856 1088 ) (0 1408 1088 ) (-896 1024 1088 ) (-1024 1024 1088 ) 
4 57 89 (-1024 1024 1024 ) (-1024 1024 1088 ) (-1024 1856 1088 ) (-1024 1856 1024 ) 
4 57 74 (-969.142883 1024 1024 ) (-896 1024 1024 ) (-896 1024 1088 ) (-969.142883 1024 1088 ) 
4 57 73 (-1024 1024 1088 ) (-1024 1024 1024 ) (-969.142883 1024 1024 ) (-969.142883 1024 1088 ) 
5 57 58 (-1024 1024 1024 ) (-1024 1856 1024 ) (0 1856 1024 ) (0 1408 1024 ) (-896 1024 1024 ) 
4 58 89 (-1024 1024 576 ) (-1024 1024 1024 ) (-1024 1856 1024 ) (-1024 1856 576 ) 
4 58 78 (0 1024 576 ) (0 1024 1024 ) (-1024 1024 1024 ) (-1024 1024 576 ) 
5 58 60 (-1024 1024 576 ) (-1024 1856 576 ) (0 1856 576 ) (0 1408 576 ) (-896 1024 576 ) 
3 58 59 (-128 1024 576 ) (-247.125214 1024 576 ) (-128 1073.361206 576 ) 
4 59 80 (-128 1024 576 ) (-247.125214 1024 576 ) (-247.125183 1024 512 ) (-128 1024 512 ) 
3 59 61 (-128 1024 512 ) (-247.125214 1024 512 ) (-128 1073.361206 512 ) 
4 60 89 (-1024 1024 512 ) (-1024 1024 576 ) (-1024 1856 576 ) (-1024 1856 512 ) 
4 60 84 (-896 1024 576 ) (-969.142883 1024 576 ) (-969.142883 1024 512 ) (-896 1024 512 ) 
4 60 83 (-969.142883 1024 576 ) (-1024 1024 576 ) (-1024 1024 512 ) (-969.142883 1024 512 ) 
5 60 61 (-1024 1024 512 ) (-1024 1856 512 ) (0 1856 512 ) (0 1408 512 ) (-896 1024 512 ) 
4 61 89 (-1024 1024 64 ) (-1024 1024 512 ) (-1024 1856 512 ) (-1024 1856 64 ) 
4 61 85 (0 1024 64 ) (0 1024 512 ) (-1024 1024 512 ) (-1024 1024 64 ) 
5 61 62 (-597.333313 1024 64 ) (-1024 1024 64 ) (-1024 1856 64 ) (0 1856 64 ) (0 1280 64 ) 
4 62 89 (-1024 1024 0 ) (-1024 1024 64 ) (-1024 1856 64 ) (-1024 1856 0 ) 
4 62 87 (-597.333313 1024 64 ) (-841.142822 1024 64 ) (-841.142822 1024 0 ) (-597.333313 1024 0 ) 
4 62 86 (-841.142822 1024 64 ) (-1024 1024 64 ) (-1024 1024 0 ) (-841.142822 1024 0 ) 
5 62 63 (-1024 1024 0 ) (-1024 1856 0 ) (0 1856 0 ) (0 1280 0 ) (-597.333313 1024 0 ) 
4 63 89 (-1024 1024 -384 ) (-1024 1024 0 ) (-1024 1856 0 ) (-1024 1856 -384 ) 
4 63 88 (0 1024 -384 ) (0 1024 0 ) (-1024 1024 0 ) (-1024 1024 -384 ) 
4 64 156 (0 0 1600 ) (0 0 3136 ) (-1024 0 3136 ) (-1024 0 1600 ) 
4 64 93 (-1024 247.125534 3136 ) (-1024 1024 3136 ) (-1024 1024 1600 ) (-1024 247.125549 1600 ) 
4 64 91 (-1024 0 1600 ) (-1024 0 3136 ) (-1024 128 3136 ) (-1024 128 1600 ) 
4 64 90 (-1024 128 3136 ) (-1024 247.125534 3136 ) (-1024 247.125549 1600 ) (-1024 128 1600 ) 
3 64 70 (-985.600037 985.600037 1600 ) (-969.142883 1024 1600 ) (-896 1024 1600 ) 
3 64 69 (-1024 896 1600 ) (-1024 1024 1600 ) (-969.142883 1024 1600 ) 
5 64 68 (-1024 128 1600 ) (-1024 247.125549 1600 ) (-796.400085 796.400024 1600 ) (-320 993.803345 1600 ) (-320 128 1600 ) 
4 64 67 (0 0 1600 ) (-192 0 1600 ) (-136 136 1600 ) (0 192 1600 ) 
3 64 66 (-320 155.429947 1600 ) (-320 252.235321 1600 ) (-272 272 1600 ) 
5 64 65 (-320 252.235321 1600 ) (-320 993.803223 1600 ) (-247.125305 1024 1600 ) (0 1024 1600 ) (0 384 1600 ) 
5 65 71 (0 1024 1536 ) (0 384 1536 ) (-320 252.235321 1536 ) (-320 993.803223 1536 ) (-247.125305 1024 1536 ) 
4 65 68 (-320 993.803345 1536 ) (-320 252.235291 1536 ) (-320 252.235321 1600 ) (-320 993.803223 1600 ) 
4 65 66 (-320 252.236328 1600 ) (-320 252.236328 1536 ) (-272 272.001251 1536 ) (-272 272.001282 1600 ) 
3 66 71 (-320 155.429947 1536 ) (-320 252.235321 1536 ) (-272 272 1536 ) 
4 66 68 (-320 252.235291 1536 ) (-320 155.429932 1536 ) (-320 155.429947 1600 ) (-320 252.235321 1600 ) 
4 67 159 (0 0 1536 ) (0 0 1600 ) (-192 0 1600 ) (-192 0 1536 ) 
4 67 71 (0 192 1536 ) (0 0 1536 ) (-192 0 1536 ) (-136 136 1536 ) 
4 68 90 (-1024 128 1600 ) (-1024 247.125549 1600 ) (-1024 247.125549 1536 ) (-1024 128 1536 ) 
5 68 71 (-1024 128 1536 ) (-1024 247.125549 1536 ) (-796.400085 796.400024 1536 ) (-320 993.803345 1536 ) (-320 128 1536 ) 
4 69 94 (-1024 896 1600 ) (-1024 1024 1600 ) (-1024 1024 1536 ) (-1024 896 1536 ) 
3 69 71 (-1024 896 1536 ) (-1024 1024 1536 ) (-969.142883 1024 1536 ) 
4 69 70 (-985.599976 985.600037 1536 ) (-969.142822 1024 1536 ) (-969.142822 1024 1600 ) (-985.599976 985.599976 1600 ) 
3 70 71 (-985.600037 985.600037 1536 ) (-969.142883 1024 1536 ) (-896 1024 1536 ) 
4 71 163 (0 0 1088 ) (0 0 1536 ) (-1024 0 1536 ) (-1024 0 1088 ) 
4 71 95 (-1024 247.125534 1536 ) (-1024 1024 1536 ) (-1024 1024 1088 ) (-1024 247.125549 1088 ) 
4 71 92 (-1024 0 1088 ) (-1024 0 1536 ) (-1024 128 1536 ) (-1024 128 1088 ) 
4 71 90 (-1024 128 1536 ) (-1024 247.125534 1536 ) (-1024 247.125549 1088 ) (-1024 128 1088 ) 
4 71 77 (0 192 1088 ) (0 0 1088 ) (-192 0 1088 ) (-136 136 1088 ) 
3 71 76 (-384.001343 0 1088 ) (-932.571472 0 1088 ) (-272 272 1088 ) 
5 71 75 (-932.571472 0 1088 ) (-1024 0 1088 ) (-1024 247.125626 1088 ) (-993.803467 320 1088 ) (-155.428589 320 1088 ) 
3 71 74 (-985.600037 985.600037 1088 ) (-969.142883 1024 1088 ) (-896 1024 1088 ) 
3 71 73 (-1024 896 1088 ) (-1024 1024 1088 ) (-969.142883 1024 1088 ) 
5 71 72 (-128 320 1088 ) (-993.803467 320 1088 ) (-796.400146 796.399902 1088 ) (-247.125244 1024 1088 ) (-128 1024 1088 ) 
4 72 75 (-993.803467 320 1024 ) (-155.428528 320 1024 ) (-155.428558 320 1088 ) (-993.803467 320 1088 ) 
5 72 78 (-796.400146 796.399902 1024 ) (-247.125244 1024 1024 ) (-128 1024 1024 ) (-128 320 1024 ) (-993.803467 320 1024 ) 
4 73 96 (-1024 896 1088 ) (-1024 1024 1088 ) (-1024 1024 1024 ) (-1024 896 1024 ) 
4 73 74 (-985.600037 985.600037 1024 ) (-969.142883 1024 1024 ) (-969.143005 1024 1088 ) (-985.600159 985.599976 1088 ) 
3 73 78 (-1024 896 1024 ) (-1024 1024 1024 ) (-969.142883 1024 1024 ) 
3 74 78 (-985.600037 985.600037 1024 ) (-969.142883 1024 1024 ) (-896 1024 1024 ) 
4 75 164 (-932.571472 0 1088 ) (-1024 0 1088 ) (-1024 0 1024 ) (-932.571472 0 1024 ) 
4 75 92 (-1024 0 1024 ) (-1024 0 1088 ) (-1024 128 1088 ) (-1024 128 1024 ) 
4 75 90 (-1024 128 1088 ) (-1024 247.125626 1088 ) (-1024 247.125626 1024 ) (-1024 128 1024 ) 
4 75 76 (-932.570313 0 1024 ) (-272 272 1024 ) (-272 272 1088 ) (-932.572571 0 1088 ) 
5 75 78 (-932.571472 0 1024 ) (-1024 0 1024 ) (-1024 247.125626 1024 ) (-993.803467 320 1024 ) (-155.428589 320 1024 ) 
4 76 164 (-384.001343 0 1088 ) (-932.571472 0 1088 ) (-932.571472 0 1024 ) (-384.001404 0 1024 ) 
3 76 78 (-384.001343 0 1024 ) (-932.571472 0 1024 ) (-272 272 1024 ) 
4 77 165 (0 0 1024 ) (0 0 1088 ) (-192 0 1088 ) (-192 0 1024 ) 
4 77 78 (0 0 1024 ) (-192 0 1024 ) (-136 136 1024 ) (0 192 1024 ) 
4 78 170 (0 0 576 ) (0 0 1024 ) (-1024 0 1024 ) (-1024 0 576 ) 
4 78 97 (-1024 247.125534 1024 ) (-1024 1024 1024 ) (-1024 1024 576 ) (-1024 247.125549 576 ) 
4 78 92 (-1024 0 576 ) (-1024 0 1024 ) (-1024 128 1024 ) (-1024 128 576 ) 
4 78 90 (-1024 128 1024 ) (-1024 247.125534 1024 ) (-1024 247.125549 576 ) (-1024 128 576 ) 
3 78 84 (-985.600037 985.600037 576 ) (-969.142883 1024 576 ) (-896 1024 576 ) 
3 78 83 (-1024 896 576 ) (-1024 1024 576 ) (-969.142883 1024 576 ) 
5 78 82 (-1024 128 576 ) (-1024 247.125580 576 ) (-796.400208 796.399963 576 ) (-320 993.803345 576 ) (-320 128 576 ) 
3 78 81 (-320 155.429947 576 ) (-320 252.235291 576 ) (-272 272 576 ) 
5 78 80 (-320 252.235291 576 ) (-320 993.803345 576 ) (-247.125305 1024 576 ) (-128 1024 576 ) (-128 331.294128 576 ) 
4 78 79 (0 0 576 ) (-192 0 576 ) (-136 136 576 ) (0 192 576 ) 
4 79 171 (0 0 512 ) (0 0 576 ) (-192 0 576 ) (-192 0 512 ) 
4 79 85 (0 192 512 ) (0 0 512 ) (-192 0 512 ) (-136 136 512 ) 
5 80 85 (-320 252.235291 512 ) (-320 993.803345 512 ) (-247.125305 1024 512 ) (-128 1024 512 ) (-128 331.294128 512 ) 
4 80 82 (-320 993.803345 512 ) (-320 252.235291 512 ) (-320 252.235291 576 ) (-320 993.803345 576 ) 
4 80 81 (-320 252.236206 576 ) (-320 252.236206 512 ) (-272 272.001068 512 ) (-272 272.001068 576 ) 
3 81 85 (-320 155.429947 512 ) (-320 252.235291 512 ) (-272 272 512 ) 
4 81 82 (-320 252.235291 512 ) (-320 155.429947 512 ) (-320 155.429947 576 ) (-320 252.235291 576 ) 
4 82 98 (-1024 128 576 ) (-1024 247.125580 576 ) (-1024 247.125549 512 ) (-1024 128 512 ) 
5 82 85 (-1024 128 512 ) (-1024 247.125580 512 ) (-796.400208 796.399963 512 ) (-320 993.803345 512 ) (-320 128 512 ) 
4 83 99 (-1024 896 576 ) (-1024 1024 576 ) (-1024 1024 512 ) (-1024 896 512 ) 
3 83 85 (-1024 896 512 ) (-1024 1024 512 ) (-969.142883 1024 512 ) 
4 83 84 (-985.600098 985.599976 512 ) (-969.142944 1024 512 ) (-969.142944 1024 576 ) (-985.600098 985.599976 576 ) 
3 84 85 (-985.600037 985.600037 512 ) (-969.142883 1024 512 ) (-896 1024 512 ) 
4 85 177 (0 0 64 ) (0 0 512 ) (-1024 0 512 ) (-1024 0 64 ) 
4 85 100 (-1024 0 64 ) (-1024 0 512 ) (-1024 1024 512 ) (-1024 1024 64 ) 
3 85 87 (-896 896 64 ) (-841.142822 1024 64 ) (-597.333374 1024 64 ) 
3 85 86 (-1024 597.333313 64 ) (-1024 1024 64 ) (-841.142822 1024 64 ) 
4 86 102 (-1024 597.333313 64 ) (-1024 1024 64 ) (-1024 1024 0 ) (-1024 597.333313 0 ) 
3 86 88 (-1024 597.333313 0 ) (-1024 1024 0 ) (-841.142822 1024 0 ) 
4 86 87 (-896 896 0 ) (-841.142578 1024 0 ) (-841.142578 1024 64 ) (-896 896 64 ) 
3 87 88 (-896 896 0 ) (-841.142822 1024 0 ) (-597.333374 1024 0 ) 
4 88 180 (0 0 -384 ) (0 0 0 ) (-1024 0 0 ) (-1024 0 -384 ) 
4 88 103 (-1024 0 -384 ) (-1024 0 0 ) (-1024 1024 0 ) (-1024 1024 -384 ) 
4 89 102 (-1024 1024 0 ) (-1024 1024 64 ) (-1718.857178 1024 64 ) (-1718.857178 1024 0 ) 
4 89 101 (-1718.857178 1024 64 ) (-1856 1024 64 ) (-1856 1024 0 ) (-1718.857178 1024 0 ) 
4 89 100 (-1024 1024 64 ) (-1024 1024 512 ) (-1856 1024 512 ) (-1856 1024 64 ) 
4 89 103 (-1024 1024 -384 ) (-1024 1024 0 ) (-1856 1024 0 ) (-1856 1024 -384 ) 
4 89 99 (-1024 1024 512 ) (-1024 1024 576 ) (-1856 1024 576 ) (-1856 1024 512 ) 
4 89 96 (-1024 1024 1024 ) (-1024 1024 1088 ) (-1856 1024 1088 ) (-1856 1024 1024 ) 
4 89 97 (-1024 1024 576 ) (-1024 1024 1024 ) (-1856 1024 1024 ) (-1856 1024 576 ) 
4 89 94 (-1024 1024 1536 ) (-1024 1024 1600 ) (-1856 1024 1600 ) (-1856 1024 1536 ) 
4 89 93 (-1024 1024 1600 ) (-1024 1024 3136 ) (-1856 1024 3136 ) (-1856 1024 1600 ) 
4 89 95 (-1024 1024 1088 ) (-1024 1024 1536 ) (-1856 1024 1536 ) (-1856 1024 1088 ) 
3 90 98 (-1024 247.125549 576 ) (-1024 128 576 ) (-1073.361328 128 576 ) 
4 90 97 (-1024 247.125000 576 ) (-1073.361206 128 576 ) (-1073.361206 128 1024 ) (-1024 247.125000 1024 ) 
4 90 93 (-1073.361206 128 1600 ) (-1073.361450 128 3136 ) (-1024 247.125000 3136 ) (-1024 247.125000 1600 ) 
4 90 95 (-1073.361206 128 1088 ) (-1073.361206 128 1536 ) (-1024 247.125000 1536 ) (-1024 247.125000 1088 ) 
4 90 91 (-1073.359375 128 3136 ) (-1073.359375 128 1600 ) (-1024 128 1600 ) (-1024 128 3136 ) 
4 90 92 (-1073.359375 128 1536 ) (-1073.359375 128 576 ) (-1024 128 576 ) (-1024 128 1536 ) 
4 91 181 (-1024 0 1600 ) (-1024 0 3136 ) (-1126.400024 0 3136 ) (-1126.400146 0 1600 ) 
4 91 93 (-1126.400146 0 1600 ) (-1126.400391 0 3136 ) (-1073.361450 128 3136 ) (-1073.361328 128 1600 ) 
4 92 182 (-1024 0 576 ) (-1024 0 1536 ) (-1126.400146 0 1536 ) (-1126.400146 0 576 ) 
4 92 97 (-1073.361206 128 576 ) (-1126.399902 0 576 ) (-1126.400024 0 1024 ) (-1073.361328 128 1024 ) 
4 92 95 (-1126.400024 0 1088 ) (-1126.400146 0 1536 ) (-1073.361328 128 1536 ) (-1073.361328 128 1088 ) 
4 93 184 (-1126.400024 0 3136 ) (-1856 0 3136 ) (-1856 0 1600 ) (-1126.400146 0 1600 ) 
5 93 94 (-1856 0 1600 ) (-1856 1024 1600 ) (-1024 1024 1600 ) (-1024 896 1600 ) (-1408 0 1600 ) 
4 94 185 (-1856 0 1600 ) (-1856 0 1536 ) (-1408 0 1536 ) (-1408 0 1600 ) 
5 94 95 (-1856 0 1536 ) (-1856 1024 1536 ) (-1024 1024 1536 ) (-1024 896 1536 ) (-1408 0 1536 ) 
4 95 186 (-1856 0 1536 ) (-1856 0 1088 ) (-1126.400146 0 1088 ) (-1126.400146 0 1536 ) 
5 95 96 (-1856 0 1088 ) (-1856 1024 1088 ) (-1024 1024 1088 ) (-1024 896 1088 ) (-1408 0 1088 ) 
4 96 187 (-1856 0 1088 ) (-1856 0 1024 ) (-1408 0 1024 ) (-1408 0 1088 ) 
5 96 97 (-1856 0 1024 ) (-1856 1024 1024 ) (-1024 1024 1024 ) (-1024 896 1024 ) (-1408 0 1024 ) 
4 97 188 (-1856 0 1024 ) (-1856 0 576 ) (-1126.400146 0 576 ) (-1126.400146 0 1024 ) 
5 97 99 (-1856 1024 576 ) (-1024 1024 576 ) (-1024 896 576 ) (-1408 0 576 ) (-1856 0 576 ) 
3 98 100 (-1024 247.125549 512 ) (-1024 128 512 ) (-1073.361328 128 512 ) 
4 99 190 (-1408 0 576 ) (-1856 0 576 ) (-1856 0 512 ) (-1408 0 512 ) 
5 99 100 (-1856 1024 512 ) (-1024 1024 512 ) (-1024 896 512 ) (-1408 0 512 ) (-1856 0 512 ) 
4 100 191 (-1024 0 64 ) (-1024 0 512 ) (-1856 0 512 ) (-1856 0 64 ) 
4 100 102 (-1280 0 64 ) (-1718.857178 1024 64 ) (-1024 1024 64 ) (-1024 597.333313 64 ) 
4 100 101 (-1280 0 64 ) (-1856 0 64 ) (-1856 1024 64 ) (-1718.857178 1024 64 ) 
4 101 192 (-1280 0 64 ) (-1856 0 64 ) (-1856 0 0 ) (-1280 0 0 ) 
4 101 102 (-1280 0 0 ) (-1718.857056 1024 0 ) (-1718.857178 1024 64 ) (-1280 0 64 ) 
4 101 103 (-1856 0 0 ) (-1856 1024 0 ) (-1718.857178 1024 0 ) (-1280 0 0 ) 
4 102 103 (-1718.857178 1024 0 ) (-1024 1024 0 ) (-1024 597.333313 0 ) (-1280 0 0 ) 
4 103 193 (-1024 0 -384 ) (-1024 0 0 ) (-1856 0 0 ) (-1856 0 -384 ) 
4 104 117 (1024 -128 3136 ) (1024 0 3136 ) (1024 0 1600 ) (1024 -128 1600 ) 
4 104 107 (1126.398804 0 1600 ) (1126.399414 0 3136 ) (1073.360718 -128 3136 ) (1073.360229 -128 1600 ) 
4 104 106 (1073.359375 -128 1600 ) (1073.359375 -128 3136 ) (1024 -128 3136 ) (1024 -128 1600 ) 
4 105 125 (1024 0 1088 ) (1024 0 1024 ) (1024 -128 1024 ) (1024 -128 1088 ) 
4 105 124 (1024 0 1536 ) (1024 0 1088 ) (1024 -128 1088 ) (1024 -128 1536 ) 
4 105 131 (1024 0 1024 ) (1024 0 576 ) (1024 -128 576 ) (1024 -128 1024 ) 
4 105 111 (1073.359863 -128 576 ) (1126.398438 0 576 ) (1126.398682 0 1024 ) (1073.360107 -128 1024 ) 
4 105 109 (1126.398682 0 1088 ) (1126.398804 0 1536 ) (1073.360229 -128 1536 ) (1073.360107 -128 1088 ) 
4 105 106 (1024 -128 576 ) (1073.359375 -128 576 ) (1073.359375 -128 1536 ) (1024 -128 1536 ) 
4 106 125 (1024 -128 1088 ) (1024 -128 1024 ) (1024 -247.125534 1024 ) (1024 -247.125534 1088 ) 
4 106 124 (1024 -128 1536 ) (1024 -128 1088 ) (1024 -247.125534 1088 ) (1024 -247.125534 1536 ) 
4 106 131 (1024 -128 1024 ) (1024 -128 576 ) (1024 -247.125534 576 ) (1024 -247.125534 1024 ) 
4 106 118 (1024 -128 1600 ) (1024 -128 1536 ) (1024 -247.125534 1536 ) (1024 -247.125534 1600 ) 
4 106 117 (1024 -247.125549 3136 ) (1024 -128 3136 ) (1024 -128 1600 ) (1024 -247.125534 1600 ) 
3 106 112 (1073.361450 -128 576 ) (1024 -247.125549 576 ) (1024 -128 576 ) 
4 106 111 (1024 -247.122009 576 ) (1073.359863 -128 576 ) (1073.359985 -128 1024 ) (1024 -247.122345 1024 ) 
4 106 107 (1073.360107 -128 1600 ) (1073.360718 -128 3136 ) (1024 -247.123886 3136 ) (1024 -247.122757 1600 ) 
4 106 109 (1073.359985 -128 1088 ) (1073.360107 -128 1536 ) (1024 -247.122711 1536 ) (1024 -247.122391 1088 ) 
4 107 142 (1728 -1024 3136 ) (1024 -1024 3136 ) (1024 -1024 1600 ) (1728 -1024 1600 ) 
4 107 117 (1024 -1024 1600 ) (1024 -1024 3136 ) (1024 -247.125549 3136 ) (1024 -247.125534 1600 ) 
5 107 108 (1408 0 1600 ) (1728 0 1600 ) (1728 -1024 1600 ) (1024 -1024 1600 ) (1024 -896 1600 ) 
4 108 142 (1024 -1024 1600 ) (1024 -1024 1536 ) (1728 -1024 1536 ) (1728 -1024 1600 ) 
4 108 119 (1024 -1024 1536 ) (1024 -1024 1600 ) (1024 -896 1600 ) (1024 -896 1536 ) 
5 108 109 (1024 -1024 1536 ) (1024 -896 1536 ) (1408 0 1536 ) (1728 0 1536 ) (1728 -1024 1536 ) 
4 109 142 (1024 -1024 1536 ) (1024 -1024 1088 ) (1728 -1024 1088 ) (1728 -1024 1536 ) 
4 109 124 (1024 -1024 1088 ) (1024 -1024 1536 ) (1024 -247.125534 1536 ) (1024 -247.125534 1088 ) 
5 109 110 (1408 0 1088 ) (1728 0 1088 ) (1728 -1024 1088 ) (1024 -1024 1088 ) (1024 -896 1088 ) 
4 110 142 (1024 -1024 1088 ) (1024 -1024 1024 ) (1728 -1024 1024 ) (1728 -1024 1088 ) 
4 110 129 (1024 -1024 1024 ) (1024 -1024 1088 ) (1024 -896 1088 ) (1024 -896 1024 ) 
5 110 111 (1024 -1024 1024 ) (1024 -896 1024 ) (1408 0 1024 ) (1728 0 1024 ) (1728 -1024 1024 ) 
4 111 142 (1024 -1024 1024 ) (1024 -1024 576 ) (1728 -1024 576 ) (1728 -1024 1024 ) 
4 111 131 (1024 -1024 576 ) (1024 -1024 1024 ) (1024 -247.125534 1024 ) (1024 -247.125534 576 ) 
5 111 113 (1408 0 576 ) (1728 0 576 ) (1728 -1024 576 ) (1024 -1024 576 ) (1024 -896 576 ) 
4 112 132 (1024 -247.125549 576 ) (1024 -128 576 ) (1024 -128 512 ) (1024 -247.125534 512 ) 
3 112 114 (1073.361328 -128 512 ) (1024 -247.125549 512 ) (1024 -128 512 ) 
4 113 142 (1728 -1024 576 ) (1024 -1024 576 ) (1024 -1024 512 ) (1728 -1024 512 ) 
4 113 133 (1024 -1024 512 ) (1024 -1024 576 ) (1024 -896 576 ) (1024 -896 512 ) 
5 113 114 (1408 0 512 ) (1728 0 512 ) (1728 -1024 512 ) (1024 -1024 512 ) (1024 -896 512 ) 
4 114 142 (1728 -1024 512 ) (1024 -1024 512 ) (1024 -1024 64 ) (1728 -1024 64 ) 
4 114 138 (1024 -1024 64 ) (1024 -1024 512 ) (1024 0 512 ) (1024 0 64 ) 
5 114 115 (1024 -1024 64 ) (1024 -597.333313 64 ) (1280 0 64 ) (1728 0 64 ) (1728 -1024 64 ) 
4 115 142 (1024 -1024 64 ) (1024 -1024 0 ) (1728 -1024 0 ) (1728 -1024 64 ) 
4 115 139 (1024 -1024 0 ) (1024 -1024 64 ) (1024 -597.333313 64 ) (1024 -597.333313 0 ) 
5 115 116 (1280 0 0 ) (1728 0 0 ) (1728 -1024 0 ) (1024 -1024 0 ) (1024 -597.333313 0 ) 
4 116 142 (1024 -1024 0 ) (1024 -1024 -384 ) (1728 -1024 -384 ) (1728 -1024 0 ) 
4 116 141 (1024 -1024 -384 ) (1024 -1024 0 ) (1024 0 0 ) (1024 0 -384 ) 
4 117 156 (0 0 3136 ) (0 0 1600 ) (0 -1024 1600 ) (0 -1024 3136 ) 
4 117 145 (1024 -1024 1600 ) (1024 -1024 3136 ) (247.125549 -1024 3136 ) (247.125534 -1024 1600 ) 
4 117 144 (128 -1024 3136 ) (0 -1024 3136 ) (0 -1024 1600 ) (128 -1024 1600 ) 
4 117 143 (247.125549 -1024 3136 ) (128 -1024 3136 ) (128 -1024 1600 ) (247.125534 -1024 1600 ) 
3 117 123 (320 -155.429947 1600 ) (320 -252.235321 1600 ) (272 -272 1600 ) 
4 117 122 (0 -192 1600 ) (0 0 1600 ) (192 0 1600 ) (136 -136 1600 ) 
5 117 121 (0 -1024 1600 ) (0 -384 1600 ) (320 -252.235321 1600 ) (320 -993.803467 1600 ) (247.125626 -1024 1600 ) 
3 117 120 (985.600098 -985.599854 1600 ) (969.142883 -1024 1600 ) (896 -1024 1600 ) 
3 117 119 (1024 -896 1600 ) (1024 -1024 1600 ) (969.142883 -1024 1600 ) 
5 117 118 (1024 -128 1600 ) (1024 -247.125549 1600 ) (796.400024 -796.399963 1600 ) (320 -993.803467 1600 ) (320 -128 1600 ) 
5 118 124 (320 -993.803467 1536 ) (320 -128 1536 ) (1024 -128 1536 ) (1024 -247.125549 1536 ) (796.400024 -796.399963 1536 ) 
4 118 123 (320 -155.429962 1536 ) (320 -252.235306 1536 ) (320 -252.235291 1600 ) (320 -155.429947 1600 ) 
4 118 121 (320 -252.235306 1536 ) (320 -993.803406 1536 ) (320 -993.803467 1600 ) (320 -252.235291 1600 ) 
4 119 146 (1024 -1024 1536 ) (1024 -1024 1600 ) (969.142883 -1024 1600 ) (969.142883 -1024 1536 ) 
3 119 124 (1024 -1024 1536 ) (969.142883 -1024 1536 ) (1024 -896 1536 ) 
4 119 120 (985.599609 -985.600037 1536 ) (969.142456 -1024 1536 ) (969.142456 -1024 1600 ) (985.599609 -985.600037 1600 ) 
4 120 146 (969.142883 -1024 1600 ) (896 -1024 1600 ) (896 -1024 1536 ) (969.142883 -1024 1536 ) 
3 120 124 (969.142883 -1024 1536 ) (896 -1024 1536 ) (985.600098 -985.599854 1536 ) 
4 121 158 (0 -384 1536 ) (0 -932.584839 1536 ) (0 -932.585815 1600 ) (0 -384 1600 ) 
4 121 157 (0 -932.584839 1536 ) (0 -1024 1536 ) (0 -1024 1600 ) (0 -932.585815 1600 ) 
4 121 144 (128 -1024 1600 ) (0 -1024 1600 ) (0 -1024 1536 ) (128 -1024 1536 ) 
4 121 143 (247.125626 -1024 1600 ) (128 -1024 1600 ) (128 -1024 1536 ) (247.125626 -1024 1536 ) 
5 121 124 (247.125626 -1024 1536 ) (0 -1024 1536 ) (0 -384 1536 ) (320 -252.235321 1536 ) (320 -993.803467 1536 ) 
4 121 123 (320 -252.236328 1600 ) (320 -252.236328 1536 ) (272 -272.001251 1536 ) (272 -272.001434 1600 ) 
4 122 159 (0 0 1600 ) (0 0 1536 ) (0 -192 1536 ) (0 -192 1600 ) 
4 122 124 (0 -192 1536 ) (0 0 1536 ) (192 0 1536 ) (136 -136 1536 ) 
3 123 124 (320 -155.429947 1536 ) (320 -252.235321 1536 ) (272 -272 1536 ) 
4 124 163 (0 0 1536 ) (0 0 1088 ) (0 -1024 1088 ) (0 -1024 1536 ) 
4 124 147 (1024 -1024 1088 ) (1024 -1024 1536 ) (247.125549 -1024 1536 ) (247.125534 -1024 1088 ) 
4 124 144 (128 -1024 1536 ) (0 -1024 1536 ) (0 -1024 1088 ) (128 -1024 1088 ) 
4 124 143 (247.125549 -1024 1536 ) (128 -1024 1536 ) (128 -1024 1088 ) (247.125534 -1024 1088 ) 
3 124 130 (969.142883 -1024 1088 ) (896 -1024 1088 ) (985.600098 -985.599854 1088 ) 
3 124 129 (1024 -1024 1088 ) (969.142883 -1024 1088 ) (1024 -896 1088 ) 
5 124 128 (247.125549 -1024 1088 ) (128 -1024 1088 ) (128 -320 1088 ) (993.803406 -320 1088 ) (796.400024 -796.400024 1088 ) 
4 124 127 (0 -192 1088 ) (0 0 1088 ) (192 0 1088 ) (136 -136 1088 ) 
3 124 126 (384.001343 0 1088 ) (932.578308 0 1088 ) (272 -271.998962 1088 ) 
5 124 125 (932.578308 0 1088 ) (1024 0 1088 ) (1024 -247.125626 1088 ) (993.803467 -320 1088 ) (155.424927 -320 1088 ) 
4 125 128 (155.426941 -320 1024 ) (993.803406 -320 1024 ) (993.803467 -320 1088 ) (155.424927 -320 1088 ) 
4 125 126 (932.578125 0 1024 ) (272 -272 1024 ) (272 -271.998047 1088 ) (932.576477 0 1088 ) 
5 125 131 (932.580322 0 1024 ) (1024 0 1024 ) (1024 -247.125626 1024 ) (993.803467 -320 1024 ) (155.426941 -320 1024 ) 
3 126 131 (384.001373 0 1024 ) (932.580322 0 1024 ) (272 -272 1024 ) 
4 127 165 (0 0 1088 ) (0 0 1024 ) (0 -192 1024 ) (0 -192 1088 ) 
4 127 131 (0 -192 1024 ) (0 0 1024 ) (192 0 1024 ) (136 -136 1024 ) 
4 128 143 (247.125549 -1024 1088 ) (128 -1024 1088 ) (128 -1024 1024 ) (247.125549 -1024 1024 ) 
5 128 131 (128 -320 1024 ) (993.803406 -320 1024 ) (796.400024 -796.400024 1024 ) (247.125549 -1024 1024 ) (128 -1024 1024 ) 
4 129 148 (1024 -1024 1024 ) (1024 -1024 1088 ) (969.142883 -1024 1088 ) (969.142944 -1024 1024 ) 
4 129 130 (985.599731 -985.599976 1024 ) (969.142578 -1024 1024 ) (969.142639 -1024 1088 ) (985.599792 -985.600037 1088 ) 
3 129 131 (1024 -896 1024 ) (1024 -1024 1024 ) (969.142883 -1024 1024 ) 
4 130 148 (969.142883 -1024 1088 ) (896 -1024 1088 ) (896 -1024 1024 ) (969.142944 -1024 1024 ) 
3 130 131 (985.600098 -985.599854 1024 ) (969.142883 -1024 1024 ) (896 -1024 1024 ) 
4 131 170 (0 0 1024 ) (0 0 576 ) (0 -1024 576 ) (0 -1024 1024 ) 
4 131 149 (1024 -1024 576 ) (1024 -1024 1024 ) (0 -1024 1024 ) (0 -1024 576 ) 
3 131 137 (320 -155.429947 576 ) (320 -252.235291 576 ) (272 -272 576 ) 
5 131 136 (320 -252.235291 576 ) (320 -993.803467 576 ) (247.125626 -1024 576 ) (128 -1024 576 ) (128 -331.294128 576 ) 
4 131 135 (0 -192 576 ) (0 0 576 ) (192 0 576 ) (136 -136 576 ) 
3 131 134 (985.600098 -985.599854 576 ) (969.142883 -1024 576 ) (896 -1024 576 ) 
3 131 133 (1024 -896 576 ) (1024 -1024 576 ) (969.142883 -1024 576 ) 
5 131 132 (1024 -128 576 ) (1024 -247.125504 576 ) (796.400024 -796.400085 576 ) (320 -993.803467 576 ) (320 -128 576 ) 
5 132 138 (320 -993.803467 512 ) (320 -128 512 ) (1024 -128 512 ) (1024 -247.125504 512 ) (796.400024 -796.400085 512 ) 
4 132 137 (320 -155.429962 512 ) (320 -252.235306 512 ) (320 -252.235291 576 ) (320 -155.429947 576 ) 
4 132 136 (320 -252.235306 512 ) (320 -993.803406 512 ) (320 -993.803467 576 ) (320 -252.235291 576 ) 
4 133 151 (1024 -1024 512 ) (1024 -1024 576 ) (969.142883 -1024 576 ) (969.142883 -1024 512 ) 
3 133 138 (1024 -1024 512 ) (969.142883 -1024 512 ) (1024 -896 512 ) 
4 133 134 (985.599609 -985.600037 512 ) (969.142456 -1024 512 ) (969.142456 -1024 576 ) (985.599609 -985.600037 576 ) 
4 134 151 (969.142883 -1024 576 ) (896 -1024 576 ) (896 -1024 512 ) (969.142883 -1024 512 ) 
3 134 138 (969.142883 -1024 512 ) (896 -1024 512 ) (985.600098 -985.599854 512 ) 
4 135 171 (0 0 576 ) (0 0 512 ) (0 -192 512 ) (0 -192 576 ) 
4 135 138 (0 -192 512 ) (0 0 512 ) (192 0 512 ) (136 -136 512 ) 
4 136 150 (247.125626 -1024 576 ) (128 -1024 576 ) (128 -1024 512 ) (247.125626 -1024 512 ) 
5 136 138 (247.125626 -1024 512 ) (128 -1024 512 ) (128 -331.294128 512 ) (320 -252.235291 512 ) (320 -993.803467 512 ) 
4 136 137 (320 -252.236206 576 ) (320 -252.236206 512 ) (272 -272.001068 512 ) (272 -272.001068 576 ) 
3 137 138 (320 -155.429947 512 ) (320 -252.235291 512 ) (272 -272 512 ) 
4 138 177 (0 0 512 ) (0 0 64 ) (0 -1024 64 ) (0 -1024 512 ) 
4 138 152 (1024 -1024 64 ) (1024 -1024 512 ) (0 -1024 512 ) (0 -1024 64 ) 
3 138 140 (841.142822 -1024 64 ) (597.333374 -1024 64 ) (896 -896 64 ) 
3 138 139 (1024 -1024 64 ) (841.142822 -1024 64 ) (1024 -597.333313 64 ) 
4 139 154 (1024 -1024 0 ) (1024 -1024 64 ) (841.142822 -1024 64 ) (841.142822 -1024 0 ) 
3 139 141 (1024 -597.333313 0 ) (1024 -1024 0 ) (841.142822 -1024 0 ) 
4 139 140 (896.001404 -896 0 ) (841.143982 -1024 0 ) (841.142517 -1024 64 ) (896 -896 64 ) 
4 140 154 (841.142822 -1024 64 ) (597.333374 -1024 64 ) (597.333374 -1024 0 ) (841.142822 -1024 0 ) 
3 140 141 (896 -896 0 ) (841.142822 -1024 0 ) (597.333374 -1024 0 ) 
4 141 180 (0 0 0 ) (0 0 -384 ) (0 -1024 -384 ) (0 -1024 0 ) 
4 141 155 (1024 -1024 -384 ) (1024 -1024 0 ) (0 -1024 0 ) (0 -1024 -384 ) 
4 142 154 (1024 -1024 64 ) (1024 -1024 0 ) (1024 -1718.857178 0 ) (1024 -1718.857178 64 ) 
4 142 153 (1024 -1718.857178 0 ) (1024 -1856 0 ) (1024 -1856 64 ) (1024 -1718.857178 64 ) 
4 142 152 (1024 -1024 512 ) (1024 -1024 64 ) (1024 -1856 64 ) (1024 -1856 512 ) 
4 142 155 (1024 -1024 0 ) (1024 -1024 -384 ) (1024 -1856 -384 ) (1024 -1856 0 ) 
4 142 151 (1024 -1024 576 ) (1024 -1024 512 ) (1024 -1856 512 ) (1024 -1856 576 ) 
4 142 149 (1024 -1024 1024 ) (1024 -1024 576 ) (1024 -1856 576 ) (1024 -1856 1024 ) 
4 142 148 (1024 -1024 1088 ) (1024 -1024 1024 ) (1024 -1856 1024 ) (1024 -1856 1088 ) 
4 142 146 (1024 -1024 1600 ) (1024 -1024 1536 ) (1024 -1856 1536 ) (1024 -1856 1600 ) 
4 142 145 (1024 -1024 3136 ) (1024 -1024 1600 ) (1024 -1856 1600 ) (1024 -1856 3136 ) 
4 142 147 (1024 -1024 1536 ) (1024 -1024 1088 ) (1024 -1856 1088 ) (1024 -1856 1536 ) 
3 143 149 (128 -1024 1024 ) (247.125534 -1024 1024 ) (128 -1073.361450 1024 ) 
4 143 145 (247.123764 -1024 1600 ) (247.123596 -1024 3136 ) (128 -1073.360596 3136 ) (128 -1073.360718 1600 ) 
4 143 147 (247.123810 -1024 1088 ) (247.123764 -1024 1536 ) (128 -1073.360718 1536 ) (128 -1073.360718 1088 ) 
4 143 144 (128 -1073.359375 1088 ) (128 -1073.359375 3136 ) (128 -1024 3136 ) (128 -1024 1088 ) 
4 144 194 (0 -1126.400146 3136 ) (0 -1024 3136 ) (0 -1024 1088 ) (0 -1126.400146 1088 ) 
4 144 145 (128 -1073.360718 1600 ) (128 -1073.360596 3136 ) (0 -1126.399292 3136 ) (0 -1126.399414 1600 ) 
4 144 147 (128 -1073.360718 1088 ) (128 -1073.360718 1536 ) (0 -1126.399414 1536 ) (0 -1126.399414 1088 ) 
4 145 196 (0 -1856 3136 ) (0 -1126.400146 3136 ) (0 -1126.400146 1600 ) (0 -1856 1600 ) 
5 145 146 (1024 -1856 1600 ) (0 -1856 1600 ) (0 -1408 1600 ) (896 -1024 1600 ) (1024 -1024 1600 ) 
4 146 197 (0 -1408 1536 ) (0 -1856 1536 ) (0 -1856 1600 ) (0 -1408 1600 ) 
5 146 147 (1024 -1856 1536 ) (0 -1856 1536 ) (0 -1408 1536 ) (896 -1024 1536 ) (1024 -1024 1536 ) 
4 147 198 (0 -1126.400146 1536 ) (0 -1126.400146 1088 ) (0 -1856 1088 ) (0 -1856 1536 ) 
5 147 148 (1024 -1856 1088 ) (0 -1856 1088 ) (0 -1408 1088 ) (896 -1024 1088 ) (1024 -1024 1088 ) 
4 148 199 (0 -1408 1024 ) (0 -1856 1024 ) (0 -1856 1088 ) (0 -1408 1088 ) 
5 148 149 (1024 -1024 1024 ) (1024 -1856 1024 ) (0 -1856 1024 ) (0 -1408 1024 ) (896 -1024 1024 ) 
4 149 200 (0 -1856 1024 ) (0 -1024 1024 ) (0 -1024 576 ) (0 -1856 576 ) 
5 149 151 (1024 -1856 576 ) (0 -1856 576 ) (0 -1408 576 ) (896 -1024 576 ) (1024 -1024 576 ) 
3 149 150 (128 -1024 576 ) (247.125534 -1024 576 ) (128 -1073.361450 576 ) 
3 150 152 (128 -1024 512 ) (247.125534 -1024 512 ) (128 -1073.361450 512 ) 
4 151 202 (0 -1408 512 ) (0 -1856 512 ) (0 -1856 576 ) (0 -1408 576 ) 
5 151 152 (1024 -1024 512 ) (1024 -1856 512 ) (0 -1856 512 ) (0 -1408 512 ) (896 -1024 512 ) 
4 152 203 (0 -1856 512 ) (0 -1024 512 ) (0 -1024 64 ) (0 -1856 64 ) 
4 152 154 (0 -1280 64 ) (597.333313 -1024 64 ) (1024 -1024 64 ) (1024 -1718.857178 64 ) 
4 152 153 (1024 -1856 64 ) (0 -1856 64 ) (0 -1280 64 ) (1024 -1718.857178 64 ) 
4 153 204 (0 -1280 0 ) (0 -1856 0 ) (0 -1856 64 ) (0 -1280 64 ) 
4 153 154 (1024 -1718.857178 0 ) (0 -1280 0 ) (0 -1280 64 ) (1024 -1718.857422 64 ) 
4 153 155 (1024 -1856 0 ) (0 -1856 0 ) (0 -1280 0 ) (1024 -1718.857178 0 ) 
4 154 155 (0 -1280 0 ) (597.333313 -1024 0 ) (1024 -1024 0 ) (1024 -1718.857178 0 ) 
4 155 205 (0 -1024 0 ) (0 -1024 -384 ) (0 -1856 -384 ) (0 -1856 0 ) 
4 156 196 (-247.125534 -1024 3136 ) (-1024 -1024 3136 ) (-1024 -1024 1600 ) (-247.125549 -1024 1600 ) 
4 156 194 (0 -1024 1600 ) (0 -1024 3136 ) (-128 -1024 3136 ) (-128 -1024 1600 ) 
4 156 195 (-128 -1024 3136 ) (-247.125534 -1024 3136 ) (-247.125549 -1024 1600 ) (-128 -1024 1600 ) 
4 156 184 (-1024 -247.125534 1600 ) (-1024 -1024 1600 ) (-1024 -1024 3136 ) (-1024 -247.125549 3136 ) 
4 156 181 (-1024 0 3136 ) (-1024 0 1600 ) (-1024 -128 1600 ) (-1024 -128 3136 ) 
4 156 183 (-1024 -128 1600 ) (-1024 -247.125534 1600 ) (-1024 -247.125549 3136 ) (-1024 -128 3136 ) 
3 156 162 (-985.599854 -985.600098 1600 ) (-1024 -969.142883 1600 ) (-1024 -896 1600 ) 
3 156 161 (-896 -1024 1600 ) (-1024 -1024 1600 ) (-1024 -969.142883 1600 ) 
5 156 160 (-1024 -247.125519 1600 ) (-1024 -128 1600 ) (-320 -128 1600 ) (-320 -993.803467 1600 ) (-796.400024 -796.400146 1600 ) 
4 156 159 (-192 0 1600 ) (0 0 1600 ) (0 -192 1600 ) (-136 -136 1600 ) 
3 156 158 (0 -384 1600 ) (0 -932.585815 1600 ) (-272.008362 -271.996521 1600 ) 
5 156 157 (0 -1024 1600 ) (-247.125626 -1024 1600 ) (-320 -993.803467 1600 ) (-320 -155.445862 1600 ) (0 -932.585815 1600 ) 
4 157 194 (0 -1024 1536 ) (0 -1024 1600 ) (-128 -1024 1600 ) (-128 -1024 1536 ) 
4 157 195 (-128 -1024 1600 ) (-247.125626 -1024 1600 ) (-247.125626 -1024 1536 ) (-128 -1024 1536 ) 
5 157 163 (0 -932.584900 1536 ) (0 -1024 1536 ) (-247.125626 -1024 1536 ) (-320 -993.803467 1536 ) (-320 -155.444885 1536 ) 
4 157 160 (-320 -155.444885 1536 ) (-320 -993.803406 1536 ) (-320 -993.803467 1600 ) (-320 -155.445862 1600 ) 
4 157 158 (0 -932.582764 1536 ) (-272.007233 -271.997070 1536 ) (-272.007813 -271.996765 1600 ) (0 -932.584717 1600 ) 
3 158 163 (0 -384 1536 ) (0 -932.584900 1536 ) (-272.007874 -271.996765 1536 ) 
4 159 163 (-192 0 1536 ) (0 0 1536 ) (0 -192 1536 ) (-136 -136 1536 ) 
4 160 183 (-1024 -128 1536 ) (-1024 -247.125534 1536 ) (-1024 -247.125519 1600 ) (-1024 -128 1600 ) 
5 160 163 (-1024 -247.125519 1536 ) (-1024 -128 1536 ) (-320 -128 1536 ) (-320 -993.803467 1536 ) (-796.400024 -796.400146 1536 ) 
4 161 197 (-896 -1024 1600 ) (-1024 -1024 1600 ) (-1024 -1024 1536 ) (-896 -1024 1536 ) 
4 161 185 (-1024 -969.142883 1536 ) (-1024 -1024 1536 ) (-1024 -1024 1600 ) (-1024 -969.142883 1600 ) 
3 161 163 (-1024 -1024 1536 ) (-1024 -969.142883 1536 ) (-896 -1024 1536 ) 
4 161 162 (-985.599976 -985.599792 1536 ) (-1024 -969.142639 1536 ) (-1024 -969.142700 1600 ) (-985.599976 -985.599854 1600 ) 
4 162 185 (-1024 -896 1536 ) (-1024 -969.142883 1536 ) (-1024 -969.142883 1600 ) (-1024 -896 1600 ) 
3 162 163 (-1024 -969.142883 1536 ) (-1024 -896 1536 ) (-985.599854 -985.600098 1536 ) 
4 163 198 (-247.125534 -1024 1536 ) (-1024 -1024 1536 ) (-1024 -1024 1088 ) (-247.125549 -1024 1088 ) 
4 163 194 (0 -1024 1088 ) (0 -1024 1536 ) (-128 -1024 1536 ) (-128 -1024 1088 ) 
4 163 195 (-128 -1024 1536 ) (-247.125534 -1024 1536 ) (-247.125549 -1024 1088 ) (-128 -1024 1088 ) 
4 163 186 (-1024 -247.125534 1088 ) (-1024 -1024 1088 ) (-1024 -1024 1536 ) (-1024 -247.125549 1536 ) 
4 163 182 (-1024 0 1536 ) (-1024 0 1088 ) (-1024 -128 1088 ) (-1024 -128 1536 ) 
4 163 183 (-1024 -128 1088 ) (-1024 -247.125534 1088 ) (-1024 -247.125549 1536 ) (-1024 -128 1536 ) 
3 163 169 (-1024 -969.142883 1088 ) (-1024 -896 1088 ) (-985.599854 -985.600098 1088 ) 
3 163 168 (-1024 -1024 1088 ) (-1024 -969.142883 1088 ) (-896 -1024 1088 ) 
5 163 167 (-993.803467 -320 1088 ) (-128 -320 1088 ) (-128 -1024 1088 ) (-247.125580 -1024 1088 ) (-796.400024 -796.400146 1088 ) 
3 163 166 (-155.428619 -320 1088 ) (-252.238892 -320 1088 ) (-272.004425 -271.998199 1088 ) 
4 163 165 (-192 0 1088 ) (0 0 1088 ) (0 -192 1088 ) (-136 -136 1088 ) 
5 163 164 (-1024 -247.125626 1088 ) (-1024 0 1088 ) (-384.004089 0 1088 ) (-252.238892 -320 1088 ) (-993.803467 -320 1088 ) 
4 164 182 (-1024 0 1088 ) (-1024 0 1024 ) (-1024 -128 1024 ) (-1024 -128 1088 ) 
4 164 183 (-1024 -128 1024 ) (-1024 -247.125626 1024 ) (-1024 -247.125626 1088 ) (-1024 -128 1088 ) 
4 164 167 (-993.803467 -320 1024 ) (-252.238464 -320 1024 ) (-252.238892 -320 1088 ) (-993.803467 -320 1088 ) 
4 164 166 (-252.238403 -320 1088 ) (-252.237991 -320 1024 ) (-272.003326 -271.998627 1024 ) (-272.003784 -271.998444 1088 ) 
5 164 170 (-1024 -247.125626 1024 ) (-1024 0 1024 ) (-384.003723 0 1024 ) (-252.238464 -320 1024 ) (-993.803406 -320 1024 ) 
4 165 170 (-192 0 1024 ) (0 0 1024 ) (0 -192 1024 ) (-136 -136 1024 ) 
4 166 167 (-252.238464 -320 1024 ) (-155.428589 -320 1024 ) (-155.428619 -320 1088 ) (-252.238892 -320 1088 ) 
3 166 170 (-155.428589 -320 1024 ) (-252.238464 -320 1024 ) (-272.003906 -271.998383 1024 ) 
4 167 195 (-128 -1024 1088 ) (-247.125580 -1024 1088 ) (-247.125580 -1024 1024 ) (-128 -1024 1024 ) 
5 167 170 (-128 -1024 1024 ) (-247.125580 -1024 1024 ) (-796.400024 -796.400146 1024 ) (-993.803467 -320 1024 ) (-128 -320 1024 ) 
4 168 199 (-896 -1024 1088 ) (-1024 -1024 1088 ) (-1024 -1024 1024 ) (-896 -1024 1024 ) 
4 168 187 (-1024 -969.142883 1024 ) (-1024 -1024 1024 ) (-1024 -1024 1088 ) (-1024 -969.142883 1088 ) 
4 168 169 (-985.600037 -985.599670 1024 ) (-1024 -969.142517 1024 ) (-1024 -969.142517 1088 ) (-985.600037 -985.599670 1088 ) 
3 168 170 (-896 -1024 1024 ) (-1024 -1024 1024 ) (-1024 -969.142883 1024 ) 
4 169 187 (-1024 -896 1024 ) (-1024 -969.142883 1024 ) (-1024 -969.142883 1088 ) (-1024 -896 1088 ) 
3 169 170 (-985.599854 -985.600098 1024 ) (-1024 -969.142883 1024 ) (-1024 -896 1024 ) 
4 170 200 (0 -1024 576 ) (0 -1024 1024 ) (-1024 -1024 1024 ) (-1024 -1024 576 ) 
4 170 188 (-1024 -247.125534 576 ) (-1024 -1024 576 ) (-1024 -1024 1024 ) (-1024 -247.125549 1024 ) 
4 170 182 (-1024 0 1024 ) (-1024 0 576 ) (-1024 -128 576 ) (-1024 -128 1024 ) 
4 170 183 (-1024 -128 576 ) (-1024 -247.125534 576 ) (-1024 -247.125549 1024 ) (-1024 -128 1024 ) 
3 170 176 (-985.599854 -985.600098 576 ) (-1024 -969.142883 576 ) (-1024 -896 576 ) 
3 170 175 (-896 -1024 576 ) (-1024 -1024 576 ) (-1024 -969.142883 576 ) 
5 170 174 (-796.399963 -796.400146 576 ) (-1024 -247.125549 576 ) (-1024 -128 576 ) (-320 -128 576 ) (-320 -993.803467 576 ) 
3 170 173 (-320 -252.235291 576 ) (-320 -155.429993 576 ) (-272 -272 576 ) 
5 170 172 (-128 -1024 576 ) (-247.125626 -1024 576 ) (-320 -993.803467 576 ) (-320 -252.235291 576 ) (-128 -331.294128 576 ) 
4 170 171 (-192 0 576 ) (0 0 576 ) (0 -192 576 ) (-136 -136 576 ) 
4 171 177 (-192 0 512 ) (0 0 512 ) (0 -192 512 ) (-136 -136 512 ) 
4 172 201 (-128 -1024 576 ) (-247.125626 -1024 576 ) (-247.125626 -1024 512 ) (-128 -1024 512 ) 
5 172 177 (-128 -1024 512 ) (-247.125626 -1024 512 ) (-320 -993.803467 512 ) (-320 -252.235291 512 ) (-128 -331.294128 512 ) 
4 172 174 (-320 -252.235291 512 ) (-320 -993.803467 512 ) (-320 -993.803467 576 ) (-320 -252.235291 576 ) 
4 172 173 (-272 -272.001068 512 ) (-320 -252.236221 512 ) (-320 -252.236221 576 ) (-272 -272 576 ) 
3 173 177 (-320 -252.235291 512 ) (-320 -155.429016 512 ) (-272 -272 512 ) 
4 173 174 (-320 -155.429062 512 ) (-320 -252.235291 512 ) (-320 -252.235291 576 ) (-320 -155.429993 576 ) 
4 174 189 (-1024 -128 512 ) (-1024 -247.125549 512 ) (-1024 -247.125549 576 ) (-1024 -128 576 ) 
5 174 177 (-1024 -247.125549 512 ) (-1024 -128 512 ) (-320 -128 512 ) (-320 -993.803467 512 ) (-796.399963 -796.400146 512 ) 
4 175 202 (-896 -1024 576 ) (-1024 -1024 576 ) (-1024 -1024 512 ) (-896 -1024 512 ) 
4 175 190 (-1024 -969.142944 512 ) (-1024 -1024 512 ) (-1024 -1024 576 ) (-1024 -969.142883 576 ) 
3 175 177 (-1024 -1024 512 ) (-1024 -969.142883 512 ) (-896 -1024 512 ) 
4 175 176 (-985.599976 -985.599731 512 ) (-1024 -969.142578 512 ) (-1024 -969.142517 576 ) (-985.600037 -985.599670 576 ) 
4 176 190 (-1024 -896 512 ) (-1024 -969.142944 512 ) (-1024 -969.142883 576 ) (-1024 -896 576 ) 
3 176 177 (-1024 -969.142883 512 ) (-1024 -896 512 ) (-985.599854 -985.600098 512 ) 
4 177 203 (0 -1024 64 ) (0 -1024 512 ) (-1024 -1024 512 ) (-1024 -1024 64 ) 
4 177 191 (-1024 0 512 ) (-1024 0 64 ) (-1024 -1024 64 ) (-1024 -1024 512 ) 
3 177 179 (-1024 -841.142822 64 ) (-1024 -597.333374 64 ) (-896 -896 64 ) 
3 177 178 (-1024 -1024 64 ) (-1024 -841.142822 64 ) (-597.333313 -1024 64 ) 
4 178 204 (-597.333313 -1024 64 ) (-1024 -1024 64 ) (-1024 -1024 0 ) (-597.333313 -1024 0 ) 
4 178 192 (-1024 -841.142822 0 ) (-1024 -1024 0 ) (-1024 -1024 64 ) (-1024 -841.142822 64 ) 
3 178 180 (-597.333313 -1024 0 ) (-1024 -1024 0 ) (-1024 -841.142822 0 ) 
4 178 179 (-896 -896.001404 0 ) (-1024 -841.143982 0 ) (-1024 -841.142517 64 ) (-896 -896 64 ) 
4 179 192 (-1024 -597.333374 0 ) (-1024 -841.142822 0 ) (-1024 -841.142822 64 ) (-1024 -597.333374 64 ) 
3 179 180 (-896 -896 0 ) (-1024 -841.142822 0 ) (-1024 -597.333374 0 ) 
4 180 205 (0 -1024 -384 ) (0 -1024 0 ) (-1024 -1024 0 ) (-1024 -1024 -384 ) 
4 180 193 (-1024 0 0 ) (-1024 0 -384 ) (-1024 -1024 -384 ) (-1024 -1024 0 ) 
4 181 184 (-1073.361694 -128 1600 ) (-1073.361816 -128 3136 ) (-1126.400391 0 3136 ) (-1126.400391 0 1600 ) 
4 181 183 (-1073.359375 -128 3136 ) (-1073.359375 -128 1600 ) (-1024 -128 1600 ) (-1024 -128 3136 ) 
4 182 188 (-1126.400391 0 576 ) (-1073.361694 -128 576 ) (-1073.361694 -128 1024 ) (-1126.400391 0 1024 ) 
4 182 186 (-1073.361694 -128 1088 ) (-1073.361694 -128 1536 ) (-1126.400391 0 1536 ) (-1126.400391 0 1088 ) 
4 182 183 (-1073.359375 -128 1536 ) (-1073.359375 -128 576 ) (-1024 -128 576 ) (-1024 -128 1536 ) 
3 183 189 (-1024 -128 576 ) (-1024 -247.125534 576 ) (-1073.361450 -128 576 ) 
4 183 188 (-1073.361694 -128 576 ) (-1024 -247.126236 576 ) (-1024 -247.126328 1024 ) (-1073.361694 -128 1024 ) 
4 183 184 (-1024 -247.126450 1600 ) (-1024 -247.126770 3136 ) (-1073.361816 -128 3136 ) (-1073.361694 -128 1600 ) 
4 183 186 (-1024 -247.126343 1088 ) (-1024 -247.126434 1536 ) (-1073.361694 -128 1536 ) (-1073.361694 -128 1088 ) 
4 184 206 (-1024 -1024 1600 ) (-1024 -1024 3136 ) (-1856 -1024 3136 ) (-1856 -1024 1600 ) 
5 184 185 (-1856 -1024 1600 ) (-1856 0 1600 ) (-1408 0 1600 ) (-1024 -896 1600 ) (-1024 -1024 1600 ) 
4 185 206 (-1024 -1024 1536 ) (-1024 -1024 1600 ) (-1856 -1024 1600 ) (-1856 -1024 1536 ) 
5 185 186 (-1856 -1024 1536 ) (-1856 0 1536 ) (-1408 0 1536 ) (-1024 -896 1536 ) (-1024 -1024 1536 ) 
4 186 206 (-1024 -1024 1088 ) (-1024 -1024 1536 ) (-1856 -1024 1536 ) (-1856 -1024 1088 ) 
5 186 187 (-1856 -1024 1088 ) (-1856 0 1088 ) (-1408 0 1088 ) (-1024 -896 1088 ) (-1024 -1024 1088 ) 
4 187 206 (-1024 -1024 1024 ) (-1024 -1024 1088 ) (-1856 -1024 1088 ) (-1856 -1024 1024 ) 
5 187 188 (-1856 -1024 1024 ) (-1856 0 1024 ) (-1408 0 1024 ) (-1024 -896 1024 ) (-1024 -1024 1024 ) 
4 188 206 (-1024 -1024 576 ) (-1024 -1024 1024 ) (-1856 -1024 1024 ) (-1856 -1024 576 ) 
5 188 190 (-1024 -1024 576 ) (-1856 -1024 576 ) (-1856 0 576 ) (-1408 0 576 ) (-1024 -896 576 ) 
3 189 191 (-1024 -128 512 ) (-1024 -247.125534 512 ) (-1073.361450 -128 512 ) 
4 190 206 (-1024 -1024 512 ) (-1024 -1024 576 ) (-1856 -1024 576 ) (-1856 -1024 512 ) 
5 190 191 (-1024 -1024 512 ) (-1856 -1024 512 ) (-1856 0 512 ) (-1408 0 512 ) (-1024 -896 512 ) 
4 191 206 (-1024 -1024 64 ) (-1024 -1024 512 ) (-1856 -1024 512 ) (-1856 -1024 64 ) 
5 191 192 (-1856 -1024 64 ) (-1856 0 64 ) (-1280 0 64 ) (-1024 -597.333313 64 ) (-1024 -1024 64 ) 
4 192 206 (-1024 -1024 0 ) (-1024 -1024 64 ) (-1856 -1024 64 ) (-1856 -1024 0 ) 
5 192 193 (-1024 -1024 0 ) (-1856 -1024 0 ) (-1856 0 0 ) (-1280 0 0 ) (-1024 -597.333313 0 ) 
4 193 206 (-1024 -1024 -384 ) (-1024 -1024 0 ) (-1856 -1024 0 ) (-1856 -1024 -384 ) 
4 194 196 (0 -1126.399414 1600 ) (0 -1126.400391 3136 ) (-128 -1073.361450 3136 ) (-128 -1073.360718 1600 ) 
4 194 198 (0 -1126.399170 1088 ) (0 -1126.399414 1536 ) (-128 -1073.360718 1536 ) (-128 -1073.360474 1088 ) 
4 194 195 (-128 -1073.359375 1088 ) (-128 -1073.359375 3136 ) (-128 -1024 3136 ) (-128 -1024 1088 ) 
3 195 200 (-247.125549 -1024 1024 ) (-128 -1024 1024 ) (-128 -1073.361328 1024 ) 
4 195 196 (-128 -1073.360718 1600 ) (-128 -1073.361450 3136 ) (-247.125000 -1024 3136 ) (-247.123749 -1024 1600 ) 
4 195 198 (-128 -1073.360474 1088 ) (-128 -1073.360718 1536 ) (-247.123703 -1024 1536 ) (-247.123337 -1024 1088 ) 
4 196 206 (-1024 -1024 3136 ) (-1024 -1024 1600 ) (-1024 -1856 1600 ) (-1024 -1856 3136 ) 
5 196 197 (0 -1856 1600 ) (-1024 -1856 1600 ) (-1024 -1024 1600 ) (-896 -1024 1600 ) (0 -1408 1600 ) 
4 197 206 (-1024 -1024 1600 ) (-1024 -1024 1536 ) (-1024 -1856 1536 ) (-1024 -1856 1600 ) 
5 197 198 (0 -1856 1536 ) (-1024 -1856 1536 ) (-1024 -1024 1536 ) (-896 -1024 1536 ) (0 -1408 1536 ) 
4 198 206 (-1024 -1024 1536 ) (-1024 -1024 1088 ) (-1024 -1856 1088 ) (-1024 -1856 1536 ) 
5 198 199 (0 -1856 1088 ) (-1024 -1856 1088 ) (-1024 -1024 1088 ) (-896 -1024 1088 ) (0 -1408 1088 ) 
4 199 206 (-1024 -1024 1088 ) (-1024 -1024 1024 ) (-1024 -1856 1024 ) (-1024 -1856 1088 ) 
5 199 200 (-1024 -1856 1024 ) (-1024 -1024 1024 ) (-896 -1024 1024 ) (0 -1408 1024 ) (0 -1856 1024 ) 
4 200 206 (-1024 -1024 1024 ) (-1024 -1024 576 ) (-1024 -1856 576 ) (-1024 -1856 1024 ) 
5 200 202 (0 -1856 576 ) (-1024 -1856 576 ) (-1024 -1024 576 ) (-896 -1024 576 ) (0 -1408 576 ) 
3 200 201 (-247.125549 -1024 576 ) (-128 -1024 576 ) (-128 -1073.361328 576 ) 
3 201 203 (-247.125549 -1024 512 ) (-128 -1024 512 ) (-128 -1073.361328 512 ) 
4 202 206 (-1024 -1024 576 ) (-1024 -1024 512 ) (-1024 -1856 512 ) (-1024 -1856 576 ) 
5 202 203 (-1024 -1856 512 ) (-1024 -1024 512 ) (-896 -1024 512 ) (0 -1408 512 ) (0 -1856 512 ) 
4 203 206 (-1024 -1024 512 ) (-1024 -1024 64 ) (-1024 -1856 64 ) (-1024 -1856 512 ) 
5 203 204 (0 -1856 64 ) (-1024 -1856 64 ) (-1024 -1024 64 ) (-597.333313 -1024 64 ) (0 -1280 64 ) 
4 204 206 (-1024 -1024 64 ) (-1024 -1024 0 ) (-1024 -1856 0 ) (-1024 -1856 64 ) 
5 204 205 (0 -1856 0 ) (-1024 -1856 0 ) (-1024 -1024 0 ) (-597.333313 -1024 0 ) (0 -1280 0 ) 
4 205 206 (-1024 -1024 0 ) (-1024 -1024 -384 ) (-1024 -1856 -384 ) (-1024 -1856 0 ) 
