PRT1
86
253
3 0 5 (1024 1024 2357.271729 ) (1024 1024 2116 ) (1104.717163 1024 2116 ) 
3 0 2 (1024 1024 2116 ) (1024 1024 2357.271729 ) (1024 1215.421509 2116 ) 
3 0 1 (1024 1024 2116 ) (1024 1215.421509 2116 ) (1104.717163 1024 2116 ) 
4 1 8 (1152 1024 2116 ) (1024 1024 2116 ) (1024 1024 -956 ) (1152 1024 -956 ) 
4 1 6 (1244 1024 -956 ) (1244 1024 2116 ) (1152 1024 2116 ) (1152 1024 -956 ) 
4 1 3 (1024 1024 -956 ) (1024 1024 2116 ) (1024 1244 2116 ) (1024 1244 -956 ) 
5 2 19 (0 1024 2116 ) (0 1024 3244 ) (0 1242.004272 3244 ) (0 1620 2214.087891 ) (0 1620 2116 ) 
6 2 9 (1024 1024 2116 ) (1024 1024 2357.271729 ) (907.884338 1024 2704.353027 ) (426.528015 1024 3244 ) (0 1024 3244 ) (0 1024 2116 ) 
6 2 3 (1024 1215.421631 2116 ) (1024 1024 2116 ) (0 1024 2116 ) (0 1620 2116 ) (266.604462 1620 2116 ) (1014.613159 1237.682617 2116 ) 
4 3 20 (0 1024 -956 ) (0 1024 2116 ) (0 1620 2116 ) (0 1620 -956 ) 
4 3 9 (1024 1024 -956 ) (1024 1024 2116 ) (0 1024 2116 ) (0 1024 -956 ) 
4 3 4 (0 1024 -956 ) (0 1188 -956 ) (504 1188 -956 ) (668 1024 -956 ) 
4 4 21 (0 1024 -1100 ) (0 1024 -956 ) (0 1188 -956 ) (0 1188 -1100 ) 
4 4 17 (0 1024 -1024 ) (0 1024 -1100 ) (668 1024 -1100 ) (668 1024 -1024 ) 
4 4 12 (0 1024 -1008 ) (0 1024 -1024 ) (668 1024 -1024 ) (668 1024 -1008 ) 
4 4 10 (668 1024 -956 ) (0 1024 -956 ) (0 1024 -1008 ) (668 1024 -1008 ) 
4 5 38 (1159.138062 0 3244 ) (1024 0 3244 ) (1024 0 2116 ) (1536.509033 0 2116 ) 
5 5 9 (1024 1024 2357.271729 ) (1024 1024 2116 ) (1024 0 2116 ) (1024 0 3244 ) (1024 320.481567 3244 ) 
5 5 8 (1024 668 2116 ) (1024 1024 2116 ) (1104.717163 1024 2116 ) (1152 911.868164 2116 ) (1152 540 2116 ) 
4 5 7 (1024 0 2116 ) (1024 668 2116 ) (1152 540 2116 ) (1152 0 2116 ) 
3 5 6 (1152 911.868164 2116 ) (1536.509033 0 2116 ) (1152 0 2116 ) 
4 6 39 (1584 0 -956 ) (1584 0 2116 ) (1152 0 2116 ) (1152 0 -956 ) 
4 6 8 (1152 540 2116 ) (1152 1024 2116 ) (1152 1024 -956 ) (1152 540 -956 ) 
4 6 7 (1152 0 2116 ) (1152 540 2116 ) (1152 540 -956 ) (1152 0 -956 ) 
4 7 40 (1152 0 -1100 ) (1152 0 2116 ) (1024 0 2116 ) (1024 0 -1100 ) 
4 7 18 (1024 0 -1100 ) (1024 0 -1024 ) (1024 439.691956 -1024 ) (1024 439.691956 -1100 ) 
4 7 17 (1024 439.691956 -1024 ) (1024 668 -1024 ) (1024 668 -1100 ) (1024 439.691956 -1100 ) 
4 7 15 (1024 0 -1024 ) (1024 0 -1008 ) (1024 438.192322 -1008 ) (1024 438.192322 -1024 ) 
4 7 13 (1024 438.192322 -1008 ) (1024 439.691925 -1008 ) (1024 439.691925 -1024 ) (1024 438.192322 -1024 ) 
4 7 12 (1024 439.691925 -1008 ) (1024 668 -1008 ) (1024 668 -1024 ) (1024 439.691925 -1024 ) 
4 7 11 (1024 0 -1008 ) (1024 0 -956 ) (1024 439.691956 -956 ) (1024 439.691956 -1008 ) 
4 7 10 (1024 439.691956 -956 ) (1024 668 -956 ) (1024 668 -1008 ) (1024 439.691956 -1008 ) 
4 7 9 (1024 0 -956 ) (1024 0 2116 ) (1024 668 2116 ) (1024 668 -956 ) 
4 7 8 (1152 540 2116 ) (1152 540 -956 ) (1024 668 -956 ) (1024 668 2116 ) 
4 8 9 (1024 1024 2116 ) (1024 1024 -956 ) (1024 668 -956 ) (1024 668 2116 ) 
4 9 42 (1024 0 -956 ) (1024 0 3244 ) (0 0 3244 ) (0 0 -956 ) 
4 9 22 (0 0 -956 ) (0 0 3244 ) (0 1024 3244 ) (0 1024 -956 ) 
4 9 11 (1024 439.691956 -956 ) (1024 0 -956 ) (864 0 -956 ) (610.875610 610.875549 -956 ) 
5 9 10 (1024 668 -956 ) (1024 439.691956 -956 ) (0 864 -956 ) (0 1024 -956 ) (668 1024 -956 ) 
4 10 24 (0 864 -956 ) (0 1024 -956 ) (0 1024 -1008 ) (0 864 -1008 ) 
5 10 12 (1024 668 -1008 ) (1024 439.691956 -1008 ) (0 864 -1008 ) (0 1024 -1008 ) (668 1024 -1008 ) 
4 10 11 (610.876038 610.874512 -1008 ) (1024 439.691132 -1008 ) (1024 439.689819 -956 ) (610.876648 610.873047 -956 ) 
4 11 44 (1024 0 -1008 ) (1024 0 -956 ) (864 0 -956 ) (864 0 -1008 ) 
4 11 15 (1024 438.192291 -1008 ) (1024 0 -1008 ) (864 0 -1008 ) (611.625854 609.064880 -1008 ) 
4 11 13 (1024 439.691956 -1008 ) (1024 438.192291 -1008 ) (611.625854 609.064880 -1008 ) (610.875610 610.875549 -1008 ) 
4 12 28 (0 864 -1008 ) (0 1024 -1008 ) (0 1024 -1024 ) (0 864 -1024 ) 
5 12 17 (0 864 -1024 ) (0 1024 -1024 ) (668 1024 -1024 ) (1024 668 -1024 ) (1024 439.691925 -1024 ) 
4 12 14 (0 864.001953 -1024 ) (610.874817 610.877502 -1024 ) (610.875244 610.876404 -1008 ) (0 864 -1008 ) 
4 12 13 (610.874817 610.877502 -1024 ) (1024 439.693359 -1024 ) (1024 439.692688 -1008 ) (610.875244 610.876404 -1008 ) 
4 13 18 (610.875610 610.875488 -1024 ) (1024 439.691925 -1024 ) (1024 438.192322 -1024 ) (611.625916 609.064880 -1024 ) 
4 13 15 (611.626160 609.064270 -1024 ) (1024 438.191406 -1024 ) (1024 438.191040 -1008 ) (611.626587 609.063293 -1008 ) 
4 13 14 (610.875000 610.875061 -1008 ) (610.875000 610.875061 -1024 ) (611.624695 609.065918 -1024 ) (611.624695 609.065918 -1008 ) 
4 14 29 (0 862.500000 -1008 ) (0 864 -1008 ) (0 864 -1024 ) (0 862.500000 -1024 ) 
4 14 16 (609.815430 609.814575 -1024 ) (611.626160 609.064270 -1024 ) (611.626587 609.063293 -1008 ) (609.815918 609.813599 -1008 ) 
4 15 46 (1024 0 -1024 ) (1024 0 -1008 ) (864 0 -1008 ) (864 0 -1024 ) 
4 15 18 (1024 0 -1024 ) (864 0 -1024 ) (611.625916 609.064880 -1024 ) (1024 438.192322 -1024 ) 
4 15 16 (611.625977 609.066467 -1008 ) (611.625977 609.066467 -1024 ) (864 0 -1024 ) (864.001953 0 -1008 ) 
4 16 48 (864 0 -1008 ) (862.500000 0 -1008 ) (862.500000 0 -1024 ) (864 0 -1024 ) 
4 17 31 (0 864 -1024 ) (0 1024 -1024 ) (0 1024 -1100 ) (0 864 -1100 ) 
4 17 18 (610.876038 610.874512 -1100 ) (1024 439.691132 -1100 ) (1024 439.689819 -1024 ) (610.876648 610.873047 -1024 ) 
4 18 56 (1024 0 -1100 ) (1024 0 -1024 ) (864 0 -1024 ) (864 0 -1100 ) 
3 19 32 (-1024 1024 2116 ) (-1024 1024 2411.967285 ) (-1024 1132.625000 2116 ) 
5 19 22 (0 1024 2116 ) (0 1024 3244 ) (-426.533539 1024 3244 ) (-1024 1024 2411.967285 ) (-1024 1024 2116 ) 
5 19 20 (0 1620 2116 ) (0 1024 2116 ) (-1024 1024 2116 ) (-1024 1132.625000 2116 ) (-70.434937 1620 2116 ) 
4 20 33 (-1024 1024 -956 ) (-1024 1024 2116 ) (-1024 1244 2116 ) (-1024 1244 -956 ) 
4 20 22 (0 1024 -956 ) (0 1024 2116 ) (-1024 1024 2116 ) (-1024 1024 -956 ) 
4 20 21 (0 1188 -956 ) (0 1024 -956 ) (-668 1024 -956 ) (-504 1188 -956 ) 
4 21 31 (0 1024 -1100 ) (0 1024 -1024 ) (-439.692230 1024 -1024 ) (-439.692230 1024 -1100 ) 
4 21 30 (-439.692230 1024 -1024 ) (-668 1024 -1024 ) (-668 1024 -1100 ) (-439.692230 1024 -1100 ) 
4 21 28 (0 1024 -1024 ) (0 1024 -1008 ) (-438.191925 1024 -1008 ) (-438.191956 1024 -1024 ) 
4 21 26 (-438.191925 1024 -1008 ) (-439.692200 1024 -1008 ) (-439.692200 1024 -1024 ) (-438.191956 1024 -1024 ) 
4 21 25 (-439.692200 1024 -1008 ) (-668 1024 -1008 ) (-668 1024 -1024 ) (-439.692200 1024 -1024 ) 
4 21 24 (0 1024 -1008 ) (0 1024 -956 ) (-439.692230 1024 -956 ) (-439.692230 1024 -1008 ) 
4 21 23 (-439.692230 1024 -956 ) (-668 1024 -956 ) (-668 1024 -1008 ) (-439.692230 1024 -1008 ) 
4 22 64 (0 0 -956 ) (0 0 3244 ) (-1024 0 3244 ) (-1024 0 -956 ) 
4 22 36 (-1024 668 2116 ) (-1024 1024 2116 ) (-1024 1024 -956 ) (-1024 668 -956 ) 
4 22 35 (-1024 0 -956 ) (-1024 0 2116 ) (-1024 668 2116 ) (-1024 668 -956 ) 
6 22 34 (-1024 0 2116 ) (-1024 0 3244 ) (-1024 390.421295 3244 ) (-1024 939.692017 2641.678711 ) (-1024 1024 2411.967285 ) (-1024 1024 2116 ) 
4 22 24 (-610.875671 610.875671 -956 ) (-439.692200 1024 -956 ) (0 1024 -956 ) (0 864 -956 ) 
5 22 23 (-864 0 -956 ) (-1024 0 -956 ) (-1024 668 -956 ) (-668 1024 -956 ) (-439.692200 1024 -956 ) 
4 23 65 (-864 0 -956 ) (-1024 0 -956 ) (-1024 0 -1008 ) (-864 0 -1008 ) 
4 23 35 (-1024 0 -1008 ) (-1024 0 -956 ) (-1024 668 -956 ) (-1024 668 -1008 ) 
5 23 25 (-864 0 -1008 ) (-1024 0 -1008 ) (-1024 668 -1008 ) (-668 1024 -1008 ) (-439.692200 1024 -1008 ) 
4 23 24 (-610.873596 610.876526 -1008 ) (-439.690643 1024 -1008 ) (-439.691040 1024 -956 ) (-610.874268 610.876282 -956 ) 
4 24 28 (-438.192017 1024 -1008 ) (0 1024 -1008 ) (0 864 -1008 ) (-609.064514 611.626160 -1008 ) 
4 24 26 (-610.875671 610.875671 -1008 ) (-439.692200 1024 -1008 ) (-438.192017 1024 -1008 ) (-609.064514 611.626160 -1008 ) 
4 25 68 (-864 0 -1008 ) (-1024 0 -1008 ) (-1024 0 -1024 ) (-864 0 -1024 ) 
4 25 35 (-1024 0 -1024 ) (-1024 0 -1008 ) (-1024 668 -1008 ) (-1024 668 -1024 ) 
5 25 30 (-864 0 -1024 ) (-1024 0 -1024 ) (-1024 668 -1024 ) (-668 1024 -1024 ) (-439.692200 1024 -1024 ) 
4 25 27 (-864 0 -1024 ) (-610.876953 610.875122 -1024 ) (-610.875366 610.875854 -1008 ) (-864 0 -1008 ) 
4 25 26 (-610.876953 610.875122 -1024 ) (-439.693359 1024 -1024 ) (-439.691956 1024 -1008 ) (-610.875366 610.875854 -1008 ) 
4 26 31 (-610.875671 610.875671 -1024 ) (-439.692200 1024 -1024 ) (-438.191956 1024 -1024 ) (-609.064575 611.626160 -1024 ) 
4 26 28 (-609.064697 611.626099 -1024 ) (-438.192108 1024 -1024 ) (-438.192200 1024 -1008 ) (-609.064880 611.625977 -1008 ) 
4 26 27 (-610.876953 610.874023 -1008 ) (-610.876953 610.874023 -1024 ) (-609.065735 611.624939 -1024 ) (-609.065735 611.624939 -1008 ) 
4 27 71 (-862.500061 0 -1008 ) (-864 0 -1008 ) (-864 0 -1024 ) (-862.500000 0 -1024 ) 
4 27 29 (-609.814880 609.815674 -1024 ) (-609.064697 611.626099 -1024 ) (-609.064880 611.625977 -1008 ) (-609.815002 609.815613 -1008 ) 
4 28 31 (0 1024 -1024 ) (0 864 -1024 ) (-609.064575 611.626099 -1024 ) (-438.191956 1024 -1024 ) 
4 28 29 (-609.066345 611.625977 -1008 ) (-609.066345 611.625977 -1024 ) (0 864 -1024 ) (0 864.001953 -1008 ) 
4 30 74 (-864 0 -1024 ) (-1024 0 -1024 ) (-1024 0 -1100 ) (-864 0 -1100 ) 
4 30 35 (-1024 0 -1100 ) (-1024 0 -1024 ) (-1024 668 -1024 ) (-1024 668 -1100 ) 
4 30 31 (-610.873596 610.876526 -1100 ) (-439.690643 1024 -1100 ) (-439.691040 1024 -1024 ) (-610.874268 610.876282 -1024 ) 
4 32 34 (-1024 1024 2116 ) (-1024 1024 2411.967529 ) (-1185.599609 1024 2186.923340 ) (-1217.233765 1024 2116 ) 
4 32 33 (-1024 1132.625000 2116 ) (-1024 1024 2116 ) (-1217.233765 1024 2116 ) (-1210.802612 1037.148560 2116 ) 
4 33 37 (-1152 1024 2116 ) (-1244 1024 2116 ) (-1244 1024 -956 ) (-1152 1024 -956 ) 
4 33 36 (-1024 1024 -956 ) (-1024 1024 2116 ) (-1152 1024 2116 ) (-1152 1024 -956 ) 
6 34 76 (-1024 0 2116 ) (-1024 0 3244 ) (-1214.959595 0 3244 ) (-1215.155762 0 3243.560059 ) (-1584 0 2216.266602 ) (-1584 0 2116 ) 
5 34 37 (-1152 0 2116 ) (-1584 0 2116 ) (-1584 274.138062 2116 ) (-1217.233887 1024 2116 ) (-1152 1024 2116 ) 
4 34 36 (-1152 540 2116 ) (-1152 1024 2116 ) (-1024 1024 2116 ) (-1024 668 2116 ) 
4 34 35 (-1024 0 2116 ) (-1152 0 2116 ) (-1152 540 2116 ) (-1024 668 2116 ) 
4 35 77 (-1024 0 -1100 ) (-1024 0 2116 ) (-1152 0 2116 ) (-1152 0 -1100 ) 
4 35 37 (-1152 0 2116 ) (-1152 540 2116 ) (-1152 540 -956 ) (-1152 0 -956 ) 
4 35 36 (-1152 540 -956 ) (-1152 540 2116 ) (-1024 668 2116 ) (-1024 668 -956 ) 
4 36 37 (-1152 540 2116 ) (-1152 1024 2116 ) (-1152 1024 -956 ) (-1152 540 -956 ) 
4 37 79 (-1152 0 -956 ) (-1152 0 2116 ) (-1584 0 2116 ) (-1584 0 -956 ) 
4 38 58 (1024 -1024 2411.964844 ) (1024 -1024 2116 ) (1217.236450 -1024 2116 ) (1185.615845 -1024 2186.899414 ) 
6 38 42 (1024 -1024 2116 ) (1024 -1024 2411.964844 ) (1024 -939.658142 2641.767090 ) (1024 -390.508789 3244 ) (1024 0 3244 ) (1024 0 2116 ) 
4 38 41 (1152 -1024 2116 ) (1024 -1024 2116 ) (1024 -668 2116 ) (1152 -540 2116 ) 
4 38 40 (1024 -668 2116 ) (1024 0 2116 ) (1152 0 2116 ) (1152 -540 2116 ) 
6 38 39 (1217.236450 -1024 2116 ) (1152 -1024 2116 ) (1152 0 2116 ) (1536.509033 0 2116 ) (1584 -112.625496 2116 ) (1584 -274.132874 2116 ) 
4 39 59 (1244 -1024 2116 ) (1152 -1024 2116 ) (1152 -1024 -956 ) (1244 -1024 -956 ) 
4 39 41 (1152 -1024 -956 ) (1152 -1024 2116 ) (1152 -540 2116 ) (1152 -540 -956 ) 
4 39 40 (1152 -540 2116 ) (1152 0 2116 ) (1152 0 -956 ) (1152 -540 -956 ) 
4 40 57 (1024 -439.692230 -1024 ) (1024 -386.134552 -1024 ) (1024 -386.134583 -1100 ) (1024 -439.692230 -1100 ) 
4 40 56 (1024 -386.134552 -1024 ) (1024 0 -1024 ) (1024 0 -1100 ) (1024 -386.134583 -1100 ) 
4 40 55 (1024 -668 -1100 ) (1024 -668 -1024 ) (1024 -439.692230 -1024 ) (1024 -439.692230 -1100 ) 
4 40 49 (1024 -668 -1024 ) (1024 -668 -1008 ) (1024 -389.754944 -1008 ) (1024 -389.754913 -1024 ) 
4 40 47 (1024 -389.754944 -1008 ) (1024 -386.134460 -1008 ) (1024 -386.134430 -1024 ) (1024 -389.754913 -1024 ) 
4 40 46 (1024 -386.134460 -1008 ) (1024 0 -1008 ) (1024 0 -1024 ) (1024 -386.134430 -1024 ) 
4 40 45 (1024 -439.692230 -956 ) (1024 -386.134552 -956 ) (1024 -386.134583 -1008 ) (1024 -439.692230 -1008 ) 
4 40 44 (1024 -386.134552 -956 ) (1024 0 -956 ) (1024 0 -1008 ) (1024 -386.134583 -1008 ) 
4 40 43 (1024 -668 -1008 ) (1024 -668 -956 ) (1024 -439.692230 -956 ) (1024 -439.692230 -1008 ) 
4 40 42 (1024 -668 -956 ) (1024 -668 2116 ) (1024 0 2116 ) (1024 0 -956 ) 
4 40 41 (1152 -540 -956 ) (1152 -540 2116 ) (1024 -668 2116 ) (1024 -668 -956 ) 
4 41 59 (1152 -1024 -956 ) (1152 -1024 2116 ) (1024 -1024 2116 ) (1024 -1024 -956 ) 
4 41 42 (1024 -1024 -956 ) (1024 -1024 2116 ) (1024 -668 2116 ) (1024 -668 -956 ) 
4 42 64 (0 0 3244 ) (0 0 -956 ) (0 -1024 -956 ) (0 -1024 3244 ) 
4 42 62 (1024 -1024 -956 ) (1024 -1024 2116 ) (668 -1024 2116 ) (668 -1024 -956 ) 
4 42 61 (668 -1024 2116 ) (0 -1024 2116 ) (0 -1024 -956 ) (668 -1024 -956 ) 
5 42 60 (1024 -1024 2116 ) (1024 -1024 2411.964600 ) (426.528046 -1024 3244 ) (0 -1024 3244 ) (0 -1024 2116 ) 
4 42 45 (864 0 -956 ) (1024 -386.134552 -956 ) (1024 -439.692200 -956 ) (610.875977 -610.875549 -956 ) 
3 42 44 (864 0 -956 ) (1024 0 -956 ) (1024 -386.134552 -956 ) 
5 42 43 (0 -1024 -956 ) (0 -864 -956 ) (1024 -439.692200 -956 ) (1024 -668 -956 ) (668 -1024 -956 ) 
4 43 66 (0 -864 -1008 ) (0 -1024 -1008 ) (0 -1024 -956 ) (0 -864 -956 ) 
4 43 61 (668 -1024 -956 ) (0 -1024 -956 ) (0 -1024 -1008 ) (668 -1024 -1008 ) 
4 43 53 (0 -864 -1008 ) (609.065063 -611.625916 -1008 ) (438.192566 -1024 -1008 ) (386.134918 -1024 -1008 ) 
3 43 52 (0 -1024 -1008 ) (0 -864 -1008 ) (386.134918 -1024 -1008 ) 
4 43 50 (609.065063 -611.625916 -1008 ) (610.875977 -610.875549 -1008 ) (439.692627 -1024 -1008 ) (438.192566 -1024 -1008 ) 
5 43 49 (610.875977 -610.875549 -1008 ) (1024 -439.692200 -1008 ) (1024 -668 -1008 ) (668 -1024 -1008 ) (439.692627 -1024 -1008 ) 
4 43 45 (1024 -439.691223 -1008 ) (610.876404 -610.874451 -1008 ) (610.876343 -610.874634 -956 ) (1024 -439.691467 -956 ) 
3 44 46 (864 0 -1008 ) (1024 0 -1008 ) (1024 -386.134552 -1008 ) 
4 44 45 (864 0 -1008 ) (1024 -386.136719 -1008 ) (1024 -386.135956 -956 ) (864 0 -956 ) 
4 45 49 (1024 -389.754883 -1008 ) (1024 -439.692200 -1008 ) (610.875977 -610.875549 -1008 ) (863.250000 -1.809998 -1008 ) 
4 45 47 (864 0 -1008 ) (1024 -386.134552 -1008 ) (1024 -389.754883 -1008 ) (863.250000 -1.809998 -1008 ) 
3 46 56 (864 0 -1024 ) (1024 0 -1024 ) (1024 -386.134430 -1024 ) 
4 46 47 (864 0 -1024 ) (1024 -386.132813 -1024 ) (1024 -386.132690 -1008 ) (864 0 -1008 ) 
4 47 57 (864 0 -1024 ) (1024 -386.134430 -1024 ) (1024 -389.754913 -1024 ) (863.250000 -1.809906 -1024 ) 
4 47 49 (863.249939 -1.809929 -1024 ) (1024 -389.757507 -1024 ) (1024 -389.758820 -1008 ) (863.249146 -1.811920 -1008 ) 
4 47 48 (864.001953 0.003906 -1008 ) (864.001953 0.003906 -1024 ) (863.249146 -1.811434 -1024 ) (863.249146 -1.811435 -1008 ) 
4 48 51 (862.500000 0 -1024 ) (863.249939 -1.809929 -1024 ) (863.249146 -1.811920 -1008 ) (862.498352 0 -1008 ) 
4 49 61 (668 -1024 -1008 ) (439.692627 -1024 -1008 ) (439.692627 -1024 -1024 ) (668 -1024 -1024 ) 
4 49 57 (610.875916 -610.875610 -1024 ) (863.249939 -1.809923 -1024 ) (1024 -389.754913 -1024 ) (1024 -439.692261 -1024 ) 
5 49 55 (668 -1024 -1024 ) (439.692627 -1024 -1024 ) (610.875916 -610.875610 -1024 ) (1024 -439.692261 -1024 ) (1024 -668 -1024 ) 
4 49 51 (863.250000 -1.808594 -1008 ) (863.250000 -1.808594 -1024 ) (610.875000 -610.875977 -1024 ) (610.875000 -610.875977 -1008 ) 
4 49 50 (610.875000 -610.875977 -1024 ) (439.691681 -1024 -1024 ) (439.691711 -1024 -1008 ) (610.875000 -610.875977 -1008 ) 
4 50 61 (439.692627 -1024 -1008 ) (438.192566 -1024 -1008 ) (438.192566 -1024 -1024 ) (439.692627 -1024 -1024 ) 
4 50 55 (439.692627 -1024 -1024 ) (438.192566 -1024 -1024 ) (609.065002 -611.625977 -1024 ) (610.875916 -610.875610 -1024 ) 
4 50 53 (609.062439 -611.627075 -1024 ) (438.190399 -1024 -1024 ) (438.190399 -1024 -1008 ) (609.062500 -611.627014 -1008 ) 
4 50 51 (610.878906 -610.873047 -1008 ) (610.878906 -610.873047 -1024 ) (609.066040 -611.624695 -1024 ) (609.066040 -611.624695 -1008 ) 
4 51 54 (609.812927 -609.815857 -1024 ) (609.062439 -611.627075 -1024 ) (609.062500 -611.627014 -1008 ) (609.812988 -609.815796 -1008 ) 
4 52 72 (0 -864 -1024 ) (0 -1024 -1024 ) (0 -1024 -1008 ) (0 -864 -1008 ) 
4 52 61 (386.134918 -1024 -1008 ) (0 -1024 -1008 ) (0 -1024 -1024 ) (386.134918 -1024 -1024 ) 
3 52 55 (386.134918 -1024 -1024 ) (0 -1024 -1024 ) (0 -864 -1024 ) 
4 52 53 (386.136322 -1024 -1024 ) (0 -864 -1024 ) (0 -864 -1008 ) (386.136322 -1024 -1008 ) 
4 53 61 (438.192566 -1024 -1008 ) (386.134918 -1024 -1008 ) (386.134918 -1024 -1024 ) (438.192566 -1024 -1024 ) 
4 53 55 (438.192566 -1024 -1024 ) (386.134918 -1024 -1024 ) (0 -864 -1024 ) (609.065002 -611.625916 -1024 ) 
4 53 54 (609.065613 -611.626648 -1008 ) (609.065613 -611.626648 -1024 ) (-0.003906 -864.001953 -1024 ) (-0.003906 -864.001953 -1008 ) 
4 54 73 (0 -862.499939 -1024 ) (0 -864 -1024 ) (0 -864 -1008 ) (0 -862.500000 -1008 ) 
4 55 75 (0 -864 -1100 ) (0 -1024 -1100 ) (0 -1024 -1024 ) (0 -864 -1024 ) 
4 55 61 (668 -1024 -1024 ) (0 -1024 -1024 ) (0 -1024 -1100 ) (668 -1024 -1100 ) 
4 55 57 (1024 -439.691223 -1100 ) (610.876404 -610.874451 -1100 ) (610.876343 -610.874634 -1024 ) (1024 -439.691467 -1024 ) 
4 56 57 (864 0 -1100 ) (1024 -386.136719 -1100 ) (1024 -386.135956 -1024 ) (864 0 -1024 ) 
3 58 60 (1024 -1024 2411.964844 ) (1024 -1024 2116 ) (1024 -1132.624756 2116 ) 
4 58 59 (1024 -1132.624756 2116 ) (1024 -1024 2116 ) (1217.236450 -1024 2116 ) (1210.806641 -1037.146118 2116 ) 
4 59 63 (1024 -1188 -956 ) (1024 -1244 -956 ) (1024 -1244 2116 ) (1024 -1188 2116 ) 
4 59 62 (1024 -1024 2116 ) (1024 -1024 -956 ) (1024 -1188 -956 ) (1024 -1188 2116 ) 
5 60 80 (0 -1242.002075 3244 ) (0 -1024 3244 ) (0 -1024 2116 ) (0 -1620 2116 ) (0 -1620 2214.087158 ) 
4 60 63 (0 -1620 2116 ) (0 -1188 2116 ) (915.656616 -1188 2116 ) (70.434937 -1620 2116 ) 
5 60 62 (668 -1024 2116 ) (1024 -1024 2116 ) (1024 -1132.624756 2116 ) (915.656616 -1188 2116 ) (504 -1188 2116 ) 
4 60 61 (0 -1188 2116 ) (0 -1024 2116 ) (668 -1024 2116 ) (504 -1188 2116 ) 
4 61 81 (0 -1188 -1100 ) (0 -1188 2116 ) (0 -1024 2116 ) (0 -1024 -1100 ) 
4 61 63 (504 -1188 2116 ) (0 -1188 2116 ) (0 -1188 -956 ) (504 -1188 -956 ) 
4 61 62 (503.997986 -1188 2116 ) (503.998077 -1188 -956 ) (667.997559 -1024 -956 ) (667.997375 -1024 2116 ) 
4 62 63 (1024 -1188 2116 ) (504 -1188 2116 ) (504 -1188 -956 ) (1024 -1188 -956 ) 
4 63 83 (0 -1620 -956 ) (0 -1620 2116 ) (0 -1188 2116 ) (0 -1188 -956 ) 
4 64 82 (-668 -1024 2116 ) (-1024 -1024 2116 ) (-1024 -1024 -956 ) (-668 -1024 -956 ) 
4 64 81 (0 -1024 -956 ) (0 -1024 2116 ) (-668 -1024 2116 ) (-668 -1024 -956 ) 
6 64 80 (0 -1024 2116 ) (0 -1024 3244 ) (-426.496063 -1024 3244 ) (-907.881409 -1024 2704.357422 ) (-1024 -1024 2380.947510 ) (-1024 -1024 2116 ) 
4 64 78 (-1024 -668 -956 ) (-1024 -1024 -956 ) (-1024 -1024 2116 ) (-1024 -668 2116 ) 
4 64 77 (-1024 0 2116 ) (-1024 0 -956 ) (-1024 -668 -956 ) (-1024 -668 2116 ) 
5 64 76 (-1024 0 3244 ) (-1024 0 2116 ) (-1024 -1024 2116 ) (-1024 -1024 2380.947266 ) (-1024 -390.482666 3244 ) 
4 64 67 (-386.134949 -1024 -956 ) (-439.692963 -1024 -956 ) (-610.876221 -610.875488 -956 ) (0 -864 -956 ) 
3 64 66 (0 -1024 -956 ) (-386.134949 -1024 -956 ) (0 -864 -956 ) 
5 64 65 (-439.692963 -1024 -956 ) (-668 -1024 -956 ) (-1024 -668 -956 ) (-1024 0 -956 ) (-864 0 -956 ) 
4 65 81 (-439.692963 -1024 -956 ) (-668 -1024 -956 ) (-668 -1024 -1008 ) (-439.692932 -1024 -1008 ) 
4 65 77 (-1024 0 -956 ) (-1024 0 -1008 ) (-1024 -668 -1008 ) (-1024 -668 -956 ) 
5 65 69 (-439.692963 -1024 -1008 ) (-668 -1024 -1008 ) (-1024 -668 -1008 ) (-1024 -386.134827 -1008 ) (-864 0 -1008 ) 
3 65 68 (-1024 -386.134827 -1008 ) (-1024 0 -1008 ) (-864 0 -1008 ) 
4 65 67 (-439.691437 -1024 -1008 ) (-610.874207 -610.876221 -1008 ) (-610.875549 -610.875793 -956 ) (-439.692413 -1024 -956 ) 
4 66 81 (0 -1024 -1008 ) (0 -1024 -956 ) (-386.134949 -1024 -956 ) (-386.134918 -1024 -1008 ) 
3 66 72 (0 -1024 -1008 ) (-386.134949 -1024 -1008 ) (0 -864 -1008 ) 
4 66 67 (0 -863.998047 -1008 ) (-386.136719 -1024 -1008 ) (-386.135925 -1024 -956 ) (0 -864 -956 ) 
4 67 81 (-386.134949 -1024 -956 ) (-439.692963 -1024 -956 ) (-439.692932 -1024 -1008 ) (-386.134918 -1024 -1008 ) 
4 67 72 (-386.134949 -1024 -1008 ) (-438.191895 -1024 -1008 ) (-609.064026 -611.626404 -1008 ) (0 -864 -1008 ) 
4 67 70 (-438.191895 -1024 -1008 ) (-439.692963 -1024 -1008 ) (-610.876221 -610.875488 -1008 ) (-609.064026 -611.626404 -1008 ) 
4 68 77 (-1024 0 -1008 ) (-1024 0 -1024 ) (-1024 -386.134827 -1024 ) (-1024 -386.134827 -1008 ) 
3 68 74 (-1024 -386.134827 -1024 ) (-1024 0 -1024 ) (-864 0 -1024 ) 
4 68 69 (-1024 -386.133972 -1024 ) (-864 0 -1024 ) (-864 0 -1008 ) (-1024 -386.133972 -1008 ) 
4 69 81 (-439.691254 -1024 -1008 ) (-668 -1024 -1008 ) (-668 -1024 -1024 ) (-439.692322 -1024 -1024 ) 
4 69 77 (-1024 -386.134827 -1024 ) (-1024 -668 -1024 ) (-1024 -668 -1008 ) (-1024 -386.134827 -1008 ) 
5 69 74 (-1024 -668 -1024 ) (-1024 -386.134827 -1024 ) (-864 0 -1024 ) (-439.692322 -1024 -1024 ) (-668 -1024 -1024 ) 
4 69 71 (-610.876465 -610.875305 -1024 ) (-864 0 -1024 ) (-864 0.001878 -1008 ) (-610.875244 -610.875793 -1008 ) 
4 69 70 (-439.692810 -1024 -1024 ) (-610.876465 -610.875305 -1024 ) (-610.875244 -610.875793 -1008 ) (-439.691833 -1024 -1008 ) 
4 70 81 (-438.191925 -1024 -1008 ) (-439.691254 -1024 -1008 ) (-439.692322 -1024 -1024 ) (-438.192902 -1024 -1024 ) 
4 70 75 (-609.065247 -611.625916 -1024 ) (-438.192932 -1024 -1024 ) (-439.692322 -1024 -1024 ) (-610.875732 -610.875610 -1024 ) 
4 70 72 (-438.192261 -1024 -1024 ) (-609.064453 -611.626221 -1024 ) (-609.062744 -611.626892 -1008 ) (-438.191071 -1024 -1008 ) 
4 70 71 (-609.062988 -611.627014 -1008 ) (-609.064148 -611.626526 -1024 ) (-610.874268 -610.875977 -1024 ) (-610.873108 -610.876465 -1008 ) 
4 71 73 (-609.064453 -611.626221 -1024 ) (-609.814941 -609.815063 -1024 ) (-609.813171 -609.815796 -1008 ) (-609.062744 -611.626892 -1008 ) 
4 72 81 (0 -1024 -1024 ) (0 -1024 -1008 ) (-438.191925 -1024 -1008 ) (-438.192902 -1024 -1024 ) 
4 72 75 (0 -864 -1024 ) (0 -1024 -1024 ) (-438.192932 -1024 -1024 ) (-609.065247 -611.625854 -1024 ) 
4 72 73 (0 -864 -1024 ) (-609.063721 -611.625977 -1024 ) (-609.062561 -611.626465 -1008 ) (0 -864 -1008 ) 
4 74 81 (-439.692963 -1024 -1024 ) (-668 -1024 -1024 ) (-668 -1024 -1100 ) (-439.692932 -1024 -1100 ) 
4 74 77 (-1024 0 -1024 ) (-1024 0 -1100 ) (-1024 -668 -1100 ) (-1024 -668 -1024 ) 
4 74 75 (-439.691437 -1024 -1100 ) (-610.874207 -610.876221 -1100 ) (-610.875549 -610.875793 -1024 ) (-439.692413 -1024 -1024 ) 
4 75 81 (0 -1024 -1100 ) (0 -1024 -1024 ) (-439.692963 -1024 -1024 ) (-439.692932 -1024 -1100 ) 
3 76 84 (-1024 -1024 2116 ) (-1024 -1024 2380.947021 ) (-1119.127808 -1024 2116 ) 
4 76 79 (-1584 0 2116 ) (-1152 0 2116 ) (-1152 -956.794983 2116 ) (-1584 -73.599854 2116 ) 
5 76 78 (-1024 -668 2116 ) (-1024 -1024 2116 ) (-1119.127808 -1024 2116 ) (-1152 -956.794983 2116 ) (-1152 -540 2116 ) 
4 76 77 (-1152 0 2116 ) (-1024 0 2116 ) (-1024 -668 2116 ) (-1152 -540 2116 ) 
4 77 79 (-1152 -540 -956 ) (-1152 -540 2116 ) (-1152 0 2116 ) (-1152 0 -956 ) 
4 77 78 (-1152 -540 2116 ) (-1152 -540 -956 ) (-1024 -668 -956 ) (-1024 -668 2116 ) 
4 78 85 (-1024 -1024 -956 ) (-1024 -1024 2116 ) (-1152 -1024 2116 ) (-1152 -1024 -956 ) 
4 78 79 (-1152 -1024 -956 ) (-1152 -1024 2116 ) (-1152 -540 2116 ) (-1152 -540 -956 ) 
4 79 85 (-1152 -1024 -956 ) (-1152 -1024 2116 ) (-1244 -1024 2116 ) (-1244 -1024 -956 ) 
3 80 84 (-1024 -1024 2380.947021 ) (-1024 -1024 2116 ) (-1024 -1218.482422 2116 ) 
6 80 83 (-1024 -1218.482422 2116 ) (-1024 -1188 2116 ) (0 -1188 2116 ) (0 -1620 2116 ) (-266.609100 -1620 2116 ) (-1014.598755 -1237.702515 2116 ) 
4 80 82 (-1024 -1188 2116 ) (-1024 -1024 2116 ) (-668 -1024 2116 ) (-504 -1188 2116 ) 
4 80 81 (-668 -1024 2116 ) (0 -1024 2116 ) (0 -1188 2116 ) (-504 -1188 2116 ) 
4 81 83 (0 -1188 2116 ) (-504 -1188 2116 ) (-504 -1188 -956 ) (0 -1188 -956 ) 
4 81 82 (-503.998016 -1188 -956 ) (-503.998108 -1188 2116 ) (-667.998108 -1024 2116 ) (-667.996216 -1024 -956 ) 
4 82 85 (-1024 -1024 2116 ) (-1024 -1024 -956 ) (-1024 -1188 -956 ) (-1024 -1188 2116 ) 
4 82 83 (-504 -1188 2116 ) (-1024 -1188 2116 ) (-1024 -1188 -956 ) (-504 -1188 -956 ) 
4 83 85 (-1024 -1244 -956 ) (-1024 -1244 2116 ) (-1024 -1188 2116 ) (-1024 -1188 -956 ) 
3 84 85 (-1119.127808 -1024 2116 ) (-1024 -1024 2116 ) (-1024 -1218.482300 2116 ) 
