PRT1
102
255
4 0 24 (0 2048 2116 ) (0 2048 2442.963135 ) (0 2160 2214.088623 ) (0 2160 2116 ) 
4 0 6 (0 2048 2442.963135 ) (0 2048 2116 ) (574.600159 2048 2116 ) (82.838776 2048 2529.484863 ) 
4 0 1 (574.600098 2048 2116 ) (0 2048 2116 ) (0 2160 2116 ) (355.470856 2160 2116 ) 
4 1 25 (0 2048 -956 ) (0 2048 2116 ) (0 2160 2116 ) (0 2160 -956 ) 
4 1 7 (976 2048 -956 ) (976 2048 2116 ) (0 2048 2116 ) (0 2048 -956 ) 
4 2 50 (2112 0 -956 ) (2112 0 2116 ) (2048 0 2116 ) (2048 0 -956 ) 
4 2 11 (2048 0 -956 ) (2048 0 2116 ) (2048 976 2116 ) (2048 976 -956 ) 
4 3 10 (1113.720825 1024 3244 ) (1024 1024 3244 ) (1024 1024 2116 ) (1616.883301 1024 2116 ) 
4 3 6 (1024 1818.305542 2116 ) (1024 1024 2116 ) (1024 1024 3244 ) (1024 1132.625366 3244 ) 
5 3 5 (1024 1232 2116 ) (1024 1818.305542 2116 ) (1352.812012 1650.245239 2116 ) (1616.883301 1024 2116 ) (1232 1024 2116 ) 
3 3 4 (1024 1024 2116 ) (1024 1232 2116 ) (1232 1024 2116 ) 
4 4 12 (1232 1024 -1100 ) (1232 1024 -956 ) (1024 1024 -956 ) (1024 1024 -1100 ) 
4 4 11 (1232 1024 -956 ) (1232 1024 2116 ) (1024 1024 2116 ) (1024 1024 -956 ) 
4 4 8 (1024 1024 -1100 ) (1024 1024 -956 ) (1024 1232 -956 ) (1024 1232 -1100 ) 
4 4 7 (1024 1024 -956 ) (1024 1024 2116 ) (1024 1232 2116 ) (1024 1232 -956 ) 
4 4 5 (1024 1232 2116 ) (1232 1024 2116 ) (1232 1024 -956 ) (1024 1232 -956 ) 
4 5 11 (2000 1024 -956 ) (2000 1024 2116 ) (1232 1024 2116 ) (1232 1024 -956 ) 
4 5 7 (1024 1232 -956 ) (1024 1232 2116 ) (1024 2000 2116 ) (1024 2000 -956 ) 
6 6 26 (0 1024 2116 ) (0 1024 3244 ) (0 1656.005859 3244 ) (0 1656.030396 3243.959717 ) (0 2048 2442.963135 ) (0 2048 2116 ) 
4 6 14 (1024 1024 2116 ) (1024 1024 3244 ) (0 1024 3244 ) (0 1024 2116 ) 
5 6 7 (1024 1024 2116 ) (0 1024 2116 ) (0 2048 2116 ) (574.600159 2048 2116 ) (1024 1818.305542 2116 ) 
4 7 27 (0 1024 -956 ) (0 1024 2116 ) (0 2048 2116 ) (0 2048 -956 ) 
4 7 14 (1024 1024 -956 ) (1024 1024 2116 ) (0 1024 2116 ) (0 1024 -956 ) 
6 7 8 (1024 1232 -956 ) (1024 1024 -956 ) (308.907349 1024 -956 ) (0 1152 -956 ) (0 1584 -956 ) (672 1584 -956 ) 
4 8 28 (0 1152 -1100 ) (0 1152 -956 ) (0 1584 -956 ) (0 1584 -1100 ) 
4 8 22 (1024 1024 -1100 ) (1024 1024 -1024 ) (308.907349 1024 -1024 ) (308.907379 1024 -1100 ) 
4 8 17 (1024 1024 -1024 ) (1024 1024 -1008 ) (308.907349 1024 -1008 ) (308.907349 1024 -1024 ) 
4 8 15 (1024 1024 -1008 ) (1024 1024 -956 ) (308.907349 1024 -956 ) (308.907349 1024 -1008 ) 
4 8 9 (0 1152 -1008 ) (0 1152 -1024 ) (308.906616 1024 -1024 ) (308.906525 1024 -1008 ) 
4 9 29 (0 1150 -1008 ) (0 1152 -1008 ) (0 1152 -1024 ) (0 1150 -1024 ) 
4 9 19 (308.907349 1024 -1024 ) (308.907349 1024 -1008 ) (304.081299 1024 -1008 ) (304.081329 1024 -1024 ) 
5 10 51 (2048 0 2116 ) (2048 0 2117.520020 ) (1545.515259 0 3244 ) (1024 0 3244 ) (1024 0 2116 ) 
4 10 14 (1024 1024 3244 ) (1024 1024 2116 ) (1024 0 2116 ) (1024 0 3244 ) 
5 10 11 (1024 0 2116 ) (1024 1024 2116 ) (1616.883301 1024 2116 ) (2048 1.608032 2116 ) (2048 0 2116 ) 
4 11 52 (2048 0 -956 ) (2048 0 2116 ) (1024 0 2116 ) (1024 0 -956 ) 
4 11 14 (1024 1024 2116 ) (1024 1024 -956 ) (1024 0 -956 ) (1024 0 2116 ) 
6 11 12 (1024 1024 -956 ) (1232 1024 -956 ) (1536 720 -956 ) (1536 0 -956 ) (1152 0 -956 ) (1024 308.907379 -956 ) 
4 12 53 (1536 0 -1100 ) (1536 0 -956 ) (1152 0 -956 ) (1152 0 -1100 ) 
4 12 23 (1024 727.691528 -1100 ) (1024 308.907349 -1100 ) (1024 308.907379 -1024 ) (1024 727.691650 -1024 ) 
4 12 22 (1024 1024 -1024 ) (1024 1024 -1100 ) (1024 727.691528 -1100 ) (1024 727.691650 -1024 ) 
4 12 20 (1024 725.692749 -1024 ) (1024 308.907379 -1024 ) (1024 308.907379 -1008 ) (1024 725.692749 -1008 ) 
4 12 18 (1024 727.691650 -1024 ) (1024 725.692749 -1024 ) (1024 725.692749 -1008 ) (1024 727.691711 -1008 ) 
4 12 17 (1024 1024 -1008 ) (1024 1024 -1024 ) (1024 727.691650 -1024 ) (1024 727.691711 -1008 ) 
4 12 16 (1024 727.691528 -1008 ) (1024 308.907379 -1008 ) (1024 308.907379 -956 ) (1024 727.691650 -956 ) 
4 12 15 (1024 1024 -956 ) (1024 1024 -1008 ) (1024 727.691528 -1008 ) (1024 727.691650 -956 ) 
4 12 13 (1024 308.910156 -1008 ) (1024 308.910156 -1024 ) (1152.001709 0 -1024 ) (1152.001709 0 -1008 ) 
4 13 54 (1152 0 -1024 ) (1152 0 -1008 ) (1150 0 -1008 ) (1150 0 -1024 ) 
4 13 21 (1024 304.081665 -1008 ) (1024 308.907379 -1008 ) (1024 308.907379 -1024 ) (1024 304.081665 -1024 ) 
4 14 56 (1024 0 -956 ) (1024 0 3244 ) (0 0 3244 ) (0 0 -956 ) 
4 14 33 (0 0 -956 ) (0 0 3244 ) (0 1024 3244 ) (0 1024 -956 ) 
3 14 16 (1024 727.691528 -956 ) (1024 308.907440 -956 ) (814.500671 814.500488 -956 ) 
3 14 15 (1024 1024 -956 ) (1024 727.691528 -956 ) (308.907379 1024 -956 ) 
3 15 17 (1024 1024 -1008 ) (1024 727.691528 -1008 ) (308.907379 1024 -1008 ) 
4 15 16 (814.500000 814.501953 -1008 ) (1024 727.692749 -1008 ) (1024 727.692566 -956 ) (814.500000 814.501831 -956 ) 
3 16 20 (1024 725.692749 -1008 ) (1024 308.907440 -1008 ) (815.500732 812.087036 -1008 ) 
4 16 18 (1024 727.691528 -1008 ) (1024 725.692749 -1008 ) (815.500732 812.087036 -1008 ) (814.500671 814.500488 -1008 ) 
3 17 22 (308.907471 1024 -1024 ) (1024 1024 -1024 ) (1024 727.691650 -1024 ) 
4 17 19 (308.910156 1024 -1024 ) (814.500000 814.501953 -1024 ) (814.500427 814.500793 -1008 ) (308.910156 1024 -1008 ) 
4 17 18 (814.500000 814.501953 -1024 ) (1024 727.692749 -1024 ) (1024 727.691406 -1008 ) (814.500427 814.500793 -1008 ) 
4 18 23 (814.500610 814.500610 -1024 ) (1024 727.691650 -1024 ) (1024 725.692749 -1024 ) (815.500610 812.087036 -1024 ) 
4 18 20 (815.500183 812.088135 -1024 ) (1024 725.693359 -1024 ) (1024 725.691406 -1008 ) (815.501282 812.085449 -1008 ) 
4 18 19 (814.500000 814.501953 -1008 ) (814.500000 814.501953 -1024 ) (815.500793 812.086670 -1024 ) (815.500793 812.086670 -1008 ) 
4 19 21 (813.086731 813.088196 -1024 ) (815.500183 812.088135 -1024 ) (815.501282 812.085449 -1008 ) (813.088013 813.085449 -1008 ) 
3 20 23 (815.500549 812.087097 -1024 ) (1024 725.692749 -1024 ) (1024 308.907471 -1024 ) 
4 20 21 (815.500977 812.087891 -1008 ) (815.500977 812.087891 -1024 ) (1024 308.909027 -1024 ) (1024 308.914063 -1008 ) 
4 22 23 (814.500000 814.501953 -1100 ) (1024 727.692749 -1100 ) (1024 727.692566 -1024 ) (814.500000 814.501831 -1024 ) 
3 24 26 (0 2048 2116 ) (0 2048 2442.963135 ) (-313.044678 2048 2116 ) 
4 24 25 (-93.913208 2160 2116 ) (0 2160 2116 ) (0 2048 2116 ) (-313.044739 2048 2116 ) 
4 25 27 (0 2048 -956 ) (0 2048 2116 ) (-976 2048 2116 ) (-976 2048 -956 ) 
4 26 33 (0 1024 2116 ) (0 1024 3244 ) (-1024 1024 3244 ) (-1024 1024 2116 ) 
4 26 30 (-1024 1684.624023 2116 ) (-1024 1024 2116 ) (-1024 1024 3244 ) (-1024 1132.634521 3244 ) 
5 26 27 (-313.044678 2048 2116 ) (0 2048 2116 ) (0 1024 2116 ) (-1024 1024 2116 ) (-1024 1684.624023 2116 ) 
4 27 33 (0 1024 -956 ) (0 1024 2116 ) (-1024 1024 2116 ) (-1024 1024 -956 ) 
4 27 32 (-1024 2000 -956 ) (-1024 1232 -956 ) (-1024 1232 2116 ) (-1024 2000 2116 ) 
4 27 31 (-1024 1232 -956 ) (-1024 1024 -956 ) (-1024 1024 2116 ) (-1024 1232 2116 ) 
6 27 28 (-1024 1024 -956 ) (-1024 1232 -956 ) (-672 1584 -956 ) (0 1584 -956 ) (0 1152 -956 ) (-308.907562 1024 -956 ) 
4 28 42 (-308.907532 1024 -1100 ) (-308.907562 1024 -1024 ) (-727.691772 1024 -1024 ) (-727.691833 1024 -1100 ) 
4 28 41 (-727.691772 1024 -1024 ) (-1024 1024 -1024 ) (-1024 1024 -1100 ) (-727.691833 1024 -1100 ) 
4 28 39 (-308.907562 1024 -1024 ) (-308.907562 1024 -1008 ) (-725.690491 1024 -1008 ) (-725.690552 1024 -1024 ) 
4 28 37 (-725.690491 1024 -1008 ) (-727.691833 1024 -1008 ) (-727.691895 1024 -1024 ) (-725.690552 1024 -1024 ) 
4 28 36 (-727.691833 1024 -1008 ) (-1024 1024 -1008 ) (-1024 1024 -1024 ) (-727.691895 1024 -1024 ) 
4 28 35 (-308.907562 1024 -1008 ) (-308.907562 1024 -956 ) (-727.691772 1024 -956 ) (-727.691833 1024 -1008 ) 
4 28 34 (-727.691772 1024 -956 ) (-1024 1024 -956 ) (-1024 1024 -1008 ) (-727.691833 1024 -1008 ) 
4 28 31 (-1024 1024 -1100 ) (-1024 1024 -956 ) (-1024 1232 -956 ) (-1024 1232 -1100 ) 
4 28 29 (0 1152.001953 -1024 ) (0 1152.001953 -1008 ) (-308.910156 1024 -1008 ) (-308.910156 1024 -1024 ) 
4 29 40 (-304.081207 1024 -1008 ) (-308.907562 1024 -1008 ) (-308.907562 1024 -1024 ) (-304.081207 1024 -1024 ) 
4 30 43 (-1024 1024 2116 ) (-1024 1024 3244 ) (-1119.095825 1024 3244 ) (-1789.928101 1024 2116 ) 
5 30 32 (-1232 1024 2116 ) (-1789.928101 1024 2116 ) (-1614.404297 1382.862793 2116 ) (-1024 1684.624023 2116 ) (-1024 1232 2116 ) 
3 30 31 (-1024 1024 2116 ) (-1232 1024 2116 ) (-1024 1232 2116 ) 
4 31 45 (-1024 1024 -1100 ) (-1024 1024 -956 ) (-1232 1024 -956 ) (-1232 1024 -1100 ) 
4 31 44 (-1024 1024 -956 ) (-1024 1024 2116 ) (-1232 1024 2116 ) (-1232 1024 -956 ) 
4 31 32 (-1232 1024 -956 ) (-1232 1024 2116 ) (-1024 1232 2116 ) (-1024 1232 -956 ) 
4 32 44 (-1232 1024 -956 ) (-1232 1024 2116 ) (-2000 1024 2116 ) (-2000 1024 -956 ) 
4 33 75 (0 0 -956 ) (0 0 3244 ) (-1024 0 3244 ) (-1024 0 -956 ) 
4 33 44 (-1024 1024 2116 ) (-1024 1024 -956 ) (-1024 0 -956 ) (-1024 0 2116 ) 
4 33 43 (-1024 1024 3244 ) (-1024 1024 2116 ) (-1024 0 2116 ) (-1024 0 3244 ) 
3 33 35 (-727.691833 1024 -956 ) (-308.907562 1024 -956 ) (-814.500671 814.500671 -956 ) 
3 33 34 (-1024 1024 -956 ) (-727.691833 1024 -956 ) (-1024 308.907562 -956 ) 
4 34 45 (-1024 1024 -956 ) (-1024 1024 -1008 ) (-1024 308.907532 -1008 ) (-1024 308.907562 -956 ) 
3 34 36 (-1024 1024 -1008 ) (-727.691833 1024 -1008 ) (-1024 308.907562 -1008 ) 
4 34 35 (-814.501953 814.500244 -1008 ) (-727.692871 1024 -1008 ) (-727.693359 1024 -956 ) (-814.502380 814.500000 -956 ) 
3 35 39 (-725.690491 1024 -1008 ) (-308.907562 1024 -1008 ) (-812.084961 815.501648 -1008 ) 
4 35 37 (-727.691833 1024 -1008 ) (-725.690491 1024 -1008 ) (-812.084961 815.501648 -1008 ) (-814.500671 814.500671 -1008 ) 
4 36 45 (-1024 1024 -1008 ) (-1024 1024 -1024 ) (-1024 308.907593 -1024 ) (-1024 308.907562 -1008 ) 
3 36 41 (-1024 308.907562 -1024 ) (-1024 1024 -1024 ) (-727.691895 1024 -1024 ) 
4 36 38 (-1024 308.910156 -1024 ) (-814.501953 814.500244 -1024 ) (-814.502380 814.500000 -1008 ) (-1024 308.910156 -1008 ) 
4 36 37 (-814.501953 814.500244 -1024 ) (-727.692871 1024 -1024 ) (-727.693359 1024 -1008 ) (-814.502380 814.500000 -1008 ) 
4 37 42 (-814.500732 814.500671 -1024 ) (-727.691895 1024 -1024 ) (-725.690552 1024 -1024 ) (-812.084839 815.501770 -1024 ) 
4 37 39 (-812.087036 815.500854 -1024 ) (-725.692261 1024 -1024 ) (-725.690186 1024 -1008 ) (-812.084473 815.501892 -1008 ) 
4 37 38 (-814.501953 814.500977 -1008 ) (-814.501953 814.500977 -1024 ) (-812.085083 815.502441 -1024 ) (-812.085083 815.502441 -1008 ) 
4 38 46 (-1024 308.907593 -1024 ) (-1024 304.079956 -1024 ) (-1024 304.079926 -1008 ) (-1024 308.907562 -1008 ) 
4 38 40 (-813.087524 813.086426 -1024 ) (-812.087036 815.500854 -1024 ) (-812.084473 815.501892 -1008 ) (-813.084900 813.087463 -1008 ) 
3 39 42 (-812.084900 815.501770 -1024 ) (-725.690552 1024 -1024 ) (-308.907501 1024 -1024 ) 
4 39 40 (-812.085938 815.501953 -1008 ) (-812.085938 815.501953 -1024 ) (-308.909210 1024 -1024 ) (-308.910156 1024 -1008 ) 
4 41 45 (-1024 1024 -1024 ) (-1024 1024 -1100 ) (-1024 308.907532 -1100 ) (-1024 308.907562 -1024 ) 
4 41 42 (-814.501953 814.500244 -1100 ) (-727.692871 1024 -1100 ) (-727.693359 1024 -1024 ) (-814.502380 814.500000 -1024 ) 
5 43 85 (-1024 0 2116 ) (-1024 0 3244 ) (-1619.998291 0 3244 ) (-2048 0 2349.955078 ) (-2048 0 2116 ) 
4 43 47 (-2048 0 2116 ) (-2048 0 2349.955078 ) (-2048 94.500397 2446.509766 ) (-2048 496.366394 2116 ) 
5 43 44 (-1024 1024 2116 ) (-1024 0 2116 ) (-2048 0 2116 ) (-2048 496.366394 2116 ) (-1789.928101 1024 2116 ) 
4 44 86 (-1024 0 -956 ) (-1024 0 2116 ) (-2048 0 2116 ) (-2048 0 -956 ) 
4 44 48 (-2048 0 -956 ) (-2048 0 2116 ) (-2048 976 2116 ) (-2048 976 -956 ) 
6 44 45 (-1024 1024 -956 ) (-1024 308.907532 -956 ) (-1152 0 -956 ) (-1536 0 -956 ) (-1536 720 -956 ) (-1232 1024 -956 ) 
4 45 90 (-1152 0 -1100 ) (-1152 0 -1024 ) (-1536 0 -1024 ) (-1536 0 -1100 ) 
4 45 88 (-1152 0 -1024 ) (-1152 0 -1008 ) (-1536 0 -1008 ) (-1536 0 -1024 ) 
4 45 87 (-1152 0 -1008 ) (-1152 0 -956 ) (-1536 0 -956 ) (-1536 0 -1008 ) 
4 45 46 (-1152 0 -1008 ) (-1152 0 -1024 ) (-1024 308.906616 -1024 ) (-1024 308.906616 -1008 ) 
4 46 89 (-1150 0 -1008 ) (-1152 0 -1008 ) (-1152 0 -1024 ) (-1150 0 -1024 ) 
4 47 98 (-2048 0 2116 ) (-2048 0 2349.955078 ) (-2112 0 2216.266602 ) (-2112 0 2116 ) 
4 47 48 (-2048 0 2116 ) (-2112 0 2116 ) (-2112 365.517059 2116 ) (-2048 496.366394 2116 ) 
4 48 99 (-2048 0 -956 ) (-2048 0 2116 ) (-2112 0 2116 ) (-2112 0 -956 ) 
4 49 51 (2048 0 2117.520020 ) (2048 0 2116 ) (2048 -496.363739 2116 ) (2048 -230.079468 2335.018066 ) 
5 49 50 (2048 -496.363739 2116 ) (2048 0 2116 ) (2048.677979 0 2116 ) (2112 -150.167740 2116 ) (2112 -365.512634 2116 ) 
4 50 52 (2048 0 2116 ) (2048 0 -956 ) (2048 -976 -956 ) (2048 -976 2116 ) 
4 51 66 (1119.155396 -1024 3244 ) (1024 -1024 3244 ) (1024 -1024 2116 ) (1789.930420 -1024 2116 ) 
4 51 56 (1024 0 3244 ) (1024 0 2116 ) (1024 -1024 2116 ) (1024 -1024 3244 ) 
5 51 52 (1789.930420 -1024 2116 ) (1024 -1024 2116 ) (1024 0 2116 ) (2048 0 2116 ) (2048 -496.363678 2116 ) 
4 52 68 (2000 -1024 2116 ) (1232 -1024 2116 ) (1232 -1024 -956 ) (2000 -1024 -956 ) 
4 52 67 (1232 -1024 2116 ) (1024 -1024 2116 ) (1024 -1024 -956 ) (1232 -1024 -956 ) 
4 52 56 (1024 0 2116 ) (1024 0 -956 ) (1024 -1024 -956 ) (1024 -1024 2116 ) 
6 52 53 (1232 -1024 -956 ) (1024 -1024 -956 ) (1024 -308.908020 -956 ) (1152 0 -956 ) (1536 0 -956 ) (1536 -720 -956 ) 
4 53 67 (1232 -1024 -1100 ) (1232 -1024 -956 ) (1024 -1024 -956 ) (1024 -1024 -1100 ) 
4 53 65 (1024 -727.693604 -1024 ) (1024 -308.908020 -1024 ) (1024 -308.908051 -1100 ) (1024 -727.693604 -1100 ) 
4 53 64 (1024 -1024 -1100 ) (1024 -1024 -1024 ) (1024 -727.693604 -1024 ) (1024 -727.693604 -1100 ) 
4 53 59 (1024 -1024 -1024 ) (1024 -1024 -1008 ) (1024 -308.908020 -1008 ) (1024 -308.908020 -1024 ) 
4 53 58 (1024 -727.693604 -956 ) (1024 -308.908020 -956 ) (1024 -308.908020 -1008 ) (1024 -727.693604 -1008 ) 
4 53 57 (1024 -1024 -1008 ) (1024 -1024 -956 ) (1024 -727.693604 -956 ) (1024 -727.693604 -1008 ) 
4 53 55 (1024 -308.910156 -1024 ) (1024 -308.910156 -1008 ) (1151 -2.414307 -1008 ) (1151 -2.414294 -1024 ) 
4 53 54 (1151 -2.414307 -1008 ) (1152 0 -1008 ) (1152 0 -1024 ) (1151 -2.414294 -1024 ) 
4 54 55 (1150 0 -1024 ) (1151 -2.414063 -1024 ) (1151 -2.414063 -1008 ) (1150 0 -1008 ) 
4 55 61 (1024 -304.081970 -1024 ) (1024 -308.908020 -1024 ) (1024 -308.908020 -1008 ) (1024 -304.081970 -1008 ) 
4 56 75 (0 0 3244 ) (0 0 -956 ) (0 -1024 -956 ) (0 -1024 3244 ) 
4 56 70 (1024 -1024 -956 ) (1024 -1024 2116 ) (0 -1024 2116 ) (0 -1024 -956 ) 
4 56 69 (1024 -1024 2116 ) (1024 -1024 3244 ) (0 -1024 3244 ) (0 -1024 2116 ) 
3 56 58 (1024 -308.908051 -956 ) (1024 -727.693604 -956 ) (814.500732 -814.502075 -956 ) 
3 56 57 (1024 -727.693604 -956 ) (1024 -1024 -956 ) (308.908813 -1024 -956 ) 
4 57 71 (1024 -1024 -1008 ) (1024 -1024 -956 ) (308.908813 -1024 -956 ) (308.908813 -1024 -1008 ) 
3 57 62 (725.693237 -1024 -1008 ) (308.908813 -1024 -1008 ) (812.086731 -815.502319 -1008 ) 
4 57 60 (727.692566 -1024 -1008 ) (725.693237 -1024 -1008 ) (812.086731 -815.502319 -1008 ) (814.500793 -814.502014 -1008 ) 
4 57 59 (1024 -727.693604 -1008 ) (1024 -1024 -1008 ) (727.692566 -1024 -1008 ) (814.500793 -814.502014 -1008 ) 
4 57 58 (1024 -727.691772 -1008 ) (814.501648 -814.499878 -1008 ) (814.501648 -814.499756 -956 ) (1024 -727.691650 -956 ) 
3 58 59 (1024 -308.908051 -1008 ) (1024 -727.693604 -1008 ) (814.500732 -814.502075 -1008 ) 
4 59 71 (1024 -1024 -1024 ) (1024 -1024 -1008 ) (727.692566 -1024 -1008 ) (727.692505 -1024 -1024 ) 
3 59 65 (814.500732 -814.502075 -1024 ) (1024 -308.908203 -1024 ) (1024 -727.693604 -1024 ) 
4 59 64 (1024 -1024 -1024 ) (727.692566 -1024 -1024 ) (814.500732 -814.502075 -1024 ) (1024 -727.693604 -1024 ) 
4 59 61 (1024 -308.910156 -1024 ) (814.501648 -814.501709 -1024 ) (814.499268 -814.502686 -1008 ) (1024 -308.905273 -1008 ) 
4 59 60 (814.501648 -814.501709 -1024 ) (727.693359 -1024 -1024 ) (727.691406 -1024 -1008 ) (814.499268 -814.502686 -1008 ) 
4 60 71 (727.692566 -1024 -1008 ) (725.693237 -1024 -1008 ) (725.693176 -1024 -1024 ) (727.692505 -1024 -1024 ) 
4 60 64 (727.692566 -1024 -1024 ) (725.693237 -1024 -1024 ) (812.086731 -815.502380 -1024 ) (814.500732 -814.502075 -1024 ) 
4 60 62 (812.084839 -815.503174 -1024 ) (725.691650 -1024 -1024 ) (725.691406 -1024 -1008 ) (812.084595 -815.503235 -1008 ) 
4 60 61 (814.500000 -814.500000 -1008 ) (814.500000 -814.500000 -1024 ) (812.088928 -815.498779 -1024 ) (812.088928 -815.498779 -1008 ) 
4 61 63 (813.085876 -813.087341 -1024 ) (812.084839 -815.503174 -1024 ) (812.084595 -815.503235 -1008 ) (813.085632 -813.087402 -1008 ) 
4 62 71 (725.693237 -1024 -1008 ) (308.908783 -1024 -1008 ) (308.908752 -1024 -1024 ) (725.693176 -1024 -1024 ) 
3 62 64 (725.693237 -1024 -1024 ) (308.908783 -1024 -1024 ) (812.086731 -815.502380 -1024 ) 
4 62 63 (812.087891 -815.500000 -1008 ) (812.087891 -815.500000 -1024 ) (308.904266 -1024 -1024 ) (308.906250 -1024 -1008 ) 
4 63 72 (308.908783 -1024 -1008 ) (304.081146 -1024 -1008 ) (304.081116 -1024 -1024 ) (308.908752 -1024 -1024 ) 
4 64 71 (1024 -1024 -1100 ) (1024 -1024 -1024 ) (308.908813 -1024 -1024 ) (308.908813 -1024 -1100 ) 
4 64 65 (1024 -727.691772 -1100 ) (814.501648 -814.499878 -1100 ) (814.501648 -814.499756 -1024 ) (1024 -727.691650 -1024 ) 
4 66 69 (1024 -1024 3244 ) (1024 -1024 2116 ) (1024 -1684.627197 2116 ) (1024 -1132.632080 3244 ) 
5 66 68 (1024 -1684.627197 2116 ) (1024 -1232 2116 ) (1232 -1024 2116 ) (1789.930420 -1024 2116 ) (1614.407227 -1382.866089 2116 ) 
3 66 67 (1024 -1232 2116 ) (1024 -1024 2116 ) (1232 -1024 2116 ) 
4 67 71 (1024 -1024 -956 ) (1024 -1024 -1100 ) (1024 -1232 -1100 ) (1024 -1232 -956 ) 
4 67 70 (1024 -1024 2116 ) (1024 -1024 -956 ) (1024 -1232 -956 ) (1024 -1232 2116 ) 
4 67 68 (1232 -1024 2116 ) (1024 -1232 2116 ) (1024 -1232 -956 ) (1232 -1024 -956 ) 
4 68 70 (1024 -2000 -956 ) (1024 -2000 2116 ) (1024 -1232 2116 ) (1024 -1232 -956 ) 
5 69 91 (0 -2048 2116 ) (0 -2048 2442.959961 ) (0 -1656.005005 3244 ) (0 -1024 3244 ) (0 -1024 2116 ) 
3 69 73 (0 -2048 2442.959961 ) (0 -2048 2116 ) (313.046814 -2048 2116 ) 
5 69 70 (0 -1024 2116 ) (1024 -1024 2116 ) (1024 -1684.626953 2116 ) (313.046814 -2048 2116 ) (0 -2048 2116 ) 
4 70 92 (0 -2048 -956 ) (0 -2048 2116 ) (0 -1024 2116 ) (0 -1024 -956 ) 
4 70 74 (976 -2048 2116 ) (0 -2048 2116 ) (0 -2048 -956 ) (976 -2048 -956 ) 
6 70 71 (1024 -1024 -956 ) (1024 -1232 -956 ) (672 -1584 -956 ) (0 -1584 -956 ) (0 -1152 -956 ) (308.908813 -1024 -956 ) 
4 71 93 (0 -1584 -1100 ) (0 -1584 -956 ) (0 -1152 -956 ) (0 -1152 -1100 ) 
4 71 72 (0 -1152 -1024 ) (0 -1152 -1008 ) (308.906250 -1024 -1008 ) (308.906250 -1024 -1024 ) 
4 72 94 (0 -1152 -1024 ) (0 -1152 -1008 ) (0 -1150 -1008 ) (0 -1150 -1024 ) 
4 73 100 (0 -2160 2116 ) (0 -2160 2214.088379 ) (0 -2048 2442.959961 ) (0 -2048 2116 ) 
4 73 74 (93.914307 -2160 2116 ) (0 -2160 2116 ) (0 -2048 2116 ) (313.046814 -2048 2116 ) 
4 74 101 (0 -2160 -956 ) (0 -2160 2116 ) (0 -2048 2116 ) (0 -2048 -956 ) 
4 75 92 (0 -1024 -956 ) (0 -1024 2116 ) (-1024 -1024 2116 ) (-1024 -1024 -956 ) 
4 75 91 (0 -1024 2116 ) (0 -1024 3244 ) (-1024 -1024 3244 ) (-1024 -1024 2116 ) 
4 75 86 (-1024 0 2116 ) (-1024 0 -956 ) (-1024 -1024 -956 ) (-1024 -1024 2116 ) 
4 75 85 (-1024 0 3244 ) (-1024 0 2116 ) (-1024 -1024 2116 ) (-1024 -1024 3244 ) 
3 75 77 (-308.907959 -1024 -956 ) (-727.691833 -1024 -956 ) (-814.500427 -814.501343 -956 ) 
3 75 76 (-727.691833 -1024 -956 ) (-1024 -1024 -956 ) (-1024 -308.907532 -956 ) 
4 76 93 (-727.691833 -1024 -956 ) (-1024 -1024 -956 ) (-1024 -1024 -1008 ) (-727.691833 -1024 -1008 ) 
4 76 87 (-1024 -308.907562 -1008 ) (-1024 -1024 -1008 ) (-1024 -1024 -956 ) (-1024 -308.907532 -956 ) 
3 76 78 (-727.691833 -1024 -1008 ) (-1024 -1024 -1008 ) (-1024 -308.907532 -1008 ) 
4 76 77 (-727.693054 -1024 -1008 ) (-814.501770 -814.500854 -1008 ) (-814.501709 -814.500854 -956 ) (-727.692871 -1024 -956 ) 
4 77 93 (-308.907959 -1024 -956 ) (-727.691833 -1024 -956 ) (-727.691833 -1024 -1008 ) (-308.907990 -1024 -1008 ) 
3 77 81 (-308.907959 -1024 -1008 ) (-725.691528 -1024 -1008 ) (-812.085388 -815.502075 -1008 ) 
4 77 79 (-725.691528 -1024 -1008 ) (-727.691833 -1024 -1008 ) (-814.500427 -814.501343 -1008 ) (-812.085388 -815.502075 -1008 ) 
4 78 93 (-727.691528 -1024 -1008 ) (-1024 -1024 -1008 ) (-1024 -1024 -1024 ) (-727.692322 -1024 -1024 ) 
4 78 88 (-1024 -308.908051 -1024 ) (-1024 -1024 -1024 ) (-1024 -1024 -1008 ) (-1024 -308.905701 -1008 ) 
3 78 83 (-1024 -1024 -1024 ) (-1024 -308.908020 -1024 ) (-727.692322 -1024 -1024 ) 
4 78 80 (-814.502075 -814.500732 -1024 ) (-1024 -308.910156 -1024 ) (-1024 -308.910156 -1008 ) (-814.501953 -814.500732 -1008 ) 
4 78 79 (-727.693359 -1024 -1024 ) (-814.502075 -814.500732 -1024 ) (-814.501953 -814.500732 -1008 ) (-727.693237 -1024 -1008 ) 
4 79 93 (-725.691528 -1024 -1008 ) (-727.691528 -1024 -1008 ) (-727.692322 -1024 -1024 ) (-725.692444 -1024 -1024 ) 
4 79 84 (-812.086426 -815.501648 -1024 ) (-725.692444 -1024 -1024 ) (-727.692322 -1024 -1024 ) (-814.500854 -814.501221 -1024 ) 
4 79 81 (-725.691406 -1024 -1024 ) (-812.085144 -815.502197 -1024 ) (-812.087769 -815.501099 -1008 ) (-725.693359 -1024 -1008 ) 
4 79 80 (-812.083008 -815.503174 -1008 ) (-812.084167 -815.502686 -1024 ) (-814.499268 -814.501953 -1024 ) (-814.498108 -814.502441 -1008 ) 
4 80 89 (-1024 -304.081390 -1024 ) (-1024 -308.908051 -1024 ) (-1024 -308.905701 -1008 ) (-1024 -304.079041 -1008 ) 
4 80 82 (-812.085144 -815.502197 -1024 ) (-813.086365 -813.085876 -1024 ) (-813.088989 -813.084717 -1008 ) (-812.087769 -815.501099 -1008 ) 
4 81 93 (-308.907990 -1024 -1008 ) (-725.691528 -1024 -1008 ) (-725.692444 -1024 -1024 ) (-308.908020 -1024 -1024 ) 
3 81 84 (-308.907959 -1024 -1024 ) (-725.692444 -1024 -1024 ) (-812.086365 -815.501709 -1024 ) 
4 81 82 (-308.910156 -1024 -1024 ) (-812.087219 -815.501953 -1024 ) (-812.086060 -815.502441 -1008 ) (-308.909515 -1024 -1008 ) 
4 82 94 (-304.080048 -1024 -1008 ) (-308.907990 -1024 -1008 ) (-308.908020 -1024 -1024 ) (-304.080048 -1024 -1024 ) 
4 83 93 (-727.691833 -1024 -1024 ) (-1024 -1024 -1024 ) (-1024 -1024 -1100 ) (-727.691833 -1024 -1100 ) 
4 83 90 (-1024 -308.907562 -1100 ) (-1024 -1024 -1100 ) (-1024 -1024 -1024 ) (-1024 -308.907532 -1024 ) 
4 83 84 (-727.693054 -1024 -1100 ) (-814.501770 -814.500854 -1100 ) (-814.501709 -814.500854 -1024 ) (-727.692871 -1024 -1024 ) 
4 84 93 (-308.907959 -1024 -1024 ) (-727.691833 -1024 -1024 ) (-727.691833 -1024 -1100 ) (-308.907990 -1024 -1100 ) 
3 85 98 (-2048 0 2349.955078 ) (-2048 0 2116 ) (-2048 -228.977127 2116 ) 
4 85 95 (-1024 -1024 2116 ) (-1024 -1024 3244 ) (-1119.127075 -1024 3244 ) (-1659.128784 -1024 2116 ) 
5 85 86 (-2048 0 2116 ) (-1024 0 2116 ) (-1024 -1024 2116 ) (-1659.128784 -1024 2116 ) (-2048 -228.977112 2116 ) 
4 86 99 (-2048 0 2116 ) (-2048 0 -956 ) (-2048 -976 -956 ) (-2048 -976 2116 ) 
4 86 97 (-1232 -1024 2116 ) (-2000 -1024 2116 ) (-2000 -1024 -956 ) (-1232 -1024 -956 ) 
4 86 96 (-1024 -1024 -956 ) (-1024 -1024 2116 ) (-1232 -1024 2116 ) (-1232 -1024 -956 ) 
6 86 87 (-1536 0 -956 ) (-1152 0 -956 ) (-1024 -308.907562 -956 ) (-1024 -1024 -956 ) (-1232 -1024 -956 ) (-1536 -720 -956 ) 
4 87 96 (-1024 -1024 -1008 ) (-1024 -1024 -956 ) (-1232 -1024 -956 ) (-1232 -1024 -1008 ) 
6 87 88 (-1024 -1024 -1008 ) (-1232.003906 -1024 -1008 ) (-1536 -720.003906 -1008 ) (-1536 0 -1008 ) (-1152 0 -1008 ) (-1024 -308.907562 -1008 ) 
4 88 96 (-1024 -1024 -1024 ) (-1024 -1024 -1008 ) (-1232 -1024 -1008 ) (-1232 -1024 -1024 ) 
6 88 90 (-1232 -1024 -1024 ) (-1536 -720 -1024 ) (-1536 0 -1024 ) (-1152 0 -1024 ) (-1024 -308.908051 -1024 ) (-1024 -1024 -1024 ) 
4 88 89 (-1024 -308.909790 -1024 ) (-1152 0 -1024 ) (-1152 0 -1008 ) (-1024 -308.907166 -1008 ) 
4 90 96 (-1024 -1024 -1100 ) (-1024 -1024 -1024 ) (-1232 -1024 -1024 ) (-1232 -1024 -1100 ) 
4 91 100 (0 -2048 2116 ) (0 -2048 2442.959961 ) (-82.828697 -2048 2529.469971 ) (-574.607666 -2048 2116 ) 
4 91 95 (-1024 -1024 3244 ) (-1024 -1024 2116 ) (-1024 -1818.315552 2116 ) (-1024 -1132.605469 3244 ) 
5 91 92 (0 -2048 2116 ) (-574.607666 -2048 2116 ) (-1024 -1818.315552 2116 ) (-1024 -1024 2116 ) (0 -1024 2116 ) 
4 92 101 (0 -2048 -956 ) (0 -2048 2116 ) (-976 -2048 2116 ) (-976 -2048 -956 ) 
4 92 97 (-1024 -1232 -956 ) (-1024 -2000 -956 ) (-1024 -2000 2116 ) (-1024 -1232 2116 ) 
4 92 96 (-1024 -1024 2116 ) (-1024 -1024 -956 ) (-1024 -1232 -956 ) (-1024 -1232 2116 ) 
6 92 93 (-672 -1584 -956 ) (-1024 -1232 -956 ) (-1024 -1024 -956 ) (-308.908020 -1024 -956 ) (0 -1152 -956 ) (0 -1584 -956 ) 
4 93 96 (-1024 -1024 -956 ) (-1024 -1024 -1100 ) (-1024 -1232 -1100 ) (-1024 -1232 -956 ) 
4 93 94 (-308.905273 -1024 -1024 ) (-308.905273 -1024 -1008 ) (0 -1152 -1008 ) (0 -1152 -1024 ) 
5 95 97 (-1659.128784 -1024 2116 ) (-1232 -1024 2116 ) (-1024 -1232 2116 ) (-1024 -1818.315552 2116 ) (-1352.802734 -1650.264404 2116 ) 
3 95 96 (-1232 -1024 2116 ) (-1024 -1024 2116 ) (-1024 -1232 2116 ) 
4 96 97 (-1024 -1232 -956 ) (-1024 -1232 2116 ) (-1232 -1024 2116 ) (-1232 -1024 -956 ) 
4 98 99 (-2112 -98.133423 2116 ) (-2112 0 2116 ) (-2048 0 2116 ) (-2048 -228.977127 2116 ) 
4 100 101 (0 -2160 2116 ) (-355.472534 -2160 2116 ) (-574.607666 -2048 2116 ) (0 -2048 2116 ) 
