PRT1
130
412
4 0 2 (3072 1024 -256 ) (3072 1024 -128 ) (3072 1088 -128 ) (3072 1088 -256 ) 
4 0 1 (3072 1024 -128 ) (3072 1024 -256 ) (3136 1024 -256 ) (3136 1024 -128 ) 
4 1 4 (3072 960 -128 ) (3072 1024 -128 ) (3072 1024 -256 ) (3072 960 -256 ) 
4 2 4 (3072 1024 -256 ) (3072 1024 -128 ) (3008 1024 -128 ) (3008 1024 -256 ) 
4 3 17 (1024 1024 -512 ) (1024 1024 -384 ) (1024 2048 -384 ) (1024 2048 -512 ) 
4 3 15 (1024 1024 -384 ) (1024 1024 -320 ) (1024 1792 -320 ) (1024 1792 -384 ) 
4 3 14 (1024 1792 -320 ) (1024 2048 -320 ) (1024 2048 -384 ) (1024 1792 -384 ) 
4 3 13 (1024 1024 -320 ) (1024 1024 -192 ) (1024 2048 -192 ) (1024 2048 -320 ) 
4 3 10 (1024 1024 -192 ) (1024 1024 -176 ) (1024 1536 -176 ) (1024 1536 -192 ) 
4 3 9 (1024 1536 -176 ) (1024 1792 -176 ) (1024 1792 -192 ) (1024 1536 -192 ) 
4 3 8 (1024 1792 -176 ) (1024 2048 -176 ) (1024 2048 -192 ) (1024 1792 -192 ) 
4 3 7 (1024 1024 -176 ) (1024 1024 256 ) (1024 2048 256 ) (1024 2048 -176 ) 
4 3 5 (1024 1024 256 ) (1024 1024 -512 ) (1536 1024 -512 ) (1536 1024 256 ) 
4 5 52 (1536 0 256 ) (1024 0 256 ) (1024 0 -512 ) (1536 0 -512 ) 
4 5 38 (1024 0 -512 ) (1024 0 -384 ) (1024 1024 -384 ) (1024 1024 -512 ) 
4 5 35 (1024 0 -384 ) (1024 0 -320 ) (1024 1024 -320 ) (1024 1024 -384 ) 
4 5 30 (1024 0 -320 ) (1024 0 -176 ) (1024 1024 -176 ) (1024 1024 -320 ) 
4 5 29 (1024 0 -176 ) (1024 0 256 ) (1024 1024 256 ) (1024 1024 -176 ) 
4 7 29 (1024 1024 -176 ) (1024 1024 256 ) (0 1024 256 ) (0 1024 -176 ) 
4 7 18 (0 2048 256 ) (0 2048 -176 ) (0 1024 -176 ) (0 1024 256 ) 
5 7 12 (0 1088 -176 ) (0 1536 -176 ) (256 1536 -176 ) (448 1344 -176 ) (448 1088 -176 ) 
3 7 11 (448 1536 -176 ) (640 1536 -176 ) (640 1344 -176 ) 
4 7 10 (640 1536 -176 ) (1024 1536 -176 ) (1024 1024 -176 ) (640 1024 -176 ) 
4 7 9 (192 1792 -176 ) (1024 1792 -176 ) (1024 1536 -176 ) (448 1536 -176 ) 
4 7 8 (0 1792 -176 ) (0 2048 -176 ) (1024 2048 -176 ) (1024 1792 -176 ) 
4 8 19 (0 2048 -176 ) (0 2048 -192 ) (0 1792 -192 ) (0 1792 -176 ) 
4 8 13 (0 1792 -192 ) (0 2048 -192 ) (1024 2048 -192 ) (1024 1792 -192 ) 
4 8 9 (192 1792 -192 ) (1024 1792 -192 ) (1024 1792 -176 ) (192 1792 -176 ) 
4 9 13 (192 1792 -192 ) (1024 1792 -192 ) (1024 1536 -192 ) (448 1536 -192 ) 
4 9 11 (448 1536 -192 ) (640 1536 -192 ) (640 1536 -176 ) (448 1536 -176 ) 
4 9 10 (640 1536 -192 ) (1024 1536 -192 ) (1024 1536 -176 ) (640 1536 -176 ) 
4 10 30 (1024 1024 -192 ) (1024 1024 -176 ) (640 1024 -176 ) (640 1024 -192 ) 
4 10 13 (1024 1024 -192 ) (640 1024 -192 ) (640 1536 -192 ) (1024 1536 -192 ) 
4 10 11 (640 1536 -176 ) (640 1536 -192 ) (640 1344 -192 ) (640 1344 -176 ) 
3 11 13 (448 1536 -192 ) (640 1536 -192 ) (640 1344 -192 ) 
4 12 21 (0 1536 -192 ) (0 1088 -192 ) (0 1088 -176 ) (0 1536 -176 ) 
5 12 13 (0 1088 -192 ) (0 1536 -192 ) (256 1536 -192 ) (448 1344 -192 ) (448 1088 -192 ) 
4 13 33 (448 1024 -192 ) (0 1024 -192 ) (0 1024 -320 ) (448 1024 -320 ) 
4 13 31 (640 1024 -192 ) (448 1024 -192 ) (448 1024 -320 ) (640 1024 -320 ) 
4 13 30 (1024 1024 -320 ) (1024 1024 -192 ) (640 1024 -192 ) (640 1024 -320 ) 
4 13 24 (0 2048 -192 ) (0 2048 -320 ) (0 1024 -320 ) (0 1024 -192 ) 
3 13 16 (192 1792 -320 ) (640 1792 -320 ) (640 1344 -320 ) 
4 13 15 (1024 1024 -320 ) (640 1024 -320 ) (640 1792 -320 ) (1024 1792 -320 ) 
4 13 14 (0 1792 -320 ) (0 2048 -320 ) (1024 2048 -320 ) (1024 1792 -320 ) 
4 14 25 (0 2048 -320 ) (0 2048 -384 ) (0 1792 -384 ) (0 1792 -320 ) 
4 14 17 (0 1792 -384 ) (0 2048 -384 ) (1024 2048 -384 ) (1024 1792 -384 ) 
4 14 16 (192 1792 -384 ) (640 1792 -384 ) (640 1792 -320 ) (192 1792 -320 ) 
4 14 15 (640 1792 -384 ) (1024 1792 -384 ) (1024 1792 -320 ) (640 1792 -320 ) 
4 15 35 (1024 1024 -384 ) (1024 1024 -320 ) (640 1024 -320 ) (640 1024 -384 ) 
4 15 17 (640 1792 -384 ) (1024 1792 -384 ) (1024 1024 -384 ) (640 1024 -384 ) 
4 15 16 (640 1792 -320 ) (640 1792 -384 ) (640 1344 -384 ) (640 1344 -320 ) 
3 16 17 (192 1792 -384 ) (640 1792 -384 ) (640 1344 -384 ) 
4 17 38 (1024 1024 -512 ) (1024 1024 -384 ) (0 1024 -384 ) (0 1024 -512 ) 
4 17 28 (0 2048 -384 ) (0 2048 -512 ) (0 1024 -512 ) (0 1024 -384 ) 
4 18 49 (-1024 1024 -176 ) (-1024 1024 256 ) (-1024 2048 256 ) (-1024 2048 -176 ) 
4 18 39 (-1024 1024 256 ) (-1024 1024 -176 ) (0 1024 -176 ) (0 1024 256 ) 
3 18 22 (-640 1344 -176 ) (-640 1536 -176 ) (-448 1536 -176 ) 
4 18 23 (-640 1024 -176 ) (-1024 1024 -176 ) (-1024 1536 -176 ) (-640 1536 -176 ) 
5 18 21 (-448 1088 -176 ) (-448 1344 -176 ) (-256 1536 -176 ) (0 1536 -176 ) (0 1088 -176 ) 
4 18 20 (-1024 1536 -176 ) (-1024 1792 -176 ) (-192 1792 -176 ) (-448 1536 -176 ) 
4 18 19 (-1024 1792 -176 ) (-1024 2048 -176 ) (0 2048 -176 ) (0 1792 -176 ) 
4 19 49 (-1024 1792 -176 ) (-1024 2048 -176 ) (-1024 2048 -192 ) (-1024 1792 -192 ) 
4 19 24 (0 2048 -192 ) (0 1792 -192 ) (-1024 1792 -192 ) (-1024 2048 -192 ) 
4 19 20 (-1024 1792 -192 ) (-192 1792 -192 ) (-192 1792 -176 ) (-1024 1792 -176 ) 
4 20 49 (-1024 1536 -176 ) (-1024 1792 -176 ) (-1024 1792 -192 ) (-1024 1536 -192 ) 
4 20 24 (-448 1536 -192 ) (-1024 1536 -192 ) (-1024 1792 -192 ) (-192 1792 -192 ) 
4 20 22 (-640 1536 -192 ) (-448 1536 -192 ) (-448 1536 -176 ) (-640 1536 -176 ) 
4 20 23 (-1024 1536 -192 ) (-640 1536 -192 ) (-640 1536 -176 ) (-1024 1536 -176 ) 
5 21 24 (0 1536 -192 ) (0 1088 -192 ) (-448 1088 -192 ) (-448 1344 -192 ) (-256 1536 -192 ) 
3 22 24 (-640 1344 -192 ) (-640 1536 -192 ) (-448 1536 -192 ) 
4 22 23 (-640 1536 -176 ) (-640 1536 -192 ) (-640 1344 -192 ) (-640 1344 -176 ) 
4 23 49 (-1024 1024 -192 ) (-1024 1024 -176 ) (-1024 1536 -176 ) (-1024 1536 -192 ) 
4 23 44 (-1024 1024 -176 ) (-1024 1024 -192 ) (-640 1024 -192 ) (-640 1024 -176 ) 
4 23 24 (-640 1024 -192 ) (-1024 1024 -192 ) (-1024 1536 -192 ) (-640 1536 -192 ) 
4 24 49 (-1024 1024 -320 ) (-1024 1024 -192 ) (-1024 2048 -192 ) (-1024 2048 -320 ) 
4 24 42 (-640 1024 -320 ) (-448 1024 -320 ) (-448 1024 -192 ) (-640 1024 -192 ) 
4 24 44 (-1024 1024 -192 ) (-1024 1024 -320 ) (-640 1024 -320 ) (-640 1024 -192 ) 
4 24 40 (-448 1024 -320 ) (0 1024 -320 ) (0 1024 -192 ) (-448 1024 -192 ) 
3 24 26 (-640 1344 -320 ) (-640 1792 -320 ) (-192 1792 -320 ) 
4 24 25 (0 2048 -320 ) (0 1792 -320 ) (-640 1792 -320 ) (-640 2048 -320 ) 
4 24 27 (-640 1024 -320 ) (-1024 1024 -320 ) (-1024 2048 -320 ) (-640 2048 -320 ) 
4 25 28 (-640 1792 -384 ) (-640 2048 -384 ) (0 2048 -384 ) (0 1792 -384 ) 
4 25 26 (-640 1792 -320 ) (-640 1792 -384 ) (-192 1792 -384 ) (-192 1792 -320 ) 
4 25 27 (-640 2048 -384 ) (-640 1792 -384 ) (-640 1792 -320 ) (-640 2048 -320 ) 
3 26 28 (-640 1344 -384 ) (-640 1792 -384 ) (-192 1792 -384 ) 
4 26 27 (-640 1792 -384 ) (-640 1344 -384 ) (-640 1344 -320 ) (-640 1792 -320 ) 
4 27 49 (-1024 1024 -384 ) (-1024 1024 -320 ) (-1024 2048 -320 ) (-1024 2048 -384 ) 
4 27 47 (-1024 1024 -320 ) (-1024 1024 -384 ) (-640 1024 -384 ) (-640 1024 -320 ) 
4 27 28 (-640 1024 -384 ) (-1024 1024 -384 ) (-1024 2048 -384 ) (-640 2048 -384 ) 
4 28 49 (-1024 1024 -512 ) (-1024 1024 -384 ) (-1024 2048 -384 ) (-1024 2048 -512 ) 
4 28 48 (-1024 1024 -384 ) (-1024 1024 -512 ) (0 1024 -512 ) (0 1024 -384 ) 
4 29 57 (1024 0 -176 ) (1024 0 256 ) (0 0 256 ) (0 0 -176 ) 
4 29 39 (0 1024 256 ) (0 1024 -176 ) (0 0 -176 ) (0 0 256 ) 
4 29 34 (0 0 -176 ) (0 960 -176 ) (448 960 -176 ) (448 0 -176 ) 
4 29 32 (640 960 -176 ) (640 0 -176 ) (448 0 -176 ) (448 960 -176 ) 
4 29 30 (640 1024 -176 ) (1024 1024 -176 ) (1024 0 -176 ) (640 0 -176 ) 
4 30 62 (1024 0 -320 ) (1024 0 -288 ) (640 0 -288 ) (640 0 -320 ) 
4 30 61 (1004.075256 0 -256 ) (953.176514 0 -256 ) (953.176392 0 -288 ) (1004.075256 0 -288 ) 
4 30 59 (953.176514 0 -256 ) (640 0 -256 ) (640 0 -288 ) (953.176392 0 -288 ) 
4 30 58 (1024 0 -288 ) (1024 0 -256 ) (1004.075256 0 -256 ) (1004.075256 0 -288 ) 
4 30 57 (1024 0 -256 ) (1024 0 -176 ) (640 0 -176 ) (640 0 -256 ) 
4 30 35 (1024 0 -320 ) (640 0 -320 ) (640 1024 -320 ) (1024 1024 -320 ) 
4 30 31 (640 1024 -320 ) (640 960 -320 ) (640 960 -192 ) (640 1024 -192 ) 
4 30 32 (640 960 -320 ) (640 0 -320 ) (640 0 -176 ) (640 960 -176 ) 
4 31 33 (448 1024 -320 ) (448 960 -320 ) (448 960 -192 ) (448 1024 -192 ) 
4 31 32 (448 960 -192 ) (448 960 -320 ) (640 960 -320 ) (640 960 -192 ) 
4 32 62 (448 0 -288 ) (448 0 -320 ) (640 0 -320 ) (640 0 -288 ) 
4 32 59 (448 0 -256 ) (448 0 -288 ) (640 0 -288 ) (640 0 -256 ) 
4 32 57 (640 0 -176 ) (448 0 -176 ) (448 0 -256 ) (640 0 -256 ) 
4 32 36 (640 0 -320 ) (448 0 -320 ) (448 896 -320 ) (640 896 -320 ) 
4 32 34 (448 960 -320 ) (448 0 -320 ) (448 0 -176 ) (448 960 -176 ) 
4 33 40 (0 1024 -192 ) (0 1024 -320 ) (0 960 -320 ) (0 960 -192 ) 
4 33 34 (0 960 -320 ) (448 960 -320 ) (448 960 -192 ) (0 960 -192 ) 
4 34 63 (0 0 -288 ) (0 0 -320 ) (240 0 -320 ) (240 0 -288 ) 
4 34 62 (240 0 -320 ) (448 0 -320 ) (448 0 -288 ) (240 0 -288 ) 
4 34 59 (0 0 -256 ) (0 0 -288 ) (448 0 -288 ) (448 0 -256 ) 
4 34 57 (448 0 -176 ) (0 0 -176 ) (0 0 -256 ) (448 0 -256 ) 
4 34 41 (0 960 -320 ) (0 0 -320 ) (0 0 -176 ) (0 960 -176 ) 
3 34 37 (448 0 -320 ) (384 0 -320 ) (448 64 -320 ) 
4 35 72 (1024 0 -384 ) (1024 0 -320 ) (640 0 -320 ) (640 0 -384 ) 
4 35 38 (640 1024 -384 ) (1024 1024 -384 ) (1024 0 -384 ) (640 0 -384 ) 
4 35 36 (640 896 -384 ) (640 0 -384 ) (640 0 -320 ) (640 896 -320 ) 
4 36 72 (640 0 -320 ) (448 0 -320 ) (448 0 -384 ) (640 0 -384 ) 
4 36 38 (640 896 -384 ) (640 0 -384 ) (448 0 -384 ) (448 896 -384 ) 
4 36 37 (448 64 -384 ) (448 0 -384 ) (448 0 -320 ) (448 64 -320 ) 
4 37 72 (448 0 -320 ) (384 0 -320 ) (384 0 -384 ) (448 0 -384 ) 
3 37 38 (448 64 -384 ) (448 0 -384 ) (384 0 -384 ) 
4 38 76 (1024 0 -512 ) (1024 0 -384 ) (0 0 -384 ) (0 0 -512 ) 
4 38 48 (0 1024 -384 ) (0 1024 -512 ) (0 0 -512 ) (0 0 -384 ) 
4 39 77 (0 0 -176 ) (0 0 256 ) (-240 0 256 ) (-240 0 -176 ) 
4 39 80 (-240 0 256 ) (-1024 0 256 ) (-1024 0 -176 ) (-240 0 -176 ) 
4 39 51 (-1024 0 -176 ) (-1024 0 256 ) (-1024 884 256 ) (-1024 884 -176 ) 
4 39 50 (-1024 884 256 ) (-1024 1024 256 ) (-1024 1024 -176 ) (-1024 884 -176 ) 
4 39 43 (-448 0 -176 ) (-640 0 -176 ) (-640 960 -176 ) (-448 960 -176 ) 
4 39 44 (-640 0 -176 ) (-1024 0 -176 ) (-1024 1024 -176 ) (-640 1024 -176 ) 
4 39 41 (0 0 -176 ) (-448 0 -176 ) (-448 960 -176 ) (0 960 -176 ) 
4 40 42 (-448 1024 -320 ) (-448 960 -320 ) (-448 960 -192 ) (-448 1024 -192 ) 
4 40 41 (-448 960 -192 ) (-448 960 -320 ) (0 960 -320 ) (0 960 -192 ) 
4 41 77 (0 0 -320 ) (0 0 -176 ) (-240 0 -176 ) (-240 0 -320 ) 
4 41 80 (-240 0 -176 ) (-448 0 -176 ) (-448 0 -320 ) (-240 0 -320 ) 
3 41 45 (-384 0 -320 ) (-448 0 -320 ) (-448 64 -320 ) 
4 41 43 (-448 960 -320 ) (-448 0 -320 ) (-448 0 -176 ) (-448 960 -176 ) 
4 42 43 (-640 960 -192 ) (-640 960 -320 ) (-448 960 -320 ) (-448 960 -192 ) 
4 42 44 (-640 1024 -320 ) (-640 960 -320 ) (-640 960 -192 ) (-640 1024 -192 ) 
4 43 80 (-448 0 -176 ) (-640 0 -176 ) (-640 0 -320 ) (-448 0 -320 ) 
4 43 46 (-448 896 -320 ) (-448 0 -320 ) (-640 0 -320 ) (-640 896 -320 ) 
4 43 44 (-640 960 -320 ) (-640 0 -320 ) (-640 0 -176 ) (-640 960 -176 ) 
4 44 80 (-640 0 -176 ) (-1024 0 -176 ) (-1024 0 -320 ) (-640 0 -320 ) 
4 44 51 (-1024 0 -320 ) (-1024 0 -176 ) (-1024 884 -176 ) (-1024 884 -320 ) 
4 44 50 (-1024 884 -176 ) (-1024 1024 -176 ) (-1024 1024 -320 ) (-1024 884 -320 ) 
4 44 47 (-1024 0 -320 ) (-1024 1024 -320 ) (-640 1024 -320 ) (-640 0 -320 ) 
4 45 81 (-384 0 -320 ) (-448 0 -320 ) (-448 0 -384 ) (-384 0 -384 ) 
3 45 48 (-384 0 -384 ) (-448 0 -384 ) (-448 64 -384 ) 
4 45 46 (-448 64 -384 ) (-448 0 -384 ) (-448 0 -320 ) (-448 64 -320 ) 
4 46 81 (-448 0 -320 ) (-640 0 -320 ) (-640 0 -384 ) (-448 0 -384 ) 
4 46 48 (-448 0 -384 ) (-640 0 -384 ) (-640 896 -384 ) (-448 896 -384 ) 
4 46 47 (-640 896 -384 ) (-640 0 -384 ) (-640 0 -320 ) (-640 896 -320 ) 
4 47 81 (-640 0 -320 ) (-1024 0 -320 ) (-1024 0 -384 ) (-640 0 -384 ) 
4 47 51 (-1024 0 -384 ) (-1024 0 -320 ) (-1024 884 -320 ) (-1024 884 -384 ) 
4 47 50 (-1024 884 -320 ) (-1024 1024 -320 ) (-1024 1024 -384 ) (-1024 884 -384 ) 
4 47 48 (-640 0 -384 ) (-1024 0 -384 ) (-1024 1024 -384 ) (-640 1024 -384 ) 
4 48 85 (0 0 -512 ) (0 0 -384 ) (-1024 0 -384 ) (-1024 0 -512 ) 
4 48 51 (-1024 0 -512 ) (-1024 0 -384 ) (-1024 884 -384 ) (-1024 884 -512 ) 
4 48 50 (-1024 884 -384 ) (-1024 1024 -384 ) (-1024 1024 -512 ) (-1024 884 -512 ) 
4 49 50 (-1024 1024 -512 ) (-1024 1024 256 ) (-1536 1024 256 ) (-1536 1024 -512 ) 
4 50 51 (-1536 884 -512 ) (-1024 884 -512 ) (-1024 884 256 ) (-1536 884 256 ) 
4 51 112 (-1024 0 -512 ) (-1024 0 256 ) (-1536 0 256 ) (-1536 0 -512 ) 
4 52 76 (1024 0 -384 ) (1024 0 -512 ) (1024 -1024 -512 ) (1024 -1024 -384 ) 
4 52 73 (1024 -128 -384 ) (1024 -1024 -384 ) (1024 -1024 -320 ) (1024 -128 -320 ) 
4 52 72 (1024 0 -320 ) (1024 0 -384 ) (1024 -128 -384 ) (1024 -128 -320 ) 
4 52 66 (1024 -208 -320 ) (1024 -1024 -320 ) (1024 -1024 -288 ) (1024 -208 -288 ) 
4 52 62 (1024 0 -288 ) (1024 0 -320 ) (1024 -208 -320 ) (1024 -208 -288 ) 
4 52 58 (1024 0 -256 ) (1024 0 -288 ) (1024 -1024 -288 ) (1024 -1024 -256 ) 
4 52 57 (1024 0 256 ) (1024 0 -256 ) (1024 -1024 -256 ) (1024 -1024 256 ) 
4 52 53 (1536 -1024 256 ) (1024 -1024 256 ) (1024 -1024 -512 ) (1536 -1024 -512 ) 
4 53 94 (1024 -2048 -512 ) (1024 -2048 -384 ) (1024 -1024 -384 ) (1024 -1024 -512 ) 
4 53 93 (1024 -2048 -384 ) (1024 -2048 -320 ) (1024 -1920 -320 ) (1024 -1920 -384 ) 
4 53 92 (1024 -1920 -320 ) (1024 -1856 -320 ) (1024 -1856 -384 ) (1024 -1920 -384 ) 
4 53 90 (1024 -1856 -320 ) (1024 -1024 -320 ) (1024 -1024 -384 ) (1024 -1856 -384 ) 
4 53 86 (1024 -2048 -320 ) (1024 -2048 256 ) (1024 -1024 256 ) (1024 -1024 -320 ) 
4 53 54 (1024 -2048 256 ) (1024 -2048 -512 ) (1536 -2048 -512 ) (1536 -2048 256 ) 
4 54 107 (1024 -3072 -512 ) (1024 -3072 -384 ) (1024 -2048 -384 ) (1024 -2048 -512 ) 
4 54 104 (1024 -3072 -384 ) (1024 -3072 256 ) (1024 -2048 256 ) (1024 -2048 -384 ) 
4 54 55 (1536 -3072 256 ) (1024 -3072 256 ) (1024 -3072 -512 ) (1536 -3072 -512 ) 
4 55 120 (1024 -4096 -512 ) (1024 -4096 -384 ) (1024 -3072 -384 ) (1024 -3072 -512 ) 
4 55 116 (1024 -4096 -384 ) (1024 -4096 256 ) (1024 -3072 256 ) (1024 -3072 -384 ) 
4 55 56 (1536 -4096 256 ) (1024 -4096 256 ) (1024 -4096 -512 ) (1536 -4096 -512 ) 
4 56 126 (1024 -4608 256 ) (1024 -4096 256 ) (1024 -4096 -512 ) (1024 -4608 -512 ) 
4 57 87 (240 -1024 256 ) (0 -1024 256 ) (0 -1024 -256 ) (240 -1024 -256 ) 
4 57 86 (1024 -1024 -256 ) (1024 -1024 256 ) (240 -1024 256 ) (240 -1024 -256 ) 
4 57 78 (0 -112 -256 ) (0 -208 -256 ) (0 -208 256 ) (0 -112 256 ) 
4 57 77 (0 0 256 ) (0 0 -256 ) (0 -112 -256 ) (0 -112 256 ) 
4 57 79 (0 -208 -256 ) (0 -1024 -256 ) (0 -1024 256 ) (0 -208 256 ) 
4 57 61 (53.830338 -728.278320 -256 ) (953.176514 0 -256 ) (1004.075256 0 -256 ) (73.967346 -753.146301 -256 ) 
4 57 60 (0 -813.040649 -256 ) (0 -771.869385 -256 ) (28.962479 -748.415955 -256 ) (49.099304 -773.282959 -256 ) 
3 57 59 (0 -771.869385 -256 ) (0 0 -256 ) (953.176514 0 -256 ) 
5 57 58 (1024 -1024 -256 ) (0 -1024 -256 ) (0 -813.040649 -256 ) (1004.075256 0 -256 ) (1024 0 -256 ) 
4 58 87 (240 -1024 -256 ) (0 -1024 -256 ) (0 -1024 -288 ) (240 -1024 -288 ) 
4 58 86 (1024 -1024 -288 ) (1024 -1024 -256 ) (240 -1024 -256 ) (240 -1024 -288 ) 
4 58 79 (0 -813.040588 -288 ) (0 -1024 -288 ) (0 -1024 -256 ) (0 -813.040649 -256 ) 
4 58 70 (16 -800.084778 -288 ) (48 -774.173096 -288 ) (48 -1024 -288 ) (16 -1024 -288 ) 
4 58 71 (0 -1024 -288 ) (0 -813.040649 -288 ) (16 -800.084778 -288 ) (16 -1024 -288 ) 
4 58 68 (91.161057 -755.615417 -288 ) (606.723755 -1024 -288 ) (537.422424 -1024 -288 ) (76.384430 -784 -288 ) 
5 58 66 (78.839432 -749.201172 -288 ) (747.202942 -208 -288 ) (1024 -208 -288 ) (1024 -1024 -288 ) (606.723755 -1024 -288 ) 
4 58 65 (48 -774.173096 -288 ) (51.719536 -771.161255 -288 ) (537.422424 -1024 -288 ) (48 -1024 -288 ) 
4 58 62 (747.202942 -208 -288 ) (1004.075256 0 -288 ) (1024 0 -288 ) (1024 -208 -288 ) 
4 58 61 (1004.078125 0 -288 ) (73.970154 -753.146301 -288 ) (73.968506 -753.147644 -256 ) (1004.078186 0 -256 ) 
4 58 60 (49.100403 -773.284363 -288 ) (0 -813.042969 -288 ) (0 -813.042969 -256 ) (49.100403 -773.284363 -256 ) 
4 59 78 (0 -112 -288 ) (0 -208 -288 ) (0 -208 -256 ) (0 -112 -256 ) 
4 59 77 (0 0 -256 ) (0 0 -288 ) (0 -112 -288 ) (0 -112 -256 ) 
4 59 79 (0 -208 -288 ) (0 -771.869263 -288 ) (0 -771.869385 -256 ) (0 -208 -256 ) 
4 59 69 (16 -208 -288 ) (48 -208 -288 ) (48 -720 -288 ) (16 -720 -288 ) 
3 59 70 (24.536478 -752 -288 ) (16 -758.912720 -288 ) (16 -752 -288 ) 
4 59 71 (0 -771.869324 -288 ) (0 -208 -288 ) (16 -208 -288 ) (16 -758.912720 -288 ) 
3 59 66 (48 -208 -288 ) (696.318542 -208 -288 ) (48 -733 -288 ) 
4 59 64 (0 -208 -288 ) (0 -112 -288 ) (240 -112 -288 ) (240 -208 -288 ) 
4 59 63 (0 -112 -288 ) (0 0 -288 ) (240 0 -288 ) (240 -112 -288 ) 
4 59 62 (240 0 -288 ) (953.176392 0 -288 ) (696.318542 -208 -288 ) (240 -208 -288 ) 
4 59 61 (53.830986 -728.275696 -288 ) (953.175781 0 -288 ) (953.175781 0 -256 ) (53.830078 -728.277954 -256 ) 
4 59 60 (0 -771.867188 -288 ) (28.961441 -748.414673 -288 ) (28.962158 -748.415649 -256 ) (0 -771.868774 -256 ) 
4 60 79 (0 -771.869263 -288 ) (0 -813.040588 -288 ) (0 -813.040649 -256 ) (0 -771.869385 -256 ) 
6 60 70 (16 -758.912720 -288 ) (24.536469 -752 -288 ) (31.864796 -752 -288 ) (48 -771.925415 -288 ) (48 -774.173096 -288 ) (16 -800.084778 -288 ) 
4 60 71 (0 -813.040649 -288 ) (0 -771.869324 -288 ) (16 -758.912720 -288 ) (16 -800.084778 -288 ) 
3 60 65 (48 -771.925415 -288 ) (49.099304 -773.282959 -288 ) (48 -774.173096 -288 ) 
5 61 66 (53.831955 -728.276917 -288 ) (696.318542 -208 -288 ) (747.202881 -208 -288 ) (78.839478 -749.201111 -288 ) (64.899231 -741.944336 -288 ) 
4 61 62 (696.318542 -208 -288 ) (953.176392 0 -288 ) (1004.075256 0 -288 ) (747.202881 -208 -288 ) 
4 62 75 (448 -208 -320 ) (272 -208 -320 ) (256 -192 -320 ) (448 -192 -320 ) 
4 62 74 (240 -192 -320 ) (240 -128 -320 ) (448 -128 -320 ) (448 -192 -320 ) 
4 62 73 (1024 -128 -320 ) (1024 -208 -320 ) (448 -208 -320 ) (448 -128 -320 ) 
4 62 72 (384 0 -320 ) (1024 0 -320 ) (1024 -128 -320 ) (256 -128 -320 ) 
4 62 66 (240 -208 -320 ) (1024 -208 -320 ) (1024 -208 -288 ) (240 -208 -288 ) 
4 62 64 (240 -208 -318 ) (240 -208 -288 ) (240 -112 -288 ) (240 -112 -318 ) 
4 62 63 (240 0 -320 ) (240 -112 -320 ) (240 -112 -288 ) (240 0 -288 ) 
4 63 77 (0 0 -288 ) (0 0 -320 ) (0 -112 -320 ) (0 -112 -288 ) 
4 63 64 (240 -112 -318 ) (240 -112 -288 ) (0 -112 -288 ) (0 -112 -318 ) 
4 64 78 (0 -208 -318 ) (0 -208 -288 ) (0 -112 -288 ) (0 -112 -318 ) 
4 64 69 (48 -208 -288 ) (16 -208 -288 ) (16 -208 -318 ) (48 -208 -318 ) 
4 64 71 (16 -208 -288 ) (0 -208 -288 ) (0 -208 -318 ) (16 -208 -318 ) 
4 64 66 (240 -208 -318 ) (240 -208 -288 ) (48 -208 -288 ) (48 -208 -318 ) 
4 65 87 (240 -1024 -288 ) (48 -1024 -288 ) (48 -1024 -320 ) (240 -1024 -320 ) 
4 65 86 (537.422424 -1024 -288 ) (240 -1024 -288 ) (240 -1024 -320 ) (537.422424 -1024 -320 ) 
3 65 73 (537.422424 -1024 -320 ) (448 -1024 -320 ) (448 -977.450012 -320 ) 
4 65 70 (48 -769.224976 -320 ) (48 -1024 -320 ) (48 -1024 -288 ) (48 -769.224976 -288 ) 
4 65 68 (537.421875 -1024 -320 ) (76.383972 -784.001221 -320 ) (76.384155 -784.001343 -288 ) (537.421204 -1024 -288 ) 
4 66 86 (1024 -1024 -320 ) (1024 -1024 -288 ) (606.723755 -1024 -288 ) (606.719543 -1024 -320 ) 
3 66 75 (272 -208 -320 ) (448 -208 -320 ) (448 -384 -320 ) 
5 66 73 (1024 -1024 -320 ) (606.719482 -1024 -320 ) (448 -941.375977 -320 ) (448 -208 -320 ) (1024 -208 -320 ) 
4 66 69 (48 -208 -288 ) (48 -208 -320 ) (48 -720 -320 ) (48 -720 -288 ) 
4 66 68 (91.160690 -755.615723 -320 ) (606.722839 -1024 -320 ) (606.724365 -1024 -288 ) (91.161682 -755.614136 -288 ) 
4 66 67 (48 -733.145508 -288 ) (48 -733.147705 -320 ) (62.775551 -740.839355 -320 ) (62.778259 -740.838623 -288 ) 
4 67 70 (48 -752 -320 ) (48 -769.224976 -320 ) (48 -769.224976 -288 ) (48 -752 -288 ) 
4 68 86 (606.723755 -1024 -288 ) (537.422424 -1024 -288 ) (537.422424 -1024 -320 ) (606.719543 -1024 -320 ) 
4 68 73 (606.719482 -1024 -320 ) (537.422424 -1024 -320 ) (448 -977.450012 -320 ) (448 -941.375977 -320 ) 
4 69 71 (16 -208 -288 ) (16 -208 -320 ) (16 -720 -320 ) (16 -720 -288 ) 
4 70 87 (48 -1024 -288 ) (16 -1024 -288 ) (16 -1024 -320 ) (48 -1024 -320 ) 
4 70 71 (16 -752 -320 ) (16 -1024 -320 ) (16 -1024 -288 ) (16 -752 -288 ) 
4 71 87 (16 -1024 -288 ) (0 -1024 -288 ) (0 -1024 -320 ) (16 -1024 -320 ) 
4 71 79 (0 -208 -320 ) (0 -1024 -320 ) (0 -1024 -288 ) (0 -208 -288 ) 
4 72 76 (384 0 -384 ) (1024 0 -384 ) (1024 -128 -384 ) (256 -128 -384 ) 
4 72 74 (256 -128 -384 ) (448 -128 -384 ) (448 -128 -320 ) (256 -128 -320 ) 
4 72 73 (448 -128 -384 ) (1024 -128 -384 ) (1024 -128 -320 ) (448 -128 -320 ) 
4 73 90 (1024 -1024 -384 ) (1024 -1024 -320 ) (448 -1024 -320 ) (448 -1024 -384 ) 
4 73 76 (448 -128 -384 ) (1024 -128 -384 ) (1024 -1024 -384 ) (448 -1024 -384 ) 
4 73 75 (448 -192 -384 ) (448 -384 -384 ) (448 -384 -320 ) (448 -192 -320 ) 
4 73 74 (448 -128 -320 ) (448 -128 -384 ) (448 -192 -384 ) (448 -192 -320 ) 
4 74 82 (0 -128 -384 ) (0 -192 -384 ) (0 -192 -320 ) (0 -128 -320 ) 
4 74 76 (0 -192 -384 ) (0 -128 -384 ) (448 -128 -384 ) (448 -192 -384 ) 
4 74 75 (256 -192 -384 ) (448 -192 -384 ) (448 -192 -320 ) (256 -192 -320 ) 
3 75 76 (256 -192 -384 ) (448 -192 -384 ) (448 -384 -384 ) 
4 76 94 (1024 -1024 -512 ) (1024 -1024 -384 ) (0 -1024 -384 ) (0 -1024 -512 ) 
4 76 85 (0 0 -384 ) (0 0 -512 ) (0 -1024 -512 ) (0 -1024 -384 ) 
4 77 78 (-240 -112 256 ) (-240 -112 -318 ) (0 -112 -318 ) (0 -112 256 ) 
4 77 80 (-240 0 -320 ) (-240 -112 -320 ) (-240 -112 256 ) (-240 0 256 ) 
4 78 80 (-240 -208 -318 ) (-240 -208 256 ) (-240 -112 256 ) (-240 -112 -318 ) 
4 78 79 (-240 -208 256 ) (-240 -208 -318 ) (0 -208 -318 ) (0 -208 256 ) 
4 79 95 (0 -1024 -320 ) (0 -1024 256 ) (-240 -1024 256 ) (-240 -1024 -320 ) 
4 79 80 (-240 -208 -320 ) (-240 -1024 -320 ) (-240 -1024 256 ) (-240 -208 256 ) 
4 80 113 (-1024 -132 -320 ) (-1024 -1024 -320 ) (-1024 -1024 256 ) (-1024 -132 256 ) 
4 80 112 (-1024 0 256 ) (-1024 0 -320 ) (-1024 -132 -320 ) (-1024 -132 256 ) 
4 80 98 (-240 -1024 256 ) (-1024 -1024 256 ) (-1024 -1024 -320 ) (-240 -1024 -320 ) 
3 80 83 (-448 -384 -320 ) (-448 -192 -320 ) (-256 -192 -320 ) 
4 80 82 (-240 -128 -320 ) (-240 -192 -320 ) (-448 -192 -320 ) (-448 -128 -320 ) 
4 80 84 (-448 -1024 -320 ) (-1024 -1024 -320 ) (-1024 -128 -320 ) (-448 -128 -320 ) 
4 80 81 (-1024 0 -320 ) (-384 0 -320 ) (-256 -128 -320 ) (-1024 -128 -320 ) 
4 81 112 (-1024 0 -320 ) (-1024 0 -384 ) (-1024 -128 -384 ) (-1024 -128 -320 ) 
4 81 85 (-1024 -128 -384 ) (-1024 0 -384 ) (-384 0 -384 ) (-256 -128 -384 ) 
4 81 82 (-448 -128 -384 ) (-256 -128 -384 ) (-256 -128 -320 ) (-448 -128 -320 ) 
4 81 84 (-1024 -128 -384 ) (-448 -128 -384 ) (-448 -128 -320 ) (-1024 -128 -320 ) 
4 82 85 (-448 -192 -384 ) (-448 -128 -384 ) (0 -128 -384 ) (0 -192 -384 ) 
4 82 83 (-448 -192 -320 ) (-448 -192 -384 ) (-256 -192 -384 ) (-256 -192 -320 ) 
4 82 84 (-448 -128 -320 ) (-448 -128 -384 ) (-448 -192 -384 ) (-448 -192 -320 ) 
3 83 85 (-448 -384 -384 ) (-448 -192 -384 ) (-256 -192 -384 ) 
4 83 84 (-448 -192 -384 ) (-448 -384 -384 ) (-448 -384 -320 ) (-448 -192 -320 ) 
4 84 113 (-1024 -132 -384 ) (-1024 -1024 -384 ) (-1024 -1024 -320 ) (-1024 -132 -320 ) 
4 84 112 (-1024 -128 -384 ) (-1024 -132 -384 ) (-1024 -132 -320 ) (-1024 -128 -320 ) 
4 84 100 (-448 -1024 -320 ) (-1024 -1024 -320 ) (-1024 -1024 -384 ) (-448 -1024 -384 ) 
4 84 85 (-448 -1024 -384 ) (-1024 -1024 -384 ) (-1024 -128 -384 ) (-448 -128 -384 ) 
4 85 113 (-1024 -132 -512 ) (-1024 -1024 -512 ) (-1024 -1024 -384 ) (-1024 -132 -384 ) 
4 85 112 (-1024 0 -384 ) (-1024 0 -512 ) (-1024 -132 -512 ) (-1024 -132 -384 ) 
4 85 103 (0 -1024 -512 ) (0 -1024 -384 ) (-1024 -1024 -384 ) (-1024 -1024 -512 ) 
4 86 105 (448 -2048 256 ) (240 -2048 256 ) (240 -2048 -320 ) (448 -2048 -320 ) 
4 86 104 (1024 -2048 -320 ) (1024 -2048 256 ) (448 -2048 256 ) (448 -2048 -320 ) 
4 86 93 (1024 -2048 -320 ) (384 -2048 -320 ) (256 -1920 -320 ) (1024 -1920 -320 ) 
4 86 92 (240 -1920 -320 ) (240 -1856 -320 ) (1024 -1856 -320 ) (1024 -1920 -320 ) 
3 86 91 (448 -1664 -320 ) (448 -1856 -320 ) (256 -1856 -320 ) 
4 86 90 (448 -1024 -320 ) (1024 -1024 -320 ) (1024 -1856 -320 ) (448 -1856 -320 ) 
4 86 88 (240 -1936 -318 ) (240 -1936 256 ) (240 -1840 256 ) (240 -1840 -318 ) 
4 86 87 (240 -1024 -320 ) (240 -1840 -320 ) (240 -1840 256 ) (240 -1024 256 ) 
4 86 89 (240 -1936 -320 ) (240 -2048 -320 ) (240 -2048 256 ) (240 -1936 256 ) 
4 87 95 (0 -1840 256 ) (0 -1024 256 ) (0 -1024 -320 ) (0 -1840 -320 ) 
4 87 88 (240 -1840 -318 ) (240 -1840 256 ) (0 -1840 256 ) (0 -1840 -318 ) 
4 88 96 (0 -1936 256 ) (0 -1840 256 ) (0 -1840 -318 ) (0 -1936 -318 ) 
4 88 89 (240 -1936 -318 ) (240 -1936 256 ) (0 -1936 256 ) (0 -1936 -318 ) 
4 89 105 (240 -2048 256 ) (0 -2048 256 ) (0 -2048 -320 ) (240 -2048 -320 ) 
4 89 97 (0 -2048 -320 ) (0 -2048 256 ) (0 -1936 256 ) (0 -1936 -320 ) 
4 90 94 (448 -1024 -384 ) (1024 -1024 -384 ) (1024 -1856 -384 ) (448 -1856 -384 ) 
4 90 92 (448 -1856 -384 ) (1024 -1856 -384 ) (1024 -1856 -320 ) (448 -1856 -320 ) 
4 90 91 (448 -1664 -384 ) (448 -1856 -384 ) (448 -1856 -320 ) (448 -1664 -320 ) 
3 91 94 (448 -1664 -384 ) (448 -1856 -384 ) (256 -1856 -384 ) 
4 91 92 (256 -1856 -384 ) (448 -1856 -384 ) (448 -1856 -320 ) (256 -1856 -320 ) 
4 92 101 (0 -1920 -320 ) (0 -1856 -320 ) (0 -1856 -384 ) (0 -1920 -384 ) 
4 92 94 (0 -1920 -384 ) (0 -1856 -384 ) (1024 -1856 -384 ) (1024 -1920 -384 ) 
4 92 93 (256 -1920 -384 ) (1024 -1920 -384 ) (1024 -1920 -320 ) (256 -1920 -320 ) 
4 93 106 (448 -2048 -320 ) (384 -2048 -320 ) (384 -2048 -384 ) (448 -2048 -384 ) 
4 93 104 (1024 -2048 -384 ) (1024 -2048 -320 ) (448 -2048 -320 ) (448 -2048 -384 ) 
4 93 94 (256 -1920 -384 ) (1024 -1920 -384 ) (1024 -2048 -384 ) (384 -2048 -384 ) 
4 94 107 (1024 -2048 -512 ) (1024 -2048 -384 ) (0 -2048 -384 ) (0 -2048 -512 ) 
4 94 103 (0 -2048 -512 ) (0 -2048 -384 ) (0 -1024 -384 ) (0 -1024 -512 ) 
4 95 96 (-240 -1840 256 ) (-240 -1840 -318 ) (0 -1840 -318 ) (0 -1840 256 ) 
4 95 98 (-240 -1024 -320 ) (-240 -1840 -320 ) (-240 -1840 256 ) (-240 -1024 256 ) 
4 96 98 (-240 -1936 -318 ) (-240 -1936 256 ) (-240 -1840 256 ) (-240 -1840 -318 ) 
4 96 97 (-240 -1936 256 ) (-240 -1936 -318 ) (0 -1936 -318 ) (0 -1936 256 ) 
4 97 108 (-240 -2048 -320 ) (0 -2048 -320 ) (0 -2048 256 ) (-240 -2048 256 ) 
4 97 98 (-240 -1936 -320 ) (-240 -2048 -320 ) (-240 -2048 256 ) (-240 -1936 256 ) 
4 98 114 (-1024 -2048 -320 ) (-1024 -2048 256 ) (-1024 -1024 256 ) (-1024 -1024 -320 ) 
4 98 108 (-448 -2048 -320 ) (-240 -2048 -320 ) (-240 -2048 256 ) (-448 -2048 256 ) 
4 98 110 (-1024 -2048 256 ) (-1024 -2048 -320 ) (-448 -2048 -320 ) (-448 -2048 256 ) 
4 98 102 (-384 -2048 -320 ) (-1024 -2048 -320 ) (-1024 -1920 -320 ) (-256 -1920 -320 ) 
4 98 101 (-240 -1856 -320 ) (-240 -1920 -320 ) (-1024 -1920 -320 ) (-1024 -1856 -320 ) 
3 98 99 (-256 -1856 -320 ) (-448 -1856 -320 ) (-448 -1664 -320 ) 
4 98 100 (-1024 -1024 -320 ) (-448 -1024 -320 ) (-448 -1856 -320 ) (-1024 -1856 -320 ) 
3 99 103 (-256 -1856 -384 ) (-448 -1856 -384 ) (-448 -1664 -384 ) 
4 99 101 (-448 -1856 -384 ) (-256 -1856 -384 ) (-256 -1856 -320 ) (-448 -1856 -320 ) 
4 99 100 (-448 -1664 -384 ) (-448 -1856 -384 ) (-448 -1856 -320 ) (-448 -1664 -320 ) 
4 100 114 (-1024 -1856 -320 ) (-1024 -1024 -320 ) (-1024 -1024 -384 ) (-1024 -1856 -384 ) 
4 100 103 (-1024 -1856 -384 ) (-1024 -1024 -384 ) (-448 -1024 -384 ) (-448 -1856 -384 ) 
4 100 101 (-1024 -1856 -384 ) (-448 -1856 -384 ) (-448 -1856 -320 ) (-1024 -1856 -320 ) 
4 101 114 (-1024 -1920 -320 ) (-1024 -1856 -320 ) (-1024 -1856 -384 ) (-1024 -1920 -384 ) 
4 101 103 (-1024 -1920 -384 ) (-1024 -1856 -384 ) (0 -1856 -384 ) (0 -1920 -384 ) 
4 101 102 (-1024 -1920 -384 ) (-256 -1920 -384 ) (-256 -1920 -320 ) (-1024 -1920 -320 ) 
4 102 114 (-1024 -2048 -384 ) (-1024 -2048 -320 ) (-1024 -1920 -320 ) (-1024 -1920 -384 ) 
4 102 109 (-448 -2048 -384 ) (-384 -2048 -384 ) (-384 -2048 -320 ) (-448 -2048 -320 ) 
4 102 110 (-1024 -2048 -320 ) (-1024 -2048 -384 ) (-448 -2048 -384 ) (-448 -2048 -320 ) 
4 102 103 (-384 -2048 -384 ) (-1024 -2048 -384 ) (-1024 -1920 -384 ) (-256 -1920 -384 ) 
4 103 114 (-1024 -2048 -512 ) (-1024 -2048 -384 ) (-1024 -1024 -384 ) (-1024 -1024 -512 ) 
4 103 111 (-1024 -2048 -384 ) (-1024 -2048 -512 ) (0 -2048 -512 ) (0 -2048 -384 ) 
4 104 116 (1024 -3072 -384 ) (1024 -3072 256 ) (448 -3072 256 ) (448 -3072 -384 ) 
4 104 107 (448 -2048 -384 ) (1024 -2048 -384 ) (1024 -3072 -384 ) (448 -3072 -384 ) 
4 104 106 (448 -2048 -384 ) (448 -2112 -384 ) (448 -2112 -320 ) (448 -2048 -320 ) 
4 104 105 (448 -3072 -320 ) (448 -3072 256 ) (448 -2048 256 ) (448 -2048 -320 ) 
4 105 117 (448 -3072 256 ) (0 -3072 256 ) (0 -3072 -320 ) (448 -3072 -320 ) 
4 105 108 (0 -2048 256 ) (0 -2048 -320 ) (0 -3072 -320 ) (0 -3072 256 ) 
3 105 106 (384 -2048 -320 ) (448 -2048 -320 ) (448 -2112 -320 ) 
3 106 107 (384 -2048 -384 ) (448 -2048 -384 ) (448 -2112 -384 ) 
4 107 120 (1024 -3072 -512 ) (1024 -3072 -384 ) (0 -3072 -384 ) (0 -3072 -512 ) 
4 107 111 (0 -2048 -384 ) (0 -2048 -512 ) (0 -3072 -512 ) (0 -3072 -384 ) 
4 108 121 (0 -3072 -320 ) (0 -3072 256 ) (-448 -3072 256 ) (-448 -3072 -320 ) 
3 108 109 (-448 -2112 -320 ) (-448 -2048 -320 ) (-384 -2048 -320 ) 
4 108 110 (-448 -3072 -320 ) (-448 -3072 256 ) (-448 -2048 256 ) (-448 -2048 -320 ) 
3 109 111 (-448 -2048 -384 ) (-384 -2048 -384 ) (-448 -2112 -384 ) 
4 109 110 (-448 -2048 -384 ) (-448 -2112 -384 ) (-448 -2112 -320 ) (-448 -2048 -320 ) 
4 110 124 (-448 -3072 256 ) (-1024 -3072 256 ) (-1024 -3072 -384 ) (-448 -3072 -384 ) 
4 110 115 (-1024 -3072 -384 ) (-1024 -3072 256 ) (-1024 -2048 256 ) (-1024 -2048 -384 ) 
4 110 111 (-1024 -3072 -384 ) (-1024 -2048 -384 ) (-448 -2048 -384 ) (-448 -3072 -384 ) 
4 111 125 (0 -3072 -512 ) (0 -3072 -384 ) (-1024 -3072 -384 ) (-1024 -3072 -512 ) 
4 111 115 (-1024 -3072 -512 ) (-1024 -3072 -384 ) (-1024 -2048 -384 ) (-1024 -2048 -512 ) 
4 112 113 (-1024 -132 -512 ) (-1024 -132 256 ) (-1536 -132 256 ) (-1536 -132 -512 ) 
4 113 114 (-1024 -1024 -512 ) (-1024 -1024 256 ) (-1536 -1024 256 ) (-1536 -1024 -512 ) 
4 114 115 (-1024 -2048 -512 ) (-1024 -2048 256 ) (-1536 -2048 256 ) (-1536 -2048 -512 ) 
4 115 128 (-1024 -3072 -512 ) (-1024 -3072 256 ) (-1536 -3072 256 ) (-1536 -3072 -512 ) 
4 116 126 (1024 -4096 -384 ) (1024 -4096 256 ) (448 -4096 256 ) (448 -4096 -384 ) 
4 116 120 (1024 -4096 -384 ) (448 -4096 -384 ) (448 -3072 -384 ) (1024 -3072 -384 ) 
4 116 118 (448 -3392 -384 ) (448 -3584 -384 ) (448 -3584 -320 ) (448 -3392 -320 ) 
4 116 117 (448 -3584 -320 ) (448 -3584 256 ) (448 -3072 256 ) (448 -3072 -320 ) 
4 116 119 (448 -3584 -384 ) (448 -4096 -384 ) (448 -4096 256 ) (448 -3584 256 ) 
4 117 121 (0 -3072 256 ) (0 -3072 -320 ) (0 -3584 -320 ) (0 -3584 256 ) 
3 117 118 (448 -3584 -320 ) (256 -3584 -320 ) (448 -3392 -320 ) 
4 117 119 (448 -3584 -320 ) (448 -3584 256 ) (0 -3584 256 ) (0 -3584 -320 ) 
3 118 120 (448 -3392 -384 ) (448 -3584 -384 ) (256 -3584 -384 ) 
4 118 119 (256 -3584 -384 ) (448 -3584 -384 ) (448 -3584 -320 ) (256 -3584 -320 ) 
4 119 126 (448 -4096 256 ) (0 -4096 256 ) (0 -4096 -384 ) (448 -4096 -384 ) 
4 119 123 (0 -3584 -384 ) (0 -4096 -384 ) (0 -4096 256 ) (0 -3584 256 ) 
4 119 120 (448 -4096 -384 ) (0 -4096 -384 ) (0 -3584 -384 ) (448 -3584 -384 ) 
4 120 126 (1024 -4096 -512 ) (1024 -4096 -384 ) (0 -4096 -384 ) (0 -4096 -512 ) 
4 120 125 (0 -3072 -384 ) (0 -3072 -512 ) (0 -4096 -512 ) (0 -4096 -384 ) 
3 121 122 (-256 -3584 -320 ) (-448 -3584 -320 ) (-448 -3392 -320 ) 
4 121 123 (-448 -3584 256 ) (-448 -3584 -320 ) (0 -3584 -320 ) (0 -3584 256 ) 
4 121 124 (-448 -3584 -320 ) (-448 -3584 256 ) (-448 -3072 256 ) (-448 -3072 -320 ) 
3 122 125 (-256 -3584 -384 ) (-448 -3584 -384 ) (-448 -3392 -384 ) 
4 122 124 (-448 -3392 -384 ) (-448 -3584 -384 ) (-448 -3584 -320 ) (-448 -3392 -320 ) 
4 122 123 (-448 -3584 -320 ) (-448 -3584 -384 ) (-256 -3584 -384 ) (-256 -3584 -320 ) 
4 123 127 (0 -4096 -384 ) (0 -4096 256 ) (-448 -4096 256 ) (-448 -4096 -384 ) 
4 123 125 (0 -3584 -384 ) (0 -4096 -384 ) (-448 -4096 -384 ) (-448 -3584 -384 ) 
4 123 124 (-448 -3584 -384 ) (-448 -4096 -384 ) (-448 -4096 256 ) (-448 -3584 256 ) 
4 124 128 (-1024 -3072 256 ) (-1024 -3072 -384 ) (-1024 -4096 -384 ) (-1024 -4096 256 ) 
4 124 127 (-448 -4096 256 ) (-1024 -4096 256 ) (-1024 -4096 -384 ) (-448 -4096 -384 ) 
4 124 125 (-1024 -3072 -384 ) (-448 -3072 -384 ) (-448 -4096 -384 ) (-1024 -4096 -384 ) 
4 125 128 (-1024 -3072 -384 ) (-1024 -3072 -512 ) (-1024 -4096 -512 ) (-1024 -4096 -384 ) 
4 125 127 (0 -4096 -512 ) (0 -4096 -384 ) (-1024 -4096 -384 ) (-1024 -4096 -512 ) 
4 126 127 (0 -4608 256 ) (0 -4096 256 ) (0 -4096 -512 ) (0 -4608 -512 ) 
4 127 129 (-1024 -4608 256 ) (-1024 -4096 256 ) (-1024 -4096 -512 ) (-1024 -4608 -512 ) 
4 128 129 (-1024 -4096 -512 ) (-1024 -4096 256 ) (-1536 -4096 256 ) (-1536 -4096 -512 ) 
