PRT1
88
256
4 0 10 (1280 1024 1792 ) (1024 1024 1792 ) (1024 1024 -288 ) (1280 1024 -288 ) 
4 0 9 (1024 1024 -288 ) (1024 1024 -64 ) (1024 1280 -64 ) (1024 1280 -288 ) 
4 0 8 (1024 1024 -64 ) (1024 1024 -32 ) (1024 1280 -32 ) (1024 1280 -64 ) 
4 0 6 (1024 1024 -32 ) (1024 1024 320 ) (1024 1280 320 ) (1024 1280 -32 ) 
4 0 5 (1024 1024 320 ) (1024 1024 1792 ) (1024 1280 1792 ) (1024 1280 320 ) 
4 0 1 (1024 1280 1792 ) (1024 1920 1792 ) (1024 1920 -288 ) (1024 1280 -288 ) 
4 1 9 (512 1280 -288 ) (1024 1280 -288 ) (1024 1280 -64 ) (512 1280 -64 ) 
4 1 8 (1024 1280 -64 ) (1024 1280 -32 ) (512 1280 -32 ) (512 1280 -64 ) 
4 1 6 (1024 1280 -32 ) (1024 1280 320 ) (512 1280 320 ) (512 1280 -32 ) 
4 1 5 (1024 1280 320 ) (1024 1280 1792 ) (512 1280 1792 ) (512 1280 320 ) 
4 1 3 (512 1280 256 ) (512 1280 1792 ) (512 1536 1792 ) (512 1536 256 ) 
4 1 4 (512 1536 -288 ) (512 1280 -288 ) (512 1280 -32 ) (512 1536 -32 ) 
4 1 2 (512 1920 1792 ) (512 1920 -288 ) (512 1536 -288 ) (512 1536 1792 ) 
4 2 42 (0 1920 -32 ) (0 1920 -288 ) (0 1536 -288 ) (0 1536 -32 ) 
4 2 35 (0 1536 1792 ) (0 1920 1792 ) (0 1920 -32 ) (0 1536 -32 ) 
4 2 3 (512 1536 256 ) (512 1536 1792 ) (0 1536 1792 ) (0 1536 256 ) 
4 2 4 (0 1536 -288 ) (512 1536 -288 ) (512 1536 -32 ) (0 1536 -32 ) 
4 3 36 (0 1280 256 ) (0 1280 1792 ) (0 1536 1792 ) (0 1536 256 ) 
4 3 7 (0 1280 320 ) (0 1280 256 ) (64 1280 256 ) (64 1280 320 ) 
4 3 5 (0 1280 1792 ) (0 1280 320 ) (512 1280 320 ) (512 1280 1792 ) 
4 4 42 (0 1280 -288 ) (0 1280 -32 ) (0 1536 -32 ) (0 1536 -288 ) 
4 4 9 (0 1280 -64 ) (0 1280 -288 ) (512 1280 -288 ) (512 1280 -64 ) 
4 4 8 (64 1280 -64 ) (512 1280 -64 ) (512 1280 -32 ) (64 1280 -32 ) 
4 5 39 (0 1024 320 ) (0 1024 1792 ) (0 1088 1792 ) (0 1088 320 ) 
4 5 38 (0 1088 1792 ) (0 1280 1792 ) (0 1280 320 ) (0 1088 320 ) 
4 5 16 (0 1024 1792 ) (0 1024 320 ) (512 1024 320 ) (512 1024 1792 ) 
4 5 12 (512 1024 320 ) (608 1024 320 ) (608 1024 1792 ) (512 1024 1792 ) 
4 5 11 (608 1024 320 ) (1024 1024 320 ) (1024 1024 1792 ) (608 1024 1792 ) 
4 5 6 (512 1280 320 ) (1024 1280 320 ) (1024 1024 320 ) (512 1024 320 ) 
4 5 7 (0 1280 320 ) (64 1280 320 ) (64 1024 320 ) (0 1024 320 ) 
4 6 12 (512 1024 -32 ) (608 1024 -32 ) (608 1024 320 ) (512 1024 320 ) 
4 6 11 (608 1024 -32 ) (1024 1024 -32 ) (1024 1024 320 ) (608 1024 320 ) 
4 6 8 (1024 1024 -32 ) (512 1024 -32 ) (512 1280 -32 ) (1024 1280 -32 ) 
4 7 39 (0 1024 -32 ) (0 1024 320 ) (0 1088 320 ) (0 1088 -32 ) 
4 7 38 (0 1088 320 ) (0 1280 320 ) (0 1280 -32 ) (0 1088 -32 ) 
4 7 18 (0 1024 320 ) (0 1024 -32 ) (64 1024 -32 ) (64 1024 320 ) 
4 8 19 (64 1024 -64 ) (1024 1024 -64 ) (1024 1024 -32 ) (64 1024 -32 ) 
4 8 9 (64 1280 -64 ) (1024 1280 -64 ) (1024 1024 -64 ) (64 1024 -64 ) 
4 9 43 (0 1024 -288 ) (0 1024 -64 ) (0 1280 -64 ) (0 1280 -288 ) 
4 9 21 (0 1024 -64 ) (0 1024 -288 ) (1024 1024 -288 ) (1024 1024 -64 ) 
4 10 22 (1280 0 1792 ) (1024 0 1792 ) (1024 0 -288 ) (1280 0 -288 ) 
4 10 21 (1024 1024 -64 ) (1024 1024 -288 ) (1024 0 -288 ) (1024 0 -64 ) 
4 10 20 (1024 608 -64 ) (1024 0 -64 ) (1024 0 -32 ) (1024 608 -32 ) 
4 10 19 (1024 1024 -32 ) (1024 1024 -64 ) (1024 608 -64 ) (1024 608 -32 ) 
4 10 14 (1024 576 -32 ) (1024 0 -32 ) (1024 0 1792 ) (1024 576 1792 ) 
4 10 11 (1024 1024 1792 ) (1024 1024 -32 ) (1024 576 -32 ) (1024 576 1792 ) 
4 11 20 (1024 608 -32 ) (1024 576 -32 ) (608 576 -32 ) (608 608 -32 ) 
4 11 19 (608 1024 -32 ) (1024 1024 -32 ) (1024 608 -32 ) (608 608 -32 ) 
4 11 14 (608 576 -32 ) (1024 576 -32 ) (1024 576 1792 ) (608 576 1792 ) 
4 11 13 (608 576 320 ) (608 576 1792 ) (608 608 1792 ) (608 608 320 ) 
4 11 12 (608 1024 -32 ) (608 608 -32 ) (608 608 1792 ) (608 1024 1792 ) 
4 12 19 (512 1024 -32 ) (608 1024 -32 ) (608 608 -32 ) (512 608 -32 ) 
4 12 16 (512 1024 1792 ) (512 1024 320 ) (512 608 320 ) (512 608 1792 ) 
4 12 13 (608 608 320 ) (608 608 1792 ) (512 608 1792 ) (512 608 320 ) 
4 13 16 (512 576 320 ) (512 576 1792 ) (512 608 1792 ) (512 608 320 ) 
4 13 15 (512 576 1792 ) (512 576 320 ) (608 576 320 ) (608 576 1792 ) 
4 14 24 (1024 0 -32 ) (1024 0 256 ) (608 0 256 ) (608 0 -32 ) 
4 14 23 (1024 0 256 ) (1024 0 1792 ) (608 0 1792 ) (608 0 256 ) 
4 14 20 (1024 576 -32 ) (1024 0 -32 ) (608 0 -32 ) (608 576 -32 ) 
4 14 15 (608 0 1792 ) (608 576 1792 ) (608 576 256 ) (608 0 256 ) 
4 15 23 (608 0 1792 ) (512 0 1792 ) (512 0 256 ) (608 0 256 ) 
4 15 17 (512 0 256 ) (512 0 320 ) (512 576 320 ) (512 576 256 ) 
4 15 16 (512 0 320 ) (512 0 1792 ) (512 576 1792 ) (512 576 320 ) 
4 16 52 (0 0 320 ) (0 0 1792 ) (0 1024 1792 ) (0 1024 320 ) 
4 16 23 (0 0 1792 ) (0 0 320 ) (512 0 320 ) (512 0 1792 ) 
4 16 17 (512 608 320 ) (512 0 320 ) (64 0 320 ) (64 608 320 ) 
4 16 18 (0 0 320 ) (0 1024 320 ) (64 1024 320 ) (64 0 320 ) 
4 17 25 (64 0 -32 ) (512 0 -32 ) (512 0 256 ) (64 0 256 ) 
4 17 23 (512 0 256 ) (512 0 320 ) (64 0 320 ) (64 0 256 ) 
4 17 18 (64 608 -32 ) (64 0 -32 ) (64 0 320 ) (64 608 320 ) 
4 18 52 (0 0 -32 ) (0 0 320 ) (0 1024 320 ) (0 1024 -32 ) 
4 18 25 (0 0 256 ) (0 0 -32 ) (64 0 -32 ) (64 0 256 ) 
4 18 23 (0 0 320 ) (0 0 256 ) (64 0 256 ) (64 0 320 ) 
4 19 21 (64 1024 -64 ) (1024 1024 -64 ) (1024 608 -64 ) (64 608 -64 ) 
4 19 20 (512 608 -64 ) (1024 608 -64 ) (1024 608 -32 ) (512 608 -32 ) 
4 20 29 (1024 0 -64 ) (1024 0 -32 ) (512 0 -32 ) (512 0 -64 ) 
4 20 21 (1024 0 -64 ) (512 0 -64 ) (512 608 -64 ) (1024 608 -64 ) 
4 21 56 (0 0 -288 ) (0 0 -64 ) (0 1024 -64 ) (0 1024 -288 ) 
4 21 32 (1024 0 -288 ) (1024 0 -64 ) (0 0 -64 ) (0 0 -288 ) 
4 22 33 (1280 -1024 1792 ) (1024 -1024 1792 ) (1024 -1024 -288 ) (1280 -1024 -288 ) 
4 22 32 (1024 0 -64 ) (1024 0 -288 ) (1024 -1024 -288 ) (1024 -1024 -64 ) 
4 22 30 (1024 -352 -64 ) (1024 -1024 -64 ) (1024 -1024 -32 ) (1024 -352 -32 ) 
4 22 29 (1024 0 -32 ) (1024 0 -64 ) (1024 -352 -64 ) (1024 -352 -32 ) 
4 22 26 (1024 -352 -32 ) (1024 -1024 -32 ) (1024 -1024 256 ) (1024 -352 256 ) 
4 22 24 (1024 0 256 ) (1024 0 -32 ) (1024 -352 -32 ) (1024 -352 256 ) 
4 22 23 (1024 0 1792 ) (1024 0 256 ) (1024 -1024 256 ) (1024 -1024 1792 ) 
4 23 68 (0 -1024 256 ) (0 -1024 1792 ) (0 0 1792 ) (0 0 256 ) 
4 23 34 (0 -1024 1792 ) (0 -1024 256 ) (1024 -1024 256 ) (1024 -1024 1792 ) 
4 23 27 (672 -1024 256 ) (96 -1024 256 ) (96 -448 256 ) (672 -448 256 ) 
4 23 26 (1024 -1024 256 ) (672 -1024 256 ) (672 -352 256 ) (1024 -352 256 ) 
4 23 28 (96 -1024 256 ) (0 -1024 256 ) (0 -352 256 ) (96 -352 256 ) 
4 23 24 (608 0 256 ) (1024 0 256 ) (1024 -352 256 ) (608 -352 256 ) 
4 23 25 (0 -352 256 ) (0 0 256 ) (512 0 256 ) (512 -352 256 ) 
4 24 29 (608 0 -32 ) (1024 0 -32 ) (1024 -352 -32 ) (608 -352 -32 ) 
4 24 26 (672 -352 -32 ) (1024 -352 -32 ) (1024 -352 256 ) (672 -352 256 ) 
4 25 68 (0 -352 256 ) (0 0 256 ) (0 0 -32 ) (0 -352 -32 ) 
4 25 28 (0 -352 -32 ) (96 -352 -32 ) (96 -352 256 ) (0 -352 256 ) 
4 26 34 (672 -1024 -32 ) (1024 -1024 -32 ) (1024 -1024 256 ) (672 -1024 256 ) 
4 26 30 (672 -352 -32 ) (1024 -352 -32 ) (1024 -1024 -32 ) (672 -1024 -32 ) 
4 26 27 (672 -448 -32 ) (672 -1024 -32 ) (672 -1024 256 ) (672 -448 256 ) 
4 27 34 (96 -1024 -32 ) (672 -1024 -32 ) (672 -1024 256 ) (96 -1024 256 ) 
4 27 30 (672 -448 -32 ) (672 -1024 -32 ) (96 -1024 -32 ) (96 -448 -32 ) 
4 27 28 (96 -448 -32 ) (96 -1024 -32 ) (96 -1024 256 ) (96 -448 256 ) 
4 28 68 (0 -1024 -32 ) (0 -1024 256 ) (0 -352 256 ) (0 -352 -32 ) 
4 28 34 (0 -1024 256 ) (0 -1024 -32 ) (96 -1024 -32 ) (96 -1024 256 ) 
4 28 31 (0 -1024 -32 ) (0 -576 -32 ) (96 -576 -32 ) (96 -1024 -32 ) 
4 29 32 (512 0 -64 ) (1024 0 -64 ) (1024 -352 -64 ) (512 -352 -64 ) 
4 29 30 (512 -352 -64 ) (1024 -352 -64 ) (1024 -352 -32 ) (512 -352 -32 ) 
4 30 34 (96 -1024 -64 ) (1024 -1024 -64 ) (1024 -1024 -32 ) (96 -1024 -32 ) 
4 30 32 (1024 -1024 -64 ) (96 -1024 -64 ) (96 -352 -64 ) (1024 -352 -64 ) 
4 30 31 (96 -576 -64 ) (96 -1024 -64 ) (96 -1024 -32 ) (96 -576 -32 ) 
4 31 72 (0 -1024 -64 ) (0 -1024 -32 ) (0 -576 -32 ) (0 -576 -64 ) 
4 31 34 (0 -1024 -32 ) (0 -1024 -64 ) (96 -1024 -64 ) (96 -1024 -32 ) 
4 31 32 (96 -1024 -64 ) (0 -1024 -64 ) (0 -576 -64 ) (96 -576 -64 ) 
4 32 74 (0 -1024 -288 ) (0 -1024 -64 ) (0 0 -64 ) (0 0 -288 ) 
4 32 34 (0 -1024 -64 ) (0 -1024 -288 ) (1024 -1024 -288 ) (1024 -1024 -64 ) 
4 33 34 (1024 -1024 1792 ) (1024 -1024 -288 ) (1024 -1376 -288 ) (1024 -1376 1792 ) 
4 34 84 (0 -1376 1792 ) (0 -1024 1792 ) (0 -1024 -288 ) (0 -1376 -288 ) 
4 35 42 (-768 1920 -32 ) (0 1920 -32 ) (0 1536 -32 ) (-768 1536 -32 ) 
4 35 36 (-768 1536 1792 ) (-768 1536 256 ) (0 1536 256 ) (0 1536 1792 ) 
4 35 37 (-768 1920 1792 ) (-768 1920 -32 ) (-768 1536 -32 ) (-768 1536 1792 ) 
4 36 38 (0 1280 256 ) (0 1280 1792 ) (-576 1280 1792 ) (-576 1280 256 ) 
4 36 40 (-576 1280 1792 ) (-768 1280 1792 ) (-768 1280 256 ) (-576 1280 256 ) 
4 36 37 (-768 1280 256 ) (-768 1280 1792 ) (-768 1536 1792 ) (-768 1536 256 ) 
4 37 45 (-1024 1920 -32 ) (-1024 1280 -32 ) (-1024 1280 1792 ) (-1024 1920 1792 ) 
4 37 42 (-1024 1280 -32 ) (-1024 1920 -32 ) (-768 1920 -32 ) (-768 1280 -32 ) 
4 37 41 (-768 1280 256 ) (-768 1280 1792 ) (-1024 1280 1792 ) (-1024 1280 256 ) 
5 38 39 (-576 1088 1792 ) (-576 1088 64 ) (-320 1088 -32 ) (0 1088 -32 ) (0 1088 1792 ) 
4 38 40 (-576 1280 1792 ) (-576 1280 -32 ) (-576 1088 -32 ) (-576 1088 1792 ) 
5 39 52 (0 1024 -32 ) (0 1024 1792 ) (-576 1024 1792 ) (-576 1024 64 ) (-320 1024 -32 ) 
4 39 40 (-576 1024 64 ) (-576 1024 1792 ) (-576 1088 1792 ) (-576 1088 64 ) 
4 40 52 (-576 1024 1792 ) (-768 1024 1792 ) (-768 1024 -32 ) (-576 1024 -32 ) 
4 40 41 (-768 1280 1792 ) (-768 1280 256 ) (-768 1024 256 ) (-768 1024 1792 ) 
4 41 53 (-768 1024 1792 ) (-1024 1024 1792 ) (-1024 1024 256 ) (-768 1024 256 ) 
4 41 46 (-1024 1024 256 ) (-1024 1024 1792 ) (-1024 1280 1792 ) (-1024 1280 256 ) 
4 42 45 (-1024 1920 -288 ) (-1024 1280 -288 ) (-1024 1280 -32 ) (-1024 1920 -32 ) 
4 42 43 (-768 1280 -288 ) (0 1280 -288 ) (0 1280 -64 ) (-768 1280 -64 ) 
4 42 44 (-1024 1280 -288 ) (-768 1280 -288 ) (-768 1280 -32 ) (-1024 1280 -32 ) 
4 43 56 (0 1024 -288 ) (0 1024 -64 ) (-768 1024 -64 ) (-768 1024 -288 ) 
4 43 44 (-768 1280 -64 ) (-768 1280 -288 ) (-768 1024 -288 ) (-768 1024 -64 ) 
4 44 56 (-1024 1024 -64 ) (-1024 1024 -288 ) (-768 1024 -288 ) (-768 1024 -64 ) 
4 44 55 (-768 1024 -32 ) (-1024 1024 -32 ) (-1024 1024 -64 ) (-768 1024 -64 ) 
4 44 47 (-1024 1280 -288 ) (-1024 1024 -288 ) (-1024 1024 -32 ) (-1024 1280 -32 ) 
4 45 48 (-1088 1920 -288 ) (-1088 1280 -288 ) (-1088 1280 1792 ) (-1088 1920 1792 ) 
4 45 46 (-1088 1280 1792 ) (-1088 1280 256 ) (-1024 1280 256 ) (-1024 1280 1792 ) 
4 45 47 (-1088 1280 -32 ) (-1088 1280 -288 ) (-1024 1280 -288 ) (-1024 1280 -32 ) 
4 46 57 (-1024 1024 256 ) (-1024 1024 1792 ) (-1088 1024 1792 ) (-1088 1024 256 ) 
4 46 49 (-1088 1024 256 ) (-1088 1024 1792 ) (-1088 1184 1792 ) (-1088 1184 256 ) 
4 46 48 (-1088 1184 1792 ) (-1088 1280 1792 ) (-1088 1280 256 ) (-1088 1184 256 ) 
4 47 63 (-1088 1024 -288 ) (-1024 1024 -288 ) (-1024 1024 -32 ) (-1088 1024 -32 ) 
4 47 50 (-1088 1184 -288 ) (-1088 1024 -288 ) (-1088 1024 -32 ) (-1088 1184 -32 ) 
4 47 48 (-1088 1280 -288 ) (-1088 1184 -288 ) (-1088 1184 -32 ) (-1088 1280 -32 ) 
4 48 49 (-1536 1184 1792 ) (-1536 1184 256 ) (-1088 1184 256 ) (-1088 1184 1792 ) 
4 48 50 (-1536 1184 -32 ) (-1536 1184 -288 ) (-1088 1184 -288 ) (-1088 1184 -32 ) 
4 48 51 (-1536 1920 1792 ) (-1536 1920 -288 ) (-1536 1184 -288 ) (-1536 1184 1792 ) 
4 49 57 (-1088 1024 256 ) (-1088 1024 1792 ) (-1536 1024 1792 ) (-1536 1024 256 ) 
4 49 51 (-1536 1024 256 ) (-1536 1024 1792 ) (-1536 1184 1792 ) (-1536 1184 256 ) 
4 50 65 (-1536 1024 -288 ) (-1088 1024 -288 ) (-1088 1024 -32 ) (-1536 1024 -32 ) 
4 50 51 (-1536 1184 -288 ) (-1536 1024 -288 ) (-1536 1024 -32 ) (-1536 1184 -32 ) 
4 51 66 (-2048 1024 -288 ) (-2048 1024 1792 ) (-2048 1920 1792 ) (-2048 1920 -288 ) 
4 51 65 (-2048 1024 -32 ) (-2048 1024 -288 ) (-1536 1024 -288 ) (-1536 1024 -32 ) 
4 51 59 (-2048 1024 256 ) (-2048 1024 -32 ) (-1536 1024 -32 ) (-1536 1024 256 ) 
4 51 57 (-2048 1024 1792 ) (-2048 1024 256 ) (-1536 1024 256 ) (-1536 1024 1792 ) 
4 52 69 (-160 0 1792 ) (-768 0 1792 ) (-768 0 -32 ) (-160 0 -32 ) 
4 52 68 (0 0 -32 ) (0 0 1792 ) (-160 0 1792 ) (-160 0 -32 ) 
4 52 53 (-768 608 256 ) (-768 608 1792 ) (-768 1024 1792 ) (-768 1024 256 ) 
4 52 54 (-768 608 -32 ) (-768 0 -32 ) (-768 0 1792 ) (-768 608 1792 ) 
4 53 57 (-1024 1024 1792 ) (-1024 1024 256 ) (-1024 608 256 ) (-1024 608 1792 ) 
4 53 54 (-768 608 256 ) (-768 608 1792 ) (-1024 608 1792 ) (-1024 608 256 ) 
4 54 69 (-768 0 1792 ) (-1024 0 1792 ) (-1024 0 -32 ) (-768 0 -32 ) 
4 54 61 (-1024 256 -32 ) (-1024 0 -32 ) (-1024 0 160 ) (-1024 256 160 ) 
4 54 58 (-1024 608 -32 ) (-1024 320 -32 ) (-1024 320 256 ) (-1024 608 256 ) 
4 54 57 (-1024 0 256 ) (-1024 0 1792 ) (-1024 608 1792 ) (-1024 608 256 ) 
4 55 63 (-1024 1024 -32 ) (-1024 1024 -64 ) (-1024 608 -64 ) (-1024 608 -32 ) 
4 55 56 (-1024 608 -64 ) (-1024 1024 -64 ) (-768 1024 -64 ) (-768 608 -64 ) 
4 56 74 (0 0 -288 ) (0 0 -64 ) (-1024 0 -64 ) (-1024 0 -288 ) 
4 56 64 (-1024 608 -288 ) (-1024 0 -288 ) (-1024 0 -64 ) (-1024 608 -64 ) 
4 56 63 (-1024 1024 -64 ) (-1024 1024 -288 ) (-1024 608 -288 ) (-1024 608 -64 ) 
4 57 75 (-1024 0 256 ) (-1024 0 1792 ) (-2048 0 1792 ) (-2048 0 256 ) 
4 57 67 (-2048 0 256 ) (-2048 0 1792 ) (-2048 1024 1792 ) (-2048 1024 256 ) 
4 57 62 (-1728 0 256 ) (-2048 0 256 ) (-2048 256 256 ) (-1728 256 256 ) 
4 57 60 (-2048 256 256 ) (-2048 320 256 ) (-1728 320 256 ) (-1728 256 256 ) 
4 57 59 (-2048 320 256 ) (-2048 1024 256 ) (-1536 1024 256 ) (-1536 320 256 ) 
4 57 58 (-1024 608 256 ) (-1024 320 256 ) (-1088 320 256 ) (-1088 608 256 ) 
4 59 67 (-2048 320 256 ) (-2048 1024 256 ) (-2048 1024 -32 ) (-2048 320 -32 ) 
4 59 65 (-2048 320 -32 ) (-2048 1024 -32 ) (-1536 1024 -32 ) (-1536 320 -32 ) 
4 59 60 (-2048 320 -32 ) (-1728 320 -32 ) (-1728 320 256 ) (-2048 320 256 ) 
4 60 67 (-2048 256 256 ) (-2048 320 256 ) (-2048 320 -32 ) (-2048 256 -32 ) 
4 60 65 (-2048 256 -32 ) (-2048 320 -32 ) (-1728 320 -32 ) (-1728 256 -32 ) 
4 60 62 (-2048 256 -32 ) (-1728 256 -32 ) (-1728 256 256 ) (-2048 256 256 ) 
4 61 76 (-1024 0 -32 ) (-1024 0 160 ) (-1728 0 160 ) (-1728 0 -32 ) 
4 61 65 (-1728 256 -32 ) (-1088 256 -32 ) (-1088 0 -32 ) (-1728 0 -32 ) 
4 61 62 (-1728 256 160 ) (-1728 256 -32 ) (-1728 0 -32 ) (-1728 0 160 ) 
4 62 77 (-1728 0 256 ) (-2048 0 256 ) (-2048 0 -32 ) (-1728 0 -32 ) 
4 62 67 (-2048 0 -32 ) (-2048 0 256 ) (-2048 256 256 ) (-2048 256 -32 ) 
4 62 65 (-2048 0 -32 ) (-2048 256 -32 ) (-1728 256 -32 ) (-1728 0 -32 ) 
4 63 64 (-1088 608 -64 ) (-1088 608 -288 ) (-1024 608 -288 ) (-1024 608 -64 ) 
4 63 65 (-1088 1024 -288 ) (-1088 608 -288 ) (-1088 608 -32 ) (-1088 1024 -32 ) 
4 64 81 (-1024 0 -288 ) (-1024 0 -64 ) (-1088 0 -64 ) (-1088 0 -288 ) 
4 64 65 (-1088 608 -288 ) (-1088 0 -288 ) (-1088 0 -64 ) (-1088 608 -64 ) 
4 65 83 (-1088 0 -32 ) (-2048 0 -32 ) (-2048 0 -288 ) (-1088 0 -288 ) 
4 65 67 (-2048 0 -288 ) (-2048 0 -32 ) (-2048 1024 -32 ) (-2048 1024 -288 ) 
4 66 67 (-2048 1024 -288 ) (-2048 1024 1792 ) (-2432 1024 1792 ) (-2432 1024 -288 ) 
4 67 86 (-2048 0 -288 ) (-2048 0 1792 ) (-2432 0 1792 ) (-2432 0 -288 ) 
4 68 84 (0 -1024 -32 ) (0 -1024 1792 ) (-160 -1024 1792 ) (-160 -1024 -32 ) 
4 68 72 (0 -1024 -32 ) (-160 -1024 -32 ) (-160 -576 -32 ) (0 -576 -32 ) 
4 68 70 (-160 -768 256 ) (-160 -768 1792 ) (-160 -352 1792 ) (-160 -352 256 ) 
4 68 69 (-160 0 -32 ) (-160 -352 -32 ) (-160 -352 1792 ) (-160 0 1792 ) 
4 68 71 (-160 -768 -32 ) (-160 -1024 -32 ) (-160 -1024 1792 ) (-160 -768 1792 ) 
4 69 76 (-1024 0 160 ) (-1024 0 -32 ) (-1024 -32 -32 ) (-1024 -32 160 ) 
4 69 75 (-1024 0 1792 ) (-1024 0 256 ) (-1024 -352 256 ) (-1024 -352 1792 ) 
4 69 70 (-160 -352 256 ) (-160 -352 1792 ) (-1024 -352 1792 ) (-1024 -352 256 ) 
4 70 75 (-1024 -768 256 ) (-1024 -768 1792 ) (-1024 -352 1792 ) (-1024 -352 256 ) 
4 70 71 (-160 -768 256 ) (-160 -768 1792 ) (-1024 -768 1792 ) (-1024 -768 256 ) 
4 71 84 (-160 -1024 1792 ) (-1024 -1024 1792 ) (-1024 -1024 -32 ) (-160 -1024 -32 ) 
4 71 79 (-1024 -768 -32 ) (-1024 -1024 -32 ) (-1024 -1024 256 ) (-1024 -768 256 ) 
4 71 75 (-1024 -1024 256 ) (-1024 -1024 1792 ) (-1024 -768 1792 ) (-1024 -768 256 ) 
4 71 73 (-160 -1024 -32 ) (-1024 -1024 -32 ) (-1024 -768 -32 ) (-160 -768 -32 ) 
4 72 84 (0 -1024 -64 ) (0 -1024 -32 ) (-160 -1024 -32 ) (-160 -1024 -64 ) 
4 72 74 (0 -576 -64 ) (0 -1024 -64 ) (-160 -1024 -64 ) (-160 -576 -64 ) 
4 72 73 (-160 -576 -64 ) (-160 -1024 -64 ) (-160 -1024 -32 ) (-160 -576 -32 ) 
4 73 84 (-160 -1024 -32 ) (-1024 -1024 -32 ) (-1024 -1024 -64 ) (-160 -1024 -64 ) 
4 73 82 (-1024 -352 -64 ) (-1024 -1024 -64 ) (-1024 -1024 -32 ) (-1024 -352 -32 ) 
4 73 74 (-1024 -1024 -64 ) (-1024 -352 -64 ) (-160 -352 -64 ) (-160 -1024 -64 ) 
4 74 84 (0 -1024 -288 ) (0 -1024 -64 ) (-1024 -1024 -64 ) (-1024 -1024 -288 ) 
4 74 81 (-1024 0 -64 ) (-1024 0 -288 ) (-1024 -352 -288 ) (-1024 -352 -64 ) 
4 74 82 (-1024 -352 -288 ) (-1024 -1024 -288 ) (-1024 -1024 -64 ) (-1024 -352 -64 ) 
4 75 86 (-2048 0 1792 ) (-2048 0 256 ) (-2048 -1024 256 ) (-2048 -1024 1792 ) 
4 75 85 (-1024 -1024 256 ) (-1024 -1024 1792 ) (-2048 -1024 1792 ) (-2048 -1024 256 ) 
4 75 79 (-1024 -1024 256 ) (-1088 -1024 256 ) (-1088 -768 256 ) (-1024 -768 256 ) 
4 75 80 (-1088 -1024 256 ) (-2048 -1024 256 ) (-2048 -352 256 ) (-1088 -352 256 ) 
4 75 78 (-2048 -352 256 ) (-2048 -32 256 ) (-1728 -32 256 ) (-1728 -352 256 ) 
4 75 77 (-2048 -32 256 ) (-2048 0 256 ) (-1728 0 256 ) (-1728 -32 256 ) 
4 76 83 (-1728 0 -32 ) (-1088 0 -32 ) (-1088 -32 -32 ) (-1728 -32 -32 ) 
4 76 77 (-1728 0 -32 ) (-1728 -32 -32 ) (-1728 -32 160 ) (-1728 0 160 ) 
4 77 86 (-2048 0 256 ) (-2048 0 -32 ) (-2048 -32 -32 ) (-2048 -32 256 ) 
4 77 83 (-2048 0 -32 ) (-1728 0 -32 ) (-1728 -32 -32 ) (-2048 -32 -32 ) 
4 77 78 (-2048 -32 -32 ) (-1728 -32 -32 ) (-1728 -32 256 ) (-2048 -32 256 ) 
4 78 86 (-2048 -32 -32 ) (-2048 -352 -32 ) (-2048 -352 256 ) (-2048 -32 256 ) 
4 78 83 (-1728 -352 -32 ) (-2048 -352 -32 ) (-2048 -32 -32 ) (-1728 -32 -32 ) 
4 78 80 (-2048 -352 -32 ) (-1728 -352 -32 ) (-1728 -352 256 ) (-2048 -352 256 ) 
4 79 85 (-1024 -1024 -32 ) (-1024 -1024 256 ) (-1088 -1024 256 ) (-1088 -1024 -32 ) 
4 79 82 (-1024 -768 -32 ) (-1024 -1024 -32 ) (-1088 -1024 -32 ) (-1088 -768 -32 ) 
4 79 80 (-1088 -768 -32 ) (-1088 -1024 -32 ) (-1088 -1024 256 ) (-1088 -768 256 ) 
4 80 86 (-2048 -352 -32 ) (-2048 -1024 -32 ) (-2048 -1024 256 ) (-2048 -352 256 ) 
4 80 85 (-1088 -1024 256 ) (-2048 -1024 256 ) (-2048 -1024 -32 ) (-1088 -1024 -32 ) 
4 80 83 (-1088 -1024 -32 ) (-2048 -1024 -32 ) (-2048 -352 -32 ) (-1088 -352 -32 ) 
4 81 82 (-1088 -352 -64 ) (-1088 -352 -288 ) (-1024 -352 -288 ) (-1024 -352 -64 ) 
4 81 83 (-1088 0 -288 ) (-1088 -352 -288 ) (-1088 -352 -64 ) (-1088 0 -64 ) 
4 82 85 (-1024 -1024 -288 ) (-1024 -1024 -32 ) (-1088 -1024 -32 ) (-1088 -1024 -288 ) 
4 82 83 (-1088 -352 -288 ) (-1088 -1024 -288 ) (-1088 -1024 -32 ) (-1088 -352 -32 ) 
4 83 86 (-2048 0 -32 ) (-2048 0 -288 ) (-2048 -1024 -288 ) (-2048 -1024 -32 ) 
4 83 85 (-1088 -1024 -32 ) (-2048 -1024 -32 ) (-2048 -1024 -288 ) (-1088 -1024 -288 ) 
4 84 85 (-1024 -1376 1792 ) (-1024 -1024 1792 ) (-1024 -1024 -288 ) (-1024 -1376 -288 ) 
4 85 87 (-2048 -1376 1792 ) (-2048 -1024 1792 ) (-2048 -1024 -288 ) (-2048 -1376 -288 ) 
4 86 87 (-2048 -1024 -288 ) (-2048 -1024 1792 ) (-2432 -1024 1792 ) (-2432 -1024 -288 ) 
