PRT1
69
196
4 0 13 (0 1024 -192 ) (0 1024 -294.399994 ) (204.800018 1024 -294.399994 ) (204.800018 1024 -192 ) 
4 0 12 (204.800018 1024 422.399994 ) (0 1024 422.399994 ) (0 1024 -192 ) (204.800018 1024 -192 ) 
4 0 11 (204.800018 1024 -89.600586 ) (204.800018 1024 -294.399994 ) (409.600037 1024 -294.399994 ) (409.600037 1024 -89.600586 ) 
4 0 10 (204.800018 1024 345.599976 ) (204.800018 1024 -89.600586 ) (409.600037 1024 -89.600586 ) (409.600037 1024 345.600006 ) 
4 0 9 (409.600037 1024 422.399994 ) (204.800018 1024 422.399994 ) (204.800018 1024 345.599976 ) (409.600037 1024 345.600006 ) 
4 0 4 (563.200073 1024 422.399994 ) (460.799988 1024 422.399994 ) (460.799988 1024 -294.399994 ) (563.200073 1024 -294.399994 ) 
4 0 5 (460.799988 1024 422.399994 ) (409.600037 1024 422.399994 ) (409.600037 1024 -294.399994 ) (460.799988 1024 -294.399994 ) 
4 0 3 (665.600037 1024 422.399994 ) (563.200073 1024 422.399994 ) (563.200073 1024 -294.399994 ) (665.600037 1024 -294.399994 ) 
4 0 1 (0 1024 -294.399994 ) (0 1024 422.399994 ) (0 1126.400146 422.399994 ) (0 1126.400146 -294.399994 ) 
4 1 26 (-768 1024 422.399994 ) (-870.400085 1024 422.399994 ) (-870.400085 1024 -294.399994 ) (-768 1024 -294.399994 ) 
4 1 25 (-409.600037 1024 422.399994 ) (-768 1024 422.399994 ) (-768 1024 -294.399994 ) (-409.600037 1024 -294.399994 ) 
4 1 28 (-870.400085 1024 422.399994 ) (-1024 1024 422.399994 ) (-1024 1024 -294.399994 ) (-870.400085 1024 -294.399994 ) 
4 1 24 (-102.400009 1024 422.399994 ) (-409.600037 1024 422.399994 ) (-409.600037 1024 -294.399994 ) (-102.400009 1024 -294.399994 ) 
4 1 23 (0 1024 -294.399994 ) (0 1024 422.399994 ) (-102.400009 1024 422.399994 ) (-102.400009 1024 -294.399994 ) 
4 1 2 (-1024 1024 -294.399994 ) (-1024 1024 422.399994 ) (-1024 1126.400146 422.399994 ) (-1024 1126.400146 -294.399994 ) 
4 2 49 (-1126.400146 1024 422.399994 ) (-1177.600098 1024 422.399994 ) (-1177.600098 1024 -294.399994 ) (-1126.400146 1024 -294.399994 ) 
4 2 47 (-1024 1024 -69.120010 ) (-1024 1024 -17.920044 ) (-1126.400146 1024 -38.400024 ) (-1126.400146 1024 -89.600044 ) 
4 2 46 (-1024 1024 -294.399994 ) (-1024 1024 -69.120010 ) (-1126.400146 1024 -89.600044 ) (-1126.400146 1024 -294.399994 ) 
4 2 45 (-1024 1024 -17.920044 ) (-1024 1024 422.399994 ) (-1126.400146 1024 422.399994 ) (-1126.400146 1024 -38.400024 ) 
4 3 17 (921.599976 0 422.399994 ) (563.200073 0 422.399994 ) (563.200073 0 -294.399994 ) (921.599976 0 -294.399994 ) 
4 3 8 (563.200073 819.200073 -294.399994 ) (563.200073 307.200134 -294.399994 ) (563.200073 307.200073 -89.600586 ) (563.200073 819.200073 -89.600586 ) 
4 3 7 (563.200073 307.200134 -294.399994 ) (563.200073 0 -294.399994 ) (563.200073 0 -89.600586 ) (563.200073 307.200073 -89.600586 ) 
4 3 6 (563.200073 0 -89.600586 ) (563.200073 0 422.399994 ) (563.200073 819.200073 422.399994 ) (563.200073 819.200073 -89.600586 ) 
4 3 4 (563.200073 1024 -294.399994 ) (563.200073 921.599976 -294.399994 ) (563.200073 921.599976 422.399994 ) (563.200073 1024 422.399994 ) 
4 4 5 (460.799988 1024 -294.399994 ) (460.799988 921.599976 -294.399994 ) (460.799988 921.599976 422.399994 ) (460.799988 1024 422.399994 ) 
4 5 11 (409.600037 1024 -294.399994 ) (409.600037 819.200073 -294.399994 ) (409.600037 819.200073 -89.600586 ) (409.600037 1024 -89.600586 ) 
4 5 10 (409.600037 819.200073 -89.600586 ) (409.600037 819.200073 243.199982 ) (409.600037 1024 345.599976 ) (409.600037 1024 -89.600586 ) 
4 5 9 (409.600037 819.200073 243.199982 ) (409.600037 819.200073 422.399994 ) (409.600037 1024 422.399994 ) (409.600037 1024 345.599976 ) 
4 5 8 (409.600037 819.200073 -89.600586 ) (409.600037 819.200073 -294.399994 ) (460.799988 819.200073 -294.399994 ) (460.799988 819.200073 -89.600586 ) 
4 5 6 (409.600037 819.200073 422.399994 ) (409.600037 819.200073 -89.600586 ) (460.799988 819.200073 -89.600586 ) (460.799988 819.200073 422.399994 ) 
4 6 20 (460.799988 0 422.399994 ) (409.600037 0 422.399994 ) (409.600037 0 -89.600586 ) (460.799988 0 -89.600586 ) 
4 6 18 (563.200073 0 422.399994 ) (460.799988 0 422.399994 ) (460.799988 0 -89.600586 ) (563.200073 0 -89.600586 ) 
3 6 10 (409.600037 819.200073 243.199982 ) (409.600037 819.200073 -89.600586 ) (409.600037 153.598816 -89.600586 ) 
5 6 9 (409.600037 0 -89.600586 ) (409.600037 0 422.399994 ) (409.600037 819.200073 422.399994 ) (409.600037 819.200073 243.199982 ) (409.600037 153.598816 -89.600586 ) 
5 6 8 (409.600037 358.399963 -89.600586 ) (409.600037 819.200073 -89.600586 ) (563.200073 819.200073 -89.600586 ) (563.200073 307.200134 -89.600586 ) (512 256 -89.600586 ) 
4 6 7 (409.600037 0 -89.600586 ) (409.600037 153.600021 -89.600586 ) (563.200073 307.200134 -89.600586 ) (563.200073 0 -89.600586 ) 
4 7 20 (409.600037 0 -89.600586 ) (409.600037 0 -294.399994 ) (460.799988 0 -294.399994 ) (460.799988 0 -89.600586 ) 
4 7 18 (460.799988 0 -294.399994 ) (563.200073 0 -294.399994 ) (563.200073 0 -89.600586 ) (460.799988 0 -89.600586 ) 
3 7 9 (409.600037 0 -166.399994 ) (409.600037 0 -89.600586 ) (409.600037 153.600021 -89.600586 ) 
4 7 8 (511.998718 256.001251 -89.600586 ) (563.200073 307.203125 -89.600586 ) (563.200073 307.203125 -294.399994 ) (511.998718 256.001251 -294.399994 ) 
4 8 11 (409.600037 819.200073 -294.399994 ) (409.600037 768 -294.399994 ) (409.600037 358.399963 -89.600586 ) (409.600037 819.200073 -89.600586 ) 
4 9 21 (409.600037 0 422.399994 ) (204.800018 0 422.399994 ) (204.800018 0 -166.399994 ) (409.600037 0 -166.399994 ) 
4 9 15 (204.800018 153.600006 -89.600006 ) (204.800018 51.200005 -140.799988 ) (204.800018 51.200005 422.399994 ) (204.800018 153.600006 422.399994 ) 
4 9 16 (204.800018 51.200005 -140.799988 ) (204.800018 0 -166.399994 ) (204.800018 0 422.399994 ) (204.800018 51.200005 422.399994 ) 
4 9 14 (204.800018 358.399994 12.799988 ) (204.800018 153.600006 -89.600006 ) (204.800018 153.600006 422.399994 ) (204.800018 358.399994 422.399994 ) 
4 9 12 (204.800018 1024 422.399994 ) (204.800018 1024 345.599976 ) (204.800018 358.399994 12.799988 ) (204.800018 358.399994 422.399994 ) 
4 9 10 (204.800018 153.595352 -89.600586 ) (204.800018 1024 345.601288 ) (409.600037 1024 345.601166 ) (409.600037 153.596375 -89.600586 ) 
3 10 14 (204.800018 358.399994 -89.600586 ) (204.800018 153.598831 -89.600586 ) (204.800018 358.399994 12.799995 ) 
4 10 12 (204.800018 1024 345.599976 ) (204.800018 1024 -89.600586 ) (204.800018 358.399994 -89.600586 ) (204.800018 358.399994 12.799995 ) 
4 10 11 (204.800018 358.401154 -89.600586 ) (204.800018 1024 -89.600586 ) (409.600037 1024 -89.600586 ) (409.600037 358.401123 -89.600586 ) 
4 11 13 (204.800018 1024 -192 ) (204.800018 1024 -294.399994 ) (204.800018 768 -294.399994 ) (204.800018 563.200012 -192 ) 
4 11 12 (204.800018 1024 -89.600586 ) (204.800018 1024 -192 ) (204.800018 563.200012 -192 ) (204.800018 358.401154 -89.600586 ) 
4 12 29 (0 460.799988 -192 ) (0 358.399994 -192 ) (0 358.399994 422.399994 ) (0 460.799988 422.399994 ) 
4 12 23 (0 1024 422.399994 ) (0 1024 -192 ) (0 460.799988 -192 ) (0 460.799988 422.399994 ) 
4 12 14 (0 358.399994 422.399994 ) (0 358.399994 -7.680023 ) (204.800018 358.399994 -89.599998 ) (204.800018 358.399994 422.399994 ) 
4 12 13 (0 460.799988 -192 ) (0 1024 -192 ) (204.800018 1024 -192 ) (204.800018 460.799988 -192 ) 
4 13 23 (0 1024 -192 ) (0 1024 -294.399994 ) (0 460.799988 -294.399994 ) (0 460.799988 -192 ) 
4 14 30 (0 153.600006 -7.680023 ) (0 153.600006 422.399994 ) (0 358.399994 422.399994 ) (0 358.399994 -7.680023 ) 
4 14 15 (204.800018 153.600006 -89.600037 ) (204.800018 153.600006 422.399994 ) (0 153.600006 422.399994 ) (0 153.600006 -7.680023 ) 
4 15 31 (0 51.200005 -192 ) (0 51.200005 422.399994 ) (0 153.600006 422.399994 ) (0 153.600006 -192 ) 
4 15 16 (204.800018 51.200005 -192 ) (204.800018 51.200005 422.399994 ) (0 51.200005 422.399994 ) (0 51.200005 -192 ) 
4 16 42 (0 51.200005 -294.399994 ) (0 0 -294.399994 ) (0 0 -192 ) (0 51.200005 -192 ) 
4 16 41 (0 0 -192 ) (0 0 422.399994 ) (0 51.200005 422.399994 ) (0 51.200005 -192 ) 
4 16 22 (0 0 422.399994 ) (0 0 -294.399994 ) (204.800018 0 -294.399994 ) (204.800018 0 422.399994 ) 
4 17 18 (563.200073 0 -294.399994 ) (563.200073 -307.200012 -294.399994 ) (563.200073 -307.200012 422.399994 ) (563.200073 0 422.399994 ) 
4 17 19 (563.200073 -409.600037 -294.399994 ) (563.200073 -614.400024 -294.399994 ) (563.200073 -614.400024 422.399994 ) (563.200073 -409.600037 422.399994 ) 
4 18 20 (460.799988 0 -294.399994 ) (460.799988 -307.200012 -294.399994 ) (460.799988 -307.200012 422.399994 ) (460.799988 0 422.399994 ) 
4 19 20 (460.799988 -409.600037 -294.399994 ) (460.799988 -614.400024 -294.399994 ) (460.799988 -614.400024 422.399994 ) (460.799988 -409.600037 422.399994 ) 
5 20 21 (409.600037 -256 -294.399994 ) (409.600037 -614.400024 -294.399994 ) (409.600037 -614.400024 422.399994 ) (409.600037 0 422.399994 ) (409.600037 0 -166.399994 ) 
5 21 22 (204.800018 -256 -294.399994 ) (204.800018 -614.400024 -294.399994 ) (204.800018 -614.400024 422.399994 ) (204.800018 0 422.399994 ) (204.800018 0 -166.399994 ) 
4 22 57 (0 -614.400024 422.399994 ) (0 -51.200005 422.399994 ) (0 -51.200005 -294.399994 ) (0 -614.400024 -294.399994 ) 
4 22 55 (0 -51.200005 422.399994 ) (0 0 422.399994 ) (0 0 -294.399994 ) (0 -51.200005 -294.399994 ) 
4 23 32 (-51.200005 460.799988 12.800001 ) (-51.200005 460.799988 422.399994 ) (-102.400009 460.799988 422.399994 ) (-102.400009 460.799988 12.800001 ) 
4 23 29 (0 460.799988 -192 ) (0 460.799988 422.399994 ) (-51.200005 460.799988 422.399994 ) (-51.200005 460.799988 -192 ) 
5 23 24 (-102.400009 1024 -294.399994 ) (-102.400009 563.199951 -294.399994 ) (-102.400009 460.799988 -243.200012 ) (-102.400009 460.799988 422.399994 ) (-102.400009 1024 422.399994 ) 
4 24 33 (-102.400009 460.799988 -243.200012 ) (-102.400009 460.799988 -38.400002 ) (-409.600037 460.799988 -38.400002 ) (-409.600037 460.799988 -243.199982 ) 
4 24 32 (-102.400009 460.799988 12.800001 ) (-102.400009 460.799988 422.399994 ) (-409.600037 460.799988 422.399994 ) (-409.600037 460.799988 12.800001 ) 
5 24 25 (-409.600037 1024 -294.399994 ) (-409.600037 563.199951 -294.399994 ) (-409.600037 460.799988 -243.200012 ) (-409.600037 460.799988 422.399994 ) (-409.600037 1024 422.399994 ) 
3 25 37 (-614.399902 460.799988 12.800001 ) (-768 460.799988 12.800001 ) (-768 460.799988 -17.920017 ) 
5 25 36 (-768 460.799988 -294.399994 ) (-460.799988 460.799988 -294.399994 ) (-460.799988 460.799988 12.800001 ) (-614.399902 460.799988 12.800001 ) (-768 460.799988 -17.920017 ) 
4 25 34 (-460.799988 460.799988 12.800001 ) (-460.799988 460.799988 422.399994 ) (-768 460.799988 422.399994 ) (-768 460.799988 12.800001 ) 
4 25 32 (-409.600037 460.799988 12.800001 ) (-409.600037 460.799988 422.399994 ) (-460.799988 460.799988 422.399994 ) (-460.799988 460.799988 12.800001 ) 
4 25 26 (-768 1024 -294.399994 ) (-768 972.799988 -294.399994 ) (-768 972.799988 422.399994 ) (-768 1024 422.399994 ) 
4 25 27 (-768 870.400085 -294.399994 ) (-768 460.799988 -294.399994 ) (-768 460.799988 422.399994 ) (-768 870.400085 422.399994 ) 
4 26 28 (-870.400085 1024 -294.399994 ) (-870.400085 972.799988 -294.399994 ) (-870.400085 972.799988 422.399994 ) (-870.400085 1024 422.399994 ) 
4 27 37 (-768 460.799988 -17.920044 ) (-768 460.799988 12.800001 ) (-870.400085 460.799988 12.800001 ) (-870.400085 460.799988 -38.400032 ) 
4 27 36 (-870.400085 460.799988 -294.399994 ) (-768 460.799988 -294.399994 ) (-768 460.799988 -17.920044 ) (-870.400085 460.799988 -38.400032 ) 
4 27 34 (-768 460.799988 12.800001 ) (-768 460.799988 422.399994 ) (-870.400085 460.799988 422.399994 ) (-870.400085 460.799988 12.800001 ) 
4 27 28 (-870.400085 870.400085 -294.399994 ) (-870.400085 460.799988 -294.399994 ) (-870.400085 460.799988 422.399994 ) (-870.400085 870.400085 422.399994 ) 
4 28 47 (-1024 1024 -17.920044 ) (-1024 1024 -69.120003 ) (-1024 460.799988 -69.120010 ) (-1024 460.799988 -17.920044 ) 
4 28 46 (-1024 1024 -69.120003 ) (-1024 1024 -294.399994 ) (-1024 460.799988 -294.399994 ) (-1024 460.799988 -69.120010 ) 
4 28 45 (-1024 1024 422.399994 ) (-1024 1024 -17.920044 ) (-1024 460.799988 -17.920044 ) (-1024 460.799988 422.399994 ) 
4 28 37 (-870.400085 460.799988 -38.400055 ) (-870.400085 460.799988 12.800001 ) (-1024 460.799988 -17.920006 ) (-1024 460.799988 -69.120010 ) 
4 28 36 (-1024 460.799988 -294.399994 ) (-870.400085 460.799988 -294.399994 ) (-870.400085 460.799988 -38.400055 ) (-1024 460.799988 -69.120010 ) 
3 28 35 (-870.400085 460.799988 12.800001 ) (-1024 460.799988 12.800001 ) (-1024 460.799988 -17.920006 ) 
4 28 34 (-870.400085 460.799988 12.800001 ) (-870.400085 460.799988 422.399994 ) (-1024 460.799988 422.399994 ) (-1024 460.799988 12.800001 ) 
4 29 32 (-51.200005 460.799988 422.399994 ) (-51.200005 460.799988 12.800001 ) (-51.200005 358.399994 12.800001 ) (-51.200005 358.399994 422.399994 ) 
4 29 30 (-51.200005 358.399994 422.399994 ) (-51.200005 358.399994 12.799957 ) (0 358.399994 -7.680008 ) (0 358.399994 422.399994 ) 
4 30 32 (-51.200005 153.600006 12.799988 ) (-51.200005 153.600006 422.399994 ) (-51.200005 358.399994 422.399994 ) (-51.200005 358.399994 12.799988 ) 
4 30 31 (-51.200005 153.600006 422.399994 ) (-51.200005 153.600006 12.799988 ) (0 153.600006 -7.680023 ) (0 153.600006 422.399994 ) 
4 31 41 (0 51.200005 -192 ) (0 51.200005 422.399994 ) (-51.200005 51.200005 422.399994 ) (-51.200005 51.200005 -192 ) 
4 31 32 (-51.200005 51.200005 12.800001 ) (-51.200005 51.200005 422.399994 ) (-51.200005 153.600006 422.399994 ) (-51.200005 153.600006 12.800001 ) 
4 32 41 (-51.200005 51.200005 12.800001 ) (-51.200005 51.200005 422.399994 ) (-460.799988 51.200005 422.399994 ) (-460.799988 51.200005 12.800001 ) 
4 32 34 (-460.799988 460.799988 422.399994 ) (-460.799988 460.799988 12.800001 ) (-460.799988 51.200005 12.800001 ) (-460.799988 51.200005 422.399994 ) 
4 33 43 (-102.400009 51.200005 -243.199997 ) (-102.400009 51.200005 -192 ) (-409.600037 51.200005 -192 ) (-409.600037 51.200005 -243.199997 ) 
4 33 41 (-102.400009 51.200005 -192 ) (-102.400009 51.200005 -38.400002 ) (-409.600037 51.200005 -38.400002 ) (-409.600037 51.200005 -192 ) 
4 34 45 (-1024 51.200005 12.800001 ) (-1024 51.200005 422.399994 ) (-1024 460.799988 422.399994 ) (-1024 460.799988 12.800001 ) 
4 34 41 (-1024 51.200005 422.399994 ) (-1024 51.200005 12.800001 ) (-460.799988 51.200005 12.800001 ) (-460.799988 51.200005 422.399994 ) 
4 34 40 (-614.399963 51.200005 12.800001 ) (-870.399963 51.200005 12.800001 ) (-870.399963 153.600006 12.800001 ) (-614.399902 153.600006 12.800001 ) 
4 34 39 (-460.799988 153.600006 12.800001 ) (-460.799988 51.200005 12.800001 ) (-614.399963 51.200005 12.800001 ) (-614.399902 153.600006 12.800001 ) 
4 34 37 (-870.399963 460.799988 12.800001 ) (-614.399902 460.799988 12.800001 ) (-614.399963 358.399994 12.800001 ) (-870.399963 358.399994 12.800001 ) 
4 34 36 (-614.399902 460.799988 12.800001 ) (-460.799988 460.799988 12.800001 ) (-460.799988 358.399994 12.800001 ) (-614.399963 358.399994 12.800001 ) 
4 34 35 (-1024 460.799988 12.800001 ) (-870.399963 460.799988 12.800001 ) (-870.399963 51.200005 12.800001 ) (-1024 51.200005 12.800001 ) 
4 35 45 (-1024 51.200005 -17.920013 ) (-1024 51.200005 12.800001 ) (-1024 460.799988 12.800001 ) (-1024 460.799988 -17.920006 ) 
3 35 41 (-1024 51.200005 12.800001 ) (-1024 51.200005 -17.920006 ) (-870.399963 51.200005 12.800001 ) 
4 35 40 (-870.400391 153.600006 12.800001 ) (-870.400391 51.200005 12.800001 ) (-1024 51.200005 -17.919920 ) (-1024 92.160004 -17.919916 ) 
4 35 37 (-1024 460.799988 -17.919891 ) (-870.400391 460.799988 12.800001 ) (-870.400391 358.399994 12.800001 ) (-1024 419.839996 -17.919895 ) 
4 36 46 (-1024 460.799988 -294.399994 ) (-1024 358.399994 -294.399994 ) (-1024 358.399994 -69.120010 ) (-1024 460.799988 -69.120010 ) 
4 36 38 (-870.400024 358.399994 -38.400009 ) (-1024 358.399994 -69.120010 ) (-1024 358.399994 -294.399994 ) (-563.200073 358.399994 -294.399994 ) 
5 36 37 (-870.400024 358.399994 -38.399544 ) (-614.402344 358.399994 12.800001 ) (-614.402344 460.799988 12.800001 ) (-1024 460.799988 -69.119522 ) (-1024 419.839996 -69.119530 ) 
4 37 47 (-1024 419.839996 -17.920006 ) (-1024 460.799988 -17.920006 ) (-1024 460.799988 -69.120010 ) (-1024 419.839996 -69.120010 ) 
4 38 46 (-1024 358.399994 -294.399994 ) (-1024 153.600006 -294.399994 ) (-1024 153.600006 -69.120010 ) (-1024 358.399994 -69.120018 ) 
4 38 39 (-1024 153.600006 -69.120010 ) (-1024 153.600006 -294.399994 ) (-563.200073 153.600006 -294.399994 ) (-870.400024 153.600006 -38.399994 ) 
4 39 46 (-1024 153.600006 -294.399994 ) (-1024 51.200005 -294.399994 ) (-1024 51.200005 -69.120010 ) (-1024 153.600006 -69.120003 ) 
4 39 44 (-1024 51.200005 -192 ) (-1024 51.200005 -294.399994 ) (-460.799988 51.200005 -294.399994 ) (-460.799988 51.200005 -192 ) 
5 39 41 (-1024 51.200005 -69.120010 ) (-1024 51.200005 -192 ) (-460.799988 51.200005 -192 ) (-460.799988 51.200005 12.800001 ) (-614.399963 51.200005 12.800001 ) 
5 39 40 (-614.402344 153.600006 12.800001 ) (-870.400024 153.600006 -38.399536 ) (-1024 92.160004 -69.119530 ) (-1024 51.200005 -69.119537 ) (-614.402344 51.200005 12.800001 ) 
4 40 48 (-1024 51.200005 -69.120010 ) (-1024 51.200005 -17.920013 ) (-1024 92.160004 -17.920013 ) (-1024 92.160004 -69.120010 ) 
4 40 41 (-1024 51.200005 -17.920006 ) (-1024 51.200005 -69.120010 ) (-614.399963 51.200005 12.800001 ) (-870.399963 51.200005 12.800001 ) 
4 41 62 (-768 0 422.399994 ) (-870.400085 0 422.399994 ) (-870.400085 0 -192 ) (-768 0 -192 ) 
4 41 61 (-460.799988 0 422.399994 ) (-768 0 422.399994 ) (-768 0 -192 ) (-460.799988 0 -192 ) 
4 41 64 (-870.400085 0 422.399994 ) (-1024 0 422.399994 ) (-1024 0 -192 ) (-870.400085 0 -192 ) 
4 41 59 (-409.600037 0 422.399994 ) (-460.799988 0 422.399994 ) (-460.799988 0 -192 ) (-409.600037 0 -192 ) 
4 41 58 (-102.400009 0 422.399994 ) (-409.600037 0 422.399994 ) (-409.600037 0 -192 ) (-102.400009 0 -192 ) 
4 41 56 (-51.200005 0 422.399994 ) (-102.400009 0 422.399994 ) (-102.400009 0 -192 ) (-51.200005 0 -192 ) 
4 41 55 (0 0 -192 ) (0 0 422.399994 ) (-51.200005 0 422.399994 ) (-51.200005 0 -192 ) 
4 41 48 (-1024 0 -69.120003 ) (-1024 0 -17.919998 ) (-1024 51.200005 -17.920044 ) (-1024 51.200005 -69.120003 ) 
4 41 46 (-1024 0 -192 ) (-1024 0 -69.120003 ) (-1024 51.200005 -69.120003 ) (-1024 51.200005 -192 ) 
4 41 45 (-1024 0 -17.919998 ) (-1024 0 422.399994 ) (-1024 51.200005 422.399994 ) (-1024 51.200005 -17.920044 ) 
4 41 44 (-460.799988 0 -192 ) (-1024 0 -192 ) (-1024 51.200005 -192 ) (-460.799988 51.200005 -192 ) 
4 41 43 (-102.400009 0 -192 ) (-409.600037 0 -192 ) (-409.600037 51.200005 -192 ) (-102.400009 51.200005 -192 ) 
4 41 42 (0 0 -192 ) (-51.200005 0 -192 ) (-51.200005 51.200005 -192 ) (0 51.200005 -192 ) 
4 42 55 (0 0 -294.399994 ) (0 0 -192 ) (-51.200005 0 -192 ) (-51.200005 0 -294.399994 ) 
4 43 58 (-102.400009 0 -192 ) (-409.600037 0 -192 ) (-409.600037 0 -268.799988 ) (-102.400009 0 -268.799988 ) 
4 44 62 (-768 0 -192 ) (-870.400085 0 -192 ) (-870.400085 0 -294.399994 ) (-768 0 -294.399994 ) 
4 44 61 (-460.799988 0 -192 ) (-768 0 -192 ) (-768 0 -294.399994 ) (-460.799988 0 -294.399994 ) 
4 44 64 (-870.400085 0 -192 ) (-1024 0 -192 ) (-1024 0 -294.399994 ) (-870.400085 0 -294.399994 ) 
4 44 46 (-1024 51.200005 -294.399994 ) (-1024 0 -294.399994 ) (-1024 0 -192 ) (-1024 51.200005 -192 ) 
4 45 65 (-1024 0 -17.920044 ) (-1024 0 422.399994 ) (-1126.400146 0 422.399994 ) (-1126.400146 0 -38.400024 ) 
4 45 50 (-1126.400146 51.200005 422.399994 ) (-1126.400146 460.799988 422.399994 ) (-1126.400146 460.799988 -38.400040 ) (-1126.400146 51.200005 -38.400055 ) 
4 45 51 (-1126.400146 0 -38.400055 ) (-1126.400146 0 422.399994 ) (-1126.400146 51.200005 422.399994 ) (-1126.400146 51.200005 -38.400055 ) 
4 45 49 (-1126.400146 460.799988 422.399994 ) (-1126.400146 1024 422.399994 ) (-1126.400146 1024 -38.400024 ) (-1126.400146 460.799988 -38.400040 ) 
4 45 48 (-1126.400146 0 -38.399414 ) (-1126.400146 51.199959 -38.399414 ) (-1024 92.160034 -17.919403 ) (-1024 0 -17.919403 ) 
4 45 47 (-1126.400146 460.800079 -38.399414 ) (-1126.400146 1024 -38.399414 ) (-1024 1024 -17.919403 ) (-1024 419.839966 -17.919403 ) 
4 46 65 (-1024 0 -294.399994 ) (-1024 0 -69.120010 ) (-1126.400146 0 -89.600044 ) (-1126.400146 0 -294.399994 ) 
4 46 51 (-1126.400146 51.200005 -294.399994 ) (-1126.400146 0 -294.399994 ) (-1126.400146 0 -89.600037 ) (-1126.400146 51.200005 -89.600037 ) 
4 46 49 (-1126.400146 1024 -294.399994 ) (-1126.400146 460.799988 -294.399994 ) (-1126.400146 460.799988 -89.600037 ) (-1126.400146 1024 -89.600044 ) 
4 46 48 (-1126.400146 51.199951 -89.598633 ) (-1126.400146 0 -89.598633 ) (-1024 0 -69.118629 ) (-1024 92.160019 -69.118629 ) 
4 46 47 (-1126.400146 1024 -89.598633 ) (-1126.400146 460.800049 -89.598633 ) (-1024 419.839966 -69.118629 ) (-1024 1024 -69.118629 ) 
4 47 49 (-1126.400146 460.800079 -38.400040 ) (-1126.400146 1024 -38.400024 ) (-1126.400146 1024 -89.600044 ) (-1126.400146 460.800049 -89.600037 ) 
4 48 65 (-1024 0 -69.120010 ) (-1024 0 -17.920044 ) (-1126.400146 0 -38.400024 ) (-1126.400146 0 -89.600044 ) 
4 48 51 (-1126.400146 0 -89.600037 ) (-1126.400146 0 -38.400055 ) (-1126.400146 51.199959 -38.400055 ) (-1126.400146 51.199951 -89.600037 ) 
4 49 54 (-1280 665.599976 -294.399994 ) (-1280 563.200012 -294.399994 ) (-1280 563.200012 -38.400002 ) (-1280 665.599976 -38.400002 ) 
4 49 53 (-1280 460.799988 -38.400002 ) (-1280 460.799988 422.399994 ) (-1280 665.599976 422.399994 ) (-1280 665.599976 -38.400002 ) 
4 49 52 (-1280 921.600037 -294.399994 ) (-1280 665.599976 -294.399994 ) (-1280 665.599976 422.399994 ) (-1280 921.600098 422.399994 ) 
4 49 50 (-1280 460.799988 422.399994 ) (-1280 460.799988 -38.400002 ) (-1126.400146 460.799988 -38.400002 ) (-1126.400146 460.799988 422.399994 ) 
4 50 53 (-1280 51.200005 -38.400002 ) (-1280 51.200005 422.399994 ) (-1280 460.799988 422.399994 ) (-1280 460.799988 -38.400002 ) 
4 50 51 (-1280 51.200005 422.399994 ) (-1280 51.200005 -38.400002 ) (-1126.400146 51.200005 -38.400002 ) (-1126.400146 51.200005 422.399994 ) 
4 51 65 (-1126.400146 0 422.399994 ) (-1280 0 422.399994 ) (-1280 0 -294.399994 ) (-1126.400146 0 -294.399994 ) 
4 51 53 (-1280 0 -38.400002 ) (-1280 0 422.399994 ) (-1280 51.200005 422.399994 ) (-1280 51.200005 -38.400002 ) 
4 52 54 (-1382.400024 665.599976 -294.399994 ) (-1280 665.599976 -294.399994 ) (-1280 665.599976 -38.400002 ) (-1382.400024 665.599976 -38.400002 ) 
4 52 53 (-1433.599976 665.599976 422.399994 ) (-1433.599976 665.599976 -38.400002 ) (-1280 665.599976 -38.400002 ) (-1280 665.599976 422.399994 ) 
4 53 66 (-1280 0 422.399994 ) (-1433.599976 0 422.399994 ) (-1433.599976 0 -38.400002 ) (-1280 0 -38.400002 ) 
3 53 54 (-1382.400024 665.599976 -38.400002 ) (-1280 665.599976 -38.400002 ) (-1280 563.200012 -38.400002 ) 
4 55 57 (-51.200005 -51.200005 -294.399994 ) (0 -51.200005 -294.399994 ) (0 -51.200005 422.399994 ) (-51.200005 -51.200005 422.399994 ) 
4 55 56 (-51.200005 -51.200005 -192 ) (-51.200005 -51.200005 422.399994 ) (-51.200005 0 422.399994 ) (-51.200005 0 -192 ) 
4 56 58 (-102.400009 -51.200005 -192 ) (-102.400009 -51.200005 422.399994 ) (-102.400009 0 422.399994 ) (-102.400009 0 -192 ) 
4 56 57 (-102.400009 -51.200005 422.399994 ) (-102.400009 -51.200005 -192 ) (-51.200005 -51.200005 -192 ) (-51.200005 -51.200005 422.399994 ) 
4 57 58 (-102.400009 -51.200005 -294.399994 ) (-102.400009 -614.400024 -294.399994 ) (-102.400009 -614.400024 422.399994 ) (-102.400009 -51.200005 422.399994 ) 
4 58 59 (-409.600037 -51.200008 -192 ) (-409.600037 -51.200005 422.399994 ) (-409.600037 0 422.399994 ) (-409.600037 0 -192 ) 
4 58 60 (-409.600037 -51.200008 -294.399994 ) (-409.600037 -614.400024 -294.399994 ) (-409.600037 -614.400024 422.399994 ) (-409.600037 -51.200005 422.399994 ) 
4 59 61 (-460.799988 -51.200005 -192 ) (-460.799988 -51.200005 422.399994 ) (-460.799988 0 422.399994 ) (-460.799988 0 -192 ) 
4 59 60 (-460.799988 -51.200005 422.399994 ) (-460.799988 -51.200005 -192 ) (-409.600037 -51.200005 -192 ) (-409.600037 -51.200005 422.399994 ) 
4 60 61 (-460.799988 -51.200005 -294.399994 ) (-460.799988 -614.400024 -294.399994 ) (-460.799988 -614.400024 422.399994 ) (-460.799988 -51.200005 422.399994 ) 
4 61 62 (-768 0 -294.399994 ) (-768 -358.399994 -294.399994 ) (-768 -358.399994 422.399994 ) (-768 0 422.399994 ) 
4 61 63 (-768 -460.799988 -294.399994 ) (-768 -614.400024 -294.399994 ) (-768 -614.400024 422.399994 ) (-768 -460.799988 422.399994 ) 
4 62 64 (-870.400085 0 -294.399994 ) (-870.400085 -358.399994 -294.399994 ) (-870.400085 -358.399994 422.399994 ) (-870.400085 0 422.399994 ) 
4 63 64 (-870.400085 -460.799988 -294.399994 ) (-870.400085 -614.400024 -294.399994 ) (-870.400085 -614.400024 422.399994 ) (-870.400085 -460.799988 422.399994 ) 
4 64 68 (-1024 -153.600006 -294.399994 ) (-1024 -614.400024 -294.399994 ) (-1024 -614.400024 422.399994 ) (-1024 -153.600006 422.399994 ) 
4 64 65 (-1024 0 422.399994 ) (-1024 0 -294.399994 ) (-1024 -153.600006 -294.399994 ) (-1024 -153.600006 422.399994 ) 
4 65 68 (-1280 -153.600006 -294.399994 ) (-1024 -153.600006 -294.399994 ) (-1024 -153.600006 422.399994 ) (-1280 -153.600006 422.399994 ) 
4 65 67 (-1280 -51.199970 -294.399994 ) (-1280 -153.600006 -294.399994 ) (-1280 -153.600006 -38.400002 ) (-1280 -51.199974 -38.400002 ) 
4 65 66 (-1280 -153.600006 -38.400002 ) (-1280 -153.600006 422.399994 ) (-1280 0 422.399994 ) (-1280 0 -38.400002 ) 
4 66 68 (-1433.599976 -153.600006 422.399994 ) (-1433.599976 -153.600006 -38.400002 ) (-1280 -153.600006 -38.400002 ) (-1280 -153.600006 422.399994 ) 
3 66 67 (-1280 -51.199970 -38.400002 ) (-1280 -153.600006 -38.400002 ) (-1382.400024 -153.600006 -38.400002 ) 
4 67 68 (-1382.400024 -153.600006 -294.399994 ) (-1280 -153.600006 -294.399994 ) (-1280 -153.600006 -38.400002 ) (-1382.400024 -153.600006 -38.400002 ) 
