PRT1
25
37
4 0 1 (128 3584 256 ) (128 3584 -1024 ) (128 3328 -1024 ) (128 3328 256 ) 
4 1 5 (0 3072 -1024 ) (0 3072 256 ) (0 3584 256 ) (0 3584 -1024 ) 
4 1 2 (0 3072 256 ) (0 3072 -1024 ) (128 3072 -1024 ) (128 3072 256 ) 
4 2 6 (0 2560 -1024 ) (0 2560 256 ) (0 3072 256 ) (0 3072 -1024 ) 
4 2 4 (128 2560 -1024 ) (128 2560 256 ) (0 2560 256 ) (0 2560 -1024 ) 
4 3 9 (896 2048 0 ) (896 2048 512 ) (640 2048 512 ) (640 2048 0 ) 
4 3 4 (640 2560 512 ) (640 2560 0 ) (640 2048 0 ) (640 2048 512 ) 
4 4 10 (640 2048 -1024 ) (640 2048 736 ) (0 2048 736 ) (0 2048 -1024 ) 
4 4 7 (0 2048 -1024 ) (0 2048 736 ) (0 2560 736 ) (0 2560 -1024 ) 
4 5 6 (0 3072 -1024 ) (0 3072 256 ) (-128 3072 256 ) (-128 3072 -1024 ) 
4 6 7 (0 2560 -1024 ) (0 2560 256 ) (-128 2560 256 ) (-128 2560 -1024 ) 
4 7 13 (0 2048 -1024 ) (0 2048 736 ) (-640 2048 736 ) (-640 2048 -1024 ) 
4 7 8 (-640 2560 512 ) (-640 2560 0 ) (-640 2048 0 ) (-640 2048 512 ) 
4 8 14 (-640 2048 0 ) (-640 2048 512 ) (-896 2048 512 ) (-896 2048 0 ) 
4 9 11 (896 1024 0 ) (896 1024 512 ) (640 1024 512 ) (640 1024 0 ) 
4 9 10 (640 2048 512 ) (640 2048 0 ) (640 1024 0 ) (640 1024 512 ) 
4 10 13 (0 1024 -1024 ) (0 1024 736 ) (0 2048 736 ) (0 2048 -1024 ) 
4 10 12 (640 1024 -1024 ) (640 1024 736 ) (0 1024 736 ) (0 1024 -1024 ) 
4 11 17 (896 0 0 ) (896 0 512 ) (640 0 512 ) (640 0 0 ) 
4 11 12 (640 0 0 ) (640 0 512 ) (640 1024 512 ) (640 1024 0 ) 
4 12 18 (640 0 -1024 ) (640 0 736 ) (0 0 736 ) (0 0 -1024 ) 
4 12 15 (0 0 -1024 ) (0 0 736 ) (0 1024 736 ) (0 1024 -1024 ) 
4 13 15 (0 1024 -1024 ) (0 1024 736 ) (-640 1024 736 ) (-640 1024 -1024 ) 
4 13 14 (-640 2048 512 ) (-640 2048 0 ) (-640 1024 0 ) (-640 1024 512 ) 
4 14 16 (-640 1024 0 ) (-640 1024 512 ) (-896 1024 512 ) (-896 1024 0 ) 
4 15 21 (0 0 -1024 ) (0 0 736 ) (-640 0 736 ) (-640 0 -1024 ) 
4 15 16 (-640 0 0 ) (-640 0 512 ) (-640 1024 512 ) (-640 1024 0 ) 
4 16 22 (-640 0 0 ) (-640 0 512 ) (-896 0 512 ) (-896 0 0 ) 
4 17 18 (640 0 512 ) (640 0 0 ) (640 -512 0 ) (640 -512 512 ) 
4 18 21 (0 0 736 ) (0 0 -1024 ) (0 -512 -1024 ) (0 -512 736 ) 
4 18 19 (0 -512 256 ) (0 -512 -256 ) (128 -512 -256 ) (128 -512 256 ) 
4 19 23 (0 -1024 -256 ) (0 -1024 256 ) (0 -512 256 ) (0 -512 -256 ) 
4 19 20 (128 -1024 -256 ) (128 -1024 256 ) (0 -1024 256 ) (0 -1024 -256 ) 
4 20 24 (0 -1248 -256 ) (0 -1248 256 ) (0 -1024 256 ) (0 -1024 -256 ) 
4 21 23 (0 -512 -256 ) (0 -512 256 ) (-128 -512 256 ) (-128 -512 -256 ) 
4 21 22 (-640 0 512 ) (-640 0 0 ) (-640 -512 0 ) (-640 -512 512 ) 
4 23 24 (0 -1024 -256 ) (0 -1024 256 ) (-128 -1024 256 ) (-128 -1024 -256 ) 
