PRT1
217
551
4 0 9 (7168 576 -7040 ) (7168 576 -7104 ) (7168 512 -7104 ) (7168 512 -7040 ) 
4 0 7 (7168 512 -5696 ) (7168 576 -5696 ) (7168 576 -7040 ) (7168 512 -7040 ) 
4 0 10 (7168 576 -7104 ) (7168 576 -7440 ) (7168 512 -7440 ) (7168 512 -7104 ) 
4 0 4 (7212 512 -7040 ) (7168 512 -7040 ) (7168 512 -7104 ) (7212 512 -7104 ) 
4 0 3 (7852 512 -7104 ) (7852 512 -7040 ) (7468 512 -7040 ) (7468 512 -7104 ) 
4 0 2 (7852 512 -7040 ) (7852 512 -5696 ) (7168 512 -5696 ) (7168 512 -7040 ) 
4 0 6 (7168 512 -7440 ) (7852 512 -7440 ) (7852 512 -7104 ) (7168 512 -7104 ) 
4 0 1 (7852 512 -7440 ) (8192 512 -7440 ) (8192 512 -5696 ) (7852 512 -5696 ) 
4 1 78 (8192 0 -7440 ) (8192 0 -5696 ) (7852 0 -5696 ) (7852 0 -7440 ) 
4 1 5 (7852 384 -7104 ) (7852 192 -7104 ) (7852 192 -7040 ) (7852 384 -7040 ) 
4 1 3 (7852 512 -7040 ) (7852 512 -7104 ) (7852 384 -7104 ) (7852 384 -7040 ) 
4 1 2 (7852 512 -5696 ) (7852 512 -7040 ) (7852 0 -7040 ) (7852 0 -5696 ) 
4 1 6 (7852 512 -7104 ) (7852 512 -7440 ) (7852 0 -7440 ) (7852 0 -7104 ) 
4 2 79 (7852 0 -5696 ) (7168 0 -5696 ) (7168 0 -7040 ) (7852 0 -7040 ) 
4 2 7 (7168 0 -7040 ) (7168 0 -5696 ) (7168 512 -5696 ) (7168 512 -7040 ) 
3 2 5 (7660 448 -7040 ) (7852 384 -7040 ) (7852 192 -7040 ) 
3 2 4 (7168 512 -7040 ) (7212 512 -7040 ) (7168 497.333160 -7040 ) 
3 2 3 (7468 512 -7040 ) (7852 512 -7040 ) (7852 384 -7040 ) 
4 3 5 (7660 448 -7104 ) (7852 384 -7104 ) (7852 384.001953 -7040 ) (7659.997070 448.002869 -7040 ) 
3 3 6 (7468 512 -7104 ) (7852 512 -7104 ) (7852 384 -7104 ) 
4 4 9 (7168 497.333160 -7040 ) (7168 512 -7040 ) (7168 512 -7104 ) (7168 497.333160 -7104 ) 
3 4 6 (7168 497.333160 -7104 ) (7168 512 -7104 ) (7212 512 -7104 ) 
3 5 6 (7660 448 -7104 ) (7852 384 -7104 ) (7852 192 -7104 ) 
4 6 83 (7168 0 -7104 ) (7168 0 -7440 ) (7852 0 -7440 ) (7852 0 -7104 ) 
4 6 10 (7168 0 -7440 ) (7168 0 -7104 ) (7168 512 -7104 ) (7168 512 -7440 ) 
4 7 85 (7168 0 -7040 ) (7168 0 -5696 ) (6828 0 -5696 ) (6828 0 -7040 ) 
4 7 9 (7020 448 -7040 ) (7116 576 -7040 ) (7168 576 -7040 ) (7168 497.333069 -7040 ) 
3 7 8 (6828 192 -7040 ) (6828 576 -7040 ) (7116 576 -7040 ) 
4 7 11 (6828 576 -5696 ) (6828 576 -7040 ) (6828 0 -7040 ) (6828 0 -5696 ) 
4 8 9 (7019.996094 447.998596 -7104 ) (7115.997070 576 -7104 ) (7116 576 -7040 ) (7020 448 -7040 ) 
4 8 11 (6828 576 -7040 ) (6828 576 -7104 ) (6828 192 -7104 ) (6828 192 -7040 ) 
3 8 10 (6828 192 -7104 ) (6828 576 -7104 ) (7116 576 -7104 ) 
4 9 10 (7020 448 -7104 ) (7116 576 -7104 ) (7168 576 -7104 ) (7168 497.333069 -7104 ) 
4 10 88 (7168 0 -7440 ) (7168 0 -7104 ) (6828 0 -7104 ) (6828 0 -7440 ) 
4 10 11 (6828 576 -7104 ) (6828 576 -7440 ) (6828 0 -7440 ) (6828 0 -7104 ) 
4 11 89 (6828 0 -5696 ) (6144 0 -5696 ) (6144 0 -7440 ) (6828 0 -7440 ) 
4 11 12 (6144 0 -7440 ) (6144 0 -5696 ) (6144 576 -5696 ) (6144 576 -7440 ) 
4 12 90 (6144 0 -7440 ) (6144 0 -5696 ) (5120 0 -5696 ) (5120 0 -7440 ) 
4 12 50 (5120 0 -7440 ) (5120 0 -5696 ) (5120 576 -5696 ) (5120 576 -7440 ) 
4 13 108 (0 7362 -5696 ) (0 7680 -5696 ) (0 7680 -7440 ) (0 7362 -7440 ) 
4 13 15 (576 7362 -7104 ) (576 7362 -7040 ) (128 7362 -7040 ) (128 7362 -7104 ) 
4 13 14 (576 7362 -7040 ) (576 7362 -5696 ) (0 7362 -5696 ) (0 7362 -7040 ) 
4 13 17 (0 7362 -7440 ) (576 7362 -7440 ) (576 7362 -7104 ) (0 7362 -7104 ) 
4 14 109 (0 7168 -7040 ) (0 7168 -5696 ) (0 7362 -5696 ) (0 7362 -7040 ) 
4 14 19 (512 7168 -5696 ) (0 7168 -5696 ) (0 7168 -7040 ) (512 7168 -7040 ) 
4 14 18 (576 7168 -5696 ) (512 7168 -5696 ) (512 7168 -7040 ) (576 7168 -7040 ) 
4 14 16 (320 7298 -7040 ) (576 7212.666504 -7040 ) (576 7168 -7040 ) (417.500183 7168 -7040 ) 
3 14 15 (128 7362 -7040 ) (576 7362 -7040 ) (576 7212.666504 -7040 ) 
4 15 16 (319.998749 7298.001953 -7104 ) (576 7212.667969 -7104 ) (576 7212.667969 -7040 ) (319.998749 7298.001953 -7040 ) 
3 15 17 (128 7362 -7104 ) (576 7362 -7104 ) (576 7212.666504 -7104 ) 
4 16 21 (417.500183 7168 -7104 ) (512 7168 -7104 ) (512 7168 -7040 ) (417.500183 7168 -7040 ) 
4 16 18 (512 7168 -7104 ) (576 7168 -7104 ) (576 7168 -7040 ) (512 7168 -7040 ) 
4 16 17 (320 7298 -7104 ) (576 7212.666504 -7104 ) (576 7168 -7104 ) (417.500183 7168 -7104 ) 
4 17 112 (0 7168 -7440 ) (0 7168 -7104 ) (0 7362 -7104 ) (0 7362 -7440 ) 
4 17 23 (0 7168 -7104 ) (0 7168 -7440 ) (512 7168 -7440 ) (512 7168 -7104 ) 
4 17 18 (512 7168 -7440 ) (576 7168 -7440 ) (576 7168 -7104 ) (512 7168 -7104 ) 
4 18 36 (576 6144 -5696 ) (512 6144 -5696 ) (512 6144 -7440 ) (576 6144 -7440 ) 
4 18 21 (512 7042 -7040 ) (512 7168 -7040 ) (512 7168 -7104 ) (512 7042 -7104 ) 
4 18 20 (512 6338 -7104 ) (512 6338 -7040 ) (512 6658 -7040 ) (512 6658 -7104 ) 
4 18 19 (512 6338 -7040 ) (512 6338 -5696 ) (512 7168 -5696 ) (512 7168 -7040 ) 
4 18 23 (512 7168 -7440 ) (512 6338 -7440 ) (512 6338 -7104 ) (512 7168 -7104 ) 
4 18 24 (512 6338 -7440 ) (512 6144 -7440 ) (512 6144 -5696 ) (512 6338 -5696 ) 
4 19 113 (0 6338 -5696 ) (0 7168 -5696 ) (0 7168 -7040 ) (0 6338 -7040 ) 
3 19 22 (272 6338 -7040 ) (128 6338 -7040 ) (320 6402 -7040 ) 
3 19 21 (417.499908 7168 -7040 ) (512 7168 -7040 ) (512 7042 -7040 ) 
3 19 20 (512 6338 -7040 ) (272 6338 -7040 ) (512 6658 -7040 ) 
4 19 24 (512 6338 -7040 ) (512 6338 -5696 ) (0 6338 -5696 ) (0 6338 -7040 ) 
4 20 22 (320 6402 -7104 ) (272 6338 -7104 ) (272 6338 -7040 ) (320 6402 -7040 ) 
4 20 24 (512 6338 -7104 ) (512 6338 -7040 ) (272 6338 -7040 ) (272 6338 -7104 ) 
3 20 23 (512 6338 -7104 ) (272 6338 -7104 ) (512 6658 -7104 ) 
3 21 23 (417.499908 7168 -7104 ) (512 7168 -7104 ) (512 7042 -7104 ) 
4 22 24 (272 6338 -7040 ) (128 6338 -7040 ) (128 6338 -7104 ) (272 6338 -7104 ) 
3 22 23 (272 6338 -7104 ) (128 6338 -7104 ) (320 6402 -7104 ) 
4 23 117 (0 7168 -7104 ) (0 7168 -7440 ) (0 6338 -7440 ) (0 6338 -7104 ) 
4 23 24 (0 6338 -7440 ) (512 6338 -7440 ) (512 6338 -7104 ) (0 6338 -7104 ) 
4 24 118 (0 6144 -7440 ) (0 6144 -5696 ) (0 6338 -5696 ) (0 6338 -7440 ) 
4 24 36 (512 6144 -5696 ) (0 6144 -5696 ) (0 6144 -7440 ) (512 6144 -7440 ) 
4 25 37 (1280 5120 1856 ) (1024 5120 1856 ) (1024 5120 -448 ) (1280 5120 -448 ) 
4 25 35 (1024 5568 -448 ) (1024 5120 -448 ) (1024 5120 -64 ) (1024 5568 -64 ) 
4 25 34 (1024 5312 1856 ) (1024 5386.980957 1856 ) (1024 5386.980957 0 ) (1024 5312 0 ) 
4 25 33 (1024 5386.980957 1856 ) (1024 5493.018555 1856 ) (1024 5493.018555 0 ) (1024 5386.980957 0 ) 
4 25 31 (1024 5130.980469 1856 ) (1024 5312 1856 ) (1024 5312 0 ) (1024 5130.980469 0 ) 
4 25 30 (1024 5493.018555 1856 ) (1024 5504 1856 ) (1024 5504 0 ) (1024 5493.018555 0 ) 
4 25 27 (1024 5120 0 ) (1024 5120 1856 ) (1024 5130.980469 1856 ) (1024 5130.980469 0 ) 
4 25 26 (1024 5504 1856 ) (1024 5568 1856 ) (1024 5568 1152 ) (1024 5504 1152 ) 
4 26 120 (0 5568 1856 ) (0 5568 1152 ) (0 5504 1152 ) (0 5504 1856 ) 
4 26 30 (1024 5504 1152 ) (1024 5504 1856 ) (847.528076 5504 1856 ) (847.528076 5504 1152 ) 
4 26 29 (847.528076 5504 1856 ) (688.471680 5504 1856 ) (688.471680 5504 1152 ) (847.528076 5504 1152 ) 
4 26 28 (688.471680 5504 1856 ) (123.445374 5504 1856 ) (123.445343 5504 1152 ) (688.471680 5504 1152 ) 
4 26 27 (123.445374 5504 1856 ) (0 5504 1856 ) (0 5504 1152 ) (123.445343 5504 1152 ) 
4 27 125 (0 5120 0 ) (0 5120 1856 ) (0 5504 1856 ) (0 5504 0 ) 
4 27 38 (1024 5120 0 ) (1024 5120 1856 ) (0 5120 1856 ) (0 5120 0 ) 
4 27 32 (960.001038 5157.491699 0 ) (896.002136 5184 0 ) (896.001465 5184 1856 ) (960 5157.491211 1856 ) 
4 27 31 (1024 5130.982422 0 ) (960.001038 5157.491699 0 ) (960 5157.491211 1856 ) (1024 5130.981934 1856 ) 
4 27 28 (805.489014 5221.492188 0 ) (123.449219 5504 0 ) (123.449219 5504 1856 ) (805.489258 5221.491699 1856 ) 
4 28 29 (768 5312 0 ) (688.470703 5504 0 ) (688.470703 5504 1856 ) (768 5312 1856 ) 
4 29 30 (805.489746 5402.509277 0 ) (847.527344 5504 0 ) (847.527344 5504 1856 ) (805.489746 5402.509277 1856 ) 
4 30 33 (896 5440 0 ) (1024 5493.018555 0 ) (1024 5493.018555 1856 ) (896 5440 1856 ) 
4 31 32 (960 5157.490723 0 ) (960 5157.490723 1856 ) (986.508301 5221.489746 1856 ) (986.508301 5221.489746 0 ) 
4 33 34 (986.510498 5402.508789 0 ) (1024 5386.979980 0 ) (1024 5386.979980 1856 ) (986.510498 5402.508789 1856 ) 
4 35 129 (0 5120 -448 ) (0 5120 -64 ) (0 5568 -64 ) (0 5568 -448 ) 
4 35 40 (1024 5120 -448 ) (1024 5120 -64 ) (0 5120 -64 ) (0 5120 -448 ) 
4 36 130 (0 5120 -7440 ) (0 5120 -5696 ) (0 6144 -5696 ) (0 6144 -7440 ) 
4 36 41 (576 5120 -5696 ) (0 5120 -5696 ) (0 5120 -7440 ) (576 5120 -7440 ) 
4 37 40 (1024 5120 -64 ) (1024 5120 -448 ) (1024 4107.636719 -448 ) (1024 4107.636719 -64 ) 
4 37 39 (1024 4480 -64 ) (1024 4107.636719 -64 ) (1024 4107.636719 0 ) (1024 4480 0 ) 
4 37 38 (1024 5120 1856 ) (1024 5120 0 ) (1024 4107.636719 0 ) (1024 4107.636719 1856 ) 
4 38 132 (0 4096 0 ) (0 4096 1856 ) (0 5120 1856 ) (0 5120 0 ) 
4 38 42 (1016 4096 1856 ) (0 4096 1856 ) (0 4096 0 ) (1016 4096 0 ) 
4 38 39 (1016 4096 0 ) (712 4096 0 ) (1024 4480 0 ) (1024 4107.636719 0 ) 
4 39 43 (1016 4096 0 ) (712 4096 0 ) (712 4096 -64 ) (1016 4096 -64 ) 
4 39 40 (1024 4480 -64 ) (1024 4107.636719 -64 ) (1016 4096 -64 ) (712 4096 -64 ) 
4 40 134 (0 4096 -448 ) (0 4096 -64 ) (0 5120 -64 ) (0 5120 -448 ) 
4 40 44 (1016 4096 -64 ) (0 4096 -64 ) (0 4096 -448 ) (1016 4096 -448 ) 
4 41 135 (0 4096 -7440 ) (0 4096 -5696 ) (0 5120 -5696 ) (0 5120 -7440 ) 
4 41 45 (576 4096 -5696 ) (0 4096 -5696 ) (0 4096 -7440 ) (576 4096 -7440 ) 
4 42 137 (0 3456 0 ) (0 3456 1856 ) (0 4096 1856 ) (0 4096 0 ) 
4 42 47 (0 3456 1280 ) (0 3456 0 ) (192 3456 0 ) (192 3456 1280 ) 
4 42 46 (192 3456 0 ) (576 3456 0 ) (576 3456 1280 ) (192 3456 1280 ) 
4 42 43 (712 4096 0 ) (1016.003906 4096 0 ) (576.003906 3456 0 ) (192 3456 0 ) 
4 43 46 (192 3456 -64 ) (576 3456 -64 ) (576 3456 0 ) (192 3456 0 ) 
4 43 44 (1016.003906 4096 -64 ) (576.003906 3456 -64 ) (192 3456 -64 ) (712 4096 -64 ) 
4 44 139 (0 3456 -448 ) (0 3456 -64 ) (0 4096 -64 ) (0 4096 -448 ) 
4 44 48 (0 3456 -64 ) (0 3456 -448 ) (192 3456 -448 ) (192 3456 -64 ) 
4 44 46 (192 3456 -448 ) (576 3456 -448 ) (576 3456 -64 ) (192 3456 -64 ) 
4 45 140 (0 3456 -7440 ) (0 3456 -5696 ) (0 4096 -5696 ) (0 4096 -7440 ) 
4 45 49 (576 3456 -5696 ) (0 3456 -5696 ) (0 3456 -7440 ) (576 3456 -7440 ) 
4 46 52 (192 3072 -448 ) (576 3072 -448 ) (576 3072 1280 ) (192 3072 1280 ) 
4 46 47 (192 3072 0 ) (192 3072 1280 ) (192 3456 1280 ) (192 3456 0 ) 
4 46 48 (192 3456 -448 ) (192 3072 -448 ) (192 3072 -64 ) (192 3456 -64 ) 
4 47 141 (0 3072 0 ) (0 3072 1280 ) (0 3456 1280 ) (0 3456 0 ) 
4 47 53 (0 3072 1280 ) (0 3072 0 ) (192 3072 0 ) (192 3072 1280 ) 
4 48 142 (0 3072 -448 ) (0 3072 -64 ) (0 3456 -64 ) (0 3456 -448 ) 
4 48 54 (0 3072 -64 ) (0 3072 -448 ) (192 3072 -448 ) (192 3072 -64 ) 
4 49 144 (0 3072 -7440 ) (0 3072 -5696 ) (0 3456 -5696 ) (0 3456 -7440 ) 
4 49 55 (0 3072 -5696 ) (0 3072 -7440 ) (576 3072 -7440 ) (576 3072 -5696 ) 
4 50 91 (5120 0 -7440 ) (5120 0 -5696 ) (4096 0 -5696 ) (4096 0 -7440 ) 
4 50 51 (4096 0 -7440 ) (4096 0 -5696 ) (4096 576 -5696 ) (4096 576 -7440 ) 
4 51 92 (4096 0 -7440 ) (4096 0 -5696 ) (3072 0 -5696 ) (3072 0 -7440 ) 
4 51 56 (3072 0 -7440 ) (3072 0 -5696 ) (3072 576 -5696 ) (3072 576 -7440 ) 
4 52 57 (192 2048 -448 ) (576 2048 -448 ) (576 2048 1280 ) (192 2048 1280 ) 
4 52 53 (192 2048 0 ) (192 2048 1280 ) (192 3072 1280 ) (192 3072 0 ) 
4 52 54 (192 3072 -448 ) (192 2048 -448 ) (192 2048 -64 ) (192 3072 -64 ) 
4 53 145 (0 2048 0 ) (0 2048 1280 ) (0 3072 1280 ) (0 3072 0 ) 
4 53 58 (0 2048 1280 ) (0 2048 0 ) (192 2048 0 ) (192 2048 1280 ) 
4 54 146 (0 2048 -448 ) (0 2048 -64 ) (0 3072 -64 ) (0 3072 -448 ) 
4 54 59 (0 2048 -64 ) (0 2048 -448 ) (192 2048 -448 ) (192 2048 -64 ) 
4 55 148 (0 2048 -7440 ) (0 2048 -5696 ) (0 3072 -5696 ) (0 3072 -7440 ) 
4 55 60 (0 2048 -5696 ) (0 2048 -7440 ) (576 2048 -7440 ) (576 2048 -5696 ) 
4 56 93 (3072 0 -7440 ) (3072 0 -5696 ) (2048 0 -5696 ) (2048 0 -7440 ) 
4 56 61 (2048 0 -7440 ) (2048 0 -5696 ) (2048 576 -5696 ) (2048 576 -7440 ) 
4 57 69 (192 1024 -448 ) (576 1024 -448 ) (576 1024 -80 ) (192 1024 -80 ) 
4 57 63 (576 1024 -80 ) (576 1024 0 ) (192 1024 0 ) (192 1024 -80 ) 
4 57 62 (576 1024 0 ) (576 1024 1280 ) (192 1024 1280 ) (192 1024 0 ) 
4 57 58 (192 1024 0 ) (192 1024 1280 ) (192 2048 1280 ) (192 2048 0 ) 
4 57 59 (192 2048 -448 ) (192 1024 -448 ) (192 1024 -64 ) (192 2048 -64 ) 
4 58 149 (0 1024 0 ) (0 1024 1280 ) (0 2048 1280 ) (0 2048 0 ) 
4 58 62 (0 1024 1280 ) (0 1024 0 ) (192 1024 0 ) (192 1024 1280 ) 
4 59 150 (0 1024 -448 ) (0 1024 -64 ) (0 2048 -64 ) (0 2048 -448 ) 
4 59 69 (0 1024 -80 ) (0 1024 -448 ) (192 1024 -448 ) (192 1024 -80 ) 
4 59 68 (0 1024 -64 ) (0 1024 -80 ) (192 1024 -80 ) (192 1024 -64 ) 
4 60 152 (0 1024 -7440 ) (0 1024 -5696 ) (0 2048 -5696 ) (0 2048 -7440 ) 
4 60 71 (0 1024 -5696 ) (0 1024 -7440 ) (576 1024 -7440 ) (576 1024 -5696 ) 
4 61 94 (2048 0 -7440 ) (2048 0 -5696 ) (1024 0 -5696 ) (1024 0 -7440 ) 
4 61 72 (1024 576 -7440 ) (1024 0 -7440 ) (1024 0 -5696 ) (1024 576 -5696 ) 
4 62 153 (0 0 0 ) (0 0 1280 ) (0 1024 1280 ) (0 1024 0 ) 
4 62 95 (576 0 1280 ) (0 0 1280 ) (0 0 0 ) (576 0 0 ) 
6 62 67 (0 0 0 ) (0 112 0 ) (43 103 0 ) (79 79 0 ) (103 43 0 ) (112 0 0 ) 
3 62 66 (196 473 0 ) (290.022522 469.642059 0 ) (362 362 0 ) 
3 62 65 (192 473.142883 0 ) (192 616.234253 0 ) (290.022522 469.642059 0 ) 
4 62 64 (576 41.964050 0 ) (576 0 0 ) (512 0 0 ) (473 196 0 ) 
4 62 63 (192 1024 0 ) (576 1024 0 ) (576 41.964050 0 ) (192 616.234253 0 ) 
5 63 69 (192 616.234253 -80 ) (192 1024 -80 ) (576 1024 -80 ) (576 576 -80 ) (218.903625 576 -80 ) 
3 63 70 (576 576 -80 ) (576 41.964050 -80 ) (218.903625 576 -80 ) 
4 63 68 (192 1024 -80 ) (192 616.234192 -80 ) (192 616.234192 -64 ) (192 1024 -64 ) 
4 63 66 (290.022644 469.642059 -80 ) (362 362 -80 ) (362 362 0 ) (290.022644 469.642059 0 ) 
4 63 65 (192 616.234375 0 ) (192 616.234375 -80 ) (290.022644 469.642059 -80 ) (290.022644 469.642059 0 ) 
4 63 64 (473 196 -80 ) (576 41.964478 -80 ) (576 41.964478 0 ) (473 196 0 ) 
4 64 98 (576 0 0 ) (512 0 0 ) (512 0 -80 ) (576 0 -80 ) 
4 64 70 (576 0 -80 ) (512 0 -80 ) (473 196 -80 ) (576 41.964050 -80 ) 
3 65 69 (192 576 -80 ) (192 616.234253 -80 ) (218.903641 576 -80 ) 
4 65 70 (192 473.142883 -80 ) (192 576 -80 ) (218.903641 576 -80 ) (290.022522 469.642059 -80 ) 
4 65 68 (192 616.234192 -80 ) (192 473.142883 -80 ) (192 473.142883 -64 ) (192 616.234192 -64 ) 
4 65 66 (196 473 -80 ) (290.022949 469.642120 -80 ) (290.022949 469.642120 0 ) (196 473 0 ) 
3 66 70 (196 473 -80 ) (290.022522 469.642059 -80 ) (362 362 -80 ) 
4 67 154 (0 0 -80 ) (0 0 0 ) (0 112 0 ) (0 112 -80 ) 
4 67 96 (112 0 0 ) (0 0 0 ) (0 0 -80 ) (112 0 -80 ) 
6 67 70 (112 0 -80 ) (0 0 -80 ) (0 112 -80 ) (43 103 -80 ) (79 79 -80 ) (103 43 -80 ) 
4 68 155 (0 1024 -64 ) (0 1024 -80 ) (0 480 -80 ) (0 480 -64 ) 
4 68 69 (0 576 -80 ) (0 1024 -80 ) (192 1024 -80 ) (192 576 -80 ) 
4 68 70 (0 480 -80 ) (0 576 -80 ) (192 576 -80 ) (192 473.142883 -80 ) 
4 69 160 (0 576 -80 ) (0 1024 -80 ) (0 1024 -448 ) (0 576 -448 ) 
4 69 70 (576 576 -448 ) (576 576 -80 ) (0 576 -80 ) (0 576 -448 ) 
4 70 161 (0 0 -5696 ) (0 0 -80 ) (0 576 -80 ) (0 576 -5696 ) 
4 70 101 (576 0 -80 ) (0 0 -80 ) (0 0 -5696 ) (576 0 -5696 ) 
4 70 74 (0 0 -5696 ) (0 512 -5696 ) (512 512 -5696 ) (512 0 -5696 ) 
4 70 73 (0 512 -5696 ) (0 576 -5696 ) (512 576 -5696 ) (512 512 -5696 ) 
4 70 72 (512 576 -5696 ) (576 576 -5696 ) (576 0 -5696 ) (512 0 -5696 ) 
4 71 162 (0 576 -5696 ) (0 1024 -5696 ) (0 1024 -7440 ) (0 576 -7440 ) 
4 71 73 (0 576 -7440 ) (512 576 -7440 ) (512 576 -5696 ) (0 576 -5696 ) 
4 71 72 (512 576 -7440 ) (576 576 -7440 ) (576 576 -5696 ) (512 576 -5696 ) 
4 72 102 (1024 0 -7440 ) (1024 0 -5696 ) (512 0 -5696 ) (512 0 -7440 ) 
4 72 76 (512 192 -7040 ) (512 384 -7040 ) (512 384 -7104 ) (512 192 -7104 ) 
4 72 75 (512 384 -7040 ) (512 512 -7040 ) (512 512 -7104 ) (512 384 -7104 ) 
4 72 74 (512 0 -7040 ) (512 0 -5696 ) (512 512 -5696 ) (512 512 -7040 ) 
4 72 77 (512 512 -7440 ) (512 0 -7440 ) (512 0 -7104 ) (512 512 -7104 ) 
4 72 73 (512 576 -5696 ) (512 576 -7440 ) (512 512 -7440 ) (512 512 -5696 ) 
4 73 163 (0 512 -5696 ) (0 576 -5696 ) (0 576 -7440 ) (0 512 -7440 ) 
4 73 75 (512 512 -7104 ) (512 512 -7040 ) (128 512 -7040 ) (128 512 -7104 ) 
4 73 74 (512 512 -7040 ) (512 512 -5696 ) (0 512 -5696 ) (0 512 -7040 ) 
4 73 77 (0 512 -7440 ) (512 512 -7440 ) (512 512 -7104 ) (0 512 -7104 ) 
4 74 164 (0 0 -7040 ) (0 0 -5696 ) (0 512 -5696 ) (0 512 -7040 ) 
4 74 103 (512 0 -5696 ) (0 0 -5696 ) (0 0 -7040 ) (512 0 -7040 ) 
3 74 76 (320 448 -7040 ) (512 384 -7040 ) (512 192 -7040 ) 
3 74 75 (128 512 -7040 ) (512 512 -7040 ) (512 384 -7040 ) 
4 75 76 (320.001343 447.998260 -7104 ) (512 383.998718 -7104 ) (512 384 -7040 ) (320 448 -7040 ) 
3 75 77 (128 512 -7104 ) (512 512 -7104 ) (512 384 -7104 ) 
3 76 77 (320 448 -7104 ) (512 384 -7104 ) (512 192 -7104 ) 
4 77 167 (0 0 -7440 ) (0 0 -7104 ) (0 512 -7104 ) (0 512 -7440 ) 
4 77 106 (0 0 -7104 ) (0 0 -7440 ) (512 0 -7440 ) (512 0 -7104 ) 
4 78 84 (7852 -512 -7440 ) (8192 -512 -7440 ) (8192 -512 -5696 ) (7852 -512 -5696 ) 
4 78 81 (7852 -512 -7104 ) (7852 -512 -7040 ) (7852 -192 -7040 ) (7852 -192 -7104 ) 
4 78 79 (7852 -512 -7040 ) (7852 -512 -5696 ) (7852 0 -5696 ) (7852 0 -7040 ) 
4 78 83 (7852 0 -7440 ) (7852 -512 -7440 ) (7852 -512 -7104 ) (7852 0 -7104 ) 
4 79 85 (7168 0 -5696 ) (7168 0 -7040 ) (7168 -512 -7040 ) (7168 -512 -5696 ) 
4 79 84 (7852 -512 -7040 ) (7852 -512 -5696 ) (7168 -512 -5696 ) (7168 -512 -7040 ) 
3 79 82 (7660 -448 -7040 ) (7612 -512 -7040 ) (7468 -512 -7040 ) 
3 79 81 (7852 -192 -7040 ) (7852 -512 -7040 ) (7612 -512 -7040 ) 
3 79 80 (7212 -512 -7040 ) (7168 -512 -7040 ) (7168 -497.333282 -7040 ) 
4 80 86 (7168 -497.333282 -7104 ) (7168 -512 -7104 ) (7168 -512 -7040 ) (7168 -497.333282 -7040 ) 
4 80 84 (7212 -512 -7040 ) (7168 -512 -7040 ) (7168 -512 -7104 ) (7212 -512 -7104 ) 
3 80 83 (7212 -512 -7104 ) (7168 -512 -7104 ) (7168 -497.333282 -7104 ) 
4 81 84 (7852 -512 -7104 ) (7852 -512 -7040 ) (7612 -512 -7040 ) (7612 -512 -7104 ) 
4 81 82 (7660.005371 -447.998352 -7104 ) (7612.003906 -512 -7104 ) (7612.003418 -512 -7040 ) (7660.004395 -447.998810 -7040 ) 
3 81 83 (7852 -192 -7104 ) (7852 -512 -7104 ) (7612 -512 -7104 ) 
4 82 84 (7612 -512 -7040 ) (7468 -512 -7040 ) (7468 -512 -7104 ) (7612 -512 -7104 ) 
3 82 83 (7660 -448 -7104 ) (7612 -512 -7104 ) (7468 -512 -7104 ) 
4 83 88 (7168 0 -7104 ) (7168 0 -7440 ) (7168 -512 -7440 ) (7168 -512 -7104 ) 
4 83 84 (7168 -512 -7440 ) (7852 -512 -7440 ) (7852 -512 -7104 ) (7168 -512 -7104 ) 
4 84 86 (7168 -640 -7104 ) (7168 -640 -7040 ) (7168 -512 -7040 ) (7168 -512 -7104 ) 
4 84 85 (7168 -640 -7040 ) (7168 -640 -5696 ) (7168 -512 -5696 ) (7168 -512 -7040 ) 
4 84 88 (7168 -512 -7440 ) (7168 -640 -7440 ) (7168 -640 -7104 ) (7168 -512 -7104 ) 
3 85 87 (6828 -384 -7040 ) (6828 -192 -7040 ) (7020 -448 -7040 ) 
4 85 86 (7168 -640 -7040 ) (6828 -640 -7040 ) (6828 -384 -7040 ) (7168 -497.333221 -7040 ) 
4 85 89 (6828 -640 -7040 ) (6828 -640 -5696 ) (6828 0 -5696 ) (6828 0 -7040 ) 
4 86 87 (7019.998535 -447.997772 -7104 ) (6828 -383.998047 -7104 ) (6828 -383.998047 -7040 ) (7019.998535 -447.997589 -7040 ) 
4 86 89 (6828 -640 -7104 ) (6828 -640 -7040 ) (6828 -384 -7040 ) (6828 -384 -7104 ) 
4 86 88 (7168 -640 -7104 ) (6828 -640 -7104 ) (6828 -384 -7104 ) (7168 -497.333221 -7104 ) 
3 87 88 (6828 -384 -7104 ) (6828 -192 -7104 ) (7020 -448 -7104 ) 
4 87 89 (6828 -384 -7040 ) (6828 -192 -7040 ) (6828 -192 -7104 ) (6828 -384 -7104 ) 
4 88 89 (6828 0 -7440 ) (6828 -640 -7440 ) (6828 -640 -7104 ) (6828 0 -7104 ) 
4 89 90 (6144 0 -5696 ) (6144 0 -7440 ) (6144 -640 -7440 ) (6144 -640 -5696 ) 
4 90 91 (5120 -640 -5696 ) (5120 0 -5696 ) (5120 0 -7440 ) (5120 -640 -7440 ) 
4 91 92 (4096 -640 -5696 ) (4096 0 -5696 ) (4096 0 -7440 ) (4096 -640 -7440 ) 
4 92 93 (3072 -640 -5696 ) (3072 0 -5696 ) (3072 0 -7440 ) (3072 -640 -7440 ) 
4 93 94 (2048 0 -5696 ) (2048 0 -7440 ) (2048 -640 -7440 ) (2048 -640 -5696 ) 
4 94 107 (1024 -512 -7440 ) (1024 -640 -7440 ) (1024 -640 -5696 ) (1024 -512 -5696 ) 
4 94 102 (1024 0 -5696 ) (1024 0 -7440 ) (1024 -512 -7440 ) (1024 -512 -5696 ) 
4 95 186 (0 -640 1280 ) (0 0 1280 ) (0 0 0 ) (0 -640 0 ) 
3 95 100 (196 -473 0 ) (0 -604.060242 0 ) (0 -512 0 ) 
3 95 99 (451.935547 -301.862366 0 ) (362 -362 0 ) (473 -196 0 ) 
4 95 98 (576 0 0 ) (576 -218.903595 0 ) (451.935547 -301.862366 0 ) (512 0 0 ) 
4 95 97 (576 -218.903595 0 ) (576 -640 0 ) (0 -640 0 ) (0 -604.060242 0 ) 
6 95 96 (0 -112 0 ) (0 0 0 ) (112 0 0 ) (103 -43 0 ) (79 -79 0 ) (43 -103 0 ) 
4 96 187 (0 -112 0 ) (0 0 0 ) (0 0 -80 ) (0 -112 -80 ) 
6 96 101 (0 -112 -80 ) (0 0 -80 ) (112 0 -80 ) (103 -43 -80 ) (79 -79 -80 ) (43 -103 -80 ) 
4 97 189 (0 -640 0 ) (0 -604.060242 0 ) (0 -604.060303 -80 ) (0 -640 -80 ) 
4 97 101 (0 -640 -80 ) (0 -604.060242 -80 ) (576 -218.903595 -80 ) (576 -640 -80 ) 
4 97 100 (195.997620 -473 -80 ) (0 -604.059204 -80 ) (0 -604.059204 0 ) (195.997787 -473 0 ) 
4 97 99 (451.935822 -301.860962 -80 ) (362.001434 -361.997864 -80 ) (362.001282 -361.998108 0 ) (451.935760 -301.861176 0 ) 
4 97 98 (576 -218.902344 -80 ) (451.935822 -301.860962 -80 ) (451.935760 -301.861176 0 ) (576 -218.902557 0 ) 
4 98 101 (512 0 -80 ) (576 0 -80 ) (576 -218.903595 -80 ) (451.935547 -301.862366 -80 ) 
4 98 99 (472.998688 -196.001984 -80 ) (451.934082 -301.865234 -80 ) (451.934082 -301.865234 0 ) (472.998688 -196.001968 0 ) 
3 99 101 (473 -196 -80 ) (451.935547 -301.862366 -80 ) (362 -362 -80 ) 
4 100 189 (0 -604.060242 0 ) (0 -512 0 ) (0 -512 -80 ) (0 -604.060303 -80 ) 
3 100 101 (0 -604.060242 -80 ) (0 -512 -80 ) (196 -473 -80 ) 
4 101 192 (0 -640 -80 ) (0 0 -80 ) (0 0 -5696 ) (0 -640 -5696 ) 
4 101 107 (0 -640 -5696 ) (0 -512 -5696 ) (576 -512 -5696 ) (576 -640 -5696 ) 
4 101 103 (0 -512 -5696 ) (0 0 -5696 ) (512 0 -5696 ) (512 -512 -5696 ) 
4 101 102 (512 0 -5696 ) (576 0 -5696 ) (576 -512 -5696 ) (512 -512 -5696 ) 
4 102 107 (512 -512 -7440 ) (1024 -512 -7440 ) (1024 -512 -5696 ) (512 -512 -5696 ) 
4 102 104 (512 -512 -7104 ) (512 -512 -7040 ) (512 -192 -7040 ) (512 -192 -7104 ) 
4 102 103 (512 -512 -7040 ) (512 -512 -5696 ) (512 0 -5696 ) (512 0 -7040 ) 
4 102 106 (512 0 -7440 ) (512 -512 -7440 ) (512 -512 -7104 ) (512 0 -7104 ) 
4 103 193 (0 -512 -5696 ) (0 0 -5696 ) (0 0 -7040 ) (0 -512 -7040 ) 
4 103 107 (512 -512 -7040 ) (512 -512 -5696 ) (0 -512 -5696 ) (0 -512 -7040 ) 
3 103 105 (320 -448 -7040 ) (272 -512 -7040 ) (128 -512 -7040 ) 
3 103 104 (512 -192 -7040 ) (512 -512 -7040 ) (272 -512 -7040 ) 
4 104 107 (512 -512 -7104 ) (512 -512 -7040 ) (272 -512 -7040 ) (272 -512 -7104 ) 
4 104 105 (319.996033 -448.001373 -7104 ) (271.997070 -512 -7104 ) (271.996094 -512 -7040 ) (319.995056 -448.001648 -7040 ) 
3 104 106 (512 -192 -7104 ) (512 -512 -7104 ) (272 -512 -7104 ) 
4 105 107 (272 -512 -7040 ) (128 -512 -7040 ) (128 -512 -7104 ) (272 -512 -7104 ) 
3 105 106 (320 -448 -7104 ) (272 -512 -7104 ) (128 -512 -7104 ) 
4 106 196 (0 0 -7104 ) (0 0 -7440 ) (0 -512 -7440 ) (0 -512 -7104 ) 
4 106 107 (0 -512 -7440 ) (512 -512 -7440 ) (512 -512 -7104 ) (0 -512 -7104 ) 
4 107 198 (0 -640 -5696 ) (0 -512 -5696 ) (0 -512 -7440 ) (0 -640 -7440 ) 
4 108 111 (-272 7362 -7104 ) (-128 7362 -7104 ) (-128 7362 -7040 ) (-272 7362 -7040 ) 
4 108 110 (-576 7362 -7040 ) (-576 7362 -7104 ) (-272 7362 -7104 ) (-272 7362 -7040 ) 
4 108 109 (-576 7362 -5696 ) (-576 7362 -7040 ) (0 7362 -7040 ) (0 7362 -5696 ) 
4 108 112 (-576 7362 -7104 ) (-576 7362 -7440 ) (0 7362 -7440 ) (0 7362 -7104 ) 
4 109 119 (-512 7168 -5696 ) (-576 7168 -5696 ) (-576 7168 -7040 ) (-512 7168 -7040 ) 
4 109 113 (0 7168 -7040 ) (0 7168 -5696 ) (-512 7168 -5696 ) (-512 7168 -7040 ) 
3 109 111 (-272 7362 -7040 ) (-128 7362 -7040 ) (-320 7298 -7040 ) 
4 109 110 (-576 7168 -7040 ) (-576 7362 -7040 ) (-272 7362 -7040 ) (-417.500183 7168 -7040 ) 
4 110 119 (-512 7168 -7040 ) (-576 7168 -7040 ) (-576 7168 -7104 ) (-512 7168 -7104 ) 
4 110 116 (-417.500183 7168 -7040 ) (-512 7168 -7040 ) (-512 7168 -7104 ) (-417.500183 7168 -7104 ) 
4 110 111 (-320 7298 -7104 ) (-272 7362 -7104 ) (-272 7362 -7040 ) (-320 7298 -7040 ) 
4 110 112 (-417.500183 7168 -7104 ) (-576 7168 -7104 ) (-576 7362 -7104 ) (-272 7362 -7104 ) 
3 111 112 (-320 7298 -7104 ) (-272 7362 -7104 ) (-128 7362 -7104 ) 
4 112 119 (-512 7168 -7104 ) (-576 7168 -7104 ) (-576 7168 -7440 ) (-512 7168 -7440 ) 
4 112 117 (0 7168 -7440 ) (0 7168 -7104 ) (-512 7168 -7104 ) (-512 7168 -7440 ) 
4 113 119 (-512 6338 -7040 ) (-512 6338 -5696 ) (-512 7168 -5696 ) (-512 7168 -7040 ) 
3 113 116 (-512 7042 -7040 ) (-512 7168 -7040 ) (-417.499908 7168 -7040 ) 
3 113 115 (-320 6402 -7040 ) (-512 6466 -7040 ) (-512 6658 -7040 ) 
3 113 114 (-128 6338 -7040 ) (-512 6338 -7040 ) (-512 6466 -7040 ) 
4 113 118 (-512 6338 -5696 ) (-512 6338 -7040 ) (0 6338 -7040 ) (0 6338 -5696 ) 
4 114 119 (-512 6338 -7104 ) (-512 6338 -7040 ) (-512 6466 -7040 ) (-512 6466 -7104 ) 
4 114 115 (-320.001099 6402.001953 -7104 ) (-512 6466.001465 -7104 ) (-512 6466.001953 -7040 ) (-320.001282 6402.001953 -7040 ) 
4 114 118 (-512 6338 -7040 ) (-512 6338 -7104 ) (-128 6338 -7104 ) (-128 6338 -7040 ) 
3 114 117 (-128 6338 -7104 ) (-512 6338 -7104 ) (-512 6466 -7104 ) 
4 115 119 (-512 6466 -7040 ) (-512 6658 -7040 ) (-512 6658 -7104 ) (-512 6466 -7104 ) 
3 115 117 (-320 6402 -7104 ) (-512 6466 -7104 ) (-512 6658 -7104 ) 
4 116 119 (-512 7042 -7040 ) (-512 7168 -7040 ) (-512 7168 -7104 ) (-512 7042 -7104 ) 
3 116 117 (-512 7042 -7104 ) (-512 7168 -7104 ) (-417.499908 7168 -7104 ) 
4 117 119 (-512 7168 -7440 ) (-512 6338 -7440 ) (-512 6338 -7104 ) (-512 7168 -7104 ) 
4 117 118 (-512 6338 -7104 ) (-512 6338 -7440 ) (0 6338 -7440 ) (0 6338 -7104 ) 
4 118 130 (0 6144 -7440 ) (0 6144 -5696 ) (-512 6144 -5696 ) (-512 6144 -7440 ) 
4 118 119 (-512 6338 -7440 ) (-512 6144 -7440 ) (-512 6144 -5696 ) (-512 6338 -5696 ) 
4 119 130 (-512 6144 -5696 ) (-576 6144 -5696 ) (-576 6144 -7440 ) (-512 6144 -7440 ) 
4 120 131 (-1024 5504 1152 ) (-1024 5504 1856 ) (-1024 5568 1856 ) (-1024 5568 1152 ) 
4 120 127 (-688.472107 5504 1856 ) (-741.488892 5504 1856 ) (-741.488953 5504 1152 ) (-688.471924 5504 1152 ) 
4 120 125 (0 5504 1152 ) (0 5504 1856 ) (-688.472107 5504 1856 ) (-688.471924 5504 1152 ) 
4 120 124 (-741.488892 5504 1856 ) (-944.471802 5504 1856 ) (-944.471802 5504 1152 ) (-741.488953 5504 1152 ) 
4 120 123 (-944.471802 5504 1856 ) (-1024 5504 1856 ) (-1024 5504 1152 ) (-944.471802 5504 1152 ) 
4 121 132 (-741.489990 5120 1856 ) (-1024 5120 1856 ) (-1024 5120 0 ) (-741.489990 5120 0 ) 
4 121 131 (-1024 5237.018555 0 ) (-1024 5120 0 ) (-1024 5120 1856 ) (-1024 5237.018555 1856 ) 
4 121 126 (-832 5157.487793 0 ) (-896.003845 5183.998535 0 ) (-896.003235 5184 1856 ) (-832 5157.488281 1856 ) 
4 121 125 (-741.496704 5120 0 ) (-832 5157.487793 0 ) (-832 5157.488281 1856 ) (-741.494751 5120 1856 ) 
4 121 122 (-986.508423 5221.486816 0 ) (-1024 5237.016113 0 ) (-1024 5237.016602 1856 ) (-986.508789 5221.487305 1856 ) 
4 122 131 (-1024 5312 0 ) (-1024 5237.018555 0 ) (-1024 5237.018555 1856 ) (-1024 5312 1856 ) 
4 123 131 (-1024 5504 0 ) (-1024 5312 0 ) (-1024 5312 1856 ) (-1024 5504 1856 ) 
4 123 124 (-986.508850 5402.510254 0 ) (-944.470703 5504 0 ) (-944.470703 5504 1856 ) (-986.508850 5402.510254 1856 ) 
4 124 127 (-896 5440 0 ) (-741.492065 5504 0 ) (-741.492188 5504 1856 ) (-896 5440 1856 ) 
4 125 132 (0 5120 0 ) (0 5120 1856 ) (-741.489990 5120 1856 ) (-741.489990 5120 0 ) 
4 125 128 (-768 5312 1856 ) (-741.490295 5376 1856 ) (-741.490295 5376 0 ) (-768 5312 0 ) 
4 125 127 (-741.490295 5376 1856 ) (-688.471802 5504 1856 ) (-688.471802 5504 0 ) (-741.490295 5376 0 ) 
4 125 126 (-832 5157.489746 0 ) (-832 5157.489746 1856 ) (-805.489685 5221.490723 1856 ) (-805.489685 5221.490723 0 ) 
4 127 128 (-805.489563 5402.508789 0 ) (-741.491394 5376 0 ) (-741.491394 5376 1856 ) (-805.489502 5402.508789 1856 ) 
4 129 134 (0 5120 -448 ) (0 5120 -64 ) (-1024 5120 -64 ) (-1024 5120 -448 ) 
4 129 131 (-1024 5568 -448 ) (-1024 5120 -448 ) (-1024 5120 -64 ) (-1024 5568 -64 ) 
4 130 135 (0 5120 -7440 ) (0 5120 -5696 ) (-576 5120 -5696 ) (-576 5120 -7440 ) 
4 131 136 (-1024 5120 -448 ) (-1024 5120 1856 ) (-1280 5120 1856 ) (-1280 5120 -448 ) 
4 132 137 (0 4096 0 ) (0 4096 1856 ) (-1016 4096 1856 ) (-1016 4096 0 ) 
4 132 136 (-1024 4107.636719 1856 ) (-1024 5120 1856 ) (-1024 5120 0 ) (-1024 4107.636719 0 ) 
4 132 133 (-1024 4107.636719 0 ) (-1024 4480 0 ) (-712 4096 0 ) (-1016 4096 0 ) 
4 133 138 (-712 4096 0 ) (-1016 4096 0 ) (-1016 4096 -64 ) (-712 4096 -64 ) 
4 133 136 (-1024 4107.636719 0 ) (-1024 4480 0 ) (-1024 4480 -64 ) (-1024 4107.636719 -64 ) 
4 133 134 (-712 4096 -64 ) (-1016 4096 -64 ) (-1024 4107.636719 -64 ) (-1024 4480 -64 ) 
4 134 139 (0 4096 -448 ) (0 4096 -64 ) (-1016 4096 -64 ) (-1016 4096 -448 ) 
4 134 136 (-1024 4107.636719 -64 ) (-1024 5120 -64 ) (-1024 5120 -448 ) (-1024 4107.636719 -448 ) 
4 135 140 (0 4096 -7440 ) (0 4096 -5696 ) (-576 4096 -5696 ) (-576 4096 -7440 ) 
4 137 141 (0 3456 0 ) (0 3456 1280 ) (-192 3456 1280 ) (-192 3456 0 ) 
4 137 143 (-192 3456 1280 ) (-576 3456 1280 ) (-576 3456 0 ) (-192 3456 0 ) 
4 137 138 (-192 3456 0 ) (-576 3456 0 ) (-1016 4096 0 ) (-712 4096 0 ) 
4 138 143 (-192 3456 0 ) (-576 3456 0 ) (-576 3456 -64 ) (-192 3456 -64 ) 
4 138 139 (-192 3456 -64 ) (-576 3456 -64 ) (-1016 4096 -64 ) (-712 4096 -64 ) 
4 139 142 (0 3456 -448 ) (0 3456 -64 ) (-192 3456 -64 ) (-192 3456 -448 ) 
4 139 143 (-192 3456 -64 ) (-576 3456 -64 ) (-576 3456 -448 ) (-192 3456 -448 ) 
4 140 144 (0 3456 -7440 ) (0 3456 -5696 ) (-576 3456 -5696 ) (-576 3456 -7440 ) 
4 141 145 (0 3072 0 ) (0 3072 1280 ) (-192 3072 1280 ) (-192 3072 0 ) 
4 141 143 (-192 3072 0 ) (-192 3072 1280 ) (-192 3456 1280 ) (-192 3456 0 ) 
4 142 146 (0 3072 -448 ) (0 3072 -64 ) (-192 3072 -64 ) (-192 3072 -448 ) 
4 142 143 (-192 3456 -448 ) (-192 3072 -448 ) (-192 3072 -64 ) (-192 3456 -64 ) 
4 143 147 (-192 3072 1280 ) (-576 3072 1280 ) (-576 3072 -448 ) (-192 3072 -448 ) 
4 144 148 (0 3072 -7440 ) (0 3072 -5696 ) (-576 3072 -5696 ) (-576 3072 -7440 ) 
4 145 149 (0 2048 0 ) (0 2048 1280 ) (-192 2048 1280 ) (-192 2048 0 ) 
4 145 147 (-192 2048 0 ) (-192 2048 1280 ) (-192 3072 1280 ) (-192 3072 0 ) 
4 146 150 (0 2048 -448 ) (0 2048 -64 ) (-192 2048 -64 ) (-192 2048 -448 ) 
4 146 147 (-192 3072 -448 ) (-192 2048 -448 ) (-192 2048 -64 ) (-192 3072 -64 ) 
4 147 151 (-192 2048 1280 ) (-576 2048 1280 ) (-576 2048 -448 ) (-192 2048 -448 ) 
4 148 152 (0 2048 -7440 ) (0 2048 -5696 ) (-576 2048 -5696 ) (-576 2048 -7440 ) 
4 149 153 (0 1024 0 ) (0 1024 1280 ) (-192 1024 1280 ) (-192 1024 0 ) 
4 149 151 (-192 1024 0 ) (-192 1024 1280 ) (-192 2048 1280 ) (-192 2048 0 ) 
4 150 160 (0 1024 -448 ) (0 1024 -80 ) (-192 1024 -80 ) (-192 1024 -448 ) 
4 150 155 (0 1024 -80 ) (0 1024 -64 ) (-192 1024 -64 ) (-192 1024 -80 ) 
4 150 151 (-192 2048 -448 ) (-192 1024 -448 ) (-192 1024 -64 ) (-192 2048 -64 ) 
4 151 160 (-576 1024 -80 ) (-576 1024 -448 ) (-192 1024 -448 ) (-192 1024 -80 ) 
4 151 157 (-308.244904 1024 -80 ) (-192 1024 -80 ) (-192 1024 0 ) (-308.244873 1024 0 ) 
4 151 156 (-576 1024 0 ) (-576 1024 -80 ) (-308.244904 1024 -80 ) (-308.244873 1024 0 ) 
4 151 153 (-192 1024 1280 ) (-576 1024 1280 ) (-576 1024 0 ) (-192 1024 0 ) 
4 152 162 (0 1024 -7440 ) (0 1024 -5696 ) (-576 1024 -5696 ) (-576 1024 -7440 ) 
4 153 186 (0 0 0 ) (0 0 1280 ) (-576 0 1280 ) (-576 0 0 ) 
3 153 159 (-196 473 0 ) (-192 475.674622 0 ) (-192 473.142853 0 ) 
3 153 158 (-473 196 0 ) (-451.935516 301.862396 0 ) (-362 362 0 ) 
4 153 157 (-451.935516 301.862396 0 ) (-308.244904 1024 0 ) (-192 1024 0 ) (-192 475.674622 0 ) 
4 153 156 (-512 0 0 ) (-576 0 0 ) (-576 1024 0 ) (-308.244904 1024 0 ) 
6 153 154 (0 0 0 ) (-112 0 0 ) (-103 43 0 ) (-79 79 0 ) (-43 103 0 ) (0 112 0 ) 
4 154 187 (0 0 -80 ) (0 0 0 ) (-112 0 0 ) (-112 0 -80 ) 
6 154 161 (0 112 -80 ) (0 0 -80 ) (-112 0 -80 ) (-103 43 -80 ) (-79 79 -80 ) (-43 103 -80 ) 
4 155 160 (-192 1024 -80 ) (0 1024 -80 ) (0 576 -80 ) (-192 576 -80 ) 
4 155 161 (0 576 -80 ) (0 480 -80 ) (-192 473.142883 -80 ) (-192 576 -80 ) 
4 155 159 (-192 475.674683 -80 ) (-192 473.142883 -80 ) (-192 473.142853 -64 ) (-192 475.674683 -64 ) 
4 155 157 (-192 1024 -80 ) (-192 475.674683 -80 ) (-192 475.674683 -64 ) (-192 1024 -64 ) 
4 156 191 (-512 0 0 ) (-576 0 0 ) (-576 0 -80 ) (-512 0 -80 ) 
4 156 160 (-576 1024 -80 ) (-308.244904 1024 -80 ) (-397.387756 576 -80 ) (-576 576 -80 ) 
4 156 161 (-397.387756 576 -80 ) (-512 0 -80 ) (-576 0 -80 ) (-576 576 -80 ) 
4 156 158 (-473 196.001266 -80 ) (-451.934845 301.862854 -80 ) (-451.934845 301.862854 0 ) (-473 196.001282 0 ) 
4 156 157 (-451.934845 301.862854 -80 ) (-308.244202 1024 -80 ) (-308.244202 1024 0 ) (-451.934845 301.862854 0 ) 
4 157 160 (-308.244904 1024 -80 ) (-192 1024 -80 ) (-192 576 -80 ) (-397.387756 576 -80 ) 
4 157 161 (-192 576 -80 ) (-192 475.674622 -80 ) (-451.935516 301.862396 -80 ) (-397.387756 576 -80 ) 
4 157 159 (-195.996460 473 -80 ) (-192 475.672455 -80 ) (-192 475.672455 0 ) (-195.996460 473 0 ) 
4 157 158 (-451.937500 301.859375 0 ) (-451.937500 301.859375 -80 ) (-362.002228 361.996643 -80 ) (-362.002197 361.996643 0 ) 
3 158 161 (-473 196 -80 ) (-451.935516 301.862396 -80 ) (-362 362 -80 ) 
3 159 161 (-192 475.674622 -80 ) (-192 473.142853 -80 ) (-196 473 -80 ) 
4 160 161 (-576 576 -80 ) (-576 576 -448 ) (0 576 -448 ) (0 576 -80 ) 
4 161 192 (0 0 -5696 ) (0 0 -80 ) (-576 0 -80 ) (-576 0 -5696 ) 
4 161 164 (0 0 -5696 ) (-512 0 -5696 ) (-512 512 -5696 ) (0 512 -5696 ) 
4 161 163 (-512 512 -5696 ) (-512 576 -5696 ) (0 576 -5696 ) (0 512 -5696 ) 
4 161 168 (-512 0 -5696 ) (-576 0 -5696 ) (-576 576 -5696 ) (-512 576 -5696 ) 
4 162 163 (-512 576 -7440 ) (0 576 -7440 ) (0 576 -5696 ) (-512 576 -5696 ) 
4 162 168 (-576 576 -7440 ) (-512 576 -7440 ) (-512 576 -5696 ) (-576 576 -5696 ) 
4 163 166 (-272 512 -7104 ) (-128 512 -7104 ) (-128 512 -7040 ) (-272 512 -7040 ) 
4 163 165 (-512 512 -7040 ) (-512 512 -7104 ) (-272 512 -7104 ) (-272 512 -7040 ) 
4 163 164 (-512 512 -5696 ) (-512 512 -7040 ) (0 512 -7040 ) (0 512 -5696 ) 
4 163 167 (-512 512 -7104 ) (-512 512 -7440 ) (0 512 -7440 ) (0 512 -7104 ) 
4 163 168 (-512 576 -5696 ) (-512 576 -7440 ) (-512 512 -7440 ) (-512 512 -5696 ) 
4 164 193 (0 0 -7040 ) (0 0 -5696 ) (-512 0 -5696 ) (-512 0 -7040 ) 
3 164 166 (-320 448 -7040 ) (-272 512 -7040 ) (-128 512 -7040 ) 
3 164 165 (-512 192 -7040 ) (-512 512 -7040 ) (-272 512 -7040 ) 
4 164 168 (-512 0 -7040 ) (-512 0 -5696 ) (-512 512 -5696 ) (-512 512 -7040 ) 
4 165 166 (-320 448 -7104 ) (-272 512 -7104 ) (-272 512 -7040 ) (-320 448 -7040 ) 
4 165 168 (-512 192 -7040 ) (-512 512 -7040 ) (-512 512 -7104 ) (-512 192 -7104 ) 
3 165 167 (-512 192 -7104 ) (-512 512 -7104 ) (-272 512 -7104 ) 
3 166 167 (-320 448 -7104 ) (-272 512 -7104 ) (-128 512 -7104 ) 
4 167 196 (0 0 -7440 ) (0 0 -7104 ) (-512 0 -7104 ) (-512 0 -7440 ) 
4 167 168 (-512 512 -7440 ) (-512 0 -7440 ) (-512 0 -7104 ) (-512 512 -7104 ) 
4 168 197 (-512 0 -5696 ) (-1024 0 -5696 ) (-1024 0 -7440 ) (-512 0 -7440 ) 
4 168 169 (-1024 576 -7440 ) (-1024 0 -7440 ) (-1024 0 -5696 ) (-1024 576 -5696 ) 
4 169 199 (-1024 0 -7440 ) (-1024 0 -5696 ) (-2048 0 -5696 ) (-2048 0 -7440 ) 
4 169 170 (-2048 0 -7440 ) (-2048 0 -5696 ) (-2048 576 -5696 ) (-2048 576 -7440 ) 
4 170 200 (-2048 0 -7440 ) (-2048 0 -5696 ) (-3072 0 -5696 ) (-3072 0 -7440 ) 
4 170 171 (-3072 0 -7440 ) (-3072 0 -5696 ) (-3072 576 -5696 ) (-3072 576 -7440 ) 
4 171 201 (-3072 0 -7440 ) (-3072 0 -5696 ) (-4096 0 -5696 ) (-4096 0 -7440 ) 
4 171 172 (-4096 0 -7440 ) (-4096 0 -5696 ) (-4096 576 -5696 ) (-4096 576 -7440 ) 
4 172 202 (-4096 0 -7440 ) (-4096 0 -5696 ) (-5120 0 -5696 ) (-5120 0 -7440 ) 
4 172 173 (-5120 0 -7440 ) (-5120 0 -5696 ) (-5120 576 -5696 ) (-5120 576 -7440 ) 
4 173 203 (-5120 0 -7440 ) (-5120 0 -5696 ) (-6144 0 -5696 ) (-6144 0 -7440 ) 
4 173 175 (-6144 0 -7440 ) (-6144 0 -5696 ) (-6144 512 -5696 ) (-6144 512 -7440 ) 
4 173 174 (-6144 512 -5696 ) (-6144 576 -5696 ) (-6144 576 -7440 ) (-6144 512 -7440 ) 
4 174 180 (-7168 512 -5696 ) (-7168 576 -5696 ) (-7168 576 -7440 ) (-7168 512 -7440 ) 
4 174 177 (-6737 512 -7104 ) (-6737 512 -7040 ) (-7121 512 -7040 ) (-7121 512 -7104 ) 
4 174 176 (-6737 512 -7040 ) (-6737 512 -5696 ) (-7168 512 -5696 ) (-7168 512 -7040 ) 
4 174 179 (-7168 512 -7440 ) (-6737 512 -7440 ) (-6737 512 -7104 ) (-7168 512 -7104 ) 
4 174 175 (-6737 512 -7440 ) (-6144 512 -7440 ) (-6144 512 -5696 ) (-6737 512 -5696 ) 
4 175 204 (-6144 0 -7440 ) (-6144 0 -5696 ) (-6737 0 -5696 ) (-6737 0 -7440 ) 
4 175 178 (-6737 384 -7104 ) (-6737 192 -7104 ) (-6737 192 -7040 ) (-6737 384 -7040 ) 
4 175 177 (-6737 512 -7040 ) (-6737 512 -7104 ) (-6737 384 -7104 ) (-6737 384 -7040 ) 
4 175 176 (-6737 512 -5696 ) (-6737 512 -7040 ) (-6737 0 -7040 ) (-6737 0 -5696 ) 
4 175 179 (-6737 512 -7104 ) (-6737 512 -7440 ) (-6737 0 -7440 ) (-6737 0 -7104 ) 
4 176 205 (-6737 0 -5696 ) (-7168 0 -5696 ) (-7168 0 -7040 ) (-6737 0 -7040 ) 
4 176 181 (-7168 0 -7040 ) (-7168 0 -5696 ) (-7168 512 -5696 ) (-7168 512 -7040 ) 
3 176 178 (-6929 448 -7040 ) (-6737 384 -7040 ) (-6737 192 -7040 ) 
3 176 177 (-7121 512 -7040 ) (-6737 512 -7040 ) (-6737 384 -7040 ) 
4 177 178 (-6929 448 -7104 ) (-6737 384 -7104 ) (-6737 384 -7040 ) (-6929 448 -7040 ) 
3 177 179 (-7121 512 -7104 ) (-6737 512 -7104 ) (-6737 384 -7104 ) 
3 178 179 (-6929 448 -7104 ) (-6737 384 -7104 ) (-6737 192 -7104 ) 
4 179 208 (-7168 0 -7104 ) (-7168 0 -7440 ) (-6737 0 -7440 ) (-6737 0 -7104 ) 
4 179 184 (-7168 0 -7440 ) (-7168 0 -7104 ) (-7168 512 -7104 ) (-7168 512 -7440 ) 
4 180 183 (-7521 512 -7104 ) (-7377 512 -7104 ) (-7377 512 -7040 ) (-7521 512 -7040 ) 
4 180 182 (-7761 512 -7040 ) (-7761 512 -7104 ) (-7521 512 -7104 ) (-7521 512 -7040 ) 
4 180 181 (-7761 512 -5696 ) (-7761 512 -7040 ) (-7168 512 -7040 ) (-7168 512 -5696 ) 
4 180 184 (-7761 512 -7104 ) (-7761 512 -7440 ) (-7168 512 -7440 ) (-7168 512 -7104 ) 
4 180 185 (-7761 576 -5696 ) (-7761 576 -7440 ) (-7761 512 -7440 ) (-7761 512 -5696 ) 
4 181 210 (-7168 0 -7040 ) (-7168 0 -5696 ) (-7761 0 -5696 ) (-7761 0 -7040 ) 
3 181 183 (-7569 448 -7040 ) (-7521 512 -7040 ) (-7377 512 -7040 ) 
3 181 182 (-7761 192 -7040 ) (-7761 512 -7040 ) (-7521 512 -7040 ) 
4 181 185 (-7761 0 -7040 ) (-7761 0 -5696 ) (-7761 512 -5696 ) (-7761 512 -7040 ) 
4 182 183 (-7568.995117 448.001831 -7104 ) (-7520.996094 512 -7104 ) (-7521 512 -7040 ) (-7569 448 -7040 ) 
4 182 185 (-7761 192 -7040 ) (-7761 512 -7040 ) (-7761 512 -7104 ) (-7761 192 -7104 ) 
3 182 184 (-7761 192 -7104 ) (-7761 512 -7104 ) (-7521 512 -7104 ) 
3 183 184 (-7569 448 -7104 ) (-7521 512 -7104 ) (-7377 512 -7104 ) 
4 184 213 (-7168 0 -7440 ) (-7168 0 -7104 ) (-7761 0 -7104 ) (-7761 0 -7440 ) 
4 184 185 (-7761 512 -7440 ) (-7761 0 -7440 ) (-7761 0 -7104 ) (-7761 512 -7104 ) 
4 185 215 (-7761 0 -5696 ) (-7920 0 -5696 ) (-7920 0 -7440 ) (-7761 0 -7440 ) 
4 186 191 (-576 -41.963989 0 ) (-576 0 0 ) (-512 0 0 ) (-473 -196 0 ) 
3 186 190 (-196 -473 0 ) (-301.862366 -451.935547 0 ) (-362 -362 0 ) 
4 186 189 (0 -512 0 ) (0 -640 0 ) (-176.108414 -640 0 ) (-301.862366 -451.935547 0 ) 
3 186 188 (-576 -640 0 ) (-576 -41.963989 0 ) (-176.108414 -640 0 ) 
6 186 187 (-112 0 0 ) (0 0 0 ) (0 -112 0 ) (-43 -103 0 ) (-79 -79 0 ) (-103 -43 0 ) 
6 187 192 (-112 0 -80 ) (0 0 -80 ) (0 -112 -80 ) (-43 -103 -80 ) (-79 -79 -80 ) (-103 -43 -80 ) 
3 188 192 (-576 -640 -80 ) (-576 -41.963989 -80 ) (-176.108414 -640 -80 ) 
4 188 191 (-473 -195.996643 -80 ) (-576 -41.961731 -80 ) (-576 -41.961731 0 ) (-473 -195.996658 0 ) 
4 188 190 (-301.860413 -451.935974 -80 ) (-361.997040 -362.001984 -80 ) (-361.997009 -362.001984 0 ) (-301.860413 -451.935944 0 ) 
4 188 189 (-176.106659 -640 0 ) (-176.106659 -640 -80 ) (-301.860413 -451.935974 -80 ) (-301.860413 -451.935944 0 ) 
4 189 192 (0 -512 -80 ) (0 -640 -80 ) (-176.108414 -640 -80 ) (-301.862366 -451.935547 -80 ) 
4 189 190 (-196.001984 -472.998688 -80 ) (-301.865234 -451.934082 -80 ) (-301.865234 -451.934082 0 ) (-196.001968 -472.998688 0 ) 
3 190 192 (-196 -473 -80 ) (-301.862366 -451.935547 -80 ) (-362 -362 -80 ) 
4 191 192 (-576 -41.963989 -80 ) (-576 0 -80 ) (-512 0 -80 ) (-473 -196 -80 ) 
4 192 198 (-576 -640 -5696 ) (-576 -512 -5696 ) (0 -512 -5696 ) (0 -640 -5696 ) 
4 192 193 (-512 0 -5696 ) (0 0 -5696 ) (0 -512 -5696 ) (-512 -512 -5696 ) 
4 192 197 (-576 -512 -5696 ) (-576 0 -5696 ) (-512 0 -5696 ) (-512 -512 -5696 ) 
4 193 198 (0 -512 -7040 ) (0 -512 -5696 ) (-512 -512 -5696 ) (-512 -512 -7040 ) 
3 193 195 (-320 -448 -7040 ) (-512 -384 -7040 ) (-512 -192 -7040 ) 
3 193 194 (-128 -512 -7040 ) (-512 -512 -7040 ) (-512 -384 -7040 ) 
4 193 197 (-512 -512 -7040 ) (-512 -512 -5696 ) (-512 0 -5696 ) (-512 0 -7040 ) 
4 194 198 (-128 -512 -7040 ) (-512 -512 -7040 ) (-512 -512 -7104 ) (-128 -512 -7104 ) 
4 194 195 (-320.001709 -447.997803 -7104 ) (-512 -383.998047 -7104 ) (-512 -383.998047 -7040 ) (-320.002014 -447.997375 -7040 ) 
4 194 197 (-512 -512 -7104 ) (-512 -512 -7040 ) (-512 -384 -7040 ) (-512 -384 -7104 ) 
3 194 196 (-128 -512 -7104 ) (-512 -512 -7104 ) (-512 -384 -7104 ) 
3 195 196 (-320 -448 -7104 ) (-512 -384 -7104 ) (-512 -192 -7104 ) 
4 195 197 (-512 -384 -7040 ) (-512 -192 -7040 ) (-512 -192 -7104 ) (-512 -384 -7104 ) 
4 196 198 (-512 -512 -7440 ) (0 -512 -7440 ) (0 -512 -7104 ) (-512 -512 -7104 ) 
4 196 197 (-512 0 -7440 ) (-512 -512 -7440 ) (-512 -512 -7104 ) (-512 0 -7104 ) 
4 197 199 (-1024 -512 -5696 ) (-1024 0 -5696 ) (-1024 0 -7440 ) (-1024 -512 -7440 ) 
4 197 198 (-1024 -512 -7440 ) (-512 -512 -7440 ) (-512 -512 -5696 ) (-1024 -512 -5696 ) 
4 198 199 (-1024 -640 -5696 ) (-1024 -512 -5696 ) (-1024 -512 -7440 ) (-1024 -640 -7440 ) 
4 199 200 (-2048 -640 -5696 ) (-2048 0 -5696 ) (-2048 0 -7440 ) (-2048 -640 -7440 ) 
4 200 201 (-3072 0 -5696 ) (-3072 0 -7440 ) (-3072 -640 -7440 ) (-3072 -640 -5696 ) 
4 201 202 (-4096 0 -5696 ) (-4096 0 -7440 ) (-4096 -640 -7440 ) (-4096 -640 -5696 ) 
4 202 203 (-5120 0 -5696 ) (-5120 0 -7440 ) (-5120 -640 -7440 ) (-5120 -640 -5696 ) 
4 203 209 (-6144 -512 -7440 ) (-6144 -640 -7440 ) (-6144 -640 -5696 ) (-6144 -512 -5696 ) 
4 203 204 (-6144 0 -5696 ) (-6144 0 -7440 ) (-6144 -512 -7440 ) (-6144 -512 -5696 ) 
4 204 209 (-6737 -512 -7440 ) (-6144 -512 -7440 ) (-6144 -512 -5696 ) (-6737 -512 -5696 ) 
4 204 206 (-6737 -512 -7104 ) (-6737 -512 -7040 ) (-6737 -192 -7040 ) (-6737 -192 -7104 ) 
4 204 205 (-6737 -512 -7040 ) (-6737 -512 -5696 ) (-6737 0 -5696 ) (-6737 0 -7040 ) 
4 204 208 (-6737 0 -7440 ) (-6737 -512 -7440 ) (-6737 -512 -7104 ) (-6737 0 -7104 ) 
4 205 210 (-7168 0 -5696 ) (-7168 0 -7040 ) (-7168 -512 -7040 ) (-7168 -512 -5696 ) 
4 205 209 (-6737 -512 -7040 ) (-6737 -512 -5696 ) (-7168 -512 -5696 ) (-7168 -512 -7040 ) 
3 205 207 (-6929 -448 -7040 ) (-6977 -512 -7040 ) (-7121 -512 -7040 ) 
3 205 206 (-6737 -192 -7040 ) (-6737 -512 -7040 ) (-6977 -512 -7040 ) 
4 206 209 (-6737 -512 -7104 ) (-6737 -512 -7040 ) (-6977 -512 -7040 ) (-6977 -512 -7104 ) 
4 206 207 (-6929.003906 -448.001465 -7104 ) (-6977.002930 -512 -7104 ) (-6977 -512 -7040 ) (-6929 -448 -7040 ) 
3 206 208 (-6737 -192 -7104 ) (-6737 -512 -7104 ) (-6977 -512 -7104 ) 
4 207 209 (-6977 -512 -7040 ) (-7121 -512 -7040 ) (-7121 -512 -7104 ) (-6977 -512 -7104 ) 
3 207 208 (-6929 -448 -7104 ) (-6977 -512 -7104 ) (-7121 -512 -7104 ) 
4 208 213 (-7168 0 -7104 ) (-7168 0 -7440 ) (-7168 -512 -7440 ) (-7168 -512 -7104 ) 
4 208 209 (-7168 -512 -7440 ) (-6737 -512 -7440 ) (-6737 -512 -7104 ) (-7168 -512 -7104 ) 
4 209 214 (-7168 -512 -7440 ) (-7168 -640 -7440 ) (-7168 -640 -5696 ) (-7168 -512 -5696 ) 
3 210 212 (-7569 -448 -7040 ) (-7761 -384 -7040 ) (-7761 -192 -7040 ) 
3 210 211 (-7377 -512 -7040 ) (-7761 -512 -7040 ) (-7761 -384 -7040 ) 
4 210 215 (-7761 -512 -7040 ) (-7761 -512 -5696 ) (-7761 0 -5696 ) (-7761 0 -7040 ) 
4 210 214 (-7761 -512 -5696 ) (-7761 -512 -7040 ) (-7168 -512 -7040 ) (-7168 -512 -5696 ) 
4 211 212 (-7568.998047 -448.001862 -7104 ) (-7761 -384.001282 -7104 ) (-7761 -384 -7040 ) (-7569 -448 -7040 ) 
4 211 214 (-7761 -512 -7040 ) (-7761 -512 -7104 ) (-7377 -512 -7104 ) (-7377 -512 -7040 ) 
4 211 215 (-7761 -512 -7104 ) (-7761 -512 -7040 ) (-7761 -384 -7040 ) (-7761 -384 -7104 ) 
3 211 213 (-7377 -512 -7104 ) (-7761 -512 -7104 ) (-7761 -384 -7104 ) 
3 212 213 (-7569 -448 -7104 ) (-7761 -384 -7104 ) (-7761 -192 -7104 ) 
4 212 215 (-7761 -384 -7040 ) (-7761 -192 -7040 ) (-7761 -192 -7104 ) (-7761 -384 -7104 ) 
4 213 214 (-7761 -512 -7104 ) (-7761 -512 -7440 ) (-7168 -512 -7440 ) (-7168 -512 -7104 ) 
4 213 215 (-7761 0 -7440 ) (-7761 -512 -7440 ) (-7761 -512 -7104 ) (-7761 0 -7104 ) 
4 214 215 (-7761 -512 -7440 ) (-7761 -640 -7440 ) (-7761 -640 -5696 ) (-7761 -512 -5696 ) 
