PRT1
51
146
4 0 17 (1312 -1024 416 ) (1216 -1024 416 ) (1216 -1024 0 ) (1312 -1024 0 ) 
4 0 2 (1216 -1024 128 ) (1216 -1024 416 ) (1216 -512 416 ) (1216 -512 128 ) 
4 0 1 (1216 -320 416 ) (1216 -320 0 ) (1216 -512 0 ) (1216 -512 416 ) 
4 1 3 (1024 -512 416 ) (1024 -320 416 ) (1024 -320 0 ) (1024 -512 0 ) 
4 1 2 (1216 -512 128 ) (1216 -512 416 ) (1024 -512 416 ) (1024 -512 128 ) 
4 2 17 (1216 -1024 416 ) (1024 -1024 416 ) (1024 -1024 128 ) (1216 -1024 128 ) 
4 2 7 (1024 -1024 128 ) (1024 -1024 416 ) (1024 -992 416 ) (1024 -992 128 ) 
4 2 4 (1024 -704 416 ) (1024 -512 416 ) (1024 -512 128 ) (1024 -704 128 ) 
4 2 5 (1024 -992 416 ) (1024 -704 416 ) (1024 -704 128 ) (1024 -992 128 ) 
4 3 4 (256 -512 416 ) (256 -512 128 ) (1024 -512 128 ) (1024 -512 416 ) 
4 3 6 (256 -320 416 ) (256 -320 0 ) (256 -512 0 ) (256 -512 416 ) 
4 4 6 (256 -704 128 ) (256 -704 416 ) (256 -512 416 ) (256 -512 128 ) 
4 4 5 (256 -704 416 ) (256 -704 128 ) (1024 -704 128 ) (1024 -704 416 ) 
4 5 7 (256 -992 0 ) (1024 -992 0 ) (1024 -992 416 ) (256 -992 416 ) 
4 5 6 (256 -704 0 ) (256 -992 0 ) (256 -992 416 ) (256 -704 416 ) 
4 6 14 (0 -992 416 ) (0 -768 416 ) (0 -768 0 ) (0 -992 0 ) 
4 6 12 (0 -512 128 ) (0 -512 0 ) (0 -768 0 ) (0 -768 128 ) 
4 6 11 (0 -768 416 ) (0 -512 416 ) (0 -512 128 ) (0 -768 128 ) 
4 6 10 (0 -512 416 ) (0 -320 416 ) (0 -320 0 ) (0 -512 0 ) 
4 6 8 (192 -992 64 ) (192 -992 416 ) (96 -992 416 ) (96 -992 64 ) 
4 6 7 (192 -992 0 ) (256 -992 0 ) (256 -992 416 ) (192 -992 416 ) 
4 6 9 (0 -992 0 ) (96 -992 0 ) (96 -992 416 ) (0 -992 416 ) 
4 7 33 (192 -1024 96 ) (192 -1024 0 ) (256 -1024 0 ) (256 -1024 96 ) 
4 7 31 (256 -1024 128 ) (192 -1024 128 ) (192 -1024 96 ) (256 -1024 96 ) 
4 7 26 (352 -1024 128 ) (256 -1024 128 ) (256 -1024 0 ) (352 -1024 0 ) 
4 7 24 (1024 -1024 0 ) (1024 -1024 128 ) (768 -1024 128 ) (768 -1024 0 ) 
4 7 25 (768 -1024 128 ) (352 -1024 128 ) (352 -1024 0 ) (768 -1024 0 ) 
4 7 20 (768 -1024 416 ) (256 -1024 416 ) (256 -1024 128 ) (768 -1024 128 ) 
4 7 19 (1024 -1024 128 ) (1024 -1024 416 ) (768 -1024 416 ) (768 -1024 128 ) 
4 7 23 (256 -1024 416 ) (192 -1024 416 ) (192 -1024 128 ) (256 -1024 128 ) 
4 7 8 (192 -992 416 ) (192 -992 64 ) (192 -1024 64 ) (192 -1024 416 ) 
4 8 34 (96 -1024 96 ) (96 -1024 64 ) (192 -1024 64 ) (192 -1024 96 ) 
4 8 31 (96 -1024 128 ) (96 -1024 96 ) (192 -1024 96 ) (192 -1024 128 ) 
4 8 23 (192 -1024 416 ) (96 -1024 416 ) (96 -1024 128 ) (192 -1024 128 ) 
4 8 9 (96 -992 416 ) (96 -992 64 ) (96 -1024 64 ) (96 -1024 416 ) 
4 9 35 (0 -1024 96 ) (0 -1024 0 ) (96 -1024 0 ) (96 -1024 96 ) 
4 9 31 (0 -1024 128 ) (0 -1024 96 ) (96 -1024 96 ) (96 -1024 128 ) 
4 9 23 (96 -1024 416 ) (0 -1024 416 ) (0 -1024 128 ) (96 -1024 128 ) 
4 9 14 (0 -1024 0 ) (0 -1024 416 ) (0 -992 416 ) (0 -992 0 ) 
4 10 12 (-128 -512 0 ) (0 -512 0 ) (0 -512 128 ) (-448 -512 128 ) 
4 10 13 (-768 -512 128 ) (-768 -512 0 ) (-576 -512 0 ) (-576 -512 128 ) 
4 10 11 (-768 -512 416 ) (-768 -512 128 ) (0 -512 128 ) (0 -512 416 ) 
4 11 15 (-256 -768 416 ) (-576 -768 416 ) (-576 -768 128 ) (-256 -768 128 ) 
4 11 14 (0 -768 128 ) (0 -768 416 ) (-256 -768 416 ) (-256 -768 128 ) 
4 11 16 (-576 -768 416 ) (-768 -768 416 ) (-768 -768 128 ) (-576 -768 128 ) 
4 11 12 (0 -768 128 ) (-448 -768 128 ) (-448 -512 128 ) (0 -512 128 ) 
4 11 13 (-576 -768 128 ) (-768 -768 128 ) (-768 -512 128 ) (-576 -512 128 ) 
5 12 14 (-128 -768 0 ) (0 -768 0 ) (0 -768 128 ) (-256 -768 128 ) (-256 -768 51.200012 ) 
4 13 16 (-768 -768 0 ) (-576 -768 0 ) (-576 -768 128 ) (-768 -768 128 ) 
4 14 44 (0 -1024 0 ) (0 -1024 128 ) (-256 -1024 128 ) (-256 -1024 0 ) 
4 14 38 (0 -1024 128 ) (0 -1024 416 ) (-256 -1024 416 ) (-256 -1024 128 ) 
4 14 15 (-256 -768 416 ) (-256 -768 128 ) (-256 -1024 128 ) (-256 -1024 416 ) 
4 15 43 (-352 -1024 416 ) (-576 -1024 416 ) (-576 -1024 128 ) (-352 -1024 128 ) 
4 15 40 (-352 -1024 320 ) (-352 -1024 128 ) (-256 -1024 128 ) (-256 -1024 320 ) 
4 15 39 (-256 -1024 416 ) (-352 -1024 416 ) (-352 -1024 320 ) (-256 -1024 320 ) 
4 15 16 (-576 -768 416 ) (-576 -768 128 ) (-576 -1024 128 ) (-576 -1024 416 ) 
4 16 48 (-768 -1024 128 ) (-768 -1024 0 ) (-576 -1024 0 ) (-576 -1024 128 ) 
4 16 43 (-576 -1024 416 ) (-768 -1024 416 ) (-768 -1024 128 ) (-576 -1024 128 ) 
3 17 29 (1024 -2048 0 ) (1024 -2048 128 ) (1024 -1792 128 ) 
4 17 24 (1024 -1024 128 ) (1024 -1024 0 ) (1024 -1216 0 ) (1024 -1472 128 ) 
4 17 19 (1024 -1024 416 ) (1024 -1024 128 ) (1024 -2048 128 ) (1024 -2048 416 ) 
4 17 18 (1312 -2048 416 ) (1024 -2048 416 ) (1024 -2048 0 ) (1312 -2048 0 ) 
4 18 49 (1024 -2176 416 ) (1024 -2048 416 ) (1024 -2048 0 ) (1024 -2176 0 ) 
4 19 49 (1024 -2048 128 ) (1024 -2048 416 ) (768 -2048 416 ) (768 -2048 128 ) 
4 19 29 (1024 -1792 128 ) (1024 -2048 128 ) (768 -2048 128 ) (768 -1792 128 ) 
4 19 24 (768 -1024 128 ) (1024 -1024 128 ) (1024 -1472 128 ) (768 -1472 128 ) 
4 19 22 (768 -1792 128 ) (768 -2048 128 ) (768 -2048 416 ) (768 -1792 416 ) 
4 19 20 (768 -1024 128 ) (768 -1472 128 ) (768 -1472 416 ) (768 -1024 416 ) 
4 19 21 (768 -1536 128 ) (768 -1728 128 ) (768 -1728 416 ) (768 -1536 416 ) 
4 20 27 (352 -1152 128 ) (352 -1248 128 ) (256 -1248 128 ) (256 -1152 128 ) 
4 20 26 (256 -1024 128 ) (352 -1024 128 ) (352 -1152 128 ) (256 -1152 128 ) 
4 20 28 (352 -1248 128 ) (352 -1472 128 ) (256 -1472 128 ) (256 -1248 128 ) 
4 20 25 (352 -1024 128 ) (768 -1024 128 ) (768 -1472 128 ) (352 -1472 128 ) 
4 20 23 (256 -1024 128 ) (256 -1472 128 ) (256 -1472 416 ) (256 -1024 416 ) 
4 21 23 (256 -1536 128 ) (256 -1728 128 ) (256 -1728 416 ) (256 -1536 416 ) 
4 22 49 (768 -2048 416 ) (256 -2048 416 ) (256 -2048 128 ) (768 -2048 128 ) 
4 22 30 (768 -1792 128 ) (768 -2048 128 ) (256 -2048 128 ) (256 -1792 128 ) 
4 22 23 (256 -1792 128 ) (256 -2048 128 ) (256 -2048 416 ) (256 -1792 416 ) 
4 23 49 (256 -2048 416 ) (0 -2048 416 ) (0 -2048 128 ) (256 -2048 128 ) 
4 23 38 (0 -1024 416 ) (0 -1024 128 ) (0 -2048 128 ) (0 -2048 416 ) 
4 23 31 (0 -1536 128 ) (0 -1024 128 ) (256 -1024 128 ) (256 -1536 128 ) 
4 23 32 (0 -2048 128 ) (0 -1728 128 ) (256 -1728 128 ) (256 -2048 128 ) 
4 24 25 (768 -1024 0 ) (768 -1216 0 ) (768 -1472 128 ) (768 -1024 128 ) 
4 25 27 (352 -1248 64 ) (352 -1248 128 ) (352 -1152 128 ) (352 -1152 64 ) 
4 25 26 (352 -1024 0 ) (352 -1152 0 ) (352 -1152 128 ) (352 -1024 128 ) 
4 25 28 (352 -1248 0 ) (352 -1472 0 ) (352 -1472 128 ) (352 -1248 128 ) 
4 26 33 (256 -1024 0 ) (256 -1088 0 ) (256 -1088 96 ) (256 -1024 96 ) 
4 26 31 (256 -1152 96 ) (256 -1152 128 ) (256 -1024 128 ) (256 -1024 96 ) 
4 26 27 (256 -1152 128 ) (256 -1152 64 ) (352 -1152 64 ) (352 -1152 128 ) 
4 27 31 (256 -1248 96 ) (256 -1248 128 ) (256 -1152 128 ) (256 -1152 96 ) 
4 27 28 (256 -1248 128 ) (256 -1248 64 ) (352 -1248 64 ) (352 -1248 128 ) 
4 28 36 (256 -1280 0 ) (256 -1472 0 ) (256 -1472 96 ) (256 -1280 96 ) 
4 28 31 (256 -1472 96 ) (256 -1472 128 ) (256 -1248 128 ) (256 -1248 96 ) 
4 29 49 (1024 -2048 0 ) (1024 -2048 128 ) (768 -2048 128 ) (768 -2048 0 ) 
3 29 30 (768 -1792 128 ) (768 -2048 0 ) (768 -2048 128 ) 
4 30 49 (768 -2048 128 ) (256 -2048 128 ) (256 -2048 0 ) (768 -2048 0 ) 
4 30 36 (256 -1792 0 ) (256 -2048 0 ) (256 -2048 96 ) (256 -1792 96 ) 
4 30 32 (256 -2048 96 ) (256 -2048 128 ) (256 -1792 128 ) (256 -1792 96 ) 
4 31 44 (0 -1024 128 ) (0 -1024 96 ) (0 -1536 96 ) (0 -1536 128 ) 
4 31 36 (256 -1280 96 ) (256 -1536 96 ) (64 -1536 96 ) (64 -1280 96 ) 
4 31 37 (0 -1536 96 ) (0 -1088 96 ) (64 -1088 96 ) (64 -1536 96 ) 
4 31 34 (96 -1024 96 ) (192 -1024 96 ) (192 -1088 96 ) (96 -1088 96 ) 
4 31 33 (192 -1024 96 ) (256 -1024 96 ) (256 -1088 96 ) (192 -1088 96 ) 
4 31 35 (0 -1088 96 ) (0 -1024 96 ) (96 -1024 96 ) (96 -1088 96 ) 
4 32 49 (256 -2048 128 ) (0 -2048 128 ) (0 -2048 96 ) (256 -2048 96 ) 
4 32 46 (0 -1728 96 ) (0 -2048 96 ) (0 -2048 128 ) (0 -1728 128 ) 
4 32 36 (64 -1728 96 ) (256 -1728 96 ) (256 -2048 96 ) (64 -2048 96 ) 
4 32 37 (0 -2048 96 ) (0 -1728 96 ) (64 -1728 96 ) (64 -2048 96 ) 
4 33 34 (192 -1088 64 ) (192 -1088 96 ) (192 -1024 96 ) (192 -1024 64 ) 
4 34 35 (96 -1088 64 ) (96 -1088 96 ) (96 -1024 96 ) (96 -1024 64 ) 
4 35 44 (0 -1024 96 ) (0 -1024 0 ) (0 -1088 0 ) (0 -1088 96 ) 
4 35 37 (0 -1088 0 ) (64 -1088 0 ) (64 -1088 96 ) (0 -1088 96 ) 
4 36 49 (64 -2048 0 ) (256 -2048 0 ) (256 -2048 96 ) (64 -2048 96 ) 
4 36 37 (64 -1280 0 ) (64 -2048 0 ) (64 -2048 96 ) (64 -1280 96 ) 
4 37 49 (0 -2048 96 ) (0 -2048 0 ) (64 -2048 0 ) (64 -2048 96 ) 
4 37 45 (0 -1536 0 ) (0 -1728 0 ) (0 -1728 96 ) (0 -1536 96 ) 
4 37 44 (0 -1088 0 ) (0 -1536 0 ) (0 -1536 96 ) (0 -1088 96 ) 
4 37 46 (0 -1728 0 ) (0 -2048 0 ) (0 -2048 96 ) (0 -1728 96 ) 
4 38 50 (0 -2048 128 ) (0 -2048 416 ) (-256 -2048 416 ) (-256 -2048 128 ) 
4 38 44 (-256 -1536 128 ) (-256 -1024 128 ) (0 -1024 128 ) (0 -1536 128 ) 
4 38 46 (0 -2048 128 ) (-256 -2048 128 ) (-256 -1728 128 ) (0 -1728 128 ) 
4 38 42 (-256 -1536 128 ) (-256 -2048 128 ) (-256 -2048 320 ) (-256 -1536 320 ) 
4 38 40 (-256 -1024 128 ) (-256 -1056 128 ) (-256 -1056 320 ) (-256 -1024 320 ) 
4 38 41 (-256 -1152 128 ) (-256 -1440 128 ) (-256 -1440 320 ) (-256 -1152 320 ) 
4 38 39 (-256 -2048 320 ) (-256 -2048 416 ) (-256 -1024 416 ) (-256 -1024 320 ) 
4 39 50 (-256 -2048 416 ) (-352 -2048 416 ) (-352 -2048 320 ) (-256 -2048 320 ) 
4 39 43 (-352 -2048 320 ) (-352 -2048 416 ) (-352 -1024 416 ) (-352 -1024 320 ) 
4 39 42 (-352 -2048 320 ) (-352 -1536 320 ) (-256 -1536 320 ) (-256 -2048 320 ) 
4 39 40 (-352 -1056 320 ) (-352 -1024 320 ) (-256 -1024 320 ) (-256 -1056 320 ) 
4 39 41 (-352 -1440 320 ) (-352 -1152 320 ) (-256 -1152 320 ) (-256 -1440 320 ) 
4 40 43 (-352 -1024 128 ) (-352 -1056 128 ) (-352 -1056 320 ) (-352 -1024 320 ) 
4 41 43 (-352 -1152 128 ) (-352 -1440 128 ) (-352 -1440 320 ) (-352 -1152 320 ) 
4 42 50 (-352 -2048 320 ) (-352 -2048 128 ) (-256 -2048 128 ) (-256 -2048 320 ) 
4 42 47 (-256 -2048 128 ) (-352 -2048 128 ) (-352 -1792 128 ) (-256 -1792 128 ) 
4 42 43 (-352 -1536 128 ) (-352 -2048 128 ) (-352 -2048 320 ) (-352 -1536 320 ) 
4 43 50 (-352 -2048 416 ) (-768 -2048 416 ) (-768 -2048 128 ) (-352 -2048 128 ) 
4 43 48 (-576 -2048 128 ) (-768 -2048 128 ) (-768 -1024 128 ) (-576 -1024 128 ) 
4 43 47 (-352 -2048 128 ) (-576 -2048 128 ) (-576 -1792 128 ) (-352 -1792 128 ) 
4 44 45 (-256 -1536 96 ) (-256 -1536 0 ) (0 -1536 0 ) (0 -1536 96 ) 
4 45 46 (-256 -1728 96 ) (-256 -1728 0 ) (0 -1728 0 ) (0 -1728 96 ) 
4 46 50 (0 -2048 0 ) (0 -2048 128 ) (-256 -2048 128 ) (-256 -2048 0 ) 
3 46 47 (-256 -2048 0 ) (-256 -2048 128 ) (-256 -1792 128 ) 
4 47 50 (-256 -2048 128 ) (-576 -2048 128 ) (-576 -2048 0 ) (-256 -2048 0 ) 
3 47 48 (-576 -2048 0 ) (-576 -2048 128 ) (-576 -1792 128 ) 
4 48 50 (-576 -2048 128 ) (-768 -2048 128 ) (-768 -2048 0 ) (-576 -2048 0 ) 
4 49 50 (0 -2048 416 ) (0 -2048 0 ) (0 -2176 0 ) (0 -2176 416 ) 
