PRT1
16
33
4 0 1 (3072 0 -134.399994 ) (3072 0 838.400085 ) (3072 512 838.400085 ) (3072 512 -134.399994 ) 
4 1 3 (2048 128 838.400085 ) (2048 384 838.400085 ) (2048 384 -64 ) (2048 128 -64 ) 
4 1 5 (2048 384 -64 ) (2048 384 -134.399994 ) (2048 128 -134.399994 ) (2048 128 -64 ) 
4 1 6 (2048 0 -134.399994 ) (2048 0 838.400085 ) (2048 128 838.400085 ) (2048 128 -134.399994 ) 
4 1 2 (2048 384 838.400085 ) (2048 512 838.400085 ) (2048 512 -134.399994 ) (2048 384 -134.399994 ) 
4 2 7 (1024 384 838.400085 ) (1024 512 838.400085 ) (1024 512 -134.399994 ) (1024 384 -134.399994 ) 
5 2 4 (1472 384 838.400085 ) (1024 384 838.400085 ) (1024 384 64 ) (1088 384 64 ) (1472 384 256 ) 
4 2 3 (2048 384 -64 ) (2048 384 838.400085 ) (1472 384 838.400085 ) (1472 384 -64 ) 
4 2 5 (1024 384 -134.399994 ) (2048 384 -134.399994 ) (2048 384 -64 ) (1024 384 -64 ) 
4 3 4 (1472 384 838.400085 ) (1472 384 256 ) (1472 128 256 ) (1472 128 838.400085 ) 
4 3 5 (2048 128 -64 ) (1472 128 -64 ) (1472 384 -64 ) (2048 384 -64 ) 
4 3 6 (2048 128 -64 ) (2048 128 838.400085 ) (1472 128 838.400085 ) (1472 128 -64 ) 
4 4 8 (1024 128 838.400085 ) (1024 384 838.400085 ) (1024 384 64 ) (1024 128 64 ) 
5 4 6 (1472 128 838.400085 ) (1024 128 838.400085 ) (1024 128 64 ) (1088 128 64 ) (1472 128 256 ) 
4 5 9 (1024 384 -64 ) (1024 384 -134.399994 ) (1024 128 -134.399994 ) (1024 128 -64 ) 
4 5 6 (1024 128 -134.399994 ) (2048 128 -134.399994 ) (2048 128 -64 ) (1024 128 -64 ) 
4 6 10 (1024 0 -134.399994 ) (1024 0 838.400085 ) (1024 128 838.400085 ) (1024 128 -134.399994 ) 
4 7 11 (0 384 838.400085 ) (0 512 838.400085 ) (0 512 -134.399994 ) (0 384 -134.399994 ) 
4 7 8 (1024 384 64 ) (1024 384 838.400085 ) (0 384 838.400085 ) (0 384 64 ) 
4 7 9 (0 384 -134.399994 ) (1024 384 -134.399994 ) (1024 384 -64 ) (0 384 -64 ) 
4 8 12 (0 128 838.400085 ) (0 384 838.400085 ) (0 384 64 ) (0 128 64 ) 
4 8 10 (1024 128 64 ) (1024 128 838.400085 ) (0 128 838.400085 ) (0 128 64 ) 
4 9 13 (0 384 -64 ) (0 384 -134.399994 ) (0 128 -134.399994 ) (0 128 -64 ) 
4 9 10 (0 128 -134.399994 ) (1024 128 -134.399994 ) (1024 128 -64 ) (0 128 -64 ) 
4 10 14 (0 0 -134.399994 ) (0 0 838.400085 ) (0 128 838.400085 ) (0 128 -134.399994 ) 
4 11 12 (0 384 64 ) (0 384 838.400085 ) (-768 384 838.400085 ) (-768 384 64 ) 
4 11 13 (-768 384 -134.399994 ) (0 384 -134.399994 ) (0 384 -64 ) (-768 384 -64 ) 
4 11 15 (-966.094971 384 838.400085 ) (-966.094971 384 -134.399994 ) (-768 384 -134.399994 ) (-768 384 838.400085 ) 
4 12 15 (-768 384 838.400085 ) (-768 384 64 ) (-768 128 64 ) (-768 128 838.400085 ) 
4 12 14 (-768 128 838.400085 ) (-768 128 64 ) (0 128 64 ) (0 128 838.400085 ) 
4 13 14 (-768 128 -64 ) (-768 128 -134.399994 ) (0 128 -134.399994 ) (0 128 -64 ) 
4 13 15 (-768 384 -64 ) (-768 384 -134.399994 ) (-768 128 -134.399994 ) (-768 128 -64 ) 
4 14 15 (-768 128 -134.399994 ) (-768 0 -134.399994 ) (-768 0 838.400085 ) (-768 128 838.400085 ) 
