PRT1
68
209
4 0 20 (1469.217285 0 -480 ) (1504 0 -480 ) (1504 0 320 ) (1469.217285 0 320 ) 
4 0 19 (1024 0 320 ) (1024 0 -480 ) (1469.217285 0 -480 ) (1469.217285 0 320 ) 
4 0 16 (1504 0 480 ) (1024 0 480 ) (1024 0 320 ) (1504 0 320 ) 
4 0 4 (1024 0 -480 ) (1024 0 -192 ) (1024 230.399979 -192 ) (1024 230.399979 -480 ) 
4 0 3 (1024 230.399979 -192 ) (1024 480 -192 ) (1024 480 -480 ) (1024 230.399979 -480 ) 
4 0 1 (1024 0 -192 ) (1024 0 480 ) (1024 480 480 ) (1024 480 -192 ) 
4 1 39 (1024 0 -192 ) (1024 0 128 ) (545.391357 0 128 ) (545.391296 0 -192 ) 
4 1 32 (384 0 -192 ) (388.173889 0 -192 ) (388.173889 0 0 ) (384 0 0 ) 
4 1 30 (388.173889 0 -192 ) (545.391296 0 -192 ) (545.391357 0 0 ) (388.173889 0 0 ) 
4 1 29 (0 0 0 ) (0 0 -192 ) (384 0 -192 ) (384 0 0 ) 
4 1 27 (545.391357 0 128 ) (0 0 128 ) (0 0 0 ) (545.391357 0 0 ) 
4 1 26 (1024 0 128 ) (1024 0 480 ) (0 0 480 ) (0 0 128 ) 
4 1 12 (0 51.199993 256 ) (0 332.803192 256 ) (0 332.803162 -192 ) (0 51.199982 -192 ) 
4 1 11 (0 332.803192 256 ) (0 480 256 ) (0 480 -192 ) (0 332.803162 -192 ) 
4 1 8 (0 0 -192 ) (0 0 256 ) (0 51.199993 256 ) (0 51.199982 -192 ) 
4 1 7 (0 0 256 ) (0 0 480 ) (0 480 480 ) (0 480 256 ) 
3 1 6 (896 0 -192 ) (858 92 -192 ) (923.223877 65.910446 -192 ) 
3 1 5 (768 128 -192 ) (984.666626 214.666626 -192 ) (923.223877 65.910446 -192 ) 
4 1 4 (1024 0 -192 ) (896 0 -192 ) (984.666626 214.666626 -192 ) (1024 230.399979 -192 ) 
4 1 3 (678 92 -192 ) (838.260864 480 -192 ) (1024 480 -192 ) (1024 230.399979 -192 ) 
4 1 2 (640 0 -192 ) (0 0 -192 ) (0 480 -192 ) (838.260864 480 -192 ) 
4 2 47 (640 0 -192 ) (545.391296 0 -192 ) (545.391296 0 -480 ) (640 0 -480 ) 
4 2 32 (388.173889 0 -192 ) (384 0 -192 ) (384 0 -480 ) (388.173889 0 -480 ) 
4 2 30 (545.391296 0 -192 ) (388.173889 0 -192 ) (388.173889 0 -480 ) (545.391296 0 -480 ) 
4 2 29 (384 0 -192 ) (0 0 -192 ) (0 0 -480 ) (384 0 -480 ) 
4 2 12 (0 51.199993 -192 ) (0 332.803192 -192 ) (0 332.803162 -480 ) (0 51.199982 -480 ) 
4 2 11 (0 332.803192 -192 ) (0 480 -192 ) (0 480 -480 ) (0 332.803162 -480 ) 
4 2 8 (0 0 -480 ) (0 0 -192 ) (0 51.199993 -192 ) (0 51.199982 -480 ) 
4 2 3 (678.001099 92 -480 ) (838.261719 480 -480 ) (838.261719 480 -192 ) (678.001038 92 -192 ) 
4 3 5 (767.998047 128 -480 ) (984.667419 214.668518 -480 ) (984.667419 214.668533 -192 ) (767.998047 128 -192 ) 
4 3 4 (984.667419 214.668518 -480 ) (1024 230.401566 -480 ) (1024 230.401566 -192 ) (984.667419 214.668533 -192 ) 
4 4 48 (1024 0 -480 ) (1024 0 -192 ) (896 0 -192 ) (896 0 -480 ) 
4 4 6 (923.222961 65.910782 -480 ) (895.998962 0 -480 ) (895.998047 0 -192 ) (923.222412 65.910988 -192 ) 
4 4 5 (984.666992 214.669922 -192 ) (984.666992 214.669937 -480 ) (923.222961 65.910782 -480 ) (923.222412 65.910988 -192 ) 
4 5 6 (858 92 -480 ) (923.222656 65.910156 -480 ) (923.222656 65.910156 -192 ) (858 92 -192 ) 
4 7 50 (0 0 256 ) (0 0 480 ) (-480 0 480 ) (-480 0 256 ) 
3 7 14 (-146.990265 237.996109 256 ) (-114.388062 224.955231 256 ) (-127.995934 192.009857 256 ) 
3 7 15 (-192.003937 256.001587 256 ) (-83.665100 299.337128 256 ) (-114.388062 224.955231 256 ) 
3 7 13 (-159.761200 115.104462 256 ) (-192 128 256 ) (-147 146 256 ) 
4 7 12 (0 332.803162 256 ) (0 51.199982 256 ) (-159.761200 115.104462 256 ) (-83.665100 299.337128 256 ) 
4 7 11 (-137.043457 480 256 ) (0 480 256 ) (0 332.803162 256 ) (-236.998398 238.003799 256 ) 
3 7 10 (-374.956482 480 256 ) (-137.043457 480 256 ) (-256 192 256 ) 
4 7 9 (-480 243.199997 256 ) (-480 480 256 ) (-374.956482 480 256 ) (-237 146 256 ) 
4 7 8 (-480 0 256 ) (-480 243.199997 256 ) (0 51.199982 256 ) (0 0 256 ) 
4 8 53 (0 0 -480 ) (0 0 0 ) (-260.173889 0 0 ) (-260.173889 0 -480 ) 
4 8 52 (-260.173889 0 0 ) (-480 0 0 ) (-480 0 -480 ) (-260.173889 0 -480 ) 
4 8 50 (0 0 0 ) (0 0 256 ) (-480 0 256 ) (-480 0 0 ) 
4 8 13 (-159.761200 115.104462 -480 ) (-192 128 -480 ) (-192 128 256 ) (-159.761200 115.104485 256 ) 
4 8 12 (0 51.199997 -480 ) (-159.761200 115.104462 -480 ) (-159.761200 115.104485 256 ) (0 51.199997 256 ) 
4 8 9 (-237 146 -480 ) (-480 243.199982 -480 ) (-480 243.199997 256 ) (-237 146 256 ) 
4 9 10 (-256 192 -480 ) (-374.955109 480 -480 ) (-374.955078 480 256 ) (-256 192 256 ) 
4 10 11 (-237 238.002975 -480 ) (-137.044922 480 -480 ) (-137.044922 480 256 ) (-237 238.002991 256 ) 
4 11 15 (-192.001480 256 -480 ) (-83.666046 299.334869 -480 ) (-83.666046 299.334839 256 ) (-192.001465 256 256 ) 
4 11 12 (-83.666046 299.334869 -480 ) (0 332.801331 -480 ) (0 332.801331 256 ) (-83.666046 299.334839 256 ) 
4 12 14 (-114.388428 224.955383 -480 ) (-127.996155 192.010376 -480 ) (-127.996155 192.010391 256 ) (-114.388435 224.955383 256 ) 
4 12 15 (-83.666023 299.335938 256 ) (-83.666000 299.335968 -480 ) (-114.388428 224.955383 -480 ) (-114.388435 224.955383 256 ) 
4 12 13 (-147 146 -480 ) (-159.761581 115.104637 -480 ) (-159.761581 115.104637 256 ) (-147 146 256 ) 
4 14 15 (-114.387321 224.955322 256 ) (-114.387329 224.955322 -480 ) (-146.990448 237.996582 -480 ) (-146.990448 237.996582 256 ) 
4 16 26 (1024 0 480 ) (1024 0 320 ) (1024 -1024 320 ) (1024 -1024 480 ) 
4 16 25 (1504 -1024 480 ) (1024 -1024 480 ) (1024 -1024 320 ) (1504 -1024 320 ) 
3 16 24 (1370 -676 320 ) (1435.223877 -702.089539 320 ) (1408 -768 320 ) 
3 16 23 (1280 -640 320 ) (1496.666748 -553.333252 320 ) (1435.223877 -702.089539 320 ) 
3 16 22 (1344.477539 -921.791016 320 ) (1280 -896 320 ) (1370 -860 320 ) 
4 16 21 (1504 -550.399902 320 ) (1504 -985.599976 320 ) (1344.477539 -921.791016 320 ) (1496.666748 -553.333252 320 ) 
4 16 20 (1469.217285 0 320 ) (1504 0 320 ) (1504 -550.399902 320 ) (1190 -676 320 ) 
4 16 19 (1024 -458.105255 320 ) (1024 0 320 ) (1469.217285 0 320 ) (1152 -768 320 ) 
3 16 18 (1024 -793.599915 320 ) (1024 -458.105255 320 ) (1190 -860 320 ) 
4 16 17 (1024 -1024 320 ) (1024 -793.599915 320 ) (1504 -985.599976 320 ) (1504 -1024 320 ) 
4 17 40 (1024 -793.599915 -480 ) (1024 -1024 -480 ) (1024 -1024 -192 ) (1024 -793.599915 -192 ) 
4 17 39 (1024 -1024 -192 ) (1024 -1024 128 ) (1024 -793.599915 128 ) (1024 -793.599915 -192 ) 
4 17 26 (1024 -1024 128 ) (1024 -1024 320 ) (1024 -793.599915 320 ) (1024 -793.599915 128 ) 
4 17 25 (1024 -1024 320 ) (1024 -1024 -480 ) (1504 -1024 -480 ) (1504 -1024 320 ) 
4 17 22 (1280 -896 320 ) (1344.477661 -921.790710 320 ) (1344.477783 -921.790710 -480 ) (1280 -896 -480 ) 
4 17 21 (1344.477661 -921.790710 320 ) (1504 -985.599609 320 ) (1504 -985.599609 -480 ) (1344.477783 -921.790710 -480 ) 
4 17 18 (1024 -793.599670 320 ) (1190 -860 320 ) (1190 -860 -480 ) (1024 -793.599609 -480 ) 
4 18 43 (1024 -458.105255 -480 ) (1024 -588.799988 -480 ) (1024 -588.799988 -192 ) (1024 -458.105255 -192 ) 
4 18 40 (1024 -588.799988 -480 ) (1024 -793.599915 -480 ) (1024 -793.599915 -192 ) (1024 -588.799988 -192 ) 
4 18 39 (1024 -793.599915 -192 ) (1024 -793.599915 128 ) (1024 -458.105255 128 ) (1024 -458.105255 -192 ) 
4 18 26 (1024 -793.599915 128 ) (1024 -793.599915 320 ) (1024 -458.105255 320 ) (1024 -458.105255 128 ) 
4 18 19 (1152 -768 -480 ) (1024 -458.104828 -480 ) (1024 -458.105469 320 ) (1152 -768 320 ) 
4 19 48 (1024 0 -192 ) (1024 0 -480 ) (1024 -230.400009 -480 ) (1024 -230.400009 -192 ) 
4 19 43 (1024 -230.400009 -480 ) (1024 -458.105255 -480 ) (1024 -458.105255 -192 ) (1024 -230.400009 -192 ) 
4 19 39 (1024 0 128 ) (1024 0 -192 ) (1024 -458.105255 -192 ) (1024 -458.105255 128 ) 
4 19 26 (1024 0 320 ) (1024 0 128 ) (1024 -458.105255 128 ) (1024 -458.105255 320 ) 
4 19 20 (1189.998047 -676 -480 ) (1469.214233 0 -480 ) (1469.214233 0 320 ) (1189.998047 -676 320 ) 
4 20 23 (1280 -640 -480 ) (1496.667236 -553.331543 -480 ) (1496.667236 -553.331543 320 ) (1280 -640 320 ) 
4 20 21 (1496.667236 -553.331543 -480 ) (1504 -550.398438 -480 ) (1504 -550.398438 320 ) (1496.667236 -553.331543 320 ) 
4 21 24 (1435.224487 -702.089783 -480 ) (1408 -768 -480 ) (1408 -768 320 ) (1435.224487 -702.089783 320 ) 
4 21 23 (1496.666992 -553.333984 320 ) (1496.666992 -553.333984 -480 ) (1435.224487 -702.089783 -480 ) (1435.224487 -702.089783 320 ) 
4 21 22 (1370 -860 -480 ) (1344.478394 -921.791321 -480 ) (1344.478394 -921.791321 320 ) (1370 -860 320 ) 
4 23 24 (1370 -676.001221 -480 ) (1435.223145 -702.090027 -480 ) (1435.223145 -702.090027 320 ) (1370 -676.001221 320 ) 
4 25 62 (1024 -1024 128 ) (1024 -1024 -480 ) (1024 -1093.052734 -480 ) (1024 -1093.052734 128 ) 
4 25 60 (1024 -1093.052734 -480 ) (1024 -1504 -480 ) (1024 -1504 128 ) (1024 -1093.052734 128 ) 
4 25 55 (1024 -1504 480 ) (1024 -1024 480 ) (1024 -1024 128 ) (1024 -1504 128 ) 
4 26 55 (1024 -1024 128 ) (1024 -1024 480 ) (0 -1024 480 ) (0 -1024 128 ) 
4 26 50 (0 0 480 ) (0 0 128 ) (0 -1024 128 ) (0 -1024 480 ) 
4 26 39 (545.391296 0 128 ) (1024 0 128 ) (1024 -1024 128 ) (968.347778 -1024 128 ) 
3 26 38 (218 -868 128 ) (283.223877 -894.089600 128 ) (256 -960 128 ) 
3 26 37 (128 -832 128 ) (344.666718 -745.333313 128 ) (283.223877 -894.089600 128 ) 
4 26 36 (344.666718 -745.333313 128 ) (781.134277 -570.746277 128 ) (968.347778 -1024 128 ) (229.565186 -1024 128 ) 
3 26 35 (0 -960 128 ) (0 -883.200012 128 ) (38 -868 128 ) 
3 26 34 (0 -1024 128 ) (0 -960 128 ) (26.434814 -1024 128 ) 
4 26 27 (0 -883.200012 128 ) (0 0 128 ) (545.391296 0 128 ) (781.134277 -570.746277 128 ) 
4 27 50 (0 0 128 ) (0 0 0 ) (0 -883.200012 0 ) (0 -883.200012 128 ) 
4 27 39 (545.390747 0 0 ) (545.390625 0 128 ) (781.133972 -570.746399 128 ) (781.134033 -570.746399 0 ) 
4 27 37 (344.666779 -745.333130 128 ) (128 -832 128 ) (128 -832 0 ) (344.666718 -745.333313 0 ) 
4 27 36 (781.136719 -570.745117 0 ) (781.136719 -570.745117 128 ) (344.666779 -745.333130 128 ) (344.666718 -745.333313 0 ) 
4 27 35 (38 -868 128 ) (0 -883.199829 128 ) (0 -883.200134 0 ) (38 -868 0 ) 
3 27 33 (199 -182 0 ) (296.835815 -221.134338 0 ) (256 -320 0 ) 
4 27 32 (64 -128 0 ) (384 0 0 ) (388.173889 0 0 ) (296.835815 -221.134338 0 ) 
3 27 31 (160.716431 -550.686584 0 ) (64 -512 0 ) (199 -458 0 ) 
5 27 30 (781.136719 -570.746094 0 ) (496.001007 -684.800415 0 ) (160.716431 -550.686584 0 ) (388.173889 0 0 ) (545.390625 0 0 ) 
3 27 29 (0 -153.600006 0 ) (0 0 0 ) (384 0 0 ) 
3 27 28 (496.001007 -684.800415 0 ) (0 -883.200806 0 ) (0 -486.399994 0 ) 
4 28 51 (0 -486.399994 -480 ) (0 -883.200012 -480 ) (0 -883.200012 0 ) (0 -486.399963 0 ) 
4 28 37 (128.001190 -832 -480 ) (344.666412 -745.333984 -480 ) (344.666718 -745.333313 0 ) (128 -832 0 ) 
4 28 36 (344.666412 -745.333984 -480 ) (496 -684.800171 -480 ) (496 -684.799988 0 ) (344.666718 -745.333313 0 ) 
4 28 35 (0 -883.201172 -480 ) (38 -868.001343 -480 ) (38 -868 0 ) (0 -883.200134 0 ) 
4 28 31 (64.001732 -512 0 ) (160.716827 -550.685547 0 ) (160.716553 -550.686279 -480 ) (64 -512 -480 ) 
4 28 30 (160.716827 -550.685547 0 ) (496.007813 -684.802734 0 ) (496.007751 -684.802734 -480 ) (160.716553 -550.686279 -480 ) 
4 29 54 (0 -10.105247 -480 ) (0 -153.599991 -480 ) (0 -153.599976 0 ) (0 -10.105255 0 ) 
4 29 53 (0 0 0 ) (0 0 -480 ) (0 -10.105247 -480 ) (0 -10.105255 0 ) 
4 29 32 (64 -128 -480 ) (383.997528 0 -480 ) (383.997498 0 0 ) (64 -128 0 ) 
4 30 47 (564.666504 -46.666565 -480 ) (545.391174 0 -480 ) (545.390930 0 -192 ) (564.666199 -46.666481 -192 ) 
4 30 41 (704 -384 -480 ) (564.666504 -46.666565 -480 ) (564.666199 -46.666481 -192 ) (704 -384 -192 ) 
4 30 40 (781.134155 -570.746277 -480 ) (742 -476 -480 ) (742 -476 -192 ) (781.134094 -570.746338 -192 ) 
4 30 39 (545.390930 0 -192 ) (545.390747 0 0 ) (781.134033 -570.746399 0 ) (781.134094 -570.746338 -192 ) 
4 30 36 (496 -684.800171 -480 ) (781.136719 -570.745117 -480 ) (781.136719 -570.745117 0 ) (496 -684.799988 0 ) 
4 30 33 (296.835510 -221.134216 -480 ) (256 -320 -480 ) (256 -320 0 ) (296.835510 -221.134201 0 ) 
4 30 32 (388.173462 0 -480 ) (296.835510 -221.134216 -480 ) (296.835510 -221.134201 0 ) (388.173462 0 0 ) 
4 30 31 (199 -458 -480 ) (160.716766 -550.685120 -480 ) (160.716766 -550.685120 0 ) (199 -458 0 ) 
4 32 33 (198.998810 -181.997086 -480 ) (296.838104 -221.132904 -480 ) (296.838104 -221.132904 0 ) (198.998810 -181.997101 0 ) 
4 34 65 (26.434814 -1024 128 ) (0 -1024 128 ) (0 -1024 -480 ) (26.434813 -1024 -480 ) 
4 34 51 (0 -960 -480 ) (0 -1024 -480 ) (0 -1024 0 ) (0 -960 0 ) 
4 34 50 (0 -1024 0 ) (0 -1024 128 ) (0 -960 128 ) (0 -960 0 ) 
4 35 51 (0 -883.200012 -480 ) (0 -960 -480 ) (0 -960 0 ) (0 -883.200012 0 ) 
4 35 50 (0 -960 0 ) (0 -960 128 ) (0 -883.200012 128 ) (0 -883.200012 0 ) 
4 36 62 (968.347778 -1024 128 ) (736 -1024 128 ) (736 -1024 -480 ) (968.347778 -1024 -480 ) 
4 36 59 (736 -1024 128 ) (604.521729 -1024 128 ) (604.521729 -1024 -480 ) (736 -1024 -480 ) 
4 36 58 (604.521729 -1024 128 ) (419.478210 -1024 128 ) (419.478271 -1024 -480 ) (604.521729 -1024 -480 ) 
4 36 57 (419.478210 -1024 128 ) (229.565186 -1024 128 ) (229.565262 -1024 -480 ) (419.478271 -1024 -480 ) 
4 36 40 (968.347656 -1024 -480 ) (781.134155 -570.746277 -480 ) (781.134094 -570.746338 -192 ) (968.347656 -1024 -192 ) 
4 36 39 (781.134094 -570.746338 -192 ) (781.133972 -570.746399 128 ) (968.347656 -1024 128 ) (968.347656 -1024 -192 ) 
4 36 38 (283.221954 -894.088745 -480 ) (255.998917 -959.997314 -480 ) (255.998901 -959.997314 128 ) (283.221924 -894.088745 128 ) 
4 36 37 (344.664337 -745.333130 128 ) (344.664337 -745.333130 -480 ) (283.221954 -894.088745 -480 ) (283.221924 -894.088745 128 ) 
4 37 38 (218 -868 -480 ) (283.222656 -894.089844 -480 ) (283.222656 -894.089844 128 ) (218 -868 128 ) 
4 39 62 (1024 -1024 -192 ) (1024 -1024 128 ) (968.347778 -1024 128 ) (968.347778 -1024 -192 ) 
3 39 49 (858 -92 -192 ) (832.477539 -153.791016 -192 ) (768 -128 -192 ) 
4 39 48 (896 0 -192 ) (1024 0 -192 ) (1024 -230.400009 -192 ) (832.477539 -153.791016 -192 ) 
4 39 47 (564.670471 -46.668152 -192 ) (545.394531 0 -192 ) (640 0 -192 ) (678 -92 -192 ) 
3 39 46 (922 -292 -192 ) (987.223938 -318.089569 -192 ) (960 -384 -192 ) 
4 39 45 (832 -256 -192 ) (960 -204.800018 -192 ) (1023.522461 -230.209000 -192 ) (987.223938 -318.089569 -192 ) 
3 39 44 (922 -476 -192 ) (896.477661 -537.791077 -192 ) (832 -512 -192 ) 
4 39 43 (1023.522461 -230.209000 -192 ) (1024 -230.400009 -192 ) (1024 -588.799988 -192 ) (896.477661 -537.791077 -192 ) 
3 39 42 (742 -292 -192 ) (803.820923 -142.328339 -192 ) (960 -204.800018 -192 ) 
3 39 41 (704.001465 -383.996277 -192 ) (564.670471 -46.668152 -192 ) (803.820923 -142.328339 -192 ) 
4 39 40 (968.350525 -1024 -192 ) (742.003540 -476.001404 -192 ) (1024 -588.799988 -192 ) (1024 -1024 -192 ) 
4 40 62 (1024 -1024 -480 ) (1024 -1024 -192 ) (968.347778 -1024 -192 ) (968.347778 -1024 -480 ) 
4 40 44 (896.478149 -537.790100 -480 ) (832.001465 -512 -480 ) (832.001465 -512 -192 ) (896.478149 -537.790100 -192 ) 
4 40 43 (1024 -588.798828 -480 ) (896.478149 -537.790100 -480 ) (896.478149 -537.790100 -192 ) (1024 -588.798828 -192 ) 
4 41 49 (803.820740 -142.328659 -480 ) (768 -128 -480 ) (768 -128 -192 ) (803.820740 -142.328705 -192 ) 
4 41 47 (678 -92 -480 ) (564.664063 -46.666023 -480 ) (564.664063 -46.666016 -192 ) (678 -92 -192 ) 
4 41 42 (803.821045 -142.326096 -480 ) (803.821045 -142.326080 -192 ) (741.998901 -292 -192 ) (741.998901 -292 -480 ) 
4 42 49 (832.477478 -153.791351 -480 ) (803.820740 -142.328659 -480 ) (803.820740 -142.328705 -192 ) (832.477417 -153.791382 -192 ) 
4 42 48 (960 -204.800186 -480 ) (832.477478 -153.791351 -480 ) (832.477417 -153.791382 -192 ) (960 -204.800247 -192 ) 
4 42 45 (832 -256 -480 ) (960 -204.800385 -480 ) (960 -204.800385 -192 ) (832 -256 -192 ) 
4 43 48 (1024 -230.400330 -480 ) (1023.522339 -230.209274 -480 ) (1023.522339 -230.209366 -192 ) (1024 -230.400421 -192 ) 
4 43 46 (987.224243 -318.089722 -480 ) (960 -384 -480 ) (960 -384 -192 ) (987.224243 -318.089722 -192 ) 
4 43 45 (1023.522827 -230.209152 -192 ) (1023.522827 -230.209152 -480 ) (987.224243 -318.089722 -480 ) (987.224243 -318.089722 -192 ) 
4 43 44 (922 -476 -480 ) (896.477417 -537.792114 -480 ) (896.477417 -537.792114 -192 ) (922 -476 -192 ) 
4 45 48 (1023.522339 -230.209274 -480 ) (960 -204.800186 -480 ) (960 -204.800247 -192 ) (1023.522339 -230.209366 -192 ) 
4 45 46 (922 -292 -480 ) (987.221375 -318.088745 -480 ) (987.221375 -318.088745 -192 ) (922 -292 -192 ) 
4 48 49 (857.997498 -92 -480 ) (832.476257 -153.789688 -480 ) (832.476257 -153.789688 -192 ) (857.997742 -92 -192 ) 
4 50 67 (0 -1024 0 ) (0 -1024 480 ) (-480 -1024 480 ) (-480 -1024 0 ) 
3 50 54 (0 -10.105246 0 ) (0 -153.599976 0 ) (-71 -182 0 ) 
4 50 53 (-260.173889 0 0 ) (0 0 0 ) (0 -10.105246 0 ) (-128 -320 0 ) 
4 50 52 (-480 -294.399963 0 ) (-480 0 0 ) (-260.173889 0 0 ) (-71 -458 0 ) 
4 50 51 (-480 -1024 0 ) (-480 -294.399963 0 ) (0 -486.399994 0 ) (0 -1024 0 ) 
4 51 67 (0 -1024 -480 ) (0 -1024 0 ) (-480 -1024 0 ) (-480 -1024 -480 ) 
4 51 52 (-71 -458 -480 ) (-480 -294.400391 -480 ) (-480 -294.400391 0 ) (-71 -458 0 ) 
4 52 53 (-128 -320 -480 ) (-260.173187 0 -480 ) (-260.173187 0 0 ) (-128 -320 0 ) 
4 53 54 (-71 -182 -480 ) (0 -10.107208 -480 ) (0 -10.109704 0 ) (-70.998482 -182 0 ) 
4 55 67 (0 -1024 480 ) (0 -1024 128 ) (0 -1504 128 ) (0 -1504 480 ) 
3 55 66 (218 -1052 128 ) (192.477646 -1113.791016 128 ) (128 -1088 128 ) 
4 55 65 (0 -1036.799927 128 ) (0 -1024 128 ) (26.434813 -1024 128 ) (38 -1052 128 ) 
4 55 64 (31.304443 -1504 128 ) (0 -1504 128 ) (0 -1036.799927 128 ) (192.477646 -1113.791016 128 ) 
3 55 63 (893.500000 -1087 128 ) (1007.641846 -1132.656738 128 ) (960 -1248 128 ) 
4 55 62 (736 -1024 128 ) (1024 -1024 128 ) (1024 -1093.052734 128 ) (1007.641846 -1132.656738 128 ) 
4 55 61 (854.260864 -1504 128 ) (816 -1504 128 ) (736 -1472 128 ) (893.500000 -1409 128 ) 
3 55 60 (1024 -1504 128 ) (854.260864 -1504 128 ) (1024 -1093.052734 128 ) 
3 55 59 (578.500000 -1087 128 ) (604.521729 -1024 128 ) (736 -1024 128 ) 
3 55 58 (512 -1248 128 ) (419.478271 -1024 128 ) (604.521729 -1024 128 ) 
4 55 57 (578.499939 -1409 128 ) (142.567261 -1234.626831 128 ) (229.565247 -1024 128 ) (419.478271 -1024 128 ) 
3 55 56 (816 -1504 128 ) (31.304443 -1504 128 ) (142.567261 -1234.626831 128 ) 
4 56 64 (142.565308 -1234.625977 -480 ) (31.302734 -1504 -480 ) (31.302734 -1504 128 ) (142.565826 -1234.626221 128 ) 
4 56 61 (736 -1472 128 ) (815.998962 -1504 128 ) (815.998962 -1504 -480 ) (736 -1472 -480 ) 
4 56 57 (142.566406 -1234.626953 -480 ) (142.566406 -1234.626953 128 ) (578.500183 -1409 128 ) (578.500183 -1409 -480 ) 
4 57 66 (217.996780 -1052.001343 -480 ) (192.475464 -1113.790161 -480 ) (192.476227 -1113.790527 128 ) (217.998047 -1052 128 ) 
4 57 64 (192.475464 -1113.790161 -480 ) (142.565308 -1234.625977 -480 ) (142.565826 -1234.626221 128 ) (192.476227 -1113.790527 128 ) 
4 57 58 (512 -1248 -480 ) (419.478333 -1024 -480 ) (419.478333 -1024 128 ) (512 -1248 128 ) 
4 58 59 (578.500183 -1087 -480 ) (604.521912 -1024 -480 ) (604.521973 -1024 128 ) (578.500244 -1087 128 ) 
4 60 63 (1007.642883 -1132.657104 -480 ) (960 -1248.001465 -480 ) (960 -1248.001465 128 ) (1007.642883 -1132.657104 128 ) 
4 60 62 (1024 -1093.055664 -480 ) (1007.642883 -1132.657104 -480 ) (1007.642883 -1132.657104 128 ) (1024 -1093.055664 128 ) 
4 60 61 (893.501465 -1409 -480 ) (854.262085 -1504 -480 ) (854.262085 -1504 128 ) (893.501465 -1409 128 ) 
4 62 63 (893.499207 -1086.998047 -480 ) (1007.643433 -1132.655762 -480 ) (1007.643433 -1132.655762 128 ) (893.499207 -1086.998047 128 ) 
4 64 67 (0 -1036.799927 -480 ) (0 -1504 -480 ) (0 -1504 128 ) (0 -1036.799927 128 ) 
4 64 66 (192.476563 -1113.789063 128 ) (192.476563 -1113.789063 -480 ) (128.001984 -1088 -480 ) (128.001968 -1088 128 ) 
4 64 65 (38 -1051.998169 -480 ) (0 -1036.798462 -480 ) (0 -1036.798462 128 ) (38 -1051.998169 128 ) 
4 65 67 (0 -1024 128 ) (0 -1024 -480 ) (0 -1036.799927 -480 ) (0 -1036.799927 128 ) 
