PRT1
42
103
4 0 32 (0 0 2960 ) (0 0 3008 ) (0 64 3008 ) (0 64 2960 ) 
4 0 10 (64 0 3008 ) (0 0 3008 ) (0 0 2960 ) (112 0 2960 ) 
4 0 6 (64 56 2960 ) (64 0 2960 ) (0 0 2960 ) (0 56 2960 ) 
4 0 1 (64 64 2960 ) (112 64 2960 ) (112 0 2960 ) (64 0 2960 ) 
4 1 10 (112 0 2960 ) (64 0 2960 ) (144 0 2880 ) (192 0 2880 ) 
4 1 8 (136 0 2888 ) (80 0 2944 ) (80 56 2944 ) (136 56 2888 ) 
4 1 6 (80 0 2944 ) (64 0 2960 ) (64 56 2960 ) (80 56 2944 ) 
4 1 4 (144 0 2880 ) (136 0 2888 ) (136 56 2888 ) (144 56 2880 ) 
4 1 2 (143.994141 0 2880 ) (143.994141 64 2880 ) (192 64 2880 ) (192 0 2880 ) 
3 2 11 (248 0 2776 ) (248 0 2880 ) (144 0 2880 ) 
4 2 5 (248 64 2776 ) (248 0 2776 ) (224 0 2800 ) (224 64 2800 ) 
4 2 4 (152 0 2872 ) (144 0 2880 ) (144 56 2880 ) (152 56 2872 ) 
4 2 3 (224 0 2800 ) (152 0 2872 ) (152 64 2872 ) (224 64 2800 ) 
3 3 11 (224 0 2800 ) (152 0 2872 ) (152 0 2800 ) 
4 3 5 (152 64 2800 ) (224 64 2800 ) (224 0 2800 ) (152 0 2800 ) 
4 3 4 (152 56 2800 ) (152 0 2800 ) (152 0 2871.998047 ) (152 56 2871.998047 ) 
5 4 11 (152 0 2872 ) (144 0 2880 ) (136 0 2880 ) (136 0 2800 ) (152 0 2800 ) 
3 4 10 (144 0 2880 ) (136 0 2888 ) (136 0 2880 ) 
4 4 8 (136 0 2800 ) (136 0 2888 ) (136 56 2888 ) (136 56 2800 ) 
4 4 5 (136 0 2800 ) (136 56 2800 ) (152 56 2800 ) (152 0 2800 ) 
5 5 11 (248 0 2760 ) (248 0 2776 ) (224 0 2800 ) (136 0 2800 ) (136 0 2760 ) 
4 5 7 (136 56 2800 ) (136 64 2800 ) (136 64 2760 ) (136 56 2760 ) 
4 5 8 (136 0 2760 ) (136 0 2800 ) (136 56 2800 ) (136 56 2760 ) 
4 6 38 (0 0 2944 ) (0 0 2960 ) (0 56 2960 ) (0 56 2944 ) 
4 6 10 (0 0 2960 ) (0 0 2944 ) (80 0 2944 ) (64 0 2960 ) 
4 6 9 (0 0 2944 ) (0 56 2944 ) (24 56 2944 ) (24 0 2944 ) 
4 6 8 (24 56 2944 ) (80 56 2944 ) (80 0 2944 ) (24 0 2944 ) 
4 7 9 (24 56 2944 ) (24 64 2944 ) (24 64 2880 ) (24 56 2880 ) 
5 7 8 (24 56 2944 ) (24 56 2760 ) (136 56 2760 ) (136 56 2872 ) (64 56 2944 ) 
4 8 11 (136 0 2760 ) (136 0 2880 ) (24 0 2880 ) (24 0 2760 ) 
5 8 10 (136 0 2880 ) (136 0 2888 ) (80 0 2944 ) (24 0 2944 ) (24 0 2880 ) 
4 8 9 (24 0 2880 ) (24 0 2944 ) (24 56 2944 ) (24 56 2880 ) 
4 9 37 (0 56 2944 ) (0 64 2944 ) (0 64 2880 ) (0 56 2880 ) 
4 9 38 (0 0 2880 ) (0 0 2944 ) (0 56 2944 ) (0 56 2880 ) 
4 9 10 (0 0 2944 ) (0 0 2880 ) (24 0 2880 ) (24 0 2944 ) 
4 10 41 (0 -64 3008 ) (0 0 3008 ) (0 0 2880 ) (0 -64 2880 ) 
4 10 11 (24 0 2880 ) (192 0 2880 ) (192 -64 2880 ) (24 -64 2880 ) 
4 12 40 (-8 504 3584 ) (-384 504 3584 ) (-384 504 2352 ) (-8 504 2352 ) 
4 12 33 (0 504 2352 ) (0 504 2960 ) (-8 504 2960 ) (-8 504 2352 ) 
4 12 32 (0 504 2960 ) (0 504 3584 ) (-8 504 3584 ) (-8 504 2960 ) 
4 12 20 (-384 504 2352 ) (-384 504 3584 ) (-384 512 3584 ) (-384 512 2352 ) 
4 12 18 (-256 504 2352 ) (-384 504 2352 ) (-384 512 2352 ) (-256 512 2352 ) 
4 12 17 (-240 504 2352 ) (-256 504 2352 ) (-256 512 2352 ) (-240 512 2352 ) 
4 12 15 (-136 504 2352 ) (-240 504 2352 ) (-240 512 2352 ) (-136 512 2352 ) 
4 13 40 (-8 504 1305.212036 ) (-256 504 1004.605957 ) (-256 504 0 ) (-8 504 0 ) 
4 13 39 (0 504 0 ) (0 504 1314.909058 ) (-8 504 1305.212036 ) (-8 504 0 ) 
4 13 19 (-256 512 0 ) (-256 504 0 ) (-256 504 1004.606018 ) (-256 512 1004.605957 ) 
4 13 14 (-240 504 1023.997253 ) (0 504 1314.906372 ) (0 512 1314.906250 ) (-240 512 1023.997253 ) 
5 14 40 (-8 504 2336 ) (-128 504 2336 ) (-240 504 2176 ) (-240 504 1024 ) (-8 504 1305.212036 ) 
4 14 39 (0 504 1314.909058 ) (0 504 2336 ) (-8 504 2336 ) (-8 504 1305.212036 ) 
4 15 40 (-136 504 2352 ) (-240 504 2352 ) (-240 504 2336 ) (-146.909180 504 2336 ) 
4 15 17 (-240 504 2336 ) (-240 504 2352 ) (-240 512 2352 ) (-240 512 2336 ) 
4 15 16 (-240 504 2336 ) (-240 512 2336 ) (-146.909225 512 2336 ) (-146.909225 504 2336 ) 
3 16 40 (-240 504 2336 ) (-240 504 2199.466797 ) (-146.909164 504 2336 ) 
4 16 17 (-240 504 2199.466797 ) (-240 504 2336 ) (-240 512 2336 ) (-240 512 2199.466797 ) 
4 17 40 (-240 504 2352 ) (-256 504 2352 ) (-256 504 2176 ) (-240 504 2199.466797 ) 
4 17 18 (-256 504 2176 ) (-256 504 2352 ) (-256 512 2352 ) (-256 512 2176 ) 
4 18 40 (-256 504 2352 ) (-384 504 2352 ) (-384 504 868.848633 ) (-256 504 1024 ) 
4 18 20 (-384 504 868.848511 ) (-384 504 2352 ) (-384 512 2352 ) (-384 512 868.848633 ) 
4 19 40 (-384 504 849.454468 ) (-384 504 0 ) (-256 504 0 ) (-256 504 1004.606018 ) 
4 19 21 (-384 504 224 ) (-384 504 849.454529 ) (-384 512 849.454468 ) (-384 512 224 ) 
4 20 40 (-384 504 868.848511 ) (-384 504 3584 ) (-504 504 3584 ) (-504 504 723.393799 ) 
4 20 22 (-504 504 3584 ) (-504 512 3584 ) (-504 512 723.393799 ) (-504 504 723.393982 ) 
4 21 40 (-384 504 224 ) (-384 504 849.454590 ) (-504 504 704 ) (-504 504 224 ) 
4 22 40 (-504 504 3584 ) (-640 504 3584 ) (-640 504 558.545410 ) (-504 504 723.393982 ) 
4 22 31 (-640 504 558.545532 ) (-640 504 3584 ) (-640 512 3584 ) (-640 512 558.545410 ) 
4 22 23 (-640 504 558.550049 ) (-640 512 558.550049 ) (-520 512 704.004517 ) (-520 504 704.004517 ) 
4 23 40 (-640 504 558.545410 ) (-640 504 224 ) (-520 504 224 ) (-520 504 704 ) 
4 23 31 (-640 504 224 ) (-640 504 558.545532 ) (-640 512 558.545410 ) (-640 512 224 ) 
4 24 29 (-640 584 192 ) (-640 1024 192 ) (-608 1024 192 ) (-608 584 192 ) 
4 24 26 (-416 1024 192 ) (-384 1024 192 ) (-384 584 192 ) (-416 584 192 ) 
4 24 28 (-608 1024 192 ) (-416 1024 192 ) (-416 584 192 ) (-608 584 192 ) 
4 25 30 (-640 528 192 ) (-640 560 192 ) (-608 560 192 ) (-608 528 192 ) 
4 25 27 (-416 560 192 ) (-384 560 192 ) (-384 528 192 ) (-416 528 192 ) 
4 25 28 (-608 560 192 ) (-416 560 192 ) (-416 528 192 ) (-608 528 192 ) 
4 26 28 (-416 1024 0 ) (-416 584 0 ) (-416 584 192 ) (-416 1024 192 ) 
4 27 28 (-416 560 0 ) (-416 528 0 ) (-416 528 192 ) (-416 560 192 ) 
4 28 40 (-416 504 192 ) (-608 504 192 ) (-608 504 0 ) (-416 504 0 ) 
4 28 30 (-608 560 0 ) (-608 528 0 ) (-608 528 192 ) (-608 560 192 ) 
4 28 29 (-608 1024 0 ) (-608 584 0 ) (-608 584 192 ) (-608 1024 192 ) 
4 31 40 (-640 504 0 ) (-640 504 3584 ) (-1024 504 3584 ) (-1024 504 0 ) 
4 32 41 (0 0 2960 ) (0 0 3584 ) (-8 0 3584 ) (-8 0 2960 ) 
4 32 40 (-8 504 3584 ) (-8 504 2960 ) (-8 0 2960 ) (-8 0 3584 ) 
4 32 36 (-8 96 2960 ) (-8 112 2960 ) (0 112 2960 ) (0 96 2960 ) 
4 32 38 (-8 0 2960 ) (-8 56 2960 ) (0 56 2960 ) (0 0 2960 ) 
4 32 33 (-8 112 2960 ) (-8 504 2960 ) (0 504 2960 ) (0 112 2960 ) 
5 33 40 (-8 504 2960 ) (-8 504 2352 ) (-8 339.200073 2352 ) (-8 112 2920 ) (-8 112 2960 ) 
4 33 36 (0 112 2920 ) (0 112 2960 ) (-8 112 2960 ) (-8 112 2920 ) 
4 33 34 (-8 339.200195 2352 ) (0 339.200195 2352 ) (0 128 2880 ) (-8 128 2880 ) 
4 34 40 (-8 339.200073 2352 ) (-8 320 2352 ) (-8 128 2496 ) (-8 128 2880 ) 
3 35 40 (-8 320 2336 ) (-8 112 2336 ) (-8 112 2488 ) 
4 35 39 (-8 112 2336 ) (-8 320 2336 ) (0 320 2336 ) (0 112 2336 ) 
4 35 37 (-8 112 2336 ) (0 112 2336 ) (0 112 2488 ) (-8 112 2488 ) 
3 36 40 (-8 96 2960 ) (-8 112 2960 ) (-8 112 2920 ) 
5 37 40 (-8 112 2336 ) (-8 56 2336 ) (-8 56 2944 ) (-8 88 2944 ) (-8 112 2880 ) 
4 37 39 (-8 56 2336 ) (-8 112 2336 ) (0 112 2336 ) (0 56 2336 ) 
4 37 38 (-8 56 2336 ) (0 56 2336 ) (0 56 2944 ) (-8 56 2944 ) 
4 38 41 (0 0 2336 ) (0 0 2960 ) (-8 0 2960 ) (-8 0 2336 ) 
4 38 40 (-8 56 2336 ) (-8 0 2336 ) (-8 0 2960 ) (-8 56 2960 ) 
4 38 39 (0 0 2336 ) (-8 0 2336 ) (-8 56 2336 ) (0 56 2336 ) 
4 39 41 (0 0 0 ) (0 0 2336 ) (-8 0 2336 ) (-8 0 0 ) 
4 39 40 (-8 504 2336 ) (-8 504 0 ) (-8 0 0 ) (-8 0 2336 ) 
4 40 41 (-8 0 0 ) (-8 0 3584 ) (-1024 0 3584 ) (-1024 0 0 ) 
