PRT1
164
322
4 2 13 (1024 2048 0 ) (1024 2048 192 ) (1024 2240 192 ) (1024 2240 0 ) 
4 2 11 (1024 2048 192 ) (1024 2048 576 ) (1024 2240 576 ) (1024 2240 192 ) 
4 2 10 (1024 2240 576 ) (1024 2560 576 ) (1024 2560 0 ) (1024 2240 0 ) 
4 2 9 (1024 2048 576 ) (1024 2048 768 ) (1024 2560 768 ) (1024 2560 576 ) 
4 2 3 (1024 2048 768 ) (1024 2048 0 ) (1280 2048 0 ) (1280 2048 768 ) 
4 3 15 (1024 1152 0 ) (1024 1152 768 ) (1024 2048 768 ) (1024 2048 0 ) 
4 4 39 (1600 1024 480 ) (1040 1024 480 ) (1040 1024 224 ) (1600 1024 224 ) 
4 4 6 (1600 1024 224 ) (1040 1024 224 ) (1040 1120 224 ) (1600 1120 224 ) 
4 5 53 (1664 1024 80 ) (1600 1024 80 ) (1600 1024 64 ) (1664 1024 64 ) 
4 5 49 (1920 1024 64 ) (1920 1024 80 ) (1664 1024 80 ) (1664 1024 64 ) 
4 5 40 (1920 1024 80 ) (1920 1024 208 ) (1664 1024 208 ) (1664 1024 80 ) 
4 5 48 (1664 1024 208 ) (1600 1024 208 ) (1600 1024 80 ) (1664 1024 80 ) 
4 5 6 (1600 1120 208 ) (1600 1120 64 ) (1600 1024 64 ) (1600 1024 208 ) 
4 6 53 (1040 1024 80 ) (1040 1024 64 ) (1600 1024 64 ) (1600 1024 80 ) 
4 6 48 (1040 1024 208 ) (1040 1024 80 ) (1600 1024 80 ) (1600 1024 208 ) 
4 6 39 (1600 1024 224 ) (1040 1024 224 ) (1040 1024 208 ) (1600 1024 208 ) 
4 6 7 (1040 1024 64 ) (1040 1120 64 ) (1536 1120 64 ) (1536 1024 64 ) 
4 7 54 (1536 1024 64 ) (1040 1024 64 ) (1040 1024 48 ) (1472 1024 48 ) 
4 8 14 (512 2560 -64 ) (1024 2560 -64 ) (1024 2560 0 ) (512 2560 0 ) 
4 8 10 (1024 2560 0 ) (1024 2560 192 ) (512 2560 192 ) (512 2560 0 ) 
4 9 19 (512 2048 768 ) (256 2048 768 ) (256 2048 576 ) (512 2048 576 ) 
4 9 15 (1024 2048 576 ) (1024 2048 768 ) (512 2048 768 ) (512 2048 576 ) 
4 9 11 (1024 2240 576 ) (1024 2048 576 ) (256 2048 576 ) (256 2240 576 ) 
4 9 10 (256 2560 576 ) (1024 2560 576 ) (1024 2240 576 ) (256 2240 576 ) 
4 10 14 (512 2560 0 ) (1024 2560 0 ) (1024 2240 0 ) (512 2240 0 ) 
4 10 13 (256 2240 0 ) (1024 2240 0 ) (1024 2240 192 ) (256 2240 192 ) 
4 10 11 (1024 2240 192 ) (1024 2240 576 ) (256 2240 576 ) (256 2240 192 ) 
4 11 20 (512 2048 576 ) (32 2048 576 ) (32 2048 192 ) (512 2048 192 ) 
4 11 15 (1024 2048 192 ) (1024 2048 576 ) (512 2048 576 ) (512 2048 192 ) 
4 11 13 (1024 2048 192 ) (32 2048 192 ) (32 2240 192 ) (1024 2240 192 ) 
4 11 12 (32 2112 192 ) (32 2048 192 ) (32 2048 576 ) (32 2112 576 ) 
4 12 27 (0 2048 192 ) (0 2048 576 ) (0 2112 576 ) (0 2112 192 ) 
4 12 21 (32 2048 576 ) (0 2048 576 ) (0 2048 192 ) (32 2048 192 ) 
4 13 22 (512 2048 192 ) (32 2048 192 ) (32 2048 0 ) (512 2048 0 ) 
4 13 15 (1024 2048 0 ) (1024 2048 192 ) (512 2048 192 ) (512 2048 0 ) 
4 13 14 (1024 2048 0 ) (512 2048 0 ) (512 2240 0 ) (1024 2240 0 ) 
4 14 15 (1024 2048 -64 ) (1024 2048 0 ) (512 2048 0 ) (512 2048 -64 ) 
4 15 23 (512 1472 0 ) (512 1152 0 ) (512 1152 576 ) (512 1472 576 ) 
4 15 22 (512 2048 192 ) (512 2048 0 ) (512 1472 0 ) (512 1472 192 ) 
4 15 20 (512 2048 576 ) (512 2048 192 ) (512 1472 192 ) (512 1472 576 ) 
4 15 19 (512 2048 768 ) (512 2048 576 ) (512 1152 576 ) (512 1152 768 ) 
4 15 18 (512 1152 192 ) (512 1152 -64 ) (1024 1152 -64 ) (1024 1152 192 ) 
4 15 16 (512 1152 768 ) (512 1152 384 ) (1024 1152 384 ) (1024 1152 768 ) 
4 16 80 (1024 1024 384 ) (1024 1024 768 ) (512 1024 768 ) (512 1024 384 ) 
4 17 82 (864 1024 368 ) (672 1024 368 ) (672 1024 208 ) (864 1024 208 ) 
4 17 81 (1024 1024 208 ) (1024 1024 368 ) (864 1024 368 ) (864 1024 208 ) 
4 17 84 (672 1024 368 ) (512 1024 368 ) (512 1024 208 ) (672 1024 208 ) 
4 17 24 (512 1024 224 ) (512 1024 352 ) (512 1120 352 ) (512 1120 224 ) 
4 18 85 (1024 1024 -64 ) (1024 1024 192 ) (512 1024 192 ) (512 1024 -64 ) 
4 19 23 (512 1152 576 ) (256 1152 576 ) (256 1472 576 ) (512 1472 576 ) 
4 19 20 (256 1472 576 ) (256 2048 576 ) (512 2048 576 ) (512 1472 576 ) 
4 20 23 (512 1472 192 ) (512 1472 576 ) (256 1472 576 ) (256 1472 192 ) 
4 20 22 (512 1472 192 ) (32 1472 192 ) (32 2048 192 ) (512 2048 192 ) 
4 20 21 (32 2048 192 ) (32 1600 192 ) (32 1600 576 ) (32 2048 576 ) 
4 21 28 (0 1600 576 ) (0 2048 576 ) (0 2048 192 ) (0 1600 192 ) 
4 22 23 (256 1472 0 ) (512 1472 0 ) (512 1472 192 ) (256 1472 192 ) 
4 23 25 (448 1152 128 ) (320 1152 128 ) (320 1152 0 ) (448 1152 0 ) 
4 24 87 (512 1024 224 ) (512 1024 352 ) (320 1024 352 ) (320 1024 224 ) 
4 24 26 (320 1024 224 ) (320 1120 224 ) (480 1120 224 ) (480 1024 224 ) 
4 25 26 (320 1120 128 ) (320 1120 0 ) (448 1120 0 ) (448 1120 128 ) 
4 26 88 (480 1024 224 ) (320 1024 224 ) (320 1024 0 ) (480 1024 0 ) 
4 27 28 (0 2048 192 ) (0 2048 576 ) (-768 2048 576 ) (-768 2048 192 ) 
4 28 31 (-512 1472 192 ) (-384 1472 192 ) (-384 1472 304 ) (-512 1472 304 ) 
4 29 36 (-576 1024 320 ) (-640 1024 320 ) (-640 1280 320 ) (-576 1280 320 ) 
4 29 35 (-320 1024 320 ) (-576 1024 320 ) (-576 1280 320 ) (-320 1280 320 ) 
4 29 34 (-128 1280 320 ) (-128 1024 320 ) (-320 1024 320 ) (-320 1280 320 ) 
4 30 32 (-384 1344 192 ) (-384 1344 320 ) (-384 1456 320 ) (-384 1456 192 ) 
4 31 32 (-512 1456 304 ) (-512 1456 192 ) (-384 1456 192 ) (-384 1456 304 ) 
4 32 33 (-512 1344 192 ) (-512 1344 320 ) (-512 1456 320 ) (-512 1456 192 ) 
4 33 37 (-768 1344 192 ) (-640 1344 192 ) (-640 1344 320 ) (-768 1344 320 ) 
4 34 38 (-128 1024 192 ) (-256 1024 192 ) (-256 1152 192 ) (-128 1152 192 ) 
4 34 35 (-320 1280 192 ) (-320 1024 192 ) (-320 1024 320 ) (-320 1280 320 ) 
4 35 36 (-576 1280 192 ) (-576 1024 192 ) (-576 1024 320 ) (-576 1280 320 ) 
4 36 37 (-640 1280 192 ) (-640 1120 192 ) (-640 1120 320 ) (-640 1280 320 ) 
4 38 132 (-256 1024 -48 ) (-256 1024 -192 ) (-128 1024 -192 ) (-128 1024 -48 ) 
4 39 72 (1040 0 224 ) (1040 0 208 ) (1600 0 208 ) (1600 0 224 ) 
4 39 60 (1600 0 480 ) (1040 0 480 ) (1040 0 224 ) (1600 0 224 ) 
4 39 59 (1040 240 352 ) (1040 240 224 ) (1040 128 224 ) (1040 128 352 ) 
4 39 58 (1040 896 352 ) (1040 896 224 ) (1040 768 224 ) (1040 768 352 ) 
4 39 48 (1040 0 208 ) (1040 1024 208 ) (1600 1024 208 ) (1600 0 208 ) 
4 40 49 (1664 1024 80 ) (1920 1024 80 ) (1920 640 80 ) (1664 640 80 ) 
4 40 42 (1664 640 208 ) (1664 640 80 ) (1728 640 80 ) (1728 640 208 ) 
4 40 41 (1832 640 80 ) (1904 640 80 ) (1904 640 208 ) (1832 640 208 ) 
4 40 48 (1664 1024 80 ) (1664 640 80 ) (1664 640 208 ) (1664 1024 208 ) 
4 41 45 (1832 624 80 ) (1904 624 80 ) (1904 624 208 ) (1832 624 208 ) 
4 42 50 (1712 624 80 ) (1664 624 80 ) (1664 640 80 ) (1728 640 80 ) 
4 42 44 (1664 624 208 ) (1664 624 80 ) (1712 624 80 ) (1712 624 208 ) 
4 42 48 (1664 640 80 ) (1664 624 80 ) (1664 624 208 ) (1664 640 208 ) 
3 43 51 (1712 336 80 ) (1664 336 80 ) (1664 384 80 ) 
4 43 46 (1664 336 208 ) (1664 336 80 ) (1712 336 80 ) (1712 336 208 ) 
4 43 48 (1664 384 80 ) (1664 336 80 ) (1664 336 208 ) (1664 384 208 ) 
3 44 50 (1664 576 80 ) (1664 624 80 ) (1712 624 80 ) 
4 44 48 (1664 624 80 ) (1664 576 80 ) (1664 576 208 ) (1664 624 208 ) 
4 46 51 (1728 320 80 ) (1664 320 80 ) (1664 336 80 ) (1712 336 80 ) 
4 46 47 (1664 320 208 ) (1664 320 80 ) (1728 320 80 ) (1728 320 208 ) 
4 46 48 (1664 336 80 ) (1664 320 80 ) (1664 320 208 ) (1664 336 208 ) 
4 47 73 (1728 0 208 ) (1664 0 208 ) (1664 0 80 ) (1728 0 80 ) 
4 47 52 (1920 320 80 ) (1920 0 80 ) (1664 0 80 ) (1664 320 80 ) 
4 47 48 (1664 320 80 ) (1664 0 80 ) (1664 0 208 ) (1664 320 208 ) 
4 48 74 (1664 0 208 ) (1040 0 208 ) (1040 0 80 ) (1664 0 80 ) 
4 48 55 (1472 936 80 ) (1664 936 80 ) (1664 728 80 ) (1472 728 80 ) 
4 48 56 (1664 728 80 ) (1664 0 80 ) (1472 0 80 ) (1472 728 80 ) 
4 48 57 (1040 0 80 ) (1040 936 80 ) (1472 936 80 ) (1472 0 80 ) 
4 48 53 (1040 936 80 ) (1040 1024 80 ) (1664 1024 80 ) (1664 936 80 ) 
4 49 55 (1664 728 80 ) (1664 936 80 ) (1664 936 64 ) (1664 728 64 ) 
4 49 56 (1664 640 64 ) (1664 640 80 ) (1664 728 80 ) (1664 728 64 ) 
4 49 53 (1664 936 80 ) (1664 1024 80 ) (1664 1024 64 ) (1664 936 64 ) 
4 49 50 (1664 640 80 ) (1664 640 64 ) (1728 640 64 ) (1728 640 80 ) 
4 50 56 (1664 576 64 ) (1664 576 80 ) (1664 640 80 ) (1664 640 64 ) 
4 51 56 (1664 384 48 ) (1664 320 48 ) (1664 320 80 ) (1664 384 80 ) 
4 51 52 (1664 320 80 ) (1664 320 48 ) (1728 320 48 ) (1728 320 80 ) 
4 52 73 (1728 0 80 ) (1664 0 80 ) (1664 0 48 ) (1728 0 48 ) 
4 52 56 (1664 320 48 ) (1664 0 48 ) (1664 0 80 ) (1664 320 80 ) 
4 53 55 (1664 936 64 ) (1664 936 80 ) (1472 936 80 ) (1472 936 64 ) 
4 53 57 (1472 936 80 ) (1040 936 80 ) (1040 936 64 ) (1472 936 64 ) 
4 53 54 (1536 936 64 ) (1040 936 64 ) (1040 1024 64 ) (1536 1024 64 ) 
4 54 57 (1040 936 48 ) (1472 936 48 ) (1472 936 64 ) (1040 936 64 ) 
4 55 56 (1472 728 80 ) (1472 728 64 ) (1664 728 64 ) (1664 728 80 ) 
4 55 57 (1472 936 80 ) (1472 936 64 ) (1472 728 64 ) (1472 728 80 ) 
4 56 74 (1664 0 80 ) (1472 0 80 ) (1472 0 48 ) (1664 0 48 ) 
4 56 57 (1472 728 48 ) (1472 0 48 ) (1472 0 80 ) (1472 728 80 ) 
4 57 74 (1472 0 80 ) (1040 0 80 ) (1040 0 48 ) (1472 0 48 ) 
4 58 81 (1024 896 224 ) (1024 768 224 ) (1024 768 352 ) (1024 896 352 ) 
4 59 86 (1024 240 224 ) (1024 128 224 ) (1024 128 352 ) (1024 240 352 ) 
4 60 72 (1040 0 224 ) (1600 0 224 ) (1600 -96 224 ) (1040 -96 224 ) 
4 61 110 (1024 -384 768 ) (1024 -384 352 ) (1024 -736 352 ) (1024 -736 768 ) 
4 61 64 (1024 -736 768 ) (1024 -736 352 ) (1472 -736 352 ) (1472 -736 768 ) 
4 61 63 (1088 -736 352 ) (1024 -736 352 ) (1024 -704 352 ) (1088 -704 352 ) 
4 61 62 (1024 -704 352 ) (1024 -384 352 ) (1472 -384 352 ) (1472 -704 352 ) 
4 62 110 (1024 -384 352 ) (1024 -384 224 ) (1024 -704 224 ) (1024 -704 352 ) 
4 62 75 (1216 -384 224 ) (1472 -384 224 ) (1472 -704 224 ) (1216 -704 224 ) 
4 62 76 (1024 -704 224 ) (1024 -384 224 ) (1216 -384 224 ) (1216 -704 224 ) 
3 62 63 (1024 -704 224 ) (1088 -704 352 ) (1024 -704 352 ) 
4 63 110 (1024 -704 224 ) (1024 -736 224 ) (1024 -736 352 ) (1024 -704 352 ) 
3 63 65 (1024 -736 348 ) (1024 -736 224 ) (1086 -736 348 ) 
4 63 64 (1024 -736 352 ) (1024 -736 348 ) (1086 -736 348 ) (1088 -736 352 ) 
4 64 110 (1024 -736 768 ) (1024 -736 348 ) (1024 -912 348 ) (1024 -912 768 ) 
4 64 68 (1088 -912 352 ) (1024 -912 352 ) (1024 -912 348 ) (1086 -912 348 ) 
4 64 67 (1472 -912 352 ) (1472 -912 768 ) (1024 -912 768 ) (1024 -912 352 ) 
4 64 65 (1090 -912 348 ) (1024 -912 348 ) (1024 -736 348 ) (1090 -736 348 ) 
4 65 110 (1024 -736 348 ) (1024 -736 224 ) (1024 -912 224 ) (1024 -912 348 ) 
4 65 78 (1024 -912 224 ) (1024 -736 224 ) (1028 -736 224 ) (1028 -912 224 ) 
3 65 68 (1024 -912 224 ) (1086 -912 348 ) (1024 -912 348 ) 
4 65 66 (1028 -736 224 ) (1077 -736 322 ) (1077 -912 322 ) (1028 -912 224 ) 
4 67 110 (1024 -912 768 ) (1024 -912 352 ) (1024 -944 352 ) (1024 -944 768 ) 
4 67 69 (1024 -944 768 ) (1024 -944 352 ) (1472 -944 352 ) (1472 -944 768 ) 
4 67 68 (1088 -944 352 ) (1024 -944 352 ) (1024 -912 352 ) (1088 -912 352 ) 
4 68 110 (1024 -912 352 ) (1024 -912 224 ) (1024 -944 224 ) (1024 -944 352 ) 
3 68 70 (1024 -944 348 ) (1024 -944 224 ) (1086 -944 348 ) 
4 68 69 (1024 -944 352 ) (1024 -944 348 ) (1086 -944 348 ) (1088 -944 352 ) 
4 69 135 (1024 -1024 768 ) (1024 -1024 348 ) (1472 -1024 348 ) (1472 -1024 768 ) 
4 69 110 (1024 -1024 348 ) (1024 -1024 768 ) (1024 -944 768 ) (1024 -944 348 ) 
4 69 70 (1024 -944 348 ) (1090 -944 348 ) (1090 -1024 348 ) (1024 -1024 348 ) 
4 70 136 (1024 -1024 348 ) (1024 -1024 224 ) (1028 -1024 224 ) (1090 -1024 348 ) 
4 70 110 (1024 -1024 224 ) (1024 -1024 348 ) (1024 -944 348 ) (1024 -944 224 ) 
4 70 78 (1024 -1024 224 ) (1024 -944 224 ) (1028 -944 224 ) (1028 -1024 224 ) 
4 70 71 (1028 -1024 224 ) (1028 -944 224 ) (1077 -944 322 ) (1077 -1024 322 ) 
4 71 137 (1028 -1024 224 ) (1032 -1024 224 ) (1080 -1024 320 ) (1077 -1024 322 ) 
4 72 74 (1600 -96 208 ) (1040 -96 208 ) (1040 0 208 ) (1600 0 208 ) 
4 73 74 (1664 0 48 ) (1664 -64 48 ) (1664 -64 208 ) (1664 0 208 ) 
4 75 77 (1472 -704 32 ) (1472 -704 192 ) (1216 -704 192 ) (1216 -704 32 ) 
4 75 76 (1216 -384 224 ) (1216 -384 32 ) (1216 -704 32 ) (1216 -704 224 ) 
4 76 111 (1024 -384 32 ) (1024 -384 -64 ) (1024 -704 -64 ) (1024 -704 32 ) 
4 76 110 (1024 -704 224 ) (1024 -384 224 ) (1024 -384 32 ) (1024 -704 32 ) 
4 76 79 (1024 -704 -64 ) (1040 -704 -64 ) (1040 -704 0 ) (1024 -704 0 ) 
4 76 77 (1216 -704 32 ) (1216 -704 192 ) (1028 -704 192 ) (1028 -704 32 ) 
4 76 78 (1028 -704 224 ) (1024 -704 224 ) (1024 -704 0 ) (1028 -704 0 ) 
4 77 140 (1028 -1024 192 ) (1028 -1024 32 ) (1472 -1024 32 ) (1472 -1024 192 ) 
4 77 78 (1028 -704 192 ) (1028 -704 32 ) (1028 -1024 32 ) (1028 -1024 192 ) 
4 78 141 (1028 -1024 224 ) (1024 -1024 224 ) (1024 -1024 0 ) (1028 -1024 0 ) 
4 78 111 (1024 -1024 0 ) (1024 -1024 32 ) (1024 -704 32 ) (1024 -704 0 ) 
4 78 110 (1024 -1024 32 ) (1024 -1024 224 ) (1024 -704 224 ) (1024 -704 32 ) 
4 78 79 (1024 -704 0 ) (1028 -704 0 ) (1028 -1024 0 ) (1024 -1024 0 ) 
4 79 142 (1024 -1024 0 ) (1024 -1024 -64 ) (1040 -1024 -64 ) (1040 -1024 0 ) 
4 79 111 (1024 -1024 -64 ) (1024 -1024 0 ) (1024 -704 0 ) (1024 -704 -64 ) 
4 80 86 (512 512 768 ) (512 512 384 ) (1024 512 384 ) (1024 512 768 ) 
4 81 82 (864 1024 208 ) (864 976 208 ) (864 976 368 ) (864 1024 368 ) 
4 81 83 (864 688 208 ) (864 528 208 ) (864 528 368 ) (864 688 368 ) 
4 82 84 (672 1024 208 ) (672 976 208 ) (672 976 368 ) (672 1024 368 ) 
4 83 84 (672 688 208 ) (672 528 208 ) (672 528 368 ) (672 688 368 ) 
4 84 87 (512 1024 352 ) (512 1024 224 ) (512 992 224 ) (512 992 352 ) 
4 85 86 (512 512 192 ) (512 512 -64 ) (1024 512 -64 ) (1024 512 192 ) 
4 86 112 (832 0 32 ) (704 0 32 ) (704 0 -64 ) (832 0 -64 ) 
4 86 111 (1024 0 -64 ) (1024 0 32 ) (832 0 32 ) (832 0 -64 ) 
4 86 113 (704 0 32 ) (512 0 32 ) (512 0 -64 ) (704 0 -64 ) 
4 86 110 (1024 0 32 ) (1024 0 768 ) (512 0 768 ) (512 0 32 ) 
4 86 92 (512 0 -64 ) (512 0 768 ) (512 512 768 ) (512 512 -64 ) 
4 87 88 (320 992 224 ) (320 1024 224 ) (480 1024 224 ) (480 992 224 ) 
4 89 134 (0 704 16 ) (0 704 64 ) (0 896 64 ) (0 896 16 ) 
4 89 91 (256 704 16 ) (0 704 16 ) (0 896 16 ) (256 896 16 ) 
4 90 96 (432 704 -112 ) (432 704 16 ) (272 704 16 ) (272 704 -112 ) 
4 90 91 (272 704 -112 ) (272 704 16 ) (272 896 16 ) (272 896 -112 ) 
4 91 134 (0 704 -192 ) (0 704 16 ) (0 896 16 ) (0 896 -192 ) 
4 92 115 (512 0 384 ) (512 0 768 ) (448 0 768 ) (448 0 384 ) 
4 92 94 (448 0 -64 ) (448 0 0 ) (448 512 0 ) (448 512 -64 ) 
4 92 93 (448 0 384 ) (448 0 768 ) (448 512 768 ) (448 512 384 ) 
4 93 115 (448 0 384 ) (448 0 768 ) (64 0 768 ) (64 0 384 ) 
4 94 96 (432 0 -64 ) (432 0 0 ) (432 512 0 ) (432 512 -64 ) 
4 95 116 (432 0 176 ) (272 0 176 ) (272 0 48 ) (432 0 48 ) 
4 95 103 (272 72 176 ) (272 152 176 ) (272 152 48 ) (272 72 48 ) 
4 95 100 (272 280 176 ) (272 360 176 ) (272 360 48 ) (272 280 48 ) 
4 95 97 (272 488 176 ) (272 568 176 ) (272 568 48 ) (272 488 48 ) 
4 96 117 (272 0 16 ) (272 0 -112 ) (432 0 -112 ) (432 0 16 ) 
4 96 109 (272 704 -112 ) (288 704 -112 ) (288 0 -112 ) (272 0 -112 ) 
4 96 108 (288 704 -112 ) (296 704 -112 ) (296 0 -112 ) (288 0 -112 ) 
4 96 107 (408 704 -112 ) (416 704 -112 ) (416 0 -112 ) (408 0 -112 ) 
4 96 106 (416 704 -112 ) (432 704 -112 ) (432 0 -112 ) (416 0 -112 ) 
4 96 104 (272 152 -112 ) (272 72 -112 ) (272 72 16 ) (272 152 16 ) 
4 96 101 (272 360 -112 ) (272 280 -112 ) (272 280 16 ) (272 360 16 ) 
4 96 98 (272 568 -112 ) (272 488 -112 ) (272 488 16 ) (272 568 16 ) 
4 97 99 (256 488 48 ) (256 488 176 ) (256 568 176 ) (256 568 48 ) 
4 98 99 (256 568 -112 ) (256 488 -112 ) (256 488 16 ) (256 568 16 ) 
4 100 102 (256 280 48 ) (256 280 176 ) (256 360 176 ) (256 360 48 ) 
4 101 102 (256 360 -112 ) (256 280 -112 ) (256 280 16 ) (256 360 16 ) 
4 103 105 (256 72 48 ) (256 72 176 ) (256 152 176 ) (256 152 48 ) 
4 104 105 (256 152 -112 ) (256 72 -112 ) (256 72 16 ) (256 152 16 ) 
4 106 120 (432 0 -112 ) (416 0 -112 ) (416 0 -128 ) (432 0 -128 ) 
4 106 107 (416 0 -120 ) (416 0 -112 ) (416 704 -112 ) (416 704 -120 ) 
4 107 121 (416 0 -112 ) (408 0 -112 ) (408 0 -120 ) (416 0 -120 ) 
4 108 122 (296 0 -112 ) (288 0 -112 ) (288 0 -120 ) (296 0 -120 ) 
4 108 109 (288 0 -120 ) (288 0 -112 ) (288 704 -112 ) (288 704 -120 ) 
4 109 123 (288 0 -112 ) (272 0 -112 ) (272 0 -128 ) (288 0 -128 ) 
4 110 147 (1024 -1024 32 ) (1024 -1024 512 ) (512 -1024 512 ) (512 -1024 32 ) 
4 110 146 (1024 -1024 512 ) (1024 -1024 768 ) (512 -1024 768 ) (512 -1024 512 ) 
4 110 128 (512 -704 32 ) (512 -1024 32 ) (512 -1024 192 ) (512 -704 192 ) 
4 110 127 (512 -1024 512 ) (512 -1024 768 ) (512 -704 768 ) (512 -704 512 ) 
4 110 125 (512 -384 32 ) (512 -704 32 ) (512 -704 768 ) (512 -384 768 ) 
4 110 124 (512 -384 384 ) (512 -384 768 ) (512 -192 768 ) (512 -192 384 ) 
4 110 115 (512 0 768 ) (512 0 384 ) (512 -192 384 ) (512 -192 768 ) 
4 110 112 (704 0 32 ) (832 0 32 ) (832 -640 32 ) (704 -640 32 ) 
4 110 111 (832 0 32 ) (1024 0 32 ) (1024 -1024 32 ) (832 -1024 32 ) 
4 110 113 (512 -1024 32 ) (512 0 32 ) (704 0 32 ) (704 -1024 32 ) 
4 111 149 (1024 -1024 -64 ) (1024 -1024 32 ) (832 -1024 32 ) (832 -1024 -64 ) 
4 111 112 (832 0 -64 ) (832 -640 -64 ) (832 -640 32 ) (832 0 32 ) 
4 112 113 (704 0 -64 ) (704 -640 -64 ) (704 -640 32 ) (704 0 32 ) 
4 113 151 (512 -1024 0 ) (512 -1024 -64 ) (704 -1024 -64 ) (704 -1024 0 ) 
4 113 150 (704 -1024 32 ) (512 -1024 32 ) (512 -1024 0 ) (704 -1024 0 ) 
4 113 130 (512 -704 -64 ) (512 -1024 -64 ) (512 -1024 0 ) (512 -704 0 ) 
4 113 128 (512 -1024 0 ) (512 -1024 32 ) (512 -704 32 ) (512 -704 0 ) 
4 113 125 (512 -384 -64 ) (512 -704 -64 ) (512 -704 32 ) (512 -384 32 ) 
4 114 156 (1024 -1024 -512 ) (1024 -1024 -256 ) (512 -1024 -256 ) (512 -1024 -512 ) 
4 115 124 (64 -192 768 ) (64 -192 384 ) (512 -192 384 ) (512 -192 768 ) 
4 117 123 (272 -64 -112 ) (272 0 -112 ) (288 0 -112 ) (288 -64 -112 ) 
4 117 122 (288 0 -112 ) (296 0 -112 ) (296 -64 -112 ) (288 -64 -112 ) 
4 117 121 (408 0 -112 ) (416 0 -112 ) (416 -64 -112 ) (408 -64 -112 ) 
4 117 120 (416 0 -112 ) (432 0 -112 ) (432 -64 -112 ) (416 -64 -112 ) 
4 117 118 (272 -64 -112 ) (272 -192 -112 ) (272 -192 16 ) (272 -64 16 ) 
4 118 119 (208 -64 -112 ) (208 -192 -112 ) (208 -192 16 ) (208 -64 16 ) 
4 120 121 (416 -64 -120 ) (416 -64 -112 ) (416 0 -112 ) (416 0 -120 ) 
4 122 123 (288 -64 -120 ) (288 -64 -112 ) (288 0 -112 ) (288 0 -120 ) 
4 124 126 (64 -384 768 ) (64 -384 384 ) (320 -384 384 ) (320 -384 768 ) 
4 124 125 (320 -384 384 ) (512 -384 384 ) (512 -384 768 ) (320 -384 768 ) 
4 125 130 (496 -704 -64 ) (512 -704 -64 ) (512 -704 0 ) (496 -704 0 ) 
4 125 129 (508 -704 192 ) (320 -704 192 ) (320 -704 32 ) (508 -704 32 ) 
4 125 128 (512 -704 0 ) (512 -704 192 ) (508 -704 192 ) (508 -704 0 ) 
4 125 127 (512 -704 512 ) (512 -704 768 ) (320 -704 768 ) (320 -704 512 ) 
4 125 126 (320 -704 32 ) (320 -704 768 ) (320 -384 768 ) (320 -384 32 ) 
4 126 129 (64 -704 192 ) (64 -704 32 ) (320 -704 32 ) (320 -704 192 ) 
4 126 127 (64 -704 768 ) (64 -704 512 ) (320 -704 512 ) (320 -704 768 ) 
4 127 146 (512 -1024 512 ) (512 -1024 768 ) (64 -1024 768 ) (64 -1024 512 ) 
4 128 150 (512 -1024 0 ) (512 -1024 32 ) (508 -1024 32 ) (508 -1024 0 ) 
4 128 148 (512 -1024 32 ) (512 -1024 192 ) (508 -1024 192 ) (508 -1024 32 ) 
4 128 130 (508 -704 0 ) (512 -704 0 ) (512 -1024 0 ) (508 -1024 0 ) 
4 128 129 (508 -1024 32 ) (508 -1024 192 ) (508 -704 192 ) (508 -704 32 ) 
4 129 148 (508 -1024 192 ) (64 -1024 192 ) (64 -1024 32 ) (508 -1024 32 ) 
4 130 151 (512 -1024 -64 ) (512 -1024 0 ) (496 -1024 0 ) (496 -1024 -64 ) 
4 131 134 (-64 896 -48 ) (-128 896 -48 ) (-128 896 -192 ) (-64 896 -192 ) 
4 131 132 (-128 960 -192 ) (-128 896 -192 ) (-128 896 -48 ) (-128 960 -48 ) 
4 132 134 (-128 896 -48 ) (-256 896 -48 ) (-256 896 -192 ) (-128 896 -192 ) 
4 132 133 (-256 960 -192 ) (-256 896 -192 ) (-256 896 -48 ) (-256 960 -48 ) 
4 133 134 (-256 896 -48 ) (-320 896 -48 ) (-320 896 -192 ) (-256 896 -192 ) 
4 135 147 (1024 -1024 512 ) (1024 -1024 348 ) (1024 -1120 348 ) (1024 -1120 512 ) 
4 135 146 (1024 -1024 768 ) (1024 -1024 512 ) (1024 -1120 512 ) (1024 -1120 768 ) 
4 135 139 (1088 -1120 352 ) (1024 -1120 352 ) (1024 -1120 348 ) (1086 -1120 348 ) 
4 135 138 (1472 -1120 352 ) (1472 -1120 768 ) (1024 -1120 768 ) (1024 -1120 352 ) 
4 135 136 (1090 -1120 348 ) (1024 -1120 348 ) (1024 -1024 348 ) (1090 -1024 348 ) 
4 136 147 (1024 -1024 348 ) (1024 -1024 224 ) (1024 -1120 224 ) (1024 -1120 348 ) 
4 136 141 (1024 -1120 224 ) (1024 -1024 224 ) (1028 -1024 224 ) (1028 -1120 224 ) 
3 136 139 (1024 -1120 224 ) (1086 -1120 348 ) (1024 -1120 348 ) 
4 136 137 (1077 -1120 322 ) (1028 -1120 224 ) (1028 -1024 224 ) (1077 -1024 322 ) 
4 138 147 (1024 -1152 352 ) (1024 -1152 512 ) (1024 -1120 512 ) (1024 -1120 352 ) 
4 138 146 (1024 -1152 512 ) (1024 -1152 768 ) (1024 -1120 768 ) (1024 -1120 512 ) 
4 138 143 (1472 -1152 352 ) (1472 -1152 768 ) (1024 -1152 768 ) (1024 -1152 352 ) 
4 138 139 (1088 -1152 352 ) (1024 -1152 352 ) (1024 -1120 352 ) (1088 -1120 352 ) 
4 139 147 (1024 -1120 224 ) (1024 -1152 224 ) (1024 -1152 352 ) (1024 -1120 352 ) 
3 139 143 (1088 -1152 352 ) (1024 -1152 352 ) (1024 -1152 224 ) 
4 140 143 (1472 -1152 32 ) (1472 -1152 192 ) (1028 -1152 192 ) (1028 -1152 32 ) 
4 140 141 (1028 -1152 32 ) (1028 -1152 192 ) (1028 -1024 192 ) (1028 -1024 32 ) 
4 141 149 (1024 -1024 32 ) (1024 -1024 0 ) (1024 -1152 0 ) (1024 -1152 32 ) 
4 141 147 (1024 -1024 224 ) (1024 -1024 32 ) (1024 -1152 32 ) (1024 -1152 224 ) 
4 141 144 (1024 -1152 32 ) (1024 -1152 0 ) (1028 -1152 0 ) (1028 -1152 32 ) 
4 141 143 (1028 -1152 224 ) (1024 -1152 224 ) (1024 -1152 32 ) (1028 -1152 32 ) 
4 141 142 (1028 -1152 0 ) (1024 -1152 0 ) (1024 -1024 0 ) (1028 -1024 0 ) 
4 142 149 (1024 -1024 0 ) (1024 -1024 -64 ) (1024 -1152 -64 ) (1024 -1152 0 ) 
4 142 144 (1024 -1152 -64 ) (1040 -1152 -64 ) (1040 -1152 0 ) (1024 -1152 0 ) 
4 143 152 (1024 -1728 32 ) (1024 -1728 768 ) (1024 -1152 768 ) (1024 -1152 32 ) 
4 143 145 (1024 -1728 768 ) (1024 -1728 256 ) (1472 -1728 256 ) (1472 -1728 768 ) 
4 143 144 (1216 -1728 32 ) (1024 -1728 32 ) (1024 -1152 32 ) (1216 -1152 32 ) 
4 144 153 (1024 -1152 -64 ) (1024 -1728 -64 ) (1024 -1728 32 ) (1024 -1152 32 ) 
4 145 154 (1024 -2048 256 ) (1024 -2048 768 ) (1024 -1728 768 ) (1024 -1728 256 ) 
4 146 152 (64 -1152 768 ) (64 -1152 512 ) (1024 -1152 512 ) (1024 -1152 768 ) 
4 146 147 (1024 -1152 512 ) (512 -1152 512 ) (512 -1024 512 ) (1024 -1024 512 ) 
4 147 152 (512 -1152 32 ) (1024 -1152 32 ) (1024 -1152 512 ) (512 -1152 512 ) 
4 147 150 (704 -1152 32 ) (512 -1152 32 ) (512 -1024 32 ) (704 -1024 32 ) 
4 147 149 (1024 -1152 32 ) (832 -1152 32 ) (832 -1024 32 ) (1024 -1024 32 ) 
4 147 148 (512 -1024 32 ) (512 -1152 32 ) (512 -1152 192 ) (512 -1024 192 ) 
4 148 152 (64 -1152 192 ) (64 -1152 32 ) (512 -1152 32 ) (512 -1152 192 ) 
4 148 150 (512 -1152 32 ) (508 -1152 32 ) (508 -1024 32 ) (512 -1024 32 ) 
4 149 153 (832 -1152 -64 ) (1024 -1152 -64 ) (1024 -1152 32 ) (832 -1152 32 ) 
4 150 153 (508 -1152 0 ) (704 -1152 0 ) (704 -1152 32 ) (508 -1152 32 ) 
4 150 151 (704 -1024 0 ) (704 -1152 0 ) (508 -1152 0 ) (508 -1024 0 ) 
4 151 153 (496 -1152 -64 ) (704 -1152 -64 ) (704 -1152 0 ) (496 -1152 0 ) 
4 152 155 (512 -1728 32 ) (1024 -1728 32 ) (1024 -1728 256 ) (512 -1728 256 ) 
4 152 154 (64 -1728 768 ) (64 -1728 256 ) (1024 -1728 256 ) (1024 -1728 768 ) 
4 152 153 (1024 -1728 32 ) (320 -1728 32 ) (320 -1152 32 ) (1024 -1152 32 ) 
4 153 155 (512 -1728 -64 ) (1024 -1728 -64 ) (1024 -1728 32 ) (512 -1728 32 ) 
4 154 155 (1024 -2048 256 ) (512 -2048 256 ) (512 -1728 256 ) (1024 -1728 256 ) 
4 155 157 (1024 -2048 -64 ) (1024 -2048 192 ) (512 -2048 192 ) (512 -2048 -64 ) 
4 156 158 (1024 -2048 -512 ) (1024 -2048 -256 ) (512 -2048 -256 ) (512 -2048 -512 ) 
4 158 159 (1024 -3072 -512 ) (1024 -3072 -256 ) (512 -3072 -256 ) (512 -3072 -512 ) 
4 159 160 (1024 -4096 -512 ) (1024 -4096 -256 ) (512 -4096 -256 ) (512 -4096 -512 ) 
4 160 161 (1024 -5120 -512 ) (1024 -5120 -256 ) (512 -5120 -256 ) (512 -5120 -512 ) 
