PRT1
160
468
4 0 2 (1376 2048 736 ) (1024 2048 736 ) (1024 2048 -224 ) (1376 2048 -224 ) 
4 0 1 (1024 2048 -224 ) (1024 2048 736 ) (1024 2080 736 ) (1024 2080 -224 ) 
4 1 18 (0 2048 -224 ) (0 2048 736 ) (0 2080 736 ) (0 2080 -224 ) 
4 1 17 (1024 2048 -224 ) (1024 2048 -64 ) (0 2048 -64 ) (0 2048 -224 ) 
4 1 15 (1024 2048 -64 ) (1024 2048 0 ) (0 2048 0 ) (0 2048 -64 ) 
4 1 13 (0 2048 512 ) (0 2048 0 ) (384 2048 0 ) (384 2048 512 ) 
4 1 11 (384 2048 736 ) (0 2048 736 ) (0 2048 512 ) (384 2048 512 ) 
4 1 9 (384 2048 512 ) (384 2048 0 ) (448 2048 0 ) (448 2048 512 ) 
4 1 8 (448 2048 736 ) (384 2048 736 ) (384 2048 512 ) (448 2048 512 ) 
4 1 6 (1024 2048 0 ) (1024 2048 256 ) (960 2048 256 ) (960 2048 0 ) 
4 1 7 (960 2048 256 ) (448 2048 256 ) (448 2048 0 ) (960 2048 0 ) 
4 1 5 (960 2048 320 ) (448 2048 320 ) (448 2048 256 ) (960 2048 256 ) 
4 1 4 (1024 2048 256 ) (1024 2048 320 ) (960 2048 320 ) (960 2048 256 ) 
4 1 3 (1024 2048 320 ) (1024 2048 736 ) (448 2048 736 ) (448 2048 320 ) 
4 2 44 (1376 1024 736 ) (1024 1024 736 ) (1024 1024 -224 ) (1376 1024 -224 ) 
4 2 17 (1024 2048 -64 ) (1024 2048 -224 ) (1024 1024 -224 ) (1024 1024 -64 ) 
4 2 16 (1024 1792 -64 ) (1024 1024 -64 ) (1024 1024 0 ) (1024 1792 0 ) 
4 2 15 (1024 2048 0 ) (1024 2048 -64 ) (1024 1792 -64 ) (1024 1792 0 ) 
4 2 6 (1024 2048 256 ) (1024 2048 0 ) (1024 1792 0 ) (1024 1792 256 ) 
4 2 4 (1024 2048 320 ) (1024 2048 256 ) (1024 1024 256 ) (1024 1024 320 ) 
4 2 3 (1024 2048 736 ) (1024 2048 320 ) (1024 1024 320 ) (1024 1024 736 ) 
4 3 49 (960 1024 512 ) (448 1024 512 ) (448 1024 320 ) (960 1024 320 ) 
4 3 48 (1024 1024 320 ) (1024 1024 512 ) (960 1024 512 ) (960 1024 320 ) 
4 3 46 (1024 1024 512 ) (1024 1024 576 ) (448 1024 576 ) (448 1024 512 ) 
4 3 45 (1024 1024 576 ) (1024 1024 736 ) (448 1024 736 ) (448 1024 576 ) 
4 3 9 (448 1792 512 ) (448 2048 512 ) (448 2048 320 ) (448 1792 320 ) 
4 3 8 (448 1024 512 ) (448 1024 736 ) (448 2048 736 ) (448 2048 512 ) 
4 3 5 (448 1792 320 ) (448 2048 320 ) (960 2048 320 ) (960 1792 320 ) 
4 3 4 (960 2048 320 ) (1024 2048 320 ) (1024 1024 320 ) (960 1024 320 ) 
4 4 48 (1024 1024 256 ) (1024 1024 320 ) (960 1024 320 ) (960 1024 256 ) 
4 4 6 (960 1792 256 ) (960 2048 256 ) (1024 2048 256 ) (1024 1792 256 ) 
4 4 5 (960 2048 256 ) (960 1792 256 ) (960 1792 320 ) (960 2048 320 ) 
4 5 9 (448 1792 320 ) (448 2048 320 ) (448 2048 256 ) (448 1792 256 ) 
4 5 7 (448 1792 256 ) (448 2048 256 ) (960 2048 256 ) (960 1792 256 ) 
4 6 15 (1024 2048 0 ) (1024 1792 0 ) (960 1792 0 ) (960 2048 0 ) 
4 6 7 (960 2048 0 ) (960 1792 0 ) (960 1792 256 ) (960 2048 256 ) 
4 7 50 (960 1024 256 ) (448 1024 256 ) (448 1024 0 ) (960 1024 0 ) 
4 7 15 (448 1792 0 ) (448 2048 0 ) (960 2048 0 ) (960 1792 0 ) 
4 7 10 (448 1472 0 ) (448 1152 0 ) (448 1152 192 ) (448 1472 192 ) 
4 7 9 (448 2048 0 ) (448 1792 0 ) (448 1792 256 ) (448 2048 256 ) 
4 8 46 (384 1024 576 ) (384 1024 512 ) (448 1024 512 ) (448 1024 576 ) 
4 8 45 (384 1024 736 ) (384 1024 576 ) (448 1024 576 ) (448 1024 736 ) 
4 8 12 (384 1024 576 ) (384 1024 736 ) (384 1792 736 ) (384 1792 576 ) 
4 8 11 (384 2048 736 ) (384 2048 512 ) (384 1792 512 ) (384 1792 736 ) 
4 8 9 (384 1792 512 ) (384 2048 512 ) (448 2048 512 ) (448 1792 512 ) 
4 9 15 (384 1792 0 ) (384 2048 0 ) (448 2048 0 ) (448 1792 0 ) 
4 9 13 (384 2048 512 ) (384 2048 0 ) (384 1856 0 ) (384 1856 512 ) 
4 10 14 (384 1472 0 ) (384 1152 0 ) (384 1152 192 ) (384 1472 192 ) 
4 11 19 (0 1792 736 ) (0 2048 736 ) (0 2048 512 ) (0 1792 512 ) 
4 11 13 (384 2048 512 ) (384 1856 512 ) (0 1856 512 ) (0 2048 512 ) 
4 11 12 (384 1792 576 ) (384 1792 736 ) (0 1792 736 ) (0 1792 576 ) 
4 12 45 (0 1024 736 ) (0 1024 576 ) (384 1024 576 ) (384 1024 736 ) 
4 12 20 (0 1024 576 ) (0 1024 736 ) (0 1792 736 ) (0 1792 576 ) 
4 13 21 (0 1856 512 ) (0 2048 512 ) (0 2048 0 ) (0 1856 0 ) 
4 13 15 (0 1856 0 ) (0 2048 0 ) (384 2048 0 ) (384 1856 0 ) 
4 14 52 (0 1024 192 ) (0 1024 0 ) (384 1024 0 ) (384 1024 192 ) 
4 14 51 (0 1024 512 ) (0 1024 192 ) (384 1024 192 ) (384 1024 512 ) 
4 14 36 (0 1712.369263 128 ) (0 1792 128 ) (0 1792 0 ) (0 1712.369263 0 ) 
4 14 34 (0 1250.839355 128 ) (0 1712.369263 128 ) (0 1712.369263 0 ) (0 1250.839355 0 ) 
4 14 30 (0 1024 0 ) (0 1024 128 ) (0 1250.839355 128 ) (0 1250.839355 0 ) 
4 14 28 (0 1024 128 ) (0 1024 256 ) (0 1536 256 ) (0 1536 128 ) 
4 14 23 (0 1536 256 ) (0 1792 256 ) (0 1792 128 ) (0 1536 128 ) 
4 14 22 (0 1024 256 ) (0 1024 512 ) (0 1792 512 ) (0 1792 256 ) 
4 15 39 (0 1792 0 ) (0 2048 0 ) (0 2048 -64 ) (0 1792 -64 ) 
4 15 17 (0 1792 -64 ) (0 2048 -64 ) (1024 2048 -64 ) (1024 1792 -64 ) 
4 15 16 (960 1792 -64 ) (1024 1792 -64 ) (1024 1792 0 ) (960 1792 0 ) 
4 16 57 (1024 1024 -64 ) (1024 1024 0 ) (960 1024 0 ) (960 1024 -64 ) 
4 16 17 (1024 1024 -64 ) (960 1024 -64 ) (960 1792 -64 ) (1024 1792 -64 ) 
4 17 60 (1024 1024 -224 ) (1024 1024 -64 ) (0 1024 -64 ) (0 1024 -224 ) 
4 17 40 (0 1024 -224 ) (0 1024 -64 ) (0 1792 -64 ) (0 1792 -224 ) 
4 17 39 (0 1792 -64 ) (0 2048 -64 ) (0 2048 -224 ) (0 1792 -224 ) 
4 18 42 (-1024 2048 -224 ) (-1024 2048 736 ) (-1024 2080 736 ) (-1024 2080 -224 ) 
4 18 39 (0 2048 -224 ) (0 2048 0 ) (-960 2048 0 ) (-960 2048 -224 ) 
4 18 41 (-960 2048 0 ) (-1024 2048 0 ) (-1024 2048 -224 ) (-960 2048 -224 ) 
4 18 38 (-1024 2048 512 ) (-1024 2048 0 ) (-960 2048 0 ) (-960 2048 512 ) 
4 18 37 (-960 2048 736 ) (-1024 2048 736 ) (-1024 2048 512 ) (-960 2048 512 ) 
4 18 21 (0 2048 0 ) (0 2048 512 ) (-960 2048 512 ) (-960 2048 0 ) 
4 18 19 (0 2048 512 ) (0 2048 736 ) (-960 2048 736 ) (-960 2048 512 ) 
4 19 37 (-960 1792 736 ) (-960 2048 736 ) (-960 2048 512 ) (-960 1792 512 ) 
4 19 21 (-960 1856 512 ) (-960 2048 512 ) (0 2048 512 ) (0 1856 512 ) 
4 19 20 (0 1792 576 ) (0 1792 736 ) (-960 1792 736 ) (-960 1792 576 ) 
4 20 84 (-668 1024 736 ) (-960 1024 736 ) (-960 1024 576 ) (-668 1024 576 ) 
4 20 75 (-96 1024 736 ) (-668 1024 736 ) (-668 1024 576 ) (-96 1024 576 ) 
4 20 65 (0 1024 576 ) (0 1024 736 ) (-96 1024 736 ) (-96 1024 576 ) 
4 20 37 (-960 1024 576 ) (-960 1024 736 ) (-960 1792 736 ) (-960 1792 576 ) 
4 21 39 (-960 1856 0 ) (-960 2048 0 ) (0 2048 0 ) (0 1856 0 ) 
4 21 38 (-960 2048 0 ) (-960 1856 0 ) (-960 1856 512 ) (-960 2048 512 ) 
4 22 87 (-704 1024 512 ) (-960 1024 512 ) (-960 1024 256 ) (-704 1024 256 ) 
4 22 86 (-668 1024 512 ) (-704 1024 512 ) (-704 1024 256 ) (-668 1024 256 ) 
4 22 77 (-96 1024 512 ) (-668 1024 512 ) (-668 1024 256 ) (-96 1024 256 ) 
4 22 67 (0 1024 256 ) (0 1024 512 ) (-96 1024 512 ) (-96 1024 256 ) 
4 22 28 (-704 1536 256 ) (0 1536 256 ) (0 1024 256 ) (-704 1024 256 ) 
4 22 26 (-277.742981 1792 256 ) (-142.369751 1792 256 ) (-184.696991 1669.069946 256 ) (-305.723999 1710.739990 256 ) 
4 22 25 (-226.370026 1548.039917 256 ) (-230.515610 1536 256 ) (-365.893890 1536 256 ) (-347.395996 1589.719971 256 ) 
4 22 24 (-448 1792 256 ) (-277.742981 1792 256 ) (-365.893890 1536 256 ) (-448 1536 256 ) 
4 22 23 (-142.369751 1792 256 ) (0 1792 256 ) (0 1536 256 ) (-230.515610 1536 256 ) 
6 23 36 (-112.400070 1792 128 ) (0 1792 128 ) (0 1712.369263 128 ) (-103.468025 1645.180054 128 ) (-161.927322 1735.199341 128 ) (-151 1766.933960 128 ) 
3 23 35 (-142.369751 1792 128 ) (-112.400070 1792 128 ) (-151 1766.933960 128 ) 
4 23 34 (0 1712.369263 128 ) (0 1536 128 ) (-185.185837 1536 128 ) (-210.817978 1575.469971 128 ) 
3 23 33 (-185.185837 1536 128 ) (-230.515610 1536 128 ) (-214.809174 1581.615845 128 ) 
4 23 28 (-230.515610 1536 128 ) (0 1536 128 ) (0 1536 256 ) (-230.515610 1536 256 ) 
4 23 26 (-142.367188 1792 128 ) (-184.694977 1669.069214 128 ) (-184.695251 1669.069336 256 ) (-142.367813 1792 256 ) 
4 23 25 (-226.368256 1548.039307 128 ) (-230.513672 1536 128 ) (-230.513672 1536 256 ) (-226.368286 1548.039307 256 ) 
3 24 35 (-351.434509 1792 128 ) (-277.742981 1792 128 ) (-303.277496 1717.844849 128 ) 
4 24 32 (-410.343964 1539.540039 128 ) (-448 1548.580200 128 ) (-448 1680.213623 128 ) (-380.463013 1664 128 ) 
5 24 31 (-448 1792 128 ) (-351.434509 1792 128 ) (-303.277496 1717.844849 128 ) (-326.296204 1650.995972 128 ) (-448 1680.213623 128 ) 
3 24 30 (-395.597961 1536 128 ) (-448 1536 128 ) (-448 1548.580200 128 ) 
4 24 28 (-448 1536 128 ) (-365.893890 1536 128 ) (-365.893890 1536 256 ) (-448 1536 256 ) 
4 24 27 (-448 1792 128 ) (-448 1536 128 ) (-448 1536 192 ) (-448 1792 192 ) 
4 24 26 (-305.723328 1710.739868 128 ) (-277.742218 1792 128 ) (-277.742188 1792 256 ) (-305.723328 1710.739746 256 ) 
4 24 25 (-365.893188 1536 256 ) (-365.893188 1536 128 ) (-347.395355 1589.719727 128 ) (-347.395355 1589.719727 256 ) 
4 25 33 (-226.370026 1548.039917 128 ) (-230.515610 1536 128 ) (-279.557159 1536 128 ) (-272.825470 1564.038696 128 ) 
4 25 28 (-365.893890 1536 128 ) (-230.515610 1536 128 ) (-230.515610 1536 256 ) (-365.893890 1536 256 ) 
3 26 36 (-151 1766.933960 128 ) (-161.927338 1735.199341 128 ) (-173.181961 1752.529907 128 ) 
6 26 35 (-277.742981 1792 128 ) (-142.369751 1792 128 ) (-151 1766.933960 128 ) (-261.163055 1695.397461 128 ) (-296.630249 1707.609009 128 ) (-303.277527 1717.844849 128 ) 
3 26 31 (-296.630249 1707.609009 128 ) (-305.723999 1710.739990 128 ) (-303.277527 1717.844849 128 ) 
5 27 32 (-960 1671.496704 128 ) (-960 1792 128 ) (-913.637695 1792 128 ) (-448 1680.213623 128 ) (-448 1548.580200 128 ) 
3 27 31 (-913.637695 1792 128 ) (-448 1792 128 ) (-448 1680.213623 128 ) 
4 27 30 (-960 1536 128 ) (-960 1671.496704 128 ) (-448 1548.580200 128 ) (-448 1536 128 ) 
4 27 29 (-960 1536 128 ) (-704 1536 128 ) (-704 1536 192 ) (-960 1536 192 ) 
4 27 28 (-704 1536 128 ) (-448 1536 128 ) (-448 1536 192 ) (-704 1536 192 ) 
4 28 86 (-668 1024 256 ) (-704 1024 256 ) (-704 1024 128 ) (-668 1024 128 ) 
4 28 77 (-96 1024 256 ) (-668 1024 256 ) (-668 1024 128 ) (-96 1024 128 ) 
4 28 67 (0 1024 128 ) (0 1024 256 ) (-96 1024 256 ) (-96 1024 128 ) 
3 28 34 (-185.185852 1536 128 ) (0 1536 128 ) (0 1250.839355 128 ) 
4 28 33 (-279.557159 1536 128 ) (-185.185852 1536 128 ) (-146.322647 1476.156006 128 ) (-285.880981 1509.660034 128 ) 
6 28 30 (0 1024 128 ) (-704 1024 128 ) (-704 1536 128 ) (-395.598267 1536 128 ) (-146.322647 1476.156006 128 ) (0 1250.839355 128 ) 
4 28 29 (-704 1536 192 ) (-704 1536 128 ) (-704 1024 128 ) (-704 1024 192 ) 
4 29 88 (-960 1024 192 ) (-960 1024 128 ) (-704 1024 128 ) (-704 1024 192 ) 
4 29 30 (-704 1024 128 ) (-960 1024 128 ) (-960 1536 128 ) (-704 1536 128 ) 
4 30 88 (-704 1024 128 ) (-960 1024 128 ) (-960 1024 0 ) (-704 1024 0 ) 
4 30 86 (-668 1024 128 ) (-704 1024 128 ) (-704 1024 0 ) (-668 1024 0 ) 
4 30 77 (-96 1024 128 ) (-668 1024 128 ) (-668 1024 0 ) (-96 1024 0 ) 
4 30 67 (0 1024 0 ) (0 1024 128 ) (-96 1024 128 ) (-96 1024 0 ) 
4 30 34 (0 1250.843750 0 ) (-146.320251 1476.155518 0 ) (-146.321564 1476.155762 128 ) (0 1250.840820 128 ) 
4 30 33 (-146.320313 1476.155273 128 ) (-146.320313 1476.155273 0 ) (-285.881073 1509.659790 0 ) (-285.881042 1509.659790 128 ) 
4 30 32 (-410.344055 1539.539795 0 ) (-960 1671.496460 0 ) (-960 1671.496460 128 ) (-410.343994 1539.539795 128 ) 
4 31 35 (-280.531067 1682.820435 0 ) (-351.433594 1792 0 ) (-351.433594 1792 128 ) (-280.531311 1682.820313 128 ) 
4 31 33 (-247.593750 1632.102539 0 ) (-247.593750 1632.102539 128 ) (-256 1634.120605 128 ) (-256 1634.120605 0 ) 
4 31 32 (-380.462830 1664 128 ) (-913.635193 1792 128 ) (-913.635193 1792 0 ) (-380.462830 1664 0 ) 
4 33 34 (-146.320251 1476.155518 0 ) (-210.816849 1575.470825 0 ) (-210.817368 1575.470459 128 ) (-146.321564 1476.155762 128 ) 
4 34 36 (-103.466972 1645.178467 128 ) (0 1712.367065 128 ) (0 1712.367065 0 ) (-103.466980 1645.178467 0 ) 
4 35 36 (-173.179626 1752.526367 0 ) (-112.390633 1792 0 ) (-112.390625 1792 128 ) (-173.179626 1752.526367 128 ) 
4 37 85 (-1024 1024 576 ) (-1024 1024 512 ) (-960 1024 512 ) (-960 1024 576 ) 
4 37 84 (-1024 1024 736 ) (-1024 1024 576 ) (-960 1024 576 ) (-960 1024 736 ) 
4 37 43 (-1024 1024 512 ) (-1024 1024 736 ) (-1024 2048 736 ) (-1024 2048 512 ) 
4 37 38 (-1024 1792 512 ) (-1024 2048 512 ) (-960 2048 512 ) (-960 1792 512 ) 
4 38 43 (-1024 1792 512 ) (-1024 2048 512 ) (-1024 2048 0 ) (-1024 1792 0 ) 
4 38 41 (-1024 1792 0 ) (-1024 2048 0 ) (-960 2048 0 ) (-960 1792 0 ) 
4 39 40 (-960 1792 -64 ) (-960 1792 -224 ) (0 1792 -224 ) (0 1792 -64 ) 
4 39 41 (-960 2048 -224 ) (-960 1792 -224 ) (-960 1792 0 ) (-960 2048 0 ) 
4 40 99 (-668 1024 -64 ) (-960 1024 -64 ) (-960 1024 -224 ) (-668 1024 -224 ) 
4 40 83 (-96 1024 -64 ) (-668 1024 -64 ) (-668 1024 -224 ) (-96 1024 -224 ) 
4 40 74 (0 1024 -224 ) (0 1024 -64 ) (-96 1024 -64 ) (-96 1024 -224 ) 
4 40 41 (-960 1792 -224 ) (-960 1024 -224 ) (-960 1024 -64 ) (-960 1792 -64 ) 
4 41 99 (-1024 1024 -64 ) (-1024 1024 -224 ) (-960 1024 -224 ) (-960 1024 -64 ) 
4 41 97 (-960 1024 0 ) (-1024 1024 0 ) (-1024 1024 -64 ) (-960 1024 -64 ) 
4 41 43 (-1024 1024 -224 ) (-1024 1024 0 ) (-1024 2048 0 ) (-1024 2048 -224 ) 
4 42 43 (-1024 2048 -224 ) (-1024 2048 736 ) (-1568 2048 736 ) (-1568 2048 -224 ) 
4 43 131 (-1216 1024 0 ) (-1568 1024 0 ) (-1568 1024 -224 ) (-1216 1024 -224 ) 
4 43 128 (-1024 1024 -224 ) (-1024 1024 0 ) (-1216 1024 0 ) (-1216 1024 -224 ) 
4 43 127 (-1216 1024 256 ) (-1568 1024 256 ) (-1568 1024 0 ) (-1216 1024 0 ) 
4 43 124 (-1024 1024 0 ) (-1024 1024 256 ) (-1216 1024 256 ) (-1216 1024 0 ) 
4 43 120 (-1024 1024 256 ) (-1024 1024 736 ) (-1216 1024 736 ) (-1216 1024 256 ) 
4 43 123 (-1216 1024 736 ) (-1568 1024 736 ) (-1568 1024 256 ) (-1216 1024 256 ) 
4 44 61 (1376 0 736 ) (1024 0 736 ) (1024 0 -224 ) (1376 0 -224 ) 
4 44 60 (1024 1024 -64 ) (1024 1024 -224 ) (1024 0 -224 ) (1024 0 -64 ) 
4 44 58 (1024 768 -64 ) (1024 0 -64 ) (1024 0 0 ) (1024 768 0 ) 
4 44 57 (1024 1024 0 ) (1024 1024 -64 ) (1024 768 -64 ) (1024 768 0 ) 
4 44 55 (1024 192 256 ) (1024 192 512 ) (1024 256 512 ) (1024 256 256 ) 
4 44 56 (1024 192 0 ) (1024 0 0 ) (1024 0 512 ) (1024 192 512 ) 
4 44 48 (1024 1024 512 ) (1024 1024 256 ) (1024 256 256 ) (1024 256 512 ) 
4 44 46 (1024 1024 576 ) (1024 1024 512 ) (1024 0 512 ) (1024 0 576 ) 
4 44 45 (1024 1024 736 ) (1024 1024 576 ) (1024 0 576 ) (1024 0 736 ) 
4 45 70 (0 256 576 ) (0 0 576 ) (0 0 736 ) (0 256 736 ) 
4 45 65 (0 1024 736 ) (0 1024 576 ) (0 832 576 ) (0 832 736 ) 
4 45 66 (0 832 576 ) (0 256 576 ) (0 256 736 ) (0 832 736 ) 
4 45 62 (1024 0 576 ) (1024 0 736 ) (0 0 736 ) (0 0 576 ) 
4 45 47 (384 832 576 ) (384 0 576 ) (0 0 576 ) (0 832 576 ) 
4 45 46 (384 1024 576 ) (1024 1024 576 ) (1024 0 576 ) (384 0 576 ) 
4 46 62 (1024 0 512 ) (1024 0 576 ) (384 0 576 ) (384 0 512 ) 
4 46 55 (384 192 512 ) (384 256 512 ) (1024 256 512 ) (1024 192 512 ) 
4 46 56 (1024 0 512 ) (384 0 512 ) (384 192 512 ) (1024 192 512 ) 
4 46 53 (384 256 512 ) (384 768 512 ) (448 768 512 ) (448 256 512 ) 
4 46 49 (448 1024 512 ) (960 1024 512 ) (960 256 512 ) (448 256 512 ) 
4 46 48 (960 1024 512 ) (1024 1024 512 ) (1024 256 512 ) (960 256 512 ) 
4 46 47 (384 832 512 ) (384 0 512 ) (384 0 576 ) (384 832 576 ) 
4 47 70 (0 256 512 ) (0 0 512 ) (0 0 576 ) (0 256 576 ) 
4 47 66 (0 832 512 ) (0 256 512 ) (0 256 576 ) (0 832 576 ) 
4 47 62 (384 0 576 ) (0 0 576 ) (0 0 512 ) (384 0 512 ) 
4 47 55 (0 192 512 ) (0 256 512 ) (384 256 512 ) (384 192 512 ) 
4 47 56 (384 0 512 ) (0 0 512 ) (0 192 512 ) (384 192 512 ) 
4 47 53 (0 256 512 ) (0 768 512 ) (384 768 512 ) (384 256 512 ) 
4 48 55 (1024 256 256 ) (1024 256 512 ) (960 256 512 ) (960 256 256 ) 
4 48 49 (960 256 320 ) (960 256 512 ) (960 1024 512 ) (960 1024 320 ) 
4 49 55 (960 256 320 ) (960 256 512 ) (448 256 512 ) (448 256 320 ) 
4 49 53 (448 256 320 ) (448 256 512 ) (448 768 512 ) (448 768 320 ) 
4 50 54 (448 768 0 ) (448 256 0 ) (448 256 256 ) (448 768 256 ) 
4 51 67 (0 1024 512 ) (0 1024 192 ) (0 832 192 ) (0 832 512 ) 
4 51 52 (384 832 192 ) (0 832 192 ) (0 1024 192 ) (384 1024 192 ) 
4 52 67 (0 1024 192 ) (0 1024 0 ) (0 832 0 ) (0 832 192 ) 
4 53 68 (0 256 320 ) (0 256 512 ) (0 768 512 ) (0 768 320 ) 
4 53 55 (448 256 320 ) (448 256 512 ) (0 256 512 ) (0 256 320 ) 
4 54 69 (0 768 0 ) (0 256 0 ) (0 256 256 ) (0 768 256 ) 
4 55 70 (0 192 256 ) (0 192 512 ) (0 256 512 ) (0 256 256 ) 
4 55 56 (1024 192 256 ) (1024 192 512 ) (0 192 512 ) (0 192 256 ) 
4 56 70 (0 0 256 ) (0 0 512 ) (0 192 512 ) (0 192 256 ) 
4 56 62 (1024 0 0 ) (1024 0 512 ) (0 0 512 ) (0 0 0 ) 
4 56 59 (960 0 0 ) (0 0 0 ) (0 192 0 ) (960 192 0 ) 
4 56 58 (1024 192 0 ) (1024 0 0 ) (960 0 0 ) (960 192 0 ) 
4 57 60 (960 1024 -64 ) (1024 1024 -64 ) (1024 768 -64 ) (960 768 -64 ) 
4 57 58 (960 768 -64 ) (1024 768 -64 ) (1024 768 0 ) (960 768 0 ) 
4 58 62 (1024 0 -64 ) (1024 0 0 ) (960 0 0 ) (960 0 -64 ) 
4 58 60 (1024 0 -64 ) (960 0 -64 ) (960 768 -64 ) (1024 768 -64 ) 
4 58 59 (960 256 -64 ) (960 0 -64 ) (960 0 0 ) (960 256 0 ) 
4 59 73 (0 256 -64 ) (0 0 -64 ) (0 0 0 ) (0 256 0 ) 
4 59 62 (960 0 0 ) (0 0 0 ) (0 0 -64 ) (960 0 -64 ) 
4 59 60 (960 0 -64 ) (0 0 -64 ) (0 256 -64 ) (960 256 -64 ) 
4 60 74 (0 1024 -64 ) (0 1024 -224 ) (0 0 -224 ) (0 0 -64 ) 
4 60 62 (1024 0 -224 ) (1024 0 -64 ) (0 0 -64 ) (0 0 -224 ) 
4 61 63 (1376 -1024 736 ) (1024 -1024 736 ) (1024 -1024 -224 ) (1376 -1024 -224 ) 
4 61 62 (1024 0 736 ) (1024 0 -224 ) (1024 -1024 -224 ) (1024 -1024 736 ) 
4 62 103 (0 -1024 -224 ) (0 -1024 0 ) (0 0 0 ) (0 0 -224 ) 
4 62 100 (0 -1024 256 ) (0 -1024 736 ) (0 0 736 ) (0 0 256 ) 
4 62 64 (1024 -1024 -224 ) (1024 -1024 736 ) (0 -1024 736 ) (0 -1024 -224 ) 
4 63 64 (1024 -1024 736 ) (1024 -1024 -224 ) (1024 -1760 -224 ) (1024 -1760 736 ) 
4 64 158 (0 -1280 -224 ) (0 -1760 -224 ) (0 -1760 0 ) (0 -1280 0 ) 
4 64 154 (0 -1272 0 ) (0 -1272 -64 ) (0 -1280 -64 ) (0 -1280 0 ) 
4 64 157 (0 -1272 -64 ) (0 -1272 -224 ) (0 -1280 -224 ) (0 -1280 -64 ) 
4 64 150 (0 -1760 736 ) (0 -1280 736 ) (0 -1280 0 ) (0 -1760 0 ) 
4 64 146 (0 -1272 320 ) (0 -1272 256 ) (0 -1280 256 ) (0 -1280 320 ) 
4 64 145 (0 -1280 736 ) (0 -1272 736 ) (0 -1272 320 ) (0 -1280 320 ) 
4 64 144 (0 -1024 -64 ) (0 -1024 -224 ) (0 -1272 -224 ) (0 -1272 -64 ) 
4 64 141 (0 -1024 -4 ) (0 -1024 -64 ) (0 -1272 -64 ) (0 -1272 -4 ) 
4 64 138 (0 -1024 0 ) (0 -1024 -4 ) (0 -1272 -4 ) (0 -1272 0 ) 
4 64 133 (0 -1272 736 ) (0 -1024 736 ) (0 -1024 256 ) (0 -1272 256 ) 
4 65 75 (-96 1024 736 ) (-96 1024 576 ) (-96 832 576 ) (-96 832 736 ) 
4 65 66 (0 832 576 ) (0 832 736 ) (-96 832 736 ) (-96 832 576 ) 
4 66 78 (-96 768 512 ) (-96 256 512 ) (-96 256 736 ) (-96 768 736 ) 
4 66 76 (-96 832 512 ) (-96 768 512 ) (-96 768 736 ) (-96 832 736 ) 
4 66 71 (-96 256 736 ) (-96 256 512 ) (-64 256 512 ) (-64 256 736 ) 
4 66 70 (-64 256 512 ) (0 256 512 ) (0 256 736 ) (-64 256 736 ) 
4 66 68 (0 256 512 ) (-96 256 512 ) (-96 768 512 ) (0 768 512 ) 
4 67 77 (-96 1024 512 ) (-96 1024 0 ) (-96 832 0 ) (-96 832 512 ) 
4 68 78 (-96 256 320 ) (-96 256 512 ) (-96 768 512 ) (-96 768 320 ) 
4 68 71 (-96 256 512 ) (-96 256 320 ) (-64 256 320 ) (-64 256 512 ) 
4 68 70 (-64 256 320 ) (0 256 320 ) (0 256 512 ) (-64 256 512 ) 
4 69 79 (-96 768 0 ) (-96 256 0 ) (-96 256 256 ) (-96 768 256 ) 
4 69 72 (-96 256 256 ) (-96 256 0 ) (-64 256 0 ) (-64 256 256 ) 
4 70 100 (0 0 256 ) (0 0 736 ) (-64 0 736 ) (-64 0 256 ) 
4 70 71 (-64 0 320 ) (-64 0 736 ) (-64 256 736 ) (-64 256 320 ) 
4 71 101 (-64 0 736 ) (-96 0 736 ) (-96 0 320 ) (-64 0 320 ) 
4 71 80 (-96 0 320 ) (-96 0 736 ) (-96 256 736 ) (-96 256 320 ) 
4 72 102 (-64 0 256 ) (-96 0 256 ) (-96 0 0 ) (-64 0 0 ) 
4 72 81 (-96 0 0 ) (-96 0 256 ) (-96 256 256 ) (-96 256 0 ) 
4 72 73 (-96 0 0 ) (-96 256 0 ) (-64 256 0 ) (-64 0 0 ) 
4 73 104 (-64 0 0 ) (-96 0 0 ) (-96 0 -64 ) (-64 0 -64 ) 
4 73 103 (0 0 -64 ) (0 0 0 ) (-64 0 0 ) (-64 0 -64 ) 
4 73 82 (-96 0 -64 ) (-96 0 -4 ) (-96 256 -4 ) (-96 256 -64 ) 
4 73 81 (-96 0 -4 ) (-96 0 0 ) (-96 256 0 ) (-96 256 -4 ) 
4 73 74 (0 0 -64 ) (-96 0 -64 ) (-96 256 -64 ) (0 256 -64 ) 
4 74 104 (-64 0 -64 ) (-96 0 -64 ) (-96 0 -224 ) (-64 0 -224 ) 
4 74 103 (0 0 -224 ) (0 0 -64 ) (-64 0 -64 ) (-64 0 -224 ) 
4 74 83 (-96 0 -224 ) (-96 0 -64 ) (-96 1024 -64 ) (-96 1024 -224 ) 
4 75 84 (-668 1024 736 ) (-668 1024 576 ) (-668 832 576 ) (-668 832 736 ) 
4 75 76 (-96 832 576 ) (-96 832 736 ) (-668 832 736 ) (-668 832 576 ) 
4 76 89 (-668 832 512 ) (-668 768 512 ) (-668 768 736 ) (-668 832 736 ) 
4 76 78 (-668 768 736 ) (-668 768 512 ) (-96 768 512 ) (-96 768 736 ) 
4 77 86 (-668 1024 512 ) (-668 1024 0 ) (-668 832 0 ) (-668 832 512 ) 
4 78 91 (-668 256 320 ) (-668 256 736 ) (-668 768 736 ) (-668 768 320 ) 
4 78 80 (-668 256 736 ) (-668 256 320 ) (-96 256 320 ) (-96 256 736 ) 
4 79 93 (-668 256 0 ) (-668 256 256 ) (-668 768 256 ) (-668 768 0 ) 
4 79 81 (-668 256 256 ) (-668 256 0 ) (-96 256 0 ) (-96 256 256 ) 
4 80 106 (-96 0 320 ) (-96 0 736 ) (-668 0 736 ) (-668 0 320 ) 
4 80 91 (-668 0 320 ) (-668 0 736 ) (-668 256 736 ) (-668 256 320 ) 
4 81 108 (-96 0 -4 ) (-96 0 0 ) (-668 0 0 ) (-668 0 -4 ) 
4 81 107 (-96 0 0 ) (-96 0 256 ) (-668 0 256 ) (-668 0 0 ) 
4 81 98 (-668 256 -4 ) (-668 0 -4 ) (-668 0 0 ) (-668 256 0 ) 
4 81 93 (-668 0 0 ) (-668 0 256 ) (-668 256 256 ) (-668 256 0 ) 
4 81 82 (-668 0 -4 ) (-668 256 -4 ) (-96 256 -4 ) (-96 0 -4 ) 
4 82 110 (-96 0 -64 ) (-96 0 -4 ) (-668 0 -4 ) (-668 0 -64 ) 
4 82 98 (-668 256 -64 ) (-668 0 -64 ) (-668 0 -4 ) (-668 256 -4 ) 
4 82 83 (-668 0 -64 ) (-668 256 -64 ) (-96 256 -64 ) (-96 0 -64 ) 
4 83 112 (-96 0 -224 ) (-96 0 -64 ) (-668 0 -64 ) (-668 0 -224 ) 
4 83 99 (-668 1024 -64 ) (-668 1024 -224 ) (-668 0 -224 ) (-668 0 -64 ) 
4 84 120 (-1024 1024 736 ) (-1024 1024 576 ) (-1024 832 576 ) (-1024 832 736 ) 
4 84 89 (-960 832 576 ) (-668 832 576 ) (-668 832 736 ) (-960 832 736 ) 
4 84 90 (-1024 832 736 ) (-1024 832 576 ) (-960 832 576 ) (-960 832 736 ) 
4 84 85 (-960 832 576 ) (-1024 832 576 ) (-1024 1024 576 ) (-960 1024 576 ) 
4 85 120 (-1024 1024 576 ) (-1024 1024 512 ) (-1024 832 512 ) (-1024 832 576 ) 
4 85 90 (-1024 832 576 ) (-1024 832 512 ) (-960 832 512 ) (-960 832 576 ) 
4 86 87 (-704 832 256 ) (-704 832 512 ) (-704 1024 512 ) (-704 1024 256 ) 
4 86 88 (-704 1024 0 ) (-704 832 0 ) (-704 832 192 ) (-704 1024 192 ) 
4 89 91 (-668 768 512 ) (-668 768 736 ) (-960 768 736 ) (-960 768 512 ) 
4 89 90 (-960 768 512 ) (-960 768 736 ) (-960 832 736 ) (-960 832 512 ) 
4 90 120 (-1024 832 736 ) (-1024 832 256 ) (-1024 768 256 ) (-1024 768 736 ) 
4 90 91 (-1024 768 736 ) (-1024 768 320 ) (-960 768 320 ) (-960 768 736 ) 
4 91 121 (-1024 256 736 ) (-1024 768 736 ) (-1024 768 320 ) (-1024 256 320 ) 
4 91 122 (-1024 0 320 ) (-1024 0 736 ) (-1024 256 736 ) (-1024 256 320 ) 
4 91 113 (-668 0 320 ) (-668 0 736 ) (-704 0 736 ) (-704 0 320 ) 
4 91 114 (-704 0 736 ) (-1024 0 736 ) (-1024 0 320 ) (-704 0 320 ) 
4 91 92 (-704 0 320 ) (-1024 0 320 ) (-1024 256 320 ) (-704 256 320 ) 
4 92 122 (-1024 0 256 ) (-1024 0 320 ) (-1024 256 320 ) (-1024 256 256 ) 
4 92 114 (-704 0 320 ) (-1024 0 320 ) (-1024 0 256 ) (-704 0 256 ) 
4 92 96 (-768 0 256 ) (-1024 0 256 ) (-1024 192 256 ) (-768 192 256 ) 
4 93 115 (-668 0 0 ) (-668 0 256 ) (-704 0 256 ) (-704 0 0 ) 
4 93 98 (-668 256 0 ) (-668 0 0 ) (-704 0 0 ) (-704 256 0 ) 
4 93 94 (-704 768 256 ) (-704 768 0 ) (-704 256 0 ) (-704 256 256 ) 
4 94 95 (-768 768 256 ) (-768 768 0 ) (-768 256 0 ) (-768 256 256 ) 
4 95 125 (-1024 768 0 ) (-1024 256 0 ) (-1024 256 256 ) (-1024 768 256 ) 
4 96 126 (-1024 192 0 ) (-1024 0 0 ) (-1024 0 256 ) (-1024 192 256 ) 
4 96 116 (-768 0 256 ) (-1024 0 256 ) (-1024 0 0 ) (-768 0 0 ) 
4 96 98 (-768 0 0 ) (-1024 0 0 ) (-1024 192 0 ) (-768 192 0 ) 
4 97 128 (-1024 1024 0 ) (-1024 1024 -64 ) (-1024 768 -64 ) (-1024 768 0 ) 
4 97 99 (-1024 768 -64 ) (-1024 1024 -64 ) (-960 1024 -64 ) (-960 768 -64 ) 
4 98 130 (-1024 256 -64 ) (-1024 0 -64 ) (-1024 0 0 ) (-1024 256 0 ) 
4 98 117 (-668 0 -64 ) (-668 0 0 ) (-704 0 0 ) (-704 0 -64 ) 
4 98 119 (-704 0 0 ) (-1024 0 0 ) (-1024 0 -64 ) (-704 0 -64 ) 
4 98 99 (-1024 0 -64 ) (-1024 256 -64 ) (-668 256 -64 ) (-668 0 -64 ) 
4 99 129 (-1024 768 -224 ) (-1024 256 -224 ) (-1024 256 -64 ) (-1024 768 -64 ) 
4 99 128 (-1024 1024 -64 ) (-1024 1024 -224 ) (-1024 768 -224 ) (-1024 768 -64 ) 
4 99 130 (-1024 256 -224 ) (-1024 0 -224 ) (-1024 0 -64 ) (-1024 256 -64 ) 
4 99 117 (-668 0 -224 ) (-668 0 -64 ) (-704 0 -64 ) (-704 0 -224 ) 
4 99 119 (-704 0 -64 ) (-1024 0 -64 ) (-1024 0 -224 ) (-704 0 -224 ) 
4 100 133 (0 -1024 256 ) (0 -1024 736 ) (-64 -1024 736 ) (-64 -1024 256 ) 
4 100 101 (-64 -1024 320 ) (-64 -1024 736 ) (-64 0 736 ) (-64 0 320 ) 
4 101 134 (-64 -1024 736 ) (-96 -1024 736 ) (-96 -1024 320 ) (-64 -1024 320 ) 
4 101 106 (-96 -1024 320 ) (-96 -1024 736 ) (-96 0 736 ) (-96 0 320 ) 
4 102 136 (-64 -1024 256 ) (-96 -1024 256 ) (-96 -1024 0 ) (-64 -1024 0 ) 
4 102 107 (-96 -1024 0 ) (-96 -1024 256 ) (-96 0 256 ) (-96 0 0 ) 
4 102 104 (-96 -832 0 ) (-96 0 0 ) (-64 0 0 ) (-64 -832 0 ) 
4 103 144 (0 -1024 -224 ) (0 -1024 -64 ) (-64 -1024 -64 ) (-64 -1024 -224 ) 
4 103 141 (0 -1024 -64 ) (0 -1024 -4 ) (-64 -1024 -4 ) (-64 -1024 -64 ) 
4 103 138 (0 -1024 -4 ) (0 -1024 0 ) (-64 -1024 0 ) (-64 -1024 -4 ) 
4 103 105 (-64 -832 -224 ) (-64 -1024 -224 ) (-64 -1024 -64 ) (-64 -832 -64 ) 
4 103 104 (-64 0 -224 ) (-64 -832 -224 ) (-64 -832 0 ) (-64 0 0 ) 
4 104 112 (-96 0 -64 ) (-96 0 -224 ) (-96 -832 -224 ) (-96 -832 -64 ) 
4 104 110 (-96 0 -4 ) (-96 0 -64 ) (-96 -832 -64 ) (-96 -832 -4 ) 
4 104 108 (-96 -832 0 ) (-96 0 0 ) (-96 0 -4 ) (-96 -832 -4 ) 
4 104 105 (-96 -832 -224 ) (-64 -832 -224 ) (-64 -832 -64 ) (-96 -832 -64 ) 
4 105 144 (-96 -1024 -64 ) (-96 -1024 -224 ) (-64 -1024 -224 ) (-64 -1024 -64 ) 
4 105 112 (-96 -1024 -224 ) (-96 -1024 -64 ) (-96 -832 -64 ) (-96 -832 -224 ) 
4 106 134 (-96 -1024 320 ) (-96 -1024 736 ) (-668 -1024 736 ) (-668 -1024 320 ) 
4 106 113 (-668 0 736 ) (-668 0 320 ) (-668 -1024 320 ) (-668 -1024 736 ) 
4 107 136 (-96 -1024 0 ) (-96 -1024 256 ) (-668 -1024 256 ) (-668 -1024 0 ) 
4 107 115 (-668 0 256 ) (-668 0 0 ) (-668 -1024 0 ) (-668 -1024 256 ) 
4 107 109 (-512 -832 0 ) (-256 -832 0 ) (-256 -1024 0 ) (-512 -1024 0 ) 
4 107 108 (-668 -832 0 ) (-668 0 0 ) (-96 0 0 ) (-96 -832 0 ) 
4 108 117 (-668 0 0 ) (-668 0 -4 ) (-668 -832 -4 ) (-668 -832 0 ) 
4 108 110 (-668 -832 -4 ) (-668 0 -4 ) (-96 0 -4 ) (-96 -832 -4 ) 
4 108 109 (-512 -832 -4 ) (-256 -832 -4 ) (-256 -832 0 ) (-512 -832 0 ) 
4 109 139 (-256 -1024 0 ) (-512 -1024 0 ) (-512 -1024 -4 ) (-256 -1024 -4 ) 
4 109 111 (-512 -832 -4 ) (-256 -832 -4 ) (-256 -1024 -4 ) (-512 -1024 -4 ) 
4 110 117 (-668 0 -4 ) (-668 0 -64 ) (-668 -832 -64 ) (-668 -832 -4 ) 
4 110 112 (-668 -832 -64 ) (-668 0 -64 ) (-96 0 -64 ) (-96 -832 -64 ) 
4 110 111 (-512 -832 -64 ) (-256 -832 -64 ) (-256 -832 -4 ) (-512 -832 -4 ) 
4 111 142 (-256 -1024 -4 ) (-512 -1024 -4 ) (-512 -1024 -64 ) (-256 -1024 -64 ) 
4 111 112 (-512 -832 -64 ) (-256 -832 -64 ) (-256 -1024 -64 ) (-512 -1024 -64 ) 
4 112 144 (-96 -1024 -224 ) (-96 -1024 -64 ) (-668 -1024 -64 ) (-668 -1024 -224 ) 
4 112 118 (-668 -832 -224 ) (-668 -1024 -224 ) (-668 -1024 -64 ) (-668 -832 -64 ) 
4 112 117 (-668 0 -64 ) (-668 0 -224 ) (-668 -832 -224 ) (-668 -832 -64 ) 
4 113 134 (-668 -1024 320 ) (-668 -1024 736 ) (-704 -1024 736 ) (-704 -1024 320 ) 
4 113 114 (-704 -1024 320 ) (-704 -1024 736 ) (-704 0 736 ) (-704 0 320 ) 
4 114 135 (-704 -1024 736 ) (-1024 -1024 736 ) (-1024 -1024 256 ) (-704 -1024 256 ) 
4 114 132 (-1024 -1024 256 ) (-1024 -1024 736 ) (-1024 0 736 ) (-1024 0 256 ) 
4 114 116 (-1024 -1024 256 ) (-1024 0 256 ) (-768 0 256 ) (-768 -1024 256 ) 
4 115 136 (-668 -1024 0 ) (-668 -1024 256 ) (-704 -1024 256 ) (-704 -1024 0 ) 
4 115 117 (-668 0 0 ) (-668 -832 0 ) (-704 -832 0 ) (-704 0 0 ) 
4 116 137 (-768 -1024 256 ) (-1024 -1024 256 ) (-1024 -1024 0 ) (-768 -1024 0 ) 
4 116 132 (-1024 -1024 0 ) (-1024 -1024 256 ) (-1024 0 256 ) (-1024 0 0 ) 
4 116 119 (-768 -1024 0 ) (-1024 -1024 0 ) (-1024 0 0 ) (-768 0 0 ) 
4 117 118 (-704 -832 -64 ) (-704 -832 -224 ) (-668 -832 -224 ) (-668 -832 -64 ) 
4 117 119 (-704 0 -224 ) (-704 -832 -224 ) (-704 -832 0 ) (-704 0 0 ) 
4 118 144 (-668 -1024 -224 ) (-668 -1024 -64 ) (-704 -1024 -64 ) (-704 -1024 -224 ) 
4 118 119 (-704 -832 -224 ) (-704 -1024 -224 ) (-704 -1024 -64 ) (-704 -832 -64 ) 
4 119 144 (-1024 -1024 -64 ) (-1024 -1024 -224 ) (-704 -1024 -224 ) (-704 -1024 -64 ) 
4 119 143 (-1024 -1024 -4 ) (-1024 -1024 -64 ) (-704 -1024 -64 ) (-704 -1024 -4 ) 
4 119 140 (-704 -1024 0 ) (-1024 -1024 0 ) (-1024 -1024 -4 ) (-704 -1024 -4 ) 
4 119 132 (-1024 -1024 -224 ) (-1024 -1024 0 ) (-1024 0 0 ) (-1024 0 -224 ) 
4 120 124 (-1216 1024 256 ) (-1024 1024 256 ) (-1024 832 256 ) (-1216 832 256 ) 
4 120 121 (-1216 768 736 ) (-1216 768 320 ) (-1024 768 320 ) (-1024 768 736 ) 
4 120 123 (-1216 1024 256 ) (-1216 768 256 ) (-1216 768 736 ) (-1216 1024 736 ) 
4 121 123 (-1216 256 320 ) (-1216 256 736 ) (-1216 768 736 ) (-1216 768 320 ) 
4 121 122 (-1216 256 736 ) (-1216 256 320 ) (-1024 256 320 ) (-1024 256 736 ) 
4 122 132 (-1024 0 256 ) (-1024 0 736 ) (-1216 0 736 ) (-1216 0 256 ) 
4 122 126 (-1024 192 256 ) (-1024 0 256 ) (-1216 0 256 ) (-1216 192 256 ) 
4 122 123 (-1216 256 256 ) (-1216 0 256 ) (-1216 0 736 ) (-1216 256 736 ) 
4 123 132 (-1216 0 736 ) (-1568 0 736 ) (-1568 0 256 ) (-1216 0 256 ) 
4 123 127 (-1568 1024 256 ) (-1216 1024 256 ) (-1216 0 256 ) (-1568 0 256 ) 
4 124 128 (-1216 832 0 ) (-1216 1024 0 ) (-1024 1024 0 ) (-1024 832 0 ) 
4 124 127 (-1216 1024 0 ) (-1216 832 0 ) (-1216 832 256 ) (-1216 1024 256 ) 
4 125 127 (-1216 768 0 ) (-1216 256 0 ) (-1216 256 256 ) (-1216 768 256 ) 
4 126 132 (-1024 0 0 ) (-1024 0 256 ) (-1216 0 256 ) (-1216 0 0 ) 
4 126 130 (-1024 0 0 ) (-1216 0 0 ) (-1216 192 0 ) (-1024 192 0 ) 
4 126 127 (-1216 192 0 ) (-1216 0 0 ) (-1216 0 256 ) (-1216 192 256 ) 
4 127 132 (-1216 0 256 ) (-1568 0 256 ) (-1568 0 0 ) (-1216 0 0 ) 
4 127 131 (-1216 0 0 ) (-1568 0 0 ) (-1568 1024 0 ) (-1216 1024 0 ) 
4 128 131 (-1216 1024 -224 ) (-1216 768 -224 ) (-1216 768 0 ) (-1216 1024 0 ) 
4 128 129 (-1216 768 -64 ) (-1216 768 -224 ) (-1024 768 -224 ) (-1024 768 -64 ) 
4 129 131 (-1216 768 -224 ) (-1216 256 -224 ) (-1216 256 -64 ) (-1216 768 -64 ) 
4 129 130 (-1216 256 -64 ) (-1216 256 -224 ) (-1024 256 -224 ) (-1024 256 -64 ) 
4 130 132 (-1024 0 -224 ) (-1024 0 0 ) (-1216 0 0 ) (-1216 0 -224 ) 
4 130 131 (-1216 256 -224 ) (-1216 0 -224 ) (-1216 0 0 ) (-1216 256 0 ) 
4 131 132 (-1216 0 0 ) (-1568 0 0 ) (-1568 0 -224 ) (-1216 0 -224 ) 
4 132 159 (-1024 -1024 -224 ) (-1024 -1024 736 ) (-1568 -1024 736 ) (-1568 -1024 -224 ) 
4 133 146 (-64 -1272 256 ) (0 -1272 256 ) (0 -1272 320 ) (-64 -1272 320 ) 
4 133 145 (0 -1272 320 ) (0 -1272 736 ) (-64 -1272 736 ) (-64 -1272 320 ) 
4 133 134 (-64 -1272 320 ) (-64 -1272 736 ) (-64 -1024 736 ) (-64 -1024 320 ) 
4 134 145 (-64 -1272 320 ) (-64 -1272 736 ) (-704 -1272 736 ) (-704 -1272 320 ) 
4 134 135 (-704 -1272 320 ) (-704 -1272 736 ) (-704 -1024 736 ) (-704 -1024 320 ) 
4 135 159 (-1024 -1024 736 ) (-1024 -1024 256 ) (-1024 -1272 256 ) (-1024 -1272 736 ) 
4 135 147 (-1024 -1272 320 ) (-1024 -1272 256 ) (-704 -1272 256 ) (-704 -1272 320 ) 
4 135 145 (-1024 -1272 736 ) (-1024 -1272 320 ) (-704 -1272 320 ) (-704 -1272 736 ) 
4 135 137 (-768 -1272 256 ) (-1024 -1272 256 ) (-1024 -1024 256 ) (-768 -1024 256 ) 
4 136 148 (-704 -1272 0 ) (-64 -1272 0 ) (-64 -1272 256 ) (-704 -1272 256 ) 
4 136 139 (-256 -1272 0 ) (-512 -1272 0 ) (-512 -1024 0 ) (-256 -1024 0 ) 
4 137 159 (-1024 -1024 256 ) (-1024 -1024 0 ) (-1024 -1272 0 ) (-1024 -1272 256 ) 
4 137 149 (-1024 -1272 256 ) (-1024 -1272 0 ) (-768 -1272 0 ) (-768 -1272 256 ) 
4 137 140 (-768 -1272 0 ) (-1024 -1272 0 ) (-1024 -1024 0 ) (-768 -1024 0 ) 
4 138 154 (-64 -1272 -4 ) (0 -1272 -4 ) (0 -1272 0 ) (-64 -1272 0 ) 
4 138 141 (0 -1272 -4 ) (-64 -1272 -4 ) (-64 -1024 -4 ) (0 -1024 -4 ) 
4 139 155 (-512 -1272 -4 ) (-256 -1272 -4 ) (-256 -1272 0 ) (-512 -1272 0 ) 
4 139 142 (-256 -1272 -4 ) (-512 -1272 -4 ) (-512 -1024 -4 ) (-256 -1024 -4 ) 
4 140 159 (-1024 -1024 0 ) (-1024 -1024 -4 ) (-1024 -1272 -4 ) (-1024 -1272 0 ) 
4 140 156 (-1024 -1272 0 ) (-1024 -1272 -4 ) (-704 -1272 -4 ) (-704 -1272 0 ) 
4 140 143 (-704 -1272 -4 ) (-1024 -1272 -4 ) (-1024 -1024 -4 ) (-704 -1024 -4 ) 
4 141 154 (-64 -1272 -64 ) (0 -1272 -64 ) (0 -1272 -4 ) (-64 -1272 -4 ) 
4 141 144 (0 -1272 -64 ) (-64 -1272 -64 ) (-64 -1024 -64 ) (0 -1024 -64 ) 
4 142 155 (-512 -1272 -64 ) (-256 -1272 -64 ) (-256 -1272 -4 ) (-512 -1272 -4 ) 
4 142 144 (-256 -1272 -64 ) (-512 -1272 -64 ) (-512 -1024 -64 ) (-256 -1024 -64 ) 
4 143 159 (-1024 -1024 -4 ) (-1024 -1024 -64 ) (-1024 -1272 -64 ) (-1024 -1272 -4 ) 
4 143 156 (-1024 -1272 -4 ) (-1024 -1272 -64 ) (-704 -1272 -64 ) (-704 -1272 -4 ) 
4 143 144 (-704 -1272 -64 ) (-1024 -1272 -64 ) (-1024 -1024 -64 ) (-704 -1024 -64 ) 
4 144 159 (-1024 -1024 -64 ) (-1024 -1024 -224 ) (-1024 -1272 -224 ) (-1024 -1272 -64 ) 
4 144 157 (-1024 -1272 -64 ) (-1024 -1272 -224 ) (0 -1272 -224 ) (0 -1272 -64 ) 
4 145 159 (-1024 -1272 736 ) (-1024 -1272 320 ) (-1024 -1280 320 ) (-1024 -1280 736 ) 
4 145 151 (-704 -1280 320 ) (-64 -1280 320 ) (-64 -1280 736 ) (-704 -1280 736 ) 
4 145 150 (-64 -1280 320 ) (0 -1280 320 ) (0 -1280 736 ) (-64 -1280 736 ) 
4 145 153 (-1024 -1280 736 ) (-1024 -1280 320 ) (-704 -1280 320 ) (-704 -1280 736 ) 
4 145 146 (0 -1280 320 ) (-64 -1280 320 ) (-64 -1272 320 ) (0 -1272 320 ) 
4 145 147 (-704 -1280 320 ) (-1024 -1280 320 ) (-1024 -1272 320 ) (-704 -1272 320 ) 
4 146 150 (-64 -1280 256 ) (0 -1280 256 ) (0 -1280 320 ) (-64 -1280 320 ) 
4 147 159 (-1024 -1272 320 ) (-1024 -1272 256 ) (-1024 -1280 256 ) (-1024 -1280 320 ) 
4 147 153 (-1024 -1280 320 ) (-1024 -1280 256 ) (-704 -1280 256 ) (-704 -1280 320 ) 
4 147 149 (-768 -1280 256 ) (-1024 -1280 256 ) (-1024 -1272 256 ) (-768 -1272 256 ) 
4 148 155 (-512 -1272 0 ) (-256 -1272 0 ) (-256 -1280 0 ) (-512 -1280 0 ) 
4 149 159 (-1024 -1272 256 ) (-1024 -1272 0 ) (-1024 -1280 0 ) (-1024 -1280 256 ) 
4 149 156 (-1024 -1280 0 ) (-1024 -1272 0 ) (-768 -1272 0 ) (-768 -1280 0 ) 
4 149 153 (-1024 -1280 256 ) (-1024 -1280 0 ) (-768 -1280 0 ) (-768 -1280 256 ) 
4 150 158 (-64 -1280 0 ) (0 -1280 0 ) (0 -1760 0 ) (-64 -1760 0 ) 
4 150 151 (-64 -1344 736 ) (-64 -1280 736 ) (-64 -1280 256 ) (-64 -1344 256 ) 
4 150 152 (-64 -1760 0 ) (-64 -1760 736 ) (-64 -1344 736 ) (-64 -1344 0 ) 
4 151 152 (-704 -1344 736 ) (-704 -1344 256 ) (-64 -1344 256 ) (-64 -1344 736 ) 
4 151 153 (-704 -1344 736 ) (-704 -1280 736 ) (-704 -1280 256 ) (-704 -1344 256 ) 
4 152 158 (-64 -1344 0 ) (-64 -1760 0 ) (-704 -1760 0 ) (-704 -1344 0 ) 
4 152 153 (-704 -1760 0 ) (-704 -1760 736 ) (-704 -1344 736 ) (-704 -1344 0 ) 
4 153 159 (-1024 -1760 736 ) (-1024 -1280 736 ) (-1024 -1280 0 ) (-1024 -1760 0 ) 
4 153 158 (-1024 -1760 0 ) (-1024 -1280 0 ) (-704 -1280 0 ) (-704 -1760 0 ) 
4 154 158 (0 -1280 -64 ) (0 -1280 0 ) (-64 -1280 0 ) (-64 -1280 -64 ) 
4 154 157 (0 -1280 -64 ) (-64 -1280 -64 ) (-64 -1272 -64 ) (0 -1272 -64 ) 
4 155 158 (-256 -1280 0 ) (-512 -1280 0 ) (-512 -1280 -64 ) (-256 -1280 -64 ) 
4 155 157 (-256 -1280 -64 ) (-512 -1280 -64 ) (-512 -1272 -64 ) (-256 -1272 -64 ) 
4 156 159 (-1024 -1280 0 ) (-1024 -1272 0 ) (-1024 -1272 -64 ) (-1024 -1280 -64 ) 
4 156 158 (-704 -1280 0 ) (-1024 -1280 0 ) (-1024 -1280 -64 ) (-704 -1280 -64 ) 
4 156 157 (-704 -1280 -64 ) (-1024 -1280 -64 ) (-1024 -1272 -64 ) (-704 -1272 -64 ) 
4 157 159 (-1024 -1272 -64 ) (-1024 -1272 -224 ) (-1024 -1280 -224 ) (-1024 -1280 -64 ) 
4 157 158 (-1024 -1280 -224 ) (0 -1280 -224 ) (0 -1280 -64 ) (-1024 -1280 -64 ) 
4 158 159 (-1024 -1760 0 ) (-1024 -1280 0 ) (-1024 -1280 -224 ) (-1024 -1760 -224 ) 
