PRT1
30
49
4 0 2 (2048 2048 0 ) (2048 2048 1088 ) (2048 2780.440186 1088 ) (2048 2780.440186 0 ) 
4 0 1 (2382.220215 2048 1088 ) (2048 2048 1088 ) (2048 2048 0 ) (2382.220215 2048 0 ) 
4 1 10 (2382.220215 1024 1088 ) (2048 1024 1088 ) (2048 1024 0 ) (2382.220215 1024 0 ) 
4 1 4 (2048 1024 0 ) (2048 1024 1088 ) (2048 2048 1088 ) (2048 2048 0 ) 
4 2 4 (2048 2048 0 ) (2048 2048 1088 ) (1024 2048 1088 ) (1024 2048 0 ) 
4 2 3 (1024 2048 0 ) (1024 2048 1088 ) (1024 2780.440186 1088 ) (1024 2780.440186 0 ) 
4 3 6 (0 2048 0 ) (0 2048 1088 ) (0 2780.440186 1088 ) (0 2780.440186 0 ) 
4 3 5 (1024 2048 0 ) (1024 2048 1088 ) (0 2048 1088 ) (0 2048 0 ) 
4 4 12 (2048 1024 0 ) (2048 1024 1088 ) (1024 1024 1088 ) (1024 1024 0 ) 
4 4 5 (1024 2048 1088 ) (1024 2048 0 ) (1024 1024 0 ) (1024 1024 1088 ) 
4 5 13 (1024 1024 0 ) (1024 1024 1088 ) (0 1024 1088 ) (0 1024 0 ) 
4 5 8 (0 1024 0 ) (0 1024 1088 ) (0 2048 1088 ) (0 2048 0 ) 
4 6 8 (0 2048 0 ) (0 2048 1088 ) (-1024 2048 1088 ) (-1024 2048 0 ) 
4 6 7 (-1024 2048 0 ) (-1024 2048 1088 ) (-1024 2780.440186 1088 ) (-1024 2780.440186 0 ) 
4 7 9 (-1024 2048 0 ) (-1024 2048 1088 ) (-1998.220093 2048 1088 ) (-1998.220093 2048 0 ) 
4 8 22 (0 1024 0 ) (0 1024 1088 ) (-1024 1024 1088 ) (-1024 1024 0 ) 
4 8 9 (-1024 2048 1088 ) (-1024 2048 0 ) (-1024 1024 0 ) (-1024 1024 1088 ) 
4 9 23 (-1024 1024 0 ) (-1024 1024 1088 ) (-1998.220093 1024 1088 ) (-1998.220093 1024 0 ) 
4 10 12 (2048 1024 1088 ) (2048 1024 0 ) (2048 0 0 ) (2048 0 1088 ) 
4 10 11 (2382.220215 0 1088 ) (2048 0 1088 ) (2048 0 0 ) (2382.220215 0 0 ) 
4 11 16 (2382.220215 -1024 1088 ) (2048 -1024 1088 ) (2048 -1024 0 ) (2382.220215 -1024 0 ) 
4 11 14 (2048 -1024 0 ) (2048 -1024 1088 ) (2048 0 1088 ) (2048 0 0 ) 
4 12 14 (2048 0 0 ) (2048 0 1088 ) (1024 0 1088 ) (1024 0 0 ) 
4 12 13 (1024 1024 1088 ) (1024 1024 0 ) (1024 0 0 ) (1024 0 1088 ) 
4 13 22 (0 1024 1088 ) (0 1024 0 ) (0 0 0 ) (0 0 1088 ) 
4 13 15 (1024 0 0 ) (1024 0 1088 ) (0 0 1088 ) (0 0 0 ) 
4 14 18 (2048 -1024 0 ) (2048 -1024 1088 ) (1024 -1024 1088 ) (1024 -1024 0 ) 
4 14 15 (1024 0 1088 ) (1024 0 0 ) (1024 -1024 0 ) (1024 -1024 1088 ) 
4 15 24 (0 -1024 0 ) (0 -1024 1088 ) (0 0 1088 ) (0 0 0 ) 
4 15 19 (1024 -1024 0 ) (1024 -1024 1088 ) (0 -1024 1088 ) (0 -1024 0 ) 
4 16 18 (2048 -1024 1088 ) (2048 -1024 0 ) (2048 -2048 0 ) (2048 -2048 1088 ) 
4 16 17 (2382.220215 -2048 1088 ) (2048 -2048 1088 ) (2048 -2048 0 ) (2382.220215 -2048 0 ) 
4 17 20 (2048 -2396.439941 1088 ) (2048 -2048 1088 ) (2048 -2048 0 ) (2048 -2396.439941 0 ) 
4 18 20 (2048 -2048 0 ) (2048 -2048 1088 ) (1024 -2048 1088 ) (1024 -2048 0 ) 
4 18 19 (1024 -1024 1088 ) (1024 -1024 0 ) (1024 -2048 0 ) (1024 -2048 1088 ) 
4 19 26 (0 -2048 0 ) (0 -2048 1088 ) (0 -1024 1088 ) (0 -1024 0 ) 
4 19 21 (1024 -2048 0 ) (1024 -2048 1088 ) (0 -2048 1088 ) (0 -2048 0 ) 
4 20 21 (1024 -2396.439941 1088 ) (1024 -2048 1088 ) (1024 -2048 0 ) (1024 -2396.439941 0 ) 
4 21 28 (0 -2396.439941 1088 ) (0 -2048 1088 ) (0 -2048 0 ) (0 -2396.439941 0 ) 
4 22 24 (0 0 0 ) (0 0 1088 ) (-1024 0 1088 ) (-1024 0 0 ) 
4 22 23 (-1024 1024 1088 ) (-1024 1024 0 ) (-1024 0 0 ) (-1024 0 1088 ) 
4 23 25 (-1024 0 0 ) (-1024 0 1088 ) (-1998.220093 0 1088 ) (-1998.220093 0 0 ) 
4 24 26 (0 -1024 0 ) (0 -1024 1088 ) (-1024 -1024 1088 ) (-1024 -1024 0 ) 
4 24 25 (-1024 0 1088 ) (-1024 0 0 ) (-1024 -1024 0 ) (-1024 -1024 1088 ) 
4 25 27 (-1024 -1024 0 ) (-1024 -1024 1088 ) (-1998.220093 -1024 1088 ) (-1998.220093 -1024 0 ) 
4 26 28 (0 -2048 0 ) (0 -2048 1088 ) (-1024 -2048 1088 ) (-1024 -2048 0 ) 
4 26 27 (-1024 -1024 1088 ) (-1024 -1024 0 ) (-1024 -2048 0 ) (-1024 -2048 1088 ) 
4 27 29 (-1024 -2048 0 ) (-1024 -2048 1088 ) (-1998.220093 -2048 1088 ) (-1998.220093 -2048 0 ) 
4 28 29 (-1024 -2396.439941 1088 ) (-1024 -2048 1088 ) (-1024 -2048 0 ) (-1024 -2396.439941 0 ) 
